2023-03-25 00:11:04 error: uncaughtException: тип Unable to compile TypeScript:
[96msrc/modules/controllers/banner.controller.ts[0m:[93m2[0m:[93m20[0m - [91merror[0m[90m TS2307: [0mCannot find module '../models/banner.model' or its corresponding type declarations.

[7m2[0m import Banner from "../models/banner.model";
[7m [0m [91m                   ~~~~~~~~~~~~~~~~~~~~~~~~[0m

TSError: тип Unable to compile TypeScript:
[96msrc/modules/controllers/banner.controller.ts[0m:[93m2[0m:[93m20[0m - [91merror[0m[90m TS2307: [0mCannot find module '../models/banner.model' or its corresponding type declarations.

[7m2[0m import Banner from "../models/banner.model";
[7m [0m [91m                   ~~~~~~~~~~~~~~~~~~~~~~~~[0m

    at createTSError (/Users/toannguyen/Documents/Source/tn-uptech-backend/node_modules/ts-node/src/index.ts:859:12)
    at reportTSError (/Users/toannguyen/Documents/Source/tn-uptech-backend/node_modules/ts-node/src/index.ts:863:19)
    at getOutput (/Users/toannguyen/Documents/Source/tn-uptech-backend/node_modules/ts-node/src/index.ts:1077:36)
    at Object.compile (/Users/toannguyen/Documents/Source/tn-uptech-backend/node_modules/ts-node/src/index.ts:1433:41)
    at Module.m._compile (/Users/toannguyen/Documents/Source/tn-uptech-backend/node_modules/ts-node/src/index.ts:1617:30)
    at Module._extensions..js (node:internal/modules/cjs/loader:1245:10)
    at Object.require.extensions.<computed> [as .ts] (/Users/toannguyen/Documents/Source/tn-uptech-backend/node_modules/ts-node/src/index.ts:1621:12)
    at Module.load (node:internal/modules/cjs/loader:1069:32)
    at Function.Module._load (node:internal/modules/cjs/loader:904:12)
    at Module.require (node:internal/modules/cjs/loader:1093:19)
2023-03-25 01:09:11 error: [DELETE] /folders/delete/6 >> StatusCode:: 500, Message:: Invalid value { id: '6' }
2023-03-25 01:09:22 error: [DELETE] /folders/delete/6 >> StatusCode:: 500, Message:: Invalid value { id: '6' }
2023-03-25 01:10:29 error: [DELETE] /folders/delete/6 >> StatusCode:: 500, Message:: Invalid value { id: '6' }
2023-03-25 01:14:40 error: [GET] /folders >> StatusCode:: 500, Message:: Invalid value { parent_id: { '$eq': 0 } }
2023-03-25 12:29:02 error: [GET] /folders >> StatusCode:: 500, Message:: Invalid value { parent_id: { '$eq': 0 } }
2023-03-25 12:29:08 error: [GET] /folders >> StatusCode:: 500, Message:: Invalid value { parent_id: { '$eq': 0 } }
2023-03-25 14:02:35 error: uncaughtException: Cannot read properties of undefined (reading 'storeMedia')
TypeError: Cannot read properties of undefined (reading 'storeMedia')
    at MediaController.create (/Users/toannguyen/Documents/Source/tn-uptech-backend/src/modules/controllers/media.controller.ts:18:25)
2023-03-25 14:03:49 error: uncaughtException: Cannot read properties of undefined (reading 'storeMedia')
TypeError: Cannot read properties of undefined (reading 'storeMedia')
    at MediaController.create (/Users/toannguyen/Documents/Source/tn-uptech-backend/src/modules/controllers/media.controller.ts:20:25)
    at processTicksAndRejections (node:internal/process/task_queues:96:5)
2023-03-25 14:18:00 error: uncaughtException: models_1.default.Media.storeMedia is not a function
TypeError: models_1.default.Media.storeMedia is not a function
    at MediaController.create (/Users/toannguyen/Documents/Source/tn-uptech-backend/src/modules/controllers/media.controller.ts:20:26)
2023-03-25 14:20:51 error: uncaughtException: models_1.default.Media.storeMedia is not a function
TypeError: models_1.default.Media.storeMedia is not a function
    at MediaController.create (/Users/toannguyen/Documents/Source/tn-uptech-backend/src/modules/controllers/media.controller.ts:20:26)
2023-03-25 16:33:00 error: [POST] /folders/get-medias >> StatusCode:: 500, Message:: WHERE parameter "id" has invalid "undefined" value
2023-03-25 16:33:50 error: [POST] /folders/get-medias >> StatusCode:: 500, Message:: WHERE parameter "id" has invalid "undefined" value
2023-03-25 16:34:09 error: [POST] /folders/get-medias >> StatusCode:: 500, Message:: WHERE parameter "id" has invalid "undefined" value
2023-03-25 16:34:13 error: [POST] /folders/get-medias >> StatusCode:: 500, Message:: WHERE parameter "id" has invalid "undefined" value
2023-03-25 16:34:52 error: [POST] /folders/get-medias >> StatusCode:: 500, Message:: WHERE parameter "id" has invalid "undefined" value
2023-03-25 16:36:28 error: [POST] /folders/get-medias >> StatusCode:: 500, Message:: WHERE parameter "id" has invalid "undefined" value
2023-03-25 16:36:33 error: [POST] /folders/get-medias >> StatusCode:: 500, Message:: WHERE parameter "id" has invalid "undefined" value
2023-03-25 16:37:46 error: [POST] /folders/get-medias >> StatusCode:: 500, Message:: WHERE parameter "id" has invalid "undefined" value
2023-03-25 16:38:05 error: [POST] /folders/get-medias >> StatusCode:: 500, Message:: WHERE parameter "id" has invalid "undefined" value
2023-03-25 16:38:50 error: [POST] /folders/get-medias >> StatusCode:: 500, Message:: WHERE parameter "id" has invalid "undefined" value
2023-03-25 16:44:03 error: [POST] /folders/get-medias >> StatusCode:: 500, Message:: Unknown column 'medias.folder_id' in 'where clause'
2023-03-25 16:44:04 error: [POST] /folders/get-medias >> StatusCode:: 500, Message:: Unknown column 'medias.folder_id' in 'where clause'
2023-03-25 16:44:05 error: [POST] /folders/get-medias >> StatusCode:: 500, Message:: Unknown column 'medias.folder_id' in 'where clause'
2023-03-25 16:44:05 error: [POST] /folders/get-medias >> StatusCode:: 500, Message:: Unknown column 'medias.folder_id' in 'where clause'
2023-03-25 16:44:06 error: [POST] /folders/get-medias >> StatusCode:: 500, Message:: Unknown column 'medias.folder_id' in 'where clause'
2023-03-25 16:44:06 error: [POST] /folders/get-medias >> StatusCode:: 500, Message:: Unknown column 'medias.folder_id' in 'where clause'
2023-03-25 16:44:06 error: [POST] /folders/get-medias >> StatusCode:: 500, Message:: Unknown column 'medias.folder_id' in 'where clause'
2023-03-25 16:44:06 error: [POST] /folders/get-medias >> StatusCode:: 500, Message:: Unknown column 'medias.folder_id' in 'where clause'
2023-03-25 16:44:07 error: [POST] /folders/get-medias >> StatusCode:: 500, Message:: Unknown column 'medias.folder_id' in 'where clause'
2023-03-25 16:44:07 error: [POST] /folders/get-medias >> StatusCode:: 500, Message:: Unknown column 'medias.folder_id' in 'where clause'
2023-03-25 16:44:07 error: [POST] /folders/get-medias >> StatusCode:: 500, Message:: Unknown column 'medias.folder_id' in 'where clause'
2023-03-25 16:44:08 error: [POST] /folders/get-medias >> StatusCode:: 500, Message:: Unknown column 'medias.folder_id' in 'where clause'
2023-03-25 16:44:08 error: [POST] /folders/get-medias >> StatusCode:: 500, Message:: Unknown column 'medias.folder_id' in 'where clause'
2023-03-25 16:44:10 error: [POST] /folders/get-medias >> StatusCode:: 500, Message:: Unknown column 'medias.folder_id' in 'where clause'
2023-03-25 16:45:29 error: [POST] /folders/get-medias >> StatusCode:: 500, Message:: Unknown column 'folder_id' in 'field list'
2023-03-25 16:45:31 error: [POST] /folders/get-medias >> StatusCode:: 500, Message:: Unknown column 'folder_id' in 'field list'
2023-03-25 16:45:32 error: [POST] /folders/get-medias >> StatusCode:: 500, Message:: Unknown column 'folder_id' in 'field list'
2023-03-25 16:45:32 error: [POST] /folders/get-medias >> StatusCode:: 500, Message:: Unknown column 'folder_id' in 'field list'
2023-03-25 16:45:32 error: [POST] /folders/get-medias >> StatusCode:: 500, Message:: Unknown column 'folder_id' in 'field list'
2023-03-25 16:45:33 error: [POST] /folders/get-medias >> StatusCode:: 500, Message:: Unknown column 'folder_id' in 'field list'
2023-03-25 17:29:00 error: [POST] /medias/create >> StatusCode:: 500, Message:: Unexpected field
