2023-08-02 00:29:09 error: uncaughtException: тип Unable to compile TypeScript:
[96msrc/dtos/post.dtos.ts[0m:[93m62[0m:[93m13[0m - [91merror[0m[90m TS1117: [0mAn object literal cannot have multiple properties with the same name.

[7m62[0m             name: item.name || "",
[7m  [0m [91m            ~~~~[0m
[96msrc/dtos/post.dtos.ts[0m:[93m63[0m:[93m13[0m - [91merror[0m[90m TS1117: [0mAn object literal cannot have multiple properties with the same name.

[7m63[0m             ceo_id: item.ceo_id,
[7m  [0m [91m            ~~~~~~[0m

TSError: тип Unable to compile TypeScript:
[96msrc/dtos/post.dtos.ts[0m:[93m62[0m:[93m13[0m - [91merror[0m[90m TS1117: [0mAn object literal cannot have multiple properties with the same name.

[7m62[0m             name: item.name || "",
[7m  [0m [91m            ~~~~[0m
[96msrc/dtos/post.dtos.ts[0m:[93m63[0m:[93m13[0m - [91merror[0m[90m TS1117: [0mAn object literal cannot have multiple properties with the same name.

[7m63[0m             ceo_id: item.ceo_id,
[7m  [0m [91m            ~~~~~~[0m

    at createTSError (/Users/toannguyen/Desktop/tn-uptech-backend/node_modules/ts-node/src/index.ts:859:12)
    at reportTSError (/Users/toannguyen/Desktop/tn-uptech-backend/node_modules/ts-node/src/index.ts:863:19)
    at getOutput (/Users/toannguyen/Desktop/tn-uptech-backend/node_modules/ts-node/src/index.ts:1077:36)
    at Object.compile (/Users/toannguyen/Desktop/tn-uptech-backend/node_modules/ts-node/src/index.ts:1433:41)
    at Module.m._compile (/Users/toannguyen/Desktop/tn-uptech-backend/node_modules/ts-node/src/index.ts:1617:30)
    at Module._extensions..js (node:internal/modules/cjs/loader:1252:10)
    at Object.require.extensions.<computed> [as .ts] (/Users/toannguyen/Desktop/tn-uptech-backend/node_modules/ts-node/src/index.ts:1621:12)
    at Module.load (node:internal/modules/cjs/loader:1076:32)
    at Function.Module._load (node:internal/modules/cjs/loader:911:12)
    at Module.require (node:internal/modules/cjs/loader:1100:19)
