2023-04-03 12:12:07 error: uncaughtException: тип Unable to compile TypeScript:
[96msrc/services/project.service.ts[0m:[93m14[0m:[93m54[0m - [91merror[0m[90m TS2304: [0mCannot find name 'queryObject'.

[7m14[0m             excludedFields.forEach((field) => delete queryObject[field]);
[7m  [0m [91m                                                     ~~~~~~~~~~~[0m
[96msrc/services/project.service.ts[0m:[93m15[0m:[93m51[0m - [91merror[0m[90m TS2304: [0mCannot find name 'queryObject'.

[7m15[0m             const arrQueryObject = Object.entries(queryObject).map((item) => {
[7m  [0m [91m                                                  ~~~~~~~~~~~[0m
[96msrc/services/project.service.ts[0m:[93m28[0m:[93m34[0m - [91merror[0m[90m TS2304: [0mCannot find name 'Op'.

[7m28[0m                                 [Op.in]: loyaltyProgramId,
[7m  [0m [91m                                 ~~[0m
[96msrc/services/project.service.ts[0m:[93m36[0m:[93m34[0m - [91merror[0m[90m TS2304: [0mCannot find name 'Op'.

[7m36[0m                                 [Op.substring]: loyaltyProgramName,
[7m  [0m [91m                                 ~~[0m
[96msrc/services/project.service.ts[0m:[93m44[0m:[93m34[0m - [91merror[0m[90m TS2304: [0mCannot find name 'Op'.

[7m44[0m                                 [Op.in]: schemaId,
[7m  [0m [91m                                 ~~[0m
[96msrc/services/project.service.ts[0m:[93m53[0m:[93m34[0m - [91merror[0m[90m TS2304: [0mCannot find name 'Op'.

[7m53[0m                                 [Op.in]: loyalProgTierReCycle.toString().split(','),
[7m  [0m [91m                                 ~~[0m
[96msrc/services/project.service.ts[0m:[93m62[0m:[93m34[0m - [91merror[0m[90m TS2304: [0mCannot find name 'Op'.

[7m62[0m                                 [Op.in]: loyaltyProgramStatus.toString().split(','),
[7m  [0m [91m                                 ~~[0m
[96msrc/services/project.service.ts[0m:[93m70[0m:[93m34[0m - [91merror[0m[90m TS2304: [0mCannot find name 'Op'.

[7m70[0m                                 [Op.in]: loyaltyProgramType.toString().split(','),
[7m  [0m [91m                                 ~~[0m

TSError: тип Unable to compile TypeScript:
[96msrc/services/project.service.ts[0m:[93m14[0m:[93m54[0m - [91merror[0m[90m TS2304: [0mCannot find name 'queryObject'.

[7m14[0m             excludedFields.forEach((field) => delete queryObject[field]);
[7m  [0m [91m                                                     ~~~~~~~~~~~[0m
[96msrc/services/project.service.ts[0m:[93m15[0m:[93m51[0m - [91merror[0m[90m TS2304: [0mCannot find name 'queryObject'.

[7m15[0m             const arrQueryObject = Object.entries(queryObject).map((item) => {
[7m  [0m [91m                                                  ~~~~~~~~~~~[0m
[96msrc/services/project.service.ts[0m:[93m28[0m:[93m34[0m - [91merror[0m[90m TS2304: [0mCannot find name 'Op'.

[7m28[0m                                 [Op.in]: loyaltyProgramId,
[7m  [0m [91m                                 ~~[0m
[96msrc/services/project.service.ts[0m:[93m36[0m:[93m34[0m - [91merror[0m[90m TS2304: [0mCannot find name 'Op'.

[7m36[0m                                 [Op.substring]: loyaltyProgramName,
[7m  [0m [91m                                 ~~[0m
[96msrc/services/project.service.ts[0m:[93m44[0m:[93m34[0m - [91merror[0m[90m TS2304: [0mCannot find name 'Op'.

[7m44[0m                                 [Op.in]: schemaId,
[7m  [0m [91m                                 ~~[0m
[96msrc/services/project.service.ts[0m:[93m53[0m:[93m34[0m - [91merror[0m[90m TS2304: [0mCannot find name 'Op'.

[7m53[0m                                 [Op.in]: loyalProgTierReCycle.toString().split(','),
[7m  [0m [91m                                 ~~[0m
[96msrc/services/project.service.ts[0m:[93m62[0m:[93m34[0m - [91merror[0m[90m TS2304: [0mCannot find name 'Op'.

[7m62[0m                                 [Op.in]: loyaltyProgramStatus.toString().split(','),
[7m  [0m [91m                                 ~~[0m
[96msrc/services/project.service.ts[0m:[93m70[0m:[93m34[0m - [91merror[0m[90m TS2304: [0mCannot find name 'Op'.

[7m70[0m                                 [Op.in]: loyaltyProgramType.toString().split(','),
[7m  [0m [91m                                 ~~[0m

    at createTSError (/Users/toannguyen/Documents/Source/tn-uptech-backend/node_modules/ts-node/src/index.ts:859:12)
    at reportTSError (/Users/toannguyen/Documents/Source/tn-uptech-backend/node_modules/ts-node/src/index.ts:863:19)
    at getOutput (/Users/toannguyen/Documents/Source/tn-uptech-backend/node_modules/ts-node/src/index.ts:1077:36)
    at Object.compile (/Users/toannguyen/Documents/Source/tn-uptech-backend/node_modules/ts-node/src/index.ts:1433:41)
    at Module.m._compile (/Users/toannguyen/Documents/Source/tn-uptech-backend/node_modules/ts-node/src/index.ts:1617:30)
    at Module._extensions..js (node:internal/modules/cjs/loader:1245:10)
    at Object.require.extensions.<computed> [as .ts] (/Users/toannguyen/Documents/Source/tn-uptech-backend/node_modules/ts-node/src/index.ts:1621:12)
    at Module.load (node:internal/modules/cjs/loader:1069:32)
    at Function.Module._load (node:internal/modules/cjs/loader:904:12)
    at Module.require (node:internal/modules/cjs/loader:1093:19)
2023-04-03 12:12:15 error: uncaughtException: тип Unable to compile TypeScript:
[96msrc/services/project.service.ts[0m:[93m14[0m:[93m54[0m - [91merror[0m[90m TS2304: [0mCannot find name 'queryObject'.

[7m14[0m             excludedFields.forEach((field) => delete queryObject[field]);
[7m  [0m [91m                                                     ~~~~~~~~~~~[0m
[96msrc/services/project.service.ts[0m:[93m15[0m:[93m51[0m - [91merror[0m[90m TS2304: [0mCannot find name 'queryObject'.

[7m15[0m             const arrQueryObject = Object.entries(queryObject).map((item) => {
[7m  [0m [91m                                                  ~~~~~~~~~~~[0m
[96msrc/services/project.service.ts[0m:[93m28[0m:[93m34[0m - [91merror[0m[90m TS2304: [0mCannot find name 'Op'.

[7m28[0m                                 [Op.in]: loyaltyProgramId,
[7m  [0m [91m                                 ~~[0m
[96msrc/services/project.service.ts[0m:[93m36[0m:[93m34[0m - [91merror[0m[90m TS2304: [0mCannot find name 'Op'.

[7m36[0m                                 [Op.substring]: loyaltyProgramName,
[7m  [0m [91m                                 ~~[0m

TSError: тип Unable to compile TypeScript:
[96msrc/services/project.service.ts[0m:[93m14[0m:[93m54[0m - [91merror[0m[90m TS2304: [0mCannot find name 'queryObject'.

[7m14[0m             excludedFields.forEach((field) => delete queryObject[field]);
[7m  [0m [91m                                                     ~~~~~~~~~~~[0m
[96msrc/services/project.service.ts[0m:[93m15[0m:[93m51[0m - [91merror[0m[90m TS2304: [0mCannot find name 'queryObject'.

[7m15[0m             const arrQueryObject = Object.entries(queryObject).map((item) => {
[7m  [0m [91m                                                  ~~~~~~~~~~~[0m
[96msrc/services/project.service.ts[0m:[93m28[0m:[93m34[0m - [91merror[0m[90m TS2304: [0mCannot find name 'Op'.

[7m28[0m                                 [Op.in]: loyaltyProgramId,
[7m  [0m [91m                                 ~~[0m
[96msrc/services/project.service.ts[0m:[93m36[0m:[93m34[0m - [91merror[0m[90m TS2304: [0mCannot find name 'Op'.

[7m36[0m                                 [Op.substring]: loyaltyProgramName,
[7m  [0m [91m                                 ~~[0m

    at createTSError (/Users/toannguyen/Documents/Source/tn-uptech-backend/node_modules/ts-node/src/index.ts:859:12)
    at reportTSError (/Users/toannguyen/Documents/Source/tn-uptech-backend/node_modules/ts-node/src/index.ts:863:19)
    at getOutput (/Users/toannguyen/Documents/Source/tn-uptech-backend/node_modules/ts-node/src/index.ts:1077:36)
    at Object.compile (/Users/toannguyen/Documents/Source/tn-uptech-backend/node_modules/ts-node/src/index.ts:1433:41)
    at Module.m._compile (/Users/toannguyen/Documents/Source/tn-uptech-backend/node_modules/ts-node/src/index.ts:1617:30)
    at Module._extensions..js (node:internal/modules/cjs/loader:1245:10)
    at Object.require.extensions.<computed> [as .ts] (/Users/toannguyen/Documents/Source/tn-uptech-backend/node_modules/ts-node/src/index.ts:1621:12)
    at Module.load (node:internal/modules/cjs/loader:1069:32)
    at Function.Module._load (node:internal/modules/cjs/loader:904:12)
    at Module.require (node:internal/modules/cjs/loader:1093:19)
2023-04-03 12:12:23 error: uncaughtException: тип Unable to compile TypeScript:
[96msrc/services/project.service.ts[0m:[93m14[0m:[93m31[0m - [91merror[0m[90m TS2304: [0mCannot find name 'req'.

[7m14[0m                 loyalProg_id: req.query.loyalProg_id,
[7m  [0m [91m                              ~~~[0m
[96msrc/services/project.service.ts[0m:[93m15[0m:[93m33[0m - [91merror[0m[90m TS2304: [0mCannot find name 'req'.

[7m15[0m                 loyalProg_name: req.query.loyalProg_name,
[7m  [0m [91m                                ~~~[0m
[96msrc/services/project.service.ts[0m:[93m16[0m:[93m28[0m - [91merror[0m[90m TS2304: [0mCannot find name 'req'.

[7m16[0m                 schema_id: req.query.schema_id,
[7m  [0m [91m                           ~~~[0m
[96msrc/services/project.service.ts[0m:[93m17[0m:[93m40[0m - [91merror[0m[90m TS2304: [0mCannot find name 'req'.

[7m17[0m                 loyalProg_tierReCycle: req.query.loyalProg_tierReCycle,
[7m  [0m [91m                                       ~~~[0m
[96msrc/services/project.service.ts[0m:[93m18[0m:[93m35[0m - [91merror[0m[90m TS2304: [0mCannot find name 'req'.

[7m18[0m                 loyalProg_status: req.query.loyalProg_status,
[7m  [0m [91m                                  ~~~[0m
[96msrc/services/project.service.ts[0m:[93m19[0m:[93m33[0m - [91merror[0m[90m TS2304: [0mCannot find name 'req'.

[7m19[0m                 loyalProg_type: req.query.loyalProg_type,
[7m  [0m [91m                                ~~~[0m
[96msrc/services/project.service.ts[0m:[93m38[0m:[93m34[0m - [91merror[0m[90m TS2304: [0mCannot find name 'Op'.

[7m38[0m                                 [Op.in]: loyaltyProgramId,
[7m  [0m [91m                                 ~~[0m
[96msrc/services/project.service.ts[0m:[93m46[0m:[93m34[0m - [91merror[0m[90m TS2304: [0mCannot find name 'Op'.

[7m46[0m                                 [Op.substring]: loyaltyProgramName,
[7m  [0m [91m                                 ~~[0m

TSError: тип Unable to compile TypeScript:
[96msrc/services/project.service.ts[0m:[93m14[0m:[93m31[0m - [91merror[0m[90m TS2304: [0mCannot find name 'req'.

[7m14[0m                 loyalProg_id: req.query.loyalProg_id,
[7m  [0m [91m                              ~~~[0m
[96msrc/services/project.service.ts[0m:[93m15[0m:[93m33[0m - [91merror[0m[90m TS2304: [0mCannot find name 'req'.

[7m15[0m                 loyalProg_name: req.query.loyalProg_name,
[7m  [0m [91m                                ~~~[0m
[96msrc/services/project.service.ts[0m:[93m16[0m:[93m28[0m - [91merror[0m[90m TS2304: [0mCannot find name 'req'.

[7m16[0m                 schema_id: req.query.schema_id,
[7m  [0m [91m                           ~~~[0m
[96msrc/services/project.service.ts[0m:[93m17[0m:[93m40[0m - [91merror[0m[90m TS2304: [0mCannot find name 'req'.

[7m17[0m                 loyalProg_tierReCycle: req.query.loyalProg_tierReCycle,
[7m  [0m [91m                                       ~~~[0m
[96msrc/services/project.service.ts[0m:[93m18[0m:[93m35[0m - [91merror[0m[90m TS2304: [0mCannot find name 'req'.

[7m18[0m                 loyalProg_status: req.query.loyalProg_status,
[7m  [0m [91m                                  ~~~[0m
[96msrc/services/project.service.ts[0m:[93m19[0m:[93m33[0m - [91merror[0m[90m TS2304: [0mCannot find name 'req'.

[7m19[0m                 loyalProg_type: req.query.loyalProg_type,
[7m  [0m [91m                                ~~~[0m
[96msrc/services/project.service.ts[0m:[93m38[0m:[93m34[0m - [91merror[0m[90m TS2304: [0mCannot find name 'Op'.

[7m38[0m                                 [Op.in]: loyaltyProgramId,
[7m  [0m [91m                                 ~~[0m
[96msrc/services/project.service.ts[0m:[93m46[0m:[93m34[0m - [91merror[0m[90m TS2304: [0mCannot find name 'Op'.

[7m46[0m                                 [Op.substring]: loyaltyProgramName,
[7m  [0m [91m                                 ~~[0m

    at createTSError (/Users/toannguyen/Documents/Source/tn-uptech-backend/node_modules/ts-node/src/index.ts:859:12)
    at reportTSError (/Users/toannguyen/Documents/Source/tn-uptech-backend/node_modules/ts-node/src/index.ts:863:19)
    at getOutput (/Users/toannguyen/Documents/Source/tn-uptech-backend/node_modules/ts-node/src/index.ts:1077:36)
    at Object.compile (/Users/toannguyen/Documents/Source/tn-uptech-backend/node_modules/ts-node/src/index.ts:1433:41)
    at Module.m._compile (/Users/toannguyen/Documents/Source/tn-uptech-backend/node_modules/ts-node/src/index.ts:1617:30)
    at Module._extensions..js (node:internal/modules/cjs/loader:1245:10)
    at Object.require.extensions.<computed> [as .ts] (/Users/toannguyen/Documents/Source/tn-uptech-backend/node_modules/ts-node/src/index.ts:1621:12)
    at Module.load (node:internal/modules/cjs/loader:1069:32)
    at Function.Module._load (node:internal/modules/cjs/loader:904:12)
    at Module.require (node:internal/modules/cjs/loader:1093:19)
2023-04-03 12:12:38 error: uncaughtException: тип Unable to compile TypeScript:
[96msrc/services/project.service.ts[0m:[93m38[0m:[93m34[0m - [91merror[0m[90m TS2304: [0mCannot find name 'Op'.

[7m38[0m                                 [Op.in]: loyaltyProgramId,
[7m  [0m [91m                                 ~~[0m
[96msrc/services/project.service.ts[0m:[93m46[0m:[93m34[0m - [91merror[0m[90m TS2304: [0mCannot find name 'Op'.

[7m46[0m                                 [Op.substring]: loyaltyProgramName,
[7m  [0m [91m                                 ~~[0m

TSError: тип Unable to compile TypeScript:
[96msrc/services/project.service.ts[0m:[93m38[0m:[93m34[0m - [91merror[0m[90m TS2304: [0mCannot find name 'Op'.

[7m38[0m                                 [Op.in]: loyaltyProgramId,
[7m  [0m [91m                                 ~~[0m
[96msrc/services/project.service.ts[0m:[93m46[0m:[93m34[0m - [91merror[0m[90m TS2304: [0mCannot find name 'Op'.

[7m46[0m                                 [Op.substring]: loyaltyProgramName,
[7m  [0m [91m                                 ~~[0m

    at createTSError (/Users/toannguyen/Documents/Source/tn-uptech-backend/node_modules/ts-node/src/index.ts:859:12)
    at reportTSError (/Users/toannguyen/Documents/Source/tn-uptech-backend/node_modules/ts-node/src/index.ts:863:19)
    at getOutput (/Users/toannguyen/Documents/Source/tn-uptech-backend/node_modules/ts-node/src/index.ts:1077:36)
    at Object.compile (/Users/toannguyen/Documents/Source/tn-uptech-backend/node_modules/ts-node/src/index.ts:1433:41)
    at Module.m._compile (/Users/toannguyen/Documents/Source/tn-uptech-backend/node_modules/ts-node/src/index.ts:1617:30)
    at Module._extensions..js (node:internal/modules/cjs/loader:1245:10)
    at Object.require.extensions.<computed> [as .ts] (/Users/toannguyen/Documents/Source/tn-uptech-backend/node_modules/ts-node/src/index.ts:1621:12)
    at Module.load (node:internal/modules/cjs/loader:1069:32)
    at Function.Module._load (node:internal/modules/cjs/loader:904:12)
    at Module.require (node:internal/modules/cjs/loader:1093:19)
2023-04-03 12:12:42 error: uncaughtException: тип Unable to compile TypeScript:
[96msrc/services/project.service.ts[0m:[93m37[0m:[93m34[0m - [91merror[0m[90m TS2304: [0mCannot find name 'Op'.

[7m37[0m                                 [Op.in]: loyaltyProgramId,
[7m  [0m [91m                                 ~~[0m
[96msrc/services/project.service.ts[0m:[93m45[0m:[93m34[0m - [91merror[0m[90m TS2304: [0mCannot find name 'Op'.

[7m45[0m                                 [Op.substring]: loyaltyProgramName,
[7m  [0m [91m                                 ~~[0m

TSError: тип Unable to compile TypeScript:
[96msrc/services/project.service.ts[0m:[93m37[0m:[93m34[0m - [91merror[0m[90m TS2304: [0mCannot find name 'Op'.

[7m37[0m                                 [Op.in]: loyaltyProgramId,
[7m  [0m [91m                                 ~~[0m
[96msrc/services/project.service.ts[0m:[93m45[0m:[93m34[0m - [91merror[0m[90m TS2304: [0mCannot find name 'Op'.

[7m45[0m                                 [Op.substring]: loyaltyProgramName,
[7m  [0m [91m                                 ~~[0m

    at createTSError (/Users/toannguyen/Documents/Source/tn-uptech-backend/node_modules/ts-node/src/index.ts:859:12)
    at reportTSError (/Users/toannguyen/Documents/Source/tn-uptech-backend/node_modules/ts-node/src/index.ts:863:19)
    at getOutput (/Users/toannguyen/Documents/Source/tn-uptech-backend/node_modules/ts-node/src/index.ts:1077:36)
    at Object.compile (/Users/toannguyen/Documents/Source/tn-uptech-backend/node_modules/ts-node/src/index.ts:1433:41)
    at Module.m._compile (/Users/toannguyen/Documents/Source/tn-uptech-backend/node_modules/ts-node/src/index.ts:1617:30)
    at Module._extensions..js (node:internal/modules/cjs/loader:1245:10)
    at Object.require.extensions.<computed> [as .ts] (/Users/toannguyen/Documents/Source/tn-uptech-backend/node_modules/ts-node/src/index.ts:1621:12)
    at Module.load (node:internal/modules/cjs/loader:1069:32)
    at Function.Module._load (node:internal/modules/cjs/loader:904:12)
    at Module.require (node:internal/modules/cjs/loader:1093:19)
2023-04-03 12:12:53 error: uncaughtException: тип Unable to compile TypeScript:
[96msrc/services/project.service.ts[0m:[93m35[0m:[93m34[0m - [91merror[0m[90m TS2304: [0mCannot find name 'Op'.

[7m35[0m                                 [Op.in]: loyaltyProgramId,
[7m  [0m [91m                                 ~~[0m
[96msrc/services/project.service.ts[0m:[93m43[0m:[93m34[0m - [91merror[0m[90m TS2304: [0mCannot find name 'Op'.

[7m43[0m                                 [Op.substring]: loyaltyProgramName,
[7m  [0m [91m                                 ~~[0m

TSError: тип Unable to compile TypeScript:
[96msrc/services/project.service.ts[0m:[93m35[0m:[93m34[0m - [91merror[0m[90m TS2304: [0mCannot find name 'Op'.

[7m35[0m                                 [Op.in]: loyaltyProgramId,
[7m  [0m [91m                                 ~~[0m
[96msrc/services/project.service.ts[0m:[93m43[0m:[93m34[0m - [91merror[0m[90m TS2304: [0mCannot find name 'Op'.

[7m43[0m                                 [Op.substring]: loyaltyProgramName,
[7m  [0m [91m                                 ~~[0m

    at createTSError (/Users/toannguyen/Documents/Source/tn-uptech-backend/node_modules/ts-node/src/index.ts:859:12)
    at reportTSError (/Users/toannguyen/Documents/Source/tn-uptech-backend/node_modules/ts-node/src/index.ts:863:19)
    at getOutput (/Users/toannguyen/Documents/Source/tn-uptech-backend/node_modules/ts-node/src/index.ts:1077:36)
    at Object.compile (/Users/toannguyen/Documents/Source/tn-uptech-backend/node_modules/ts-node/src/index.ts:1433:41)
    at Module.m._compile (/Users/toannguyen/Documents/Source/tn-uptech-backend/node_modules/ts-node/src/index.ts:1617:30)
    at Module._extensions..js (node:internal/modules/cjs/loader:1245:10)
    at Object.require.extensions.<computed> [as .ts] (/Users/toannguyen/Documents/Source/tn-uptech-backend/node_modules/ts-node/src/index.ts:1621:12)
    at Module.load (node:internal/modules/cjs/loader:1069:32)
    at Function.Module._load (node:internal/modules/cjs/loader:904:12)
    at Module.require (node:internal/modules/cjs/loader:1093:19)
2023-04-03 12:13:00 error: uncaughtException: тип Unable to compile TypeScript:
[96msrc/services/project.service.ts[0m:[93m33[0m:[93m34[0m - [91merror[0m[90m TS2304: [0mCannot find name 'Op'.

[7m33[0m                                 [Op.in]: loyaltyProgramId,
[7m  [0m [91m                                 ~~[0m
[96msrc/services/project.service.ts[0m:[93m41[0m:[93m34[0m - [91merror[0m[90m TS2304: [0mCannot find name 'Op'.

[7m41[0m                                 [Op.substring]: loyaltyProgramName,
[7m  [0m [91m                                 ~~[0m

TSError: тип Unable to compile TypeScript:
[96msrc/services/project.service.ts[0m:[93m33[0m:[93m34[0m - [91merror[0m[90m TS2304: [0mCannot find name 'Op'.

[7m33[0m                                 [Op.in]: loyaltyProgramId,
[7m  [0m [91m                                 ~~[0m
[96msrc/services/project.service.ts[0m:[93m41[0m:[93m34[0m - [91merror[0m[90m TS2304: [0mCannot find name 'Op'.

[7m41[0m                                 [Op.substring]: loyaltyProgramName,
[7m  [0m [91m                                 ~~[0m

    at createTSError (/Users/toannguyen/Documents/Source/tn-uptech-backend/node_modules/ts-node/src/index.ts:859:12)
    at reportTSError (/Users/toannguyen/Documents/Source/tn-uptech-backend/node_modules/ts-node/src/index.ts:863:19)
    at getOutput (/Users/toannguyen/Documents/Source/tn-uptech-backend/node_modules/ts-node/src/index.ts:1077:36)
    at Object.compile (/Users/toannguyen/Documents/Source/tn-uptech-backend/node_modules/ts-node/src/index.ts:1433:41)
    at Module.m._compile (/Users/toannguyen/Documents/Source/tn-uptech-backend/node_modules/ts-node/src/index.ts:1617:30)
    at Module._extensions..js (node:internal/modules/cjs/loader:1245:10)
    at Object.require.extensions.<computed> [as .ts] (/Users/toannguyen/Documents/Source/tn-uptech-backend/node_modules/ts-node/src/index.ts:1621:12)
    at Module.load (node:internal/modules/cjs/loader:1069:32)
    at Function.Module._load (node:internal/modules/cjs/loader:904:12)
    at Module.require (node:internal/modules/cjs/loader:1093:19)
2023-04-03 12:13:09 error: uncaughtException: тип Unable to compile TypeScript:
[96msrc/services/project.service.ts[0m:[93m33[0m:[93m34[0m - [91merror[0m[90m TS2304: [0mCannot find name 'Op'.

[7m33[0m                                 [Op.in]: loyaltyProgramId,
[7m  [0m [91m                                 ~~[0m
[96msrc/services/project.service.ts[0m:[93m41[0m:[93m34[0m - [91merror[0m[90m TS2304: [0mCannot find name 'Op'.

[7m41[0m                                 [Op.substring]: loyaltyProgramName,
[7m  [0m [91m                                 ~~[0m

TSError: тип Unable to compile TypeScript:
[96msrc/services/project.service.ts[0m:[93m33[0m:[93m34[0m - [91merror[0m[90m TS2304: [0mCannot find name 'Op'.

[7m33[0m                                 [Op.in]: loyaltyProgramId,
[7m  [0m [91m                                 ~~[0m
[96msrc/services/project.service.ts[0m:[93m41[0m:[93m34[0m - [91merror[0m[90m TS2304: [0mCannot find name 'Op'.

[7m41[0m                                 [Op.substring]: loyaltyProgramName,
[7m  [0m [91m                                 ~~[0m

    at createTSError (/Users/toannguyen/Documents/Source/tn-uptech-backend/node_modules/ts-node/src/index.ts:859:12)
    at reportTSError (/Users/toannguyen/Documents/Source/tn-uptech-backend/node_modules/ts-node/src/index.ts:863:19)
    at getOutput (/Users/toannguyen/Documents/Source/tn-uptech-backend/node_modules/ts-node/src/index.ts:1077:36)
    at Object.compile (/Users/toannguyen/Documents/Source/tn-uptech-backend/node_modules/ts-node/src/index.ts:1433:41)
    at Module.m._compile (/Users/toannguyen/Documents/Source/tn-uptech-backend/node_modules/ts-node/src/index.ts:1617:30)
    at Module._extensions..js (node:internal/modules/cjs/loader:1245:10)
    at Object.require.extensions.<computed> [as .ts] (/Users/toannguyen/Documents/Source/tn-uptech-backend/node_modules/ts-node/src/index.ts:1621:12)
    at Module.load (node:internal/modules/cjs/loader:1069:32)
    at Function.Module._load (node:internal/modules/cjs/loader:904:12)
    at Module.require (node:internal/modules/cjs/loader:1093:19)
2023-04-03 12:13:27 error: uncaughtException: тип Unable to compile TypeScript:
[96msrc/services/project.service.ts[0m:[93m32[0m:[93m34[0m - [91merror[0m[90m TS2304: [0mCannot find name 'Op'.

[7m32[0m                                 [Op.in]: loyaltyProgramId,
[7m  [0m [91m                                 ~~[0m
[96msrc/services/project.service.ts[0m:[93m40[0m:[93m34[0m - [91merror[0m[90m TS2304: [0mCannot find name 'Op'.

[7m40[0m                                 [Op.substring]: loyaltyProgramName,
[7m  [0m [91m                                 ~~[0m

TSError: тип Unable to compile TypeScript:
[96msrc/services/project.service.ts[0m:[93m32[0m:[93m34[0m - [91merror[0m[90m TS2304: [0mCannot find name 'Op'.

[7m32[0m                                 [Op.in]: loyaltyProgramId,
[7m  [0m [91m                                 ~~[0m
[96msrc/services/project.service.ts[0m:[93m40[0m:[93m34[0m - [91merror[0m[90m TS2304: [0mCannot find name 'Op'.

[7m40[0m                                 [Op.substring]: loyaltyProgramName,
[7m  [0m [91m                                 ~~[0m

    at createTSError (/Users/toannguyen/Documents/Source/tn-uptech-backend/node_modules/ts-node/src/index.ts:859:12)
    at reportTSError (/Users/toannguyen/Documents/Source/tn-uptech-backend/node_modules/ts-node/src/index.ts:863:19)
    at getOutput (/Users/toannguyen/Documents/Source/tn-uptech-backend/node_modules/ts-node/src/index.ts:1077:36)
    at Object.compile (/Users/toannguyen/Documents/Source/tn-uptech-backend/node_modules/ts-node/src/index.ts:1433:41)
    at Module.m._compile (/Users/toannguyen/Documents/Source/tn-uptech-backend/node_modules/ts-node/src/index.ts:1617:30)
    at Module._extensions..js (node:internal/modules/cjs/loader:1245:10)
    at Object.require.extensions.<computed> [as .ts] (/Users/toannguyen/Documents/Source/tn-uptech-backend/node_modules/ts-node/src/index.ts:1621:12)
    at Module.load (node:internal/modules/cjs/loader:1069:32)
    at Function.Module._load (node:internal/modules/cjs/loader:904:12)
    at Module.require (node:internal/modules/cjs/loader:1093:19)
2023-04-03 12:13:39 error: uncaughtException: тип Unable to compile TypeScript:
[96msrc/services/project.service.ts[0m:[93m32[0m:[93m34[0m - [91merror[0m[90m TS2304: [0mCannot find name 'Op'.

[7m32[0m                                 [Op.in]: status,
[7m  [0m [91m                                 ~~[0m

TSError: тип Unable to compile TypeScript:
[96msrc/services/project.service.ts[0m:[93m32[0m:[93m34[0m - [91merror[0m[90m TS2304: [0mCannot find name 'Op'.

[7m32[0m                                 [Op.in]: status,
[7m  [0m [91m                                 ~~[0m

    at createTSError (/Users/toannguyen/Documents/Source/tn-uptech-backend/node_modules/ts-node/src/index.ts:859:12)
    at reportTSError (/Users/toannguyen/Documents/Source/tn-uptech-backend/node_modules/ts-node/src/index.ts:863:19)
    at getOutput (/Users/toannguyen/Documents/Source/tn-uptech-backend/node_modules/ts-node/src/index.ts:1077:36)
    at Object.compile (/Users/toannguyen/Documents/Source/tn-uptech-backend/node_modules/ts-node/src/index.ts:1433:41)
    at Module.m._compile (/Users/toannguyen/Documents/Source/tn-uptech-backend/node_modules/ts-node/src/index.ts:1617:30)
    at Module._extensions..js (node:internal/modules/cjs/loader:1245:10)
    at Object.require.extensions.<computed> [as .ts] (/Users/toannguyen/Documents/Source/tn-uptech-backend/node_modules/ts-node/src/index.ts:1621:12)
    at Module.load (node:internal/modules/cjs/loader:1069:32)
    at Function.Module._load (node:internal/modules/cjs/loader:904:12)
    at Module.require (node:internal/modules/cjs/loader:1093:19)
2023-04-03 13:21:42 error: uncaughtException: тип Unable to compile TypeScript:
[96msrc/services/project.service.ts[0m:[93m32[0m:[93m43[0m - [91merror[0m[90m TS2304: [0mCannot find name 'status'.

[7m32[0m                         if (Array.isArray(status)) {
[7m  [0m [91m                                          ~~~~~~[0m
[96msrc/services/project.service.ts[0m:[93m34[0m:[93m42[0m - [91merror[0m[90m TS2304: [0mCannot find name 'status'.

[7m34[0m                                 [Op.in]: status
[7m  [0m [91m                                         ~~~~~~[0m

TSError: тип Unable to compile TypeScript:
[96msrc/services/project.service.ts[0m:[93m32[0m:[93m43[0m - [91merror[0m[90m TS2304: [0mCannot find name 'status'.

[7m32[0m                         if (Array.isArray(status)) {
[7m  [0m [91m                                          ~~~~~~[0m
[96msrc/services/project.service.ts[0m:[93m34[0m:[93m42[0m - [91merror[0m[90m TS2304: [0mCannot find name 'status'.

[7m34[0m                                 [Op.in]: status
[7m  [0m [91m                                         ~~~~~~[0m

    at createTSError (/Users/toannguyen/Documents/Source/tn-uptech-backend/node_modules/ts-node/src/index.ts:859:12)
    at reportTSError (/Users/toannguyen/Documents/Source/tn-uptech-backend/node_modules/ts-node/src/index.ts:863:19)
    at getOutput (/Users/toannguyen/Documents/Source/tn-uptech-backend/node_modules/ts-node/src/index.ts:1077:36)
    at Object.compile (/Users/toannguyen/Documents/Source/tn-uptech-backend/node_modules/ts-node/src/index.ts:1433:41)
    at Module.m._compile (/Users/toannguyen/Documents/Source/tn-uptech-backend/node_modules/ts-node/src/index.ts:1617:30)
    at Module._extensions..js (node:internal/modules/cjs/loader:1245:10)
    at Object.require.extensions.<computed> [as .ts] (/Users/toannguyen/Documents/Source/tn-uptech-backend/node_modules/ts-node/src/index.ts:1621:12)
    at Module.load (node:internal/modules/cjs/loader:1069:32)
    at Function.Module._load (node:internal/modules/cjs/loader:904:12)
    at Module.require (node:internal/modules/cjs/loader:1093:19)
2023-04-03 13:21:53 error: uncaughtException: тип Unable to compile TypeScript:
[96msrc/services/project.service.ts[0m:[93m32[0m:[93m43[0m - [91merror[0m[90m TS2304: [0mCannot find name 'status'.

[7m32[0m                         if (Array.isArray(status)) {
[7m  [0m [91m                                          ~~~~~~[0m
[96msrc/services/project.service.ts[0m:[93m34[0m:[93m42[0m - [91merror[0m[90m TS2304: [0mCannot find name 'status'.

[7m34[0m                                 [Op.in]: status
[7m  [0m [91m                                         ~~~~~~[0m

TSError: тип Unable to compile TypeScript:
[96msrc/services/project.service.ts[0m:[93m32[0m:[93m43[0m - [91merror[0m[90m TS2304: [0mCannot find name 'status'.

[7m32[0m                         if (Array.isArray(status)) {
[7m  [0m [91m                                          ~~~~~~[0m
[96msrc/services/project.service.ts[0m:[93m34[0m:[93m42[0m - [91merror[0m[90m TS2304: [0mCannot find name 'status'.

[7m34[0m                                 [Op.in]: status
[7m  [0m [91m                                         ~~~~~~[0m

    at createTSError (/Users/toannguyen/Documents/Source/tn-uptech-backend/node_modules/ts-node/src/index.ts:859:12)
    at reportTSError (/Users/toannguyen/Documents/Source/tn-uptech-backend/node_modules/ts-node/src/index.ts:863:19)
    at getOutput (/Users/toannguyen/Documents/Source/tn-uptech-backend/node_modules/ts-node/src/index.ts:1077:36)
    at Object.compile (/Users/toannguyen/Documents/Source/tn-uptech-backend/node_modules/ts-node/src/index.ts:1433:41)
    at Module.m._compile (/Users/toannguyen/Documents/Source/tn-uptech-backend/node_modules/ts-node/src/index.ts:1617:30)
    at Module._extensions..js (node:internal/modules/cjs/loader:1245:10)
    at Object.require.extensions.<computed> [as .ts] (/Users/toannguyen/Documents/Source/tn-uptech-backend/node_modules/ts-node/src/index.ts:1621:12)
    at Module.load (node:internal/modules/cjs/loader:1069:32)
    at Function.Module._load (node:internal/modules/cjs/loader:904:12)
    at Module.require (node:internal/modules/cjs/loader:1093:19)
2023-04-03 14:09:19 error: uncaughtException: тип Unable to compile TypeScript:
[96msrc/services/project.service.ts[0m:[93m32[0m:[93m31[0m - [91merror[0m[90m TS2451: [0mCannot redeclare block-scoped variable 'status'.

[7m32[0m                         const status = typeof arrQueryObject[index].value === "string" ?
[7m  [0m [91m                              ~~~~~~[0m
[96msrc/services/project.service.ts[0m:[93m42[0m:[93m31[0m - [91merror[0m[90m TS2451: [0mCannot redeclare block-scoped variable 'status'.

[7m42[0m                         const status = typeof arrQueryObject[index].value === "string" ?
[7m  [0m [91m                              ~~~~~~[0m

TSError: тип Unable to compile TypeScript:
[96msrc/services/project.service.ts[0m:[93m32[0m:[93m31[0m - [91merror[0m[90m TS2451: [0mCannot redeclare block-scoped variable 'status'.

[7m32[0m                         const status = typeof arrQueryObject[index].value === "string" ?
[7m  [0m [91m                              ~~~~~~[0m
[96msrc/services/project.service.ts[0m:[93m42[0m:[93m31[0m - [91merror[0m[90m TS2451: [0mCannot redeclare block-scoped variable 'status'.

[7m42[0m                         const status = typeof arrQueryObject[index].value === "string" ?
[7m  [0m [91m                              ~~~~~~[0m

    at createTSError (/Users/toannguyen/Documents/Source/tn-uptech-backend/node_modules/ts-node/src/index.ts:859:12)
    at reportTSError (/Users/toannguyen/Documents/Source/tn-uptech-backend/node_modules/ts-node/src/index.ts:863:19)
    at getOutput (/Users/toannguyen/Documents/Source/tn-uptech-backend/node_modules/ts-node/src/index.ts:1077:36)
    at Object.compile (/Users/toannguyen/Documents/Source/tn-uptech-backend/node_modules/ts-node/src/index.ts:1433:41)
    at Module.m._compile (/Users/toannguyen/Documents/Source/tn-uptech-backend/node_modules/ts-node/src/index.ts:1617:30)
    at Module._extensions..js (node:internal/modules/cjs/loader:1245:10)
    at Object.require.extensions.<computed> [as .ts] (/Users/toannguyen/Documents/Source/tn-uptech-backend/node_modules/ts-node/src/index.ts:1621:12)
    at Module.load (node:internal/modules/cjs/loader:1069:32)
    at Function.Module._load (node:internal/modules/cjs/loader:904:12)
    at Module.require (node:internal/modules/cjs/loader:1093:19)
2023-04-03 14:19:07 error: uncaughtException: тип Unable to compile TypeScript:
[96msrc/services/project.service.ts[0m:[93m18[0m:[93m105[0m - [91merror[0m[90m TS1009: [0mTrailing comma not allowed.

[7m18[0m             const excludedFields = ["page", "page_size", "sort_field", "sort_order", "fields", "search"], ;
[7m  [0m [91m                                                                                                        ~[0m

TSError: тип Unable to compile TypeScript:
[96msrc/services/project.service.ts[0m:[93m18[0m:[93m105[0m - [91merror[0m[90m TS1009: [0mTrailing comma not allowed.

[7m18[0m             const excludedFields = ["page", "page_size", "sort_field", "sort_order", "fields", "search"], ;
[7m  [0m [91m                                                                                                        ~[0m

    at createTSError (/Users/toannguyen/Documents/Source/tn-uptech-backend/node_modules/ts-node/src/index.ts:859:12)
    at reportTSError (/Users/toannguyen/Documents/Source/tn-uptech-backend/node_modules/ts-node/src/index.ts:863:19)
    at getOutput (/Users/toannguyen/Documents/Source/tn-uptech-backend/node_modules/ts-node/src/index.ts:1077:36)
    at Object.compile (/Users/toannguyen/Documents/Source/tn-uptech-backend/node_modules/ts-node/src/index.ts:1433:41)
    at Module.m._compile (/Users/toannguyen/Documents/Source/tn-uptech-backend/node_modules/ts-node/src/index.ts:1617:30)
    at Module._extensions..js (node:internal/modules/cjs/loader:1245:10)
    at Object.require.extensions.<computed> [as .ts] (/Users/toannguyen/Documents/Source/tn-uptech-backend/node_modules/ts-node/src/index.ts:1621:12)
    at Module.load (node:internal/modules/cjs/loader:1069:32)
    at Function.Module._load (node:internal/modules/cjs/loader:904:12)
    at Module.require (node:internal/modules/cjs/loader:1093:19)
2023-04-03 14:22:25 error: uncaughtException: тип Unable to compile TypeScript:
[96msrc/services/project.service.ts[0m:[93m31[0m:[93m31[0m - [91merror[0m[90m TS2451: [0mCannot redeclare block-scoped variable 'status'.

[7m31[0m                         const status = typeof arrQueryObject[index].value === "string" ?
[7m  [0m [91m                              ~~~~~~[0m
[96msrc/services/project.service.ts[0m:[93m41[0m:[93m31[0m - [91merror[0m[90m TS2451: [0mCannot redeclare block-scoped variable 'status'.

[7m41[0m                         const status = typeof arrQueryObject[index].value === "string" ?
[7m  [0m [91m                              ~~~~~~[0m

TSError: тип Unable to compile TypeScript:
[96msrc/services/project.service.ts[0m:[93m31[0m:[93m31[0m - [91merror[0m[90m TS2451: [0mCannot redeclare block-scoped variable 'status'.

[7m31[0m                         const status = typeof arrQueryObject[index].value === "string" ?
[7m  [0m [91m                              ~~~~~~[0m
[96msrc/services/project.service.ts[0m:[93m41[0m:[93m31[0m - [91merror[0m[90m TS2451: [0mCannot redeclare block-scoped variable 'status'.

[7m41[0m                         const status = typeof arrQueryObject[index].value === "string" ?
[7m  [0m [91m                              ~~~~~~[0m

    at createTSError (/Users/toannguyen/Documents/Source/tn-uptech-backend/node_modules/ts-node/src/index.ts:859:12)
    at reportTSError (/Users/toannguyen/Documents/Source/tn-uptech-backend/node_modules/ts-node/src/index.ts:863:19)
    at getOutput (/Users/toannguyen/Documents/Source/tn-uptech-backend/node_modules/ts-node/src/index.ts:1077:36)
    at Object.compile (/Users/toannguyen/Documents/Source/tn-uptech-backend/node_modules/ts-node/src/index.ts:1433:41)
    at Module.m._compile (/Users/toannguyen/Documents/Source/tn-uptech-backend/node_modules/ts-node/src/index.ts:1617:30)
    at Module._extensions..js (node:internal/modules/cjs/loader:1245:10)
    at Object.require.extensions.<computed> [as .ts] (/Users/toannguyen/Documents/Source/tn-uptech-backend/node_modules/ts-node/src/index.ts:1621:12)
    at Module.load (node:internal/modules/cjs/loader:1069:32)
    at Function.Module._load (node:internal/modules/cjs/loader:904:12)
    at Module.require (node:internal/modules/cjs/loader:1093:19)
2023-04-03 14:22:33 error: uncaughtException: тип Unable to compile TypeScript:
[96msrc/services/project.service.ts[0m:[93m31[0m:[93m31[0m - [91merror[0m[90m TS2451: [0mCannot redeclare block-scoped variable 'status'.

[7m31[0m                         const status = typeof arrQueryObject[index].value === "string" ?
[7m  [0m [91m                              ~~~~~~[0m
[96msrc/services/project.service.ts[0m:[93m41[0m:[93m31[0m - [91merror[0m[90m TS2451: [0mCannot redeclare block-scoped variable 'status'.

[7m41[0m                         const status = typeof arrQueryObject[index].value === "string" ?
[7m  [0m [91m                              ~~~~~~[0m

TSError: тип Unable to compile TypeScript:
[96msrc/services/project.service.ts[0m:[93m31[0m:[93m31[0m - [91merror[0m[90m TS2451: [0mCannot redeclare block-scoped variable 'status'.

[7m31[0m                         const status = typeof arrQueryObject[index].value === "string" ?
[7m  [0m [91m                              ~~~~~~[0m
[96msrc/services/project.service.ts[0m:[93m41[0m:[93m31[0m - [91merror[0m[90m TS2451: [0mCannot redeclare block-scoped variable 'status'.

[7m41[0m                         const status = typeof arrQueryObject[index].value === "string" ?
[7m  [0m [91m                              ~~~~~~[0m

    at createTSError (/Users/toannguyen/Documents/Source/tn-uptech-backend/node_modules/ts-node/src/index.ts:859:12)
    at reportTSError (/Users/toannguyen/Documents/Source/tn-uptech-backend/node_modules/ts-node/src/index.ts:863:19)
    at getOutput (/Users/toannguyen/Documents/Source/tn-uptech-backend/node_modules/ts-node/src/index.ts:1077:36)
    at Object.compile (/Users/toannguyen/Documents/Source/tn-uptech-backend/node_modules/ts-node/src/index.ts:1433:41)
    at Module.m._compile (/Users/toannguyen/Documents/Source/tn-uptech-backend/node_modules/ts-node/src/index.ts:1617:30)
    at Module._extensions..js (node:internal/modules/cjs/loader:1245:10)
    at Object.require.extensions.<computed> [as .ts] (/Users/toannguyen/Documents/Source/tn-uptech-backend/node_modules/ts-node/src/index.ts:1621:12)
    at Module.load (node:internal/modules/cjs/loader:1069:32)
    at Function.Module._load (node:internal/modules/cjs/loader:904:12)
    at Module.require (node:internal/modules/cjs/loader:1093:19)
2023-04-03 14:57:02 error: uncaughtException: тип Unable to compile TypeScript:
[96msrc/services/project.service.ts[0m:[93m52[0m:[93m21[0m - [91merror[0m[90m TS2322: [0mType '{ name: { [OpTypes.like]: string; }; locale: string; }' is not assignable to type '{ locale: string; }'.
  Object literal may only specify known properties, and 'name' does not exist in type '{ locale: string; }'.

[7m52[0m                     name: { [Op.like]: `%${query.search}%` },
[7m  [0m [91m                    ~~~~~~~~~~~~~~~~~~~~~~~~~~~~~~~~~~~~~~~~[0m

TSError: тип Unable to compile TypeScript:
[96msrc/services/project.service.ts[0m:[93m52[0m:[93m21[0m - [91merror[0m[90m TS2322: [0mType '{ name: { [OpTypes.like]: string; }; locale: string; }' is not assignable to type '{ locale: string; }'.
  Object literal may only specify known properties, and 'name' does not exist in type '{ locale: string; }'.

[7m52[0m                     name: { [Op.like]: `%${query.search}%` },
[7m  [0m [91m                    ~~~~~~~~~~~~~~~~~~~~~~~~~~~~~~~~~~~~~~~~[0m

    at createTSError (/Users/toannguyen/Documents/Source/tn-uptech-backend/node_modules/ts-node/src/index.ts:859:12)
    at reportTSError (/Users/toannguyen/Documents/Source/tn-uptech-backend/node_modules/ts-node/src/index.ts:863:19)
    at getOutput (/Users/toannguyen/Documents/Source/tn-uptech-backend/node_modules/ts-node/src/index.ts:1077:36)
    at Object.compile (/Users/toannguyen/Documents/Source/tn-uptech-backend/node_modules/ts-node/src/index.ts:1433:41)
    at Module.m._compile (/Users/toannguyen/Documents/Source/tn-uptech-backend/node_modules/ts-node/src/index.ts:1617:30)
    at Module._extensions..js (node:internal/modules/cjs/loader:1245:10)
    at Object.require.extensions.<computed> [as .ts] (/Users/toannguyen/Documents/Source/tn-uptech-backend/node_modules/ts-node/src/index.ts:1621:12)
    at Module.load (node:internal/modules/cjs/loader:1069:32)
    at Function.Module._load (node:internal/modules/cjs/loader:904:12)
    at Module.require (node:internal/modules/cjs/loader:1093:19)
2023-04-03 14:57:19 error: uncaughtException: тип Unable to compile TypeScript:
[96msrc/services/project.service.ts[0m:[93m53[0m:[93m21[0m - [91merror[0m[90m TS2322: [0mType '{ name: { [OpTypes.like]: string; }; locale: string; }' is not assignable to type '{ locale: string; }'.
  Object literal may only specify known properties, and 'name' does not exist in type '{ locale: string; }'.

[7m53[0m                     name: { [Op.like]: `%${query.search}%` }
[7m  [0m [91m                    ~~~~~~~~~~~~~~~~~~~~~~~~~~~~~~~~~~~~~~~~[0m

TSError: тип Unable to compile TypeScript:
[96msrc/services/project.service.ts[0m:[93m53[0m:[93m21[0m - [91merror[0m[90m TS2322: [0mType '{ name: { [OpTypes.like]: string; }; locale: string; }' is not assignable to type '{ locale: string; }'.
  Object literal may only specify known properties, and 'name' does not exist in type '{ locale: string; }'.

[7m53[0m                     name: { [Op.like]: `%${query.search}%` }
[7m  [0m [91m                    ~~~~~~~~~~~~~~~~~~~~~~~~~~~~~~~~~~~~~~~~[0m

    at createTSError (/Users/toannguyen/Documents/Source/tn-uptech-backend/node_modules/ts-node/src/index.ts:859:12)
    at reportTSError (/Users/toannguyen/Documents/Source/tn-uptech-backend/node_modules/ts-node/src/index.ts:863:19)
    at getOutput (/Users/toannguyen/Documents/Source/tn-uptech-backend/node_modules/ts-node/src/index.ts:1077:36)
    at Object.compile (/Users/toannguyen/Documents/Source/tn-uptech-backend/node_modules/ts-node/src/index.ts:1433:41)
    at Module.m._compile (/Users/toannguyen/Documents/Source/tn-uptech-backend/node_modules/ts-node/src/index.ts:1617:30)
    at Module._extensions..js (node:internal/modules/cjs/loader:1245:10)
    at Object.require.extensions.<computed> [as .ts] (/Users/toannguyen/Documents/Source/tn-uptech-backend/node_modules/ts-node/src/index.ts:1621:12)
    at Module.load (node:internal/modules/cjs/loader:1069:32)
    at Function.Module._load (node:internal/modules/cjs/loader:904:12)
    at Module.require (node:internal/modules/cjs/loader:1093:19)
2023-04-03 14:57:36 error: uncaughtException: тип Unable to compile TypeScript:
[96msrc/services/project.service.ts[0m:[93m53[0m:[93m21[0m - [91merror[0m[90m TS2322: [0mType '{ name: { [OpTypes.like]: string; }; locale: string; }' is not assignable to type '{ locale: string; }'.
  Object literal may only specify known properties, and 'name' does not exist in type '{ locale: string; }'.

[7m53[0m                     name: { [Op.like]: `%${query.search}%` }
[7m  [0m [91m                    ~~~~~~~~~~~~~~~~~~~~~~~~~~~~~~~~~~~~~~~~[0m

TSError: тип Unable to compile TypeScript:
[96msrc/services/project.service.ts[0m:[93m53[0m:[93m21[0m - [91merror[0m[90m TS2322: [0mType '{ name: { [OpTypes.like]: string; }; locale: string; }' is not assignable to type '{ locale: string; }'.
  Object literal may only specify known properties, and 'name' does not exist in type '{ locale: string; }'.

[7m53[0m                     name: { [Op.like]: `%${query.search}%` }
[7m  [0m [91m                    ~~~~~~~~~~~~~~~~~~~~~~~~~~~~~~~~~~~~~~~~[0m

    at createTSError (/Users/toannguyen/Documents/Source/tn-uptech-backend/node_modules/ts-node/src/index.ts:859:12)
    at reportTSError (/Users/toannguyen/Documents/Source/tn-uptech-backend/node_modules/ts-node/src/index.ts:863:19)
    at getOutput (/Users/toannguyen/Documents/Source/tn-uptech-backend/node_modules/ts-node/src/index.ts:1077:36)
    at Object.compile (/Users/toannguyen/Documents/Source/tn-uptech-backend/node_modules/ts-node/src/index.ts:1433:41)
    at Module.m._compile (/Users/toannguyen/Documents/Source/tn-uptech-backend/node_modules/ts-node/src/index.ts:1617:30)
    at Module._extensions..js (node:internal/modules/cjs/loader:1245:10)
    at Object.require.extensions.<computed> [as .ts] (/Users/toannguyen/Documents/Source/tn-uptech-backend/node_modules/ts-node/src/index.ts:1621:12)
    at Module.load (node:internal/modules/cjs/loader:1069:32)
    at Function.Module._load (node:internal/modules/cjs/loader:904:12)
    at Module.require (node:internal/modules/cjs/loader:1093:19)
2023-04-03 20:57:48 error: uncaughtException: тип Unable to compile TypeScript:
[96msrc/services/post.service.ts[0m:[93m35[0m:[93m34[0m - [91merror[0m[90m TS2304: [0mCannot find name 'Op'.

[7m35[0m                                 [Op.in]: status.toString().split(','),
[7m  [0m [91m                                 ~~[0m
[96msrc/services/post.service.ts[0m:[93m49[0m:[93m30[0m - [91merror[0m[90m TS2304: [0mCannot find name 'Op'.

[7m49[0m                     name: { [Op.like]: `%${query.search}%` },
[7m  [0m [91m                             ~~[0m
[96msrc/services/post.service.ts[0m:[93m86[0m:[93m42[0m - [91merror[0m[90m TS2304: [0mCannot find name 'ProjectDTO'.

[7m86[0m                 data: rows.map((item) => ProjectDTO.transform(item)),
[7m  [0m [91m                                         ~~~~~~~~~~[0m

TSError: тип Unable to compile TypeScript:
[96msrc/services/post.service.ts[0m:[93m35[0m:[93m34[0m - [91merror[0m[90m TS2304: [0mCannot find name 'Op'.

[7m35[0m                                 [Op.in]: status.toString().split(','),
[7m  [0m [91m                                 ~~[0m
[96msrc/services/post.service.ts[0m:[93m49[0m:[93m30[0m - [91merror[0m[90m TS2304: [0mCannot find name 'Op'.

[7m49[0m                     name: { [Op.like]: `%${query.search}%` },
[7m  [0m [91m                             ~~[0m
[96msrc/services/post.service.ts[0m:[93m86[0m:[93m42[0m - [91merror[0m[90m TS2304: [0mCannot find name 'ProjectDTO'.

[7m86[0m                 data: rows.map((item) => ProjectDTO.transform(item)),
[7m  [0m [91m                                         ~~~~~~~~~~[0m

    at createTSError (/Users/toannguyen/Documents/Source/tn-uptech-backend/node_modules/ts-node/src/index.ts:859:12)
    at reportTSError (/Users/toannguyen/Documents/Source/tn-uptech-backend/node_modules/ts-node/src/index.ts:863:19)
    at getOutput (/Users/toannguyen/Documents/Source/tn-uptech-backend/node_modules/ts-node/src/index.ts:1077:36)
    at Object.compile (/Users/toannguyen/Documents/Source/tn-uptech-backend/node_modules/ts-node/src/index.ts:1433:41)
    at Module.m._compile (/Users/toannguyen/Documents/Source/tn-uptech-backend/node_modules/ts-node/src/index.ts:1617:30)
    at Module._extensions..js (node:internal/modules/cjs/loader:1245:10)
    at Object.require.extensions.<computed> [as .ts] (/Users/toannguyen/Documents/Source/tn-uptech-backend/node_modules/ts-node/src/index.ts:1621:12)
    at Module.load (node:internal/modules/cjs/loader:1069:32)
    at Function.Module._load (node:internal/modules/cjs/loader:904:12)
    at Module.require (node:internal/modules/cjs/loader:1093:19)
2023-04-03 20:58:25 error: uncaughtException: тип Unable to compile TypeScript:
[96msrc/services/post.service.ts[0m:[93m35[0m:[93m34[0m - [91merror[0m[90m TS2304: [0mCannot find name 'Op'.

[7m35[0m                                 [Op.in]: status.toString().split(','),
[7m  [0m [91m                                 ~~[0m
[96msrc/services/post.service.ts[0m:[93m49[0m:[93m30[0m - [91merror[0m[90m TS2304: [0mCannot find name 'Op'.

[7m49[0m                     name: { [Op.like]: `%${query.search}%` },
[7m  [0m [91m                             ~~[0m
[96msrc/services/post.service.ts[0m:[93m86[0m:[93m42[0m - [91merror[0m[90m TS2304: [0mCannot find name 'ProjectDTO'.

[7m86[0m                 data: rows.map((item) => ProjectDTO.transform(item)),
[7m  [0m [91m                                         ~~~~~~~~~~[0m

TSError: тип Unable to compile TypeScript:
[96msrc/services/post.service.ts[0m:[93m35[0m:[93m34[0m - [91merror[0m[90m TS2304: [0mCannot find name 'Op'.

[7m35[0m                                 [Op.in]: status.toString().split(','),
[7m  [0m [91m                                 ~~[0m
[96msrc/services/post.service.ts[0m:[93m49[0m:[93m30[0m - [91merror[0m[90m TS2304: [0mCannot find name 'Op'.

[7m49[0m                     name: { [Op.like]: `%${query.search}%` },
[7m  [0m [91m                             ~~[0m
[96msrc/services/post.service.ts[0m:[93m86[0m:[93m42[0m - [91merror[0m[90m TS2304: [0mCannot find name 'ProjectDTO'.

[7m86[0m                 data: rows.map((item) => ProjectDTO.transform(item)),
[7m  [0m [91m                                         ~~~~~~~~~~[0m

    at createTSError (/Users/toannguyen/Documents/Source/tn-uptech-backend/node_modules/ts-node/src/index.ts:859:12)
    at reportTSError (/Users/toannguyen/Documents/Source/tn-uptech-backend/node_modules/ts-node/src/index.ts:863:19)
    at getOutput (/Users/toannguyen/Documents/Source/tn-uptech-backend/node_modules/ts-node/src/index.ts:1077:36)
    at Object.compile (/Users/toannguyen/Documents/Source/tn-uptech-backend/node_modules/ts-node/src/index.ts:1433:41)
    at Module.m._compile (/Users/toannguyen/Documents/Source/tn-uptech-backend/node_modules/ts-node/src/index.ts:1617:30)
    at Module._extensions..js (node:internal/modules/cjs/loader:1245:10)
    at Object.require.extensions.<computed> [as .ts] (/Users/toannguyen/Documents/Source/tn-uptech-backend/node_modules/ts-node/src/index.ts:1621:12)
    at Module.load (node:internal/modules/cjs/loader:1069:32)
    at Function.Module._load (node:internal/modules/cjs/loader:904:12)
    at Module.require (node:internal/modules/cjs/loader:1093:19)
2023-04-03 20:58:30 error: uncaughtException: тип Unable to compile TypeScript:
[96msrc/services/post.service.ts[0m:[93m35[0m:[93m34[0m - [91merror[0m[90m TS2304: [0mCannot find name 'Op'.

[7m35[0m                                 [Op.in]: status.toString().split(','),
[7m  [0m [91m                                 ~~[0m
[96msrc/services/post.service.ts[0m:[93m49[0m:[93m30[0m - [91merror[0m[90m TS2304: [0mCannot find name 'Op'.

[7m49[0m                     name: { [Op.like]: `%${query.search}%` },
[7m  [0m [91m                             ~~[0m
[96msrc/services/post.service.ts[0m:[93m86[0m:[93m42[0m - [91merror[0m[90m TS2304: [0mCannot find name 'ProjectDTO'.

[7m86[0m                 data: rows.map((item) => ProjectDTO.transform(item)),
[7m  [0m [91m                                         ~~~~~~~~~~[0m

TSError: тип Unable to compile TypeScript:
[96msrc/services/post.service.ts[0m:[93m35[0m:[93m34[0m - [91merror[0m[90m TS2304: [0mCannot find name 'Op'.

[7m35[0m                                 [Op.in]: status.toString().split(','),
[7m  [0m [91m                                 ~~[0m
[96msrc/services/post.service.ts[0m:[93m49[0m:[93m30[0m - [91merror[0m[90m TS2304: [0mCannot find name 'Op'.

[7m49[0m                     name: { [Op.like]: `%${query.search}%` },
[7m  [0m [91m                             ~~[0m
[96msrc/services/post.service.ts[0m:[93m86[0m:[93m42[0m - [91merror[0m[90m TS2304: [0mCannot find name 'ProjectDTO'.

[7m86[0m                 data: rows.map((item) => ProjectDTO.transform(item)),
[7m  [0m [91m                                         ~~~~~~~~~~[0m

    at createTSError (/Users/toannguyen/Documents/Source/tn-uptech-backend/node_modules/ts-node/src/index.ts:859:12)
    at reportTSError (/Users/toannguyen/Documents/Source/tn-uptech-backend/node_modules/ts-node/src/index.ts:863:19)
    at getOutput (/Users/toannguyen/Documents/Source/tn-uptech-backend/node_modules/ts-node/src/index.ts:1077:36)
    at Object.compile (/Users/toannguyen/Documents/Source/tn-uptech-backend/node_modules/ts-node/src/index.ts:1433:41)
    at Module.m._compile (/Users/toannguyen/Documents/Source/tn-uptech-backend/node_modules/ts-node/src/index.ts:1617:30)
    at Module._extensions..js (node:internal/modules/cjs/loader:1245:10)
    at Object.require.extensions.<computed> [as .ts] (/Users/toannguyen/Documents/Source/tn-uptech-backend/node_modules/ts-node/src/index.ts:1621:12)
    at Module.load (node:internal/modules/cjs/loader:1069:32)
    at Function.Module._load (node:internal/modules/cjs/loader:904:12)
    at Module.require (node:internal/modules/cjs/loader:1093:19)
2023-04-03 20:58:37 error: uncaughtException: тип Unable to compile TypeScript:
[96msrc/services/post.service.ts[0m:[93m35[0m:[93m34[0m - [91merror[0m[90m TS2304: [0mCannot find name 'Op'.

[7m35[0m                                 [Op.in]: status.toString().split(','),
[7m  [0m [91m                                 ~~[0m
[96msrc/services/post.service.ts[0m:[93m49[0m:[93m30[0m - [91merror[0m[90m TS2304: [0mCannot find name 'Op'.

[7m49[0m                     name: { [Op.like]: `%${query.search}%` },
[7m  [0m [91m                             ~~[0m
[96msrc/services/post.service.ts[0m:[93m86[0m:[93m42[0m - [91merror[0m[90m TS2304: [0mCannot find name 'PostDTO'.

[7m86[0m                 data: rows.map((item) => PostDTO.transform(item)),
[7m  [0m [91m                                         ~~~~~~~[0m

TSError: тип Unable to compile TypeScript:
[96msrc/services/post.service.ts[0m:[93m35[0m:[93m34[0m - [91merror[0m[90m TS2304: [0mCannot find name 'Op'.

[7m35[0m                                 [Op.in]: status.toString().split(','),
[7m  [0m [91m                                 ~~[0m
[96msrc/services/post.service.ts[0m:[93m49[0m:[93m30[0m - [91merror[0m[90m TS2304: [0mCannot find name 'Op'.

[7m49[0m                     name: { [Op.like]: `%${query.search}%` },
[7m  [0m [91m                             ~~[0m
[96msrc/services/post.service.ts[0m:[93m86[0m:[93m42[0m - [91merror[0m[90m TS2304: [0mCannot find name 'PostDTO'.

[7m86[0m                 data: rows.map((item) => PostDTO.transform(item)),
[7m  [0m [91m                                         ~~~~~~~[0m

    at createTSError (/Users/toannguyen/Documents/Source/tn-uptech-backend/node_modules/ts-node/src/index.ts:859:12)
    at reportTSError (/Users/toannguyen/Documents/Source/tn-uptech-backend/node_modules/ts-node/src/index.ts:863:19)
    at getOutput (/Users/toannguyen/Documents/Source/tn-uptech-backend/node_modules/ts-node/src/index.ts:1077:36)
    at Object.compile (/Users/toannguyen/Documents/Source/tn-uptech-backend/node_modules/ts-node/src/index.ts:1433:41)
    at Module.m._compile (/Users/toannguyen/Documents/Source/tn-uptech-backend/node_modules/ts-node/src/index.ts:1617:30)
    at Module._extensions..js (node:internal/modules/cjs/loader:1245:10)
    at Object.require.extensions.<computed> [as .ts] (/Users/toannguyen/Documents/Source/tn-uptech-backend/node_modules/ts-node/src/index.ts:1621:12)
    at Module.load (node:internal/modules/cjs/loader:1069:32)
    at Function.Module._load (node:internal/modules/cjs/loader:904:12)
    at Module.require (node:internal/modules/cjs/loader:1093:19)
2023-04-03 20:58:48 error: uncaughtException: тип Unable to compile TypeScript:
[96msrc/services/post.service.ts[0m:[93m34[0m:[93m34[0m - [91merror[0m[90m TS2304: [0mCannot find name 'Op'.

[7m34[0m                                 [Op.in]: status.toString().split(','),
[7m  [0m [91m                                 ~~[0m
[96msrc/services/post.service.ts[0m:[93m48[0m:[93m30[0m - [91merror[0m[90m TS2304: [0mCannot find name 'Op'.

[7m48[0m                     name: { [Op.like]: `%${query.search}%` },
[7m  [0m [91m                             ~~[0m
[96msrc/services/post.service.ts[0m:[93m85[0m:[93m42[0m - [91merror[0m[90m TS2304: [0mCannot find name 'PostDTO'.

[7m85[0m                 data: rows.map((item) => PostDTO.transform(item)),
[7m  [0m [91m                                         ~~~~~~~[0m

TSError: тип Unable to compile TypeScript:
[96msrc/services/post.service.ts[0m:[93m34[0m:[93m34[0m - [91merror[0m[90m TS2304: [0mCannot find name 'Op'.

[7m34[0m                                 [Op.in]: status.toString().split(','),
[7m  [0m [91m                                 ~~[0m
[96msrc/services/post.service.ts[0m:[93m48[0m:[93m30[0m - [91merror[0m[90m TS2304: [0mCannot find name 'Op'.

[7m48[0m                     name: { [Op.like]: `%${query.search}%` },
[7m  [0m [91m                             ~~[0m
[96msrc/services/post.service.ts[0m:[93m85[0m:[93m42[0m - [91merror[0m[90m TS2304: [0mCannot find name 'PostDTO'.

[7m85[0m                 data: rows.map((item) => PostDTO.transform(item)),
[7m  [0m [91m                                         ~~~~~~~[0m

    at createTSError (/Users/toannguyen/Documents/Source/tn-uptech-backend/node_modules/ts-node/src/index.ts:859:12)
    at reportTSError (/Users/toannguyen/Documents/Source/tn-uptech-backend/node_modules/ts-node/src/index.ts:863:19)
    at getOutput (/Users/toannguyen/Documents/Source/tn-uptech-backend/node_modules/ts-node/src/index.ts:1077:36)
    at Object.compile (/Users/toannguyen/Documents/Source/tn-uptech-backend/node_modules/ts-node/src/index.ts:1433:41)
    at Module.m._compile (/Users/toannguyen/Documents/Source/tn-uptech-backend/node_modules/ts-node/src/index.ts:1617:30)
    at Module._extensions..js (node:internal/modules/cjs/loader:1245:10)
    at Object.require.extensions.<computed> [as .ts] (/Users/toannguyen/Documents/Source/tn-uptech-backend/node_modules/ts-node/src/index.ts:1621:12)
    at Module.load (node:internal/modules/cjs/loader:1069:32)
    at Function.Module._load (node:internal/modules/cjs/loader:904:12)
    at Module.require (node:internal/modules/cjs/loader:1093:19)
2023-04-03 20:59:55 error: uncaughtException: тип Unable to compile TypeScript:
[96msrc/services/post.service.ts[0m:[93m86[0m:[93m42[0m - [91merror[0m[90m TS2304: [0mCannot find name 'PostDTO'.

[7m86[0m                 data: rows.map((item) => PostDTO.transform(item)),
[7m  [0m [91m                                         ~~~~~~~[0m

TSError: тип Unable to compile TypeScript:
[96msrc/services/post.service.ts[0m:[93m86[0m:[93m42[0m - [91merror[0m[90m TS2304: [0mCannot find name 'PostDTO'.

[7m86[0m                 data: rows.map((item) => PostDTO.transform(item)),
[7m  [0m [91m                                         ~~~~~~~[0m

    at createTSError (/Users/toannguyen/Documents/Source/tn-uptech-backend/node_modules/ts-node/src/index.ts:859:12)
    at reportTSError (/Users/toannguyen/Documents/Source/tn-uptech-backend/node_modules/ts-node/src/index.ts:863:19)
    at getOutput (/Users/toannguyen/Documents/Source/tn-uptech-backend/node_modules/ts-node/src/index.ts:1077:36)
    at Object.compile (/Users/toannguyen/Documents/Source/tn-uptech-backend/node_modules/ts-node/src/index.ts:1433:41)
    at Module.m._compile (/Users/toannguyen/Documents/Source/tn-uptech-backend/node_modules/ts-node/src/index.ts:1617:30)
    at Module._extensions..js (node:internal/modules/cjs/loader:1245:10)
    at Object.require.extensions.<computed> [as .ts] (/Users/toannguyen/Documents/Source/tn-uptech-backend/node_modules/ts-node/src/index.ts:1621:12)
    at Module.load (node:internal/modules/cjs/loader:1069:32)
    at Function.Module._load (node:internal/modules/cjs/loader:904:12)
    at Module.require (node:internal/modules/cjs/loader:1093:19)
2023-04-03 21:18:01 error: uncaughtException: тип Unable to compile TypeScript:
[96msrc/modules/controllers/post.controller.ts[0m:[93m12[0m:[93m34[0m - [91merror[0m[90m TS2304: [0mCannot find name 'message'.

[7m12[0m             res.status(200).send(message: "ok", data);
[7m  [0m [91m                                 ~~~~~~~[0m
[96msrc/modules/controllers/post.controller.ts[0m:[93m12[0m:[93m43[0m - [91merror[0m[90m TS2554: [0mExpected 0-1 arguments, but got 3.

[7m12[0m             res.status(200).send(message: "ok", data);
[7m  [0m [91m                                          ~~~~~~~~~~[0m
[96msrc/modules/controllers/post.controller.ts[0m:[93m12[0m:[93m41[0m - [91merror[0m[90m TS1005: [0m',' expected.

[7m12[0m             res.status(200).send(message: "ok", data);
[7m  [0m [91m                                        ~[0m

TSError: тип Unable to compile TypeScript:
[96msrc/modules/controllers/post.controller.ts[0m:[93m12[0m:[93m34[0m - [91merror[0m[90m TS2304: [0mCannot find name 'message'.

[7m12[0m             res.status(200).send(message: "ok", data);
[7m  [0m [91m                                 ~~~~~~~[0m
[96msrc/modules/controllers/post.controller.ts[0m:[93m12[0m:[93m43[0m - [91merror[0m[90m TS2554: [0mExpected 0-1 arguments, but got 3.

[7m12[0m             res.status(200).send(message: "ok", data);
[7m  [0m [91m                                          ~~~~~~~~~~[0m
[96msrc/modules/controllers/post.controller.ts[0m:[93m12[0m:[93m41[0m - [91merror[0m[90m TS1005: [0m',' expected.

[7m12[0m             res.status(200).send(message: "ok", data);
[7m  [0m [91m                                        ~[0m

    at createTSError (/Users/toannguyen/Documents/Source/tn-uptech-backend/node_modules/ts-node/src/index.ts:859:12)
    at reportTSError (/Users/toannguyen/Documents/Source/tn-uptech-backend/node_modules/ts-node/src/index.ts:863:19)
    at getOutput (/Users/toannguyen/Documents/Source/tn-uptech-backend/node_modules/ts-node/src/index.ts:1077:36)
    at Object.compile (/Users/toannguyen/Documents/Source/tn-uptech-backend/node_modules/ts-node/src/index.ts:1433:41)
    at Module.m._compile (/Users/toannguyen/Documents/Source/tn-uptech-backend/node_modules/ts-node/src/index.ts:1617:30)
    at Module._extensions..js (node:internal/modules/cjs/loader:1245:10)
    at Object.require.extensions.<computed> [as .ts] (/Users/toannguyen/Documents/Source/tn-uptech-backend/node_modules/ts-node/src/index.ts:1621:12)
    at Module.load (node:internal/modules/cjs/loader:1069:32)
    at Function.Module._load (node:internal/modules/cjs/loader:904:12)
    at Module.require (node:internal/modules/cjs/loader:1093:19)
2023-04-03 21:27:25 error: uncaughtException: тип Unable to compile TypeScript:
[96msrc/services/post.service.ts[0m:[93m158[0m:[93m16[0m - [91merror[0m[90m TS2304: [0mCannot find name 'ProjectDTO'.

[7m158[0m         return ProjectDTO.transformDetail(project);
[7m   [0m [91m               ~~~~~~~~~~[0m

TSError: тип Unable to compile TypeScript:
[96msrc/services/post.service.ts[0m:[93m158[0m:[93m16[0m - [91merror[0m[90m TS2304: [0mCannot find name 'ProjectDTO'.

[7m158[0m         return ProjectDTO.transformDetail(project);
[7m   [0m [91m               ~~~~~~~~~~[0m

    at createTSError (/Users/toannguyen/Documents/Source/tn-uptech-backend/node_modules/ts-node/src/index.ts:859:12)
    at reportTSError (/Users/toannguyen/Documents/Source/tn-uptech-backend/node_modules/ts-node/src/index.ts:863:19)
    at getOutput (/Users/toannguyen/Documents/Source/tn-uptech-backend/node_modules/ts-node/src/index.ts:1077:36)
    at Object.compile (/Users/toannguyen/Documents/Source/tn-uptech-backend/node_modules/ts-node/src/index.ts:1433:41)
    at Module.m._compile (/Users/toannguyen/Documents/Source/tn-uptech-backend/node_modules/ts-node/src/index.ts:1617:30)
    at Module._extensions..js (node:internal/modules/cjs/loader:1245:10)
    at Object.require.extensions.<computed> [as .ts] (/Users/toannguyen/Documents/Source/tn-uptech-backend/node_modules/ts-node/src/index.ts:1621:12)
    at Module.load (node:internal/modules/cjs/loader:1069:32)
    at Function.Module._load (node:internal/modules/cjs/loader:904:12)
    at Module.require (node:internal/modules/cjs/loader:1093:19)
2023-04-03 21:27:41 error: uncaughtException: тип Unable to compile TypeScript:
[96msrc/services/post.service.ts[0m:[93m158[0m:[93m16[0m - [91merror[0m[90m TS2304: [0mCannot find name 'ProjectDTO'.

[7m158[0m         return ProjectDTO.transformDetail(post);
[7m   [0m [91m               ~~~~~~~~~~[0m

TSError: тип Unable to compile TypeScript:
[96msrc/services/post.service.ts[0m:[93m158[0m:[93m16[0m - [91merror[0m[90m TS2304: [0mCannot find name 'ProjectDTO'.

[7m158[0m         return ProjectDTO.transformDetail(post);
[7m   [0m [91m               ~~~~~~~~~~[0m

    at createTSError (/Users/toannguyen/Documents/Source/tn-uptech-backend/node_modules/ts-node/src/index.ts:859:12)
    at reportTSError (/Users/toannguyen/Documents/Source/tn-uptech-backend/node_modules/ts-node/src/index.ts:863:19)
    at getOutput (/Users/toannguyen/Documents/Source/tn-uptech-backend/node_modules/ts-node/src/index.ts:1077:36)
    at Object.compile (/Users/toannguyen/Documents/Source/tn-uptech-backend/node_modules/ts-node/src/index.ts:1433:41)
    at Module.m._compile (/Users/toannguyen/Documents/Source/tn-uptech-backend/node_modules/ts-node/src/index.ts:1617:30)
    at Module._extensions..js (node:internal/modules/cjs/loader:1245:10)
    at Object.require.extensions.<computed> [as .ts] (/Users/toannguyen/Documents/Source/tn-uptech-backend/node_modules/ts-node/src/index.ts:1621:12)
    at Module.load (node:internal/modules/cjs/loader:1069:32)
    at Function.Module._load (node:internal/modules/cjs/loader:904:12)
    at Module.require (node:internal/modules/cjs/loader:1093:19)
2023-04-03 21:30:58 error: uncaughtException: тип Unable to compile TypeScript:
[96msrc/services/post.service.ts[0m:[93m177[0m:[93m32[0m - [91merror[0m[90m TS2339: [0mProperty 'handleUpdate' does not exist on type 'PostService'.

[7m177[0m                     await this.handleUpdate({ project_id: id, lang: "vi", body });
[7m   [0m [91m                               ~~~~~~~~~~~~[0m
[96msrc/services/post.service.ts[0m:[93m178[0m:[93m32[0m - [91merror[0m[90m TS2339: [0mProperty 'handleUpdate' does not exist on type 'PostService'.

[7m178[0m                     await this.handleUpdate({ project_id: id, lang: "en", body });
[7m   [0m [91m                               ~~~~~~~~~~~~[0m

TSError: тип Unable to compile TypeScript:
[96msrc/services/post.service.ts[0m:[93m177[0m:[93m32[0m - [91merror[0m[90m TS2339: [0mProperty 'handleUpdate' does not exist on type 'PostService'.

[7m177[0m                     await this.handleUpdate({ project_id: id, lang: "vi", body });
[7m   [0m [91m                               ~~~~~~~~~~~~[0m
[96msrc/services/post.service.ts[0m:[93m178[0m:[93m32[0m - [91merror[0m[90m TS2339: [0mProperty 'handleUpdate' does not exist on type 'PostService'.

[7m178[0m                     await this.handleUpdate({ project_id: id, lang: "en", body });
[7m   [0m [91m                               ~~~~~~~~~~~~[0m

    at createTSError (/Users/toannguyen/Documents/Source/tn-uptech-backend/node_modules/ts-node/src/index.ts:859:12)
    at reportTSError (/Users/toannguyen/Documents/Source/tn-uptech-backend/node_modules/ts-node/src/index.ts:863:19)
    at getOutput (/Users/toannguyen/Documents/Source/tn-uptech-backend/node_modules/ts-node/src/index.ts:1077:36)
    at Object.compile (/Users/toannguyen/Documents/Source/tn-uptech-backend/node_modules/ts-node/src/index.ts:1433:41)
    at Module.m._compile (/Users/toannguyen/Documents/Source/tn-uptech-backend/node_modules/ts-node/src/index.ts:1617:30)
    at Module._extensions..js (node:internal/modules/cjs/loader:1245:10)
    at Object.require.extensions.<computed> [as .ts] (/Users/toannguyen/Documents/Source/tn-uptech-backend/node_modules/ts-node/src/index.ts:1621:12)
    at Module.load (node:internal/modules/cjs/loader:1069:32)
    at Function.Module._load (node:internal/modules/cjs/loader:904:12)
    at Module.require (node:internal/modules/cjs/loader:1093:19)
2023-04-03 23:35:48 error: uncaughtException: тип Unable to compile TypeScript:
[96msrc/modules/controllers/project.controller.ts[0m:[93m32[0m:[93m44[0m - [91merror[0m[90m TS2339: [0mProperty 'findById' does not exist on type 'ProjectService'.

[7m32[0m                 const data = await project.findById(id);
[7m  [0m [91m                                           ~~~~~~~~[0m
[96msrc/modules/controllers/project.controller.ts[0m:[93m45[0m:[93m40[0m - [91merror[0m[90m TS2339: [0mProperty 'updateById' does not exist on type 'ProjectService'.

[7m45[0m             const data = await project.updateById(id, req.body);
[7m  [0m [91m                                       ~~~~~~~~~~[0m
[96msrc/modules/controllers/project.controller.ts[0m:[93m55[0m:[93m40[0m - [91merror[0m[90m TS2339: [0mProperty 'deleteMultipleIds' does not exist on type 'ProjectService'.

[7m55[0m             const data = await project.deleteMultipleIds(ids);
[7m  [0m [91m                                       ~~~~~~~~~~~~~~~~~[0m
[96msrc/modules/controllers/project.controller.ts[0m:[93m64[0m:[93m40[0m - [91merror[0m[90m TS2339: [0mProperty 'deleteById' does not exist on type 'ProjectService'.

[7m64[0m             const data = await project.deleteById(req.params.id);
[7m  [0m [91m                                       ~~~~~~~~~~[0m

TSError: тип Unable to compile TypeScript:
[96msrc/modules/controllers/project.controller.ts[0m:[93m32[0m:[93m44[0m - [91merror[0m[90m TS2339: [0mProperty 'findById' does not exist on type 'ProjectService'.

[7m32[0m                 const data = await project.findById(id);
[7m  [0m [91m                                           ~~~~~~~~[0m
[96msrc/modules/controllers/project.controller.ts[0m:[93m45[0m:[93m40[0m - [91merror[0m[90m TS2339: [0mProperty 'updateById' does not exist on type 'ProjectService'.

[7m45[0m             const data = await project.updateById(id, req.body);
[7m  [0m [91m                                       ~~~~~~~~~~[0m
[96msrc/modules/controllers/project.controller.ts[0m:[93m55[0m:[93m40[0m - [91merror[0m[90m TS2339: [0mProperty 'deleteMultipleIds' does not exist on type 'ProjectService'.

[7m55[0m             const data = await project.deleteMultipleIds(ids);
[7m  [0m [91m                                       ~~~~~~~~~~~~~~~~~[0m
[96msrc/modules/controllers/project.controller.ts[0m:[93m64[0m:[93m40[0m - [91merror[0m[90m TS2339: [0mProperty 'deleteById' does not exist on type 'ProjectService'.

[7m64[0m             const data = await project.deleteById(req.params.id);
[7m  [0m [91m                                       ~~~~~~~~~~[0m

    at createTSError (/Users/toannguyen/Documents/Source/tn-uptech-backend/node_modules/ts-node/src/index.ts:859:12)
    at reportTSError (/Users/toannguyen/Documents/Source/tn-uptech-backend/node_modules/ts-node/src/index.ts:863:19)
    at getOutput (/Users/toannguyen/Documents/Source/tn-uptech-backend/node_modules/ts-node/src/index.ts:1077:36)
    at Object.compile (/Users/toannguyen/Documents/Source/tn-uptech-backend/node_modules/ts-node/src/index.ts:1433:41)
    at Module.m._compile (/Users/toannguyen/Documents/Source/tn-uptech-backend/node_modules/ts-node/src/index.ts:1617:30)
    at Module._extensions..js (node:internal/modules/cjs/loader:1245:10)
    at Object.require.extensions.<computed> [as .ts] (/Users/toannguyen/Documents/Source/tn-uptech-backend/node_modules/ts-node/src/index.ts:1621:12)
    at Module.load (node:internal/modules/cjs/loader:1069:32)
    at Function.Module._load (node:internal/modules/cjs/loader:904:12)
    at Module.require (node:internal/modules/cjs/loader:1093:19)
2023-04-03 23:47:23 error: uncaughtException: тип Unable to compile TypeScript:
[96msrc/route/ceo.route.ts[0m:[93m8[0m:[93m22[0m - [91merror[0m[90m TS2552: [0mCannot find name 'PostController'. Did you mean 'AbortController'?

[7m8[0m     public ceo = new PostController();
[7m [0m [91m                     ~~~~~~~~~~~~~~[0m

  [96mnode_modules/@types/node/globals.d.ts[0m:[93m67[0m:[93m13[0m
    [7m67[0m declare var AbortController: {
    [7m  [0m [96m            ~~~~~~~~~~~~~~~[0m
    'AbortController' is declared here.

TSError: тип Unable to compile TypeScript:
[96msrc/route/ceo.route.ts[0m:[93m8[0m:[93m22[0m - [91merror[0m[90m TS2552: [0mCannot find name 'PostController'. Did you mean 'AbortController'?

[7m8[0m     public ceo = new PostController();
[7m [0m [91m                     ~~~~~~~~~~~~~~[0m

  [96mnode_modules/@types/node/globals.d.ts[0m:[93m67[0m:[93m13[0m
    [7m67[0m declare var AbortController: {
    [7m  [0m [96m            ~~~~~~~~~~~~~~~[0m
    'AbortController' is declared here.

    at createTSError (/Users/toannguyen/Documents/Source/tn-uptech-backend/node_modules/ts-node/src/index.ts:859:12)
    at reportTSError (/Users/toannguyen/Documents/Source/tn-uptech-backend/node_modules/ts-node/src/index.ts:863:19)
    at getOutput (/Users/toannguyen/Documents/Source/tn-uptech-backend/node_modules/ts-node/src/index.ts:1077:36)
    at Object.compile (/Users/toannguyen/Documents/Source/tn-uptech-backend/node_modules/ts-node/src/index.ts:1433:41)
    at Module.m._compile (/Users/toannguyen/Documents/Source/tn-uptech-backend/node_modules/ts-node/src/index.ts:1617:30)
    at Module._extensions..js (node:internal/modules/cjs/loader:1245:10)
    at Object.require.extensions.<computed> [as .ts] (/Users/toannguyen/Documents/Source/tn-uptech-backend/node_modules/ts-node/src/index.ts:1621:12)
    at Module.load (node:internal/modules/cjs/loader:1069:32)
    at Function.Module._load (node:internal/modules/cjs/loader:904:12)
    at Module.require (node:internal/modules/cjs/loader:1093:19)
2023-04-03 23:47:28 error: uncaughtException: тип Unable to compile TypeScript:
[96msrc/route/ceo.route.ts[0m:[93m8[0m:[93m22[0m - [91merror[0m[90m TS2304: [0mCannot find name 'CeoController'.

[7m8[0m     public ceo = new CeoController();
[7m [0m [91m                     ~~~~~~~~~~~~~[0m

TSError: тип Unable to compile TypeScript:
[96msrc/route/ceo.route.ts[0m:[93m8[0m:[93m22[0m - [91merror[0m[90m TS2304: [0mCannot find name 'CeoController'.

[7m8[0m     public ceo = new CeoController();
[7m [0m [91m                     ~~~~~~~~~~~~~[0m

    at createTSError (/Users/toannguyen/Documents/Source/tn-uptech-backend/node_modules/ts-node/src/index.ts:859:12)
    at reportTSError (/Users/toannguyen/Documents/Source/tn-uptech-backend/node_modules/ts-node/src/index.ts:863:19)
    at getOutput (/Users/toannguyen/Documents/Source/tn-uptech-backend/node_modules/ts-node/src/index.ts:1077:36)
    at Object.compile (/Users/toannguyen/Documents/Source/tn-uptech-backend/node_modules/ts-node/src/index.ts:1433:41)
    at Module.m._compile (/Users/toannguyen/Documents/Source/tn-uptech-backend/node_modules/ts-node/src/index.ts:1617:30)
    at Module._extensions..js (node:internal/modules/cjs/loader:1245:10)
    at Object.require.extensions.<computed> [as .ts] (/Users/toannguyen/Documents/Source/tn-uptech-backend/node_modules/ts-node/src/index.ts:1621:12)
    at Module.load (node:internal/modules/cjs/loader:1069:32)
    at Function.Module._load (node:internal/modules/cjs/loader:904:12)
    at Module.require (node:internal/modules/cjs/loader:1093:19)
2023-04-03 23:47:36 error: uncaughtException: тип Unable to compile TypeScript:
[96msrc/route/ceo.route.ts[0m:[93m8[0m:[93m22[0m - [91merror[0m[90m TS2304: [0mCannot find name 'CeoController'.

[7m8[0m     public ceo = new CeoController();
[7m [0m [91m                     ~~~~~~~~~~~~~[0m

TSError: тип Unable to compile TypeScript:
[96msrc/route/ceo.route.ts[0m:[93m8[0m:[93m22[0m - [91merror[0m[90m TS2304: [0mCannot find name 'CeoController'.

[7m8[0m     public ceo = new CeoController();
[7m [0m [91m                     ~~~~~~~~~~~~~[0m

    at createTSError (/Users/toannguyen/Documents/Source/tn-uptech-backend/node_modules/ts-node/src/index.ts:859:12)
    at reportTSError (/Users/toannguyen/Documents/Source/tn-uptech-backend/node_modules/ts-node/src/index.ts:863:19)
    at getOutput (/Users/toannguyen/Documents/Source/tn-uptech-backend/node_modules/ts-node/src/index.ts:1077:36)
    at Object.compile (/Users/toannguyen/Documents/Source/tn-uptech-backend/node_modules/ts-node/src/index.ts:1433:41)
    at Module.m._compile (/Users/toannguyen/Documents/Source/tn-uptech-backend/node_modules/ts-node/src/index.ts:1617:30)
    at Module._extensions..js (node:internal/modules/cjs/loader:1245:10)
    at Object.require.extensions.<computed> [as .ts] (/Users/toannguyen/Documents/Source/tn-uptech-backend/node_modules/ts-node/src/index.ts:1621:12)
    at Module.load (node:internal/modules/cjs/loader:1069:32)
    at Function.Module._load (node:internal/modules/cjs/loader:904:12)
    at Module.require (node:internal/modules/cjs/loader:1093:19)
