2023-07-24 00:01:56 error: uncaughtException: тип Unable to compile TypeScript:
[96msrc/route/service.route.ts[0m:[93m17[0m:[93m65[0m - [91merror[0m[90m TS2339: [0mProperty 'findBySlug' does not exist on type 'ServiceController'.

[7m17[0m         this.router.get(`${this.path}/findBySlug`, this.service.findBySlug);
[7m  [0m [91m                                                                ~~~~~~~~~~[0m

TSError: тип Unable to compile TypeScript:
[96msrc/route/service.route.ts[0m:[93m17[0m:[93m65[0m - [91merror[0m[90m TS2339: [0mProperty 'findBySlug' does not exist on type 'ServiceController'.

[7m17[0m         this.router.get(`${this.path}/findBySlug`, this.service.findBySlug);
[7m  [0m [91m                                                                ~~~~~~~~~~[0m

    at createTSError (/Users/toannguyen/Desktop/tn-uptech-backend/node_modules/ts-node/src/index.ts:859:12)
    at reportTSError (/Users/toannguyen/Desktop/tn-uptech-backend/node_modules/ts-node/src/index.ts:863:19)
    at getOutput (/Users/toannguyen/Desktop/tn-uptech-backend/node_modules/ts-node/src/index.ts:1077:36)
    at Object.compile (/Users/toannguyen/Desktop/tn-uptech-backend/node_modules/ts-node/src/index.ts:1433:41)
    at Module.m._compile (/Users/toannguyen/Desktop/tn-uptech-backend/node_modules/ts-node/src/index.ts:1617:30)
    at Module._extensions..js (node:internal/modules/cjs/loader:1252:10)
    at Object.require.extensions.<computed> [as .ts] (/Users/toannguyen/Desktop/tn-uptech-backend/node_modules/ts-node/src/index.ts:1621:12)
    at Module.load (node:internal/modules/cjs/loader:1076:32)
    at Function.Module._load (node:internal/modules/cjs/loader:911:12)
    at Module.require (node:internal/modules/cjs/loader:1100:19)
2023-07-24 00:02:11 error: uncaughtException: тип Unable to compile TypeScript:
[96msrc/route/service.route.ts[0m:[93m22[0m:[93m73[0m - [91merror[0m[90m TS2339: [0mProperty 'findByIdClient' does not exist on type 'ServiceController'.

[7m22[0m         this.router.get(`${this.path}/findByIdClient/:id`, this.service.findByIdClient);
[7m  [0m [91m                                                                        ~~~~~~~~~~~~~~[0m

TSError: тип Unable to compile TypeScript:
[96msrc/route/service.route.ts[0m:[93m22[0m:[93m73[0m - [91merror[0m[90m TS2339: [0mProperty 'findByIdClient' does not exist on type 'ServiceController'.

[7m22[0m         this.router.get(`${this.path}/findByIdClient/:id`, this.service.findByIdClient);
[7m  [0m [91m                                                                        ~~~~~~~~~~~~~~[0m

    at createTSError (/Users/toannguyen/Desktop/tn-uptech-backend/node_modules/ts-node/src/index.ts:859:12)
    at reportTSError (/Users/toannguyen/Desktop/tn-uptech-backend/node_modules/ts-node/src/index.ts:863:19)
    at getOutput (/Users/toannguyen/Desktop/tn-uptech-backend/node_modules/ts-node/src/index.ts:1077:36)
    at Object.compile (/Users/toannguyen/Desktop/tn-uptech-backend/node_modules/ts-node/src/index.ts:1433:41)
    at Module.m._compile (/Users/toannguyen/Desktop/tn-uptech-backend/node_modules/ts-node/src/index.ts:1617:30)
    at Module._extensions..js (node:internal/modules/cjs/loader:1252:10)
    at Object.require.extensions.<computed> [as .ts] (/Users/toannguyen/Desktop/tn-uptech-backend/node_modules/ts-node/src/index.ts:1621:12)
    at Module.load (node:internal/modules/cjs/loader:1076:32)
    at Function.Module._load (node:internal/modules/cjs/loader:911:12)
    at Module.require (node:internal/modules/cjs/loader:1100:19)
2023-07-24 00:02:29 error: uncaughtException: тип Unable to compile TypeScript:
[96msrc/route/service.route.ts[0m:[93m22[0m:[93m73[0m - [91merror[0m[90m TS2339: [0mProperty 'findByIdClient' does not exist on type 'ServiceController'.

[7m22[0m         this.router.get(`${this.path}/findByIdClient/:id`, this.service.findByIdClient);
[7m  [0m [91m                                                                        ~~~~~~~~~~~~~~[0m

TSError: тип Unable to compile TypeScript:
[96msrc/route/service.route.ts[0m:[93m22[0m:[93m73[0m - [91merror[0m[90m TS2339: [0mProperty 'findByIdClient' does not exist on type 'ServiceController'.

[7m22[0m         this.router.get(`${this.path}/findByIdClient/:id`, this.service.findByIdClient);
[7m  [0m [91m                                                                        ~~~~~~~~~~~~~~[0m

    at createTSError (/Users/toannguyen/Desktop/tn-uptech-backend/node_modules/ts-node/src/index.ts:859:12)
    at reportTSError (/Users/toannguyen/Desktop/tn-uptech-backend/node_modules/ts-node/src/index.ts:863:19)
    at getOutput (/Users/toannguyen/Desktop/tn-uptech-backend/node_modules/ts-node/src/index.ts:1077:36)
    at Object.compile (/Users/toannguyen/Desktop/tn-uptech-backend/node_modules/ts-node/src/index.ts:1433:41)
    at Module.m._compile (/Users/toannguyen/Desktop/tn-uptech-backend/node_modules/ts-node/src/index.ts:1617:30)
    at Module._extensions..js (node:internal/modules/cjs/loader:1252:10)
    at Object.require.extensions.<computed> [as .ts] (/Users/toannguyen/Desktop/tn-uptech-backend/node_modules/ts-node/src/index.ts:1621:12)
    at Module.load (node:internal/modules/cjs/loader:1076:32)
    at Function.Module._load (node:internal/modules/cjs/loader:911:12)
    at Module.require (node:internal/modules/cjs/loader:1100:19)
2023-07-24 00:02:46 error: uncaughtException: тип Unable to compile TypeScript:
[96msrc/route/service.route.ts[0m:[93m22[0m:[93m73[0m - [91merror[0m[90m TS2339: [0mProperty 'findByIdClient' does not exist on type 'ServiceController'.

[7m22[0m         this.router.get(`${this.path}/findByIdClient/:id`, this.service.findByIdClient);
[7m  [0m [91m                                                                        ~~~~~~~~~~~~~~[0m

TSError: тип Unable to compile TypeScript:
[96msrc/route/service.route.ts[0m:[93m22[0m:[93m73[0m - [91merror[0m[90m TS2339: [0mProperty 'findByIdClient' does not exist on type 'ServiceController'.

[7m22[0m         this.router.get(`${this.path}/findByIdClient/:id`, this.service.findByIdClient);
[7m  [0m [91m                                                                        ~~~~~~~~~~~~~~[0m

    at createTSError (/Users/toannguyen/Desktop/tn-uptech-backend/node_modules/ts-node/src/index.ts:859:12)
    at reportTSError (/Users/toannguyen/Desktop/tn-uptech-backend/node_modules/ts-node/src/index.ts:863:19)
    at getOutput (/Users/toannguyen/Desktop/tn-uptech-backend/node_modules/ts-node/src/index.ts:1077:36)
    at Object.compile (/Users/toannguyen/Desktop/tn-uptech-backend/node_modules/ts-node/src/index.ts:1433:41)
    at Module.m._compile (/Users/toannguyen/Desktop/tn-uptech-backend/node_modules/ts-node/src/index.ts:1617:30)
    at Module._extensions..js (node:internal/modules/cjs/loader:1252:10)
    at Object.require.extensions.<computed> [as .ts] (/Users/toannguyen/Desktop/tn-uptech-backend/node_modules/ts-node/src/index.ts:1621:12)
    at Module.load (node:internal/modules/cjs/loader:1076:32)
    at Function.Module._load (node:internal/modules/cjs/loader:911:12)
    at Module.require (node:internal/modules/cjs/loader:1100:19)
2023-07-24 00:03:10 error: uncaughtException: тип Unable to compile TypeScript:
[96msrc/route/service.route.ts[0m:[93m22[0m:[93m73[0m - [91merror[0m[90m TS2339: [0mProperty 'findByIdClient' does not exist on type 'ServiceController'.

[7m22[0m         this.router.get(`${this.path}/findByIdClient/:id`, this.service.findByIdClient);
[7m  [0m [91m                                                                        ~~~~~~~~~~~~~~[0m

TSError: тип Unable to compile TypeScript:
[96msrc/route/service.route.ts[0m:[93m22[0m:[93m73[0m - [91merror[0m[90m TS2339: [0mProperty 'findByIdClient' does not exist on type 'ServiceController'.

[7m22[0m         this.router.get(`${this.path}/findByIdClient/:id`, this.service.findByIdClient);
[7m  [0m [91m                                                                        ~~~~~~~~~~~~~~[0m

    at createTSError (/Users/toannguyen/Desktop/tn-uptech-backend/node_modules/ts-node/src/index.ts:859:12)
    at reportTSError (/Users/toannguyen/Desktop/tn-uptech-backend/node_modules/ts-node/src/index.ts:863:19)
    at getOutput (/Users/toannguyen/Desktop/tn-uptech-backend/node_modules/ts-node/src/index.ts:1077:36)
    at Object.compile (/Users/toannguyen/Desktop/tn-uptech-backend/node_modules/ts-node/src/index.ts:1433:41)
    at Module.m._compile (/Users/toannguyen/Desktop/tn-uptech-backend/node_modules/ts-node/src/index.ts:1617:30)
    at Module._extensions..js (node:internal/modules/cjs/loader:1252:10)
    at Object.require.extensions.<computed> [as .ts] (/Users/toannguyen/Desktop/tn-uptech-backend/node_modules/ts-node/src/index.ts:1621:12)
    at Module.load (node:internal/modules/cjs/loader:1076:32)
    at Function.Module._load (node:internal/modules/cjs/loader:911:12)
    at Module.require (node:internal/modules/cjs/loader:1100:19)
2023-07-24 00:03:42 error: uncaughtException: тип Unable to compile TypeScript:
[96msrc/route/service.route.ts[0m:[93m22[0m:[93m73[0m - [91merror[0m[90m TS2339: [0mProperty 'findByIdClient' does not exist on type 'ServiceController'.

[7m22[0m         this.router.get(`${this.path}/findByIdClient/:id`, this.service.findByIdClient);
[7m  [0m [91m                                                                        ~~~~~~~~~~~~~~[0m

TSError: тип Unable to compile TypeScript:
[96msrc/route/service.route.ts[0m:[93m22[0m:[93m73[0m - [91merror[0m[90m TS2339: [0mProperty 'findByIdClient' does not exist on type 'ServiceController'.

[7m22[0m         this.router.get(`${this.path}/findByIdClient/:id`, this.service.findByIdClient);
[7m  [0m [91m                                                                        ~~~~~~~~~~~~~~[0m

    at createTSError (/Users/toannguyen/Desktop/tn-uptech-backend/node_modules/ts-node/src/index.ts:859:12)
    at reportTSError (/Users/toannguyen/Desktop/tn-uptech-backend/node_modules/ts-node/src/index.ts:863:19)
    at getOutput (/Users/toannguyen/Desktop/tn-uptech-backend/node_modules/ts-node/src/index.ts:1077:36)
    at Object.compile (/Users/toannguyen/Desktop/tn-uptech-backend/node_modules/ts-node/src/index.ts:1433:41)
    at Module.m._compile (/Users/toannguyen/Desktop/tn-uptech-backend/node_modules/ts-node/src/index.ts:1617:30)
    at Module._extensions..js (node:internal/modules/cjs/loader:1252:10)
    at Object.require.extensions.<computed> [as .ts] (/Users/toannguyen/Desktop/tn-uptech-backend/node_modules/ts-node/src/index.ts:1621:12)
    at Module.load (node:internal/modules/cjs/loader:1076:32)
    at Function.Module._load (node:internal/modules/cjs/loader:911:12)
    at Module.require (node:internal/modules/cjs/loader:1100:19)
2023-07-24 00:04:10 error: uncaughtException: тип Unable to compile TypeScript:
[96msrc/route/service.route.ts[0m:[93m22[0m:[93m73[0m - [91merror[0m[90m TS2339: [0mProperty 'findByIdClient' does not exist on type 'ServiceController'.

[7m22[0m         this.router.get(`${this.path}/findByIdClient/:id`, this.service.findByIdClient);
[7m  [0m [91m                                                                        ~~~~~~~~~~~~~~[0m

TSError: тип Unable to compile TypeScript:
[96msrc/route/service.route.ts[0m:[93m22[0m:[93m73[0m - [91merror[0m[90m TS2339: [0mProperty 'findByIdClient' does not exist on type 'ServiceController'.

[7m22[0m         this.router.get(`${this.path}/findByIdClient/:id`, this.service.findByIdClient);
[7m  [0m [91m                                                                        ~~~~~~~~~~~~~~[0m

    at createTSError (/Users/toannguyen/Desktop/tn-uptech-backend/node_modules/ts-node/src/index.ts:859:12)
    at reportTSError (/Users/toannguyen/Desktop/tn-uptech-backend/node_modules/ts-node/src/index.ts:863:19)
    at getOutput (/Users/toannguyen/Desktop/tn-uptech-backend/node_modules/ts-node/src/index.ts:1077:36)
    at Object.compile (/Users/toannguyen/Desktop/tn-uptech-backend/node_modules/ts-node/src/index.ts:1433:41)
    at Module.m._compile (/Users/toannguyen/Desktop/tn-uptech-backend/node_modules/ts-node/src/index.ts:1617:30)
    at Module._extensions..js (node:internal/modules/cjs/loader:1252:10)
    at Object.require.extensions.<computed> [as .ts] (/Users/toannguyen/Desktop/tn-uptech-backend/node_modules/ts-node/src/index.ts:1621:12)
    at Module.load (node:internal/modules/cjs/loader:1076:32)
    at Function.Module._load (node:internal/modules/cjs/loader:911:12)
    at Module.require (node:internal/modules/cjs/loader:1100:19)
