2023-07-09 00:09:25 info: [0mGET /services/nav [36m304[0m 3380.327 ms - -[0m
2023-07-09 00:09:36 info: [0mGET /services/nav [36m304[0m 137.068 ms - -[0m
2023-07-09 00:10:25 info: [0mGET /services/nav [36m304[0m 1600.171 ms - -[0m
2023-07-09 00:10:38 info: [0mGET /services/nav [36m304[0m 341.675 ms - -[0m
2023-07-09 00:10:43 info: [0mGET /banners/getListBanner [32m200[0m 1713.469 ms - -[0m
2023-07-09 00:10:43 info: [0mGET /services/nav [32m200[0m 1868.698 ms - -[0m
2023-07-09 00:10:44 info: [0mGET /posts/getListFeatured [32m200[0m 2976.948 ms - -[0m
2023-07-09 00:10:50 info: [0mGET /services/nav [36m304[0m 285.008 ms - -[0m
2023-07-09 00:10:50 info: [0mGET /banners/getListBanner [32m200[0m 137.921 ms - -[0m
2023-07-09 00:10:50 info: [0mGET /services/nav [32m200[0m 72.744 ms - -[0m
2023-07-09 00:10:51 info: [0mGET /posts/getListFeatured [32m200[0m 545.488 ms - -[0m
2023-07-09 00:10:59 info: [0mGET /banners/getListBanner [32m200[0m 350.783 ms - -[0m
2023-07-09 00:10:59 info: [0mGET /services/nav [32m200[0m 284.928 ms - -[0m
2023-07-09 00:11:12 info: [0mGET /posts/getListFeatured [32m200[0m 2351.335 ms - -[0m
2023-07-09 00:11:13 info: [0mGET /services/nav [36m304[0m 177.598 ms - -[0m
2023-07-09 00:11:16 info: [0mGET /services/nav [36m304[0m 128.278 ms - -[0m
2023-07-09 00:11:17 info: [0mGET /banners/getListBanner [32m200[0m 303.799 ms - -[0m
2023-07-09 00:11:17 info: [0mGET /services/nav [32m200[0m 287.579 ms - -[0m
2023-07-09 00:11:20 info: [0mGET /posts/getListFeatured [32m200[0m 2188.223 ms - -[0m
2023-07-09 00:16:14 info: [0mGET /services/nav [36m304[0m 6097.533 ms - -[0m
2023-07-09 00:16:24 info: [0mGET /services/nav [36m304[0m 246.352 ms - -[0m
2023-07-09 00:16:34 info: [0mGET /banners/getListBanner [32m200[0m 526.405 ms - -[0m
2023-07-09 00:16:35 info: [0mGET /services/nav [32m200[0m 1081.552 ms - -[0m
2023-07-09 00:16:38 info: [0mGET /posts/getListFeatured [32m200[0m 3427.852 ms - -[0m
2023-07-09 00:16:45 info: [0mGET /services/nav [36m304[0m 702.443 ms - -[0m
2023-07-09 00:16:45 info: [0mGET /banners/getListBanner [32m200[0m 181.551 ms - -[0m
2023-07-09 00:16:45 info: [0mGET /services/nav [32m200[0m 224.839 ms - -[0m
2023-07-09 00:16:50 info: [0mGET /posts/getListFeatured [32m200[0m 3606.828 ms - -[0m
2023-07-09 00:18:17 info: [0mGET /banners/getListBanner [32m200[0m 305.210 ms - -[0m
2023-07-09 00:18:18 info: [0mGET /services/nav [32m200[0m 355.236 ms - -[0m
2023-07-09 00:18:21 info: [0mGET /posts/getListFeatured [32m200[0m 2955.577 ms - -[0m
2023-07-09 00:18:25 info: [0mGET /services/nav [36m304[0m 110.613 ms - -[0m
2023-07-09 00:18:25 info: [0mGET /banners/getListBanner [32m200[0m 138.800 ms - -[0m
2023-07-09 00:18:26 info: [0mGET /services/nav [32m200[0m 167.752 ms - -[0m
2023-07-09 00:18:27 info: [0mGET /posts/getListFeatured [32m200[0m 576.126 ms - -[0m
2023-07-09 00:23:10 info: [0mGET /services/nav [36m304[0m 2940.611 ms - -[0m
2023-07-09 00:23:14 info: [0mGET /services/nav [36m304[0m 130.874 ms - -[0m
2023-07-09 00:23:19 info: [0mGET /banners/getListBanner [32m200[0m 129.462 ms - -[0m
2023-07-09 00:23:19 info: [0mGET /services/nav [32m200[0m 204.094 ms - -[0m
2023-07-09 00:23:20 info: [0mGET /posts/getListFeatured [32m200[0m 1033.277 ms - -[0m
2023-07-09 00:23:25 info: [0mGET /services/nav [36m304[0m 225.759 ms - -[0m
2023-07-09 00:23:26 info: [0mGET /banners/getListBanner [32m200[0m 84.316 ms - -[0m
2023-07-09 00:23:26 info: [0mGET /services/nav [32m200[0m 438.825 ms - -[0m
2023-07-09 00:23:27 info: [0mGET /posts/getListFeatured [32m200[0m 825.770 ms - -[0m
2023-07-09 00:23:58 info: [0mGET /banners/getListBanner [32m200[0m 151.627 ms - -[0m
2023-07-09 00:23:58 info: [0mGET /services/nav [32m200[0m 166.231 ms - -[0m
2023-07-09 00:24:00 info: [0mGET /posts/getListFeatured [32m200[0m 1574.067 ms - -[0m
2023-07-09 00:25:09 info: [0mGET /banners/getListBanner [32m200[0m 749.234 ms - -[0m
2023-07-09 00:25:09 info: [0mGET /services/nav [32m200[0m 800.570 ms - -[0m
2023-07-09 00:25:13 info: [0mGET /posts/getListFeatured [32m200[0m 3804.280 ms - -[0m
2023-07-09 00:25:28 info: [0mGET /services/nav [36m304[0m 1538.563 ms - -[0m
2023-07-09 00:25:48 info: [0mGET /banners/getListBanner [32m200[0m 129.423 ms - -[0m
2023-07-09 00:25:48 info: [0mGET /services/nav [32m200[0m 301.482 ms - -[0m
2023-07-09 00:25:50 info: [0mGET /posts/getListFeatured [32m200[0m 1930.029 ms - -[0m
2023-07-09 00:25:55 info: [0mGET /services/nav [36m304[0m 170.313 ms - -[0m
2023-07-09 00:25:55 info: [0mGET /banners/getListBanner [32m200[0m 64.618 ms - -[0m
2023-07-09 00:25:55 info: [0mGET /services/nav [32m200[0m 97.251 ms - -[0m
2023-07-09 00:25:57 info: [0mGET /posts/getListFeatured [32m200[0m 1259.988 ms - -[0m
2023-07-09 00:26:01 info: [0mGET /services/nav [32m200[0m 263.801 ms - -[0m
2023-07-09 00:26:01 info: [0mGET /banners/getListBanner [32m200[0m 627.349 ms - -[0m
2023-07-09 00:26:02 info: [0mGET /posts/getListFeatured [32m200[0m 1088.144 ms - -[0m
2023-07-09 00:26:07 info: [0mGET /services/nav [32m200[0m 145.272 ms - -[0m
2023-07-09 00:26:07 info: [0mGET /services/nav [32m200[0m 103.073 ms - -[0m
2023-07-09 00:26:09 info: [0mGET /banners/getListBanner [32m200[0m 81.747 ms - -[0m
2023-07-09 00:26:10 info: [0mGET /services/nav [32m200[0m 302.780 ms - -[0m
2023-07-09 00:26:11 info: [0mGET /posts/getListFeatured [32m200[0m 1087.073 ms - -[0m
2023-07-09 00:26:13 info: [0mGET /services/getListService [32m200[0m 100.287 ms - -[0m
2023-07-09 00:26:13 info: [0mGET /branchs/getListBranch [36m304[0m 135.379 ms - -[0m
2023-07-09 00:26:13 info: [0mGET /projects/getProjectsClient [36m304[0m 362.630 ms - -[0m
2023-07-09 00:26:15 info: [0mGET /banners/getListBanner [32m200[0m 68.914 ms - -[0m
2023-07-09 00:26:15 info: [0mGET /services/nav [32m200[0m 40.585 ms - -[0m
2023-07-09 00:26:16 info: [0mGET /posts/getListFeatured [32m200[0m 284.181 ms - -[0m
2023-07-09 00:26:51 info: [0mGET /services/nav [36m304[0m 1998.454 ms - -[0m
2023-07-09 00:27:19 info: [0mGET /services/nav [36m304[0m 152.026 ms - -[0m
2023-07-09 00:27:42 info: [0mGET /ceos/getlistCeo [32m200[0m 2095.574 ms - 539[0m
2023-07-09 00:27:43 info: [0mGET /banners/getListBanner [32m200[0m 110.422 ms - -[0m
2023-07-09 00:27:43 info: [0mGET /services/nav [32m200[0m 123.207 ms - -[0m
2023-07-09 00:27:44 info: [0mGET /posts/getListFeatured [32m200[0m 540.813 ms - -[0m
2023-07-09 00:27:49 info: [0mGET /banners/getListBanner [32m200[0m 39.709 ms - -[0m
2023-07-09 00:27:49 info: [0mGET /services/nav [32m200[0m 42.215 ms - -[0m
2023-07-09 00:27:50 info: [0mGET /posts/getListFeatured [32m200[0m 630.464 ms - -[0m
2023-07-09 00:27:52 info: [0mGET /banners/getListBanner [32m200[0m 50.121 ms - -[0m
2023-07-09 00:27:52 info: [0mGET /services/nav [32m200[0m 23.650 ms - -[0m
2023-07-09 00:27:53 info: [0mGET /posts/getListFeatured [32m200[0m 253.569 ms - -[0m
2023-07-09 00:28:10 info: [0mGET /posts/getListFeatured [32m200[0m 1146.174 ms - -[0m
2023-07-09 00:34:12 info: [0mGET /banners/getListBanner [32m200[0m 415.952 ms - -[0m
2023-07-09 00:34:12 info: [0mGET /services/nav [32m200[0m 332.399 ms - -[0m
2023-07-09 00:34:13 info: [0mGET /posts/getListFeatured [32m200[0m 618.753 ms - -[0m
2023-07-09 00:38:59 info: [0mGET /services/nav [36m304[0m 1128.699 ms - -[0m
2023-07-09 00:39:16 info: [0mGET /services/nav [36m304[0m 452.339 ms - -[0m
2023-07-09 00:39:34 info: [0mGET /services/nav [36m304[0m 167.046 ms - -[0m
2023-07-09 00:39:37 info: [0mGET /services/nav [36m304[0m 128.425 ms - -[0m
2023-07-09 00:39:53 info: [0mGET /services/nav [36m304[0m 211.772 ms - -[0m
2023-07-09 00:39:57 info: [0mGET /services/nav [36m304[0m 143.445 ms - -[0m
2023-07-09 00:40:16 info: [0mGET /services/nav [36m304[0m 277.633 ms - -[0m
2023-07-09 00:40:23 info: [0mGET /services/nav [36m304[0m 210.201 ms - -[0m
2023-07-09 00:40:35 info: [0mGET /services/nav [36m304[0m 90.937 ms - -[0m
2023-07-09 00:40:48 info: [0mGET /services/nav [36m304[0m 107.905 ms - -[0m
2023-07-09 00:41:00 info: [0mGET /services/nav [36m304[0m 465.378 ms - -[0m
2023-07-09 00:41:04 info: [0mGET /services/nav [36m304[0m 154.102 ms - -[0m
2023-07-09 00:41:13 info: [0mGET /services/nav [36m304[0m 51.482 ms - -[0m
2023-07-09 00:42:27 info: [0mGET /services/nav [36m304[0m 983.255 ms - -[0m
2023-07-09 00:43:21 info: [0mGET /banners/getListBanner [32m200[0m 2623.303 ms - -[0m
2023-07-09 00:43:21 info: [0mGET /services/nav [32m200[0m 2578.420 ms - -[0m
2023-07-09 00:43:27 info: [0mGET /posts/getListFeatured [32m200[0m 5053.753 ms - -[0m
2023-07-09 00:43:28 info: [0mGET /banners/getListBanner [32m200[0m 289.042 ms - -[0m
2023-07-09 00:43:28 info: [0mGET /services/nav [32m200[0m 258.115 ms - -[0m
2023-07-09 00:43:30 info: [0mGET /posts/getListFeatured [32m200[0m 2193.310 ms - -[0m
2023-07-09 00:45:14 info: [0mGET /services/nav [36m304[0m 1541.918 ms - -[0m
2023-07-09 00:45:15 info: [0mGET /banners/getListBanner [32m200[0m 64.789 ms - -[0m
2023-07-09 00:45:15 info: [0mGET /services/nav [32m200[0m 70.338 ms - -[0m
2023-07-09 00:45:16 info: [0mGET /posts/getListFeatured [32m200[0m 646.332 ms - -[0m
2023-07-09 00:48:34 info: [0mGET /banners/getListBanner [32m200[0m 934.982 ms - -[0m
2023-07-09 00:48:34 info: [0mGET /services/nav [32m200[0m 903.005 ms - -[0m
2023-07-09 00:48:35 info: [0mGET /posts/getListFeatured [32m200[0m 1276.857 ms - -[0m
2023-07-09 00:48:39 info: [0mGET /services/nav [36m304[0m 47.152 ms - -[0m
2023-07-09 00:48:40 info: [0mGET /banners/getListBanner [32m200[0m 128.386 ms - -[0m
2023-07-09 00:48:40 info: [0mGET /services/nav [32m200[0m 283.528 ms - -[0m
2023-07-09 00:48:41 info: [0mGET /posts/getListFeatured [32m200[0m 570.126 ms - -[0m
2023-07-09 00:49:08 info: [0mGET /jobs/getListFeatured [32m200[0m 279.769 ms - -[0m
2023-07-09 00:57:14 info: [0mGET /services/nav [36m304[0m 689.845 ms - -[0m
2023-07-09 00:57:14 info: [0mGET /jobs/getListFeatured [36m304[0m 624.283 ms - -[0m
2023-07-09 01:01:15 info: [0mGET /jobs/getListFeatured [36m304[0m 643.271 ms - -[0m
2023-07-09 01:01:15 info: [0mGET /services/nav [36m304[0m 773.520 ms - -[0m
2023-07-09 01:01:29 info: [0mGET /services/getListService [36m304[0m 120.981 ms - -[0m
2023-07-09 01:01:30 info: [0mGET /branchs/getListBranch [36m304[0m 174.462 ms - -[0m
2023-07-09 01:01:30 info: [0mGET /projects/getProjectsClient [36m304[0m 330.759 ms - -[0m
2023-07-09 01:01:34 info: [0mGET /categories/getListCategories [32m200[0m 29.890 ms - 441[0m
2023-07-09 01:01:35 info: [0mGET /posts/getPageAll [32m200[0m 673.273 ms - -[0m
2023-07-09 01:01:38 info: [0mGET /services/nav [36m304[0m 132.133 ms - -[0m
2023-07-09 01:05:55 info: [0mGET /categories/getListCategories [32m200[0m 1445.695 ms - 441[0m
2023-07-09 01:05:58 info: [0mGET /posts/getPageAll [32m200[0m 1868.391 ms - -[0m
2023-07-09 01:06:04 info: [0mGET /services/nav [36m304[0m 310.346 ms - -[0m
2023-07-09 01:06:04 info: [0mGET /categories/getListCategories [32m200[0m 205.124 ms - 441[0m
2023-07-09 01:06:08 info: [0mGET /posts/getPageAll [32m200[0m 2751.995 ms - -[0m
2023-07-09 01:08:18 info: [0mGET /categories/getListCategories [36m304[0m 1102.587 ms - -[0m
2023-07-09 01:08:18 info: [0mGET /services/nav [36m304[0m 1496.444 ms - -[0m
2023-07-09 01:08:19 info: [0mGET /posts/category/digital-marketing [32m200[0m 1776.751 ms - 59[0m
2023-07-09 01:08:19 info: [0mGET /posts/category/undefined [36m304[0m 2065.627 ms - -[0m
2023-07-09 01:08:44 info: [0mGET /categories/getListCategories [36m304[0m 316.483 ms - -[0m
2023-07-09 01:08:44 info: [0mGET /services/nav [36m304[0m 451.651 ms - -[0m
2023-07-09 01:08:44 info: [0mGET /posts/category/undefined [36m304[0m 480.283 ms - -[0m
2023-07-09 01:08:44 info: [0mGET /posts/category/digital-marketing [36m304[0m 275.359 ms - -[0m
2023-07-09 01:08:52 info: [0mGET /banners/getListBanner [32m200[0m 72.153 ms - -[0m
2023-07-09 01:08:52 info: [0mGET /services/nav [32m200[0m 66.017 ms - -[0m
2023-07-09 01:08:53 info: [0mGET /posts/getListFeatured [32m200[0m 424.455 ms - -[0m
2023-07-09 01:08:55 info: [0mGET /services/nav [36m304[0m 225.000 ms - -[0m
2023-07-09 01:09:00 info: [0mGET /posts/getPageAll [32m200[0m 801.383 ms - -[0m
2023-07-09 01:09:01 info: [0mGET /categories/getListCategories [32m200[0m 10.725 ms - 441[0m
2023-07-09 01:09:02 info: [0mGET /posts/getPageAll [32m200[0m 448.852 ms - -[0m
2023-07-09 01:09:33 info: [0mGET /categories/getListCategories [32m200[0m 33.431 ms - 441[0m
2023-07-09 01:09:35 info: [0mGET /posts/getPageAll [32m200[0m 654.168 ms - -[0m
2023-07-09 01:09:40 info: [0mGET /services/nav [36m304[0m 85.916 ms - -[0m
2023-07-09 01:09:40 info: [0mGET /categories/getListCategories [32m200[0m 67.621 ms - 441[0m
2023-07-09 01:09:42 info: [0mGET /posts/getPageAll [32m200[0m 633.248 ms - -[0m
2023-07-09 01:09:44 info: [0mGET /jobs/getListFeatured [36m304[0m 285.364 ms - -[0m
2023-07-09 01:09:56 info: [0mGET /banners/getListBanner [32m200[0m 120.953 ms - -[0m
2023-07-09 01:09:56 info: [0mGET /services/nav [32m200[0m 119.185 ms - -[0m
2023-07-09 01:09:57 info: [0mGET /posts/getListFeatured [32m200[0m 243.802 ms - -[0m
2023-07-09 01:10:22 info: [0mGET /banners/getListBanner [32m200[0m 50.024 ms - -[0m
2023-07-09 01:10:22 info: [0mGET /services/nav [32m200[0m 44.816 ms - -[0m
2023-07-09 01:10:23 info: [0mGET /posts/getListFeatured [32m200[0m 620.517 ms - -[0m
2023-07-09 01:35:07 info: [0mGET /banners/getListBanner [32m200[0m 2062.378 ms - -[0m
2023-07-09 01:35:07 info: [0mGET /services/nav [32m200[0m 1992.331 ms - -[0m
2023-07-09 01:35:08 info: [0mGET /posts/getListFeatured [32m200[0m 3376.510 ms - -[0m
2023-07-09 01:35:14 info: [0mGET /services/nav [32m200[0m 284.123 ms - -[0m
2023-07-09 01:35:15 info: [0mGET /banners/getListBanner [32m200[0m 499.675 ms - -[0m
2023-07-09 01:35:15 info: [0mGET /services/nav [32m200[0m 305.142 ms - -[0m
2023-07-09 01:35:17 info: [0mGET /posts/getListFeatured [32m200[0m 732.583 ms - -[0m
2023-07-09 01:35:21 info: [0mGET /banners/getListBanner [32m200[0m 340.008 ms - -[0m
2023-07-09 01:35:21 info: [0mGET /services/nav [32m200[0m 336.598 ms - -[0m
2023-07-09 01:35:22 info: [0mGET /posts/getListFeatured [32m200[0m 1313.470 ms - -[0m
2023-07-09 01:35:26 info: [0mGET /services/nav [32m200[0m 389.622 ms - -[0m
2023-07-09 01:35:26 info: [0mGET /banners/getListBanner [32m200[0m 122.685 ms - -[0m
2023-07-09 01:35:26 info: [0mGET /services/nav [32m200[0m 206.245 ms - -[0m
2023-07-09 01:35:26 info: [0mGET /posts/getListFeatured [32m200[0m 460.661 ms - -[0m
2023-07-09 01:36:24 info: =================================
2023-07-09 01:36:24 info: ======= ENV: development =======
2023-07-09 01:36:24 info: 🚀 App listening on the port 8000
2023-07-09 01:36:24 info: =================================
2023-07-09 01:36:29 info: [0mGET /banners/getListBanner [32m200[0m 1583.863 ms - -[0m
2023-07-09 01:36:29 info: [0mGET /services/nav [32m200[0m 1532.785 ms - -[0m
2023-07-09 01:36:29 info: [0mGET /posts/getListFeatured [32m200[0m 1757.736 ms - -[0m
2023-07-09 01:36:33 info: [0mGET /services/nav [36m304[0m 228.424 ms - -[0m
2023-07-09 01:36:33 info: [0mGET /banners/getListBanner [32m200[0m 132.789 ms - -[0m
2023-07-09 01:36:33 info: [0mGET /services/nav [32m200[0m 110.493 ms - -[0m
2023-07-09 01:36:35 info: [0mGET /posts/getListFeatured [32m200[0m 536.376 ms - -[0m
2023-07-09 01:37:30 info: =================================
2023-07-09 01:37:30 info: ======= ENV: development =======
2023-07-09 01:37:30 info: 🚀 App listening on the port 8000
2023-07-09 01:37:30 info: =================================
2023-07-09 01:37:45 info: [0mGET /banners/getListBanner [32m200[0m 664.148 ms - -[0m
2023-07-09 01:37:45 info: [0mGET /services/nav [32m200[0m 615.916 ms - -[0m
2023-07-09 01:37:45 info: [0mGET /posts/getListFeatured [32m200[0m 976.739 ms - -[0m
2023-07-09 01:37:48 info: [0mGET /banners/getListBanner [32m200[0m 648.955 ms - -[0m
2023-07-09 01:37:48 info: [0mGET /services/nav [32m200[0m 675.367 ms - -[0m
2023-07-09 01:37:49 info: [0mGET /posts/getListFeatured [32m200[0m 1306.283 ms - -[0m
2023-07-09 01:37:51 info: [0mGET /services/nav [36m304[0m 332.258 ms - -[0m
2023-07-09 01:37:51 info: [0mGET /banners/getListBanner [32m200[0m 68.052 ms - -[0m
2023-07-09 01:37:51 info: [0mGET /services/nav [32m200[0m 134.041 ms - -[0m
2023-07-09 01:37:52 info: [0mGET /posts/getListFeatured [32m200[0m 447.808 ms - -[0m
2023-07-09 01:39:01 info: [0mOPTIONS /admins/login [32m204[0m 24.853 ms - 0[0m
2023-07-09 01:39:03 info: [0mPOST /admins/login [32m200[0m 2388.551 ms - -[0m
2023-07-09 01:39:07 info: [0mOPTIONS /admins/profile [32m204[0m 5.207 ms - 0[0m
2023-07-09 01:39:08 info: [0mGET /banners? [32m200[0m 421.801 ms - -[0m
2023-07-09 01:39:08 info: [0mGET /banners?page=1&page_size=10 [32m200[0m 205.199 ms - -[0m
2023-07-09 01:39:08 info: [0mGET /admins/profile [32m200[0m 779.593 ms - 268[0m
2023-07-09 01:39:14 info: [0mOPTIONS /admins/profile [32m204[0m 2.301 ms - 0[0m
2023-07-09 01:39:15 info: [0mGET /banners?page=1&page_size=10 [32m200[0m 279.640 ms - -[0m
2023-07-09 01:39:15 info: [0mGET /admins/profile [36m304[0m 958.739 ms - -[0m
2023-07-09 01:39:15 info: [0mGET /banners?page=1&page_size=10 [36m304[0m 114.784 ms - -[0m
2023-07-09 01:39:24 info: [0mOPTIONS /admins/profile [32m204[0m 4.437 ms - 0[0m
2023-07-09 01:39:24 info: [0mGET /banners/show/1 [32m200[0m 406.887 ms - 825[0m
2023-07-09 01:39:24 info: [0mGET /admins/profile [36m304[0m 615.272 ms - -[0m
2023-07-09 01:39:44 info: [0mOPTIONS /banners/update/1 [32m204[0m 2.944 ms - 0[0m
2023-07-09 01:39:44 info: [0mPUT /banners/update/1 [32m200[0m 239.220 ms - 27[0m
2023-07-09 01:39:44 info: [0mGET /banners/show/1 [32m200[0m 143.417 ms - 783[0m
2023-07-09 01:39:54 info: [0mGET /banners/getListBanner [32m200[0m 286.915 ms - -[0m
2023-07-09 01:39:54 info: [0mGET /services/nav [32m200[0m 323.324 ms - -[0m
2023-07-09 01:39:55 info: [0mGET /posts/getListFeatured [32m200[0m 1173.097 ms - -[0m
2023-07-09 01:39:58 info: [0mGET /banners/getListBanner [32m200[0m 209.872 ms - -[0m
2023-07-09 01:39:58 info: [0mGET /services/nav [32m200[0m 259.387 ms - -[0m
2023-07-09 01:39:59 info: [0mGET /posts/getListFeatured [32m200[0m 618.308 ms - -[0m
2023-07-09 01:40:04 info: [0mGET /services/nav [36m304[0m 264.655 ms - -[0m
2023-07-09 01:40:05 info: [0mGET /banners/getListBanner [32m200[0m 72.266 ms - -[0m
2023-07-09 01:40:05 info: [0mGET /services/nav [32m200[0m 120.388 ms - -[0m
2023-07-09 01:40:06 info: [0mGET /posts/getListFeatured [32m200[0m 865.521 ms - -[0m
2023-07-09 01:44:33 info: [0mGET /banners/getListBanner [32m200[0m 1068.000 ms - -[0m
2023-07-09 01:44:33 info: [0mGET /services/nav [32m200[0m 852.820 ms - -[0m
2023-07-09 01:44:34 info: [0mGET /posts/getListFeatured [32m200[0m 1390.503 ms - -[0m
2023-07-09 01:44:41 info: [0mGET /services/nav [32m200[0m 1437.891 ms - -[0m
2023-07-09 01:44:41 info: [0mGET /banners/getListBanner [32m200[0m 727.356 ms - -[0m
2023-07-09 01:44:41 info: [0mGET /services/nav [32m200[0m 601.426 ms - -[0m
2023-07-09 01:44:43 info: [0mGET /posts/getListFeatured [32m200[0m 1689.812 ms - -[0m
2023-07-09 01:46:30 info: [0mOPTIONS /admins/login [32m204[0m 10.279 ms - 0[0m
2023-07-09 01:46:32 info: [0mPOST /admins/login [32m200[0m 1523.976 ms - -[0m
2023-07-09 01:46:33 info: [0mOPTIONS /admins/profile [32m204[0m 2.438 ms - 0[0m
2023-07-09 01:46:34 info: [0mGET /admins/profile [32m200[0m 299.122 ms - 268[0m
2023-07-09 01:46:34 info: [0mGET /banners? [32m200[0m 239.949 ms - -[0m
2023-07-09 01:46:34 info: [0mGET /banners?page=1&page_size=10 [32m200[0m 186.241 ms - -[0m
2023-07-09 01:46:37 info: [0mGET /admins/profile [36m304[0m 267.999 ms - -[0m
2023-07-09 01:46:38 info: [0mGET /banners?page=1&page_size=10 [32m200[0m 262.979 ms - -[0m
2023-07-09 01:46:39 info: [0mGET /banners?page=1&page_size=10 [36m304[0m 321.388 ms - -[0m
2023-07-09 01:46:44 info: [0mOPTIONS /admins/profile [32m204[0m 1.140 ms - 0[0m
2023-07-09 01:46:44 info: [0mGET /banners/show/2 [32m200[0m 137.116 ms - -[0m
2023-07-09 01:46:44 info: [0mGET /admins/profile [36m304[0m 275.457 ms - -[0m
2023-07-09 01:46:54 info: [0mOPTIONS /banners/update/2 [32m204[0m 0.930 ms - 0[0m
2023-07-09 01:46:54 info: [0mPUT /banners/update/2 [32m200[0m 64.848 ms - 27[0m
2023-07-09 01:46:54 info: [0mGET /banners/show/2 [32m200[0m 23.987 ms - 948[0m
2023-07-09 01:46:57 info: [0mOPTIONS /admins/profile [32m204[0m 0.288 ms - 0[0m
2023-07-09 01:46:57 info: [0mGET /banners/show/2 [36m304[0m 108.277 ms - -[0m
2023-07-09 01:46:57 info: [0mGET /admins/profile [36m304[0m 208.994 ms - -[0m
2023-07-09 01:46:57 info: [0mGET /banners?page=1&page_size=10 [32m200[0m 164.027 ms - -[0m
2023-07-09 01:46:57 info: [0mGET /banners?page=1&page_size=10 [36m304[0m 115.202 ms - -[0m
2023-07-09 01:47:00 info: [0mGET /admins/profile [36m304[0m 118.079 ms - -[0m
2023-07-09 01:47:00 info: [0mGET /banners/show/3 [32m200[0m 186.303 ms - -[0m
2023-07-09 01:47:08 info: [0mOPTIONS /banners/update/3 [32m204[0m 0.875 ms - 0[0m
2023-07-09 01:47:08 info: [0mPUT /banners/update/3 [32m200[0m 63.050 ms - 27[0m
2023-07-09 01:47:08 info: [0mGET /banners/show/3 [32m200[0m 57.751 ms - 947[0m
2023-07-09 01:47:08 info: [0mGET /banners/show/2 [36m304[0m 23.995 ms - -[0m
2023-07-09 01:47:14 info: [0mGET /banners/getListBanner [32m200[0m 73.222 ms - -[0m
2023-07-09 01:47:14 info: [0mGET /services/nav [32m200[0m 62.445 ms - -[0m
2023-07-09 01:47:16 info: [0mGET /posts/getListFeatured [32m200[0m 1349.355 ms - -[0m
2023-07-09 01:47:22 info: [0mGET /services/nav [36m304[0m 169.265 ms - -[0m
2023-07-09 01:47:22 info: [0mGET /banners/getListBanner [32m200[0m 86.483 ms - -[0m
2023-07-09 01:47:23 info: [0mGET /services/nav [32m200[0m 293.966 ms - -[0m
2023-07-09 01:47:24 info: [0mGET /posts/getListFeatured [32m200[0m 1149.443 ms - -[0m
2023-07-09 01:48:32 info: [0mGET /banners/getListBanner [32m200[0m 2356.088 ms - -[0m
2023-07-09 01:48:32 info: [0mGET /services/nav [32m200[0m 2327.101 ms - -[0m
2023-07-09 01:48:35 info: [0mGET /posts/getListFeatured [32m200[0m 3840.132 ms - -[0m
2023-07-09 01:48:41 info: [0mGET /services/nav [36m304[0m 352.657 ms - -[0m
2023-07-09 01:48:41 info: [0mGET /banners/getListBanner [32m200[0m 34.532 ms - -[0m
2023-07-09 01:48:42 info: [0mGET /services/nav [32m200[0m 214.771 ms - -[0m
2023-07-09 01:48:42 info: [0mGET /posts/getListFeatured [32m200[0m 427.327 ms - -[0m
2023-07-09 01:48:53 info: [0mGET /banners/getListBanner [32m200[0m 31.727 ms - -[0m
2023-07-09 01:48:53 info: [0mGET /services/nav [32m200[0m 170.877 ms - -[0m
2023-07-09 01:48:54 info: [0mGET /posts/getListFeatured [32m200[0m 735.405 ms - -[0m
2023-07-09 01:48:57 info: [0mGET /services/nav [36m304[0m 123.700 ms - -[0m
2023-07-09 01:48:57 info: [0mGET /banners/getListBanner [32m200[0m 31.709 ms - -[0m
2023-07-09 01:48:57 info: [0mGET /services/nav [32m200[0m 206.962 ms - -[0m
2023-07-09 01:48:58 info: [0mGET /posts/getListFeatured [32m200[0m 434.975 ms - -[0m
2023-07-09 01:49:06 info: [0mGET /banners/getListBanner [32m200[0m 57.619 ms - -[0m
2023-07-09 01:49:06 info: [0mGET /services/nav [32m200[0m 85.087 ms - -[0m
2023-07-09 01:49:07 info: [0mGET /posts/getListFeatured [32m200[0m 332.924 ms - -[0m
2023-07-09 01:49:13 info: [0mGET /services/nav [32m200[0m 346.684 ms - -[0m
2023-07-09 01:49:14 info: [0mGET /banners/getListBanner [32m200[0m 126.802 ms - -[0m
2023-07-09 01:49:14 info: [0mGET /services/nav [32m200[0m 236.723 ms - -[0m
2023-07-09 01:49:15 info: [0mGET /posts/getListFeatured [32m200[0m 1216.340 ms - -[0m
2023-07-09 01:53:31 info: [0mGET /banners/getListBanner [32m200[0m 5413.042 ms - 3100[0m
2023-07-09 01:53:31 info: [0mGET /services/nav [32m200[0m 5185.152 ms - 1882[0m
2023-07-09 01:53:35 info: [0mGET /posts/getListFeatured [32m200[0m 8979.201 ms - 4046780[0m
2023-07-09 01:53:39 info: [0mGET /banners/getListBanner [32m200[0m 350.672 ms - 3100[0m
2023-07-09 01:53:39 info: [0mGET /services/nav [32m200[0m 423.134 ms - 1882[0m
2023-07-09 01:53:41 info: [0mGET /posts/getListFeatured [32m200[0m 1674.077 ms - 4046780[0m
2023-07-09 01:54:43 info: [0mGET /banners/getListBanner [32m200[0m 3438.000 ms - 3100[0m
2023-07-09 01:54:44 info: [0mGET /services/nav [32m200[0m 3554.351 ms - 1882[0m
2023-07-09 01:54:45 info: [0mGET /posts/getListFeatured [32m200[0m 4981.350 ms - 4046780[0m
2023-07-09 01:55:22 info: [0mGET /banners/getListBanner [32m200[0m 2695.979 ms - 3100[0m
2023-07-09 01:55:22 info: [0mGET /services/nav [32m200[0m 2608.667 ms - 1882[0m
2023-07-09 01:55:30 info: [0mGET /posts/getListFeatured [32m200[0m 10576.360 ms - 4046780[0m
2023-07-09 01:55:51 info: [0mGET /banners/getListBanner [32m200[0m 2015.450 ms - 3100[0m
2023-07-09 01:55:51 info: [0mGET /services/nav [36m304[0m 4712.688 ms - -[0m
2023-07-09 01:55:52 info: [0mGET /services/nav [32m200[0m 2680.840 ms - 1882[0m
2023-07-09 01:56:00 info: [0mGET /posts/getListFeatured [32m200[0m 10400.605 ms - 4046780[0m
2023-07-09 01:56:26 info: [0mGET /banners/getListBanner [32m200[0m 2442.535 ms - 2634[0m
2023-07-09 01:56:26 info: [0mGET /services/nav [32m200[0m 2381.490 ms - 1883[0m
2023-07-09 01:56:28 info: [0mGET /posts/getListFeatured [32m200[0m 3980.278 ms - 2539641[0m
2023-07-09 01:56:34 info: [0mGET /services/nav [32m200[0m 570.271 ms - -[0m
2023-07-09 01:56:34 info: [0mGET /banners/getListBanner [32m200[0m 98.585 ms - 2634[0m
2023-07-09 01:56:34 info: [0mGET /services/nav [32m200[0m 100.683 ms - 1883[0m
2023-07-09 01:56:35 info: [0mGET /posts/getListFeatured [32m200[0m 769.666 ms - 2539641[0m
2023-07-09 02:06:49 info: [0mGET /banners/getListBanner [32m200[0m 868.034 ms - 3100[0m
2023-07-09 02:06:49 info: [0mGET /banners/getListBanner [32m200[0m 928.055 ms - 2634[0m
2023-07-09 02:06:49 info: [0mGET /banners/getListBanner [32m200[0m 1028.909 ms - 3057[0m
2023-07-09 02:06:49 info: [0mGET /categories/getListCategories [32m200[0m 1149.742 ms - 441[0m
2023-07-09 02:06:49 info: [0mGET /categories/getListCategories [32m200[0m 1295.240 ms - 441[0m
2023-07-09 02:06:49 info: [0mGET /categories/getListCategories [32m200[0m 1162.058 ms - 441[0m
2023-07-09 02:06:49 info: [0mGET /services/nav [32m200[0m 1082.245 ms - 1882[0m
2023-07-09 02:06:49 info: [0mGET /services/nav [32m200[0m 1212.316 ms - 1883[0m
2023-07-09 02:06:49 info: [0mGET /services/nav [32m200[0m 1196.865 ms - 1883[0m
2023-07-09 02:06:50 info: [0mGET /posts/getListFeatured [32m200[0m 1887.447 ms - 2539641[0m
2023-07-09 02:06:50 info: [0mGET /posts/getListFeatured [32m200[0m 1718.152 ms - 4046780[0m
2023-07-09 02:06:51 info: [0mGET /posts/getListFeatured [32m200[0m 2264.622 ms - 3471182[0m
2023-07-09 02:06:51 info: [0mGET /posts/getPageAll [32m200[0m 1597.229 ms - -[0m
2023-07-09 02:06:52 info: [0mGET /posts/getPageAll [32m200[0m 1710.403 ms - -[0m
2023-07-09 02:06:52 info: [0mGET /posts/getPageAll [32m200[0m 1407.782 ms - -[0m
2023-07-09 02:11:35 info: [0mGET /banners/getListBanner [32m200[0m 204.541 ms - 3100[0m
2023-07-09 02:11:35 info: [0mGET /services/nav [32m200[0m 174.783 ms - 1882[0m
2023-07-09 02:11:36 info: [0mGET /posts/getListFeatured [32m200[0m 523.128 ms - 4046780[0m
2023-07-09 02:11:40 info: [0mGET /services/nav [32m200[0m 82.792 ms - -[0m
2023-07-09 02:11:40 info: [0mGET /banners/getListBanner [32m200[0m 62.477 ms - 3100[0m
2023-07-09 02:11:40 info: [0mGET /services/nav [32m200[0m 128.173 ms - 1882[0m
2023-07-09 02:11:41 info: [0mGET /posts/getListFeatured [32m200[0m 1037.247 ms - 4046780[0m
2023-07-09 02:11:47 info: [0mGET /categories/getListCategories [32m200[0m 76.459 ms - 441[0m
2023-07-09 02:11:49 info: [0mGET /posts/getPageAll [32m200[0m 704.817 ms - -[0m
2023-07-09 02:11:51 info: [0mGET /categories/getListCategories [32m200[0m 40.212 ms - 441[0m
2023-07-09 02:11:53 info: [0mGET /posts/getPageAll [32m200[0m 715.259 ms - -[0m
2023-07-09 02:12:05 info: [0mGET /categories/getListCategories [32m200[0m 55.357 ms - 441[0m
2023-07-09 02:12:06 info: [0mGET /posts/getPageAll [32m200[0m 624.029 ms - -[0m
2023-07-09 02:12:11 info: [0mGET /services/nav [36m304[0m 203.625 ms - -[0m
2023-07-09 02:12:11 info: [0mGET /categories/getListCategories [32m200[0m 5.542 ms - 441[0m
2023-07-09 02:12:12 info: [0mGET /posts/getPageAll [32m200[0m 591.564 ms - -[0m
2023-07-09 02:12:19 info: [0mGET /ceos/getlistCeo [32m200[0m 131.772 ms - 536[0m
2023-07-09 02:12:19 info: [0mGET /categories/getListCategories [32m200[0m 30.071 ms - 441[0m
2023-07-09 02:12:21 info: [0mGET /posts/getPageAll [32m200[0m 388.122 ms - -[0m
2023-07-09 02:12:25 info: [0mGET /branchs/getListBranch [32m200[0m 122.810 ms - 717[0m
2023-07-09 02:12:25 info: [0mGET /services/getListService [32m200[0m 52.031 ms - -[0m
2023-07-09 02:12:25 info: [0mGET /projects/getProjectsClient [32m200[0m 119.018 ms - -[0m
2023-07-09 02:13:00 info: [0mGET /banners/getListBanner [32m200[0m 61.612 ms - 3100[0m
2023-07-09 02:13:00 info: [0mGET /services/nav [32m200[0m 25.877 ms - 1882[0m
2023-07-09 02:13:00 info: [0mGET /posts/getListFeatured [32m200[0m 343.067 ms - 4046780[0m
2023-07-09 02:16:08 info: [0mGET /banners/getListBanner [32m200[0m 548.630 ms - 3100[0m
2023-07-09 02:16:08 info: [0mGET /services/nav [32m200[0m 552.953 ms - 1882[0m
2023-07-09 02:16:09 info: [0mGET /posts/getListFeatured [32m200[0m 1362.738 ms - 4046780[0m
2023-07-09 02:16:13 info: [0mGET /services/nav [36m304[0m 159.838 ms - -[0m
2023-07-09 02:16:13 info: [0mGET /banners/getListBanner [32m200[0m 78.352 ms - 3100[0m
2023-07-09 02:16:13 info: [0mGET /services/nav [32m200[0m 102.761 ms - 1882[0m
2023-07-09 02:16:14 info: [0mGET /posts/getListFeatured [32m200[0m 659.158 ms - 4046780[0m
2023-07-09 02:16:17 info: [0mGET /categories/getListCategories [32m200[0m 28.437 ms - 441[0m
2023-07-09 02:16:18 info: [0mGET /posts/getPageAll [32m200[0m 475.899 ms - -[0m
2023-07-09 02:16:19 info: [0mGET /categories/getListCategories [32m200[0m 5.289 ms - 441[0m
2023-07-09 02:16:20 info: [0mGET /posts/getPageAll [32m200[0m 380.323 ms - -[0m
2023-07-09 02:16:21 info: [0mGET /categories/getListCategories [32m200[0m 3.486 ms - 441[0m
2023-07-09 02:16:22 info: [0mGET /posts/getPageAll [32m200[0m 367.560 ms - -[0m
2023-07-09 02:16:52 info: [0mGET /categories/getListCategories [32m200[0m 59.155 ms - 441[0m
2023-07-09 02:16:53 info: [0mGET /posts/getPageAll [32m200[0m 727.946 ms - -[0m
2023-07-09 02:16:57 info: [0mGET /services/nav [36m304[0m 240.275 ms - -[0m
2023-07-09 02:16:58 info: [0mGET /categories/getListCategories [32m200[0m 23.682 ms - 441[0m
2023-07-09 02:16:59 info: [0mGET /posts/getPageAll [32m200[0m 814.795 ms - -[0m
2023-07-09 02:17:12 info: [0mGET /categories/getListCategories [32m200[0m 163.961 ms - 441[0m
2023-07-09 02:17:23 info: [0mGET /categories/getListCategories [32m200[0m 50.093 ms - 441[0m
2023-07-09 02:17:46 info: [0mGET /categories/getListCategories [32m200[0m 19.067 ms - 441[0m
2023-07-09 02:17:47 info: [0mGET /posts/getPageAll [32m200[0m 717.284 ms - -[0m
2023-07-09 02:18:08 info: [0mGET /categories/getListCategories [32m200[0m 103.403 ms - 441[0m
2023-07-09 02:18:12 info: [0mGET /posts/getPageAll [32m200[0m 1854.637 ms - -[0m
2023-07-09 02:18:14 info: [0mGET /services/nav [0m-[0m - ms - -[0m
2023-07-09 02:18:39 info: [0mGET /categories/getListCategories [32m200[0m 121.788 ms - 441[0m
2023-07-09 02:18:41 info: [0mGET /posts/getPageAll [32m200[0m 1333.367 ms - -[0m
2023-07-09 02:18:46 info: [0mGET /services/nav [32m200[0m 147.124 ms - -[0m
2023-07-09 02:18:46 info: [0mGET /categories/getListCategories [32m200[0m 25.154 ms - 441[0m
2023-07-09 02:18:47 info: [0mGET /posts/getPageAll [32m200[0m 459.509 ms - -[0m
2023-07-09 02:19:15 info: [0mGET /posts/getPageAll [32m200[0m 1285.414 ms - -[0m
2023-07-09 02:19:25 info: [0mGET /posts/getPageAll [32m200[0m 449.565 ms - -[0m
2023-07-09 02:19:33 info: [0mGET /categories/getListCategories [32m200[0m 32.210 ms - 441[0m
2023-07-09 02:19:33 info: [0mGET /posts/getPageAll [32m200[0m 848.322 ms - 6682464[0m
2023-07-09 02:19:57 info: [0mGET /categories/getListCategories [32m200[0m 67.217 ms - 441[0m
2023-07-09 02:19:58 info: [0mGET /posts/getPageAll [32m200[0m 910.552 ms - 6682464[0m
2023-07-09 02:20:32 info: [0mGET /categories/getListCategories [32m200[0m 77.593 ms - 441[0m
2023-07-09 02:20:33 info: [0mGET /posts/getPageAll [32m200[0m 816.736 ms - 6682464[0m
2023-07-09 02:23:16 info: [0mGET /categories/getListCategories [32m200[0m 171.022 ms - 441[0m
2023-07-09 02:23:17 info: [0mGET /posts/getPageAll [32m200[0m 1568.814 ms - 6682464[0m
2023-07-09 02:23:20 info: [0mGET /categories/getListCategories [32m200[0m 105.919 ms - 441[0m
2023-07-09 02:23:21 info: [0mGET /posts/getPageAll [32m200[0m 1004.437 ms - 6682464[0m
2023-07-09 02:23:23 info: [0mGET /services/nav [36m304[0m 83.067 ms - -[0m
2023-07-09 02:23:23 info: [0mGET /categories/getListCategories [32m200[0m 6.936 ms - 441[0m
2023-07-09 02:23:24 info: [0mGET /posts/getPageAll [32m200[0m 473.001 ms - 6682464[0m
2023-07-09 02:23:26 info: [0mGET /banners/getListBanner [32m200[0m 84.174 ms - 3100[0m
2023-07-09 02:23:26 info: [0mGET /services/nav [32m200[0m 119.884 ms - 1882[0m
2023-07-09 02:23:27 info: [0mGET /posts/getListFeatured [32m200[0m 261.857 ms - 4046780[0m
2023-07-09 02:23:31 info: [0mGET /categories/getListCategories [32m200[0m 25.316 ms - 441[0m
2023-07-09 02:23:31 info: [0mGET /posts/getPageAll [32m200[0m 294.257 ms - 6682464[0m
2023-07-09 02:23:34 info: [0mGET /jobs/getListFeatured [32m200[0m 71.010 ms - -[0m
2023-07-09 02:23:35 info: [0mGET /categories/getListCategories [32m200[0m 9.037 ms - 441[0m
2023-07-09 02:23:35 info: [0mGET /posts/getPageAll [32m200[0m 282.530 ms - 6682464[0m
2023-07-09 02:23:39 info: [0mGET /branchs/getListBranch [36m304[0m 63.477 ms - -[0m
2023-07-09 02:23:39 info: [0mGET /services/getListService [36m304[0m 34.971 ms - -[0m
2023-07-09 02:23:39 info: [0mGET /projects/getProjectsClient [36m304[0m 70.906 ms - -[0m
2023-07-09 02:23:40 info: [0mGET /categories/getListCategories [32m200[0m 10.869 ms - 441[0m
2023-07-09 02:23:41 info: [0mGET /posts/getPageAll [32m200[0m 628.924 ms - 6682464[0m
2023-07-09 02:23:58 info: [0mGET /categories/getListCategories [32m200[0m 60.442 ms - 441[0m
2023-07-09 02:23:58 info: [0mGET /posts/getPageAll [32m200[0m 942.664 ms - 6682464[0m
2023-07-09 02:24:03 info: [0mGET /services/nav [36m304[0m 225.321 ms - -[0m
2023-07-09 02:24:03 info: [0mGET /categories/getListCategories [32m200[0m 78.732 ms - 441[0m
2023-07-09 02:24:04 info: [0mGET /posts/getPageAll [32m200[0m 1561.778 ms - 6682464[0m
2023-07-09 02:24:23 info: [0mGET /categories/getListCategories [32m200[0m 77.017 ms - 441[0m
2023-07-09 02:24:24 info: [0mGET /posts/category/tin-tuc [32m200[0m 528.121 ms - -[0m
2023-07-09 02:24:26 info: [0mGET /posts/category/ban-tin-cong-nghe [32m200[0m 228.092 ms - -[0m
2023-07-09 02:24:32 info: [0mGET /services/show/4 [32m200[0m 143.186 ms - -[0m
2023-07-09 02:24:38 info: [0mGET /banners/getListBanner [32m200[0m 26.314 ms - 3100[0m
2023-07-09 02:24:38 info: [0mGET /services/nav [32m200[0m 48.430 ms - 1882[0m
2023-07-09 02:24:39 info: [0mGET /posts/getListFeatured [32m200[0m 226.858 ms - 4046780[0m
2023-07-09 02:24:46 info: [0mGET /jobs/getListFeatured [36m304[0m 125.806 ms - -[0m
2023-07-09 02:24:47 info: [0mGET /categories/getListCategories [32m200[0m 21.273 ms - 441[0m
2023-07-09 02:24:48 info: [0mGET /posts/getPageAll [32m200[0m 427.417 ms - 6682464[0m
2023-07-09 02:25:00 info: [0mGET /branchs/getListBranch [36m304[0m 61.877 ms - -[0m
2023-07-09 02:25:00 info: [0mGET /services/getListService [36m304[0m 54.330 ms - -[0m
2023-07-09 02:25:00 info: [0mGET /projects/getProjectsClient [36m304[0m 58.803 ms - -[0m
2023-07-09 02:25:05 info: [0mGET /ceos/getlistCeo [36m304[0m 64.532 ms - -[0m
2023-07-09 02:25:06 info: [0mGET /banners/getListBanner [32m200[0m 10.650 ms - 3100[0m
2023-07-09 02:25:06 info: [0mGET /services/nav [32m200[0m 30.440 ms - 1882[0m
2023-07-09 02:25:06 info: [0mGET /posts/getListFeatured [32m200[0m 156.232 ms - 4046780[0m
2023-07-09 02:27:44 info: [0mGET /jobs/getListFeatured [36m304[0m 480.072 ms - -[0m
2023-07-09 02:27:46 info: [0mGET /categories/getListCategories [32m200[0m 39.806 ms - 441[0m
2023-07-09 02:27:47 info: [0mGET /posts/getPageAll [32m200[0m 613.634 ms - 6682464[0m
2023-07-09 02:27:48 info: [0mGET /categories/getListCategories [32m200[0m 13.235 ms - 441[0m
2023-07-09 02:27:48 info: [0mGET /posts/getPageAll [32m200[0m 313.825 ms - 6682464[0m
2023-07-09 02:27:49 info: [0mGET /categories/getListCategories [32m200[0m 4.191 ms - 441[0m
2023-07-09 02:27:49 info: [0mGET /posts/getPageAll [32m200[0m 315.291 ms - 6682464[0m
2023-07-09 02:27:57 info: [0mGET /categories/getListCategories [32m200[0m 46.654 ms - 441[0m
2023-07-09 02:27:59 info: [0mGET /posts/getPageAll [32m200[0m 1073.895 ms - 6682464[0m
2023-07-09 02:28:34 info: [0mGET /categories/getListCategories [32m200[0m 40.467 ms - 441[0m
2023-07-09 02:28:35 info: [0mGET /posts/getPageAll [32m200[0m 1067.036 ms - 6682464[0m
2023-07-09 02:28:36 info: [0mGET /categories/getListCategories [32m200[0m 10.562 ms - 441[0m
2023-07-09 02:28:36 info: [0mGET /posts/getPageAll [32m200[0m 342.071 ms - 6682464[0m
2023-07-09 02:28:41 info: [0mGET /services/nav [36m304[0m 273.471 ms - -[0m
2023-07-09 02:28:41 info: [0mGET /categories/getListCategories [32m200[0m 186.491 ms - 441[0m
2023-07-09 02:28:42 info: [0mGET /posts/getPageAll [32m200[0m 640.090 ms - 6682464[0m
2023-07-09 02:45:49 info: [0mGET /banners/getListBanner [32m200[0m 401.696 ms - 3057[0m
2023-07-09 02:45:49 info: [0mGET /categories/getListCategories [32m200[0m 651.970 ms - 441[0m
2023-07-09 02:45:49 info: [0mGET /categories/getListCategories [32m200[0m 535.081 ms - 441[0m
2023-07-09 02:45:49 info: [0mGET /categories/getListCategories [32m200[0m 524.336 ms - 441[0m
2023-07-09 02:45:49 info: [0mGET /banners/getListBanner [32m200[0m 139.510 ms - 3100[0m
2023-07-09 02:45:49 info: [0mGET /banners/getListBanner [32m200[0m 251.261 ms - 2634[0m
2023-07-09 02:45:49 info: [0mGET /services/nav [32m200[0m 450.590 ms - 1883[0m
2023-07-09 02:45:50 info: [0mGET /services/nav [32m200[0m 267.637 ms - 1883[0m
2023-07-09 02:45:50 info: [0mGET /services/nav [32m200[0m 184.972 ms - 1882[0m
2023-07-09 02:45:50 info: [0mGET /posts/getListFeatured [32m200[0m 787.167 ms - 2539641[0m
2023-07-09 02:45:50 info: [0mGET /posts/getListFeatured [32m200[0m 812.494 ms - 4046780[0m
2023-07-09 02:45:51 info: [0mGET /posts/getListFeatured [32m200[0m 1558.934 ms - 3471182[0m
2023-07-09 02:45:51 info: [0mGET /posts/getPageAll [32m200[0m 1537.625 ms - 3110229[0m
2023-07-09 02:45:51 info: [0mGET /posts/getPageAll [32m200[0m 1902.264 ms - 4973311[0m
2023-07-09 02:45:51 info: [0mGET /posts/getPageAll [32m200[0m 2071.573 ms - 4973311[0m
2023-07-09 02:56:36 info: [0mGET /categories/getListCategories [32m200[0m 491.015 ms - 441[0m
2023-07-09 02:56:36 info: [0mGET /banners/getListBanner [32m200[0m 159.034 ms - 3100[0m
2023-07-09 02:56:36 info: [0mGET /services/nav [32m200[0m 170.802 ms - 1882[0m
2023-07-09 02:56:37 info: [0mGET /posts/getListFeatured [32m200[0m 755.831 ms - 4046780[0m
2023-07-09 02:56:38 info: [0mGET /posts/getPageAll [32m200[0m 1353.349 ms - 6682464[0m
2023-07-09 02:56:42 info: [0mGET /services/nav [36m304[0m 148.575 ms - -[0m
2023-07-09 02:56:42 info: [0mGET /categories/getListCategories [32m200[0m 17.678 ms - 441[0m
2023-07-09 02:56:42 info: [0mGET /posts/getPageAll [32m200[0m 506.635 ms - 6682464[0m
2023-07-09 02:56:46 info: [0mGET /jobs/getListFeatured [36m304[0m 142.957 ms - -[0m
2023-07-09 02:56:48 info: [0mGET /categories/getListCategories [32m200[0m 18.819 ms - 441[0m
2023-07-09 02:56:49 info: [0mGET /posts/getPageAll [32m200[0m 414.648 ms - 6682464[0m
2023-07-09 02:57:08 info: [0mGET /categories/getListCategories [32m200[0m 14.674 ms - 441[0m
2023-07-09 02:57:08 info: [0mGET /posts/getPageAll [32m200[0m 396.331 ms - 6682464[0m
2023-07-09 02:58:06 info: [0mGET /categories/getListCategories [32m200[0m 63.653 ms - 441[0m
2023-07-09 02:58:08 info: [0mGET /posts/getPageAll [32m200[0m 837.165 ms - 6682464[0m
2023-07-09 02:58:30 info: [0mGET /categories/getListCategories [32m200[0m 45.845 ms - 441[0m
2023-07-09 02:58:30 info: [0mGET /services/nav [36m304[0m 343.289 ms - -[0m
2023-07-09 02:58:30 info: [0mGET /posts/getPageAll [32m200[0m 814.548 ms - 6682464[0m
2023-07-09 02:58:33 info: [0mGET /categories/getListCategories [36m304[0m 65.240 ms - -[0m
2023-07-09 02:58:34 info: [0mGET /posts/category/tin-tuc [36m304[0m 219.111 ms - -[0m
2023-07-09 02:58:34 info: [0mGET /posts/category/ban-tin-cong-nghe [36m304[0m 165.043 ms - -[0m
2023-07-09 02:58:36 info: [0mGET /categories/getListCategories [32m200[0m 16.152 ms - 441[0m
2023-07-09 02:58:36 info: [0mGET /posts/getPageAll [32m200[0m 626.830 ms - 6682464[0m
2023-07-09 02:58:39 info: [0mGET /jobs/getListFeatured [36m304[0m 72.029 ms - -[0m
2023-07-09 02:58:43 info: [0mGET /ceos/getlistCeo [36m304[0m 86.015 ms - -[0m
2023-07-09 02:58:44 info: [0mGET /banners/getListBanner [32m200[0m 12.159 ms - 3100[0m
2023-07-09 02:58:44 info: [0mGET /services/nav [32m200[0m 52.803 ms - 1882[0m
2023-07-09 02:58:44 info: [0mGET /posts/getListFeatured [32m200[0m 167.648 ms - 4046780[0m
2023-07-09 02:58:50 info: [0mGET /services/getListService [36m304[0m 100.368 ms - -[0m
2023-07-09 02:58:50 info: [0mGET /branchs/getListBranch [36m304[0m 126.598 ms - -[0m
2023-07-09 02:58:50 info: [0mGET /projects/getProjectsClient [36m304[0m 114.855 ms - -[0m
2023-07-09 02:58:52 info: [0mGET /categories/getListCategories [32m200[0m 7.087 ms - 441[0m
2023-07-09 02:58:52 info: [0mGET /posts/getPageAll [32m200[0m 367.303 ms - 6682464[0m
2023-07-09 03:03:30 info: [0mGET /categories/getListCategories [32m200[0m 98.363 ms - 441[0m
2023-07-09 03:03:30 info: [0mGET /categories/getListCategories [32m200[0m 192.359 ms - 441[0m
2023-07-09 03:03:30 info: [0mGET /posts/getPageAll [32m200[0m 635.813 ms - 6682464[0m
2023-07-09 03:03:30 info: [0mGET /posts/getPageAll [32m200[0m 775.674 ms - 6682464[0m
2023-07-09 03:03:34 info: [0mGET /services/nav [36m304[0m 114.358 ms - -[0m
2023-07-09 03:03:36 info: [0mGET /branchs/getListBranch [36m304[0m 70.782 ms - -[0m
2023-07-09 03:03:36 info: [0mGET /services/getListService [36m304[0m 59.366 ms - -[0m
2023-07-09 03:03:36 info: [0mGET /projects/getProjectsClient [36m304[0m 49.224 ms - -[0m
2023-07-09 03:03:37 info: [0mGET /categories/getListCategories [32m200[0m 5.422 ms - 441[0m
2023-07-09 03:03:38 info: [0mGET /posts/getPageAll [32m200[0m 299.330 ms - 6682464[0m
2023-07-09 03:03:41 info: [0mGET /jobs/getListFeatured [36m304[0m 99.105 ms - -[0m
2023-07-09 03:03:41 info: [0mGET /categories/getListCategories [32m200[0m 5.297 ms - 441[0m
2023-07-09 03:03:42 info: [0mGET /posts/getPageAll [32m200[0m 375.741 ms - 6682464[0m
2023-07-09 03:05:34 info: [0mGET /banners/getListBanner [32m200[0m 20.654 ms - 3100[0m
2023-07-09 03:05:34 info: [0mGET /services/nav [32m200[0m 62.969 ms - 1882[0m
2023-07-09 03:05:35 info: [0mGET /posts/getListFeatured [32m200[0m 297.474 ms - 4046780[0m
2023-07-09 03:05:38 info: [0mGET /categories/getListCategories [32m200[0m 13.573 ms - 441[0m
2023-07-09 03:05:39 info: [0mGET /posts/getPageAll [32m200[0m 304.470 ms - 6682464[0m
2023-07-09 03:06:59 info: [0mGET /jobs/getListFeatured [36m304[0m 132.744 ms - -[0m
2023-07-09 03:07:01 info: [0mGET /services/nav [36m304[0m 53.774 ms - -[0m
2023-07-09 03:07:20 info: [0mGET /categories/getListCategories [32m200[0m 214.411 ms - 441[0m
2023-07-09 03:07:23 info: [0mGET /posts/getPageAll [32m200[0m 2065.021 ms - 6682464[0m
2023-07-09 03:07:24 info: [0mGET /services/nav [36m304[0m 168.050 ms - -[0m
2023-07-09 03:11:38 info: [0mGET /services/nav [36m304[0m 904.855 ms - -[0m
2023-07-09 03:16:41 info: [0mGET /services/nav [36m304[0m 1664.657 ms - -[0m
2023-07-09 03:16:41 info: [0mGET /banners/getListBanner [32m200[0m 132.849 ms - 3100[0m
2023-07-09 03:16:41 info: [0mGET /services/nav [32m200[0m 256.369 ms - 1882[0m
2023-07-09 03:16:42 info: [0mGET /posts/getListFeatured [32m200[0m 1255.129 ms - 4046780[0m
2023-07-09 03:16:46 info: [0mGET /banners/getListBanner [32m200[0m 46.621 ms - 3100[0m
2023-07-09 03:16:46 info: [0mGET /services/nav [32m200[0m 159.923 ms - 1882[0m
2023-07-09 03:16:47 info: [0mGET /posts/getListFeatured [32m200[0m 448.905 ms - 4046780[0m
2023-07-09 03:16:50 info: [0mGET /services/nav [36m304[0m 230.851 ms - -[0m
2023-07-09 12:32:37 info: [0mGET /banners/getListBanner [32m200[0m 838.943 ms - 3100[0m
2023-07-09 12:32:38 info: [0mGET /services/nav [32m200[0m 884.889 ms - 1882[0m
2023-07-09 12:32:39 info: [0mGET /posts/getListFeatured [32m200[0m 2386.228 ms - 4046780[0m
2023-07-09 12:32:43 info: [0mGET /services/nav [36m304[0m 303.001 ms - -[0m
2023-07-09 12:32:46 info: [0mGET /categories/getListCategories [32m200[0m 59.468 ms - 441[0m
2023-07-09 12:32:47 info: [0mGET /posts/getPageAll [32m200[0m 1367.770 ms - 6682464[0m
2023-07-09 12:32:54 info: [0mGET /banners/getListBanner [32m200[0m 41.220 ms - 3100[0m
2023-07-09 12:32:54 info: [0mGET /services/nav [32m200[0m 47.978 ms - 1882[0m
2023-07-09 12:32:54 info: [0mGET /posts/getListFeatured [32m200[0m 217.009 ms - 4046780[0m
2023-07-09 12:32:57 info: [0mGET /categories/getListCategories [32m200[0m 19.710 ms - 441[0m
2023-07-09 12:32:57 info: [0mGET /posts/getPageAll [32m200[0m 458.433 ms - 6682464[0m
2023-07-09 12:33:44 info: [0mGET /services/nav [36m304[0m 145.506 ms - -[0m
2023-07-09 12:34:27 info: [0mGET /categories/getListCategories [32m200[0m 157.308 ms - 441[0m
2023-07-09 12:34:27 info: [0mGET /categories/getListCategories [32m200[0m 82.646 ms - 441[0m
2023-07-09 12:34:28 info: [0mGET /posts/getPageAll [32m200[0m 935.917 ms - 6682464[0m
2023-07-09 12:34:28 info: [0mGET /posts/getPageAll [32m200[0m 1104.413 ms - 6682464[0m
2023-07-09 12:34:37 info: [0mGET /categories/getListCategories [32m200[0m 99.390 ms - 441[0m
2023-07-09 12:34:39 info: [0mGET /posts/getPageAll [32m200[0m 1403.608 ms - 6682464[0m
2023-07-09 12:34:50 info: [0mGET /services/nav [36m304[0m 305.603 ms - -[0m
2023-07-09 12:35:48 info: [0mGET /categories/getListCategories [32m200[0m 104.531 ms - 441[0m
2023-07-09 12:35:48 info: [0mGET /categories/getListCategories [32m200[0m 56.841 ms - 441[0m
2023-07-09 12:35:49 info: [0mGET /posts/getPageAll [32m200[0m 970.885 ms - 6682464[0m
2023-07-09 12:35:50 info: [0mGET /posts/getPageAll [32m200[0m 804.829 ms - 6682464[0m
2023-07-09 12:35:57 info: [0mGET /services/nav [36m304[0m 127.778 ms - -[0m
2023-07-09 12:36:42 info: [0mGET /jobs/getListFeatured [36m304[0m 368.866 ms - -[0m
2023-07-09 12:36:43 info: [0mGET /categories/getListCategories [32m200[0m 58.307 ms - 441[0m
2023-07-09 12:36:43 info: [0mGET /posts/getPageAll [32m200[0m 559.771 ms - 6682464[0m
2023-07-09 12:36:58 info: [0mGET /ceos/getlistCeo [36m304[0m 304.314 ms - -[0m
2023-07-09 12:37:17 info: [0mGET /banners/getListBanner [32m200[0m 55.206 ms - 3100[0m
2023-07-09 12:37:17 info: [0mGET /services/nav [32m200[0m 29.020 ms - 1882[0m
2023-07-09 12:37:17 info: [0mGET /posts/getListFeatured [32m200[0m 393.598 ms - 4046780[0m
2023-07-09 12:37:19 info: [0mGET /banners/getListBanner [32m200[0m 133.483 ms - 3100[0m
2023-07-09 12:37:19 info: [0mGET /services/nav [32m200[0m 338.833 ms - 1882[0m
2023-07-09 12:37:19 info: [0mGET /posts/getListFeatured [32m200[0m 469.363 ms - 4046780[0m
2023-07-09 12:52:17 info: [0mGET /categories/getListCategories [32m200[0m 2641.410 ms - 441[0m
2023-07-09 12:52:17 info: [0mGET /categories/getListCategories [32m200[0m 2676.089 ms - 441[0m
2023-07-09 12:52:17 info: [0mGET /categories/getListCategories [32m200[0m 2817.385 ms - 441[0m
2023-07-09 12:52:19 info: [0mGET /posts/getPageAll [32m200[0m 5379.640 ms - 6682464[0m
2023-07-09 12:52:20 info: [0mGET /posts/getPageAll [32m200[0m 4640.755 ms - 6682464[0m
2023-07-09 12:52:21 info: [0mGET /posts/getPageAll [32m200[0m 5163.458 ms - 6682464[0m
2023-07-09 12:52:25 info: [0mGET /categories/getListCategories [32m200[0m 573.414 ms - 441[0m
2023-07-09 12:52:27 info: [0mGET /posts/getPageAll [32m200[0m 1982.357 ms - 6682464[0m
2023-07-09 12:52:30 info: [0mGET /services/nav [36m304[0m 164.875 ms - -[0m
2023-07-09 12:52:33 info: [0mGET /jobs/getListFeatured [36m304[0m 226.597 ms - -[0m
2023-07-09 12:52:33 info: [0mGET /categories/getListCategories [32m200[0m 10.925 ms - 441[0m
2023-07-09 12:52:34 info: [0mGET /posts/getPageAll [32m200[0m 435.692 ms - 6682464[0m
2023-07-09 12:52:36 info: [0mGET /jobs/getListFeatured [36m304[0m 89.343 ms - -[0m
2023-07-09 12:52:36 info: [0mGET /categories/getListCategories [32m200[0m 7.590 ms - 441[0m
2023-07-09 12:52:37 info: [0mGET /posts/getPageAll [32m200[0m 334.102 ms - 6682464[0m
2023-07-09 12:52:39 info: [0mGET /ceos/getlistCeo [36m304[0m 98.951 ms - -[0m
2023-07-09 12:52:41 info: [0mGET /branchs/getListBranch [36m304[0m 237.010 ms - -[0m
2023-07-09 12:52:41 info: [0mGET /services/getListService [36m304[0m 322.734 ms - -[0m
2023-07-09 12:52:41 info: [0mGET /categories/getListCategories [32m200[0m 26.943 ms - 441[0m
2023-07-09 12:52:41 info: [0mGET /projects/getProjectsClient [36m304[0m 479.085 ms - -[0m
2023-07-09 12:52:41 info: [0mGET /posts/getPageAll [32m200[0m 518.679 ms - 6682464[0m
2023-07-09 12:56:44 info: [0mGET /categories/getListCategories [32m200[0m 337.125 ms - 441[0m
2023-07-09 12:56:44 info: [0mGET /categories/getListCategories [32m200[0m 212.336 ms - 441[0m
2023-07-09 12:56:46 info: [0mGET /posts/getPageAll [32m200[0m 1489.058 ms - 6682464[0m
2023-07-09 12:56:46 info: [0mGET /posts/getPageAll [32m200[0m 1404.081 ms - 6682464[0m
2023-07-09 12:58:07 info: [0mGET /categories/getListCategories [32m200[0m 77.595 ms - 441[0m
2023-07-09 12:58:07 info: [0mGET /categories/getListCategories [32m200[0m 127.485 ms - 441[0m
2023-07-09 12:58:08 info: [0mGET /posts/getPageAll [32m200[0m 744.101 ms - 6682464[0m
2023-07-09 12:58:08 info: [0mGET /posts/getPageAll [32m200[0m 935.264 ms - 6682464[0m
2023-07-09 12:58:14 info: [0mGET /services/nav [36m304[0m 152.021 ms - -[0m
2023-07-09 12:58:17 info: [0mGET /services/getListService [36m304[0m 197.294 ms - -[0m
2023-07-09 12:58:17 info: [0mGET /branchs/getListBranch [36m304[0m 238.681 ms - -[0m
2023-07-09 12:58:17 info: [0mGET /projects/getProjectsClient [36m304[0m 238.783 ms - -[0m
2023-07-09 12:58:18 info: [0mGET /categories/getListCategories [32m200[0m 15.799 ms - 441[0m
2023-07-09 12:58:19 info: [0mGET /posts/getPageAll [32m200[0m 571.556 ms - 6682464[0m
2023-07-09 12:58:38 info: [0mGET /categories/getListCategories [32m200[0m 97.823 ms - 441[0m
2023-07-09 12:58:39 info: [0mGET /posts/getPageAll [32m200[0m 1086.328 ms - 6682464[0m
2023-07-09 13:05:03 info: =================================
2023-07-09 13:05:03 info: ======= ENV: development =======
2023-07-09 13:05:03 info: 🚀 App listening on the port 8000
2023-07-09 13:05:03 info: =================================
2023-07-09 13:09:03 info: [0mGET /categories/getListCategories [32m200[0m 648.546 ms - 441[0m
2023-07-09 13:09:03 info: [0mGET /categories/getListCategories [32m200[0m 997.302 ms - 441[0m
2023-07-09 13:09:03 info: [0mGET /posts/getPageAll [32m200[0m 1538.103 ms - 11531[0m
2023-07-09 13:09:03 info: [0mGET /posts/getPageAll [32m200[0m 1302.418 ms - 11531[0m
2023-07-09 13:09:04 info: [0mGET /categories/getListCategories [32m200[0m 79.459 ms - 441[0m
2023-07-09 13:09:06 info: [0mGET /posts/getPageAll [32m200[0m 1236.736 ms - 11531[0m
2023-07-09 13:10:39 info: =================================
2023-07-09 13:10:39 info: ======= ENV: development =======
2023-07-09 13:10:39 info: 🚀 App listening on the port 8000
2023-07-09 13:10:39 info: =================================
2023-07-09 13:11:00 info: =================================
2023-07-09 13:11:00 info: ======= ENV: development =======
2023-07-09 13:11:00 info: 🚀 App listening on the port 8000
2023-07-09 13:11:00 info: =================================
2023-07-09 13:12:28 info: =================================
2023-07-09 13:12:28 info: ======= ENV: development =======
2023-07-09 13:12:28 info: 🚀 App listening on the port 8000
2023-07-09 13:12:28 info: =================================
2023-07-09 13:14:33 info: =================================
2023-07-09 13:14:33 info: ======= ENV: development =======
2023-07-09 13:14:33 info: 🚀 App listening on the port 8000
2023-07-09 13:14:33 info: =================================
2023-07-09 13:14:47 info: [0mGET /posts/getPageAll [32m200[0m 694.858 ms - -[0m
2023-07-09 13:14:51 info: [0mGET /posts/getPageAll [36m304[0m 326.408 ms - -[0m
2023-07-09 13:15:34 info: =================================
2023-07-09 13:15:34 info: ======= ENV: development =======
2023-07-09 13:15:34 info: 🚀 App listening on the port 8000
2023-07-09 13:15:34 info: =================================
2023-07-09 13:16:31 info: [0mGET /services/nav [36m304[0m 1101.720 ms - -[0m
2023-07-09 13:16:34 info: [0mGET /branchs/getListBranch [36m304[0m 305.985 ms - -[0m
2023-07-09 13:16:34 info: [0mGET /services/getListService [36m304[0m 329.583 ms - -[0m
2023-07-09 13:16:34 info: [0mGET /projects/getProjectsClient [36m304[0m 313.860 ms - -[0m
2023-07-09 13:17:33 info: [0mGET /services/getListService [32m200[0m 81.442 ms - -[0m
2023-07-09 13:17:40 info: [0mGET /services/getListFeatured [32m200[0m 75.157 ms - 225[0m
2023-07-09 13:18:19 info: =================================
2023-07-09 13:18:19 info: ======= ENV: development =======
2023-07-09 13:18:19 info: 🚀 App listening on the port 8000
2023-07-09 13:18:19 info: =================================
2023-07-09 13:18:28 info: [0mGET /services/getListFeatured [32m200[0m 3280.559 ms - 174[0m
2023-07-09 13:18:42 info: [0mOPTIONS /admins/login [32m204[0m 6.877 ms - 0[0m
2023-07-09 13:18:42 info: [0mPOST /admins/login [32m200[0m 277.437 ms - -[0m
2023-07-09 13:18:45 info: [0mOPTIONS /admins/profile [32m204[0m 2.058 ms - 0[0m
2023-07-09 13:18:46 info: [0mGET /banners? [32m200[0m 391.259 ms - -[0m
2023-07-09 13:18:46 info: [0mGET /admins/profile [36m304[0m 527.869 ms - -[0m
2023-07-09 13:18:46 info: [0mGET /banners?page=1&page_size=10 [32m200[0m 204.618 ms - -[0m
2023-07-09 13:18:49 info: [0mGET /admins/profile [36m304[0m 289.105 ms - -[0m
2023-07-09 13:18:49 info: [0mGET /posts?page=1&page_size=10 [32m200[0m 716.888 ms - -[0m
2023-07-09 13:18:49 info: [0mGET /posts? [32m200[0m 825.830 ms - -[0m
2023-07-09 13:19:02 info: [0mOPTIONS /admins/profile [32m204[0m 0.767 ms - 0[0m
2023-07-09 13:19:02 info: [0mGET /posts/show/13 [32m200[0m 133.819 ms - -[0m
2023-07-09 13:19:02 info: [0mGET /admins/profile [36m304[0m 160.790 ms - -[0m
2023-07-09 13:19:03 info: [0mGET /ceos?[object%20Object] [32m200[0m 61.558 ms - 597[0m
2023-07-09 13:19:03 info: [0mGET /categories?[object%20Object] [32m200[0m 79.439 ms - -[0m
2023-07-09 13:19:03 info: [0mGET /posts?[object%20Object] [32m200[0m 282.829 ms - -[0m
2023-07-09 13:19:14 info: [0mOPTIONS /admins/profile [32m204[0m 0.669 ms - 0[0m
2023-07-09 13:19:14 info: [0mGET /admins/profile [36m304[0m 204.651 ms - -[0m
2023-07-09 13:19:14 info: [0mGET /posts/show/13 [36m304[0m 253.300 ms - -[0m
2023-07-09 13:19:14 info: [0mGET /posts?page=1&page_size=10 [36m304[0m 335.695 ms - -[0m
2023-07-09 13:19:14 info: [0mGET /posts?page=1&page_size=10 [36m304[0m 259.161 ms - -[0m
2023-07-09 13:19:18 info: [0mGET /admins/profile [36m304[0m 280.329 ms - -[0m
2023-07-09 13:19:18 info: [0mGET /projects? [32m200[0m 255.373 ms - -[0m
2023-07-09 13:19:19 info: [0mGET /projects?page=1&page_size=10 [32m200[0m 186.964 ms - -[0m
2023-07-09 13:19:22 info: [0mOPTIONS /admins/profile [32m204[0m 3.130 ms - 0[0m
2023-07-09 13:19:22 info: [0mGET /branchs? [32m200[0m 163.990 ms - 778[0m
2023-07-09 13:19:22 info: [0mGET /branchs?page=1&page_size=10 [32m200[0m 131.615 ms - 778[0m
2023-07-09 13:19:22 info: [0mGET /admins/profile [36m304[0m 233.638 ms - -[0m
2023-07-09 13:19:28 info: [0mOPTIONS /admins/profile [32m204[0m 1.377 ms - 0[0m
2023-07-09 13:19:28 info: [0mGET /services/nav [36m304[0m 218.240 ms - -[0m
2023-07-09 13:19:28 info: [0mGET /admins/profile [36m304[0m 288.748 ms - -[0m
2023-07-09 13:20:49 info: [0mGET /jobs/ [32m200[0m 233.746 ms - -[0m
2023-07-09 13:21:20 info: [0mGET /projects/getProjectsClient?branch_id=7 [32m200[0m 1056.214 ms - 40[0m
2023-07-09 13:21:23 info: [0mGET /projects/getProjectsClient?branch_id=8 [32m200[0m 122.385 ms - 40[0m
2023-07-09 13:21:27 info: [0mGET /projects/getProjectsClient?branch_id=9 [32m200[0m 105.517 ms - 40[0m
2023-07-09 13:21:29 info: [0mGET /projects/getProjectsClient?branch_id=10 [32m200[0m 32.686 ms - 40[0m
2023-07-09 13:21:31 info: [0mGET /projects/getProjectsClient [36m304[0m 37.141 ms - -[0m
2023-07-09 13:21:44 info: [0mGET /services/show/4 [36m304[0m 108.051 ms - -[0m
2023-07-09 13:21:49 info: [0mGET /banners/getListBanner [32m200[0m 33.952 ms - 3100[0m
2023-07-09 13:21:49 info: [0mGET /services/nav [32m200[0m 48.326 ms - 1882[0m
2023-07-09 13:21:49 info: [0mGET /posts/getListFeatured [32m200[0m 329.028 ms - 4011[0m
2023-07-09 13:26:51 info: [0mGET /services/nav [36m304[0m 2669.113 ms - -[0m
2023-07-09 13:33:27 info: [0mGET /banners/getListBanner [32m200[0m 434.599 ms - 3100[0m
2023-07-09 13:33:28 info: [0mGET /services/nav [32m200[0m 387.727 ms - 1882[0m
2023-07-09 13:33:28 info: [0mGET /posts/getListFeatured [32m200[0m 951.379 ms - 4011[0m
2023-07-09 13:33:32 info: [0mGET /services/nav [36m304[0m 398.308 ms - -[0m
2023-07-09 13:33:35 info: [0mGET /banners/getListBanner [32m200[0m 77.498 ms - 3100[0m
2023-07-09 13:33:35 info: [0mGET /services/nav [32m200[0m 89.155 ms - 1882[0m
2023-07-09 13:33:35 info: [0mGET /posts/getListFeatured [32m200[0m 366.820 ms - 4011[0m
2023-07-09 13:33:39 info: [0mGET /services/nav [36m304[0m 130.056 ms - -[0m
2023-07-09 13:38:25 info: [0mGET /services/nav [36m304[0m 2892.052 ms - -[0m
2023-07-09 13:38:41 info: [0mGET /banners/getListBanner [32m200[0m 201.009 ms - 2634[0m
2023-07-09 13:38:41 info: [0mGET /banners/getListBanner [32m200[0m 243.490 ms - 3100[0m
2023-07-09 13:38:41 info: [0mGET /services/nav [32m200[0m 276.400 ms - 1882[0m
2023-07-09 13:38:41 info: [0mGET /services/nav [32m200[0m 315.655 ms - 1883[0m
2023-07-09 13:38:42 info: [0mGET /posts/getListFeatured [32m200[0m 1147.792 ms - 4011[0m
2023-07-09 13:38:42 info: [0mGET /posts/getListFeatured [32m200[0m 1339.533 ms - 2730[0m
2023-07-09 13:38:47 info: [0mGET /services/nav [32m200[0m 156.612 ms - -[0m
2023-07-09 13:39:14 info: [0mGET /banners/getListBanner [32m200[0m 132.564 ms - 2634[0m
2023-07-09 13:39:14 info: [0mGET /services/nav [32m200[0m 120.301 ms - 1883[0m
2023-07-09 13:39:14 info: [0mGET /posts/getListFeatured [32m200[0m 176.033 ms - 2730[0m
2023-07-09 13:39:26 info: [0mGET /ceos/getlistCeo [32m200[0m 218.006 ms - 539[0m
2023-07-09 13:39:35 info: [0mGET /ceos/show/2 [32m200[0m 153.810 ms - 856[0m
2023-07-09 13:39:45 info: [0mGET /banners/getListBanner [32m200[0m 85.714 ms - 2634[0m
2023-07-09 13:39:45 info: [0mGET /services/nav [32m200[0m 128.783 ms - 1883[0m
2023-07-09 13:39:45 info: [0mGET /posts/getListFeatured [32m200[0m 381.010 ms - 2730[0m
2023-07-09 13:40:21 info: [0mGET /banners/getListBanner [32m200[0m 227.074 ms - 2634[0m
2023-07-09 13:40:21 info: [0mGET /services/nav [32m200[0m 207.237 ms - 1883[0m
2023-07-09 13:40:21 info: [0mGET /posts/getListFeatured [32m200[0m 551.281 ms - 2730[0m
2023-07-09 13:41:15 info: [0mGET /banners/getListBanner [32m200[0m 89.911 ms - 3100[0m
2023-07-09 13:41:15 info: [0mGET /services/nav [32m200[0m 64.204 ms - 1882[0m
2023-07-09 13:41:15 info: [0mGET /posts/getListFeatured [32m200[0m 349.264 ms - 4011[0m
2023-07-09 13:41:20 info: [0mGET /services/nav [32m200[0m 443.371 ms - -[0m
2023-07-09 13:41:45 info: [0mGET /banners/getListBanner [32m200[0m 101.482 ms - 3100[0m
2023-07-09 13:41:45 info: [0mGET /services/nav [32m200[0m 113.520 ms - 1882[0m
2023-07-09 13:41:45 info: [0mGET /posts/getListFeatured [32m200[0m 653.984 ms - 4011[0m
2023-07-09 13:41:49 info: [0mGET /services/nav [36m304[0m 189.575 ms - -[0m
2023-07-09 13:52:08 info: [0mGET /categories/getListCategories [32m200[0m 939.963 ms - 441[0m
2023-07-09 13:52:10 info: [0mGET /posts/getPageAll [32m200[0m 2425.921 ms - 10136[0m
2023-07-09 13:52:12 info: [0mGET /banners/getListBanner [32m200[0m 417.706 ms - 3100[0m
2023-07-09 13:52:13 info: [0mGET /services/nav [32m200[0m 629.904 ms - 1882[0m
2023-07-09 13:52:13 info: [0mGET /posts/getListFeatured [32m200[0m 1206.204 ms - 4011[0m
2023-07-09 13:52:18 info: [0mGET /services/nav [36m304[0m 216.107 ms - -[0m
2023-07-09 13:52:19 info: [0mGET /categories/getListCategories [32m200[0m 52.477 ms - 441[0m
2023-07-09 13:52:20 info: [0mGET /posts/getPageAll [32m200[0m 758.439 ms - 10136[0m
2023-07-09 13:52:23 info: [0mGET /categories/getListCategories [36m304[0m 48.558 ms - -[0m
2023-07-09 13:52:23 info: [0mGET /posts/category/ban-tin-cong-nghe [32m200[0m 177.004 ms - -[0m
2023-07-09 13:52:25 info: [0mGET /posts/category/chuyen-doi-so [32m200[0m 69.081 ms - -[0m
2023-07-09 13:52:30 info: [0mGET /categories/getListCategories [36m304[0m 49.198 ms - -[0m
2023-07-09 13:52:30 info: [0mGET /services/nav [32m200[0m 92.358 ms - -[0m
2023-07-09 13:52:30 info: [0mGET /posts/category/chuyen-doi-so [32m200[0m 128.409 ms - -[0m
2023-07-09 14:03:51 info: [0mGET /banners/getListBanner [32m200[0m 484.153 ms - 2634[0m
2023-07-09 14:03:51 info: [0mGET /services/nav [32m200[0m 407.570 ms - 1883[0m
2023-07-09 14:03:51 info: [0mGET /posts/getListFeatured [32m200[0m 604.773 ms - 2730[0m
2023-07-09 14:12:17 info: [0mGET /banners/getListBanner [32m200[0m 510.553 ms - 2634[0m
2023-07-09 14:12:17 info: [0mGET /banners/getListBanner [32m200[0m 826.306 ms - 3100[0m
2023-07-09 14:12:17 info: [0mGET /services/nav [32m200[0m 562.512 ms - 1882[0m
2023-07-09 14:12:17 info: [0mGET /services/nav [32m200[0m 448.438 ms - 1883[0m
2023-07-09 14:12:17 info: [0mGET /posts/getListFeatured [32m200[0m 650.874 ms - 2730[0m
2023-07-09 14:12:17 info: [0mGET /posts/getListFeatured [32m200[0m 795.142 ms - 4011[0m
2023-07-09 14:12:20 info: [0mGET /services/nav [32m200[0m 126.818 ms - -[0m
2023-07-09 14:12:40 info: [0mGET /banners/getListBanner [32m200[0m 247.353 ms - 3100[0m
2023-07-09 14:12:40 info: [0mGET /services/nav [32m200[0m 447.159 ms - 1882[0m
2023-07-09 14:12:41 info: [0mGET /posts/getListFeatured [32m200[0m 1114.752 ms - 4011[0m
2023-07-09 14:12:45 info: [0mGET /services/nav [36m304[0m 75.832 ms - -[0m
2023-07-09 14:19:31 info: [0mGET /jobs/getListFeatured [36m304[0m 971.115 ms - -[0m
2023-07-09 14:19:34 info: [0mGET /ceos/getlistCeo [32m200[0m 146.579 ms - 536[0m
2023-07-09 14:35:52 info: [0mGET /banners/getListBanner [32m200[0m 308.767 ms - 3100[0m
2023-07-09 14:35:52 info: [0mGET /services/nav [32m200[0m 267.946 ms - 1882[0m
2023-07-09 14:35:52 info: [0mGET /posts/getListFeatured [32m200[0m 849.219 ms - 4011[0m
2023-07-09 14:36:14 info: [0mGET /banners/getListBanner [32m200[0m 123.952 ms - 3100[0m
2023-07-09 14:36:14 info: [0mGET /services/nav [32m200[0m 110.086 ms - 1882[0m
2023-07-09 14:36:14 info: [0mGET /posts/getListFeatured [32m200[0m 214.990 ms - 4011[0m
2023-07-09 14:36:19 info: [0mGET /services/nav [36m304[0m 309.608 ms - -[0m
2023-07-09 14:56:42 info: [0mGET /banners/getListBanner [32m200[0m 310.823 ms - 3100[0m
2023-07-09 14:56:43 info: [0mGET /services/nav [32m200[0m 263.317 ms - 1882[0m
2023-07-09 14:57:32 info: [0mGET /banners/getListBanner [32m200[0m 97.816 ms - 3100[0m
2023-07-09 14:57:32 info: [0mGET /banners/getListBanner [32m200[0m 18.891 ms - 3100[0m
2023-07-09 14:57:32 info: [0mGET /services/nav [32m200[0m 60.406 ms - 1882[0m
2023-07-09 14:57:32 info: [0mGET /services/nav [32m200[0m 140.118 ms - 1882[0m
2023-07-09 14:57:35 info: [0mGET /services/nav [36m304[0m 191.250 ms - -[0m
2023-07-09 14:57:50 info: [0mGET /services/nav [32m200[0m 42.516 ms - 1882[0m
2023-07-09 14:57:50 info: [0mGET /banners/getListBanner [32m200[0m 58.697 ms - 3100[0m
2023-07-09 14:57:52 info: [0mGET /services/nav [36m304[0m 48.540 ms - -[0m
2023-07-09 14:58:48 info: [0mGET /banners/getListBanner [32m200[0m 126.637 ms - 3100[0m
2023-07-09 14:58:48 info: [0mGET /banners/getListBanner [32m200[0m 84.640 ms - 3100[0m
2023-07-09 14:58:48 info: [0mGET /services/nav [32m200[0m 107.539 ms - 1882[0m
2023-07-09 14:58:48 info: [0mGET /services/nav [32m200[0m 113.557 ms - 1882[0m
2023-07-09 14:59:03 info: [0mGET /services/nav [32m200[0m 113.705 ms - 1882[0m
2023-07-09 14:59:03 info: [0mGET /banners/getListBanner [32m200[0m 172.968 ms - 3100[0m
2023-07-09 14:59:36 info: [0mGET /banners/getListBanner [32m200[0m 72.890 ms - 3100[0m
2023-07-09 14:59:36 info: [0mGET /services/nav [32m200[0m 67.820 ms - 1882[0m
2023-07-09 14:59:36 info: [0mGET /services/nav [32m200[0m 87.488 ms - 1882[0m
2023-07-09 14:59:36 info: [0mGET /banners/getListBanner [32m200[0m 55.751 ms - 3100[0m
2023-07-09 14:59:36 info: [0mGET /banners/getListBanner [32m200[0m 48.142 ms - 3100[0m
2023-07-09 14:59:37 info: [0mGET /services/nav [32m200[0m 33.801 ms - 1882[0m
2023-07-09 14:59:56 info: [0mGET /banners/getListBanner [32m200[0m 98.874 ms - 3100[0m
2023-07-09 14:59:56 info: [0mGET /services/nav [32m200[0m 83.738 ms - 1882[0m
2023-07-09 15:00:08 info: [0mGET /banners/getListBanner [32m200[0m 124.033 ms - 3100[0m
2023-07-09 15:00:08 info: [0mGET /services/nav [32m200[0m 132.785 ms - 1882[0m
2023-07-09 15:00:26 info: [0mGET /banners/getListBanner [32m200[0m 13.794 ms - 3100[0m
2023-07-09 15:00:26 info: [0mGET /services/nav [32m200[0m 91.551 ms - 1882[0m
2023-07-09 15:00:29 info: [0mGET /services/nav [36m304[0m 291.602 ms - -[0m
2023-07-09 15:00:41 info: [0mGET /banners/getListBanner [32m200[0m 170.407 ms - 3100[0m
2023-07-09 15:00:41 info: [0mGET /services/nav [32m200[0m 236.641 ms - 1882[0m
2023-07-09 15:00:43 info: [0mGET /banners/getListBanner [32m200[0m 54.726 ms - 3100[0m
2023-07-09 15:00:43 info: [0mGET /services/nav [32m200[0m 68.347 ms - 1882[0m
2023-07-09 15:00:46 info: [0mGET /services/nav [36m304[0m 77.154 ms - -[0m
2023-07-09 15:00:49 info: [0mGET /services/show/11 [32m200[0m 119.607 ms - -[0m
2023-07-09 15:01:10 info: [0mGET /services/show/undefined [32m200[0m 271.468 ms - 26[0m
2023-07-09 15:01:10 info: [0mGET /services/nav [36m304[0m 255.994 ms - -[0m
2023-07-09 15:01:12 info: [0mGET /banners/getListBanner [32m200[0m 56.426 ms - 3100[0m
2023-07-09 15:01:12 info: [0mGET /services/nav [32m200[0m 54.457 ms - 1882[0m
2023-07-09 15:02:19 info: [0mGET /branchs/getListBranch [32m200[0m 268.885 ms - 717[0m
2023-07-09 15:02:19 info: [0mGET /branchs/getListBranch [32m200[0m 132.122 ms - 717[0m
2023-07-09 15:02:19 info: [0mGET /services/nav [32m200[0m 184.518 ms - 1882[0m
2023-07-09 15:02:19 info: [0mGET /services/nav [32m200[0m 201.945 ms - 1882[0m
2023-07-09 15:02:22 info: [0mGET /services/nav [32m200[0m 287.212 ms - 1882[0m
2023-07-09 15:02:22 info: [0mGET /branchs/getListBranch [32m200[0m 323.441 ms - 717[0m
2023-07-09 15:02:31 info: [0mGET /branchs/getListBranch [32m200[0m 145.968 ms - 717[0m
2023-07-09 15:02:31 info: [0mGET /services/nav [32m200[0m 168.507 ms - 1882[0m
2023-07-09 15:02:43 info: [0mGET /branchs/getListBranch [32m200[0m 97.342 ms - 717[0m
2023-07-09 15:02:43 info: [0mGET /services/nav [32m200[0m 100.478 ms - 1882[0m
2023-07-09 15:05:02 info: [0mGET /services/nav [32m200[0m 1107.073 ms - 1882[0m
2023-07-09 15:05:02 info: [0mGET /branchs/getListBranch [32m200[0m 1235.021 ms - 717[0m
2023-07-09 15:06:06 info: [0mGET /services/nav [32m200[0m 1539.426 ms - 1882[0m
2023-07-09 15:06:06 info: [0mGET /branchs/getListBranch [32m200[0m 1670.590 ms - 717[0m
2023-07-09 15:07:09 info: [0mGET /branchs/getListBranch [32m200[0m 162.348 ms - 717[0m
2023-07-09 15:07:09 info: [0mGET /services/nav [32m200[0m 169.201 ms - 1882[0m
2023-07-09 15:07:30 info: [0mGET /services/nav [36m304[0m 131.055 ms - -[0m
2023-07-09 15:09:41 info: [0mGET /branchs/getListBranch [32m200[0m 662.565 ms - 717[0m
2023-07-09 15:09:41 info: [0mGET /services/nav [32m200[0m 645.553 ms - 1882[0m
2023-07-09 15:09:41 info: [0mGET /branchs/getListBranch [32m200[0m 603.255 ms - 717[0m
2023-07-09 15:09:41 info: [0mGET /services/nav [32m200[0m 647.260 ms - 1882[0m
2023-07-09 15:09:44 info: [0mGET /services/nav [36m304[0m 73.088 ms - -[0m
2023-07-09 15:10:00 info: [0mGET /branchs/getListBranch [32m200[0m 340.551 ms - 717[0m
2023-07-09 15:10:00 info: [0mGET /services/nav [32m200[0m 354.757 ms - 1882[0m
2023-07-09 15:10:03 info: [0mGET /services/nav [36m304[0m 172.112 ms - -[0m
2023-07-09 15:10:22 info: [0mGET /branchs/getListBranch [32m200[0m 86.059 ms - 717[0m
2023-07-09 15:10:22 info: [0mGET /branchs/getListBranch [32m200[0m 70.677 ms - 717[0m
2023-07-09 15:10:22 info: [0mGET /services/nav [32m200[0m 133.802 ms - 1882[0m
2023-07-09 15:10:22 info: [0mGET /services/nav [32m200[0m 108.282 ms - 1882[0m
2023-07-09 15:10:25 info: [0mGET /services/nav [36m304[0m 109.227 ms - -[0m
2023-07-09 15:10:32 info: [0mGET /branchs/getListBranch [32m200[0m 82.969 ms - 717[0m
2023-07-09 15:10:32 info: [0mGET /services/nav [32m200[0m 130.182 ms - 1882[0m
2023-07-09 15:10:41 info: [0mGET /branchs/getListBranch [32m200[0m 60.856 ms - 717[0m
2023-07-09 15:10:41 info: [0mGET /services/nav [32m200[0m 114.511 ms - 1882[0m
2023-07-09 15:11:13 info: [0mGET /branchs/getListBranch [32m200[0m 60.276 ms - 717[0m
2023-07-09 15:11:13 info: [0mGET /branchs/getListBranch [32m200[0m 5.203 ms - 717[0m
2023-07-09 15:11:13 info: [0mGET /services/nav [32m200[0m 54.269 ms - 1882[0m
2023-07-09 15:11:13 info: [0mGET /services/nav [32m200[0m 155.422 ms - 1882[0m
2023-07-09 15:11:17 info: [0mGET /services/nav [36m304[0m 386.791 ms - -[0m
2023-07-09 15:11:24 info: [0mGET /branchs/getListBranch [32m200[0m 46.678 ms - 717[0m
2023-07-09 15:11:24 info: [0mGET /services/nav [32m200[0m 52.434 ms - 1882[0m
2023-07-09 15:11:26 info: [0mGET /services/nav [36m304[0m 120.010 ms - -[0m
2023-07-09 15:11:45 info: [0mGET /branchs/getListBranch [32m200[0m 169.951 ms - 717[0m
2023-07-09 15:11:45 info: [0mGET /branchs/getListBranch [32m200[0m 155.770 ms - 717[0m
2023-07-09 15:11:45 info: [0mGET /services/nav [32m200[0m 173.343 ms - 1882[0m
2023-07-09 15:11:45 info: [0mGET /services/nav [32m200[0m 205.530 ms - 1882[0m
2023-07-09 15:11:48 info: [0mGET /services/nav [36m304[0m 88.242 ms - -[0m
2023-07-09 16:21:24 info: [0mGET /products/filter-products/nuoc-hoa-mini?brands=guchi,chanel&rating=5&price=100-200&size=50&sort_by=new&page=1&pageSize=1 [33m404[0m 191.524 ms - 177[0m
2023-07-09 16:21:30 info: [0mGET /products/filter-products/nuoc-hoa-mini?brands=guchi,chanel&rating=5&price=100-200&size=50&sort_by=new&page=1&pageSize=1 [33m404[0m 13.179 ms - 177[0m
2023-07-09 16:31:46 info: [0mGET /banners/getListBanner [32m200[0m 241.288 ms - 3100[0m
2023-07-09 16:31:46 info: [0mGET /services/nav [32m200[0m 251.437 ms - 1882[0m
2023-07-09 16:31:47 info: [0mGET /posts/getListFeatured [32m200[0m 1246.260 ms - 4011[0m
2023-07-09 16:31:50 info: [0mGET /services/nav [36m304[0m 127.949 ms - -[0m
2023-07-09 16:31:52 info: [0mGET /branchs/getListBranch [32m200[0m 40.693 ms - 717[0m
2023-07-09 16:31:52 info: [0mGET /services/nav [32m200[0m 114.405 ms - 1882[0m
