2023-04-05 00:08:37 info: =================================
2023-04-05 00:08:37 info: ======= ENV: development =======
2023-04-05 00:08:37 info: 🚀 App listening on the port 8000
2023-04-05 00:08:37 info: =================================
2023-04-05 00:08:51 info: [0mGET /projects [36m304[0m 189.170 ms - -[0m
2023-04-05 00:11:18 info: =================================
2023-04-05 00:11:18 info: ======= ENV: development =======
2023-04-05 00:11:18 info: 🚀 App listening on the port 8000
2023-04-05 00:11:18 info: =================================
2023-04-05 00:15:26 info: =================================
2023-04-05 00:15:26 info: ======= ENV: development =======
2023-04-05 00:15:26 info: 🚀 App listening on the port 8000
2023-04-05 00:15:26 info: =================================
2023-04-05 00:15:29 info: [0mGET /posts?page=1&page_size=10 [36m304[0m 233.692 ms - -[0m
2023-04-05 00:15:29 info: [0mGET /posts?page=1&page_size=10 [36m304[0m 14.203 ms - -[0m
2023-04-05 00:15:31 info: [0mGET /projects? [36m304[0m 18.367 ms - -[0m
2023-04-05 00:15:31 info: [0mGET /projects?page=1&page_size=10 [36m304[0m 20.654 ms - -[0m
2023-04-05 00:15:32 info: [0mGET /posts? [32m200[0m 10.149 ms - 254[0m
2023-04-05 00:15:32 info: [0mGET /posts?page=1&page_size=10 [36m304[0m 8.636 ms - -[0m
2023-04-05 00:15:34 info: [0mGET /posts? [36m304[0m 8.955 ms - -[0m
2023-04-05 00:15:35 info: [0mGET /projects? [36m304[0m 10.966 ms - -[0m
2023-04-05 00:15:35 info: [0mGET /projects?page=1&page_size=10 [36m304[0m 10.500 ms - -[0m
2023-04-05 00:15:36 info: [0mGET /banners? [36m304[0m 17.287 ms - -[0m
2023-04-05 00:15:36 info: [0mGET /banners?page=1&page_size=10 [36m304[0m 18.824 ms - -[0m
2023-04-05 00:15:37 info: [0mGET /projects? [36m304[0m 12.996 ms - -[0m
2023-04-05 00:15:37 info: [0mGET /projects?page=1&page_size=10 [36m304[0m 10.472 ms - -[0m
2023-04-05 00:15:38 info: [0mGET /banners? [36m304[0m 9.898 ms - -[0m
2023-04-05 00:15:38 info: [0mGET /banners?page=1&page_size=10 [36m304[0m 7.559 ms - -[0m
2023-04-05 00:15:43 info: [0mGET /banners?page=1&page_size=10 [32m200[0m 36.474 ms - 308[0m
2023-04-05 00:15:43 info: [0mGET /banners?page=1&page_size=10 [36m304[0m 17.815 ms - -[0m
2023-04-05 00:15:43 info: [0mGET /banners?page=1&page_size=10 [36m304[0m 86.793 ms - -[0m
2023-04-05 00:15:50 info: [0mOPTIONS /banners/create [32m204[0m 0.878 ms - 0[0m
2023-04-05 00:15:50 info: [0mPOST /banners/create [32m200[0m 102.193 ms - 16[0m
2023-04-05 00:15:50 info: [0mGET /banners?page=1&page_size=10 [32m200[0m 9.398 ms - 419[0m
2023-04-05 00:15:50 info: [0mGET /banners?page=1&page_size=10 [36m304[0m 25.097 ms - -[0m
2023-04-05 00:15:54 info: [0mGET /banners/show/3 [32m200[0m 22.780 ms - 178[0m
2023-04-05 00:15:56 info: [0mGET /banners/show/3 [36m304[0m 20.092 ms - -[0m
2023-04-05 00:15:56 info: [0mGET /banners?page=1&page_size=10 [36m304[0m 102.461 ms - -[0m
2023-04-05 00:15:56 info: [0mGET /banners?page=1&page_size=10 [36m304[0m 16.465 ms - -[0m
2023-04-05 00:15:59 info: [0mGET /projects? [32m200[0m 16.032 ms - 477[0m
2023-04-05 00:15:59 info: [0mGET /projects?page=1&page_size=10 [32m200[0m 11.375 ms - 477[0m
2023-04-05 00:16:01 info: [0mGET /projects [36m304[0m 19.050 ms - -[0m
2023-04-05 00:16:03 info: [0mOPTIONS /projects/create [32m204[0m 0.392 ms - 0[0m
2023-04-05 00:16:03 info: [0mPOST /projects/create [32m200[0m 20.576 ms - 2[0m
2023-04-05 00:16:03 info: [0mGET /projects?page=1&page_size=10 [32m200[0m 46.503 ms - 648[0m
2023-04-05 00:16:03 info: [0mGET /projects?page=1&page_size=10 [36m304[0m 39.603 ms - -[0m
2023-04-05 00:16:05 info: [0mGET /posts? [32m200[0m 13.423 ms - 87[0m
2023-04-05 00:16:06 info: [0mGET /posts?page=1&page_size=10 [32m200[0m 30.227 ms - 87[0m
2023-04-05 00:16:06 info: [0mGET /projects [32m200[0m 13.082 ms - 648[0m
2023-04-05 00:16:08 info: [0mOPTIONS /posts/create [32m204[0m 0.199 ms - 0[0m
2023-04-05 00:16:08 error: {"name":"SequelizeUniqueConstraintError","errors":[{"message":"slug must be unique","type":"unique violation","path":"slug","value":"vsvsvs","origin":"DB","instance":{"id":null,"name":"vsvsvs","description":"","content":"","slug":"vsvsvs","custom_slug":"vsvsvs","post_id":14,"locale":"en"},"validatorKey":"not_unique","validatorName":null,"validatorArgs":[]}],"parent":{"code":"ER_DUP_ENTRY","errno":1062,"sqlState":"23000","sqlMessage":"Duplicate entry 'vsvsvs' for key 'post_translation.slug'","sql":"INSERT INTO `post_translation` (`id`,`post_id`,`locale`,`name`,`content`,`description`,`slug`,`custom_slug`) VALUES (DEFAULT,?,?,?,?,?,?,?);","parameters":[14,"en","vsvsvs","","","vsvsvs","vsvsvs"]},"original":{"code":"ER_DUP_ENTRY","errno":1062,"sqlState":"23000","sqlMessage":"Duplicate entry 'vsvsvs' for key 'post_translation.slug'","sql":"INSERT INTO `post_translation` (`id`,`post_id`,`locale`,`name`,`content`,`description`,`slug`,`custom_slug`) VALUES (DEFAULT,?,?,?,?,?,?,?);","parameters":[14,"en","vsvsvs","","","vsvsvs","vsvsvs"]},"fields":{"slug":"vsvsvs"},"sql":"INSERT INTO `post_translation` (`id`,`post_id`,`locale`,`name`,`content`,`description`,`slug`,`custom_slug`) VALUES (DEFAULT,?,?,?,?,?,?,?);"}
2023-04-05 00:16:08 info: [0mPOST /posts/create [32m200[0m 99.141 ms - 16[0m
2023-04-05 00:16:08 info: [0mGET /posts?page=1&page_size=10 [36m304[0m 11.046 ms - -[0m
2023-04-05 00:16:08 info: [0mGET /posts?page=1&page_size=10 [36m304[0m 5.861 ms - -[0m
2023-04-05 00:16:10 info: [0mGET /projects? [32m200[0m 13.548 ms - 648[0m
2023-04-05 00:16:10 info: [0mGET /projects?page=1&page_size=10 [36m304[0m 39.601 ms - -[0m
2023-04-05 00:16:10 info: [0mGET /posts? [36m304[0m 4.943 ms - -[0m
2023-04-05 00:16:10 info: [0mGET /posts?page=1&page_size=10 [36m304[0m 10.330 ms - -[0m
2023-04-05 00:16:18 info: [0mGET /posts?page=1&page_size=10 [36m304[0m 23.404 ms - -[0m
2023-04-05 00:16:18 info: [0mGET /posts?page=1&page_size=10 [36m304[0m 33.386 ms - -[0m
2023-04-05 00:16:18 info: [0mGET /posts?page=1&page_size=10 [36m304[0m 20.584 ms - -[0m
2023-04-05 00:16:24 info: [0mGET /projects [36m304[0m 28.458 ms - -[0m
2023-04-05 00:16:27 info: [0mOPTIONS /posts/create [32m204[0m 0.430 ms - 0[0m
2023-04-05 00:16:27 error: {"name":"SequelizeUniqueConstraintError","errors":[{"message":"slug must be unique","type":"unique violation","path":"slug","value":"du-an-1","origin":"DB","instance":{"id":null,"name":"du án 1","description":"","content":"","slug":"du-an-1","custom_slug":"du-an-1","post_id":15,"locale":"en"},"validatorKey":"not_unique","validatorName":null,"validatorArgs":[]}],"parent":{"code":"ER_DUP_ENTRY","errno":1062,"sqlState":"23000","sqlMessage":"Duplicate entry 'du-an-1' for key 'post_translation.slug'","sql":"INSERT INTO `post_translation` (`id`,`post_id`,`locale`,`name`,`content`,`description`,`slug`,`custom_slug`) VALUES (DEFAULT,?,?,?,?,?,?,?);","parameters":[15,"en","du án 1","","","du-an-1","du-an-1"]},"original":{"code":"ER_DUP_ENTRY","errno":1062,"sqlState":"23000","sqlMessage":"Duplicate entry 'du-an-1' for key 'post_translation.slug'","sql":"INSERT INTO `post_translation` (`id`,`post_id`,`locale`,`name`,`content`,`description`,`slug`,`custom_slug`) VALUES (DEFAULT,?,?,?,?,?,?,?);","parameters":[15,"en","du án 1","","","du-an-1","du-an-1"]},"fields":{"slug":"du-an-1"},"sql":"INSERT INTO `post_translation` (`id`,`post_id`,`locale`,`name`,`content`,`description`,`slug`,`custom_slug`) VALUES (DEFAULT,?,?,?,?,?,?,?);"}
2023-04-05 00:16:27 info: [0mPOST /posts/create [32m200[0m 20.467 ms - 16[0m
2023-04-05 00:16:27 info: [0mGET /posts?page=1&page_size=10 [36m304[0m 8.287 ms - -[0m
2023-04-05 00:16:27 info: [0mGET /posts?page=1&page_size=10 [36m304[0m 10.047 ms - -[0m
2023-04-05 00:16:43 info: [0mGET /posts?page=1&page_size=10 [36m304[0m 47.316 ms - -[0m
2023-04-05 00:16:43 info: [0mGET /posts?page=1&page_size=10 [36m304[0m 25.056 ms - -[0m
2023-04-05 00:16:44 info: [0mGET /posts?page=1&page_size=10 [36m304[0m 48.156 ms - -[0m
2023-04-05 00:16:44 info: [0mGET /projects [36m304[0m 13.483 ms - -[0m
2023-04-05 00:16:53 info: [0mOPTIONS /posts/create [32m204[0m 0.193 ms - 0[0m
2023-04-05 00:16:53 error: {"name":"SequelizeUniqueConstraintError","errors":[{"message":"slug must be unique","type":"unique violation","path":"slug","value":"bai-viet-1","origin":"DB","instance":{"id":null,"name":"bai viet 1","description":"","content":"","slug":"bai-viet-1","custom_slug":"bai-viet-1","post_id":16,"locale":"en"},"validatorKey":"not_unique","validatorName":null,"validatorArgs":[]}],"parent":{"code":"ER_DUP_ENTRY","errno":1062,"sqlState":"23000","sqlMessage":"Duplicate entry 'bai-viet-1' for key 'post_translation.slug'","sql":"INSERT INTO `post_translation` (`id`,`post_id`,`locale`,`name`,`content`,`description`,`slug`,`custom_slug`) VALUES (DEFAULT,?,?,?,?,?,?,?);","parameters":[16,"en","bai viet 1","","","bai-viet-1","bai-viet-1"]},"original":{"code":"ER_DUP_ENTRY","errno":1062,"sqlState":"23000","sqlMessage":"Duplicate entry 'bai-viet-1' for key 'post_translation.slug'","sql":"INSERT INTO `post_translation` (`id`,`post_id`,`locale`,`name`,`content`,`description`,`slug`,`custom_slug`) VALUES (DEFAULT,?,?,?,?,?,?,?);","parameters":[16,"en","bai viet 1","","","bai-viet-1","bai-viet-1"]},"fields":{"slug":"bai-viet-1"},"sql":"INSERT INTO `post_translation` (`id`,`post_id`,`locale`,`name`,`content`,`description`,`slug`,`custom_slug`) VALUES (DEFAULT,?,?,?,?,?,?,?);"}
2023-04-05 00:16:53 info: [0mPOST /posts/create [32m200[0m 36.786 ms - 16[0m
2023-04-05 00:16:53 info: [0mGET /posts?page=1&page_size=10 [36m304[0m 5.615 ms - -[0m
2023-04-05 00:16:53 info: [0mGET /posts?page=1&page_size=10 [36m304[0m 18.615 ms - -[0m
2023-04-05 00:18:18 info: [0mGET /posts? [36m304[0m 554.169 ms - -[0m
2023-04-05 00:18:22 info: [0mGET /projects? [36m304[0m 60.963 ms - -[0m
2023-04-05 00:18:22 info: [0mGET /projects?page=1&page_size=10 [36m304[0m 33.040 ms - -[0m
2023-04-05 00:18:23 info: [0mGET /banners?page=1&page_size=10 [36m304[0m 29.432 ms - -[0m
2023-04-05 00:18:23 info: [0mGET /banners? [32m200[0m 114.357 ms - 419[0m
2023-04-05 00:18:25 info: [0mGET /projects? [36m304[0m 7.346 ms - -[0m
2023-04-05 00:18:25 info: [0mGET /projects?page=1&page_size=10 [36m304[0m 12.982 ms - -[0m
2023-04-05 00:18:26 info: [0mGET /projects [36m304[0m 15.660 ms - -[0m
2023-04-05 00:18:28 info: [0mOPTIONS /projects/create [32m204[0m 0.327 ms - 0[0m
2023-04-05 00:18:28 info: [0mPOST /projects/create [32m200[0m 133.461 ms - 2[0m
2023-04-05 00:18:28 info: [0mGET /projects?page=1&page_size=10 [32m200[0m 9.489 ms - 817[0m
2023-04-05 00:18:28 info: [0mGET /projects?page=1&page_size=10 [36m304[0m 15.074 ms - -[0m
2023-04-05 00:18:30 info: [0mGET /projects [32m200[0m 7.159 ms - 817[0m
2023-04-05 00:18:34 info: [0mOPTIONS /projects/create [32m204[0m 0.146 ms - 0[0m
2023-04-05 00:18:34 info: [0mPOST /projects/create [32m200[0m 8.679 ms - 2[0m
2023-04-05 00:18:34 info: [0mGET /projects?page=1&page_size=10 [32m200[0m 6.994 ms - 986[0m
2023-04-05 00:18:34 info: [0mGET /projects?page=1&page_size=10 [36m304[0m 7.437 ms - -[0m
2023-04-05 00:18:40 info: [0mOPTIONS /projects/deleteMultipleIds [32m204[0m 0.726 ms - 0[0m
2023-04-05 00:18:40 info: [0mPOST /projects/deleteMultipleIds [32m200[0m 34.060 ms - 30[0m
2023-04-05 00:18:40 info: [0mGET /posts? [36m304[0m 92.849 ms - -[0m
2023-04-05 00:18:40 info: [0mGET /posts?page=1&page_size=10 [36m304[0m 172.844 ms - -[0m
2023-04-05 00:18:40 info: [0mGET /projects? [32m200[0m 187.251 ms - 92[0m
2023-04-05 00:18:40 info: [0mGET /projects?page=1&page_size=10 [32m200[0m 188.498 ms - 92[0m
2023-04-05 00:18:40 info: [0mGET /banners? [36m304[0m 198.330 ms - -[0m
2023-04-05 00:18:40 info: [0mGET /posts? [36m304[0m 181.354 ms - -[0m
2023-04-05 00:18:40 info: [0mGET /banners?page=1&page_size=10 [36m304[0m 202.048 ms - -[0m
2023-04-05 00:18:40 info: [0mGET /posts?page=1&page_size=10 [36m304[0m 77.122 ms - -[0m
2023-04-05 00:18:40 info: [0mGET /projects? [36m304[0m 32.392 ms - -[0m
2023-04-05 00:18:40 info: [0mGET /projects?page=1&page_size=10 [36m304[0m 39.920 ms - -[0m
2023-04-05 00:18:40 info: [0mGET /posts?page=1&page_size=10 [36m304[0m 19.881 ms - -[0m
2023-04-05 00:18:40 info: [0mGET /projects?page=1&page_size=10 [36m304[0m 23.832 ms - -[0m
2023-04-05 00:18:40 info: [0mGET /posts?page=1&page_size=10 [36m304[0m 13.375 ms - -[0m
2023-04-05 00:18:40 info: [0mGET /projects?page=1&page_size=10 [36m304[0m 17.119 ms - -[0m
2023-04-05 00:18:40 info: [0mGET /posts?page=1&page_size=10 [36m304[0m 17.534 ms - -[0m
2023-04-05 00:18:40 info: [0mGET /projects?page=1&page_size=10 [36m304[0m 7.302 ms - -[0m
2023-04-05 00:18:40 info: [0mGET /projects?page=1&page_size=10 [36m304[0m 9.709 ms - -[0m
2023-04-05 00:18:42 info: [0mGET /posts? [36m304[0m 51.754 ms - -[0m
2023-04-05 00:18:42 info: [0mGET /posts?page=1&page_size=10 [36m304[0m 17.238 ms - -[0m
2023-04-05 00:19:45 info: [0mGET /projects [32m200[0m 51.159 ms - 92[0m
2023-04-05 00:19:47 info: [0mOPTIONS /posts/create [32m204[0m 0.267 ms - 0[0m
2023-04-05 00:19:47 error: {"name":"SequelizeUniqueConstraintError","errors":[{"message":"slug must be unique","type":"unique violation","path":"slug","value":"vsvs","origin":"DB","instance":{"id":null,"name":"vsvs","description":"","content":"","slug":"vsvs","custom_slug":"vsvs","post_id":17,"locale":"en"},"validatorKey":"not_unique","validatorName":null,"validatorArgs":[]}],"parent":{"code":"ER_DUP_ENTRY","errno":1062,"sqlState":"23000","sqlMessage":"Duplicate entry 'vsvs' for key 'post_translation.slug'","sql":"INSERT INTO `post_translation` (`id`,`post_id`,`locale`,`name`,`content`,`description`,`slug`,`custom_slug`) VALUES (DEFAULT,?,?,?,?,?,?,?);","parameters":[17,"en","vsvs","","","vsvs","vsvs"]},"original":{"code":"ER_DUP_ENTRY","errno":1062,"sqlState":"23000","sqlMessage":"Duplicate entry 'vsvs' for key 'post_translation.slug'","sql":"INSERT INTO `post_translation` (`id`,`post_id`,`locale`,`name`,`content`,`description`,`slug`,`custom_slug`) VALUES (DEFAULT,?,?,?,?,?,?,?);","parameters":[17,"en","vsvs","","","vsvs","vsvs"]},"fields":{"slug":"vsvs"},"sql":"INSERT INTO `post_translation` (`id`,`post_id`,`locale`,`name`,`content`,`description`,`slug`,`custom_slug`) VALUES (DEFAULT,?,?,?,?,?,?,?);"}
2023-04-05 00:19:47 info: [0mPOST /posts/create [32m200[0m 32.031 ms - 16[0m
2023-04-05 00:19:47 info: [0mGET /posts?page=1&page_size=10 [36m304[0m 10.258 ms - -[0m
2023-04-05 00:19:47 info: [0mGET /posts?page=1&page_size=10 [36m304[0m 14.825 ms - -[0m
2023-04-05 00:21:38 info: =================================
2023-04-05 00:21:38 info: ======= ENV: development =======
2023-04-05 00:21:38 info: 🚀 App listening on the port 8000
2023-04-05 00:21:38 info: =================================
2023-04-05 00:21:47 info: =================================
2023-04-05 00:21:47 info: ======= ENV: development =======
2023-04-05 00:21:47 info: 🚀 App listening on the port 8000
2023-04-05 00:21:47 info: =================================
2023-04-05 00:22:38 info: =================================
2023-04-05 00:22:38 info: ======= ENV: development =======
2023-04-05 00:22:38 info: 🚀 App listening on the port 8000
2023-04-05 00:22:38 info: =================================
2023-04-05 00:23:37 info: =================================
2023-04-05 00:23:37 info: ======= ENV: development =======
2023-04-05 00:23:37 info: 🚀 App listening on the port 8000
2023-04-05 00:23:37 info: =================================
2023-04-05 00:23:55 info: =================================
2023-04-05 00:23:55 info: ======= ENV: development =======
2023-04-05 00:23:55 info: 🚀 App listening on the port 8000
2023-04-05 00:23:55 info: =================================
2023-04-05 00:24:09 info: =================================
2023-04-05 00:24:09 info: ======= ENV: development =======
2023-04-05 00:24:09 info: 🚀 App listening on the port 8000
2023-04-05 00:24:09 info: =================================
2023-04-05 00:24:22 info: [0mGET /posts?page=1&page_size=10 [36m304[0m 231.423 ms - -[0m
2023-04-05 00:24:22 info: [0mGET /posts?page=1&page_size=10 [36m304[0m 78.300 ms - -[0m
2023-04-05 00:24:22 info: [0mGET /posts?page=1&page_size=10 [36m304[0m 22.958 ms - -[0m
2023-04-05 00:24:26 info: [0mGET /posts?page=1&page_size=10 [36m304[0m 59.837 ms - -[0m
2023-04-05 00:24:26 info: [0mGET /posts?page=1&page_size=10 [36m304[0m 25.042 ms - -[0m
2023-04-05 00:24:26 info: [0mGET /posts?page=1&page_size=10 [36m304[0m 16.245 ms - -[0m
2023-04-05 00:24:28 info: [0mGET /projects [36m304[0m 167.061 ms - -[0m
2023-04-05 00:24:30 info: [0mOPTIONS /posts/create [32m204[0m 1.002 ms - 0[0m
2023-04-05 00:24:30 error: {"name":"SequelizeUniqueConstraintError","errors":[{"message":"slug must be unique","type":"unique violation","path":"slug","value":"23232","origin":"DB","instance":{"id":null,"name":"23232","description":"","content":"","slug":"23232","custom_slug":"23232","post_id":18,"locale":"en"},"validatorKey":"not_unique","validatorName":null,"validatorArgs":[]}],"parent":{"code":"ER_DUP_ENTRY","errno":1062,"sqlState":"23000","sqlMessage":"Duplicate entry '23232' for key 'post_translation.slug'","sql":"INSERT INTO `post_translation` (`id`,`post_id`,`locale`,`name`,`content`,`description`,`slug`,`custom_slug`) VALUES (DEFAULT,?,?,?,?,?,?,?);","parameters":[18,"en","23232","","","23232","23232"]},"original":{"code":"ER_DUP_ENTRY","errno":1062,"sqlState":"23000","sqlMessage":"Duplicate entry '23232' for key 'post_translation.slug'","sql":"INSERT INTO `post_translation` (`id`,`post_id`,`locale`,`name`,`content`,`description`,`slug`,`custom_slug`) VALUES (DEFAULT,?,?,?,?,?,?,?);","parameters":[18,"en","23232","","","23232","23232"]},"fields":{"slug":"23232"},"sql":"INSERT INTO `post_translation` (`id`,`post_id`,`locale`,`name`,`content`,`description`,`slug`,`custom_slug`) VALUES (DEFAULT,?,?,?,?,?,?,?);"}
2023-04-05 00:24:30 info: [0mPOST /posts/create [32m200[0m 133.673 ms - 16[0m
2023-04-05 00:24:30 info: [0mGET /posts?page=1&page_size=10 [36m304[0m 11.096 ms - -[0m
2023-04-05 00:24:30 info: [0mGET /posts?page=1&page_size=10 [36m304[0m 14.149 ms - -[0m
2023-04-05 00:25:57 info: =================================
2023-04-05 00:25:57 info: ======= ENV: development =======
2023-04-05 00:25:57 info: 🚀 App listening on the port 8000
2023-04-05 00:25:57 info: =================================
2023-04-05 00:26:12 info: [0mGET /posts?page=1&page_size=10 [36m304[0m 147.118 ms - -[0m
2023-04-05 00:26:12 info: [0mGET /posts?page=1&page_size=10 [36m304[0m 16.055 ms - -[0m
2023-04-05 00:26:12 info: [0mGET /posts?page=1&page_size=10 [36m304[0m 23.337 ms - -[0m
2023-04-05 00:26:12 info: [0mGET /projects [36m304[0m 22.766 ms - -[0m
2023-04-05 00:26:14 info: [0mOPTIONS /posts/create [32m204[0m 1.129 ms - 0[0m
2023-04-05 00:26:14 info: [0mPOST /posts/create [32m200[0m 46.165 ms - 16[0m
2023-04-05 00:26:15 info: [0mGET /posts?page=1&page_size=10 [32m200[0m 23.301 ms - 254[0m
2023-04-05 00:26:15 info: [0mGET /posts?page=1&page_size=10 [36m304[0m 12.032 ms - -[0m
2023-04-05 00:26:19 info: [0mGET /projects? [36m304[0m 17.344 ms - -[0m
2023-04-05 00:26:19 info: [0mGET /projects?page=1&page_size=10 [36m304[0m 26.046 ms - -[0m
2023-04-05 00:26:20 info: [0mGET /banners? [36m304[0m 18.146 ms - -[0m
2023-04-05 00:26:20 info: [0mGET /banners?page=1&page_size=10 [36m304[0m 18.259 ms - -[0m
2023-04-05 00:26:33 info: [0mGET /posts? [32m200[0m 79.130 ms - 254[0m
2023-04-05 00:26:33 info: [0mGET /posts?page=1&page_size=10 [36m304[0m 35.903 ms - -[0m
2023-04-05 00:26:35 info: [0mGET /posts/show/19 [32m200[0m 33.176 ms - 258[0m
2023-04-05 00:26:35 info: [0mGET /projects [36m304[0m 27.898 ms - -[0m
2023-04-05 00:26:41 info: [0mOPTIONS /posts/update/19 [32m204[0m 0.188 ms - 0[0m
2023-04-05 00:26:41 info: [0mPUT /posts/update/19 [32m200[0m 16.164 ms - 16[0m
2023-04-05 00:26:41 info: [0mGET /posts/show/19 [32m200[0m 7.488 ms - 261[0m
2023-04-05 00:26:41 info: [0mGET /projects [36m304[0m 6.813 ms - -[0m
2023-04-05 00:26:45 info: [0mGET /projects [36m304[0m 7.148 ms - -[0m
2023-04-05 00:26:45 info: [0mGET /posts/show/19 [32m200[0m 16.065 ms - 252[0m
2023-04-05 00:26:45 info: [0mGET /projects [36m304[0m 6.210 ms - -[0m
2023-04-05 00:26:49 info: [0mOPTIONS /posts/update/19 [32m204[0m 0.544 ms - 0[0m
2023-04-05 00:26:49 info: [0mPUT /posts/update/19 [32m200[0m 7.964 ms - 16[0m
2023-04-05 00:26:49 info: [0mGET /posts/show/19 [32m200[0m 7.522 ms - 257[0m
2023-04-05 00:26:50 info: [0mGET /projects [36m304[0m 9.476 ms - -[0m
2023-04-05 00:26:54 info: [0mGET /projects [36m304[0m 5.838 ms - -[0m
2023-04-05 00:26:54 info: [0mGET /posts/show/19 [32m200[0m 17.116 ms - 261[0m
2023-04-05 00:26:55 info: [0mGET /projects [36m304[0m 5.883 ms - -[0m
2023-04-05 00:26:58 info: [0mGET /projects [36m304[0m 9.625 ms - -[0m
2023-04-05 00:26:59 info: [0mGET /posts/show/19 [32m200[0m 34.728 ms - 257[0m
2023-04-05 00:26:59 info: [0mGET /projects [36m304[0m 12.048 ms - -[0m
2023-04-05 00:27:05 info: [0mGET /projects [36m304[0m 5.502 ms - -[0m
2023-04-05 00:27:05 info: [0mGET /posts/show/19 [32m200[0m 10.428 ms - 261[0m
2023-04-05 00:27:05 info: [0mGET /projects [36m304[0m 30.347 ms - -[0m
2023-04-05 00:28:34 info: [0mGET /banners?page=1&page_size=10 [36m304[0m 33.883 ms - -[0m
2023-04-05 00:28:34 info: [0mGET /banners? [36m304[0m 152.875 ms - -[0m
2023-04-05 00:28:34 info: [0mGET /posts/show/19 [36m304[0m 241.921 ms - -[0m
2023-04-05 00:28:35 info: [0mGET /projects? [36m304[0m 20.423 ms - -[0m
2023-04-05 00:28:35 info: [0mGET /projects?page=1&page_size=10 [36m304[0m 12.423 ms - -[0m
2023-04-05 00:28:35 info: [0mGET /posts? [32m200[0m 8.088 ms - 257[0m
2023-04-05 00:28:35 info: [0mGET /posts?page=1&page_size=10 [32m200[0m 8.291 ms - 257[0m
2023-04-05 00:29:45 info: =================================
2023-04-05 00:29:45 info: ======= ENV: development =======
2023-04-05 00:29:45 info: 🚀 App listening on the port 8000
2023-04-05 00:29:45 info: =================================
2023-04-05 00:32:26 info: [0mGET /projects/index [33m404[0m 56.771 ms - 153[0m
2023-04-05 00:35:56 info: =================================
2023-04-05 00:35:56 info: ======= ENV: development =======
2023-04-05 00:35:56 info: 🚀 App listening on the port 8000
2023-04-05 00:35:56 info: =================================
2023-04-05 00:36:04 info: =================================
2023-04-05 00:36:04 info: ======= ENV: development =======
2023-04-05 00:36:04 info: 🚀 App listening on the port 8000
2023-04-05 00:36:04 info: =================================
2023-04-05 00:36:13 info: =================================
2023-04-05 00:36:13 info: ======= ENV: development =======
2023-04-05 00:36:13 info: 🚀 App listening on the port 8000
2023-04-05 00:36:13 info: =================================
2023-04-05 00:36:26 info: =================================
2023-04-05 00:36:26 info: ======= ENV: development =======
2023-04-05 00:36:26 info: 🚀 App listening on the port 8000
2023-04-05 00:36:26 info: =================================
2023-04-05 00:36:36 info: =================================
2023-04-05 00:36:36 info: ======= ENV: development =======
2023-04-05 00:36:36 info: 🚀 App listening on the port 8000
2023-04-05 00:36:36 info: =================================
2023-04-05 00:36:46 info: =================================
2023-04-05 00:36:46 info: ======= ENV: development =======
2023-04-05 00:36:46 info: 🚀 App listening on the port 8000
2023-04-05 00:36:46 info: =================================
2023-04-05 00:38:07 info: =================================
2023-04-05 00:38:07 info: ======= ENV: development =======
2023-04-05 00:38:07 info: 🚀 App listening on the port 8000
2023-04-05 00:38:07 info: =================================
2023-04-05 08:51:39 info: [0mGET /projects/index [33m404[0m 16.483 ms - 153[0m
2023-04-05 09:09:31 info: =================================
2023-04-05 09:09:31 info: ======= ENV: development =======
2023-04-05 09:09:31 info: 🚀 App listening on the port 8000
2023-04-05 09:09:31 info: =================================
2023-04-05 18:26:44 info: =================================
2023-04-05 18:26:44 info: ======= ENV: development =======
2023-04-05 18:26:44 info: 🚀 App listening on the port 8000
2023-04-05 18:26:44 info: =================================
2023-04-05 18:46:25 info: =================================
2023-04-05 18:46:25 info: ======= ENV: development =======
2023-04-05 18:46:25 info: 🚀 App listening on the port 8000
2023-04-05 18:46:25 info: =================================
2023-04-05 18:46:43 info: =================================
2023-04-05 18:46:43 info: ======= ENV: development =======
2023-04-05 18:46:43 info: 🚀 App listening on the port 8000
2023-04-05 18:46:43 info: =================================
2023-04-05 18:46:56 info: =================================
2023-04-05 18:46:56 info: ======= ENV: development =======
2023-04-05 18:46:56 info: 🚀 App listening on the port 8000
2023-04-05 18:46:56 info: =================================
2023-04-05 18:49:31 info: [0mGET /projects?page=1&page_size=10 [32m200[0m 249.319 ms - 477[0m
2023-04-05 18:49:31 info: [0mGET /projects? [32m200[0m 375.708 ms - 477[0m
2023-04-05 18:49:33 info: [0mGET /projects [32m200[0m 24.684 ms - 477[0m
2023-04-05 18:49:37 info: [0mGET /projects?page=1&page_size=10 [36m304[0m 10.694 ms - -[0m
2023-04-05 18:49:37 info: [0mGET /projects?page=1&page_size=10 [36m304[0m 9.107 ms - -[0m
2023-04-05 18:49:56 info: [0mGET /projects? [36m304[0m 20.801 ms - -[0m
2023-04-05 18:50:01 info: [0mGET /projects/index [33m404[0m 13.140 ms - 153[0m
2023-04-05 18:50:11 info: [0mGET /roles [32m200[0m 86.976 ms - 241[0m
2023-04-05 18:50:40 info: [0mGET /roles?page=1&page_size=10 [32m200[0m 57.489 ms - 241[0m
2023-04-05 18:50:40 info: [0mGET /roles?page=1&page_size=10 [36m304[0m 20.085 ms - -[0m
2023-04-05 18:51:01 info: [0mGET /roles/show/1 [32m200[0m 31.460 ms - 103[0m
2023-04-05 18:51:04 info: [0mGET /roles/show/2 [32m200[0m 4.815 ms - 98[0m
2023-04-05 18:52:36 info: =================================
2023-04-05 18:52:36 info: ======= ENV: development =======
2023-04-05 18:52:36 info: 🚀 App listening on the port 8000
2023-04-05 18:52:36 info: =================================
2023-04-05 18:52:45 info: =================================
2023-04-05 18:52:45 info: ======= ENV: development =======
2023-04-05 18:52:45 info: 🚀 App listening on the port 8000
2023-04-05 18:52:45 info: =================================
2023-04-05 18:52:54 info: [0mGET /roles?page=1&page_size=10 [0m-[0m - ms - -[0m
2023-04-05 18:52:55 info: [0mGET /roles?page=1&page_size=10 [32m200[0m 34.062 ms - 241[0m
2023-04-05 18:52:55 info: [0mGET /roles?page=1&page_size=10 [36m304[0m 22.783 ms - -[0m
2023-04-05 18:52:55 info: [0mGET /roles?page=1&page_size=10 [36m304[0m 11.467 ms - -[0m
2023-04-05 18:54:33 info: [0mGET /projects [36m304[0m 160.849 ms - -[0m
2023-04-05 18:55:05 info: [0mGET /roles?page=1&page_size=10 [36m304[0m 260.885 ms - -[0m
2023-04-05 18:55:05 info: [0mGET /roles?page=1&page_size=10 [36m304[0m 52.112 ms - -[0m
2023-04-05 19:01:30 info: [0mGET /roles? [32m200[0m 149.274 ms - 241[0m
2023-04-05 19:01:30 info: [0mGET /roles?page=1&page_size=10 [36m304[0m 83.376 ms - -[0m
2023-04-05 19:01:33 info: [0mGET /roles?page=1&page_size=10 [36m304[0m 18.493 ms - -[0m
2023-04-05 19:01:33 info: [0mGET /roles?page=1&page_size=10 [36m304[0m 7.800 ms - -[0m
2023-04-05 19:02:30 info: [0mGET /roles?page=1&page_size=10 [36m304[0m 89.478 ms - -[0m
2023-04-05 19:02:30 info: [0mGET /roles?page=1&page_size=10 [36m304[0m 5.094 ms - -[0m
2023-04-05 19:02:37 info: [0mGET /projects/index [33m404[0m 12.702 ms - 153[0m
2023-04-05 19:02:42 info: [0mGET /roles? [36m304[0m 39.142 ms - -[0m
2023-04-05 19:02:42 info: [0mGET /roles?page=1&page_size=10 [36m304[0m 20.003 ms - -[0m
2023-04-05 19:03:33 info: [0mGET /projects/index [33m404[0m 9.679 ms - 153[0m
2023-04-05 19:03:34 info: [0mGET /roles? [36m304[0m 51.590 ms - -[0m
2023-04-05 19:03:34 info: [0mGET /roles?page=1&page_size=10 [36m304[0m 16.632 ms - -[0m
2023-04-05 19:03:36 info: [0mGET /roles?page=1&page_size=10 [36m304[0m 7.108 ms - -[0m
2023-04-05 19:03:36 info: [0mGET /roles?page=1&page_size=10 [36m304[0m 4.896 ms - -[0m
2023-04-05 19:03:43 info: [0mGET /projects/index [33m404[0m 0.438 ms - 153[0m
2023-04-05 19:03:44 info: [0mGET /roles? [36m304[0m 9.387 ms - -[0m
2023-04-05 19:03:44 info: [0mGET /roles?page=1&page_size=10 [36m304[0m 7.000 ms - -[0m
2023-04-05 19:04:06 info: [0mOPTIONS /folders/get-medias [32m204[0m 1.251 ms - 0[0m
2023-04-05 19:04:06 info: [0mPOST /folders/get-medias [32m200[0m 71.899 ms - 31[0m
2023-04-05 19:04:06 info: [0mGET /folders [36m304[0m 36.325 ms - -[0m
2023-04-05 19:04:09 info: [0mGET /roles? [36m304[0m 4.915 ms - -[0m
2023-04-05 19:04:09 info: [0mGET /roles?page=1&page_size=10 [36m304[0m 7.681 ms - -[0m
2023-04-05 19:04:10 info: [0mGET /projects/index [33m404[0m 0.589 ms - 153[0m
2023-04-05 19:04:12 info: [0mGET /roles? [36m304[0m 8.677 ms - -[0m
2023-04-05 19:04:12 info: [0mGET /roles?page=1&page_size=10 [36m304[0m 3.792 ms - -[0m
2023-04-05 19:04:13 info: [0mGET /projects/index [33m404[0m 0.475 ms - 153[0m
2023-04-05 19:05:03 info: [0mGET /roles? [36m304[0m 154.040 ms - -[0m
2023-04-05 19:05:03 info: [0mGET /roles?page=1&page_size=10 [36m304[0m 98.599 ms - -[0m
2023-04-05 19:05:08 info: [0mGET /posts?page=1&page_size=10 [32m200[0m 64.092 ms - 472[0m
2023-04-05 19:05:08 info: [0mGET /posts? [32m200[0m 124.591 ms - 472[0m
2023-04-05 19:05:08 info: [0mGET /projects? [36m304[0m 10.531 ms - -[0m
2023-04-05 19:05:08 info: [0mGET /projects?page=1&page_size=10 [36m304[0m 7.478 ms - -[0m
2023-04-05 19:05:10 info: [0mGET /posts? [36m304[0m 7.662 ms - -[0m
2023-04-05 19:05:10 info: [0mGET /posts?page=1&page_size=10 [36m304[0m 11.821 ms - -[0m
2023-04-05 19:05:10 info: [0mGET /projects? [36m304[0m 8.814 ms - -[0m
2023-04-05 19:05:10 info: [0mGET /projects?page=1&page_size=10 [36m304[0m 11.539 ms - -[0m
2023-04-05 19:05:11 info: [0mGET /banners? [32m200[0m 12.731 ms - 308[0m
2023-04-05 19:05:11 info: [0mGET /banners?page=1&page_size=10 [32m200[0m 6.717 ms - 308[0m
2023-04-05 19:05:11 info: [0mGET /projects? [36m304[0m 10.428 ms - -[0m
2023-04-05 19:05:11 info: [0mGET /projects?page=1&page_size=10 [36m304[0m 5.040 ms - -[0m
2023-04-05 19:05:12 info: [0mGET /posts? [36m304[0m 6.972 ms - -[0m
2023-04-05 19:05:12 info: [0mGET /posts?page=1&page_size=10 [36m304[0m 6.583 ms - -[0m
2023-04-05 19:05:13 info: [0mGET /jobs?page=1&page_size=10 [36m304[0m 9.691 ms - -[0m
2023-04-05 19:05:13 info: [0mGET /jobs? [36m304[0m 89.663 ms - -[0m
2023-04-05 19:05:13 info: [0mGET /ceos? [32m200[0m 10.086 ms - 362[0m
2023-04-05 19:05:13 info: [0mGET /ceos?page=1&page_size=10 [32m200[0m 18.543 ms - 362[0m
2023-04-05 19:05:15 info: [0mGET /jobs? [36m304[0m 4.957 ms - -[0m
2023-04-05 19:05:15 info: [0mGET /jobs?page=1&page_size=10 [36m304[0m 2.902 ms - -[0m
2023-04-05 19:05:16 info: [0mGET /projects [36m304[0m 7.141 ms - -[0m
2023-04-05 19:05:19 info: [0mGET /jobs?page=1&page_size=10 [36m304[0m 3.230 ms - -[0m
2023-04-05 19:05:20 info: [0mGET /jobs?page=1&page_size=10 [36m304[0m 6.648 ms - -[0m
2023-04-05 19:05:23 info: [0mGET /posts? [36m304[0m 4.661 ms - -[0m
2023-04-05 19:05:23 info: [0mGET /posts?page=1&page_size=10 [36m304[0m 8.646 ms - -[0m
2023-04-05 19:05:24 info: [0mGET /jobs? [36m304[0m 45.606 ms - -[0m
2023-04-05 19:05:24 info: [0mGET /jobs?page=1&page_size=10 [36m304[0m 34.802 ms - -[0m
2023-04-05 19:05:27 info: [0mGET /posts? [36m304[0m 6.581 ms - -[0m
2023-04-05 19:05:27 info: [0mGET /posts?page=1&page_size=10 [36m304[0m 5.751 ms - -[0m
2023-04-05 19:05:28 info: [0mGET /projects [36m304[0m 7.655 ms - -[0m
2023-04-05 19:05:29 info: [0mGET /posts?page=1&page_size=10 [36m304[0m 14.943 ms - -[0m
2023-04-05 19:05:29 info: [0mGET /posts?page=1&page_size=10 [36m304[0m 5.250 ms - -[0m
2023-04-05 19:05:36 info: [0mGET /projects [36m304[0m 18.793 ms - -[0m
2023-04-05 19:05:44 info: [0mGET /posts?page=1&page_size=10 [36m304[0m 11.422 ms - -[0m
2023-04-05 19:05:44 info: [0mGET /posts?page=1&page_size=10 [36m304[0m 23.959 ms - -[0m
2023-04-05 19:05:48 info: [0mGET /projects? [36m304[0m 6.369 ms - -[0m
2023-04-05 19:05:48 info: [0mGET /projects?page=1&page_size=10 [36m304[0m 20.348 ms - -[0m
2023-04-05 19:05:49 info: [0mGET /banners? [36m304[0m 5.205 ms - -[0m
2023-04-05 19:05:49 info: [0mGET /banners?page=1&page_size=10 [36m304[0m 5.543 ms - -[0m
2023-04-05 19:05:50 info: [0mGET /projects? [36m304[0m 5.935 ms - -[0m
2023-04-05 19:05:50 info: [0mGET /projects?page=1&page_size=10 [36m304[0m 5.383 ms - -[0m
2023-04-05 19:05:50 info: [0mGET /posts? [36m304[0m 7.039 ms - -[0m
2023-04-05 19:05:50 info: [0mGET /posts?page=1&page_size=10 [36m304[0m 5.035 ms - -[0m
2023-04-05 19:05:50 info: [0mGET /jobs? [36m304[0m 4.237 ms - -[0m
2023-04-05 19:05:50 info: [0mGET /jobs?page=1&page_size=10 [36m304[0m 8.608 ms - -[0m
2023-04-05 19:05:51 info: [0mGET /ceos? [36m304[0m 5.922 ms - -[0m
2023-04-05 19:05:51 info: [0mGET /ceos?page=1&page_size=10 [36m304[0m 6.620 ms - -[0m
2023-04-05 19:05:54 info: [0mGET /ceos?page=1&page_size=10 [36m304[0m 31.462 ms - -[0m
2023-04-05 19:05:54 info: [0mGET /ceos?page=1&page_size=10 [36m304[0m 36.239 ms - -[0m
2023-04-05 19:05:54 info: [0mGET /ceos?page=1&page_size=10 [36m304[0m 14.429 ms - -[0m
