2023-06-15 09:16:52 info: =================================
2023-06-15 09:16:52 info: ======= ENV: development =======
2023-06-15 09:16:52 info: 🚀 App listening on the port 8000
2023-06-15 09:16:52 info: =================================
2023-06-15 09:17:22 info: [0mGET /banners/getListBanner [36m304[0m 1597.326 ms - -[0m
2023-06-15 09:17:22 info: [0mGET /posts/getListFeatured [36m304[0m 1567.990 ms - -[0m
2023-06-15 09:17:22 info: [0mGET /services/nav [36m304[0m 1594.227 ms - -[0m
2023-06-15 09:17:23 info: [0mGET /services/nav [36m304[0m 200.676 ms - -[0m
2023-06-15 09:18:53 info: [0mGET /banners/getListBanner [36m304[0m 1484.797 ms - -[0m
2023-06-15 09:22:00 info: [0mGET /services/show/6 [32m200[0m 2351.621 ms - -[0m
2023-06-15 09:22:02 info: [0mGET /banners/getListBanner [36m304[0m 279.887 ms - -[0m
2023-06-15 09:22:02 info: [0mGET /posts/getListFeatured [36m304[0m 354.548 ms - -[0m
2023-06-15 09:22:03 info: [0mGET /services/nav [36m304[0m 662.345 ms - -[0m
2023-06-15 09:23:03 info: [0mGET /banners/getListBanner [36m304[0m 1148.528 ms - -[0m
2023-06-15 09:23:03 info: [0mGET /posts/getListFeatured [36m304[0m 1367.993 ms - -[0m
2023-06-15 09:23:03 info: [0mGET /services/nav [36m304[0m 1468.755 ms - -[0m
2023-06-15 09:23:04 info: [0mGET /services/nav [36m304[0m 293.939 ms - -[0m
2023-06-15 09:48:28 info: [0mOPTIONS /admins/login [32m204[0m 13.128 ms - 0[0m
2023-06-15 09:48:29 info: [0mPOST /admins/login [32m200[0m 1704.849 ms - -[0m
2023-06-15 09:48:33 info: [0mOPTIONS /admins/profile [32m204[0m 0.759 ms - 0[0m
2023-06-15 09:48:33 info: [0mGET /banners? [32m200[0m 314.332 ms - -[0m
2023-06-15 09:48:33 info: [0mGET /admins/profile [32m200[0m 377.314 ms - 268[0m
2023-06-15 09:48:34 info: [0mGET /banners?page=1&page_size=10 [32m200[0m 132.678 ms - -[0m
2023-06-15 09:48:40 info: [0mOPTIONS /admins/profile [32m204[0m 0.720 ms - 0[0m
2023-06-15 09:48:40 info: [0mOPTIONS /folders/get-medias [32m204[0m 0.250 ms - 0[0m
2023-06-15 09:48:40 info: [0mPOST /folders/get-medias [32m200[0m 156.135 ms - -[0m
2023-06-15 09:48:40 info: [0mGET /admins/profile [36m304[0m 253.767 ms - -[0m
2023-06-15 09:48:40 info: [0mGET /folders [32m200[0m 306.928 ms - 375[0m
2023-06-15 09:48:42 info: [0mGET /admins/profile [36m304[0m 66.140 ms - -[0m
2023-06-15 09:48:42 info: [0mGET /banners? [36m304[0m 115.519 ms - -[0m
2023-06-15 09:48:42 info: [0mGET /banners?page=1&page_size=10 [36m304[0m 76.060 ms - -[0m
2023-06-15 09:48:48 info: [0mOPTIONS /admins/profile [32m204[0m 0.557 ms - 0[0m
2023-06-15 09:48:48 info: [0mGET /admins/profile [36m304[0m 103.964 ms - -[0m
2023-06-15 09:48:48 info: [0mGET /services/nav [36m304[0m 169.093 ms - -[0m
2023-06-15 09:48:50 info: [0mGET /services/show/1 [32m200[0m 67.225 ms - 758[0m
2023-06-15 09:48:54 info: [0mOPTIONS /folders/get-medias [32m204[0m 0.545 ms - 0[0m
2023-06-15 09:48:54 info: [0mPOST /folders/get-medias [32m200[0m 65.593 ms - -[0m
2023-06-15 09:48:54 info: [0mGET /folders [36m304[0m 134.259 ms - -[0m
2023-06-15 09:51:10 info: [0mPOST /medias/create [32m200[0m 3484.215 ms - 31[0m
2023-06-15 09:51:10 info: [0mOPTIONS /folders/get-medias [32m204[0m 0.214 ms - 0[0m
2023-06-15 09:51:10 info: [0mPOST /folders/get-medias [32m200[0m 149.304 ms - -[0m
2023-06-15 09:51:15 info: [0mOPTIONS /admins/profile [32m204[0m 4.133 ms - 0[0m
2023-06-15 09:51:16 info: [0mGET /admins/profile [36m304[0m 609.289 ms - -[0m
2023-06-15 09:51:16 info: [0mGET /banners? [36m304[0m 525.603 ms - -[0m
2023-06-15 09:51:16 info: [0mGET /banners?page=1&page_size=10 [36m304[0m 448.198 ms - -[0m
2023-06-15 09:51:31 info: [0mOPTIONS /admins/profile [32m204[0m 0.591 ms - 0[0m
2023-06-15 09:51:31 info: [0mGET /banners/show/2 [32m200[0m 61.763 ms - 801[0m
2023-06-15 09:51:31 info: [0mGET /admins/profile [36m304[0m 107.873 ms - -[0m
2023-06-15 09:51:32 info: [0mGET /admins/profile [36m304[0m 27.783 ms - -[0m
2023-06-15 09:51:32 info: [0mGET /banners/show/2 [36m304[0m 48.157 ms - -[0m
2023-06-15 09:51:32 info: [0mGET /banners?page=1&page_size=10 [36m304[0m 38.728 ms - -[0m
2023-06-15 09:51:32 info: [0mGET /banners?page=1&page_size=10 [36m304[0m 21.562 ms - -[0m
2023-06-15 09:51:34 info: [0mGET /admins/profile [36m304[0m 70.724 ms - -[0m
2023-06-15 09:51:34 info: [0mGET /services/nav [36m304[0m 77.862 ms - -[0m
2023-06-15 09:51:35 info: [0mGET /services/show/1 [36m304[0m 7.599 ms - -[0m
2023-06-15 09:51:39 info: [0mOPTIONS /folders/get-medias [32m204[0m 0.294 ms - 0[0m
2023-06-15 09:51:39 info: [0mPOST /folders/get-medias [32m200[0m 14.015 ms - -[0m
2023-06-15 09:51:39 info: [0mGET /folders [36m304[0m 127.150 ms - -[0m
2023-06-15 09:51:42 info: [0mOPTIONS /services/update/1 [32m204[0m 0.149 ms - 0[0m
2023-06-15 09:51:42 info: [0mPUT /services/update/1 [32m200[0m 42.474 ms - 400[0m
2023-06-15 09:51:42 info: [0mGET /services/nav [32m200[0m 16.592 ms - -[0m
2023-06-15 09:51:48 info: [0mGET /services/nav [36m304[0m 105.118 ms - -[0m
2023-06-15 09:51:48 info: [0mGET /banners/getListBanner [36m304[0m 81.783 ms - -[0m
2023-06-15 09:51:48 info: [0mGET /posts/getListFeatured [36m304[0m 189.134 ms - -[0m
2023-06-15 09:51:48 info: [0mGET /services/nav [36m304[0m 112.032 ms - -[0m
2023-06-15 09:53:27 info: [0mGET /banners/getListBanner [36m304[0m 256.990 ms - -[0m
2023-06-15 09:53:27 info: [0mGET /services/nav [36m304[0m 290.347 ms - -[0m
2023-06-15 09:53:27 info: [0mGET /posts/getListFeatured [36m304[0m 269.343 ms - -[0m
2023-06-15 09:53:27 info: [0mGET /services/nav [36m304[0m 50.345 ms - -[0m
2023-06-15 09:53:36 info: [0mGET /banners/getListBanner [36m304[0m 32.649 ms - -[0m
2023-06-15 09:53:36 info: [0mGET /posts/getListFeatured [36m304[0m 33.848 ms - -[0m
2023-06-15 09:53:36 info: [0mGET /services/nav [36m304[0m 67.649 ms - -[0m
2023-06-15 09:53:36 info: [0mGET /services/nav [36m304[0m 14.545 ms - -[0m
2023-06-15 09:55:07 info: [0mGET /banners/getListBanner [36m304[0m 69.589 ms - -[0m
2023-06-15 09:55:07 info: [0mGET /services/nav [36m304[0m 107.162 ms - -[0m
2023-06-15 09:55:07 info: [0mGET /posts/getListFeatured [36m304[0m 86.731 ms - -[0m
2023-06-15 09:55:08 info: [0mGET /services/nav [36m304[0m 237.609 ms - -[0m
2023-06-15 09:56:33 info: [0mGET /banners/getListBanner [36m304[0m 109.182 ms - -[0m
2023-06-15 09:56:33 info: [0mGET /posts/getListFeatured [36m304[0m 130.994 ms - -[0m
2023-06-15 09:56:33 info: [0mGET /services/nav [36m304[0m 184.625 ms - -[0m
2023-06-15 09:56:33 info: [0mGET /services/nav [36m304[0m 35.540 ms - -[0m
2023-06-15 10:03:26 info: [0mGET /banners/getListBanner [36m304[0m 281.782 ms - -[0m
2023-06-15 10:03:26 info: [0mGET /services/nav [36m304[0m 377.911 ms - -[0m
2023-06-15 10:03:26 info: [0mGET /posts/getListFeatured [36m304[0m 276.897 ms - -[0m
2023-06-15 10:03:26 info: [0mGET /services/nav [36m304[0m 19.962 ms - -[0m
2023-06-15 10:03:32 info: [0mGET /banners/getListBanner [36m304[0m 31.610 ms - -[0m
2023-06-15 10:03:32 info: [0mGET /services/nav [36m304[0m 85.244 ms - -[0m
2023-06-15 10:03:32 info: [0mGET /posts/getListFeatured [36m304[0m 69.870 ms - -[0m
2023-06-15 10:03:32 info: [0mGET /services/nav [36m304[0m 36.699 ms - -[0m
2023-06-15 10:07:32 info: [0mGET /services/nav [36m304[0m 503.278 ms - -[0m
2023-06-15 10:07:39 info: [0mOPTIONS /admins/login [32m204[0m 1.862 ms - 0[0m
2023-06-15 10:07:39 info: [0mPOST /admins/login [32m200[0m 86.661 ms - -[0m
2023-06-15 10:07:39 info: [0mOPTIONS /admins/profile [32m204[0m 0.395 ms - 0[0m
2023-06-15 10:07:40 info: [0mGET /admins/profile [36m304[0m 233.992 ms - -[0m
2023-06-15 10:07:40 info: [0mGET /banners?page=1&page_size=10 [36m304[0m 58.414 ms - -[0m
2023-06-15 10:07:40 info: [0mGET /banners? [32m200[0m 323.904 ms - -[0m
2023-06-15 10:08:19 info: [0mOPTIONS /admins/profile [32m204[0m 1.194 ms - 0[0m
2023-06-15 10:08:19 info: [0mGET /admins/profile [36m304[0m 260.624 ms - -[0m
2023-06-15 10:08:19 info: [0mGET /posts? [32m200[0m 345.189 ms - -[0m
2023-06-15 10:08:20 info: [0mGET /posts?page=1&page_size=10 [32m200[0m 24.424 ms - -[0m
2023-06-15 10:08:30 info: [0mOPTIONS /admins/profile [32m204[0m 1.122 ms - 0[0m
2023-06-15 10:08:30 info: [0mGET /admins/profile [36m304[0m 55.952 ms - -[0m
2023-06-15 10:08:30 info: [0mGET /posts/show/1 [32m200[0m 98.281 ms - -[0m
2023-06-15 10:08:31 info: [0mGET /ceos?[object%20Object] [32m200[0m 57.314 ms - 754[0m
2023-06-15 10:08:31 info: [0mGET /posts?[object%20Object] [32m200[0m 67.414 ms - -[0m
2023-06-15 10:08:31 info: [0mGET /categories?[object%20Object] [32m200[0m 78.552 ms - 467[0m
2023-06-15 10:08:33 info: [0mOPTIONS /folders/get-medias [32m204[0m 0.314 ms - 0[0m
2023-06-15 10:08:33 info: [0mPOST /folders/get-medias [32m200[0m 21.230 ms - -[0m
2023-06-15 10:08:33 info: [0mGET /folders [36m304[0m 106.543 ms - -[0m
2023-06-15 10:08:37 info: [0mOPTIONS /posts/update/1 [32m204[0m 0.231 ms - 0[0m
2023-06-15 10:08:37 info: [0mPUT /posts/update/1 [32m200[0m 158.997 ms - 16[0m
2023-06-15 10:08:37 info: [0mGET /posts/show/1 [36m304[0m 202.020 ms - -[0m
2023-06-15 10:08:38 info: [0mGET /categories?[object%20Object] [36m304[0m 48.040 ms - -[0m
2023-06-15 10:08:38 info: [0mGET /posts?[object%20Object] [36m304[0m 40.415 ms - -[0m
2023-06-15 10:08:38 info: [0mGET /ceos?[object%20Object] [36m304[0m 81.113 ms - -[0m
2023-06-15 10:08:43 info: [0mGET /banners/getListBanner [36m304[0m 137.907 ms - -[0m
2023-06-15 10:08:43 info: [0mGET /posts/getListFeatured [36m304[0m 181.636 ms - -[0m
2023-06-15 10:08:43 info: [0mGET /services/nav [36m304[0m 316.269 ms - -[0m
2023-06-15 10:08:43 info: [0mGET /services/nav [36m304[0m 101.337 ms - -[0m
2023-06-15 10:08:48 info: [0mGET /services/nav [36m304[0m 47.836 ms - -[0m
2023-06-15 10:08:48 info: [0mGET /banners/getListBanner [36m304[0m 44.117 ms - -[0m
2023-06-15 10:08:48 info: [0mGET /posts/getListFeatured [36m304[0m 42.187 ms - -[0m
2023-06-15 10:08:48 info: [0mGET /services/nav [36m304[0m 100.659 ms - -[0m
2023-06-15 10:08:56 info: [0mOPTIONS /admins/profile [32m204[0m 0.915 ms - 0[0m
2023-06-15 10:08:56 info: [0mGET /categories?[object%20Object] [36m304[0m 35.025 ms - -[0m
2023-06-15 10:08:56 info: [0mGET /ceos?[object%20Object] [36m304[0m 42.591 ms - -[0m
2023-06-15 10:08:56 info: [0mGET /posts?[object%20Object] [36m304[0m 74.929 ms - -[0m
2023-06-15 10:08:56 info: [0mGET /admins/profile [36m304[0m 125.255 ms - -[0m
2023-06-15 10:08:57 info: [0mGET /posts/show/1 [36m304[0m 17.280 ms - -[0m
2023-06-15 10:08:57 info: [0mGET /ceos?[object%20Object] [36m304[0m 33.935 ms - -[0m
2023-06-15 10:08:57 info: [0mGET /categories?[object%20Object] [36m304[0m 45.742 ms - -[0m
2023-06-15 10:08:57 info: [0mGET /posts?[object%20Object] [36m304[0m 51.529 ms - -[0m
2023-06-15 10:08:59 info: [0mOPTIONS /folders/get-medias [32m204[0m 0.357 ms - 0[0m
2023-06-15 10:08:59 info: [0mGET /folders [36m304[0m 85.916 ms - -[0m
2023-06-15 10:08:59 info: [0mPOST /folders/get-medias [32m200[0m 87.205 ms - -[0m
2023-06-15 10:09:02 info: [0mPOST /folders/get-medias [32m200[0m 15.362 ms - -[0m
2023-06-15 10:09:02 info: [0mGET /folders [36m304[0m 76.311 ms - -[0m
2023-06-15 10:09:05 info: [0mOPTIONS /posts/update/1 [32m204[0m 0.366 ms - 0[0m
2023-06-15 10:09:05 info: [0mPUT /posts/update/1 [32m200[0m 15.673 ms - 16[0m
2023-06-15 10:09:05 info: [0mGET /posts/show/1 [36m304[0m 19.469 ms - -[0m
2023-06-15 10:09:05 info: [0mGET /categories?[object%20Object] [36m304[0m 14.013 ms - -[0m
2023-06-15 10:09:05 info: [0mGET /ceos?[object%20Object] [36m304[0m 21.410 ms - -[0m
2023-06-15 10:09:05 info: [0mGET /posts?[object%20Object] [36m304[0m 34.782 ms - -[0m
2023-06-15 10:09:18 info: [0mOPTIONS /posts/update/1 [32m204[0m 0.605 ms - 0[0m
2023-06-15 10:09:18 info: [0mPUT /posts/update/1 [32m200[0m 28.031 ms - 16[0m
2023-06-15 10:09:18 info: [0mGET /posts/show/1 [36m304[0m 46.011 ms - -[0m
2023-06-15 10:09:18 info: [0mGET /ceos?[object%20Object] [36m304[0m 16.862 ms - -[0m
2023-06-15 10:09:18 info: [0mGET /categories?[object%20Object] [36m304[0m 38.937 ms - -[0m
2023-06-15 10:09:18 info: [0mGET /posts?[object%20Object] [36m304[0m 60.730 ms - -[0m
2023-06-15 10:09:22 info: [0mOPTIONS /admins/profile [32m204[0m 0.867 ms - 0[0m
2023-06-15 10:09:22 info: [0mGET /categories?[object%20Object] [36m304[0m 120.295 ms - -[0m
2023-06-15 10:09:22 info: [0mGET /ceos?[object%20Object] [36m304[0m 134.790 ms - -[0m
2023-06-15 10:09:22 info: [0mGET /posts?[object%20Object] [36m304[0m 125.971 ms - -[0m
2023-06-15 10:09:22 info: [0mGET /admins/profile [36m304[0m 178.430 ms - -[0m
2023-06-15 10:09:22 info: [0mGET /posts/show/1 [36m304[0m 54.202 ms - -[0m
2023-06-15 10:09:23 info: [0mGET /categories?[object%20Object] [36m304[0m 31.801 ms - -[0m
2023-06-15 10:09:23 info: [0mGET /ceos?[object%20Object] [36m304[0m 118.308 ms - -[0m
2023-06-15 10:09:23 info: [0mGET /posts?[object%20Object] [36m304[0m 120.262 ms - -[0m
2023-06-15 10:09:33 info: [0mOPTIONS /posts/update/1 [32m204[0m 0.251 ms - 0[0m
2023-06-15 10:09:33 info: [0mPUT /posts/update/1 [32m200[0m 140.876 ms - 16[0m
2023-06-15 10:09:33 info: [0mGET /posts/show/1 [36m304[0m 29.374 ms - -[0m
2023-06-15 10:09:34 info: [0mGET /categories?[object%20Object] [36m304[0m 55.078 ms - -[0m
2023-06-15 10:09:34 info: [0mGET /ceos?[object%20Object] [36m304[0m 71.253 ms - -[0m
2023-06-15 10:09:34 info: [0mGET /posts?[object%20Object] [36m304[0m 66.681 ms - -[0m
2023-06-15 10:09:55 info: [0mOPTIONS /admins/profile [32m204[0m 0.237 ms - 0[0m
2023-06-15 10:09:55 info: [0mGET /posts/show/1 [36m304[0m 48.060 ms - -[0m
2023-06-15 10:09:55 info: [0mGET /posts?page=1&page_size=10 [36m304[0m 17.266 ms - -[0m
2023-06-15 10:09:55 info: [0mGET /admins/profile [36m304[0m 129.089 ms - -[0m
2023-06-15 10:09:56 info: [0mGET /posts?page=1&page_size=10 [36m304[0m 17.154 ms - -[0m
2023-06-15 10:09:56 info: [0mGET /posts? [36m304[0m 22.394 ms - -[0m
2023-06-15 10:09:59 info: [0mGET /banners? [32m200[0m 55.883 ms - -[0m
2023-06-15 10:09:59 info: [0mGET /admins/profile [36m304[0m 116.855 ms - -[0m
2023-06-15 10:09:59 info: [0mGET /banners?page=1&page_size=10 [36m304[0m 15.278 ms - -[0m
2023-06-15 10:10:01 info: [0mOPTIONS /admins/profile [32m204[0m 3.472 ms - 0[0m
2023-06-15 10:10:01 info: [0mGET /banners/show/1 [32m200[0m 7.426 ms - 462[0m
2023-06-15 10:10:01 info: [0mGET /admins/profile [36m304[0m 145.737 ms - -[0m
2023-06-15 10:10:03 info: [0mOPTIONS /banners/update/1 [32m204[0m 0.168 ms - 0[0m
2023-06-15 10:10:03 info: [0mPUT /banners/update/1 [32m200[0m 77.695 ms - 27[0m
2023-06-15 10:10:03 info: [0mGET /banners/show/1 [32m200[0m 24.026 ms - 464[0m
2023-06-15 10:10:03 info: [0mGET /posts/show/1 [36m304[0m 36.898 ms - -[0m
2023-06-15 10:10:05 info: [0mGET /banners/show/1 [36m304[0m 61.042 ms - -[0m
2023-06-15 10:10:05 info: [0mGET /posts? [36m304[0m 52.945 ms - -[0m
2023-06-15 10:10:05 info: [0mGET /admins/profile [36m304[0m 79.490 ms - -[0m
2023-06-15 10:10:06 info: [0mGET /posts?page=1&page_size=10 [36m304[0m 35.827 ms - -[0m
2023-06-15 10:10:07 info: [0mOPTIONS /admins/profile [32m204[0m 0.323 ms - 0[0m
2023-06-15 10:10:08 info: [0mGET /posts/show/2 [32m200[0m 47.113 ms - 609[0m
2023-06-15 10:10:08 info: [0mGET /admins/profile [36m304[0m 81.329 ms - -[0m
2023-06-15 10:10:08 info: [0mGET /categories?[object%20Object] [36m304[0m 14.564 ms - -[0m
2023-06-15 10:10:08 info: [0mGET /ceos?[object%20Object] [36m304[0m 21.880 ms - -[0m
2023-06-15 10:10:08 info: [0mGET /posts?[object%20Object] [36m304[0m 25.554 ms - -[0m
2023-06-15 10:10:10 info: [0mOPTIONS /folders/get-medias [32m204[0m 0.632 ms - 0[0m
2023-06-15 10:10:10 info: [0mPOST /folders/get-medias [32m200[0m 16.270 ms - -[0m
2023-06-15 10:10:10 info: [0mGET /folders [36m304[0m 54.759 ms - -[0m
2023-06-15 10:10:13 info: [0mOPTIONS /posts/update/2 [32m204[0m 0.172 ms - 0[0m
2023-06-15 10:10:13 info: [0mPUT /posts/update/2 [32m200[0m 41.699 ms - 16[0m
2023-06-15 10:10:14 info: [0mGET /posts/show/1 [36m304[0m 29.664 ms - -[0m
2023-06-15 10:10:14 info: [0mGET /posts/show/2 [36m304[0m 24.622 ms - -[0m
2023-06-15 10:10:14 info: [0mGET /banners/show/1 [36m304[0m 35.649 ms - -[0m
2023-06-15 10:10:14 info: [0mGET /categories?[object%20Object] [36m304[0m 11.481 ms - -[0m
2023-06-15 10:10:14 info: [0mGET /ceos?[object%20Object] [36m304[0m 15.150 ms - -[0m
2023-06-15 10:10:14 info: [0mGET /posts?[object%20Object] [36m304[0m 27.231 ms - -[0m
2023-06-15 10:16:51 info: [0mGET /posts/getListFeatured [36m304[0m 301.570 ms - -[0m
2023-06-15 10:16:51 info: [0mGET /services/nav [36m304[0m 272.154 ms - -[0m
2023-06-15 10:16:57 info: [0mGET /posts/getListFeatured [36m304[0m 338.578 ms - -[0m
2023-06-15 10:16:57 info: [0mGET /services/nav [36m304[0m 79.311 ms - -[0m
2023-06-15 10:20:26 info: [0mGET /banners/getListBanner [32m200[0m 1087.934 ms - -[0m
2023-06-15 10:21:24 info: [0mOPTIONS /banners? [32m204[0m 4.368 ms - 0[0m
2023-06-15 10:21:24 info: [0mOPTIONS /banners?page=1&page_size=10 [32m204[0m 0.145 ms - 0[0m
2023-06-15 10:21:24 info: [0mGET /banners? [32m200[0m 228.846 ms - -[0m
2023-06-15 10:21:24 info: [0mGET /banners?page=1&page_size=10 [32m200[0m 128.170 ms - -[0m
2023-06-15 10:21:28 info: [0mOPTIONS /posts? [32m204[0m 0.335 ms - 0[0m
2023-06-15 10:21:28 info: [0mOPTIONS /posts?page=1&page_size=10 [32m204[0m 0.264 ms - 0[0m
2023-06-15 10:21:28 info: [0mGET /posts? [32m200[0m 117.537 ms - -[0m
2023-06-15 10:21:28 info: [0mGET /posts?page=1&page_size=10 [32m200[0m 40.196 ms - -[0m
2023-06-15 10:21:30 info: [0mOPTIONS /categories? [32m204[0m 0.156 ms - 0[0m
2023-06-15 10:21:30 info: [0mOPTIONS /categories?page=1&page_size=10 [32m204[0m 0.156 ms - 0[0m
2023-06-15 10:21:30 info: [0mGET /categories?page=1&page_size=10 [32m200[0m 30.002 ms - 467[0m
2023-06-15 10:21:30 info: [0mGET /categories? [32m200[0m 94.290 ms - 467[0m
2023-06-15 10:21:31 info: [0mOPTIONS /contacts? [32m204[0m 0.354 ms - 0[0m
2023-06-15 10:21:31 info: [0mOPTIONS /contacts?page=1&page_size=10 [32m204[0m 0.122 ms - 0[0m
2023-06-15 10:21:31 info: [0mGET /contacts?page=1&page_size=10 [32m200[0m 59.797 ms - 252[0m
2023-06-15 10:21:31 info: [0mGET /contacts? [32m200[0m 105.833 ms - 252[0m
2023-06-15 10:21:32 info: [0mGET /categories? [36m304[0m 16.205 ms - -[0m
2023-06-15 10:21:32 info: [0mGET /categories?page=1&page_size=10 [36m304[0m 33.305 ms - -[0m
2023-06-15 10:30:21 info: [0mGET /services/nav [36m304[0m 311.968 ms - -[0m
2023-06-15 10:30:25 info: [0mGET /services/nav [36m304[0m 62.435 ms - -[0m
2023-06-15 10:30:25 info: [0mGET /banners/getListBanner [36m304[0m 74.496 ms - -[0m
2023-06-15 10:30:25 info: [0mGET /services/nav [36m304[0m 47.612 ms - -[0m
2023-06-15 10:30:25 info: [0mGET /posts/getListFeatured [36m304[0m 119.723 ms - -[0m
2023-06-15 10:30:29 info: [0mGET /services/nav [36m304[0m 100.940 ms - -[0m
2023-06-15 10:30:35 info: [0mGET /services/nav [36m304[0m 156.970 ms - -[0m
2023-06-15 10:30:38 info: [0mGET /banners/getListBanner [36m304[0m 76.546 ms - -[0m
2023-06-15 10:30:38 info: [0mGET /services/nav [36m304[0m 175.065 ms - -[0m
2023-06-15 10:30:38 info: [0mGET /posts/getListFeatured [36m304[0m 212.175 ms - -[0m
2023-06-15 10:30:38 info: [0mGET /services/nav [36m304[0m 265.171 ms - -[0m
2023-06-15 10:30:42 info: [0mGET /jobs/getListFeatured [36m304[0m 67.163 ms - -[0m
2023-06-15 10:30:48 info: [0mGET /jobs/find/1 [32m200[0m 142.189 ms - -[0m
2023-06-15 10:36:46 info: [0mOPTIONS /admins/profile [32m204[0m 7.573 ms - 0[0m
2023-06-15 10:36:47 info: [0mGET /categories?[object%20Object] [36m304[0m 669.692 ms - -[0m
2023-06-15 10:36:47 info: [0mGET /ceos?[object%20Object] [36m304[0m 464.937 ms - -[0m
2023-06-15 10:36:47 info: [0mGET /posts/show/2 [36m304[0m 438.727 ms - -[0m
2023-06-15 10:36:47 info: [0mGET /posts?[object%20Object] [36m304[0m 582.647 ms - -[0m
2023-06-15 10:36:47 info: [0mGET /admins/profile [36m304[0m 909.074 ms - -[0m
2023-06-15 10:36:48 info: [0mGET /categories?[object%20Object] [36m304[0m 58.584 ms - -[0m
2023-06-15 10:36:48 info: [0mGET /ceos?[object%20Object] [36m304[0m 50.769 ms - -[0m
2023-06-15 10:36:48 info: [0mGET /posts?[object%20Object] [36m304[0m 51.938 ms - -[0m
2023-06-15 10:38:15 info: [0mGET /posts/getListFeatured [36m304[0m 50.501 ms - -[0m
2023-06-15 10:38:15 info: [0mGET /banners/getListBanner [36m304[0m 107.266 ms - -[0m
2023-06-15 10:38:15 info: [0mGET /services/nav [36m304[0m 255.264 ms - -[0m
2023-06-15 10:38:15 info: [0mGET /services/nav [36m304[0m 19.706 ms - -[0m
2023-06-15 10:38:17 info: [0mGET /services/getListService [36m304[0m 278.493 ms - -[0m
2023-06-15 10:38:17 info: [0mGET /branchs/getListBranch [36m304[0m 475.541 ms - -[0m
2023-06-15 10:38:18 info: [0mGET /projects/getProjectsClient [36m304[0m 879.554 ms - -[0m
2023-06-15 10:38:21 info: [0mGET /projects/findByIdClient/1 [32m200[0m 412.632 ms - -[0m
2023-06-15 10:39:29 info: [0mGET /projects/findByIdClient/1 [36m304[0m 849.966 ms - -[0m
2023-06-15 10:39:31 info: [0mGET /projects/findByIdClient/1 [36m304[0m 227.777 ms - -[0m
2023-06-15 10:39:48 info: [0mGET /projects/findByIdClient/1 [36m304[0m 780.783 ms - -[0m
2023-06-15 10:40:05 info: [0mGET /projects/findByIdClient/1 [36m304[0m 1147.992 ms - -[0m
2023-06-15 10:40:34 info: [0mGET /projects/findByIdClient/1 [36m304[0m 685.245 ms - -[0m
2023-06-15 10:40:51 info: [0mGET /projects/findByIdClient/1 [36m304[0m 400.890 ms - -[0m
2023-06-15 10:40:55 info: [0mGET /projects/findByIdClient/1 [36m304[0m 194.793 ms - -[0m
2023-06-15 10:41:18 info: [0mGET /projects/findByIdClient/1 [36m304[0m 336.444 ms - -[0m
2023-06-15 10:41:24 info: [0mGET /projects/findByIdClient/1 [36m304[0m 409.703 ms - -[0m
2023-06-15 10:41:30 info: [0mGET /projects/findByIdClient/1 [36m304[0m 526.839 ms - -[0m
2023-06-15 10:41:33 info: [0mGET /projects/findByIdClient/1 [36m304[0m 351.240 ms - -[0m
2023-06-15 10:41:37 info: [0mGET /projects/findByIdClient/1 [36m304[0m 502.842 ms - -[0m
2023-06-15 10:41:41 info: [0mGET /projects/findByIdClient/1 [36m304[0m 177.433 ms - -[0m
2023-06-15 10:41:54 info: [0mGET /projects/findByIdClient/1 [36m304[0m 348.955 ms - -[0m
2023-06-15 10:41:59 info: [0mGET /projects/findByIdClient/1 [36m304[0m 340.744 ms - -[0m
2023-06-15 10:42:06 info: [0mGET /projects/findByIdClient/1 [36m304[0m 274.640 ms - -[0m
2023-06-15 10:42:28 info: [0mGET /projects/findByIdClient/1 [36m304[0m 447.292 ms - -[0m
2023-06-15 10:52:21 info: =================================
2023-06-15 10:52:21 info: ======= ENV: development =======
2023-06-15 10:52:21 info: 🚀 App listening on the port 8000
2023-06-15 10:52:21 info: =================================
2023-06-15 10:52:26 info: [0mGET /banners/getListBanner [36m304[0m 496.073 ms - -[0m
2023-06-15 10:52:26 info: [0mGET /posts/getListFeatured [36m304[0m 508.855 ms - -[0m
2023-06-15 10:52:26 info: [0mGET /services/nav [36m304[0m 604.969 ms - -[0m
2023-06-15 10:52:26 info: [0mGET /services/nav [36m304[0m 81.994 ms - -[0m
2023-06-15 10:52:32 info: [0mGET /services/nav [36m304[0m 85.951 ms - -[0m
2023-06-15 10:52:43 info: [0mOPTIONS /admins/profile [32m204[0m 1.916 ms - 0[0m
2023-06-15 10:52:43 info: [0mGET /admins/profile [36m304[0m 226.178 ms - -[0m
2023-06-15 10:52:43 info: [0mGET /posts?page=1&page_size=10 [36m304[0m 95.205 ms - -[0m
2023-06-15 10:52:44 info: [0mGET /posts?page=1&page_size=10 [36m304[0m 47.703 ms - -[0m
2023-06-15 10:52:58 info: [0mOPTIONS /admins/profile [32m204[0m 1.338 ms - 0[0m
2023-06-15 10:52:59 info: [0mGET /posts/show/3 [32m200[0m 194.110 ms - 614[0m
2023-06-15 10:52:59 info: [0mGET /admins/profile [36m304[0m 214.030 ms - -[0m
2023-06-15 10:52:59 info: [0mGET /posts?[object%20Object] [36m304[0m 53.261 ms - -[0m
2023-06-15 10:52:59 info: [0mGET /ceos?[object%20Object] [36m304[0m 66.696 ms - -[0m
2023-06-15 10:52:59 info: [0mGET /categories?[object%20Object] [36m304[0m 56.158 ms - -[0m
2023-06-15 10:53:04 info: [0mOPTIONS /posts/update/3 [32m204[0m 0.582 ms - 0[0m
2023-06-15 10:53:04 info: [0mPUT /posts/update/3 [32m200[0m 174.183 ms - 16[0m
2023-06-15 10:53:04 info: [0mGET /posts/show/3 [36m304[0m 77.458 ms - -[0m
2023-06-15 10:53:05 info: [0mGET /categories?[object%20Object] [36m304[0m 19.037 ms - -[0m
2023-06-15 10:53:05 info: [0mGET /ceos?[object%20Object] [36m304[0m 74.410 ms - -[0m
2023-06-15 10:53:05 info: [0mGET /posts?[object%20Object] [36m304[0m 107.862 ms - -[0m
2023-06-15 10:54:01 info: [0mOPTIONS /posts/update/3 [32m204[0m 0.762 ms - 0[0m
2023-06-15 10:54:01 info: [0mPUT /posts/update/3 [32m200[0m 55.575 ms - 16[0m
2023-06-15 10:54:01 info: [0mGET /posts/show/3 [36m304[0m 127.993 ms - -[0m
2023-06-15 10:54:02 info: [0mGET /categories?[object%20Object] [36m304[0m 48.106 ms - -[0m
2023-06-15 10:54:02 info: [0mGET /ceos?[object%20Object] [36m304[0m 71.076 ms - -[0m
2023-06-15 10:54:02 info: [0mGET /posts?[object%20Object] [36m304[0m 77.351 ms - -[0m
2023-06-15 10:54:32 info: [0mOPTIONS /admins/profile [32m204[0m 2.270 ms - 0[0m
2023-06-15 10:54:32 info: [0mGET /posts/show/3 [36m304[0m 170.173 ms - -[0m
2023-06-15 10:54:32 info: [0mGET /admins/profile [36m304[0m 133.978 ms - -[0m
2023-06-15 10:54:32 info: [0mGET /posts?page=1&page_size=10 [36m304[0m 135.781 ms - -[0m
2023-06-15 10:54:32 info: [0mGET /posts?page=1&page_size=10 [36m304[0m 59.585 ms - -[0m
2023-06-15 10:54:33 info: [0mGET /categories?[object%20Object] [36m304[0m 80.774 ms - -[0m
2023-06-15 10:54:33 info: [0mGET /admins/profile [36m304[0m 99.560 ms - -[0m
2023-06-15 10:54:33 info: [0mGET /posts?[object%20Object] [36m304[0m 93.250 ms - -[0m
2023-06-15 10:54:33 info: [0mGET /ceos?[object%20Object] [36m304[0m 112.628 ms - -[0m
2023-06-15 10:54:47 info: [0mOPTIONS /admins/profile [32m204[0m 0.719 ms - 0[0m
2023-06-15 10:54:47 info: [0mGET /categories?[object%20Object] [36m304[0m 67.334 ms - -[0m
2023-06-15 10:54:47 info: [0mGET /ceos?[object%20Object] [36m304[0m 62.671 ms - -[0m
2023-06-15 10:54:47 info: [0mGET /posts?[object%20Object] [36m304[0m 74.614 ms - -[0m
2023-06-15 10:54:47 info: [0mGET /admins/profile [36m304[0m 200.382 ms - -[0m
2023-06-15 10:54:49 info: [0mGET /posts?page=1&page_size=10 [36m304[0m 166.987 ms - -[0m
2023-06-15 10:54:49 info: [0mGET /admins/profile [36m304[0m 186.528 ms - -[0m
2023-06-15 10:54:49 info: [0mGET /posts?page=1&page_size=10 [36m304[0m 65.541 ms - -[0m
2023-06-15 10:54:52 info: [0mOPTIONS /admins/profile [32m204[0m 0.735 ms - 0[0m
2023-06-15 10:54:52 info: [0mGET /categories?[object%20Object] [36m304[0m 76.486 ms - -[0m
2023-06-15 10:54:52 info: [0mGET /ceos?[object%20Object] [36m304[0m 78.797 ms - -[0m
2023-06-15 10:54:52 info: [0mGET /posts?[object%20Object] [36m304[0m 84.682 ms - -[0m
2023-06-15 10:54:52 info: [0mGET /admins/profile [36m304[0m 156.517 ms - -[0m
2023-06-15 10:55:01 info: [0mOPTIONS /posts/create [32m204[0m 0.524 ms - 0[0m
2023-06-15 10:55:01 info: [0mPOST /posts/create [32m200[0m 75.955 ms - 16[0m
2023-06-15 10:55:01 info: [0mOPTIONS /admins/profile [32m204[0m 0.174 ms - 0[0m
2023-06-15 10:55:01 info: [0mGET /admins/profile [36m304[0m 170.143 ms - -[0m
2023-06-15 10:55:01 info: [0mGET /posts?page=1&page_size=10 [32m200[0m 168.376 ms - -[0m
2023-06-15 10:55:01 info: [0mGET /posts?page=1&page_size=10 [36m304[0m 43.391 ms - -[0m
2023-06-15 10:55:03 info: [0mGET /posts/show/5 [32m200[0m 107.527 ms - 480[0m
2023-06-15 10:55:03 info: [0mGET /admins/profile [36m304[0m 108.954 ms - -[0m
2023-06-15 10:55:04 info: [0mGET /categories?[object%20Object] [36m304[0m 18.337 ms - -[0m
2023-06-15 10:55:04 info: [0mGET /ceos?[object%20Object] [36m304[0m 55.383 ms - -[0m
2023-06-15 10:55:04 info: [0mGET /posts?[object%20Object] [32m200[0m 76.433 ms - -[0m
2023-06-15 10:55:06 info: [0mOPTIONS /posts/update/5 [32m204[0m 0.361 ms - 0[0m
2023-06-15 10:55:06 info: [0mPUT /posts/update/5 [32m200[0m 37.487 ms - 16[0m
2023-06-15 10:55:06 info: [0mGET /posts/show/5 [32m200[0m 20.730 ms - 470[0m
2023-06-15 10:55:07 info: [0mGET /categories?[object%20Object] [36m304[0m 120.891 ms - -[0m
2023-06-15 10:55:07 info: [0mGET /ceos?[object%20Object] [36m304[0m 100.596 ms - -[0m
2023-06-15 10:55:07 info: [0mGET /posts?[object%20Object] [36m304[0m 109.939 ms - -[0m
2023-06-15 10:55:19 info: [0mOPTIONS /posts/update/5 [32m204[0m 0.798 ms - 0[0m
2023-06-15 10:55:19 info: [0mPUT /posts/update/5 [32m200[0m 90.698 ms - 16[0m
2023-06-15 10:55:19 info: [0mGET /posts/show/5 [36m304[0m 38.205 ms - -[0m
2023-06-15 10:55:20 info: [0mGET /categories?[object%20Object] [36m304[0m 27.230 ms - -[0m
2023-06-15 10:55:20 info: [0mGET /ceos?[object%20Object] [36m304[0m 40.511 ms - -[0m
2023-06-15 10:55:20 info: [0mGET /posts?[object%20Object] [36m304[0m 60.529 ms - -[0m
2023-06-15 10:55:23 info: [0mOPTIONS /admins/profile [32m204[0m 0.167 ms - 0[0m
2023-06-15 10:55:23 info: [0mGET /posts/show/5 [36m304[0m 16.262 ms - -[0m
2023-06-15 10:55:23 info: [0mGET /posts?page=1&page_size=10 [32m200[0m 92.320 ms - -[0m
2023-06-15 10:55:23 info: [0mGET /admins/profile [36m304[0m 124.844 ms - -[0m
2023-06-15 10:55:23 info: [0mGET /posts?page=1&page_size=10 [32m200[0m 74.363 ms - -[0m
2023-06-15 10:55:29 info: [0mOPTIONS /admins/profile [32m204[0m 0.355 ms - 0[0m
2023-06-15 10:55:29 info: [0mGET /categories?[object%20Object] [36m304[0m 61.668 ms - -[0m
2023-06-15 10:55:29 info: [0mGET /ceos?[object%20Object] [36m304[0m 74.448 ms - -[0m
2023-06-15 10:55:29 info: [0mGET /admins/profile [36m304[0m 97.204 ms - -[0m
2023-06-15 10:55:29 info: [0mGET /posts?[object%20Object] [36m304[0m 92.662 ms - -[0m
2023-06-15 10:56:01 info: [0mOPTIONS /admins/profile [32m204[0m 1.176 ms - 0[0m
2023-06-15 10:56:01 info: [0mGET /posts?page=1&page_size=10 [36m304[0m 115.932 ms - -[0m
2023-06-15 10:56:02 info: [0mGET /admins/profile [36m304[0m 225.053 ms - -[0m
2023-06-15 10:56:02 info: [0mGET /posts?page=1&page_size=10 [36m304[0m 14.212 ms - -[0m
2023-06-15 10:56:04 info: [0mOPTIONS /posts/delete/5 [32m204[0m 0.336 ms - 0[0m
2023-06-15 10:56:04 info: [0mDELETE /posts/delete/5 [32m200[0m 10.846 ms - 25[0m
2023-06-15 10:56:04 info: [0mGET /posts?page=1&page_size=10 [36m304[0m 10.980 ms - -[0m
2023-06-15 10:56:04 info: [0mGET /posts?page=1&page_size=10 [36m304[0m 29.854 ms - -[0m
2023-06-15 10:56:04 info: [0mGET /posts?page=1&page_size=10 [36m304[0m 14.242 ms - -[0m
2023-06-15 10:56:04 info: [0mGET /posts?page=1&page_size=10 [36m304[0m 14.452 ms - -[0m
2023-06-15 10:56:04 info: [0mGET /posts?page=1&page_size=10 [36m304[0m 9.690 ms - -[0m
2023-06-15 10:56:04 info: [0mGET /posts?page=1&page_size=10 [36m304[0m 13.338 ms - -[0m
2023-06-15 10:56:04 info: [0mGET /posts?page=1&page_size=10 [36m304[0m 87.017 ms - -[0m
2023-06-15 10:56:04 info: [0mGET /posts?page=1&page_size=10 [36m304[0m 22.404 ms - -[0m
2023-06-15 10:56:10 info: [0mOPTIONS /admins/profile [32m204[0m 0.615 ms - 0[0m
2023-06-15 10:56:10 info: [0mGET /admins/profile [36m304[0m 115.992 ms - -[0m
2023-06-15 10:56:10 info: [0mGET /posts?page=1&page_size=10 [36m304[0m 90.743 ms - -[0m
2023-06-15 10:56:11 info: [0mGET /posts?page=1&page_size=10 [36m304[0m 9.547 ms - -[0m
2023-06-15 10:56:13 info: [0mOPTIONS /posts/delete/5 [32m204[0m 0.765 ms - 0[0m
2023-06-15 10:56:13 info: [0mDELETE /posts/delete/5 [32m200[0m 30.143 ms - 25[0m
2023-06-15 10:56:13 info: [0mGET /posts?page=1&page_size=10 [36m304[0m 63.930 ms - -[0m
2023-06-15 10:56:13 info: [0mGET /posts? [32m200[0m 82.404 ms - -[0m
2023-06-15 10:56:13 info: [0mGET /posts?page=1&page_size=10 [36m304[0m 29.351 ms - -[0m
2023-06-15 10:56:17 info: [0mOPTIONS /admins/profile [32m204[0m 1.110 ms - 0[0m
2023-06-15 10:56:17 info: [0mGET /categories?[object%20Object] [36m304[0m 71.220 ms - -[0m
2023-06-15 10:56:17 info: [0mGET /admins/profile [36m304[0m 159.104 ms - -[0m
2023-06-15 10:56:17 info: [0mGET /ceos?[object%20Object] [36m304[0m 96.279 ms - -[0m
2023-06-15 10:56:17 info: [0mGET /posts?[object%20Object] [36m304[0m 136.421 ms - -[0m
2023-06-15 10:56:26 info: [0mOPTIONS /posts/create [32m204[0m 0.586 ms - 0[0m
2023-06-15 10:56:26 info: [0mPOST /posts/create [32m200[0m 106.258 ms - 16[0m
2023-06-15 10:56:27 info: [0mOPTIONS /admins/profile [32m204[0m 0.193 ms - 0[0m
2023-06-15 10:56:27 info: [0mGET /posts?page=1&page_size=10 [32m200[0m 25.493 ms - -[0m
2023-06-15 10:56:27 info: [0mGET /admins/profile [36m304[0m 146.723 ms - -[0m
2023-06-15 10:56:27 info: [0mGET /posts?page=1&page_size=10 [32m200[0m 43.572 ms - -[0m
2023-06-15 10:56:32 info: [0mOPTIONS /admins/profile [32m204[0m 0.149 ms - 0[0m
2023-06-15 10:56:32 info: [0mGET /posts/show/6 [32m200[0m 23.276 ms - -[0m
2023-06-15 10:56:32 info: [0mGET /admins/profile [36m304[0m 77.069 ms - -[0m
2023-06-15 10:56:32 info: [0mGET /categories?[object%20Object] [36m304[0m 16.420 ms - -[0m
2023-06-15 10:56:32 info: [0mGET /ceos?[object%20Object] [36m304[0m 27.419 ms - -[0m
2023-06-15 10:56:32 info: [0mGET /posts?[object%20Object] [32m200[0m 17.350 ms - -[0m
2023-06-15 10:56:34 info: [0mGET /posts/show/6 [32m200[0m 64.804 ms - -[0m
2023-06-15 10:56:34 info: [0mGET /posts?page=1&page_size=10 [36m304[0m 76.657 ms - -[0m
2023-06-15 10:56:34 info: [0mGET /admins/profile [36m304[0m 96.663 ms - -[0m
2023-06-15 10:56:34 info: [0mGET /posts?page=1&page_size=10 [36m304[0m 46.572 ms - -[0m
2023-06-15 10:59:46 info: [0mGET /banners/getListBanner [36m304[0m 94.879 ms - -[0m
2023-06-15 10:59:46 info: [0mGET /services/nav [36m304[0m 132.198 ms - -[0m
2023-06-15 10:59:46 info: [0mGET /posts/getListFeatured [36m304[0m 103.306 ms - -[0m
2023-06-15 10:59:46 info: [0mGET /services/nav [36m304[0m 67.080 ms - -[0m
2023-06-15 10:59:55 info: [0mGET /jobs/getListFeatured [36m304[0m 94.442 ms - -[0m
2023-06-15 10:59:56 info: [0mGET /categories/getListCategories [36m304[0m 44.171 ms - -[0m
2023-06-15 10:59:57 info: [0mGET /posts/getPageAll [32m200[0m 109.643 ms - -[0m
2023-06-15 11:00:02 info: [0mGET /services/nav [36m304[0m 48.451 ms - -[0m
2023-06-15 11:00:06 info: [0mGET /services/nav [36m304[0m 71.101 ms - -[0m
2023-06-15 11:00:06 info: [0mGET /categories/getListCategories [36m304[0m 64.794 ms - -[0m
2023-06-15 11:00:06 info: [0mGET /posts/getPageAll [36m304[0m 169.943 ms - -[0m
2023-06-15 11:00:25 info: [0mOPTIONS /admins/profile [32m204[0m 1.007 ms - 0[0m
2023-06-15 11:00:25 info: [0mGET /posts/show/6 [36m304[0m 61.489 ms - -[0m
2023-06-15 11:00:25 info: [0mGET /admins/profile [36m304[0m 137.642 ms - -[0m
2023-06-15 11:00:25 info: [0mGET /categories?[object%20Object] [36m304[0m 100.095 ms - -[0m
2023-06-15 11:00:25 info: [0mGET /ceos?[object%20Object] [36m304[0m 99.703 ms - -[0m
2023-06-15 11:00:25 info: [0mGET /posts?[object%20Object] [36m304[0m 115.548 ms - -[0m
2023-06-15 11:00:32 info: [0mOPTIONS /posts/update/6 [32m204[0m 0.258 ms - 0[0m
2023-06-15 11:00:32 info: [0mPUT /posts/update/6 [32m200[0m 20.305 ms - 16[0m
2023-06-15 11:00:32 info: [0mGET /posts/show/6 [36m304[0m 113.917 ms - -[0m
2023-06-15 11:00:32 info: [0mGET /posts/show/6 [36m304[0m 26.418 ms - -[0m
2023-06-15 11:00:33 info: [0mGET /categories?[object%20Object] [36m304[0m 21.620 ms - -[0m
2023-06-15 11:00:33 info: [0mGET /posts?[object%20Object] [36m304[0m 26.101 ms - -[0m
2023-06-15 11:00:33 info: [0mGET /ceos?[object%20Object] [36m304[0m 91.082 ms - -[0m
2023-06-15 11:00:44 info: [0mGET /services/nav [36m304[0m 106.975 ms - -[0m
2023-06-15 11:02:03 info: [0mGET /services/nav [36m304[0m 116.653 ms - -[0m
2023-06-15 11:02:07 info: [0mGET /categories/getListCategories [36m304[0m 55.861 ms - -[0m
2023-06-15 11:02:07 info: [0mGET /services/nav [36m304[0m 92.966 ms - -[0m
2023-06-15 11:02:07 info: [0mGET /posts/getPageAll [36m304[0m 340.322 ms - -[0m
2023-06-15 11:02:17 info: [0mGET /posts/show6 [33m404[0m 31.862 ms - 150[0m
2023-06-15 11:02:19 info: [0mGET /posts/show/6489eeced923c46d9cc2558c [32m200[0m 15.656 ms - 26[0m
2023-06-15 11:02:21 info: [0mGET /posts/show/6489eeced923c46d9cc2558c [36m304[0m 10.345 ms - -[0m
2023-06-15 11:02:24 info: [0mGET /posts/show/6 [32m200[0m 32.133 ms - -[0m
2023-06-15 11:03:11 info: [0mGET /posts/findByIdClient/6 [32m200[0m 47.555 ms - -[0m
2023-06-15 19:30:51 info: =================================
2023-06-15 19:30:51 info: ======= ENV: development =======
2023-06-15 19:30:51 info: 🚀 App listening on the port 8000
2023-06-15 19:30:51 info: =================================
2023-06-15 19:31:24 info: [0mGET /banners/getListBanner [32m200[0m 883.747 ms - -[0m
2023-06-15 19:31:24 info: [0mGET /services/nav [32m200[0m 982.703 ms - -[0m
2023-06-15 19:31:24 info: [0mGET /posts/getListFeatured [32m200[0m 934.760 ms - -[0m
2023-06-15 19:31:24 info: [0mGET /services/nav [36m304[0m 100.157 ms - -[0m
2023-06-15 19:31:33 info: [0mGET /ceos/getlistCeo [32m200[0m 472.294 ms - 690[0m
2023-06-15 21:49:56 info: [0mGET /banners/getListBanner [36m304[0m 380.301 ms - -[0m
2023-06-15 21:49:56 info: [0mGET /posts/getListFeatured [36m304[0m 248.261 ms - -[0m
2023-06-15 21:49:56 info: [0mGET /services/nav [36m304[0m 340.004 ms - -[0m
2023-06-15 21:49:56 info: [0mGET /services/nav [36m304[0m 32.081 ms - -[0m
2023-06-15 21:51:57 info: [0mGET /banners/getListBanner [0m-[0m - ms - -[0m
2023-06-15 21:52:03 info: [0mGET /banners/getListBanner [32m200[0m 76.861 ms - -[0m
2023-06-15 21:52:03 info: [0mGET /posts/getListFeatured [36m304[0m 93.197 ms - -[0m
2023-06-15 21:52:03 info: [0mGET /services/nav [36m304[0m 151.253 ms - -[0m
2023-06-15 21:52:03 info: [0mGET /services/nav [36m304[0m 62.606 ms - -[0m
2023-06-15 21:52:55 info: [0mGET /banners/getListBanner [36m304[0m 164.860 ms - -[0m
2023-06-15 21:53:02 info: [0mGET /banners/getListBanner [36m304[0m 220.215 ms - -[0m
2023-06-15 21:53:07 info: [0mGET /banners/getListBanner [36m304[0m 47.301 ms - -[0m
2023-06-15 21:54:09 info: [0mGET /banners/getListBanner [36m304[0m 110.907 ms - -[0m
2023-06-15 21:54:09 info: [0mGET /services/nav [36m304[0m 286.439 ms - -[0m
2023-06-15 21:54:09 info: [0mGET /posts/getListFeatured [36m304[0m 266.595 ms - -[0m
2023-06-15 21:54:09 info: [0mGET /services/nav [36m304[0m 68.130 ms - -[0m
2023-06-15 21:54:17 info: [0mGET /banners/getListBanner [36m304[0m 52.847 ms - -[0m
2023-06-15 21:54:17 info: [0mGET /posts/getListFeatured [36m304[0m 101.500 ms - -[0m
2023-06-15 21:54:17 info: [0mGET /services/nav [36m304[0m 152.845 ms - -[0m
2023-06-15 21:54:17 info: [0mGET /services/nav [36m304[0m 135.211 ms - -[0m
2023-06-15 21:54:24 info: [0mGET /banners/getListBanner [36m304[0m 136.095 ms - -[0m
2023-06-15 21:54:24 info: [0mGET /banners/getListBanner [36m304[0m 68.731 ms - -[0m
2023-06-15 21:54:30 info: [0mGET /banners/getListBanner [36m304[0m 192.140 ms - -[0m
2023-06-15 21:54:30 info: [0mGET /posts/getListFeatured [36m304[0m 199.923 ms - -[0m
2023-06-15 21:54:30 info: [0mGET /services/nav [36m304[0m 300.071 ms - -[0m
2023-06-15 21:54:30 info: [0mGET /services/nav [36m304[0m 70.988 ms - -[0m
2023-06-15 21:54:49 info: [0mGET /banners/getListBanner [36m304[0m 141.368 ms - -[0m
2023-06-15 21:54:49 info: [0mGET /banners/getListBanner [36m304[0m 5.688 ms - -[0m
2023-06-15 22:02:24 info: [0mGET /banners/getListBanner [36m304[0m 1130.185 ms - -[0m
2023-06-15 22:02:25 info: [0mGET /banners/getListBanner [36m304[0m 88.166 ms - -[0m
2023-06-15 22:05:31 info: [0mGET /banners/getListBanner [36m304[0m 567.828 ms - -[0m
2023-06-15 22:05:31 info: [0mGET /banners/getListBanner [36m304[0m 91.354 ms - -[0m
2023-06-15 22:05:44 info: [0mGET /banners/getListBanner [36m304[0m 422.197 ms - -[0m
2023-06-15 22:05:45 info: [0mGET /banners/getListBanner [36m304[0m 105.637 ms - -[0m
2023-06-15 22:05:59 info: [0mGET /banners/getListBanner [36m304[0m 123.866 ms - -[0m
2023-06-15 22:05:59 info: [0mGET /banners/getListBanner [36m304[0m 11.351 ms - -[0m
2023-06-15 22:06:09 info: [0mGET /banners/getListBanner [36m304[0m 76.712 ms - -[0m
2023-06-15 22:06:10 info: [0mGET /banners/getListBanner [36m304[0m 101.069 ms - -[0m
2023-06-15 22:06:17 info: [0mGET /banners/getListBanner [36m304[0m 22.423 ms - -[0m
2023-06-15 22:06:18 info: [0mGET /banners/getListBanner [36m304[0m 64.513 ms - -[0m
2023-06-15 22:06:37 info: [0mGET /banners/getListBanner [36m304[0m 126.587 ms - -[0m
2023-06-15 22:06:39 info: [0mGET /banners/getListBanner [36m304[0m 103.318 ms - -[0m
2023-06-15 22:06:49 info: [0mGET /banners/getListBanner [36m304[0m 74.858 ms - -[0m
2023-06-15 22:06:50 info: [0mGET /banners/getListBanner [36m304[0m 50.103 ms - -[0m
2023-06-15 22:06:57 info: [0mGET /banners/getListBanner [36m304[0m 68.614 ms - -[0m
2023-06-15 22:06:57 info: [0mGET /banners/getListBanner [36m304[0m 45.551 ms - -[0m
2023-06-15 22:07:31 info: [0mGET /banners/getListBanner [36m304[0m 84.047 ms - -[0m
2023-06-15 22:07:32 info: [0mGET /banners/getListBanner [36m304[0m 92.732 ms - -[0m
2023-06-15 22:07:43 info: [0mGET /banners/getListBanner [36m304[0m 98.652 ms - -[0m
2023-06-15 22:07:43 info: [0mGET /banners/getListBanner [36m304[0m 33.850 ms - -[0m
2023-06-15 22:07:51 info: [0mGET /banners/getListBanner [36m304[0m 123.129 ms - -[0m
2023-06-15 22:07:51 info: [0mGET /banners/getListBanner [36m304[0m 55.753 ms - -[0m
2023-06-15 22:08:00 info: [0mGET /banners/getListBanner [36m304[0m 76.028 ms - -[0m
2023-06-15 22:08:00 info: [0mGET /banners/getListBanner [36m304[0m 26.715 ms - -[0m
2023-06-15 22:08:15 info: [0mGET /banners/getListBanner [36m304[0m 68.723 ms - -[0m
2023-06-15 22:08:15 info: [0mGET /banners/getListBanner [36m304[0m 47.058 ms - -[0m
2023-06-15 22:08:35 info: [0mGET /banners/getListBanner [36m304[0m 129.443 ms - -[0m
2023-06-15 22:08:37 info: [0mGET /banners/getListBanner [36m304[0m 61.990 ms - -[0m
2023-06-15 22:10:07 info: [0mGET /banners/getListBanner [36m304[0m 23.732 ms - -[0m
2023-06-15 22:10:07 info: [0mGET /banners/getListBanner [36m304[0m 6.233 ms - -[0m
2023-06-15 22:10:14 info: [0mGET /banners/getListBanner [36m304[0m 60.334 ms - -[0m
2023-06-15 22:10:14 info: [0mGET /banners/getListBanner [36m304[0m 26.912 ms - -[0m
2023-06-15 22:10:29 info: [0mGET /banners/getListBanner [36m304[0m 251.033 ms - -[0m
2023-06-15 22:10:29 info: [0mGET /banners/getListBanner [36m304[0m 112.433 ms - -[0m
2023-06-15 22:11:09 info: [0mGET /banners/getListBanner [36m304[0m 301.076 ms - -[0m
2023-06-15 22:11:09 info: [0mGET /banners/getListBanner [36m304[0m 58.612 ms - -[0m
2023-06-15 22:11:11 info: [0mGET /banners/getListBanner [36m304[0m 57.463 ms - -[0m
2023-06-15 22:11:11 info: [0mGET /banners/getListBanner [36m304[0m 5.668 ms - -[0m
2023-06-15 22:15:48 info: [0mGET /banners/getListBanner [36m304[0m 556.759 ms - -[0m
2023-06-15 22:15:48 info: [0mGET /banners/getListBanner [36m304[0m 88.300 ms - -[0m
2023-06-15 22:16:22 info: [0mGET /banners/getListBanner [36m304[0m 40.508 ms - -[0m
2023-06-15 22:16:23 info: [0mGET /banners/getListBanner [36m304[0m 125.919 ms - -[0m
2023-06-15 22:16:29 info: [0mGET /banners/getListBanner [36m304[0m 38.048 ms - -[0m
2023-06-15 22:16:30 info: [0mGET /banners/getListBanner [36m304[0m 6.612 ms - -[0m
2023-06-15 22:17:49 info: [0mGET /banners/getListBanner [36m304[0m 60.950 ms - -[0m
2023-06-15 22:17:49 info: [0mGET /banners/getListBanner [36m304[0m 5.568 ms - -[0m
2023-06-15 22:19:17 info: [0mGET /banners/getListBanner [36m304[0m 137.680 ms - -[0m
2023-06-15 22:19:17 info: [0mGET /banners/getListBanner [36m304[0m 67.630 ms - -[0m
2023-06-15 22:21:04 info: [0mGET /banners/getListBanner [36m304[0m 39.885 ms - -[0m
2023-06-15 22:21:04 info: [0mGET /banners/getListBanner [36m304[0m 34.064 ms - -[0m
2023-06-15 22:29:48 info: [0mGET /banners/getListBanner [36m304[0m 1492.923 ms - -[0m
2023-06-15 22:29:48 info: [0mGET /banners/getListBanner [36m304[0m 50.941 ms - -[0m
2023-06-15 22:29:57 info: [0mGET /banners/getListBanner [36m304[0m 96.167 ms - -[0m
2023-06-15 22:29:58 info: [0mGET /banners/getListBanner [36m304[0m 91.517 ms - -[0m
2023-06-15 22:30:18 info: [0mGET /banners/getListBanner [36m304[0m 118.864 ms - -[0m
2023-06-15 22:30:19 info: [0mGET /banners/getListBanner [36m304[0m 34.813 ms - -[0m
2023-06-15 22:30:28 info: [0mGET /banners/getListBanner [36m304[0m 126.414 ms - -[0m
2023-06-15 22:30:28 info: [0mGET /banners/getListBanner [36m304[0m 50.717 ms - -[0m
2023-06-15 22:30:39 info: [0mGET /banners/getListBanner [36m304[0m 33.180 ms - -[0m
2023-06-15 22:30:40 info: [0mGET /banners/getListBanner [36m304[0m 31.365 ms - -[0m
2023-06-15 22:31:18 info: [0mGET /banners/getListBanner [36m304[0m 102.496 ms - -[0m
2023-06-15 22:31:18 info: [0mGET /banners/getListBanner [36m304[0m 28.609 ms - -[0m
2023-06-15 22:32:30 info: [0mGET /banners/getListBanner [36m304[0m 38.692 ms - -[0m
2023-06-15 22:32:31 info: [0mGET /banners/getListBanner [36m304[0m 90.431 ms - -[0m
2023-06-15 22:32:59 info: [0mGET /banners/getListBanner [36m304[0m 47.746 ms - -[0m
2023-06-15 22:32:59 info: [0mGET /banners/getListBanner [36m304[0m 4.248 ms - -[0m
2023-06-15 22:33:07 info: [0mGET /banners/getListBanner [36m304[0m 22.043 ms - -[0m
2023-06-15 22:33:07 info: [0mGET /banners/getListBanner [36m304[0m 44.793 ms - -[0m
2023-06-15 22:33:24 info: [0mGET /banners/getListBanner [36m304[0m 75.872 ms - -[0m
2023-06-15 22:33:25 info: [0mGET /banners/getListBanner [36m304[0m 35.823 ms - -[0m
2023-06-15 22:33:36 info: [0mGET /banners/getListBanner [36m304[0m 186.796 ms - -[0m
2023-06-15 22:33:36 info: [0mGET /banners/getListBanner [36m304[0m 6.319 ms - -[0m
2023-06-15 22:36:37 info: [0mGET /banners/getListBanner [36m304[0m 184.195 ms - -[0m
2023-06-15 22:36:37 info: [0mGET /banners/getListBanner [36m304[0m 25.082 ms - -[0m
2023-06-15 22:36:58 info: [0mGET /banners/getListBanner [36m304[0m 36.027 ms - -[0m
2023-06-15 22:36:58 info: [0mGET /banners/getListBanner [36m304[0m 23.824 ms - -[0m
2023-06-15 22:37:04 info: [0mGET /banners/getListBanner [36m304[0m 38.457 ms - -[0m
2023-06-15 22:37:05 info: [0mGET /banners/getListBanner [36m304[0m 127.087 ms - -[0m
2023-06-15 22:37:18 info: [0mGET /banners/getListBanner [36m304[0m 51.517 ms - -[0m
2023-06-15 22:37:18 info: [0mGET /banners/getListBanner [36m304[0m 55.169 ms - -[0m
2023-06-15 22:37:31 info: [0mGET /banners/getListBanner [36m304[0m 82.152 ms - -[0m
2023-06-15 22:37:31 info: [0mGET /banners/getListBanner [36m304[0m 50.204 ms - -[0m
2023-06-15 22:37:33 info: [0mGET /banners/getListBanner [36m304[0m 140.217 ms - -[0m
2023-06-15 22:37:34 info: [0mGET /banners/getListBanner [36m304[0m 101.365 ms - -[0m
2023-06-15 22:38:06 info: [0mGET /banners/getListBanner [36m304[0m 56.821 ms - -[0m
2023-06-15 22:38:07 info: [0mGET /banners/getListBanner [36m304[0m 56.902 ms - -[0m
2023-06-15 22:38:13 info: [0mGET /banners/getListBanner [36m304[0m 324.894 ms - -[0m
2023-06-15 22:38:13 info: [0mGET /banners/getListBanner [36m304[0m 97.985 ms - -[0m
2023-06-15 22:39:58 info: [0mGET /banners/getListBanner [36m304[0m 514.532 ms - -[0m
2023-06-15 22:42:59 info: [0mGET /banners/getListBanner [36m304[0m 596.004 ms - -[0m
2023-06-15 22:42:59 info: [0mGET /posts/getListFeatured [36m304[0m 591.925 ms - -[0m
2023-06-15 22:42:59 info: [0mGET /services/nav [36m304[0m 996.794 ms - -[0m
2023-06-15 22:42:59 info: [0mGET /services/nav [36m304[0m 175.611 ms - -[0m
2023-06-15 22:45:26 info: [0mGET /banners/getListBanner [36m304[0m 643.094 ms - -[0m
2023-06-15 22:49:26 info: [0mGET /banners/getListBanner [36m304[0m 1472.198 ms - -[0m
2023-06-15 22:51:08 info: [0mGET /banners/getListBanner [36m304[0m 302.332 ms - -[0m
2023-06-15 22:51:09 info: [0mGET /services/nav [36m304[0m 508.319 ms - -[0m
2023-06-15 22:51:09 info: [0mGET /posts/getListFeatured [36m304[0m 479.060 ms - -[0m
2023-06-15 22:51:09 info: [0mGET /services/nav [36m304[0m 147.784 ms - -[0m
2023-06-15 22:53:30 info: [0mGET /banners/getListBanner [36m304[0m 475.946 ms - -[0m
2023-06-15 22:54:22 info: [0mGET /banners/getListBanner [36m304[0m 192.926 ms - -[0m
2023-06-15 23:17:22 info: [0mGET /banners/getListBanner [36m304[0m 654.660 ms - -[0m
2023-06-15 23:28:19 info: [0mGET /banners/getListBanner [36m304[0m 332.846 ms - -[0m
2023-06-15 23:30:18 info: =================================
2023-06-15 23:30:18 info: ======= ENV: development =======
2023-06-15 23:30:18 info: 🚀 App listening on the port 8000
2023-06-15 23:30:18 info: =================================
2023-06-15 23:33:19 info: [0mOPTIONS /admins/login [32m204[0m 19.453 ms - 0[0m
2023-06-15 23:33:20 info: [0mPOST /admins/login [32m200[0m 1469.573 ms - -[0m
2023-06-15 23:33:22 info: [0mOPTIONS /admins/profile [32m204[0m 0.680 ms - 0[0m
2023-06-15 23:33:22 info: [0mGET /banners? [32m200[0m 656.453 ms - 16[0m
2023-06-15 23:33:22 info: [0mGET /banners?page=1&page_size=10 [32m200[0m 302.716 ms - 16[0m
2023-06-15 23:33:22 info: [0mGET /admins/profile [36m304[0m 739.253 ms - -[0m
2023-06-15 23:33:39 info: [0mGET /banners? [36m304[0m 74.542 ms - -[0m
2023-06-15 23:40:34 info: =================================
2023-06-15 23:40:34 info: ======= ENV: development =======
2023-06-15 23:40:34 info: 🚀 App listening on the port 8000
2023-06-15 23:40:34 info: =================================
2023-06-15 23:41:13 info: =================================
2023-06-15 23:41:13 info: ======= ENV: development =======
2023-06-15 23:41:13 info: 🚀 App listening on the port 8000
2023-06-15 23:41:13 info: =================================
2023-06-15 23:42:10 info: =================================
2023-06-15 23:42:10 info: ======= ENV: development =======
2023-06-15 23:42:10 info: 🚀 App listening on the port 8000
2023-06-15 23:42:10 info: =================================
2023-06-15 23:43:09 info: =================================
2023-06-15 23:43:09 info: ======= ENV: development =======
2023-06-15 23:43:09 info: 🚀 App listening on the port 8000
2023-06-15 23:43:09 info: =================================
2023-06-15 23:43:31 info: =================================
2023-06-15 23:43:31 info: ======= ENV: development =======
2023-06-15 23:43:31 info: 🚀 App listening on the port 8000
2023-06-15 23:43:31 info: =================================
2023-06-15 23:43:59 info: =================================
2023-06-15 23:43:59 info: ======= ENV: development =======
2023-06-15 23:43:59 info: 🚀 App listening on the port 8000
2023-06-15 23:43:59 info: =================================
2023-06-15 23:45:48 info: =================================
2023-06-15 23:45:48 info: ======= ENV: development =======
2023-06-15 23:45:48 info: 🚀 App listening on the port 8000
2023-06-15 23:45:48 info: =================================
2023-06-15 23:46:06 info: =================================
2023-06-15 23:46:06 info: ======= ENV: development =======
2023-06-15 23:46:06 info: 🚀 App listening on the port 8000
2023-06-15 23:46:06 info: =================================
2023-06-15 23:46:47 info: [0mOPTIONS /admins/profile [32m204[0m 19.932 ms - 0[0m
2023-06-15 23:46:48 info: [0mGET /admins/profile [36m304[0m 1138.364 ms - -[0m
2023-06-15 23:46:48 info: [0mGET /banners? [32m200[0m 1106.364 ms - -[0m
2023-06-15 23:46:48 info: [0mGET /banners?page=1&page_size=10 [32m200[0m 697.320 ms - -[0m
2023-06-15 23:46:54 info: [0mOPTIONS /admins/profile [32m204[0m 0.565 ms - 0[0m
2023-06-15 23:46:55 info: [0mGET /banners/show/1 [32m200[0m 119.395 ms - 462[0m
2023-06-15 23:46:55 info: [0mGET /admins/profile [36m304[0m 337.155 ms - -[0m
2023-06-15 23:46:57 info: [0mOPTIONS /folders/get-medias [32m204[0m 1.688 ms - 0[0m
2023-06-15 23:46:57 info: [0mPOST /folders/get-medias [32m200[0m 105.165 ms - -[0m
2023-06-15 23:46:57 info: [0mGET /folders [36m304[0m 39.746 ms - -[0m
2023-06-15 23:46:59 info: [0mPOST /folders/get-medias [32m200[0m 85.582 ms - -[0m
2023-06-15 23:46:59 info: [0mGET /folders [36m304[0m 80.759 ms - -[0m
2023-06-15 23:47:02 info: [0mOPTIONS /banners/update/1 [32m204[0m 0.715 ms - 0[0m
2023-06-15 23:47:02 info: [0mPUT /banners/update/1 [32m200[0m 62.270 ms - 27[0m
2023-06-15 23:47:02 info: [0mGET /banners/show/1 [32m200[0m 19.846 ms - 802[0m
2023-06-15 23:48:16 info: =================================
2023-06-15 23:48:16 info: ======= ENV: development =======
2023-06-15 23:48:16 info: 🚀 App listening on the port 8000
2023-06-15 23:48:16 info: =================================
2023-06-15 23:48:36 info: =================================
2023-06-15 23:48:36 info: ======= ENV: development =======
2023-06-15 23:48:36 info: 🚀 App listening on the port 8000
2023-06-15 23:48:36 info: =================================
2023-06-15 23:49:34 info: [0mOPTIONS /folders/get-medias [32m204[0m 2.948 ms - 0[0m
2023-06-15 23:49:35 info: [0mGET /folders [36m304[0m 275.597 ms - -[0m
2023-06-15 23:49:35 info: [0mPOST /folders/get-medias [32m200[0m 422.296 ms - -[0m
2023-06-15 23:49:37 info: [0mOPTIONS /banners/update/1 [32m204[0m 0.595 ms - 0[0m
2023-06-15 23:49:37 info: [0mPUT /banners/update/1 [32m200[0m 135.234 ms - 27[0m
2023-06-15 23:49:37 info: [0mGET /banners/show/1 [36m304[0m 59.706 ms - -[0m
2023-06-15 23:49:43 info: [0mOPTIONS /admins/profile [32m204[0m 2.950 ms - 0[0m
2023-06-15 23:49:43 info: [0mGET /admins/profile [36m304[0m 222.883 ms - -[0m
2023-06-15 23:49:44 info: [0mGET /banners/show/1 [36m304[0m 50.362 ms - -[0m
2023-06-15 23:50:54 info: =================================
2023-06-15 23:50:54 info: ======= ENV: development =======
2023-06-15 23:50:54 info: 🚀 App listening on the port 8000
2023-06-15 23:50:54 info: =================================
2023-06-15 23:51:50 info: =================================
2023-06-15 23:51:50 info: ======= ENV: development =======
2023-06-15 23:51:50 info: 🚀 App listening on the port 8000
2023-06-15 23:51:50 info: =================================
2023-06-15 23:54:01 info: =================================
2023-06-15 23:54:01 info: ======= ENV: development =======
2023-06-15 23:54:01 info: 🚀 App listening on the port 8000
2023-06-15 23:54:01 info: =================================
2023-06-15 23:54:02 info: [0mOPTIONS /admins/profile [32m204[0m 3.827 ms - 0[0m
2023-06-15 23:54:03 info: [0mGET /banners?page=1&page_size=10 [32m200[0m 318.305 ms - -[0m
2023-06-15 23:54:03 info: [0mGET /admins/profile [36m304[0m 593.361 ms - -[0m
2023-06-15 23:54:03 info: [0mGET /banners?page=1&page_size=10 [36m304[0m 45.452 ms - -[0m
2023-06-15 23:55:02 info: =================================
2023-06-15 23:55:02 info: ======= ENV: development =======
2023-06-15 23:55:02 info: 🚀 App listening on the port 8000
2023-06-15 23:55:02 info: =================================
2023-06-15 23:55:17 info: =================================
2023-06-15 23:55:17 info: ======= ENV: development =======
2023-06-15 23:55:17 info: 🚀 App listening on the port 8000
2023-06-15 23:55:17 info: =================================
2023-06-15 23:55:26 info: [0mOPTIONS /admins/profile [32m204[0m 2.502 ms - 0[0m
2023-06-15 23:55:26 info: [0mGET /banners/show/1 [32m200[0m 318.898 ms - -[0m
2023-06-15 23:55:27 info: [0mGET /admins/profile [36m304[0m 543.020 ms - -[0m
2023-06-15 23:55:31 info: [0mOPTIONS /folders/get-medias [32m204[0m 0.839 ms - 0[0m
2023-06-15 23:55:32 info: [0mGET /folders [36m304[0m 139.456 ms - -[0m
2023-06-15 23:55:32 info: [0mPOST /folders/get-medias [32m200[0m 138.257 ms - -[0m
2023-06-15 23:55:35 info: [0mOPTIONS /banners/update/1 [32m204[0m 0.911 ms - 0[0m
2023-06-15 23:55:35 info: [0mPUT /banners/update/1 [32m200[0m 89.575 ms - 27[0m
2023-06-15 23:55:35 info: [0mGET /banners/show/1 [32m200[0m 34.388 ms - -[0m
2023-06-15 23:56:01 info: =================================
2023-06-15 23:56:01 info: ======= ENV: development =======
2023-06-15 23:56:01 info: 🚀 App listening on the port 8000
2023-06-15 23:56:01 info: =================================
2023-06-15 23:56:15 info: [0mOPTIONS /admins/profile [32m204[0m 7.535 ms - 0[0m
2023-06-15 23:56:16 info: [0mGET /admins/profile [36m304[0m 723.933 ms - -[0m
2023-06-15 23:56:17 info: [0mGET /banners/show/1 [36m304[0m 186.983 ms - -[0m
2023-06-15 23:56:21 info: [0mOPTIONS /folders/get-medias [32m204[0m 1.015 ms - 0[0m
2023-06-15 23:56:21 info: [0mPOST /folders/get-medias [32m200[0m 122.493 ms - -[0m
2023-06-15 23:56:21 info: [0mGET /folders [36m304[0m 33.371 ms - -[0m
2023-06-15 23:56:33 info: [0mPOST /medias/create [32m200[0m 2933.762 ms - 31[0m
2023-06-15 23:56:33 info: [0mOPTIONS /folders/get-medias [32m204[0m 0.152 ms - 0[0m
2023-06-15 23:56:33 info: [0mPOST /folders/get-medias [32m200[0m 50.451 ms - -[0m
2023-06-15 23:56:36 info: [0mOPTIONS /banners/update/1 [32m204[0m 0.706 ms - 0[0m
2023-06-15 23:56:36 info: [0mPUT /banners/update/1 [32m200[0m 52.513 ms - 27[0m
2023-06-15 23:56:36 info: [0mGET /banners/show/1 [32m200[0m 12.605 ms - -[0m
