2023-03-31 00:00:04 info: =================================
2023-03-31 00:00:04 info: ======= ENV: development =======
2023-03-31 00:00:04 info: 🚀 App listening on the port 8000
2023-03-31 00:00:04 info: =================================
2023-03-31 00:01:00 info: [0mGET /projects [32m200[0m 110.632 ms - 204[0m
2023-03-31 00:03:17 info: =================================
2023-03-31 00:03:17 info: ======= ENV: development =======
2023-03-31 00:03:17 info: 🚀 App listening on the port 8000
2023-03-31 00:03:17 info: =================================
2023-03-31 00:03:32 info: =================================
2023-03-31 00:03:32 info: ======= ENV: development =======
2023-03-31 00:03:32 info: 🚀 App listening on the port 8000
2023-03-31 00:03:32 info: =================================
2023-03-31 00:03:39 info: =================================
2023-03-31 00:03:39 info: ======= ENV: development =======
2023-03-31 00:03:39 info: 🚀 App listening on the port 8000
2023-03-31 00:03:39 info: =================================
2023-03-31 00:03:48 info: [0mGET /projects [36m304[0m 80.683 ms - -[0m
2023-03-31 00:03:52 info: [0mGET /projects [36m304[0m 16.555 ms - -[0m
2023-03-31 00:04:07 info: =================================
2023-03-31 00:04:07 info: ======= ENV: development =======
2023-03-31 00:04:07 info: 🚀 App listening on the port 8000
2023-03-31 00:04:07 info: =================================
2023-03-31 00:04:18 info: [0mGET /projects [32m200[0m 73.470 ms - 361[0m
2023-03-31 00:04:37 info: =================================
2023-03-31 00:04:37 info: ======= ENV: development =======
2023-03-31 00:04:37 info: 🚀 App listening on the port 8000
2023-03-31 00:04:37 info: =================================
2023-03-31 00:04:40 info: [0mGET /projects [32m200[0m 90.031 ms - 367[0m
2023-03-31 00:04:50 info: =================================
2023-03-31 00:04:50 info: ======= ENV: development =======
2023-03-31 00:04:50 info: 🚀 App listening on the port 8000
2023-03-31 00:04:50 info: =================================
2023-03-31 00:05:19 info: =================================
2023-03-31 00:05:19 info: ======= ENV: development =======
2023-03-31 00:05:19 info: 🚀 App listening on the port 8000
2023-03-31 00:05:19 info: =================================
2023-03-31 00:05:39 info: =================================
2023-03-31 00:05:39 info: ======= ENV: development =======
2023-03-31 00:05:39 info: 🚀 App listening on the port 8000
2023-03-31 00:05:39 info: =================================
2023-03-31 00:06:00 info: =================================
2023-03-31 00:06:00 info: ======= ENV: development =======
2023-03-31 00:06:00 info: 🚀 App listening on the port 8000
2023-03-31 00:06:00 info: =================================
2023-03-31 00:06:14 info: =================================
2023-03-31 00:06:14 info: ======= ENV: development =======
2023-03-31 00:06:14 info: 🚀 App listening on the port 8000
2023-03-31 00:06:14 info: =================================
2023-03-31 00:07:16 info: [0mGET /projects [32m200[0m 108.465 ms - 361[0m
2023-03-31 00:08:22 info: =================================
2023-03-31 00:08:22 info: ======= ENV: development =======
2023-03-31 00:08:22 info: 🚀 App listening on the port 8000
2023-03-31 00:08:22 info: =================================
2023-03-31 00:08:54 info: =================================
2023-03-31 00:08:54 info: ======= ENV: development =======
2023-03-31 00:08:54 info: 🚀 App listening on the port 8000
2023-03-31 00:08:54 info: =================================
2023-03-31 00:09:17 info: =================================
2023-03-31 00:09:17 info: ======= ENV: development =======
2023-03-31 00:09:17 info: 🚀 App listening on the port 8000
2023-03-31 00:09:17 info: =================================
2023-03-31 00:09:26 info: =================================
2023-03-31 00:09:26 info: ======= ENV: development =======
2023-03-31 00:09:26 info: 🚀 App listening on the port 8000
2023-03-31 00:09:26 info: =================================
2023-03-31 00:10:45 info: =================================
2023-03-31 00:10:45 info: ======= ENV: development =======
2023-03-31 00:10:45 info: 🚀 App listening on the port 8000
2023-03-31 00:10:45 info: =================================
2023-03-31 00:10:46 info: [0mGET /projects [32m200[0m 149.427 ms - 96[0m
2023-03-31 00:11:18 info: =================================
2023-03-31 00:11:18 info: ======= ENV: development =======
2023-03-31 00:11:18 info: 🚀 App listening on the port 8000
2023-03-31 00:11:18 info: =================================
2023-03-31 00:11:19 info: [0mGET /projects [32m200[0m 107.858 ms - 361[0m
2023-03-31 00:11:31 info: =================================
2023-03-31 00:11:31 info: ======= ENV: development =======
2023-03-31 00:11:31 info: 🚀 App listening on the port 8000
2023-03-31 00:11:31 info: =================================
2023-03-31 00:11:57 info: =================================
2023-03-31 00:11:57 info: ======= ENV: development =======
2023-03-31 00:11:57 info: 🚀 App listening on the port 8000
2023-03-31 00:11:57 info: =================================
2023-03-31 00:13:25 info: =================================
2023-03-31 00:13:25 info: ======= ENV: development =======
2023-03-31 00:13:25 info: 🚀 App listening on the port 8000
2023-03-31 00:13:25 info: =================================
2023-03-31 00:13:49 info: =================================
2023-03-31 00:13:49 info: ======= ENV: development =======
2023-03-31 00:13:49 info: 🚀 App listening on the port 8000
2023-03-31 00:13:49 info: =================================
2023-03-31 00:15:54 info: =================================
2023-03-31 00:15:54 info: ======= ENV: development =======
2023-03-31 00:15:54 info: 🚀 App listening on the port 8000
2023-03-31 00:15:54 info: =================================
2023-03-31 00:16:51 info: [0mGET /projects [36m304[0m 90.005 ms - -[0m
2023-03-31 00:23:02 info: =================================
2023-03-31 00:23:02 info: ======= ENV: development =======
2023-03-31 00:23:02 info: 🚀 App listening on the port 8000
2023-03-31 00:23:02 info: =================================
2023-03-31 00:23:24 info: =================================
2023-03-31 00:23:24 info: ======= ENV: development =======
2023-03-31 00:23:24 info: 🚀 App listening on the port 8000
2023-03-31 00:23:24 info: =================================
2023-03-31 00:23:34 info: =================================
2023-03-31 00:23:34 info: ======= ENV: development =======
2023-03-31 00:23:34 info: 🚀 App listening on the port 8000
2023-03-31 00:23:34 info: =================================
2023-03-31 00:23:58 info: =================================
2023-03-31 00:23:58 info: ======= ENV: development =======
2023-03-31 00:23:58 info: 🚀 App listening on the port 8000
2023-03-31 00:23:58 info: =================================
2023-03-31 00:24:17 info: =================================
2023-03-31 00:24:17 info: ======= ENV: development =======
2023-03-31 00:24:17 info: 🚀 App listening on the port 8000
2023-03-31 00:24:17 info: =================================
2023-03-31 00:24:24 info: =================================
2023-03-31 00:24:24 info: ======= ENV: development =======
2023-03-31 00:24:24 info: 🚀 App listening on the port 8000
2023-03-31 00:24:24 info: =================================
2023-03-31 00:24:25 info: [0mGET /projects [32m200[0m 139.343 ms - 255[0m
2023-03-31 00:24:38 info: [0mGET /projects [32m200[0m 29.321 ms - 261[0m
2023-03-31 00:24:39 info: [0mGET /projects [36m304[0m 12.617 ms - -[0m
2023-03-31 00:24:39 info: [0mGET /projects [36m304[0m 9.188 ms - -[0m
2023-03-31 00:24:39 info: [0mGET /projects [36m304[0m 8.338 ms - -[0m
2023-03-31 00:25:05 info: =================================
2023-03-31 00:25:05 info: ======= ENV: development =======
2023-03-31 00:25:05 info: 🚀 App listening on the port 8000
2023-03-31 00:25:05 info: =================================
2023-03-31 00:26:17 info: [0mGET /projects [32m200[0m 79.837 ms - 267[0m
2023-03-31 00:28:13 info: =================================
2023-03-31 00:28:13 info: ======= ENV: development =======
2023-03-31 00:28:13 info: 🚀 App listening on the port 8000
2023-03-31 00:28:13 info: =================================
2023-03-31 00:28:32 info: =================================
2023-03-31 00:28:32 info: ======= ENV: development =======
2023-03-31 00:28:32 info: 🚀 App listening on the port 8000
2023-03-31 00:28:32 info: =================================
2023-03-31 00:28:49 info: [0mGET /locale [33m404[0m 11.955 ms - 145[0m
2023-03-31 00:28:53 info: [0mGET /locale [33m404[0m 14.750 ms - 145[0m
2023-03-31 00:29:18 info: =================================
2023-03-31 00:29:18 info: ======= ENV: development =======
2023-03-31 00:29:18 info: 🚀 App listening on the port 8000
2023-03-31 00:29:18 info: =================================
2023-03-31 00:29:21 info: [0mGET /locale [33m404[0m 8.099 ms - 145[0m
2023-03-31 00:29:26 info: [0mGET /locale [33m404[0m 10.554 ms - 145[0m
2023-03-31 00:29:38 info: [0mGET /projects [32m200[0m 197.641 ms - 267[0m
2023-03-31 00:29:57 info: [0mGET /locale [33m404[0m 2.733 ms - 145[0m
2023-03-31 00:30:03 info: [0mGET /projects [32m200[0m 312.265 ms - 267[0m
2023-03-31 00:30:21 info: [0mGET /locale [33m404[0m 2.874 ms - 145[0m
2023-03-31 00:30:25 info: [0mGET /projects [32m200[0m 178.417 ms - 267[0m
2023-03-31 00:30:36 info: =================================
2023-03-31 00:30:36 info: ======= ENV: development =======
2023-03-31 00:30:36 info: 🚀 App listening on the port 8000
2023-03-31 00:30:36 info: =================================
2023-03-31 00:31:42 info: =================================
2023-03-31 00:31:42 info: ======= ENV: development =======
2023-03-31 00:31:42 info: 🚀 App listening on the port 8000
2023-03-31 00:31:42 info: =================================
2023-03-31 00:31:49 info: [0mGET /locale [33m404[0m 8.243 ms - 145[0m
2023-03-31 00:31:52 info: [0mGET /projects [32m200[0m 125.407 ms - 261[0m
2023-03-31 00:32:02 info: [0mGET /projects [36m304[0m 53.034 ms - -[0m
2023-03-31 00:35:27 info: [0mGET /locale [33m404[0m 4.527 ms - 145[0m
2023-03-31 00:35:30 info: [0mGET /projects [32m200[0m 50.909 ms - 261[0m
2023-03-31 00:35:40 info: [0mGET /locale [33m404[0m 2.295 ms - 145[0m
2023-03-31 00:35:45 info: [0mGET /projects [32m200[0m 70.414 ms - 261[0m
2023-03-31 00:36:22 info: =================================
2023-03-31 00:36:22 info: ======= ENV: development =======
2023-03-31 00:36:22 info: 🚀 App listening on the port 8000
2023-03-31 00:36:22 info: =================================
2023-03-31 00:36:24 info: [0mGET /locale [33m404[0m 7.888 ms - 145[0m
2023-03-31 00:37:14 info: =================================
2023-03-31 00:37:14 info: ======= ENV: development =======
2023-03-31 00:37:14 info: 🚀 App listening on the port 8000
2023-03-31 00:37:14 info: =================================
2023-03-31 00:37:50 info: [0mGET /locale [33m404[0m 7.559 ms - 145[0m
2023-03-31 00:38:04 info: =================================
2023-03-31 00:38:04 info: ======= ENV: development =======
2023-03-31 00:38:04 info: 🚀 App listening on the port 8000
2023-03-31 00:38:04 info: =================================
2023-03-31 00:38:10 info: [0mGET /locale [33m404[0m 9.495 ms - 145[0m
2023-03-31 00:38:17 info: [0mGET /projects [32m200[0m 160.210 ms - 261[0m
2023-03-31 00:38:42 info: =================================
2023-03-31 00:38:42 info: ======= ENV: development =======
2023-03-31 00:38:42 info: 🚀 App listening on the port 8000
2023-03-31 00:38:42 info: =================================
2023-03-31 00:38:49 info: [0mGET /locale [33m404[0m 24.333 ms - 145[0m
2023-03-31 00:38:54 info: [0mGET /projects [32m200[0m 322.957 ms - 261[0m
2023-03-31 00:40:46 info: =================================
2023-03-31 00:40:46 info: ======= ENV: development =======
2023-03-31 00:40:46 info: 🚀 App listening on the port 8000
2023-03-31 00:40:46 info: =================================
2023-03-31 00:41:12 info: [0mGET /projects [36m304[0m 184.724 ms - -[0m
2023-03-31 00:41:14 info: [0mGET /projects/show/2 [32m200[0m 37.810 ms - 105[0m
2023-03-31 00:41:19 info: [0mGET /projects/show/2 [36m304[0m 21.007 ms - -[0m
2023-03-31 00:41:19 info: [0mGET /projects [36m304[0m 53.964 ms - -[0m
2023-03-31 00:41:22 info: [0mGET /projects [36m304[0m 6.751 ms - -[0m
2023-03-31 00:41:23 info: [0mGET /projects [36m304[0m 7.232 ms - -[0m
2023-03-31 00:41:36 info: [0mGET /projects/show/2 [36m304[0m 34.351 ms - -[0m
2023-03-31 00:41:37 info: [0mOPTIONS /folders/get-medias [32m204[0m 0.470 ms - 0[0m
2023-03-31 00:41:37 info: [0mPOST /folders/get-medias [32m200[0m 37.084 ms - 31[0m
2023-03-31 00:41:37 info: [0mGET /folders [36m304[0m 24.638 ms - -[0m
2023-03-31 00:41:40 info: [0mPOST /folders/get-medias [32m200[0m 3.041 ms - 31[0m
2023-03-31 00:41:45 info: [0mPOST /medias/create [32m200[0m 53.612 ms - 31[0m
2023-03-31 00:41:45 info: [0mOPTIONS /folders/get-medias [32m204[0m 0.235 ms - 0[0m
2023-03-31 00:41:45 info: [0mPOST /folders/get-medias [32m200[0m 10.281 ms - 307[0m
2023-03-31 00:41:57 info: [0mOPTIONS /projects/update/2 [32m204[0m 0.514 ms - 0[0m
2023-03-31 00:41:57 info: [0mPUT /projects/update/2 [32m200[0m 46.959 ms - 32[0m
2023-03-31 00:41:57 info: [0mGET /projects/show/2 [32m200[0m 66.545 ms - 377[0m
2023-03-31 00:41:57 info: [0mGET /projects/show/2 [36m304[0m 8.665 ms - -[0m
2023-03-31 00:41:59 info: [0mGET /projects/show/2 [36m304[0m 20.262 ms - -[0m
2023-03-31 00:41:59 info: [0mGET /projects [32m200[0m 21.693 ms - 539[0m
2023-03-31 00:42:00 info: [0mGET /projects [36m304[0m 16.031 ms - -[0m
2023-03-31 00:42:10 info: [0mGET /projects [36m304[0m 42.306 ms - -[0m
2023-03-31 00:42:12 info: [0mGET /projects/show/2 [36m304[0m 21.092 ms - -[0m
2023-03-31 00:42:13 info: [0mGET /projects/show/2 [36m304[0m 36.583 ms - -[0m
2023-03-31 00:42:13 info: [0mGET /projects [36m304[0m 41.089 ms - -[0m
2023-03-31 00:42:37 info: =================================
2023-03-31 00:42:37 info: ======= ENV: development =======
2023-03-31 00:42:37 info: 🚀 App listening on the port 8000
2023-03-31 00:42:37 info: =================================
2023-03-31 00:49:33 info: [0mGET /posts [32m200[0m 132.329 ms - 363[0m
2023-03-31 00:49:34 info: [0mGET /projects [36m304[0m 43.143 ms - -[0m
2023-03-31 00:49:35 info: [0mGET /posts [36m304[0m 7.896 ms - -[0m
2023-03-31 00:49:38 info: [0mGET /projects [36m304[0m 16.987 ms - -[0m
2023-03-31 00:49:49 info: [0mGET /projects/show/2 [36m304[0m 39.929 ms - -[0m
2023-03-31 00:49:52 info: [0mGET /projects/show/2 [36m304[0m 17.530 ms - -[0m
2023-03-31 00:49:52 info: [0mGET /projects [36m304[0m 23.791 ms - -[0m
2023-03-31 00:49:53 info: [0mGET /posts [36m304[0m 5.083 ms - -[0m
2023-03-31 00:49:56 info: [0mGET /posts [36m304[0m 10.108 ms - -[0m
2023-03-31 00:49:57 info: [0mGET /projects [36m304[0m 14.550 ms - -[0m
2023-03-31 00:49:58 info: [0mGET /posts [36m304[0m 7.962 ms - -[0m
2023-03-31 00:50:03 info: [0mGET /posts [36m304[0m 7.428 ms - -[0m
2023-03-31 00:53:29 info: =================================
2023-03-31 00:53:29 info: ======= ENV: development =======
2023-03-31 00:53:29 info: 🚀 App listening on the port 8000
2023-03-31 00:53:29 info: =================================
2023-03-31 00:53:30 info: [0mGET /projects [32m200[0m 80.502 ms - 261[0m
2023-03-31 00:53:58 info: =================================
2023-03-31 00:53:58 info: ======= ENV: development =======
2023-03-31 00:53:58 info: 🚀 App listening on the port 8000
2023-03-31 00:53:58 info: =================================
2023-03-31 00:55:24 info: =================================
2023-03-31 00:55:24 info: ======= ENV: development =======
2023-03-31 00:55:24 info: 🚀 App listening on the port 8000
2023-03-31 00:55:24 info: =================================
2023-03-31 00:55:39 info: [0mGET /projects [36m304[0m 148.100 ms - -[0m
2023-03-31 00:55:41 info: [0mGET /projects/show/1 [32m200[0m 12.229 ms - 131[0m
2023-03-31 00:55:48 info: [0mOPTIONS /projects/update/1 [32m204[0m 0.890 ms - 0[0m
2023-03-31 00:55:48 info: [0mPUT /projects/update/1 [32m200[0m 63.066 ms - 32[0m
2023-03-31 00:55:48 info: [0mGET /projects/show/1 [36m304[0m 7.665 ms - -[0m
