2023-05-16 00:28:12 info: =================================
2023-05-16 00:28:12 info: ======= ENV: development =======
2023-05-16 00:28:12 info: 🚀 App listening on the port 8000
2023-05-16 00:28:12 info: =================================
2023-05-16 00:28:18 info: [0mGET / [33m404[0m 10.908 ms - 139[0m
2023-05-16 00:28:23 error: {}
2023-05-16 00:28:23 info: [0mGET /posts [36m304[0m 89.674 ms - -[0m
2023-05-16 00:28:23 info: [0mGET /favicon.ico [33m404[0m 11.760 ms - 150[0m
2023-05-16 00:29:02 info: =================================
2023-05-16 00:29:02 info: ======= ENV: development =======
2023-05-16 00:29:02 info: 🚀 App listening on the port 8000
2023-05-16 00:29:02 info: =================================
2023-05-16 00:29:03 error: {"name":"SequelizeDatabaseError","parent":{"code":"ER_NO_SUCH_TABLE","errno":1146,"sqlState":"42S02","sqlMessage":"Table 'tn-uptech-backend.posts' doesn't exist","sql":"SELECT count(`posts`.`id`) AS `count` FROM `posts` AS `posts` LEFT OUTER JOIN `medias` AS `image` ON `posts`.`thumbnail` = `image`.`id` LEFT OUTER JOIN `categories` AS `category` ON `posts`.`category_id` = `category`.`id` LEFT OUTER JOIN `category_translation` AS `category->translations` ON `category`.`id` = `category->translations`.`category_id` AND `category->translations`.`locale` = 'en' INNER JOIN `post_translation` AS `translations` ON `posts`.`id` = `translations`.`post_id` AND `translations`.`locale` = 'en';"},"original":{"code":"ER_NO_SUCH_TABLE","errno":1146,"sqlState":"42S02","sqlMessage":"Table 'tn-uptech-backend.posts' doesn't exist","sql":"SELECT count(`posts`.`id`) AS `count` FROM `posts` AS `posts` LEFT OUTER JOIN `medias` AS `image` ON `posts`.`thumbnail` = `image`.`id` LEFT OUTER JOIN `categories` AS `category` ON `posts`.`category_id` = `category`.`id` LEFT OUTER JOIN `category_translation` AS `category->translations` ON `category`.`id` = `category->translations`.`category_id` AND `category->translations`.`locale` = 'en' INNER JOIN `post_translation` AS `translations` ON `posts`.`id` = `translations`.`post_id` AND `translations`.`locale` = 'en';"},"sql":"SELECT count(`posts`.`id`) AS `count` FROM `posts` AS `posts` LEFT OUTER JOIN `medias` AS `image` ON `posts`.`thumbnail` = `image`.`id` LEFT OUTER JOIN `categories` AS `category` ON `posts`.`category_id` = `category`.`id` LEFT OUTER JOIN `category_translation` AS `category->translations` ON `category`.`id` = `category->translations`.`category_id` AND `category->translations`.`locale` = 'en' INNER JOIN `post_translation` AS `translations` ON `posts`.`id` = `translations`.`post_id` AND `translations`.`locale` = 'en';","parameters":{}}
2023-05-16 00:29:03 info: [0mGET /posts [36m304[0m 317.043 ms - -[0m
2023-05-16 00:29:05 error: {"name":"SequelizeDatabaseError","parent":{"code":"ER_NO_SUCH_TABLE","errno":1146,"sqlState":"42S02","sqlMessage":"Table 'tn-uptech-backend.posts' doesn't exist","sql":"SELECT count(`posts`.`id`) AS `count` FROM `posts` AS `posts` LEFT OUTER JOIN `medias` AS `image` ON `posts`.`thumbnail` = `image`.`id` LEFT OUTER JOIN `categories` AS `category` ON `posts`.`category_id` = `category`.`id` LEFT OUTER JOIN `category_translation` AS `category->translations` ON `category`.`id` = `category->translations`.`category_id` AND `category->translations`.`locale` = 'en' INNER JOIN `post_translation` AS `translations` ON `posts`.`id` = `translations`.`post_id` AND `translations`.`locale` = 'en';"},"original":{"code":"ER_NO_SUCH_TABLE","errno":1146,"sqlState":"42S02","sqlMessage":"Table 'tn-uptech-backend.posts' doesn't exist","sql":"SELECT count(`posts`.`id`) AS `count` FROM `posts` AS `posts` LEFT OUTER JOIN `medias` AS `image` ON `posts`.`thumbnail` = `image`.`id` LEFT OUTER JOIN `categories` AS `category` ON `posts`.`category_id` = `category`.`id` LEFT OUTER JOIN `category_translation` AS `category->translations` ON `category`.`id` = `category->translations`.`category_id` AND `category->translations`.`locale` = 'en' INNER JOIN `post_translation` AS `translations` ON `posts`.`id` = `translations`.`post_id` AND `translations`.`locale` = 'en';"},"sql":"SELECT count(`posts`.`id`) AS `count` FROM `posts` AS `posts` LEFT OUTER JOIN `medias` AS `image` ON `posts`.`thumbnail` = `image`.`id` LEFT OUTER JOIN `categories` AS `category` ON `posts`.`category_id` = `category`.`id` LEFT OUTER JOIN `category_translation` AS `category->translations` ON `category`.`id` = `category->translations`.`category_id` AND `category->translations`.`locale` = 'en' INNER JOIN `post_translation` AS `translations` ON `posts`.`id` = `translations`.`post_id` AND `translations`.`locale` = 'en';","parameters":{}}
2023-05-16 00:29:05 info: [0mGET /posts [36m304[0m 64.659 ms - -[0m
2023-05-16 00:29:44 info: =================================
2023-05-16 00:29:44 info: ======= ENV: development =======
2023-05-16 00:29:44 info: 🚀 App listening on the port 8000
2023-05-16 00:29:44 info: =================================
