2023-03-26 13:32:59 info: [0mOPTIONS /folders/get-medias [32m204[0m 2.385 ms - 0[0m
2023-03-26 13:32:59 info: [0mPOST /folders/get-medias [32m200[0m 129.507 ms - 679[0m
2023-03-26 13:32:59 info: [0mGET /folders [36m304[0m 109.928 ms - -[0m
2023-03-26 13:52:30 info: [0mGET /projects [36m304[0m 67.153 ms - -[0m
2023-03-26 13:52:32 info: [0mGET /projects/show/1 [31m500[0m 9.154 ms - 2[0m
2023-03-26 13:52:33 info: [0mGET /projects [36m304[0m 4.135 ms - -[0m
2023-03-26 13:52:35 info: [0mOPTIONS /folders/get-medias [32m204[0m 0.196 ms - 0[0m
2023-03-26 13:52:35 info: [0mPOST /folders/get-medias [32m200[0m 80.602 ms - 679[0m
2023-03-26 13:52:35 info: [0mGET /folders [36m304[0m 151.667 ms - -[0m
2023-03-26 13:52:35 info: [0mGET /projects/index [33m404[0m 0.846 ms - 153[0m
2023-03-26 13:52:36 info: [0mPOST /folders/get-medias [32m200[0m 7.493 ms - 679[0m
2023-03-26 13:52:36 info: [0mGET /folders [36m304[0m 11.359 ms - -[0m
2023-03-26 13:52:40 info: [0mOPTIONS /folders/get-medias [32m204[0m 0.221 ms - 0[0m
2023-03-26 13:52:40 info: [0mPOST /folders/get-medias [32m200[0m 2.235 ms - 31[0m
2023-03-26 13:52:41 info: [0mPOST /folders/get-medias [32m200[0m 2.562 ms - 355[0m
2023-03-26 13:52:41 info: [0mPOST /folders/get-medias [32m200[0m 6.938 ms - 31[0m
2023-03-26 13:52:42 info: [0mPOST /folders/get-medias [32m200[0m 2.425 ms - 679[0m
2023-03-26 13:52:42 info: [0mPOST /folders/get-medias [32m200[0m 2.167 ms - 31[0m
2023-03-26 13:52:48 info: [0mOPTIONS /folders/get-medias [32m204[0m 0.140 ms - 0[0m
2023-03-26 13:52:48 info: [0mPOST /folders/get-medias [32m200[0m 3.416 ms - 355[0m
2023-03-26 13:52:48 info: [0mPOST /folders/get-medias [32m200[0m 4.557 ms - 31[0m
2023-03-26 13:52:49 info: [0mPOST /folders/get-medias [32m200[0m 2.726 ms - 679[0m
2023-03-26 13:52:49 info: [0mPOST /folders/get-medias [32m200[0m 2.550 ms - 31[0m
2023-03-26 13:52:49 info: [0mPOST /folders/get-medias [32m200[0m 2.356 ms - 355[0m
2023-03-26 13:52:49 info: [0mPOST /folders/get-medias [32m200[0m 1.674 ms - 31[0m
2023-03-26 13:52:50 info: [0mPOST /folders/get-medias [32m200[0m 3.096 ms - 679[0m
2023-03-26 13:52:51 info: [0mPOST /folders/get-medias [32m200[0m 1.826 ms - 31[0m
2023-03-26 13:52:51 info: [0mPOST /folders/get-medias [32m200[0m 2.698 ms - 355[0m
2023-03-26 13:52:52 info: [0mPOST /folders/get-medias [32m200[0m 2.146 ms - 679[0m
2023-03-26 13:52:52 info: [0mPOST /folders/get-medias [32m200[0m 1.579 ms - 31[0m
2023-03-26 13:52:53 info: [0mPOST /folders/get-medias [32m200[0m 2.698 ms - 355[0m
2023-03-26 13:53:19 info: =================================
2023-03-26 13:53:20 info: ======= ENV: development =======
2023-03-26 13:53:20 info: 🚀 App listening on the port 8000
2023-03-26 13:53:20 info: =================================
2023-03-26 13:53:31 info: =================================
2023-03-26 13:53:31 info: ======= ENV: development =======
2023-03-26 13:53:31 info: 🚀 App listening on the port 8000
2023-03-26 13:53:31 info: =================================
2023-03-26 13:55:25 info: [0mOPTIONS /folders/get-medias [32m204[0m 1.187 ms - 0[0m
2023-03-26 13:55:25 info: [0mPOST /folders/get-medias [32m200[0m 177.466 ms - 679[0m
2023-03-26 13:55:25 info: [0mGET /folders [36m304[0m 250.450 ms - -[0m
2023-03-26 13:55:48 info: [0mOPTIONS /folders/get-medias [32m204[0m 1.290 ms - 0[0m
2023-03-26 13:55:48 info: [0mPOST /folders/get-medias [32m200[0m 41.037 ms - 679[0m
2023-03-26 13:55:48 info: [0mGET /folders [36m304[0m 41.252 ms - -[0m
2023-03-26 13:56:51 info: [0mOPTIONS /folders/get-medias [32m204[0m 0.321 ms - 0[0m
2023-03-26 13:56:52 info: [0mPOST /folders/get-medias [32m200[0m 570.723 ms - 679[0m
2023-03-26 13:56:52 info: [0mGET /folders [36m304[0m 620.903 ms - -[0m
2023-03-26 13:56:54 info: [0mPOST /folders/get-medias [32m200[0m 42.973 ms - 679[0m
2023-03-26 13:56:54 info: [0mGET /folders [36m304[0m 79.149 ms - -[0m
2023-03-26 13:57:12 info: [0mOPTIONS /folders/get-medias [32m204[0m 0.239 ms - 0[0m
2023-03-26 13:57:12 info: [0mGET /folders [36m304[0m 70.101 ms - -[0m
2023-03-26 13:57:12 info: [0mPOST /folders/get-medias [32m200[0m 42.785 ms - 679[0m
2023-03-26 13:58:00 info: [0mOPTIONS /folders/get-medias [32m204[0m 0.258 ms - 0[0m
2023-03-26 13:58:01 info: [0mPOST /folders/get-medias [32m200[0m 146.015 ms - 679[0m
2023-03-26 13:58:01 info: [0mGET /folders [36m304[0m 160.129 ms - -[0m
2023-03-26 13:58:08 info: [0mOPTIONS /folders/get-medias [32m204[0m 0.233 ms - 0[0m
2023-03-26 13:58:08 info: [0mGET /folders [36m304[0m 19.144 ms - -[0m
2023-03-26 13:58:08 info: [0mPOST /folders/get-medias [32m200[0m 14.407 ms - 679[0m
2023-03-26 13:58:13 info: [0mGET /folders [36m304[0m 62.603 ms - -[0m
2023-03-26 13:58:13 info: [0mPOST /folders/get-medias [32m200[0m 75.511 ms - 679[0m
2023-03-26 13:58:58 info: [0mOPTIONS /folders/get-medias [32m204[0m 1.172 ms - 0[0m
2023-03-26 13:58:58 info: [0mPOST /folders/get-medias [32m200[0m 126.448 ms - 679[0m
2023-03-26 13:58:58 info: [0mGET /folders [36m304[0m 30.733 ms - -[0m
2023-03-26 13:58:59 info: [0mPOST /folders/get-medias [32m200[0m 22.940 ms - 679[0m
2023-03-26 13:58:59 info: [0mGET /folders [36m304[0m 21.503 ms - -[0m
2023-03-26 13:59:14 info: [0mOPTIONS /folders/get-medias [32m204[0m 0.193 ms - 0[0m
2023-03-26 13:59:14 info: [0mPOST /folders/get-medias [32m200[0m 32.578 ms - 679[0m
2023-03-26 13:59:14 info: [0mGET /folders [36m304[0m 52.742 ms - -[0m
2023-03-26 13:59:32 info: [0mOPTIONS /folders/get-medias [32m204[0m 0.209 ms - 0[0m
2023-03-26 13:59:32 info: [0mPOST /folders/get-medias [32m200[0m 43.697 ms - 679[0m
2023-03-26 13:59:32 info: [0mGET /folders [36m304[0m 62.457 ms - -[0m
2023-03-26 14:01:26 info: [0mOPTIONS /folders/get-medias [32m204[0m 0.830 ms - 0[0m
2023-03-26 14:01:26 info: [0mPOST /folders/get-medias [0m-[0m - ms - -[0m
2023-03-26 14:01:26 info: [0mGET /folders [0m-[0m - ms - -[0m
2023-03-26 14:01:28 info: [0mPOST /folders/get-medias [32m200[0m 20.920 ms - 679[0m
2023-03-26 14:01:28 info: [0mGET /folders [32m200[0m 51.387 ms - 365[0m
2023-03-26 14:02:05 info: [0mOPTIONS /folders/get-medias [32m204[0m 0.558 ms - 0[0m
2023-03-26 14:02:05 info: [0mPOST /folders/get-medias [32m200[0m 53.763 ms - 679[0m
2023-03-26 14:02:05 info: [0mGET /folders [36m304[0m 66.257 ms - -[0m
2023-03-26 14:02:22 info: [0mOPTIONS /folders/get-medias [32m204[0m 0.339 ms - 0[0m
2023-03-26 14:02:22 info: [0mPOST /folders/get-medias [32m200[0m 94.337 ms - 679[0m
2023-03-26 14:02:22 info: [0mGET /folders [36m304[0m 175.787 ms - -[0m
2023-03-26 14:02:24 info: [0mPOST /folders/get-medias [32m200[0m 71.526 ms - 679[0m
2023-03-26 14:02:24 info: [0mGET /folders [36m304[0m 73.444 ms - -[0m
2023-03-26 14:02:37 info: [0mOPTIONS /folders/get-medias [32m204[0m 0.221 ms - 0[0m
2023-03-26 14:02:37 info: [0mPOST /folders/get-medias [32m200[0m 89.943 ms - 679[0m
2023-03-26 14:02:37 info: [0mGET /folders [36m304[0m 105.416 ms - -[0m
2023-03-26 14:02:43 info: [0mOPTIONS /folders/get-medias [32m204[0m 0.604 ms - 0[0m
2023-03-26 14:02:43 info: [0mPOST /folders/get-medias [32m200[0m 30.700 ms - 679[0m
2023-03-26 14:02:43 info: [0mGET /folders [36m304[0m 35.851 ms - -[0m
2023-03-26 14:03:16 info: [0mOPTIONS /folders/get-medias [32m204[0m 0.293 ms - 0[0m
2023-03-26 14:03:16 info: [0mPOST /folders/get-medias [32m200[0m 72.530 ms - 679[0m
2023-03-26 14:03:16 info: [0mGET /folders [36m304[0m 106.710 ms - -[0m
2023-03-26 14:03:21 info: [0mOPTIONS /folders/get-medias [32m204[0m 0.274 ms - 0[0m
2023-03-26 14:03:21 info: [0mGET /folders [36m304[0m 33.396 ms - -[0m
2023-03-26 14:03:21 info: [0mPOST /folders/get-medias [32m200[0m 15.863 ms - 679[0m
2023-03-26 14:03:24 info: [0mPOST /folders/get-medias [32m200[0m 9.197 ms - 679[0m
2023-03-26 14:03:24 info: [0mGET /folders [36m304[0m 26.358 ms - -[0m
2023-03-26 14:03:28 info: [0mOPTIONS /folders/get-medias [32m204[0m 0.615 ms - 0[0m
2023-03-26 14:03:28 info: [0mPOST /folders/get-medias [32m200[0m 32.085 ms - 679[0m
2023-03-26 14:03:28 info: [0mGET /folders [36m304[0m 89.256 ms - -[0m
2023-03-26 14:03:30 info: [0mPOST /medias/create [0m-[0m - ms - -[0m
2023-03-26 14:03:30 info: [0mPOST /medias/create [0m-[0m - ms - -[0m
2023-03-26 14:03:30 info: [0mPOST /medias/create [0m-[0m - ms - -[0m
2023-03-26 14:03:30 info: [0mPOST /medias/create [0m-[0m - ms - -[0m
2023-03-26 14:03:33 info: [0mOPTIONS /folders/get-medias [32m204[0m 0.551 ms - 0[0m
2023-03-26 14:03:33 info: [0mPOST /folders/get-medias [32m200[0m 168.830 ms - 679[0m
2023-03-26 14:03:33 info: [0mGET /folders [36m304[0m 149.637 ms - -[0m
2023-03-26 14:03:52 info: [0mOPTIONS /folders/get-medias [32m204[0m 0.250 ms - 0[0m
2023-03-26 14:03:52 info: [0mPOST /folders/get-medias [32m200[0m 32.356 ms - 679[0m
2023-03-26 14:03:52 info: [0mGET /folders [36m304[0m 52.781 ms - -[0m
2023-03-26 14:04:05 info: [0mOPTIONS /folders/get-medias [32m204[0m 0.893 ms - 0[0m
2023-03-26 14:04:05 info: [0mPOST /folders/get-medias [32m200[0m 77.858 ms - 679[0m
2023-03-26 14:04:05 info: [0mGET /folders [36m304[0m 89.389 ms - -[0m
2023-03-26 14:04:15 info: [0mPOST /medias/create [0m-[0m - ms - -[0m
2023-03-26 14:04:15 info: [0mPOST /medias/create [0m-[0m - ms - -[0m
2023-03-26 14:04:15 info: [0mPOST /medias/create [0m-[0m - ms - -[0m
2023-03-26 14:04:17 info: [0mOPTIONS /folders/get-medias [32m204[0m 1.406 ms - 0[0m
2023-03-26 14:04:17 info: [0mPOST /folders/get-medias [32m200[0m 160.493 ms - 679[0m
2023-03-26 14:04:17 info: [0mGET /folders [36m304[0m 155.553 ms - -[0m
2023-03-26 14:05:29 info: [0mOPTIONS /folders/get-medias [32m204[0m 0.308 ms - 0[0m
2023-03-26 14:05:29 info: [0mPOST /folders/get-medias [32m200[0m 119.381 ms - 679[0m
2023-03-26 14:05:29 info: [0mGET /folders [36m304[0m 150.170 ms - -[0m
2023-03-26 14:05:31 info: [0mPOST /folders/get-medias [32m200[0m 46.654 ms - 679[0m
2023-03-26 14:05:31 info: [0mGET /folders [36m304[0m 42.385 ms - -[0m
2023-03-26 14:05:31 info: [0mPOST /medias/create [0m-[0m - ms - -[0m
2023-03-26 14:05:31 info: [0mPOST /medias/create [0m-[0m - ms - -[0m
2023-03-26 14:05:31 info: [0mPOST /medias/create [0m-[0m - ms - -[0m
2023-03-26 14:05:34 info: [0mOPTIONS /folders/get-medias [32m204[0m 0.592 ms - 0[0m
2023-03-26 14:05:34 info: [0mPOST /folders/get-medias [32m200[0m 66.765 ms - 679[0m
2023-03-26 14:05:34 info: [0mGET /folders [36m304[0m 51.752 ms - -[0m
2023-03-26 14:07:43 info: =================================
2023-03-26 14:07:43 info: ======= ENV: development =======
2023-03-26 14:07:43 info: 🚀 App listening on the port 8000
2023-03-26 14:07:43 info: =================================
2023-03-26 14:07:56 info: [0mOPTIONS /folders/get-medias [32m204[0m 34.691 ms - 0[0m
2023-03-26 14:07:57 info: [0mPOST /folders/get-medias [32m200[0m 285.855 ms - 679[0m
2023-03-26 14:07:57 info: [0mGET /folders [36m304[0m 173.821 ms - -[0m
2023-03-26 14:10:48 info: [0mOPTIONS /folders/get-medias [32m204[0m 0.203 ms - 0[0m
2023-03-26 14:10:48 info: [0mPOST /folders/get-medias [32m200[0m 227.267 ms - 679[0m
2023-03-26 14:10:48 info: [0mGET /folders [36m304[0m 291.455 ms - -[0m
2023-03-26 14:11:00 info: [0mOPTIONS /folders/get-medias [32m204[0m 0.413 ms - 0[0m
2023-03-26 14:11:01 info: [0mGET /folders [36m304[0m 218.757 ms - -[0m
2023-03-26 14:11:01 info: [0mPOST /folders/get-medias [32m200[0m 244.384 ms - 679[0m
2023-03-26 14:11:03 info: [0mPOST /folders/get-medias [32m200[0m 23.296 ms - 679[0m
2023-03-26 14:11:03 info: [0mGET /folders [36m304[0m 25.728 ms - -[0m
2023-03-26 14:11:07 info: [0mOPTIONS /folders/get-medias [32m204[0m 2.054 ms - 0[0m
2023-03-26 14:11:07 info: [0mGET /folders [36m304[0m 17.495 ms - -[0m
2023-03-26 14:11:07 info: [0mPOST /folders/get-medias [32m200[0m 14.937 ms - 679[0m
2023-03-26 14:11:10 info: [0mGET /folders [36m304[0m 83.519 ms - -[0m
2023-03-26 14:11:11 info: [0mPOST /folders/get-medias [32m200[0m 171.123 ms - 679[0m
2023-03-26 14:11:24 info: =================================
2023-03-26 14:11:24 info: ======= ENV: development =======
2023-03-26 14:11:24 info: 🚀 App listening on the port 8000
2023-03-26 14:11:24 info: =================================
2023-03-26 14:11:28 info: [0mOPTIONS /folders/get-medias [32m204[0m 5.251 ms - 0[0m
2023-03-26 14:11:28 info: [0mPOST /folders/get-medias [32m200[0m 178.852 ms - 679[0m
2023-03-26 14:11:28 info: [0mGET /folders [36m304[0m 317.483 ms - -[0m
2023-03-26 14:12:20 info: [0mOPTIONS /medias/create [32m204[0m 0.451 ms - 0[0m
2023-03-26 14:12:20 info: [0mOPTIONS /folders/get-medias [32m204[0m 0.159 ms - 0[0m
2023-03-26 14:12:20 info: [0mPOST /folders/get-medias [32m200[0m 83.715 ms - 679[0m
2023-03-26 14:12:20 info: [0mGET /folders [36m304[0m 125.664 ms - -[0m
2023-03-26 14:12:41 info: =================================
2023-03-26 14:12:41 info: ======= ENV: development =======
2023-03-26 14:12:41 info: 🚀 App listening on the port 8000
2023-03-26 14:12:41 info: =================================
2023-03-26 14:12:51 info: [0mOPTIONS /folders/get-medias [32m204[0m 5.730 ms - 0[0m
2023-03-26 14:12:52 info: [0mPOST /folders/get-medias [32m200[0m 412.413 ms - 679[0m
2023-03-26 14:12:52 info: [0mGET /folders [36m304[0m 286.308 ms - -[0m
2023-03-26 14:12:54 info: [0mOPTIONS /medias/create [32m204[0m 0.308 ms - 0[0m
2023-03-26 14:13:00 info: [0mOPTIONS /folders/get-medias [32m204[0m 0.613 ms - 0[0m
2023-03-26 14:13:00 info: [0mPOST /folders/get-medias [32m200[0m 14.297 ms - 355[0m
2023-03-26 14:13:11 info: [0mOPTIONS /medias/create [32m204[0m 47.987 ms - 0[0m
2023-03-26 14:13:13 info: [0mOPTIONS /folders/get-medias [32m204[0m 0.611 ms - 0[0m
2023-03-26 14:13:13 info: [0mPOST /folders/get-medias [32m200[0m 107.310 ms - 31[0m
2023-03-26 14:13:16 info: [0mOPTIONS /medias/create [32m204[0m 0.610 ms - 0[0m
2023-03-26 14:13:31 info: =================================
2023-03-26 14:13:31 info: ======= ENV: development =======
2023-03-26 14:13:31 info: 🚀 App listening on the port 8000
2023-03-26 14:13:31 info: =================================
2023-03-26 14:13:48 info: =================================
2023-03-26 14:13:48 info: ======= ENV: development =======
2023-03-26 14:13:48 info: 🚀 App listening on the port 8000
2023-03-26 14:13:48 info: =================================
2023-03-26 14:19:03 info: =================================
2023-03-26 14:19:03 info: ======= ENV: development =======
2023-03-26 14:19:03 info: 🚀 App listening on the port 8000
2023-03-26 14:19:03 info: =================================
2023-03-26 14:20:04 info: [0mOPTIONS /folders/get-medias [32m204[0m 3.882 ms - 0[0m
2023-03-26 14:20:05 info: [0mPOST /folders/get-medias [32m200[0m 253.544 ms - 679[0m
2023-03-26 14:20:05 info: [0mGET /folders [36m304[0m 178.461 ms - -[0m
2023-03-26 14:20:10 info: [0mOPTIONS /medias/create [32m204[0m 5.741 ms - 0[0m
2023-03-26 14:20:45 info: =================================
2023-03-26 14:20:45 info: ======= ENV: development =======
2023-03-26 14:20:45 info: 🚀 App listening on the port 8000
2023-03-26 14:20:45 info: =================================
2023-03-26 14:21:11 info: [0mOPTIONS /medias/create [32m204[0m 3.433 ms - 0[0m
2023-03-26 14:21:17 info: [0mOPTIONS /medias/create [32m204[0m 36.415 ms - 0[0m
2023-03-26 14:22:13 info: [0mOPTIONS /medias/create [32m204[0m 0.326 ms - 0[0m
2023-03-26 14:22:13 info: [0mOPTIONS /folders/get-medias [32m204[0m 0.169 ms - 0[0m
2023-03-26 14:22:13 info: [0mGET /folders [36m304[0m 337.410 ms - -[0m
2023-03-26 14:22:13 info: [0mPOST /folders/get-medias [32m200[0m 328.780 ms - 679[0m
2023-03-26 14:22:24 info: [0mOPTIONS /folders/get-medias [32m204[0m 0.248 ms - 0[0m
2023-03-26 14:22:24 info: [0mGET /folders [36m304[0m 114.275 ms - -[0m
2023-03-26 14:22:25 info: [0mPOST /folders/get-medias [32m200[0m 107.328 ms - 679[0m
2023-03-26 14:22:25 info: [0mPOST /medias/create [32m200[0m 436.751 ms - 31[0m
2023-03-26 14:22:25 info: [0mPOST /folders/get-medias [32m200[0m 4.922 ms - 679[0m
2023-03-26 14:22:27 info: [0mPOST /medias/create [32m200[0m 232.406 ms - 31[0m
2023-03-26 14:22:28 info: [0mPOST /folders/get-medias [32m200[0m 5.495 ms - 679[0m
2023-03-26 14:22:34 info: [0mPOST /medias/create [32m200[0m 140.761 ms - 31[0m
2023-03-26 14:22:34 info: [0mOPTIONS /folders/get-medias [32m204[0m 0.393 ms - 0[0m
2023-03-26 14:22:34 info: [0mPOST /folders/get-medias [32m200[0m 4.724 ms - 679[0m
2023-03-26 14:22:54 info: =================================
2023-03-26 14:22:54 info: ======= ENV: development =======
2023-03-26 14:22:54 info: 🚀 App listening on the port 8000
2023-03-26 14:22:54 info: =================================
2023-03-26 14:22:57 info: [0mPOST /medias/create [32m200[0m 239.656 ms - 31[0m
2023-03-26 14:22:57 info: [0mOPTIONS /folders/get-medias [32m204[0m 0.706 ms - 0[0m
2023-03-26 14:22:58 info: [0mPOST /folders/get-medias [32m200[0m 85.134 ms - 679[0m
2023-03-26 14:23:26 info: =================================
2023-03-26 14:23:26 info: ======= ENV: development =======
2023-03-26 14:23:26 info: 🚀 App listening on the port 8000
2023-03-26 14:23:26 info: =================================
2023-03-26 14:23:51 info: [0mOPTIONS /folders/get-medias [32m204[0m 7.651 ms - 0[0m
2023-03-26 14:23:52 info: [0mPOST /folders/get-medias [32m200[0m 637.163 ms - 679[0m
2023-03-26 14:23:52 info: [0mGET /folders [36m304[0m 295.490 ms - -[0m
2023-03-26 14:24:01 info: =================================
2023-03-26 14:24:01 info: ======= ENV: development =======
2023-03-26 14:24:01 info: 🚀 App listening on the port 8000
2023-03-26 14:24:01 info: =================================
2023-03-26 14:24:06 info: [0mPOST /medias/create [32m200[0m 273.036 ms - 31[0m
2023-03-26 14:24:06 info: [0mOPTIONS /folders/get-medias [32m204[0m 0.395 ms - 0[0m
2023-03-26 14:24:06 info: [0mPOST /folders/get-medias [32m200[0m 68.272 ms - 679[0m
2023-03-26 14:24:32 info: =================================
2023-03-26 14:24:32 info: ======= ENV: development =======
2023-03-26 14:24:32 info: 🚀 App listening on the port 8000
2023-03-26 14:24:32 info: =================================
2023-03-26 14:24:49 info: =================================
2023-03-26 14:24:49 info: ======= ENV: development =======
2023-03-26 14:24:49 info: 🚀 App listening on the port 8000
2023-03-26 14:24:49 info: =================================
2023-03-26 14:24:54 info: [0mPOST /medias/create [32m200[0m 203.887 ms - 31[0m
2023-03-26 14:24:54 info: [0mOPTIONS /folders/get-medias [32m204[0m 0.640 ms - 0[0m
2023-03-26 14:24:54 info: [0mPOST /folders/get-medias [32m200[0m 90.274 ms - 679[0m
2023-03-26 14:25:31 info: [0mPOST /medias/create [32m200[0m 193.397 ms - 31[0m
2023-03-26 14:25:31 info: [0mOPTIONS /folders/get-medias [32m204[0m 0.311 ms - 0[0m
2023-03-26 14:25:31 info: [0mPOST /folders/get-medias [32m200[0m 6.128 ms - 679[0m
2023-03-26 14:26:06 info: =================================
2023-03-26 14:26:06 info: ======= ENV: development =======
2023-03-26 14:26:06 info: 🚀 App listening on the port 8000
2023-03-26 14:26:06 info: =================================
2023-03-26 14:26:28 info: [0mOPTIONS /folders/get-medias [32m204[0m 1.047 ms - 0[0m
2023-03-26 14:26:28 info: [0mPOST /folders/get-medias [32m200[0m 237.139 ms - 679[0m
2023-03-26 14:26:28 info: [0mGET /folders [36m304[0m 309.169 ms - -[0m
2023-03-26 14:26:31 info: [0mPOST /medias/create [32m200[0m 30.909 ms - 31[0m
2023-03-26 14:26:31 info: [0mPOST /folders/get-medias [32m200[0m 6.153 ms - 679[0m
2023-03-26 14:27:31 info: =================================
2023-03-26 14:27:31 info: ======= ENV: development =======
2023-03-26 14:27:31 info: 🚀 App listening on the port 8000
2023-03-26 14:27:31 info: =================================
2023-03-26 14:27:34 info: [0mOPTIONS /folders/get-medias [32m204[0m 2.556 ms - 0[0m
2023-03-26 14:27:34 info: [0mPOST /folders/get-medias [32m200[0m 142.097 ms - 679[0m
2023-03-26 14:27:34 info: [0mGET /folders [36m304[0m 241.522 ms - -[0m
2023-03-26 14:27:37 info: [0mPOST /medias/create [32m200[0m 66.053 ms - 31[0m
2023-03-26 14:27:37 info: [0mPOST /folders/get-medias [32m200[0m 4.117 ms - 1002[0m
2023-03-26 14:27:43 info: [0mOPTIONS /folders/get-medias [32m204[0m 0.202 ms - 0[0m
2023-03-26 14:27:43 info: [0mPOST /folders/get-medias [32m200[0m 6.256 ms - 31[0m
2023-03-26 14:27:45 info: [0mPOST /medias/create [32m200[0m 44.670 ms - 31[0m
2023-03-26 14:27:45 info: [0mPOST /folders/get-medias [32m200[0m 4.647 ms - 353[0m
2023-03-26 14:27:50 info: [0mOPTIONS /folders/get-medias [32m204[0m 0.316 ms - 0[0m
2023-03-26 14:27:50 info: [0mPOST /folders/get-medias [32m200[0m 2.754 ms - 1002[0m
2023-03-26 14:27:50 info: [0mPOST /folders/get-medias [32m200[0m 3.510 ms - 353[0m
2023-03-26 14:28:01 info: [0mPOST /medias/create [32m200[0m 63.448 ms - 31[0m
2023-03-26 14:28:01 info: [0mOPTIONS /folders/get-medias [32m204[0m 0.239 ms - 0[0m
2023-03-26 14:28:01 info: [0mPOST /folders/get-medias [32m200[0m 4.312 ms - 676[0m
2023-03-26 14:28:40 info: =================================
2023-03-26 14:28:40 info: ======= ENV: development =======
2023-03-26 14:28:40 info: 🚀 App listening on the port 8000
2023-03-26 14:28:40 info: =================================
2023-03-26 14:28:46 info: =================================
2023-03-26 14:28:46 info: ======= ENV: development =======
2023-03-26 14:28:46 info: 🚀 App listening on the port 8000
2023-03-26 14:28:46 info: =================================
2023-03-26 14:28:46 info: [0mOPTIONS /folders/get-medias [32m204[0m 2.666 ms - 0[0m
2023-03-26 14:28:47 info: [0mPOST /folders/get-medias [32m200[0m 63.696 ms - 1002[0m
2023-03-26 14:28:47 info: [0mGET /folders [36m304[0m 111.706 ms - -[0m
2023-03-26 14:28:48 info: [0mPOST /folders/get-medias [32m200[0m 5.318 ms - 676[0m
2023-03-26 14:28:49 info: [0mPOST /folders/get-medias [32m200[0m 2.881 ms - 355[0m
2023-03-26 14:28:50 info: [0mPOST /folders/get-medias [32m200[0m 2.469 ms - 31[0m
2023-03-26 14:28:53 info: [0mPOST /medias/create [32m200[0m 92.560 ms - 31[0m
2023-03-26 14:28:53 info: [0mOPTIONS /folders/get-medias [32m204[0m 0.273 ms - 0[0m
2023-03-26 14:28:53 info: [0mPOST /folders/get-medias [32m200[0m 7.396 ms - -[0m
2023-03-26 14:28:55 info: [0mPOST /folders/get-medias [32m200[0m 5.909 ms - 355[0m
2023-03-26 14:28:56 info: [0mPOST /folders/get-medias [32m200[0m 4.957 ms - 676[0m
2023-03-26 14:28:57 info: [0mPOST /folders/get-medias [32m200[0m 3.935 ms - 1002[0m
2023-03-26 14:28:57 info: [0mPOST /folders/get-medias [32m200[0m 3.606 ms - 676[0m
2023-03-26 14:28:58 info: [0mPOST /folders/get-medias [32m200[0m 3.304 ms - 355[0m
2023-03-26 14:28:58 info: [0mOPTIONS /folders/get-medias [32m204[0m 0.297 ms - 0[0m
2023-03-26 14:28:58 info: [0mPOST /folders/get-medias [32m200[0m 4.540 ms - -[0m
2023-03-26 14:29:01 info: [0mOPTIONS /medias/delete/48 [32m204[0m 0.158 ms - 0[0m
2023-03-26 14:29:01 info: [0mDELETE /medias/delete/48 [32m200[0m 4.655 ms - 30[0m
2023-03-26 14:29:01 info: [0mPOST /folders/get-medias [32m200[0m 6.841 ms - -[0m
2023-03-26 14:29:03 info: [0mOPTIONS /medias/delete/47 [32m204[0m 0.143 ms - 0[0m
2023-03-26 14:29:03 info: [0mDELETE /medias/delete/47 [32m200[0m 3.803 ms - 30[0m
2023-03-26 14:29:03 info: [0mOPTIONS /folders/get-medias [32m204[0m 0.140 ms - 0[0m
2023-03-26 14:29:03 info: [0mPOST /folders/get-medias [32m200[0m 6.638 ms - -[0m
2023-03-26 14:29:05 info: [0mOPTIONS /medias/delete/49 [32m204[0m 0.144 ms - 0[0m
2023-03-26 14:29:05 info: [0mDELETE /medias/delete/49 [32m200[0m 2.154 ms - 30[0m
2023-03-26 14:29:05 info: [0mPOST /folders/get-medias [32m200[0m 4.640 ms - -[0m
2023-03-26 14:29:06 info: [0mOPTIONS /medias/delete/43 [32m204[0m 0.141 ms - 0[0m
2023-03-26 14:29:06 info: [0mDELETE /medias/delete/43 [32m200[0m 3.923 ms - 30[0m
2023-03-26 14:29:06 info: [0mPOST /folders/get-medias [32m200[0m 5.957 ms - -[0m
2023-03-26 14:29:07 info: [0mPOST /folders/get-medias [32m200[0m 10.806 ms - 1002[0m
2023-03-26 14:29:07 info: [0mPOST /folders/get-medias [32m200[0m 2.866 ms - 676[0m
2023-03-26 14:29:07 info: [0mPOST /folders/get-medias [32m200[0m 2.914 ms - 355[0m
