2023-04-01 02:02:51 info: =================================
2023-04-01 02:02:51 info: ======= ENV: development =======
2023-04-01 02:02:51 info: 🚀 App listening on the port 8000
2023-04-01 02:02:51 info: =================================
2023-04-01 02:04:29 info: [0mOPTIONS /folders/get-medias [32m204[0m 1.170 ms - 0[0m
2023-04-01 02:04:29 info: [0mPOST /folders/get-medias [32m200[0m 362.473 ms - 31[0m
2023-04-01 02:04:29 info: [0mGET /folders [36m304[0m 429.322 ms - -[0m
2023-04-01 02:04:36 info: [0mOPTIONS /folders/get-medias [32m204[0m 0.171 ms - 0[0m
2023-04-01 02:04:36 info: [0mPOST /folders/get-medias [32m200[0m 20.054 ms - 31[0m
2023-04-01 02:04:39 info: [0mPOST /folders/get-medias [32m200[0m 9.633 ms - 309[0m
2023-04-01 02:04:40 info: [0mPOST /folders/get-medias [32m200[0m 2.832 ms - 31[0m
2023-04-01 02:04:41 info: [0mPOST /folders/get-medias [32m200[0m 3.691 ms - 309[0m
2023-04-01 02:04:50 info: [0mOPTIONS /folders/get-medias [32m204[0m 0.314 ms - 0[0m
2023-04-01 02:04:50 info: [0mPOST /folders/get-medias [32m200[0m 5.354 ms - 31[0m
2023-04-01 02:04:52 info: [0mPOST /folders/get-medias [32m200[0m 3.445 ms - 309[0m
2023-04-01 02:04:53 info: [0mPOST /folders/get-medias [32m200[0m 4.565 ms - 31[0m
2023-04-01 02:04:53 info: [0mPOST /folders/get-medias [32m200[0m 5.042 ms - 309[0m
2023-04-01 02:04:54 info: [0mPOST /folders/get-medias [32m200[0m 3.990 ms - 31[0m
2023-04-01 02:04:55 info: [0mGET /posts [36m304[0m 54.174 ms - -[0m
2023-04-01 02:25:19 info: [0mGET /posts [36m304[0m 955.815 ms - -[0m
2023-04-01 02:39:09 info: [0mGET /posts [36m304[0m 239.526 ms - -[0m
2023-04-01 02:39:22 info: [0mGET /posts [36m304[0m 122.498 ms - -[0m
2023-04-01 02:46:12 info: [0mGET /posts [36m304[0m 144.909 ms - -[0m
2023-04-01 02:46:28 info: [0mGET /posts [36m304[0m 69.195 ms - -[0m
2023-04-01 02:50:58 info: [0mGET /posts [36m304[0m 200.545 ms - -[0m
2023-04-01 02:52:42 info: [0mGET /posts [36m304[0m 114.558 ms - -[0m
2023-04-01 02:54:40 info: [0mGET /projects? [32m200[0m 101.700 ms - 92[0m
2023-04-01 02:54:43 info: [0mGET /posts [36m304[0m 105.092 ms - -[0m
2023-04-01 02:58:36 info: [0mGET /posts [36m304[0m 180.352 ms - -[0m
2023-04-01 02:58:51 info: [0mGET /posts [36m304[0m 69.963 ms - -[0m
2023-04-01 02:59:23 info: [0mGET /projects? [36m304[0m 224.627 ms - -[0m
2023-04-01 02:59:31 info: [0mOPTIONS /folders/get-medias [32m204[0m 1.242 ms - 0[0m
2023-04-01 02:59:31 info: [0mPOST /folders/get-medias [32m200[0m 69.291 ms - 31[0m
2023-04-01 02:59:31 info: [0mGET /folders [36m304[0m 76.526 ms - -[0m
2023-04-01 02:59:35 info: [0mPOST /folders/get-medias [32m200[0m 43.592 ms - 31[0m
2023-04-01 02:59:35 info: [0mGET /folders [36m304[0m 47.579 ms - -[0m
2023-04-01 02:59:37 info: [0mGET /projects? [36m304[0m 80.430 ms - -[0m
2023-04-01 02:59:43 info: [0mGET /posts [36m304[0m 38.038 ms - -[0m
2023-04-01 02:59:49 info: [0mGET /posts/show/1 [32m200[0m 41.303 ms - 164[0m
2023-04-01 02:59:52 info: [0mGET /posts/show/1 [36m304[0m 10.747 ms - -[0m
2023-04-01 02:59:52 info: [0mGET /posts [36m304[0m 13.510 ms - -[0m
2023-04-01 02:59:55 info: [0mGET /posts/show/2 [32m200[0m 16.297 ms - 164[0m
2023-04-01 02:59:59 info: [0mGET /posts/show/2 [36m304[0m 17.394 ms - -[0m
2023-04-01 03:00:27 info: [0mGET /posts/show/2 [36m304[0m 23.789 ms - -[0m
2023-04-01 03:00:32 info: [0mGET /posts/show/2 [36m304[0m 15.143 ms - -[0m
2023-04-01 03:01:53 info: =================================
2023-04-01 03:01:53 info: ======= ENV: development =======
2023-04-01 03:01:53 info: 🚀 App listening on the port 8000
2023-04-01 03:01:53 info: =================================
2023-04-01 03:01:57 info: [0mGET /posts [36m304[0m 235.649 ms - -[0m
2023-04-01 03:02:19 info: [0mGET /projects? [36m304[0m 122.908 ms - -[0m
2023-04-01 03:02:44 info: [0mGET /projects? [36m304[0m 98.501 ms - -[0m
2023-04-01 03:03:21 info: =================================
2023-04-01 03:03:21 info: ======= ENV: development =======
2023-04-01 03:03:21 info: 🚀 App listening on the port 8000
2023-04-01 03:03:21 info: =================================
2023-04-01 03:03:30 info: =================================
2023-04-01 03:03:30 info: ======= ENV: development =======
2023-04-01 03:03:30 info: 🚀 App listening on the port 8000
2023-04-01 03:03:30 info: =================================
2023-04-01 03:03:37 info: =================================
2023-04-01 03:03:37 info: ======= ENV: development =======
2023-04-01 03:03:37 info: 🚀 App listening on the port 8000
2023-04-01 03:03:37 info: =================================
2023-04-01 03:03:42 info: [0mGET /projects? [36m304[0m 172.381 ms - -[0m
2023-04-01 03:03:49 info: [0mGET /projects? [36m304[0m 28.373 ms - -[0m
2023-04-01 03:04:13 info: [0mGET /projects? [36m304[0m 110.168 ms - -[0m
2023-04-01 03:04:19 info: [0mGET /projects? [36m304[0m 89.132 ms - -[0m
2023-04-01 03:12:01 info: [0mGET /projects? [36m304[0m 398.902 ms - -[0m
2023-04-01 03:13:05 info: [0mGET /posts [36m304[0m 106.042 ms - -[0m
2023-04-01 03:13:07 info: [0mGET /projects? [36m304[0m 51.391 ms - -[0m
2023-04-01 03:13:24 info: [0mGET /posts [36m304[0m 145.455 ms - -[0m
2023-04-01 03:13:26 info: [0mGET /projects? [36m304[0m 28.644 ms - -[0m
2023-04-01 03:14:39 info: [0mGET /projects? [36m304[0m 142.069 ms - -[0m
2023-04-01 03:16:58 info: =================================
2023-04-01 03:16:58 info: ======= ENV: development =======
2023-04-01 03:16:58 info: 🚀 App listening on the port 8000
2023-04-01 03:16:58 info: =================================
2023-04-01 03:17:02 info: [0mGET /projects? [36m304[0m 368.147 ms - -[0m
2023-04-01 03:17:52 info: [0mGET /projects? [36m304[0m 146.374 ms - -[0m
2023-04-01 03:18:24 info: =================================
2023-04-01 03:18:24 info: ======= ENV: development =======
2023-04-01 03:18:24 info: 🚀 App listening on the port 8000
2023-04-01 03:18:24 info: =================================
2023-04-01 03:18:33 info: =================================
2023-04-01 03:18:33 info: ======= ENV: development =======
2023-04-01 03:18:33 info: 🚀 App listening on the port 8000
2023-04-01 03:18:33 info: =================================
2023-04-01 03:18:38 info: [0mGET /projects? [36m304[0m 268.629 ms - -[0m
2023-04-01 03:18:55 info: =================================
2023-04-01 03:18:55 info: ======= ENV: development =======
2023-04-01 03:18:55 info: 🚀 App listening on the port 8000
2023-04-01 03:18:55 info: =================================
2023-04-01 03:18:57 info: [0mGET /projects? [36m304[0m 280.370 ms - -[0m
2023-04-01 03:19:15 info: =================================
2023-04-01 03:19:15 info: ======= ENV: development =======
2023-04-01 03:19:15 info: 🚀 App listening on the port 8000
2023-04-01 03:19:15 info: =================================
2023-04-01 03:20:28 info: =================================
2023-04-01 03:20:28 info: ======= ENV: development =======
2023-04-01 03:20:28 info: 🚀 App listening on the port 8000
2023-04-01 03:20:28 info: =================================
2023-04-01 03:20:33 info: [0mGET /projects? [36m304[0m 227.784 ms - -[0m
2023-04-01 03:21:15 info: [0mGET /projects? [36m304[0m 255.509 ms - -[0m
2023-04-01 03:22:10 info: [0mGET /projects? [36m304[0m 362.426 ms - -[0m
2023-04-01 03:22:30 info: [0mGET /projects? [36m304[0m 206.262 ms - -[0m
2023-04-01 03:26:39 info: [0mGET /projects? [36m304[0m 97.758 ms - -[0m
2023-04-01 03:26:43 info: [0mGET /projects? [36m304[0m 24.988 ms - -[0m
2023-04-01 03:27:32 info: [0mGET /projects? [36m304[0m 88.593 ms - -[0m
2023-04-01 03:27:40 info: [0mGET /projects? [36m304[0m 101.678 ms - -[0m
2023-04-01 03:29:54 info: [0mGET /projects? [36m304[0m 73.852 ms - -[0m
2023-04-01 03:40:27 info: [0mGET /projects? [36m304[0m 425.441 ms - -[0m
2023-04-01 03:40:45 info: [0mGET /projects? [36m304[0m 118.418 ms - -[0m
2023-04-01 03:41:06 info: [0mGET /projects? [36m304[0m 72.972 ms - -[0m
2023-04-01 03:41:14 info: [0mGET /projects? [36m304[0m 88.299 ms - -[0m
2023-04-01 03:42:47 info: [0mGET /posts [36m304[0m 135.854 ms - -[0m
2023-04-01 03:44:23 info: [0mGET /posts [36m304[0m 152.051 ms - -[0m
2023-04-01 03:48:35 info: [0mGET /posts [36m304[0m 99.874 ms - -[0m
2023-04-01 03:48:42 info: [0mGET /posts [36m304[0m 87.794 ms - -[0m
2023-04-01 03:48:45 info: [0mGET /projects? [36m304[0m 97.241 ms - -[0m
2023-04-01 03:48:49 info: [0mGET /projects? [36m304[0m 149.506 ms - -[0m
2023-04-01 03:49:05 info: [0mGET /projects? [36m304[0m 455.778 ms - -[0m
2023-04-01 03:49:13 info: [0mGET /projects? [36m304[0m 198.233 ms - -[0m
2023-04-01 03:49:18 info: [0mGET /projects? [36m304[0m 47.913 ms - -[0m
2023-04-01 03:49:22 info: [0mGET /projects? [36m304[0m 91.029 ms - -[0m
2023-04-01 03:49:29 info: [0mOPTIONS /projects/create [32m204[0m 4.397 ms - 0[0m
2023-04-01 03:49:29 info: [0mPOST /projects/create [32m200[0m 189.110 ms - 256[0m
2023-04-01 03:49:29 info: [0mGET /projects? [32m200[0m 14.032 ms - 263[0m
2023-04-01 03:49:38 info: [0mGET /projects? [36m304[0m 86.248 ms - -[0m
2023-04-01 03:49:43 info: [0mGET /projects? [36m304[0m 93.200 ms - -[0m
2023-04-01 03:52:25 info: [0mGET /projects? [36m304[0m 159.514 ms - -[0m
2023-04-01 03:52:46 info: [0mGET /projects? [36m304[0m 52.724 ms - -[0m
2023-04-01 03:53:14 info: [0mGET /projects? [36m304[0m 203.210 ms - -[0m
2023-04-01 03:53:27 info: [0mGET /projects? [36m304[0m 78.583 ms - -[0m
2023-04-01 03:53:43 info: [0mGET /projects? [36m304[0m 89.472 ms - -[0m
2023-04-01 03:53:51 info: [0mGET /projects? [36m304[0m 75.535 ms - -[0m
2023-04-01 03:54:18 info: [0mGET /projects? [36m304[0m 130.411 ms - -[0m
