2023-07-23 19:46:02 info: =================================
2023-07-23 19:46:02 info: ======= ENV: development =======
2023-07-23 19:46:02 info: 🚀 App listening on the port 8000
2023-07-23 19:46:02 info: =================================
2023-07-23 19:46:23 info: [0mGET /banners/getListBanner [32m200[0m 791.366 ms - 3100[0m
2023-07-23 19:46:23 info: [0mGET /services/nav [32m200[0m 786.514 ms - 1934[0m
2023-07-23 19:46:23 info: [0mGET /posts/getListFeatured [32m200[0m 1034.280 ms - 4011[0m
2023-07-23 19:46:26 info: [0mGET /services/nav [32m200[0m 194.996 ms - -[0m
2023-07-23 19:46:43 info: [0mGET /categories/getListCategories [32m200[0m 31.049 ms - 441[0m
2023-07-23 19:46:43 info: [0mGET /posts/getPageAll [32m200[0m 305.234 ms - 10136[0m
2023-07-23 19:46:48 info: [0mGET /banners/getListBanner [32m200[0m 152.296 ms - 3100[0m
2023-07-23 19:46:48 info: [0mGET /services/nav [32m200[0m 193.271 ms - 1934[0m
2023-07-23 19:46:48 info: [0mGET /posts/getListFeatured [32m200[0m 223.441 ms - 4011[0m
2023-07-23 19:47:05 info: [0mGET /jobs/getListFeatured [32m200[0m 38.902 ms - -[0m
2023-07-23 19:47:06 info: [0mGET /categories/getListCategories [32m200[0m 94.203 ms - 441[0m
2023-07-23 19:47:07 info: [0mGET /posts/getPageAll [32m200[0m 313.724 ms - 10136[0m
2023-07-23 19:47:30 info: [0mGET /ceos/getlistCeo [32m200[0m 90.819 ms - 536[0m
2023-07-23 19:47:34 info: [0mGET /ceos/show/2 [32m200[0m 39.809 ms - -[0m
2023-07-23 19:47:42 info: [0mGET /banners/getListBanner [32m200[0m 35.024 ms - 3100[0m
2023-07-23 19:47:43 info: [0mGET /services/nav [32m200[0m 62.239 ms - 1934[0m
2023-07-23 19:47:43 info: [0mGET /posts/getListFeatured [32m200[0m 98.505 ms - 4011[0m
2023-07-23 19:54:14 info: [0mGET /posts/getListFeatured [32m200[0m 560.916 ms - 26[0m
2023-07-23 19:54:14 info: [0mGET /banners/getListBanner [32m200[0m 657.723 ms - 3100[0m
2023-07-23 19:54:14 info: [0mGET /services/nav [32m200[0m 570.262 ms - 1882[0m
2023-07-23 19:54:17 info: [0mGET /services/nav [32m200[0m 105.113 ms - -[0m
2023-07-23 19:54:20 info: [0mGET /categories/getListCategories [32m200[0m 100.063 ms - 441[0m
2023-07-23 19:54:21 info: [0mGET /posts/getPageAll [32m200[0m 221.088 ms - 1060[0m
2023-07-23 19:55:56 info: [0mGET /categories/getListCategories [32m200[0m 156.690 ms - 430[0m
2023-07-23 19:56:11 info: [0mGET /posts/getPageAll [32m200[0m 92.340 ms - 853[0m
2023-07-23 20:00:43 info: [0mGET /categories/getListCategories [32m200[0m 282.653 ms - 441[0m
2023-07-23 20:00:43 info: [0mGET /categories/getListCategories [32m200[0m 246.373 ms - 441[0m
2023-07-23 20:00:44 info: [0mGET /posts/getPageAll [32m200[0m 297.069 ms - 1060[0m
2023-07-23 20:00:44 info: [0mGET /posts/getPageAll [32m200[0m 327.888 ms - 1060[0m
2023-07-23 20:00:47 info: [0mGET /services/nav [36m304[0m 180.768 ms - -[0m
2023-07-23 20:01:19 info: [0mGET /services/nav [36m304[0m 82.234 ms - -[0m
2023-07-23 20:02:17 info: [0mGET /categories/getListCategories [32m200[0m 22.612 ms - 441[0m
2023-07-23 20:02:17 info: [0mGET /posts/getPageAll [32m200[0m 146.762 ms - 1060[0m
2023-07-23 20:02:20 info: [0mGET /services/nav [36m304[0m 166.194 ms - -[0m
2023-07-23 20:02:24 info: [0mGET /categories/getListCategories [32m200[0m 18.379 ms - 441[0m
2023-07-23 20:02:24 info: [0mGET /posts/getPageAll [32m200[0m 56.066 ms - 1060[0m
2023-07-23 20:02:27 info: [0mGET /services/nav [36m304[0m 86.798 ms - -[0m
2023-07-23 20:02:30 info: [0mGET /posts/getListFeatured [32m200[0m 35.886 ms - 26[0m
2023-07-23 20:02:30 info: [0mGET /banners/getListBanner [32m200[0m 79.583 ms - 3100[0m
2023-07-23 20:02:30 info: [0mGET /services/nav [32m200[0m 52.375 ms - 1882[0m
2023-07-23 20:02:32 info: [0mGET /categories/getListCategories [32m200[0m 26.600 ms - 441[0m
2023-07-23 20:02:32 info: [0mGET /posts/getPageAll [32m200[0m 69.489 ms - 1060[0m
2023-07-23 20:02:35 info: [0mGET /categories/getListCategories [32m200[0m 34.429 ms - 441[0m
2023-07-23 20:02:35 info: [0mGET /posts/category/tin-tuc [32m200[0m 93.051 ms - 886[0m
2023-07-23 20:02:37 info: [0mGET /categories/getListCategories [32m200[0m 29.209 ms - 441[0m
2023-07-23 20:02:37 info: [0mGET /posts/getPageAll [32m200[0m 61.546 ms - 1060[0m
2023-07-23 20:02:47 info: [0mGET /posts/getPageAll [36m304[0m 59.383 ms - -[0m
2023-07-23 20:02:59 info: [0mGET /categories/getListCategories [36m304[0m 34.266 ms - -[0m
2023-07-23 20:02:59 info: [0mGET /posts/category/khac [32m200[0m 156.320 ms - 59[0m
2023-07-23 20:03:55 info: [0mGET /posts/getListFeatured [32m200[0m 19.338 ms - 26[0m
2023-07-23 20:03:55 info: [0mGET /banners/getListBanner [32m200[0m 46.119 ms - 3100[0m
2023-07-23 20:03:55 info: [0mGET /services/nav [32m200[0m 33.393 ms - 1882[0m
2023-07-23 20:04:00 info: [0mGET /services/getListService [32m200[0m 52.195 ms - -[0m
2023-07-23 20:04:00 info: [0mGET /branchs/getListBranch [32m200[0m 82.508 ms - 717[0m
2023-07-23 20:04:00 info: [0mGET /projects/getProjectsClient [32m200[0m 95.077 ms - -[0m
2023-07-23 20:04:03 info: [0mGET /categories/getListCategories [32m200[0m 17.933 ms - 441[0m
2023-07-23 20:04:03 info: [0mGET /posts/getPageAll [32m200[0m 28.374 ms - 1060[0m
2023-07-23 20:04:43 info: [0mGET /posts/getListFeatured [32m200[0m 30.337 ms - 26[0m
2023-07-23 20:04:43 info: [0mGET /banners/getListBanner [32m200[0m 50.478 ms - 3100[0m
2023-07-23 20:04:43 info: [0mGET /services/nav [32m200[0m 48.449 ms - 1882[0m
2023-07-23 20:04:45 info: [0mGET /categories/getListCategories [32m200[0m 44.269 ms - 441[0m
2023-07-23 20:04:45 info: [0mGET /posts/getPageAll [32m200[0m 55.345 ms - 1060[0m
2023-07-23 20:04:57 info: [0mGET /categories/getListCategories [36m304[0m 16.432 ms - -[0m
2023-07-23 20:04:57 info: [0mGET /posts/category/tin-tuc [36m304[0m 63.894 ms - -[0m
2023-07-23 20:05:10 info: [0mGET /posts/getListFeatured [32m200[0m 40.430 ms - 26[0m
2023-07-23 20:05:10 info: [0mGET /banners/getListBanner [32m200[0m 37.610 ms - 3100[0m
2023-07-23 20:05:10 info: [0mGET /services/nav [32m200[0m 38.222 ms - 1882[0m
2023-07-23 20:05:30 info: [0mOPTIONS /admins/login [32m204[0m 1.430 ms - 0[0m
2023-07-23 20:05:30 info: [0mPOST /admins/login [32m200[0m 471.340 ms - -[0m
2023-07-23 20:05:34 info: [0mOPTIONS /admins/profile [32m204[0m 0.592 ms - 0[0m
2023-07-23 20:05:34 info: [0mGET /banners? [32m200[0m 216.561 ms - -[0m
2023-07-23 20:05:34 info: [0mGET /banners?page=1&page_size=10 [32m200[0m 26.004 ms - -[0m
2023-07-23 20:05:34 info: [0mGET /admins/profile [32m200[0m 218.389 ms - 268[0m
2023-07-23 20:05:37 info: [0mGET /services/show/16 [32m200[0m 50.524 ms - -[0m
2023-07-23 20:05:37 info: [0mGET /services/getListService [36m304[0m 97.664 ms - -[0m
2023-07-23 20:05:43 info: [0mOPTIONS /admins/profile [32m204[0m 0.851 ms - 0[0m
2023-07-23 20:05:43 info: [0mGET /services/nav [36m304[0m 70.245 ms - -[0m
2023-07-23 20:05:43 info: [0mGET /admins/profile [36m304[0m 172.167 ms - -[0m
2023-07-23 20:05:45 info: [0mGET /admins/profile [36m304[0m 212.564 ms - -[0m
2023-07-23 20:05:45 info: [0mGET /posts?page=1&page_size=10 [32m200[0m 924.991 ms - -[0m
2023-07-23 20:05:45 info: [0mGET /posts? [32m200[0m 1012.673 ms - -[0m
2023-07-23 20:06:00 info: [0mGET /categories/getListCategories [32m200[0m 42.968 ms - 441[0m
2023-07-23 20:06:00 info: [0mGET /posts/getPageAll [32m200[0m 174.718 ms - 1060[0m
2023-07-23 20:06:04 info: [0mGET /posts/getListFeatured [32m200[0m 68.683 ms - 26[0m
2023-07-23 20:06:04 info: [0mGET /banners/getListBanner [32m200[0m 95.501 ms - 3100[0m
2023-07-23 20:06:04 info: [0mGET /services/nav [32m200[0m 159.053 ms - 1882[0m
2023-07-23 20:06:20 info: [0mGET /categories/getListCategories [32m200[0m 31.048 ms - 441[0m
2023-07-23 20:06:20 info: [0mGET /posts/getPageAll [32m200[0m 72.394 ms - 1060[0m
2023-07-23 20:06:29 info: [0mGET /posts/getPageAll [36m304[0m 49.058 ms - -[0m
2023-07-23 20:06:30 info: [0mGET /posts/findByIdClient/1 [32m200[0m 94.105 ms - 9769[0m
2023-07-23 20:07:50 info: =================================
2023-07-23 20:07:50 info: ======= ENV: development =======
2023-07-23 20:07:50 info: 🚀 App listening on the port 8000
2023-07-23 20:07:50 info: =================================
2023-07-23 20:08:40 info: [0mGET /banners/getListBanner [32m200[0m 506.354 ms - 3100[0m
2023-07-23 20:08:40 info: [0mGET /posts/getListFeatured [32m200[0m 484.054 ms - 26[0m
2023-07-23 20:08:40 info: [0mGET /services/nav [32m200[0m 492.578 ms - 1882[0m
2023-07-23 20:08:46 info: [0mGET /ceos/getlistCeo [32m200[0m 92.584 ms - 536[0m
2023-07-23 20:08:49 info: [0mGET /ceos/show/2 [36m304[0m 60.854 ms - -[0m
2023-07-23 20:08:55 info: [0mGET /services/nav [36m304[0m 136.041 ms - -[0m
2023-07-23 20:08:58 info: [0mGET /categories/getListCategories [32m200[0m 54.042 ms - 441[0m
2023-07-23 20:08:58 info: [0mGET /posts/getPageAll [32m200[0m 254.675 ms - 233[0m
2023-07-23 20:09:03 info: [0mGET /categories/getListCategories [36m304[0m 35.924 ms - -[0m
2023-07-23 20:09:03 info: [0mGET /posts/category/tin-tuc [36m304[0m 68.440 ms - -[0m
2023-07-23 20:09:04 info: [0mGET /categories/getListCategories [32m200[0m 4.767 ms - 441[0m
2023-07-23 20:09:04 info: [0mGET /posts/getPageAll [32m200[0m 38.646 ms - 233[0m
2023-07-23 20:09:05 info: [0mGET /categories/getListCategories [36m304[0m 75.079 ms - -[0m
2023-07-23 20:09:05 info: [0mGET /posts/category/tin-tuc [36m304[0m 93.926 ms - -[0m
2023-07-23 20:09:07 info: [0mGET /posts/category/ban-tin-cong-nghe [32m200[0m 77.278 ms - 715[0m
2023-07-23 20:09:08 info: [0mGET /posts/category/chuyen-doi-so [32m200[0m 30.048 ms - 735[0m
2023-07-23 20:09:47 info: =================================
2023-07-23 20:09:47 info: ======= ENV: development =======
2023-07-23 20:09:47 info: 🚀 App listening on the port 8000
2023-07-23 20:09:47 info: =================================
2023-07-23 20:09:49 info: [0mGET /banners/getListBanner [32m200[0m 173.334 ms - 3100[0m
2023-07-23 20:09:49 info: [0mGET /posts/getListFeatured [32m200[0m 151.399 ms - 26[0m
2023-07-23 20:09:49 info: [0mGET /services/nav [32m200[0m 156.919 ms - 1882[0m
2023-07-23 20:09:52 info: [0mGET /services/getListService [36m304[0m 75.730 ms - -[0m
2023-07-23 20:09:52 info: [0mGET /branchs/getListBranch [36m304[0m 102.566 ms - -[0m
2023-07-23 20:09:52 info: [0mGET /projects/getProjectsClient [36m304[0m 110.128 ms - -[0m
2023-07-23 20:09:53 info: [0mGET /categories/getListCategories [32m200[0m 78.376 ms - 441[0m
2023-07-23 20:09:53 info: [0mGET /posts/getPageAll [32m200[0m 133.215 ms - 233[0m
2023-07-23 20:09:55 info: [0mGET /categories/getListCategories [36m304[0m 38.345 ms - -[0m
2023-07-23 20:09:55 info: [0mGET /posts/category/ban-tin-cong-nghe [32m200[0m 108.843 ms - 59[0m
2023-07-23 20:09:56 info: [0mGET /posts/category/tin-tuc [32m200[0m 29.331 ms - 59[0m
2023-07-23 20:09:57 info: [0mGET /posts/category/chuyen-doi-so [32m200[0m 29.826 ms - 59[0m
2023-07-23 20:09:57 info: [0mGET /posts/category/uxui [32m200[0m 33.517 ms - 59[0m
2023-07-23 20:09:58 info: [0mGET /posts/category/seo [32m200[0m 48.641 ms - 59[0m
2023-07-23 20:09:58 info: [0mGET /posts/category/digital-marketing [32m200[0m 10.741 ms - 59[0m
2023-07-23 20:09:58 info: [0mGET /posts/category/uptech's-sharing [32m200[0m 12.719 ms - 59[0m
