2023-08-27 12:47:12 info: =================================
2023-08-27 12:47:12 info: ======= ENV: development =======
2023-08-27 12:47:12 info: 🚀 App listening on the port 8000
2023-08-27 12:47:12 info: =================================
2023-08-27 12:47:48 info: [0mOPTIONS /admins/login [32m204[0m 3.801 ms - 0[0m
2023-08-27 12:47:49 info: [0mPOST /admins/login [32m200[0m 744.556 ms - -[0m
2023-08-27 12:47:52 info: [0mOPTIONS /admins/profile [32m204[0m 1.137 ms - 0[0m
2023-08-27 12:47:53 info: [0mGET /admins/profile [32m200[0m 584.797 ms - 268[0m
2023-08-27 12:47:53 info: [0mGET /banners?page=1&page_size=10 [32m200[0m 196.886 ms - -[0m
2023-08-27 12:47:53 info: [0mGET /banners? [32m200[0m 555.053 ms - -[0m
2023-08-27 12:47:56 info: [0mGET /admins/profile [36m304[0m 124.861 ms - -[0m
2023-08-27 12:47:56 info: [0mGET /posts?page=1&page_size=10 [32m200[0m 370.499 ms - -[0m
2023-08-27 12:47:56 info: [0mGET /posts? [32m200[0m 574.573 ms - -[0m
2023-08-27 12:49:05 info: [0mGET /banners/getListBanner [32m200[0m 452.099 ms - 1404[0m
2023-08-27 12:49:05 info: [0mGET /banners/getListBanner [32m200[0m 349.934 ms - 1404[0m
2023-08-27 12:49:05 info: [0mGET /services/nav [32m200[0m 358.563 ms - 1603[0m
2023-08-27 12:49:05 info: [0mGET /services/nav [32m200[0m 482.065 ms - 1603[0m
2023-08-27 12:49:05 info: [0mGET /posts/getListFeatured [32m200[0m 622.880 ms - 2380[0m
2023-08-27 12:49:05 info: [0mGET /posts/getListFeatured [32m200[0m 495.978 ms - 2380[0m
2023-08-27 12:49:07 info: [0mOPTIONS /admins/profile [32m204[0m 1.736 ms - 0[0m
2023-08-27 12:49:08 info: [0mGET /admins/profile [36m304[0m 152.141 ms - -[0m
2023-08-27 12:49:08 info: [0mGET /posts/show/13 [32m200[0m 358.905 ms - -[0m
2023-08-27 12:49:09 info: [0mGET /ceos?[object%20Object] [32m200[0m 114.851 ms - 403[0m
2023-08-27 12:49:09 info: [0mGET /categories?[object%20Object] [32m200[0m 133.116 ms - -[0m
2023-08-27 12:49:09 info: [0mGET /posts?[object%20Object] [32m200[0m 322.992 ms - -[0m
2023-08-27 13:00:15 error: {"name":"SequelizeDatabaseError","parent":{"code":"ER_NO_SUCH_TABLE","errno":1146,"sqlState":"42S02","sqlMessage":"Table 'tn-uptech-backend.services' doesn't exist","sql":"SELECT `services`.`id`, `services`.`parent_id`, `services`.`isFeatured`, `services`.`layout_number`, `services`.`thumbnail`, `services`.`ldjson`, `services`.`createdAt`, `services`.`updatedAt`, `image`.`id` AS `image.id`, `image`.`filename` AS `image.filename`, `image`.`disk` AS `image.disk`, `image`.`folder_id` AS `image.folder_id`, `image`.`path` AS `image.path`, `image`.`extension` AS `image.extension`, `image`.`mime` AS `image.mime`, `image`.`size` AS `image.size`, `image`.`width` AS `image.width`, `image`.`height` AS `image.height`, `image`.`alt` AS `image.alt`, `image`.`creator` AS `image.creator`, `image`.`editor` AS `image.editor`, `image`.`createdAt` AS `image.createdAt`, `image`.`updatedAt` AS `image.updatedAt`, `translations`.`id` AS `translations.id`, `translations`.`service_id` AS `translations.service_id`, `translations`.`name` AS `translations.name`, `translations`.`description` AS `translations.description`, `translations`.`section_1` AS `translations.section_1`, `translations`.`section_2` AS `translations.section_2`, `translations`.`section_3` AS `translations.section_3`, `translations`.`section_4` AS `translations.section_4`, `translations`.`section_5` AS `translations.section_5`, `translations`.`locale` AS `translations.locale`, `translations`.`slug` AS `translations.slug`, `translations`.`custom_slug` AS `translations.custom_slug`, `translations`.`meta_title` AS `translations.meta_title`, `translations`.`meta_description` AS `translations.meta_description`, `translations`.`meta_keyword` AS `translations.meta_keyword`, `translations`.`meta_robots` AS `translations.meta_robots`, `translations`.`canonica_link` AS `translations.canonica_link`, `translations`.`meta_image` AS `translations.meta_image`, `translations`.`meta_viewport` AS `translations.meta_viewport`, `children`.`id` AS `children.id`, `children`.`parent_id` AS `children.parent_id`, `children`.`isFeatured` AS `children.isFeatured`, `children`.`layout_number` AS `children.layout_number`, `children`.`thumbnail` AS `children.thumbnail`, `children`.`ldjson` AS `children.ldjson`, `children`.`createdAt` AS `children.createdAt`, `children`.`updatedAt` AS `children.updatedAt`, `children->translations`.`id` AS `children.translations.id`, `children->translations`.`service_id` AS `children.translations.service_id`, `children->translations`.`name` AS `children.translations.name`, `children->translations`.`description` AS `children.translations.description`, `children->translations`.`section_1` AS `children.translations.section_1`, `children->translations`.`section_2` AS `children.translations.section_2`, `children->translations`.`section_3` AS `children.translations.section_3`, `children->translations`.`section_4` AS `children.translations.section_4`, `children->translations`.`section_5` AS `children.translations.section_5`, `children->translations`.`locale` AS `children.translations.locale`, `children->translations`.`slug` AS `children.translations.slug`, `children->translations`.`custom_slug` AS `children.translations.custom_slug`, `children->translations`.`meta_title` AS `children.translations.meta_title`, `children->translations`.`meta_description` AS `children.translations.meta_description`, `children->translations`.`meta_keyword` AS `children.translations.meta_keyword`, `children->translations`.`meta_robots` AS `children.translations.meta_robots`, `children->translations`.`canonica_link` AS `children.translations.canonica_link`, `children->translations`.`meta_image` AS `children.translations.meta_image`, `children->translations`.`meta_viewport` AS `children.translations.meta_viewport`, `children->image`.`id` AS `children.image.id`, `children->image`.`filename` AS `children.image.filename`, `children->image`.`disk` AS `children.image.disk`, `children->image`.`folder_id` AS `children.image.folder_id`, `children->image`.`path` AS `children.image.path`, `children->image`.`extension` AS `children.image.extension`, `children->image`.`mime` AS `children.image.mime`, `children->image`.`size` AS `children.image.size`, `children->image`.`width` AS `children.image.width`, `children->image`.`height` AS `children.image.height`, `children->image`.`alt` AS `children.image.alt`, `children->image`.`creator` AS `children.image.creator`, `children->image`.`editor` AS `children.image.editor`, `children->image`.`createdAt` AS `children.image.createdAt`, `children->image`.`updatedAt` AS `children.image.updatedAt` FROM `services` AS `services` LEFT OUTER JOIN `medias` AS `image` ON `services`.`thumbnail` = `image`.`id` INNER JOIN `service_translation` AS `translations` ON `services`.`id` = `translations`.`service_id` AND `translations`.`locale` = 'vi' LEFT OUTER JOIN ( `services` AS `children` INNER JOIN `service_translation` AS `children->translations` ON `children`.`id` = `children->translations`.`service_id` AND `children->translations`.`locale` = 'vi' LEFT OUTER JOIN `medias` AS `children->image` ON `children`.`thumbnail` = `children->image`.`id` ) ON `services`.`id` = `children`.`parent_id` WHERE `services`.`parent_id` = 0;"},"original":{"code":"ER_NO_SUCH_TABLE","errno":1146,"sqlState":"42S02","sqlMessage":"Table 'tn-uptech-backend.services' doesn't exist","sql":"SELECT `services`.`id`, `services`.`parent_id`, `services`.`isFeatured`, `services`.`layout_number`, `services`.`thumbnail`, `services`.`ldjson`, `services`.`createdAt`, `services`.`updatedAt`, `image`.`id` AS `image.id`, `image`.`filename` AS `image.filename`, `image`.`disk` AS `image.disk`, `image`.`folder_id` AS `image.folder_id`, `image`.`path` AS `image.path`, `image`.`extension` AS `image.extension`, `image`.`mime` AS `image.mime`, `image`.`size` AS `image.size`, `image`.`width` AS `image.width`, `image`.`height` AS `image.height`, `image`.`alt` AS `image.alt`, `image`.`creator` AS `image.creator`, `image`.`editor` AS `image.editor`, `image`.`createdAt` AS `image.createdAt`, `image`.`updatedAt` AS `image.updatedAt`, `translations`.`id` AS `translations.id`, `translations`.`service_id` AS `translations.service_id`, `translations`.`name` AS `translations.name`, `translations`.`description` AS `translations.description`, `translations`.`section_1` AS `translations.section_1`, `translations`.`section_2` AS `translations.section_2`, `translations`.`section_3` AS `translations.section_3`, `translations`.`section_4` AS `translations.section_4`, `translations`.`section_5` AS `translations.section_5`, `translations`.`locale` AS `translations.locale`, `translations`.`slug` AS `translations.slug`, `translations`.`custom_slug` AS `translations.custom_slug`, `translations`.`meta_title` AS `translations.meta_title`, `translations`.`meta_description` AS `translations.meta_description`, `translations`.`meta_keyword` AS `translations.meta_keyword`, `translations`.`meta_robots` AS `translations.meta_robots`, `translations`.`canonica_link` AS `translations.canonica_link`, `translations`.`meta_image` AS `translations.meta_image`, `translations`.`meta_viewport` AS `translations.meta_viewport`, `children`.`id` AS `children.id`, `children`.`parent_id` AS `children.parent_id`, `children`.`isFeatured` AS `children.isFeatured`, `children`.`layout_number` AS `children.layout_number`, `children`.`thumbnail` AS `children.thumbnail`, `children`.`ldjson` AS `children.ldjson`, `children`.`createdAt` AS `children.createdAt`, `children`.`updatedAt` AS `children.updatedAt`, `children->translations`.`id` AS `children.translations.id`, `children->translations`.`service_id` AS `children.translations.service_id`, `children->translations`.`name` AS `children.translations.name`, `children->translations`.`description` AS `children.translations.description`, `children->translations`.`section_1` AS `children.translations.section_1`, `children->translations`.`section_2` AS `children.translations.section_2`, `children->translations`.`section_3` AS `children.translations.section_3`, `children->translations`.`section_4` AS `children.translations.section_4`, `children->translations`.`section_5` AS `children.translations.section_5`, `children->translations`.`locale` AS `children.translations.locale`, `children->translations`.`slug` AS `children.translations.slug`, `children->translations`.`custom_slug` AS `children.translations.custom_slug`, `children->translations`.`meta_title` AS `children.translations.meta_title`, `children->translations`.`meta_description` AS `children.translations.meta_description`, `children->translations`.`meta_keyword` AS `children.translations.meta_keyword`, `children->translations`.`meta_robots` AS `children.translations.meta_robots`, `children->translations`.`canonica_link` AS `children.translations.canonica_link`, `children->translations`.`meta_image` AS `children.translations.meta_image`, `children->translations`.`meta_viewport` AS `children.translations.meta_viewport`, `children->image`.`id` AS `children.image.id`, `children->image`.`filename` AS `children.image.filename`, `children->image`.`disk` AS `children.image.disk`, `children->image`.`folder_id` AS `children.image.folder_id`, `children->image`.`path` AS `children.image.path`, `children->image`.`extension` AS `children.image.extension`, `children->image`.`mime` AS `children.image.mime`, `children->image`.`size` AS `children.image.size`, `children->image`.`width` AS `children.image.width`, `children->image`.`height` AS `children.image.height`, `children->image`.`alt` AS `children.image.alt`, `children->image`.`creator` AS `children.image.creator`, `children->image`.`editor` AS `children.image.editor`, `children->image`.`createdAt` AS `children.image.createdAt`, `children->image`.`updatedAt` AS `children.image.updatedAt` FROM `services` AS `services` LEFT OUTER JOIN `medias` AS `image` ON `services`.`thumbnail` = `image`.`id` INNER JOIN `service_translation` AS `translations` ON `services`.`id` = `translations`.`service_id` AND `translations`.`locale` = 'vi' LEFT OUTER JOIN ( `services` AS `children` INNER JOIN `service_translation` AS `children->translations` ON `children`.`id` = `children->translations`.`service_id` AND `children->translations`.`locale` = 'vi' LEFT OUTER JOIN `medias` AS `children->image` ON `children`.`thumbnail` = `children->image`.`id` ) ON `services`.`id` = `children`.`parent_id` WHERE `services`.`parent_id` = 0;"},"sql":"SELECT `services`.`id`, `services`.`parent_id`, `services`.`isFeatured`, `services`.`layout_number`, `services`.`thumbnail`, `services`.`ldjson`, `services`.`createdAt`, `services`.`updatedAt`, `image`.`id` AS `image.id`, `image`.`filename` AS `image.filename`, `image`.`disk` AS `image.disk`, `image`.`folder_id` AS `image.folder_id`, `image`.`path` AS `image.path`, `image`.`extension` AS `image.extension`, `image`.`mime` AS `image.mime`, `image`.`size` AS `image.size`, `image`.`width` AS `image.width`, `image`.`height` AS `image.height`, `image`.`alt` AS `image.alt`, `image`.`creator` AS `image.creator`, `image`.`editor` AS `image.editor`, `image`.`createdAt` AS `image.createdAt`, `image`.`updatedAt` AS `image.updatedAt`, `translations`.`id` AS `translations.id`, `translations`.`service_id` AS `translations.service_id`, `translations`.`name` AS `translations.name`, `translations`.`description` AS `translations.description`, `translations`.`section_1` AS `translations.section_1`, `translations`.`section_2` AS `translations.section_2`, `translations`.`section_3` AS `translations.section_3`, `translations`.`section_4` AS `translations.section_4`, `translations`.`section_5` AS `translations.section_5`, `translations`.`locale` AS `translations.locale`, `translations`.`slug` AS `translations.slug`, `translations`.`custom_slug` AS `translations.custom_slug`, `translations`.`meta_title` AS `translations.meta_title`, `translations`.`meta_description` AS `translations.meta_description`, `translations`.`meta_keyword` AS `translations.meta_keyword`, `translations`.`meta_robots` AS `translations.meta_robots`, `translations`.`canonica_link` AS `translations.canonica_link`, `translations`.`meta_image` AS `translations.meta_image`, `translations`.`meta_viewport` AS `translations.meta_viewport`, `children`.`id` AS `children.id`, `children`.`parent_id` AS `children.parent_id`, `children`.`isFeatured` AS `children.isFeatured`, `children`.`layout_number` AS `children.layout_number`, `children`.`thumbnail` AS `children.thumbnail`, `children`.`ldjson` AS `children.ldjson`, `children`.`createdAt` AS `children.createdAt`, `children`.`updatedAt` AS `children.updatedAt`, `children->translations`.`id` AS `children.translations.id`, `children->translations`.`service_id` AS `children.translations.service_id`, `children->translations`.`name` AS `children.translations.name`, `children->translations`.`description` AS `children.translations.description`, `children->translations`.`section_1` AS `children.translations.section_1`, `children->translations`.`section_2` AS `children.translations.section_2`, `children->translations`.`section_3` AS `children.translations.section_3`, `children->translations`.`section_4` AS `children.translations.section_4`, `children->translations`.`section_5` AS `children.translations.section_5`, `children->translations`.`locale` AS `children.translations.locale`, `children->translations`.`slug` AS `children.translations.slug`, `children->translations`.`custom_slug` AS `children.translations.custom_slug`, `children->translations`.`meta_title` AS `children.translations.meta_title`, `children->translations`.`meta_description` AS `children.translations.meta_description`, `children->translations`.`meta_keyword` AS `children.translations.meta_keyword`, `children->translations`.`meta_robots` AS `children.translations.meta_robots`, `children->translations`.`canonica_link` AS `children.translations.canonica_link`, `children->translations`.`meta_image` AS `children.translations.meta_image`, `children->translations`.`meta_viewport` AS `children.translations.meta_viewport`, `children->image`.`id` AS `children.image.id`, `children->image`.`filename` AS `children.image.filename`, `children->image`.`disk` AS `children.image.disk`, `children->image`.`folder_id` AS `children.image.folder_id`, `children->image`.`path` AS `children.image.path`, `children->image`.`extension` AS `children.image.extension`, `children->image`.`mime` AS `children.image.mime`, `children->image`.`size` AS `children.image.size`, `children->image`.`width` AS `children.image.width`, `children->image`.`height` AS `children.image.height`, `children->image`.`alt` AS `children.image.alt`, `children->image`.`creator` AS `children.image.creator`, `children->image`.`editor` AS `children.image.editor`, `children->image`.`createdAt` AS `children.image.createdAt`, `children->image`.`updatedAt` AS `children.image.updatedAt` FROM `services` AS `services` LEFT OUTER JOIN `medias` AS `image` ON `services`.`thumbnail` = `image`.`id` INNER JOIN `service_translation` AS `translations` ON `services`.`id` = `translations`.`service_id` AND `translations`.`locale` = 'vi' LEFT OUTER JOIN ( `services` AS `children` INNER JOIN `service_translation` AS `children->translations` ON `children`.`id` = `children->translations`.`service_id` AND `children->translations`.`locale` = 'vi' LEFT OUTER JOIN `medias` AS `children->image` ON `children`.`thumbnail` = `children->image`.`id` ) ON `services`.`id` = `children`.`parent_id` WHERE `services`.`parent_id` = 0;","parameters":{}}
2023-08-27 13:00:15 info: [0mGET /services/nav [32m200[0m 1084.572 ms - 16[0m
2023-08-27 13:06:03 info: [0mOPTIONS /admins/profile [32m204[0m 4.700 ms - 0[0m
2023-08-27 13:06:04 info: [0mGET /admins/profile [33m401[0m 778.516 ms - 39[0m
2023-08-27 13:06:04 info: [0mGET /categories?[object%20Object] [36m304[0m 984.566 ms - -[0m
2023-08-27 13:06:04 info: [0mGET /ceos?[object%20Object] [32m200[0m 743.501 ms - 602[0m
2023-08-27 13:06:05 info: [0mGET /posts/show/13 [32m200[0m 619.203 ms - -[0m
2023-08-27 13:06:05 info: [0mGET /posts?[object%20Object] [32m200[0m 1562.509 ms - -[0m
2023-08-27 13:06:06 info: [0mGET /categories?[object%20Object] [36m304[0m 30.158 ms - -[0m
2023-08-27 13:06:06 info: [0mGET /ceos?[object%20Object] [36m304[0m 37.049 ms - -[0m
2023-08-27 13:06:07 info: [0mGET /posts?[object%20Object] [36m304[0m 287.334 ms - -[0m
2023-08-27 13:06:08 info: [0mOPTIONS /admins/logout [32m204[0m 0.989 ms - 0[0m
2023-08-27 13:06:08 info: [0mPOST /admins/logout [33m401[0m 86.621 ms - 39[0m
2023-08-27 13:06:11 info: [0mGET /posts/show/13 [36m304[0m 120.269 ms - -[0m
2023-08-27 13:06:13 info: [0mOPTIONS /admins/login [32m204[0m 0.329 ms - 0[0m
2023-08-27 13:06:13 info: [0mPOST /admins/login [32m200[0m 81.165 ms - -[0m
2023-08-27 13:06:14 info: [0mOPTIONS /admins/profile [32m204[0m 1.046 ms - 0[0m
2023-08-27 13:06:14 info: [0mGET /admins/profile [36m304[0m 136.684 ms - -[0m
2023-08-27 13:06:14 info: [0mGET /banners? [32m200[0m 79.948 ms - -[0m
2023-08-27 13:06:14 info: [0mGET /banners?page=1&page_size=10 [32m200[0m 22.727 ms - -[0m
2023-08-27 13:06:18 info: [0mGET /admins/profile [36m304[0m 75.696 ms - -[0m
2023-08-27 13:09:25 info: [0mOPTIONS /admins/profile [32m204[0m 5.489 ms - 0[0m
2023-08-27 13:09:26 info: [0mGET /admins/profile [36m304[0m 1226.407 ms - -[0m
2023-08-27 13:09:26 info: [0mGET /posts?page=1&page_size=10 [32m200[0m 1461.160 ms - -[0m
2023-08-27 13:09:26 info: [0mGET /posts? [32m200[0m 1580.472 ms - -[0m
2023-08-27 13:09:39 info: [0mOPTIONS /admins/profile [32m204[0m 1.247 ms - 0[0m
2023-08-27 13:09:39 info: [0mGET /posts/show/15 [32m200[0m 285.035 ms - -[0m
2023-08-27 13:09:39 info: [0mGET /admins/profile [36m304[0m 257.199 ms - -[0m
2023-08-27 13:09:40 info: [0mGET /categories?[object%20Object] [36m304[0m 68.129 ms - -[0m
2023-08-27 13:09:40 info: [0mGET /ceos?[object%20Object] [36m304[0m 108.901 ms - -[0m
2023-08-27 13:09:41 info: [0mGET /posts?[object%20Object] [36m304[0m 801.590 ms - -[0m
2023-08-27 13:09:59 info: [0mGET /banners/getListBanner [32m200[0m 81.683 ms - 3100[0m
2023-08-27 13:09:59 info: [0mGET /services/nav [32m200[0m 137.987 ms - 1888[0m
2023-08-27 13:09:59 info: [0mGET /posts/getListFeatured [32m200[0m 297.655 ms - 5099[0m
2023-08-27 13:10:59 info: [0mGET /banners/getListBanner [32m200[0m 611.243 ms - 3100[0m
2023-08-27 13:10:59 info: [0mGET /services/nav [32m200[0m 352.499 ms - 1888[0m
2023-08-27 13:10:59 info: [0mGET /posts/getListFeatured [32m200[0m 529.990 ms - 5099[0m
2023-08-27 13:11:09 info: [0mOPTIONS /admins/profile [32m204[0m 1.422 ms - 0[0m
2023-08-27 13:11:11 info: [0mGET /categories?[object%20Object] [36m304[0m 994.071 ms - -[0m
2023-08-27 13:11:11 info: [0mGET /ceos?[object%20Object] [36m304[0m 931.886 ms - -[0m
2023-08-27 13:11:11 info: [0mGET /admins/profile [36m304[0m 1297.523 ms - -[0m
2023-08-27 13:11:11 info: [0mGET /posts/show/15 [36m304[0m 349.103 ms - -[0m
2023-08-27 13:11:12 info: [0mGET /posts?[object%20Object] [36m304[0m 1990.297 ms - -[0m
2023-08-27 13:11:12 info: [0mGET /categories?[object%20Object] [36m304[0m 82.679 ms - -[0m
2023-08-27 13:11:12 info: [0mGET /ceos?[object%20Object] [36m304[0m 81.415 ms - -[0m
2023-08-27 13:11:13 info: [0mGET /posts?[object%20Object] [36m304[0m 333.503 ms - -[0m
2023-08-27 13:12:27 info: [0mGET /services/nav [32m200[0m 409.242 ms - -[0m
2023-08-27 13:15:10 info: [0mOPTIONS /admins/profile [32m204[0m 4.840 ms - 0[0m
2023-08-27 13:15:11 info: [0mGET /categories?[object%20Object] [36m304[0m 554.606 ms - -[0m
2023-08-27 13:15:11 info: [0mGET /ceos?[object%20Object] [36m304[0m 513.106 ms - -[0m
2023-08-27 13:15:11 info: [0mGET /admins/profile [36m304[0m 768.647 ms - -[0m
2023-08-27 13:15:11 info: [0mGET /posts/show/15 [36m304[0m 220.224 ms - -[0m
2023-08-27 13:15:12 info: [0mGET /posts?[object%20Object] [36m304[0m 1578.445 ms - -[0m
2023-08-27 13:15:12 info: [0mGET /categories?[object%20Object] [36m304[0m 24.265 ms - -[0m
2023-08-27 13:15:12 info: [0mGET /ceos?[object%20Object] [36m304[0m 29.412 ms - -[0m
2023-08-27 13:15:12 info: [0mGET /posts?[object%20Object] [36m304[0m 391.511 ms - -[0m
2023-08-27 13:17:01 info: [0mOPTIONS /admins/profile [32m204[0m 2.495 ms - 0[0m
2023-08-27 13:17:02 info: [0mGET /ceos?[object%20Object] [36m304[0m 522.469 ms - -[0m
2023-08-27 13:17:02 info: [0mGET /categories?[object%20Object] [36m304[0m 627.805 ms - -[0m
2023-08-27 13:17:02 info: [0mGET /admins/profile [36m304[0m 876.564 ms - -[0m
2023-08-27 13:17:03 info: [0mGET /posts?[object%20Object] [36m304[0m 1424.574 ms - -[0m
2023-08-27 13:17:03 info: [0mGET /posts/show/15 [36m304[0m 340.496 ms - -[0m
2023-08-27 13:17:04 info: [0mGET /categories?[object%20Object] [36m304[0m 62.294 ms - -[0m
2023-08-27 13:17:04 info: [0mGET /ceos?[object%20Object] [36m304[0m 61.664 ms - -[0m
2023-08-27 13:17:05 info: [0mGET /posts?[object%20Object] [36m304[0m 346.740 ms - -[0m
2023-08-27 13:25:35 info: [0mOPTIONS /admins/profile [32m204[0m 83.142 ms - 0[0m
2023-08-27 13:25:37 info: [0mGET /categories?[object%20Object] [36m304[0m 1275.914 ms - -[0m
2023-08-27 13:25:37 info: [0mGET /ceos?[object%20Object] [36m304[0m 1217.202 ms - -[0m
2023-08-27 13:25:37 info: [0mGET /admins/profile [36m304[0m 1555.030 ms - -[0m
2023-08-27 13:25:38 info: [0mGET /posts?[object%20Object] [36m304[0m 2528.105 ms - -[0m
2023-08-27 13:25:42 info: [0mOPTIONS /admins/profile [32m204[0m 1.176 ms - 0[0m
2023-08-27 13:25:42 info: [0mGET /categories?[object%20Object] [36m304[0m 115.058 ms - -[0m
2023-08-27 13:25:42 info: [0mGET /ceos?[object%20Object] [36m304[0m 180.742 ms - -[0m
2023-08-27 13:25:42 info: [0mGET /admins/profile [36m304[0m 343.900 ms - -[0m
2023-08-27 13:25:43 info: [0mGET /posts?[object%20Object] [36m304[0m 508.060 ms - -[0m
2023-08-27 13:25:44 info: [0mGET /posts/show/15 [36m304[0m 349.153 ms - -[0m
2023-08-27 13:25:45 info: [0mGET /categories?[object%20Object] [36m304[0m 27.068 ms - -[0m
2023-08-27 13:25:45 info: [0mGET /ceos?[object%20Object] [36m304[0m 24.579 ms - -[0m
2023-08-27 13:25:45 info: [0mGET /posts?[object%20Object] [36m304[0m 167.624 ms - -[0m
2023-08-27 13:27:16 info: [0mOPTIONS /admins/profile [32m204[0m 2.414 ms - 0[0m
2023-08-27 13:27:16 info: [0mGET /categories?[object%20Object] [36m304[0m 270.891 ms - -[0m
2023-08-27 13:27:16 info: [0mGET /ceos?[object%20Object] [36m304[0m 263.611 ms - -[0m
2023-08-27 13:27:16 info: [0mGET /admins/profile [36m304[0m 475.552 ms - -[0m
2023-08-27 13:27:16 info: [0mGET /posts/show/15 [36m304[0m 124.924 ms - -[0m
2023-08-27 13:27:17 info: [0mGET /posts?[object%20Object] [36m304[0m 661.090 ms - -[0m
2023-08-27 13:27:17 info: [0mGET /categories?[object%20Object] [36m304[0m 180.457 ms - -[0m
2023-08-27 13:27:17 info: [0mGET /ceos?[object%20Object] [36m304[0m 106.914 ms - -[0m
2023-08-27 13:27:18 info: [0mGET /posts?[object%20Object] [36m304[0m 249.208 ms - -[0m
2023-08-27 13:28:57 info: [0mOPTIONS /admins/profile [32m204[0m 12.035 ms - 0[0m
2023-08-27 13:28:57 info: [0mGET /categories?[object%20Object] [36m304[0m 583.378 ms - -[0m
2023-08-27 13:28:57 info: [0mGET /ceos?[object%20Object] [36m304[0m 541.258 ms - -[0m
2023-08-27 13:28:57 info: [0mGET /posts/show/15 [36m304[0m 112.078 ms - -[0m
2023-08-27 13:28:57 info: [0mGET /admins/profile [36m304[0m 799.350 ms - -[0m
2023-08-27 13:28:58 info: [0mGET /posts?[object%20Object] [36m304[0m 1150.901 ms - -[0m
2023-08-27 13:28:59 info: [0mGET /categories?[object%20Object] [36m304[0m 212.000 ms - -[0m
2023-08-27 13:28:59 info: [0mGET /ceos?[object%20Object] [36m304[0m 210.804 ms - -[0m
2023-08-27 13:28:59 info: [0mGET /posts?[object%20Object] [36m304[0m 925.683 ms - -[0m
2023-08-27 13:30:16 info: [0mOPTIONS /admins/profile [32m204[0m 3.308 ms - 0[0m
2023-08-27 13:30:16 info: [0mGET /posts/show/15 [36m304[0m 662.985 ms - -[0m
2023-08-27 13:30:16 info: [0mGET /admins/profile [36m304[0m 645.468 ms - -[0m
2023-08-27 13:30:17 info: [0mGET /posts?page=1&page_size=10 [36m304[0m 1138.537 ms - -[0m
2023-08-27 13:30:17 info: [0mGET /posts?page=1&page_size=10 [36m304[0m 95.634 ms - -[0m
2023-08-27 13:30:20 info: [0mGET /admins/profile [36m304[0m 144.037 ms - -[0m
2023-08-27 13:30:20 info: [0mGET /posts/show/15 [36m304[0m 167.625 ms - -[0m
2023-08-27 13:30:21 info: [0mGET /categories?[object%20Object] [36m304[0m 8.074 ms - -[0m
2023-08-27 13:30:21 info: [0mGET /ceos?[object%20Object] [36m304[0m 66.826 ms - -[0m
2023-08-27 13:30:21 info: [0mGET /posts?[object%20Object] [36m304[0m 458.633 ms - -[0m
2023-08-27 13:31:04 info: [0mOPTIONS /admins/profile [32m204[0m 0.899 ms - 0[0m
2023-08-27 13:31:04 info: [0mGET /categories?[object%20Object] [36m304[0m 276.455 ms - -[0m
2023-08-27 13:31:04 info: [0mGET /ceos?[object%20Object] [36m304[0m 239.468 ms - -[0m
2023-08-27 13:31:04 info: [0mGET /admins/profile [36m304[0m 338.151 ms - -[0m
2023-08-27 13:31:05 info: [0mGET /posts?[object%20Object] [36m304[0m 424.662 ms - -[0m
2023-08-27 13:31:05 info: [0mGET /posts/show/15 [36m304[0m 73.038 ms - -[0m
2023-08-27 13:31:06 info: [0mGET /categories?[object%20Object] [36m304[0m 120.521 ms - -[0m
2023-08-27 13:31:06 info: [0mGET /ceos?[object%20Object] [36m304[0m 145.617 ms - -[0m
2023-08-27 13:31:06 info: [0mGET /posts?[object%20Object] [36m304[0m 490.365 ms - -[0m
2023-08-27 13:31:33 info: [0mOPTIONS /admins/profile [32m204[0m 2.888 ms - 0[0m
2023-08-27 13:31:34 info: [0mGET /categories?[object%20Object] [36m304[0m 631.662 ms - -[0m
2023-08-27 13:31:34 info: [0mGET /ceos?[object%20Object] [36m304[0m 600.595 ms - -[0m
2023-08-27 13:31:34 info: [0mGET /admins/profile [36m304[0m 787.740 ms - -[0m
2023-08-27 13:31:34 info: [0mGET /posts/show/15 [36m304[0m 51.240 ms - -[0m
2023-08-27 13:31:34 info: [0mGET /posts?[object%20Object] [36m304[0m 955.413 ms - -[0m
2023-08-27 13:31:35 info: [0mGET /categories?[object%20Object] [36m304[0m 122.955 ms - -[0m
2023-08-27 13:31:35 info: [0mGET /ceos?[object%20Object] [36m304[0m 122.734 ms - -[0m
2023-08-27 13:31:36 info: [0mGET /posts?[object%20Object] [36m304[0m 461.088 ms - -[0m
2023-08-27 13:33:29 info: [0mOPTIONS /admins/profile [32m204[0m 3.265 ms - 0[0m
2023-08-27 13:33:30 info: [0mGET /ceos?[object%20Object] [36m304[0m 813.179 ms - -[0m
2023-08-27 13:33:30 info: [0mGET /categories?[object%20Object] [36m304[0m 835.355 ms - -[0m
2023-08-27 13:33:30 info: [0mGET /admins/profile [36m304[0m 1070.291 ms - -[0m
2023-08-27 13:33:31 info: [0mGET /posts/show/15 [36m304[0m 274.901 ms - -[0m
2023-08-27 13:33:31 info: [0mGET /posts?[object%20Object] [36m304[0m 1688.530 ms - -[0m
2023-08-27 13:33:32 info: [0mGET /categories?[object%20Object] [36m304[0m 165.363 ms - -[0m
2023-08-27 13:33:32 info: [0mGET /ceos?[object%20Object] [36m304[0m 168.110 ms - -[0m
2023-08-27 13:33:32 info: [0mGET /posts?[object%20Object] [36m304[0m 435.162 ms - -[0m
2023-08-27 13:36:13 info: [0mOPTIONS /admins/profile [32m204[0m 6.488 ms - 0[0m
2023-08-27 13:36:14 info: [0mGET /categories?[object%20Object] [36m304[0m 856.751 ms - -[0m
2023-08-27 13:36:14 info: [0mGET /ceos?[object%20Object] [36m304[0m 830.322 ms - -[0m
2023-08-27 13:36:14 info: [0mGET /admins/profile [36m304[0m 1258.863 ms - -[0m
2023-08-27 13:36:15 info: [0mGET /posts?[object%20Object] [36m304[0m 2091.610 ms - -[0m
2023-08-27 13:36:15 info: [0mGET /posts/show/15 [36m304[0m 144.497 ms - -[0m
2023-08-27 13:36:16 info: [0mGET /categories?[object%20Object] [36m304[0m 49.963 ms - -[0m
2023-08-27 13:36:16 info: [0mGET /ceos?[object%20Object] [36m304[0m 42.372 ms - -[0m
2023-08-27 13:36:17 info: [0mGET /posts?[object%20Object] [36m304[0m 504.228 ms - -[0m
2023-08-27 13:36:46 info: [0mOPTIONS /posts/update/15 [32m204[0m 0.813 ms - 0[0m
2023-08-27 13:36:46 info: [0mPUT /posts/update/15 [32m200[0m 225.146 ms - 16[0m
2023-08-27 13:36:46 info: [0mGET /posts/show/15 [32m200[0m 38.447 ms - -[0m
2023-08-27 13:36:47 info: [0mGET /categories?[object%20Object] [36m304[0m 121.932 ms - -[0m
2023-08-27 13:36:47 info: [0mGET /ceos?[object%20Object] [36m304[0m 136.778 ms - -[0m
2023-08-27 13:36:47 info: [0mGET /posts?[object%20Object] [32m200[0m 414.563 ms - -[0m
2023-08-27 13:36:54 info: [0mOPTIONS /admins/profile [32m204[0m 0.605 ms - 0[0m
2023-08-27 13:36:54 info: [0mGET /categories?[object%20Object] [36m304[0m 81.208 ms - -[0m
2023-08-27 13:36:54 info: [0mGET /ceos?[object%20Object] [32m200[0m 124.323 ms - 589[0m
2023-08-27 13:36:54 info: [0mGET /admins/profile [36m304[0m 116.397 ms - -[0m
2023-08-27 13:36:54 info: [0mGET /posts?[object%20Object] [36m304[0m 358.252 ms - -[0m
2023-08-27 13:36:54 info: [0mGET /posts/show/15 [36m304[0m 130.475 ms - -[0m
2023-08-27 13:36:56 info: [0mGET /categories?[object%20Object] [36m304[0m 147.989 ms - -[0m
2023-08-27 13:36:56 info: [0mGET /ceos?[object%20Object] [32m200[0m 156.427 ms - 602[0m
2023-08-27 13:36:56 info: [0mGET /posts?[object%20Object] [36m304[0m 315.793 ms - -[0m
2023-08-27 13:39:46 info: [0mOPTIONS /admins/profile [32m204[0m 5.288 ms - 0[0m
2023-08-27 13:39:47 info: [0mGET /categories?[object%20Object] [36m304[0m 720.068 ms - -[0m
2023-08-27 13:39:47 info: [0mGET /ceos?[object%20Object] [36m304[0m 624.815 ms - -[0m
2023-08-27 13:39:47 info: [0mGET /admins/profile [36m304[0m 721.371 ms - -[0m
2023-08-27 13:39:47 info: [0mGET /posts/show/15 [36m304[0m 294.049 ms - -[0m
2023-08-27 13:39:48 info: [0mGET /posts?[object%20Object] [36m304[0m 1685.670 ms - -[0m
2023-08-27 13:39:49 info: [0mGET /categories?[object%20Object] [36m304[0m 36.737 ms - -[0m
2023-08-27 13:39:49 info: [0mGET /ceos?[object%20Object] [36m304[0m 55.352 ms - -[0m
2023-08-27 13:39:49 info: [0mGET /posts?[object%20Object] [36m304[0m 550.781 ms - -[0m
2023-08-27 13:50:35 info: [0mOPTIONS /admins/profile [32m204[0m 7.994 ms - 0[0m
2023-08-27 13:50:36 info: [0mGET /ceos?[object%20Object] [36m304[0m 417.517 ms - -[0m
2023-08-27 13:50:36 info: [0mGET /categories?[object%20Object] [36m304[0m 560.521 ms - -[0m
2023-08-27 13:50:36 info: [0mGET /posts/show/15 [36m304[0m 251.845 ms - -[0m
2023-08-27 13:50:36 info: [0mGET /admins/profile [36m304[0m 720.139 ms - -[0m
2023-08-27 13:50:37 info: [0mGET /posts?[object%20Object] [36m304[0m 1179.583 ms - -[0m
2023-08-27 13:50:37 info: [0mGET /ceos?[object%20Object] [36m304[0m 83.761 ms - -[0m
2023-08-27 13:50:37 info: [0mGET /categories?[object%20Object] [36m304[0m 96.476 ms - -[0m
2023-08-27 13:50:37 info: [0mGET /posts?[object%20Object] [36m304[0m 532.731 ms - -[0m
2023-08-27 13:59:28 info: [0mOPTIONS /admins/profile [32m204[0m 12.096 ms - 0[0m
2023-08-27 13:59:28 info: [0mGET /categories?[object%20Object] [36m304[0m 570.111 ms - -[0m
2023-08-27 13:59:28 info: [0mGET /ceos?[object%20Object] [36m304[0m 577.894 ms - -[0m
2023-08-27 13:59:28 info: [0mGET /posts/show/15 [36m304[0m 201.907 ms - -[0m
2023-08-27 13:59:28 info: [0mGET /admins/profile [36m304[0m 792.997 ms - -[0m
2023-08-27 13:59:29 info: [0mGET /posts?[object%20Object] [36m304[0m 1011.679 ms - -[0m
2023-08-27 13:59:30 info: [0mGET /ceos?[object%20Object] [36m304[0m 220.569 ms - -[0m
2023-08-27 13:59:30 info: [0mGET /categories?[object%20Object] [36m304[0m 351.902 ms - -[0m
2023-08-27 13:59:31 info: [0mGET /posts?[object%20Object] [36m304[0m 1353.246 ms - -[0m
2023-08-27 14:00:55 info: [0mOPTIONS /admins/profile [32m204[0m 4.549 ms - 0[0m
2023-08-27 14:00:57 info: [0mGET /categories?[object%20Object] [36m304[0m 1272.270 ms - -[0m
2023-08-27 14:00:57 info: [0mGET /ceos?[object%20Object] [36m304[0m 1242.255 ms - -[0m
2023-08-27 14:00:57 info: [0mGET /admins/profile [36m304[0m 1611.651 ms - -[0m
2023-08-27 14:00:57 info: [0mGET /posts/show/15 [36m304[0m 1216.215 ms - -[0m
2023-08-27 14:00:58 info: [0mGET /posts?[object%20Object] [36m304[0m 2418.041 ms - -[0m
2023-08-27 14:00:58 info: [0mGET /ceos?[object%20Object] [36m304[0m 99.028 ms - -[0m
2023-08-27 14:00:58 info: [0mGET /categories?[object%20Object] [36m304[0m 111.398 ms - -[0m
2023-08-27 14:00:58 info: [0mGET /posts?[object%20Object] [36m304[0m 453.814 ms - -[0m
2023-08-27 14:02:51 info: [0mOPTIONS /admins/profile [32m204[0m 4.292 ms - 0[0m
2023-08-27 14:02:53 info: [0mGET /ceos?[object%20Object] [36m304[0m 1468.874 ms - -[0m
2023-08-27 14:02:53 info: [0mGET /categories?[object%20Object] [36m304[0m 1580.621 ms - -[0m
2023-08-27 14:02:53 info: [0mGET /admins/profile [36m304[0m 1749.120 ms - -[0m
2023-08-27 14:02:53 info: [0mGET /posts/show/15 [36m304[0m 826.654 ms - -[0m
2023-08-27 14:02:53 info: [0mGET /posts?[object%20Object] [36m304[0m 2020.635 ms - -[0m
2023-08-27 14:02:54 info: [0mGET /categories?[object%20Object] [36m304[0m 190.523 ms - -[0m
2023-08-27 14:02:54 info: [0mGET /ceos?[object%20Object] [36m304[0m 162.736 ms - -[0m
2023-08-27 14:02:54 info: [0mGET /posts?[object%20Object] [36m304[0m 387.162 ms - -[0m
2023-08-27 14:03:42 info: [0mOPTIONS /admins/profile [32m204[0m 5.817 ms - 0[0m
2023-08-27 14:03:44 info: [0mGET /categories?[object%20Object] [36m304[0m 1636.011 ms - -[0m
2023-08-27 14:03:44 info: [0mGET /ceos?[object%20Object] [36m304[0m 1646.571 ms - -[0m
2023-08-27 14:03:44 info: [0mGET /admins/profile [36m304[0m 1979.805 ms - -[0m
2023-08-27 14:03:44 info: [0mGET /posts/show/15 [36m304[0m 592.704 ms - -[0m
2023-08-27 14:03:45 info: [0mGET /posts?[object%20Object] [36m304[0m 2776.369 ms - -[0m
2023-08-27 14:03:45 info: [0mGET /categories?[object%20Object] [36m304[0m 22.939 ms - -[0m
2023-08-27 14:03:45 info: [0mGET /ceos?[object%20Object] [36m304[0m 24.835 ms - -[0m
2023-08-27 14:03:45 info: [0mGET /posts?[object%20Object] [36m304[0m 300.231 ms - -[0m
2023-08-27 14:17:55 info: [0mGET /posts/show/15 [36m304[0m 1267.525 ms - -[0m
2023-08-27 14:18:05 info: [0mOPTIONS /admins/profile [32m204[0m 0.791 ms - 0[0m
2023-08-27 14:18:05 info: [0mGET /posts/show/15 [36m304[0m 311.787 ms - -[0m
2023-08-27 14:18:05 info: [0mGET /admins/profile [36m304[0m 358.324 ms - -[0m
2023-08-27 14:18:06 info: [0mGET /categories?[object%20Object] [36m304[0m 133.355 ms - -[0m
2023-08-27 14:18:07 info: [0mGET /ceos?[object%20Object] [36m304[0m 137.861 ms - -[0m
2023-08-27 14:18:07 info: [0mGET /posts?[object%20Object] [36m304[0m 766.943 ms - -[0m
2023-08-27 14:22:29 info: [0mOPTIONS /admins/profile [32m204[0m 5.089 ms - 0[0m
2023-08-27 14:22:30 info: [0mGET /ceos?[object%20Object] [36m304[0m 648.930 ms - -[0m
2023-08-27 14:22:30 info: [0mGET /categories?[object%20Object] [36m304[0m 667.961 ms - -[0m
2023-08-27 14:22:30 info: [0mGET /admins/profile [36m304[0m 877.957 ms - -[0m
2023-08-27 14:22:30 info: [0mGET /posts/show/15 [36m304[0m 303.568 ms - -[0m
2023-08-27 14:22:31 info: [0mGET /posts?[object%20Object] [36m304[0m 1599.352 ms - -[0m
2023-08-27 14:22:31 info: [0mGET /categories?[object%20Object] [36m304[0m 28.142 ms - -[0m
2023-08-27 14:22:31 info: [0mGET /ceos?[object%20Object] [36m304[0m 21.935 ms - -[0m
2023-08-27 14:22:31 info: [0mGET /posts?[object%20Object] [36m304[0m 287.283 ms - -[0m
2023-08-27 14:23:29 info: [0mOPTIONS /admins/profile [32m204[0m 9.602 ms - 0[0m
2023-08-27 14:23:35 info: [0mGET /ceos?[object%20Object] [36m304[0m 5546.855 ms - -[0m
2023-08-27 14:23:35 info: [0mGET /categories?[object%20Object] [36m304[0m 5619.140 ms - -[0m
2023-08-27 14:23:35 info: [0mGET /admins/profile [36m304[0m 5948.714 ms - -[0m
2023-08-27 14:23:35 info: [0mGET /posts/show/15 [36m304[0m 1217.886 ms - -[0m
2023-08-27 14:23:36 info: [0mGET /posts?[object%20Object] [36m304[0m 6788.811 ms - -[0m
2023-08-27 14:23:36 info: [0mGET /categories?[object%20Object] [36m304[0m 68.684 ms - -[0m
2023-08-27 14:23:36 info: [0mGET /ceos?[object%20Object] [36m304[0m 171.725 ms - -[0m
2023-08-27 14:23:37 error: [POST] /medias/create >> StatusCode:: 500, Message:: Unexpected field
2023-08-27 14:23:37 info: [0mPOST /medias/create [31m500[0m 59.402 ms - 30[0m
2023-08-27 14:23:37 error: [POST] /medias/create >> StatusCode:: 500, Message:: Unexpected field
2023-08-27 14:23:37 info: [0mPOST /medias/create [31m500[0m 5.266 ms - 30[0m
2023-08-27 14:23:37 info: [0mGET /posts?[object%20Object] [36m304[0m 965.519 ms - -[0m
2023-08-27 14:23:54 error: [POST] /medias/create >> StatusCode:: 500, Message:: Unexpected field
2023-08-27 14:23:54 info: [0mPOST /medias/create [31m500[0m 56.774 ms - 30[0m
2023-08-27 14:24:21 info: [0mOPTIONS /admins/profile [32m204[0m 2.161 ms - 0[0m
2023-08-27 14:24:23 info: [0mGET /ceos?[object%20Object] [36m304[0m 1053.874 ms - -[0m
2023-08-27 14:24:23 info: [0mGET /categories?[object%20Object] [32m200[0m 1204.980 ms - -[0m
2023-08-27 14:24:23 info: [0mGET /admins/profile [36m304[0m 1202.587 ms - -[0m
2023-08-27 14:24:23 info: [0mGET /posts/show/15 [36m304[0m 372.753 ms - -[0m
2023-08-27 14:24:23 info: [0mGET /posts?[object%20Object] [36m304[0m 1394.530 ms - -[0m
2023-08-27 14:24:24 info: [0mGET /categories?[object%20Object] [32m200[0m 70.241 ms - -[0m
2023-08-27 14:24:25 info: [0mGET /ceos?[object%20Object] [36m304[0m 720.360 ms - -[0m
2023-08-27 14:24:25 info: [0mGET /posts?[object%20Object] [36m304[0m 1115.668 ms - -[0m
2023-08-27 14:24:28 error: [POST] /medias/create >> StatusCode:: 500, Message:: Unexpected field
2023-08-27 14:24:28 info: [0mPOST /medias/create [31m500[0m 47.723 ms - 30[0m
2023-08-27 14:24:28 error: [POST] /medias/create >> StatusCode:: 500, Message:: Unexpected field
2023-08-27 14:24:28 info: [0mPOST /medias/create [31m500[0m 26.209 ms - 30[0m
2023-08-27 14:25:12 info: [0mOPTIONS /admins/profile [32m204[0m 19.010 ms - 0[0m
2023-08-27 14:25:14 info: [0mGET /categories?[object%20Object] [36m304[0m 2025.473 ms - -[0m
2023-08-27 14:25:14 info: [0mGET /ceos?[object%20Object] [36m304[0m 1911.547 ms - -[0m
2023-08-27 14:25:14 info: [0mGET /admins/profile [36m304[0m 2001.345 ms - -[0m
2023-08-27 14:25:14 info: [0mGET /posts/show/15 [36m304[0m 1426.550 ms - -[0m
2023-08-27 14:25:16 info: [0mGET /categories?[object%20Object] [36m304[0m 319.939 ms - -[0m
2023-08-27 14:25:16 info: [0mGET /ceos?[object%20Object] [36m304[0m 349.356 ms - -[0m
2023-08-27 14:25:17 info: [0mGET /posts?[object%20Object] [36m304[0m 4261.369 ms - -[0m
2023-08-27 14:25:17 info: [0mGET /posts?[object%20Object] [36m304[0m 546.168 ms - -[0m
2023-08-27 14:26:37 info: [0mOPTIONS /admins/profile [32m204[0m 11.202 ms - 0[0m
2023-08-27 14:26:39 info: [0mGET /categories?[object%20Object] [36m304[0m 1535.339 ms - -[0m
2023-08-27 14:26:39 info: [0mGET /ceos?[object%20Object] [36m304[0m 1482.050 ms - -[0m
2023-08-27 14:26:40 info: [0mGET /admins/profile [36m304[0m 2486.113 ms - -[0m
2023-08-27 14:26:40 info: [0mGET /posts/show/15 [36m304[0m 1113.028 ms - -[0m
2023-08-27 14:26:41 info: [0mGET /posts?[object%20Object] [36m304[0m 3168.983 ms - -[0m
2023-08-27 14:26:41 info: [0mGET /categories?[object%20Object] [36m304[0m 272.477 ms - -[0m
2023-08-27 14:26:42 info: [0mGET /ceos?[object%20Object] [36m304[0m 438.067 ms - -[0m
2023-08-27 14:26:42 info: [0mGET /posts?[object%20Object] [36m304[0m 579.896 ms - -[0m
2023-08-27 14:28:12 info: [0mOPTIONS /admins/profile [32m204[0m 10.177 ms - 0[0m
2023-08-27 14:28:13 info: [0mGET /ceos?[object%20Object] [36m304[0m 1067.612 ms - -[0m
2023-08-27 14:28:13 info: [0mGET /categories?[object%20Object] [36m304[0m 1010.040 ms - -[0m
2023-08-27 14:28:13 info: [0mGET /posts/show/15 [36m304[0m 278.308 ms - -[0m
2023-08-27 14:28:13 info: [0mGET /admins/profile [36m304[0m 1524.285 ms - -[0m
2023-08-27 14:28:14 info: [0mGET /posts?[object%20Object] [36m304[0m 1777.664 ms - -[0m
2023-08-27 14:28:14 info: [0mGET /categories?[object%20Object] [36m304[0m 19.337 ms - -[0m
2023-08-27 14:28:14 info: [0mGET /ceos?[object%20Object] [36m304[0m 15.522 ms - -[0m
2023-08-27 14:28:15 info: [0mGET /posts?[object%20Object] [36m304[0m 364.842 ms - -[0m
2023-08-27 14:28:24 info: [0mOPTIONS /posts/update/15 [32m204[0m 0.829 ms - 0[0m
2023-08-27 14:28:24 info: [0mPUT /posts/update/15 [32m200[0m 136.143 ms - 16[0m
2023-08-27 14:28:24 info: [0mGET /posts/show/15 [32m200[0m 115.438 ms - -[0m
2023-08-27 14:28:25 info: [0mGET /categories?[object%20Object] [36m304[0m 48.602 ms - -[0m
2023-08-27 14:28:25 info: [0mGET /ceos?[object%20Object] [36m304[0m 253.704 ms - -[0m
2023-08-27 14:28:25 info: [0mGET /posts?[object%20Object] [36m304[0m 347.839 ms - -[0m
2023-08-27 14:28:53 info: [0mOPTIONS /posts/update/15 [32m204[0m 0.708 ms - 0[0m
2023-08-27 14:28:53 info: [0mPUT /posts/update/15 [32m200[0m 182.759 ms - 16[0m
2023-08-27 14:28:53 info: [0mGET /posts/show/15 [32m200[0m 47.348 ms - -[0m
2023-08-27 14:28:54 info: [0mGET /categories?[object%20Object] [36m304[0m 17.410 ms - -[0m
2023-08-27 14:28:54 info: [0mGET /ceos?[object%20Object] [36m304[0m 24.214 ms - -[0m
2023-08-27 14:28:54 info: [0mGET /posts?[object%20Object] [36m304[0m 266.066 ms - -[0m
2023-08-27 14:47:28 info: =================================
2023-08-27 14:47:28 info: ======= ENV: development =======
2023-08-27 14:47:28 info: 🚀 App listening on the port 8000
2023-08-27 14:47:28 info: =================================
2023-08-27 14:48:07 info: =================================
2023-08-27 14:48:07 info: ======= ENV: development =======
2023-08-27 14:48:07 info: 🚀 App listening on the port 8000
2023-08-27 14:48:07 info: =================================
2023-08-27 14:48:48 info: =================================
2023-08-27 14:48:48 info: ======= ENV: development =======
2023-08-27 14:48:48 info: 🚀 App listening on the port 8000
2023-08-27 14:48:48 info: =================================
2023-08-27 14:49:39 info: =================================
2023-08-27 14:49:39 info: ======= ENV: development =======
2023-08-27 14:49:39 info: 🚀 App listening on the port 8000
2023-08-27 14:49:39 info: =================================
2023-08-27 14:49:56 info: =================================
2023-08-27 14:49:56 info: ======= ENV: development =======
2023-08-27 14:49:56 info: 🚀 App listening on the port 8000
2023-08-27 14:49:56 info: =================================
2023-08-27 14:50:12 info: [0mGET /banners/getListBanner [32m200[0m 507.585 ms - 3100[0m
2023-08-27 14:50:12 info: [0mGET /services/nav [32m200[0m 366.425 ms - 1888[0m
2023-08-27 14:50:12 info: [0mGET /posts/getListFeatured [32m200[0m 914.904 ms - 5099[0m
2023-08-27 14:50:15 info: [0mGET /services/nav [36m304[0m 312.249 ms - -[0m
2023-08-27 14:50:31 info: [0mGET /branchs/getListBranch [36m304[0m 240.435 ms - -[0m
2023-08-27 14:50:31 info: [0mGET /services/getListService [32m200[0m 174.072 ms - -[0m
2023-08-27 14:50:31 info: [0mGET /projects/getProjectsClient [32m200[0m 239.340 ms - -[0m
2023-08-27 14:51:25 info: [0mGET /projects/getProjectsClient?slug=&id=23 [32m200[0m 1226.053 ms - -[0m
2023-08-27 14:51:33 info: [0mGET /projects/getProjectsClient?slug=&id=23 [36m304[0m 231.546 ms - -[0m
2023-08-27 14:55:16 info: [0mGET /projects/findBySlug/he-thong-quan-tri-muc-tieu-okrs [32m200[0m 175.044 ms - 2312[0m
2023-08-27 14:55:19 info: [0mGET /branchs/getListBranch [36m304[0m 120.570 ms - -[0m
2023-08-27 14:55:20 info: [0mGET /services/getListService [36m304[0m 143.898 ms - -[0m
2023-08-27 14:55:20 info: [0mGET /projects/getProjectsClient?slug=&id=23 [36m304[0m 185.436 ms - -[0m
2023-08-27 14:56:20 info: =================================
2023-08-27 14:56:20 info: ======= ENV: development =======
2023-08-27 14:56:20 info: 🚀 App listening on the port 8000
2023-08-27 14:56:20 info: =================================
2023-08-27 14:57:27 info: =================================
2023-08-27 14:57:27 info: ======= ENV: development =======
2023-08-27 14:57:27 info: 🚀 App listening on the port 8000
2023-08-27 14:57:27 info: =================================
2023-08-27 14:57:59 info: =================================
2023-08-27 14:57:59 info: ======= ENV: development =======
2023-08-27 14:57:59 info: 🚀 App listening on the port 8000
2023-08-27 14:57:59 info: =================================
2023-08-27 14:58:59 info: =================================
2023-08-27 14:58:59 info: ======= ENV: development =======
2023-08-27 14:58:59 info: 🚀 App listening on the port 8000
2023-08-27 14:58:59 info: =================================
2023-08-27 14:59:13 info: =================================
2023-08-27 14:59:13 info: ======= ENV: development =======
2023-08-27 14:59:13 info: 🚀 App listening on the port 8000
2023-08-27 14:59:13 info: =================================
2023-08-27 14:59:36 info: =================================
2023-08-27 14:59:36 info: ======= ENV: development =======
2023-08-27 14:59:36 info: 🚀 App listening on the port 8000
2023-08-27 14:59:36 info: =================================
2023-08-27 14:59:38 info: [0mOPTIONS /admins/profile [32m204[0m 1.536 ms - 0[0m
2023-08-27 14:59:39 info: [0mGET /admins/profile [36m304[0m 1263.882 ms - -[0m
2023-08-27 14:59:40 info: [0mGET /posts/show/15 [36m304[0m 1451.559 ms - -[0m
2023-08-27 14:59:40 info: [0mGET /projects? [32m200[0m 1192.709 ms - -[0m
2023-08-27 14:59:40 info: [0mGET /projects?page=1&page_size=10 [32m200[0m 646.241 ms - -[0m
2023-08-27 14:59:59 info: [0mOPTIONS /admins/profile [32m204[0m 3.779 ms - 0[0m
2023-08-27 14:59:59 info: [0mGET /admins/profile [36m304[0m 323.440 ms - -[0m
2023-08-27 14:59:59 info: [0mGET /projects/show/23 [32m200[0m 280.379 ms - -[0m
2023-08-27 15:00:00 info: [0mGET /branchs?[object%20Object] [32m200[0m 132.789 ms - 778[0m
2023-08-27 15:00:00 info: [0mGET /projects?[object%20Object] [32m200[0m 161.766 ms - -[0m
2023-08-27 15:00:00 info: [0mGET /services?[object%20Object] [32m200[0m 226.530 ms - -[0m
2023-08-27 15:00:07 info: [0mOPTIONS /projects/update/23 [32m204[0m 0.600 ms - 0[0m
2023-08-27 15:00:07 info: [0mPUT /projects/update/23 [32m200[0m 152.693 ms - 2[0m
2023-08-27 15:00:08 info: [0mGET /posts/show/15 [36m304[0m 75.915 ms - -[0m
2023-08-27 15:00:08 info: [0mGET /projects/show/23 [32m200[0m 49.524 ms - -[0m
2023-08-27 15:00:08 info: [0mGET /services?[object%20Object] [36m304[0m 19.180 ms - -[0m
2023-08-27 15:00:08 info: [0mGET /branchs?[object%20Object] [36m304[0m 29.227 ms - -[0m
2023-08-27 15:00:08 info: [0mGET /projects?[object%20Object] [32m200[0m 20.864 ms - -[0m
