2023-04-19 00:04:30 info: [0mGET /projects/show/1 [36m304[0m 135.267 ms - -[0m
2023-04-19 00:04:30 info: [0mGET /projects/show/1 [36m304[0m 8.529 ms - -[0m
2023-04-19 00:04:30 info: [0mGET /projects?[object%20Object] [36m304[0m 75.233 ms - -[0m
2023-04-19 00:09:29 info: =================================
2023-04-19 00:09:29 info: ======= ENV: development =======
2023-04-19 00:09:29 info: 🚀 App listening on the port 8000
2023-04-19 00:09:29 info: =================================
2023-04-19 00:09:56 info: =================================
2023-04-19 00:09:56 info: ======= ENV: development =======
2023-04-19 00:09:56 info: 🚀 App listening on the port 8000
2023-04-19 00:09:56 info: =================================
2023-04-19 00:10:30 info: =================================
2023-04-19 00:10:30 info: ======= ENV: development =======
2023-04-19 00:10:30 info: 🚀 App listening on the port 8000
2023-04-19 00:10:30 info: =================================
2023-04-19 00:10:59 info: [0mOPTIONS /admins/profile [32m204[0m 1.991 ms - 0[0m
2023-04-19 00:10:59 info: [0mGET /admins/profile [36m304[0m 227.222 ms - -[0m
2023-04-19 00:11:05 info: [0mOPTIONS /admins/profile [32m204[0m 0.629 ms - 0[0m
2023-04-19 00:11:05 info: [0mGET /admins/profile [36m304[0m 40.652 ms - -[0m
2023-04-19 00:15:15 info: =================================
2023-04-19 00:15:15 info: ======= ENV: development =======
2023-04-19 00:15:15 info: 🚀 App listening on the port 8000
2023-04-19 00:15:15 info: =================================
2023-04-19 00:15:23 info: =================================
2023-04-19 00:15:23 info: ======= ENV: development =======
2023-04-19 00:15:23 info: 🚀 App listening on the port 8000
2023-04-19 00:15:23 info: =================================
2023-04-19 00:15:30 info: =================================
2023-04-19 00:15:30 info: ======= ENV: development =======
2023-04-19 00:15:30 info: 🚀 App listening on the port 8000
2023-04-19 00:15:30 info: =================================
2023-04-19 00:15:36 info: =================================
2023-04-19 00:15:36 info: ======= ENV: development =======
2023-04-19 00:15:36 info: 🚀 App listening on the port 8000
2023-04-19 00:15:36 info: =================================
2023-04-19 00:15:43 info: =================================
2023-04-19 00:15:43 info: ======= ENV: development =======
2023-04-19 00:15:43 info: 🚀 App listening on the port 8000
2023-04-19 00:15:43 info: =================================
2023-04-19 00:15:51 info: =================================
2023-04-19 00:15:51 info: ======= ENV: development =======
2023-04-19 00:15:51 info: 🚀 App listening on the port 8000
2023-04-19 00:15:51 info: =================================
2023-04-19 00:15:59 info: =================================
2023-04-19 00:15:59 info: ======= ENV: development =======
2023-04-19 00:15:59 info: 🚀 App listening on the port 8000
2023-04-19 00:15:59 info: =================================
2023-04-19 00:16:23 info: =================================
2023-04-19 00:16:23 info: ======= ENV: development =======
2023-04-19 00:16:23 info: 🚀 App listening on the port 8000
2023-04-19 00:16:23 info: =================================
2023-04-19 00:16:31 info: =================================
2023-04-19 00:16:31 info: ======= ENV: development =======
2023-04-19 00:16:31 info: 🚀 App listening on the port 8000
2023-04-19 00:16:31 info: =================================
2023-04-19 00:16:39 info: =================================
2023-04-19 00:16:39 info: ======= ENV: development =======
2023-04-19 00:16:39 info: 🚀 App listening on the port 8000
2023-04-19 00:16:39 info: =================================
2023-04-19 00:16:46 info: =================================
2023-04-19 00:16:46 info: ======= ENV: development =======
2023-04-19 00:16:46 info: 🚀 App listening on the port 8000
2023-04-19 00:16:46 info: =================================
2023-04-19 00:16:58 info: =================================
2023-04-19 00:16:58 info: ======= ENV: development =======
2023-04-19 00:16:58 info: 🚀 App listening on the port 8000
2023-04-19 00:16:58 info: =================================
2023-04-19 00:17:33 info: =================================
2023-04-19 00:17:33 info: ======= ENV: development =======
2023-04-19 00:17:33 info: 🚀 App listening on the port 8000
2023-04-19 00:17:33 info: =================================
2023-04-19 00:17:43 info: =================================
2023-04-19 00:17:43 info: ======= ENV: development =======
2023-04-19 00:17:43 info: 🚀 App listening on the port 8000
2023-04-19 00:17:43 info: =================================
2023-04-19 00:18:04 info: =================================
2023-04-19 00:18:04 info: ======= ENV: development =======
2023-04-19 00:18:04 info: 🚀 App listening on the port 8000
2023-04-19 00:18:04 info: =================================
2023-04-19 00:35:51 info: =================================
2023-04-19 00:35:51 info: ======= ENV: development =======
2023-04-19 00:35:51 info: 🚀 App listening on the port 8000
2023-04-19 00:35:51 info: =================================
2023-04-19 00:35:58 info: [0mOPTIONS /admins/profile [32m204[0m 2.536 ms - 0[0m
2023-04-19 00:35:58 info: [0mGET /admins/profile [33m401[0m 147.491 ms - 39[0m
2023-04-19 00:36:21 info: =================================
2023-04-19 00:36:21 info: ======= ENV: development =======
2023-04-19 00:36:21 info: 🚀 App listening on the port 8000
2023-04-19 00:36:21 info: =================================
2023-04-19 00:36:32 info: =================================
2023-04-19 00:36:32 info: ======= ENV: development =======
2023-04-19 00:36:32 info: 🚀 App listening on the port 8000
2023-04-19 00:36:32 info: =================================
2023-04-19 00:36:48 info: [0mOPTIONS /admins/profile [32m204[0m 2.369 ms - 0[0m
2023-04-19 00:36:49 info: [0mGET /admins/profile [33m401[0m 237.188 ms - 39[0m
2023-04-19 00:36:53 info: [0mOPTIONS /admins/login [32m204[0m 0.591 ms - 0[0m
2023-04-19 00:36:53 info: [0mPOST /admins/login [32m200[0m 127.103 ms - 560[0m
2023-04-19 00:36:53 info: [0mGET /admins/profile [36m304[0m 158.459 ms - -[0m
2023-04-19 00:37:28 info: =================================
2023-04-19 00:37:28 info: ======= ENV: development =======
2023-04-19 00:37:28 info: 🚀 App listening on the port 8000
2023-04-19 00:37:28 info: =================================
2023-04-19 00:37:43 info: =================================
2023-04-19 00:37:43 info: ======= ENV: development =======
2023-04-19 00:37:43 info: 🚀 App listening on the port 8000
2023-04-19 00:37:43 info: =================================
2023-04-19 00:37:53 info: =================================
2023-04-19 00:37:53 info: ======= ENV: development =======
2023-04-19 00:37:53 info: 🚀 App listening on the port 8000
2023-04-19 00:37:53 info: =================================
2023-04-19 00:38:02 info: =================================
2023-04-19 00:38:02 info: ======= ENV: development =======
2023-04-19 00:38:02 info: 🚀 App listening on the port 8000
2023-04-19 00:38:02 info: =================================
2023-04-19 00:38:42 info: =================================
2023-04-19 00:38:42 info: ======= ENV: development =======
2023-04-19 00:38:42 info: 🚀 App listening on the port 8000
2023-04-19 00:38:42 info: =================================
2023-04-19 00:38:54 info: =================================
2023-04-19 00:38:54 info: ======= ENV: development =======
2023-04-19 00:38:54 info: 🚀 App listening on the port 8000
2023-04-19 00:38:54 info: =================================
2023-04-19 00:39:15 info: =================================
2023-04-19 00:39:15 info: ======= ENV: development =======
2023-04-19 00:39:15 info: 🚀 App listening on the port 8000
2023-04-19 00:39:15 info: =================================
2023-04-19 00:39:26 info: =================================
2023-04-19 00:39:26 info: ======= ENV: development =======
2023-04-19 00:39:26 info: 🚀 App listening on the port 8000
2023-04-19 00:39:26 info: =================================
2023-04-19 00:39:47 info: =================================
2023-04-19 00:39:47 info: ======= ENV: development =======
2023-04-19 00:39:47 info: 🚀 App listening on the port 8000
2023-04-19 00:39:47 info: =================================
2023-04-19 00:39:58 info: =================================
2023-04-19 00:39:58 info: ======= ENV: development =======
2023-04-19 00:39:58 info: 🚀 App listening on the port 8000
2023-04-19 00:39:58 info: =================================
2023-04-19 00:40:14 info: [0mOPTIONS /admins/profile [32m204[0m 3.996 ms - 0[0m
2023-04-19 00:40:14 info: [0mGET /admins/profile [0m-[0m - ms - -[0m
2023-04-19 00:40:15 info: [0mGET /admins/profile [33m401[0m 7.668 ms - 39[0m
2023-04-19 00:40:18 info: [0mGET /admins/profile [33m401[0m 61.029 ms - 39[0m
2023-04-19 00:40:23 info: [0mOPTIONS /admins/login [32m204[0m 0.687 ms - 0[0m
2023-04-19 00:40:23 info: [0mPOST /admins/login [32m200[0m 57.805 ms - 560[0m
2023-04-19 00:40:23 info: [0mOPTIONS /admins/profile [32m204[0m 0.240 ms - 0[0m
2023-04-19 00:40:23 info: [0mGET /admins/profile [32m200[0m 168.850 ms - 231[0m
2023-04-19 00:41:07 info: [0mOPTIONS /admins/profile [32m204[0m 0.561 ms - 0[0m
2023-04-19 00:41:07 info: [0mGET /admins/profile [36m304[0m 109.208 ms - -[0m
2023-04-19 00:41:13 info: [0mOPTIONS /admins/profile [32m204[0m 6.167 ms - 0[0m
2023-04-19 00:41:13 info: [0mGET /admins/profile [36m304[0m 112.941 ms - -[0m
2023-04-19 00:41:19 info: [0mOPTIONS /admins/profile [32m204[0m 1.005 ms - 0[0m
2023-04-19 00:41:20 info: [0mGET /admins/profile [36m304[0m 111.904 ms - -[0m
2023-04-19 00:41:25 info: [0mOPTIONS /admins/profile [32m204[0m 0.776 ms - 0[0m
2023-04-19 00:41:25 info: [0mGET /admins/profile [36m304[0m 135.390 ms - -[0m
2023-04-19 00:41:28 info: [0mGET /admins/profile [36m304[0m 114.571 ms - -[0m
2023-04-19 00:41:31 info: [0mOPTIONS /admins/profile [32m204[0m 4.717 ms - 0[0m
2023-04-19 00:41:31 info: [0mGET /admins/profile [36m304[0m 81.176 ms - -[0m
2023-04-19 00:41:52 info: [0mOPTIONS /admins/profile [32m204[0m 1.531 ms - 0[0m
2023-04-19 00:41:52 info: [0mGET /admins/profile [36m304[0m 152.688 ms - -[0m
2023-04-19 00:41:57 info: [0mOPTIONS /admins/profile [32m204[0m 0.713 ms - 0[0m
2023-04-19 00:41:57 info: [0mGET /admins/profile [36m304[0m 233.828 ms - -[0m
2023-04-19 00:41:57 info: [0mGET /projects? [32m200[0m 194.368 ms - 477[0m
2023-04-19 00:41:57 info: [0mGET /projects?page=1&page_size=10 [32m200[0m 91.544 ms - 477[0m
2023-04-19 00:41:58 info: [0mGET /branchs? [32m200[0m 88.315 ms - 16[0m
2023-04-19 00:41:58 info: [0mGET /branchs?page=1&page_size=10 [32m200[0m 20.726 ms - 16[0m
2023-04-19 00:41:58 info: [0mGET /admins/profile [36m304[0m 57.303 ms - -[0m
2023-04-19 00:42:23 info: [0mGET /branchs [32m200[0m 30.656 ms - 16[0m
2023-04-19 00:43:29 info: =================================
2023-04-19 00:43:29 info: ======= ENV: development =======
2023-04-19 00:43:29 info: 🚀 App listening on the port 8000
2023-04-19 00:43:29 info: =================================
2023-04-19 00:43:30 info: [0mGET /branchs [36m304[0m 214.064 ms - -[0m
2023-04-19 00:43:56 info: =================================
2023-04-19 00:43:56 info: ======= ENV: development =======
2023-04-19 00:43:56 info: 🚀 App listening on the port 8000
2023-04-19 00:43:56 info: =================================
2023-04-19 00:43:57 info: [0mGET /branchs [32m200[0m 123.827 ms - 335[0m
2023-04-19 00:44:33 info: =================================
2023-04-19 00:44:33 info: ======= ENV: development =======
2023-04-19 00:44:33 info: 🚀 App listening on the port 8000
2023-04-19 00:44:33 info: =================================
2023-04-19 00:44:41 info: =================================
2023-04-19 00:44:41 info: ======= ENV: development =======
2023-04-19 00:44:41 info: 🚀 App listening on the port 8000
2023-04-19 00:44:41 info: =================================
2023-04-19 00:45:10 info: =================================
2023-04-19 00:45:10 info: ======= ENV: development =======
2023-04-19 00:45:10 info: 🚀 App listening on the port 8000
2023-04-19 00:45:10 info: =================================
2023-04-19 00:45:13 info: [0mGET /branchs [32m200[0m 115.853 ms - 255[0m
2023-04-19 00:45:16 info: [0mOPTIONS /admins/profile [32m204[0m 0.767 ms - 0[0m
2023-04-19 00:45:16 info: [0mGET /admins/profile [36m304[0m 98.571 ms - -[0m
2023-04-19 00:45:16 info: [0mGET /branchs?page=1&page_size=10 [32m200[0m 37.283 ms - 266[0m
2023-04-19 00:45:16 info: [0mGET /branchs?page=1&page_size=10 [36m304[0m 12.653 ms - -[0m
2023-04-19 00:45:28 info: [0mOPTIONS /admins/profile [32m204[0m 0.906 ms - 0[0m
2023-04-19 00:45:29 info: [0mGET /admins/profile [36m304[0m 342.282 ms - -[0m
2023-04-19 00:45:29 info: [0mGET /branchs?page=1&page_size=10 [32m200[0m 23.635 ms - 255[0m
2023-04-19 00:45:29 info: [0mGET /branchs?page=1&page_size=10 [36m304[0m 16.440 ms - -[0m
2023-04-19 00:45:32 info: [0mGET /admins/profile [36m304[0m 109.069 ms - -[0m
2023-04-19 00:45:32 info: [0mGET /branchs?page=1&page_size=10 [32m200[0m 38.562 ms - 266[0m
2023-04-19 00:45:32 info: [0mGET /branchs?page=1&page_size=10 [36m304[0m 104.287 ms - -[0m
2023-04-19 00:45:36 info: [0mOPTIONS /admins/profile [32m204[0m 0.878 ms - 0[0m
2023-04-19 00:45:36 info: [0mGET /branchs/show/1 [31m500[0m 135.227 ms - 54[0m
2023-04-19 00:45:36 info: [0mGET /admins/profile [36m304[0m 148.744 ms - -[0m
2023-04-19 00:45:52 info: [0mGET /branchs/show/1 [31m500[0m 238.514 ms - 54[0m
2023-04-19 00:45:52 info: [0mGET /branchs/show/1 [31m500[0m 4.539 ms - 54[0m
2023-04-19 00:45:54 info: [0mGET /branchs/show/1 [31m500[0m 17.792 ms - 54[0m
2023-04-19 00:45:54 info: [0mGET /branchs/show/1 [31m500[0m 28.376 ms - 54[0m
2023-04-19 00:45:57 info: [0mGET /branchs/show/1 [31m500[0m 13.811 ms - 54[0m
2023-04-19 00:45:57 info: [0mGET /branchs/show/1 [31m500[0m 11.142 ms - 54[0m
2023-04-19 00:46:04 info: [0mGET /branchs/show/1 [31m500[0m 46.847 ms - 54[0m
2023-04-19 00:46:04 info: [0mGET /branchs/show/1 [31m500[0m 9.200 ms - 54[0m
2023-04-19 00:46:08 info: [0mGET /branchs/show/1 [31m500[0m 3.956 ms - 54[0m
2023-04-19 00:46:08 info: [0mOPTIONS /admins/profile [32m204[0m 0.266 ms - 0[0m
2023-04-19 00:46:08 info: [0mGET /branchs?page=1&page_size=10 [36m304[0m 82.535 ms - -[0m
2023-04-19 00:46:08 info: [0mGET /branchs?page=1&page_size=10 [36m304[0m 52.837 ms - -[0m
2023-04-19 00:46:08 info: [0mGET /admins/profile [36m304[0m 147.034 ms - -[0m
2023-04-19 00:46:44 info: =================================
2023-04-19 00:46:44 info: ======= ENV: development =======
2023-04-19 00:46:44 info: 🚀 App listening on the port 8000
2023-04-19 00:46:44 info: =================================
2023-04-19 00:46:46 info: [0mOPTIONS /admins/profile [32m204[0m 2.515 ms - 0[0m
2023-04-19 00:46:46 info: [0mGET /branchs/show/1 [31m500[0m 165.507 ms - 54[0m
2023-04-19 00:46:46 info: [0mGET /admins/profile [36m304[0m 259.861 ms - -[0m
2023-04-19 00:46:47 info: [0mGET /branchs/show/1 [31m500[0m 28.139 ms - 54[0m
2023-04-19 00:46:47 info: [0mGET /branchs?page=1&page_size=10 [36m304[0m 112.444 ms - -[0m
2023-04-19 00:46:47 info: [0mGET /admins/profile [36m304[0m 152.235 ms - -[0m
2023-04-19 00:46:47 info: [0mGET /branchs?page=1&page_size=10 [36m304[0m 10.325 ms - -[0m
2023-04-19 00:46:57 info: [0mGET /branchs/show/1 [31m500[0m 19.501 ms - 54[0m
2023-04-19 00:47:16 info: =================================
2023-04-19 00:47:16 info: ======= ENV: development =======
2023-04-19 00:47:16 info: 🚀 App listening on the port 8000
2023-04-19 00:47:16 info: =================================
2023-04-19 00:47:17 info: [0mGET /branchs/show/1 [32m200[0m 113.313 ms - 193[0m
2023-04-19 00:47:35 info: =================================
2023-04-19 00:47:35 info: ======= ENV: development =======
2023-04-19 00:47:35 info: 🚀 App listening on the port 8000
2023-04-19 00:47:35 info: =================================
2023-04-19 00:47:43 info: =================================
2023-04-19 00:47:43 info: ======= ENV: development =======
2023-04-19 00:47:43 info: 🚀 App listening on the port 8000
2023-04-19 00:47:43 info: =================================
2023-04-19 00:47:56 info: =================================
2023-04-19 00:47:56 info: ======= ENV: development =======
2023-04-19 00:47:56 info: 🚀 App listening on the port 8000
2023-04-19 00:47:56 info: =================================
2023-04-19 00:47:58 info: [0mGET /branchs/show/1 [32m200[0m 140.109 ms - 62[0m
2023-04-19 00:48:02 info: [0mOPTIONS /admins/profile [32m204[0m 1.176 ms - 0[0m
2023-04-19 00:48:02 info: [0mGET /admins/profile [36m304[0m 234.702 ms - -[0m
2023-04-19 00:48:02 info: [0mGET /branchs?page=1&page_size=10 [36m304[0m 161.059 ms - -[0m
2023-04-19 00:48:02 info: [0mGET /branchs?page=1&page_size=10 [36m304[0m 14.682 ms - -[0m
2023-04-19 00:48:03 info: [0mGET /branchs?page=1&page_size=10&search=ba [32m200[0m 23.677 ms - 266[0m
2023-04-19 00:48:04 info: [0mGET /branchs?page=1&page_size=10&search=bat [32m200[0m 9.480 ms - 174[0m
2023-04-19 00:48:05 info: [0mGET /branchs?page=1&page_size=10&search=ba [36m304[0m 14.950 ms - -[0m
2023-04-19 00:48:05 info: [0mGET /branchs?page=1&page_size=10&search=b [32m200[0m 10.935 ms - 266[0m
2023-04-19 00:48:05 info: [0mGET /branchs?page=1&page_size=10 [36m304[0m 12.669 ms - -[0m
2023-04-19 00:48:08 info: [0mOPTIONS /admins/profile [32m204[0m 0.201 ms - 0[0m
2023-04-19 00:48:08 info: [0mGET /branchs/show/2 [32m200[0m 69.963 ms - 61[0m
2023-04-19 00:48:08 info: [0mGET /admins/profile [36m304[0m 93.787 ms - -[0m
2023-04-19 00:48:14 info: [0mOPTIONS /branchs/update/2 [32m204[0m 0.150 ms - 0[0m
2023-04-19 00:48:14 info: [0mPUT /branchs/update/2 [32m200[0m 102.090 ms - 16[0m
2023-04-19 00:48:14 info: [0mGET /branchs/show/2 [32m200[0m 6.173 ms - 63[0m
2023-04-19 00:48:16 info: [0mOPTIONS /admins/profile [32m204[0m 0.416 ms - 0[0m
2023-04-19 00:48:16 info: [0mGET /branchs/show/2 [36m304[0m 26.754 ms - -[0m
2023-04-19 00:48:16 info: [0mGET /branchs?page=1&page_size=10 [32m200[0m 36.958 ms - 255[0m
2023-04-19 00:48:16 info: [0mGET /admins/profile [36m304[0m 102.350 ms - -[0m
2023-04-19 00:48:16 info: [0mGET /branchs?page=1&page_size=10 [32m200[0m 51.869 ms - 268[0m
2023-04-19 00:48:17 info: [0mGET /branchs/show/1 [32m200[0m 14.695 ms - 65[0m
2023-04-19 00:48:17 info: [0mGET /admins/profile [36m304[0m 51.884 ms - -[0m
2023-04-19 00:48:19 info: [0mOPTIONS /branchs/update/1 [32m204[0m 0.140 ms - 0[0m
2023-04-19 00:48:19 info: [0mPUT /branchs/update/1 [32m200[0m 26.566 ms - 16[0m
2023-04-19 00:48:19 info: [0mGET /branchs/show/1 [32m200[0m 4.978 ms - 67[0m
2023-04-19 00:48:19 info: [0mGET /branchs/show/2 [36m304[0m 9.333 ms - -[0m
2023-04-19 00:48:20 info: [0mGET /branchs/show/1 [36m304[0m 29.111 ms - -[0m
2023-04-19 00:48:20 info: [0mGET /admins/profile [36m304[0m 33.248 ms - -[0m
2023-04-19 00:48:20 info: [0mGET /branchs?page=1&page_size=10 [32m200[0m 32.778 ms - 270[0m
2023-04-19 00:48:20 info: [0mGET /branchs?page=1&page_size=10 [36m304[0m 15.275 ms - -[0m
2023-04-19 00:48:32 info: [0mOPTIONS /admins/profile [32m204[0m 0.606 ms - 0[0m
2023-04-19 00:48:32 info: [0mGET /admins/profile [36m304[0m 120.996 ms - -[0m
2023-04-19 00:48:32 info: [0mGET /branchs?page=1&page_size=10 [36m304[0m 32.118 ms - -[0m
2023-04-19 00:48:32 info: [0mGET /branchs?page=1&page_size=10 [36m304[0m 5.261 ms - -[0m
2023-04-19 00:48:34 info: [0mOPTIONS /branchs/delete/2 [32m204[0m 0.619 ms - 0[0m
2023-04-19 00:48:35 info: [0mDELETE /branchs/delete/2 [32m200[0m 9.228 ms - 25[0m
2023-04-19 00:48:35 info: [0mGET /branchs?page=1&page_size=10 [32m200[0m 30.697 ms - 180[0m
2023-04-19 00:48:35 info: [0mGET /branchs? [32m200[0m 18.621 ms - 180[0m
2023-04-19 00:48:35 info: [0mGET /branchs?page=1&page_size=10 [36m304[0m 25.807 ms - -[0m
2023-04-19 00:48:37 info: [0mGET /admins/profile [36m304[0m 24.257 ms - -[0m
2023-04-19 00:48:37 info: [0mGET /branchs?page=1&page_size=10 [36m304[0m 136.386 ms - -[0m
2023-04-19 00:48:37 info: [0mGET /branchs?page=1&page_size=10 [36m304[0m 80.373 ms - -[0m
2023-04-19 00:48:44 info: [0mGET /branchs? [36m304[0m 25.828 ms - -[0m
2023-04-19 00:48:46 info: [0mOPTIONS /admins/profile [32m204[0m 4.677 ms - 0[0m
2023-04-19 00:48:46 info: [0mGET /projects? [36m304[0m 18.670 ms - -[0m
2023-04-19 00:48:46 info: [0mGET /admins/profile [36m304[0m 98.766 ms - -[0m
2023-04-19 00:48:46 info: [0mGET /projects?page=1&page_size=10 [36m304[0m 8.869 ms - -[0m
2023-04-19 00:48:47 info: [0mGET /admins/profile [36m304[0m 26.666 ms - -[0m
2023-04-19 00:48:47 info: [0mGET /branchs? [36m304[0m 17.135 ms - -[0m
2023-04-19 00:48:47 info: [0mGET /branchs?page=1&page_size=10 [36m304[0m 10.315 ms - -[0m
2023-04-19 00:48:48 info: [0mGET /branchs? [36m304[0m 50.481 ms - -[0m
2023-04-19 00:48:48 info: [0mGET /projects? [36m304[0m 26.812 ms - -[0m
2023-04-19 00:48:48 info: [0mGET /admins/profile [36m304[0m 43.373 ms - -[0m
2023-04-19 00:48:48 info: [0mGET /projects?page=1&page_size=10 [36m304[0m 22.460 ms - -[0m
2023-04-19 00:48:49 info: [0mGET /admins/profile [36m304[0m 63.570 ms - -[0m
2023-04-19 00:48:49 info: [0mGET /posts? [32m200[0m 134.326 ms - 542[0m
2023-04-19 00:48:49 info: [0mGET /posts?page=1&page_size=10 [32m200[0m 78.201 ms - 542[0m
2023-04-19 00:48:49 info: [0mGET /branchs? [36m304[0m 54.293 ms - -[0m
2023-04-19 00:48:49 info: [0mGET /admins/profile [36m304[0m 78.371 ms - -[0m
2023-04-19 00:48:49 info: [0mGET /branchs?page=1&page_size=10 [36m304[0m 13.915 ms - -[0m
2023-04-19 00:54:39 info: [0mGET /projects [32m200[0m 161.077 ms - 477[0m
2023-04-19 00:54:40 info: [0mGET /categories/post [36m304[0m 60.053 ms - -[0m
2023-04-19 00:54:42 info: [0mGET /jobs/getListFeatured [32m200[0m 86.128 ms - -[0m
2023-04-19 00:55:00 info: [0mGET /jobs/getListFeatured [36m304[0m 94.815 ms - -[0m
2023-04-19 00:55:23 info: [0mOPTIONS /admins/profile [32m204[0m 0.782 ms - 0[0m
2023-04-19 00:55:23 info: [0mGET /admins/profile [36m304[0m 218.660 ms - -[0m
2023-04-19 00:55:23 info: [0mGET /branchs?page=1&page_size=10 [36m304[0m 116.116 ms - -[0m
2023-04-19 00:55:23 info: [0mGET /branchs?page=1&page_size=10 [36m304[0m 71.703 ms - -[0m
2023-04-19 00:57:30 info: [0mGET /projects [36m304[0m 96.088 ms - -[0m
2023-04-19 00:57:30 info: [0mGET /categories/post [36m304[0m 30.092 ms - -[0m
2023-04-19 00:57:30 info: [0mGET /jobs/getListFeatured [36m304[0m 17.653 ms - -[0m
2023-04-19 00:57:30 info: [0mGET /categories/post [36m304[0m 11.459 ms - -[0m
2023-04-19 00:57:31 info: [0mGET /projects [36m304[0m 11.297 ms - -[0m
2023-04-19 01:00:11 info: [0mOPTIONS /admins/profile [32m204[0m 2.247 ms - 0[0m
2023-04-19 01:00:11 info: [0mGET /banners? [32m200[0m 225.138 ms - 308[0m
2023-04-19 01:00:11 info: [0mGET /banners?page=1&page_size=10 [32m200[0m 136.031 ms - 308[0m
2023-04-19 01:00:11 info: [0mGET /admins/profile [36m304[0m 186.387 ms - -[0m
2023-04-19 01:00:13 info: [0mGET /admins/profile [36m304[0m 46.464 ms - -[0m
2023-04-19 01:00:19 info: [0mOPTIONS /admins/profile [32m204[0m 0.224 ms - 0[0m
2023-04-19 01:00:19 info: [0mGET /banners?page=1&page_size=10 [32m200[0m 29.368 ms - 308[0m
2023-04-19 01:00:19 info: [0mGET /admins/profile [36m304[0m 76.189 ms - -[0m
2023-04-19 01:00:19 info: [0mGET /banners?page=1&page_size=10 [32m200[0m 14.406 ms - 308[0m
2023-04-19 01:00:20 info: [0mGET /banners/show/1 [32m200[0m 10.595 ms - 99[0m
2023-04-19 01:00:20 info: [0mGET /admins/profile [36m304[0m 26.698 ms - -[0m
2023-04-19 01:00:26 info: [0mOPTIONS /banners/update/1 [32m204[0m 0.635 ms - 0[0m
2023-04-19 01:00:26 info: [0mPUT /banners/update/1 [32m200[0m 56.863 ms - 16[0m
2023-04-19 01:00:26 info: [0mGET /banners/show/1 [36m304[0m 8.810 ms - -[0m
2023-04-19 01:00:32 info: [0mGET /banners/show/1 [36m304[0m 5.470 ms - -[0m
2023-04-19 01:00:32 info: [0mOPTIONS /admins/profile [32m204[0m 0.317 ms - 0[0m
2023-04-19 01:00:32 info: [0mGET /banners?page=1&page_size=10 [36m304[0m 25.176 ms - -[0m
2023-04-19 01:00:33 info: [0mGET /admins/profile [36m304[0m 129.916 ms - -[0m
2023-04-19 01:00:33 info: [0mGET /banners?page=1&page_size=10 [36m304[0m 25.361 ms - -[0m
2023-04-19 01:01:41 info: =================================
2023-04-19 01:01:41 info: ======= ENV: development =======
2023-04-19 01:01:41 info: 🚀 App listening on the port 8000
2023-04-19 01:01:41 info: =================================
2023-04-19 01:02:08 info: [0mGET /banners? [32m200[0m 561.597 ms - 308[0m
2023-04-19 01:02:08 info: [0mOPTIONS /admins/profile [32m204[0m 0.633 ms - 0[0m
2023-04-19 01:02:08 info: [0mGET /branchs? [36m304[0m 64.138 ms - -[0m
2023-04-19 01:02:08 info: [0mGET /admins/profile [36m304[0m 123.413 ms - -[0m
2023-04-19 01:02:08 info: [0mGET /branchs?page=1&page_size=10 [36m304[0m 28.622 ms - -[0m
2023-04-19 01:02:11 info: [0mGET /projects? [36m304[0m 191.443 ms - -[0m
2023-04-19 01:02:11 info: [0mGET /admins/profile [36m304[0m 217.653 ms - -[0m
2023-04-19 01:02:11 info: [0mGET /projects?page=1&page_size=10 [36m304[0m 24.519 ms - -[0m
2023-04-19 01:02:12 info: [0mGET /projects?[object%20Object] [32m200[0m 38.602 ms - 477[0m
2023-04-19 01:02:12 info: [0mGET /admins/profile [36m304[0m 48.056 ms - -[0m
2023-04-19 01:02:13 info: [0mGET /admins/profile [36m304[0m 64.051 ms - -[0m
2023-04-19 01:02:13 info: [0mGET /projects?page=1&page_size=10 [36m304[0m 78.103 ms - -[0m
2023-04-19 01:02:13 info: [0mGET /projects?page=1&page_size=10 [36m304[0m 10.733 ms - -[0m
2023-04-19 01:02:15 info: [0mOPTIONS /admins/profile [32m204[0m 0.827 ms - 0[0m
2023-04-19 01:02:15 info: [0mGET /admins/profile [36m304[0m 150.014 ms - -[0m
2023-04-19 01:02:15 info: [0mGET /posts? [36m304[0m 168.929 ms - -[0m
2023-04-19 01:02:15 info: [0mGET /posts?page=1&page_size=10 [36m304[0m 55.823 ms - -[0m
2023-04-19 01:02:17 info: [0mGET /jobs? [32m200[0m 114.717 ms - 996[0m
2023-04-19 01:02:17 info: [0mGET /admins/profile [36m304[0m 138.743 ms - -[0m
2023-04-19 01:02:17 info: [0mGET /jobs?page=1&page_size=10 [32m200[0m 87.690 ms - 996[0m
2023-04-19 01:02:22 info: [0mGET /jobs? [36m304[0m 12.004 ms - -[0m
2023-04-19 01:02:26 info: [0mOPTIONS /admins/profile [32m204[0m 3.467 ms - 0[0m
2023-04-19 01:02:26 info: [0mGET /admins/profile [36m304[0m 28.314 ms - -[0m
2023-04-19 01:02:26 info: [0mGET /ceos? [32m200[0m 98.316 ms - 362[0m
2023-04-19 01:02:26 info: [0mGET /ceos?page=1&page_size=10 [32m200[0m 15.130 ms - 362[0m
2023-04-19 01:02:26 info: [0mGET /ceos? [36m304[0m 11.674 ms - -[0m
2023-04-19 01:02:27 info: [0mGET /jobs? [36m304[0m 6.546 ms - -[0m
2023-04-19 01:02:27 info: [0mGET /admins/profile [36m304[0m 14.530 ms - -[0m
2023-04-19 01:02:27 info: [0mGET /jobs?page=1&page_size=10 [36m304[0m 21.397 ms - -[0m
2023-04-19 01:02:28 info: [0mGET /categories? [32m200[0m 14.462 ms - 372[0m
2023-04-19 01:02:28 info: [0mGET /admins/profile [36m304[0m 33.376 ms - -[0m
2023-04-19 01:02:28 info: [0mGET /categories?page=1&page_size=10 [32m200[0m 10.812 ms - 372[0m
2023-04-19 01:02:28 info: [0mGET /admins/profile [36m304[0m 16.878 ms - -[0m
2023-04-19 01:02:28 info: [0mGET /posts? [36m304[0m 53.881 ms - -[0m
2023-04-19 01:02:28 info: [0mGET /posts?page=1&page_size=10 [36m304[0m 21.916 ms - -[0m
2023-04-19 01:02:29 info: [0mGET /branchs? [36m304[0m 19.861 ms - -[0m
2023-04-19 01:02:29 info: [0mGET /admins/profile [36m304[0m 26.869 ms - -[0m
2023-04-19 01:02:29 info: [0mGET /branchs?page=1&page_size=10 [36m304[0m 8.411 ms - -[0m
2023-04-19 01:02:29 info: [0mGET /admins/profile [36m304[0m 32.402 ms - -[0m
2023-04-19 01:02:29 info: [0mGET /projects? [36m304[0m 33.408 ms - -[0m
2023-04-19 01:02:29 info: [0mGET /projects?page=1&page_size=10 [36m304[0m 7.069 ms - -[0m
2023-04-19 01:02:29 info: [0mGET /projects? [36m304[0m 11.499 ms - -[0m
2023-04-19 01:02:30 info: [0mGET /admins/profile [36m304[0m 13.631 ms - -[0m
2023-04-19 01:02:30 info: [0mGET /branchs? [36m304[0m 16.127 ms - -[0m
2023-04-19 01:02:30 info: [0mGET /branchs?page=1&page_size=10 [36m304[0m 6.993 ms - -[0m
2023-04-19 01:02:31 info: [0mOPTIONS /admins/profile [32m204[0m 0.210 ms - 0[0m
2023-04-19 01:02:31 info: [0mGET /banners? [32m200[0m 20.977 ms - 308[0m
2023-04-19 01:02:31 info: [0mGET /admins/profile [36m304[0m 22.990 ms - -[0m
2023-04-19 01:02:31 info: [0mGET /banners?page=1&page_size=10 [36m304[0m 14.802 ms - -[0m
2023-04-19 01:02:32 info: [0mGET /admins/profile [36m304[0m 41.878 ms - -[0m
2023-04-19 01:02:32 info: [0mGET /posts? [36m304[0m 41.892 ms - -[0m
2023-04-19 01:02:32 info: [0mGET /posts?page=1&page_size=10 [36m304[0m 41.501 ms - -[0m
2023-04-19 01:02:32 info: [0mGET /jobs? [36m304[0m 13.219 ms - -[0m
2023-04-19 01:02:32 info: [0mGET /admins/profile [36m304[0m 20.346 ms - -[0m
2023-04-19 01:02:33 info: [0mGET /jobs?page=1&page_size=10 [36m304[0m 22.112 ms - -[0m
2023-04-19 01:02:34 info: [0mOPTIONS /folders/get-medias [32m204[0m 0.235 ms - 0[0m
2023-04-19 01:02:35 info: [0mPOST /folders/get-medias [32m200[0m 47.522 ms - 31[0m
2023-04-19 01:02:35 info: [0mGET /admins/profile [36m304[0m 34.268 ms - -[0m
2023-04-19 01:02:35 info: [0mGET /folders [36m304[0m 32.055 ms - -[0m
2023-04-19 01:02:36 info: [0mOPTIONS /admins/profile [32m204[0m 1.439 ms - 0[0m
2023-04-19 01:02:36 info: [0mGET /admins/profile [36m304[0m 87.849 ms - -[0m
2023-04-19 01:02:36 info: [0mGET /roles? [32m200[0m 81.796 ms - 241[0m
2023-04-19 01:02:36 info: [0mGET /roles?page=1&page_size=10 [32m200[0m 31.406 ms - 241[0m
2023-04-19 01:04:32 info: [0mOPTIONS /admins/profile [32m204[0m 1.204 ms - 0[0m
2023-04-19 01:04:32 info: [0mGET /admins?page=1&page_size=10 [32m200[0m 146.990 ms - 432[0m
2023-04-19 01:04:32 info: [0mGET /admins? [32m200[0m 215.017 ms - 432[0m
2023-04-19 01:04:32 info: [0mGET /admins/profile [36m304[0m 282.741 ms - -[0m
2023-04-19 01:05:30 info: [0mOPTIONS /admins/profile [32m204[0m 19.251 ms - 0[0m
2023-04-19 01:05:30 info: [0mGET /admins?page=1&page_size=10 [36m304[0m 50.631 ms - -[0m
2023-04-19 01:05:30 info: [0mGET /admins/profile [36m304[0m 103.512 ms - -[0m
2023-04-19 01:05:30 info: [0mGET /admins?page=1&page_size=10 [36m304[0m 17.338 ms - -[0m
2023-04-19 01:07:02 info: [0mGET /admins?page=1&page_size=10 [36m304[0m 105.831 ms - -[0m
2023-04-19 01:07:06 info: [0mOPTIONS /admins/profile [32m204[0m 28.796 ms - 0[0m
2023-04-19 01:07:06 info: [0mGET /admins/profile [36m304[0m 123.172 ms - -[0m
2023-04-19 01:07:06 info: [0mGET /branchs? [36m304[0m 95.917 ms - -[0m
2023-04-19 01:07:06 info: [0mGET /branchs?page=1&page_size=10 [36m304[0m 18.202 ms - -[0m
2023-04-19 01:07:07 info: [0mGET /admins/profile [36m304[0m 20.945 ms - -[0m
2023-04-19 01:07:08 info: [0mGET /admins/profile [36m304[0m 20.860 ms - -[0m
2023-04-19 01:07:08 info: [0mGET /branchs?page=1&page_size=10 [36m304[0m 31.438 ms - -[0m
2023-04-19 01:07:08 info: [0mGET /branchs?page=1&page_size=10 [36m304[0m 7.021 ms - -[0m
2023-04-19 01:07:09 info: [0mGET /admins/profile [36m304[0m 14.419 ms - -[0m
2023-04-19 01:07:13 info: [0mOPTIONS /admins/profile [32m204[0m 0.549 ms - 0[0m
2023-04-19 01:07:13 info: [0mGET /admins/profile [36m304[0m 42.593 ms - -[0m
2023-04-19 01:07:13 info: [0mGET /banners? [36m304[0m 61.864 ms - -[0m
2023-04-19 01:07:13 info: [0mGET /banners?page=1&page_size=10 [36m304[0m 67.829 ms - -[0m
2023-04-19 01:07:13 info: [0mGET /branchs? [36m304[0m 16.746 ms - -[0m
2023-04-19 01:07:13 info: [0mGET /admins/profile [36m304[0m 31.005 ms - -[0m
2023-04-19 01:07:14 info: [0mGET /branchs?page=1&page_size=10 [36m304[0m 17.203 ms - -[0m
2023-04-19 01:07:14 info: [0mGET /projects? [36m304[0m 109.429 ms - -[0m
2023-04-19 01:07:14 info: [0mGET /admins/profile [36m304[0m 125.788 ms - -[0m
2023-04-19 01:07:14 info: [0mGET /projects?page=1&page_size=10 [36m304[0m 26.002 ms - -[0m
2023-04-19 01:07:16 info: [0mGET /projects?[object%20Object] [36m304[0m 17.051 ms - -[0m
2023-04-19 01:07:16 info: [0mGET /admins/profile [36m304[0m 25.699 ms - -[0m
2023-04-19 01:07:46 info: [0mOPTIONS /admins/profile [32m204[0m 0.816 ms - 0[0m
2023-04-19 01:07:46 info: [0mGET /projects?[object%20Object] [32m200[0m 127.998 ms - 477[0m
2023-04-19 01:07:46 info: [0mGET /admins/profile [36m304[0m 125.098 ms - -[0m
2023-04-19 01:07:46 info: [0mGET /projects?[object%20Object] [32m200[0m 16.601 ms - 477[0m
2023-04-19 01:08:41 info: [0mOPTIONS /admins/profile [32m204[0m 0.763 ms - 0[0m
2023-04-19 01:08:41 info: [0mGET /projects?[object%20Object] [36m304[0m 150.281 ms - -[0m
2023-04-19 01:08:41 info: [0mGET /branchs?[object%20Object] [32m200[0m 136.094 ms - 180[0m
2023-04-19 01:08:41 info: [0mGET /admins/profile [36m304[0m 127.095 ms - -[0m
2023-04-19 01:08:49 info: [0mOPTIONS /admins/profile [32m204[0m 1.657 ms - 0[0m
2023-04-19 01:08:49 info: [0mGET /branchs? [32m200[0m 131.826 ms - 175[0m
2023-04-19 01:08:49 info: [0mGET /admins/profile [36m304[0m 247.942 ms - -[0m
2023-04-19 01:08:49 info: [0mGET /branchs?page=1&page_size=10 [36m304[0m 113.161 ms - -[0m
2023-04-19 01:08:50 info: [0mGET /branchs? [32m200[0m 4.516 ms - 180[0m
2023-04-19 01:09:18 info: [0mOPTIONS /admins/profile [32m204[0m 0.671 ms - 0[0m
2023-04-19 01:09:18 info: [0mGET /branchs?[object%20Object] [36m304[0m 51.173 ms - -[0m
2023-04-19 01:09:18 info: [0mGET /projects?[object%20Object] [36m304[0m 77.269 ms - -[0m
2023-04-19 01:09:18 info: [0mGET /admins/profile [36m304[0m 112.625 ms - -[0m
2023-04-19 01:21:22 info: [0mOPTIONS /admins/profile [32m204[0m 0.839 ms - 0[0m
2023-04-19 01:21:22 info: [0mGET /posts? [36m304[0m 501.722 ms - -[0m
2023-04-19 01:21:22 info: [0mGET /posts?page=1&page_size=10 [36m304[0m 480.931 ms - -[0m
2023-04-19 01:21:22 info: [0mGET /admins/profile [36m304[0m 609.150 ms - -[0m
2023-04-19 01:21:25 info: [0mGET /categories? [36m304[0m 67.587 ms - -[0m
2023-04-19 01:21:25 info: [0mGET /admins/profile [36m304[0m 215.225 ms - -[0m
2023-04-19 01:21:25 info: [0mGET /categories?page=1&page_size=10 [36m304[0m 101.283 ms - -[0m
2023-04-19 01:21:27 info: [0mOPTIONS /admins/profile [32m204[0m 1.576 ms - 0[0m
2023-04-19 01:21:27 info: [0mGET /admins/profile [36m304[0m 138.116 ms - -[0m
2023-04-19 01:21:27 info: [0mGET /jobs? [36m304[0m 44.467 ms - -[0m
2023-04-19 01:21:27 info: [0mGET /jobs?page=1&page_size=10 [36m304[0m 19.025 ms - -[0m
2023-04-19 01:21:29 info: [0mGET /admins/profile [36m304[0m 23.539 ms - -[0m
2023-04-19 01:21:29 info: [0mGET /ceos? [36m304[0m 42.787 ms - -[0m
2023-04-19 01:21:29 info: [0mGET /ceos?page=1&page_size=10 [36m304[0m 25.777 ms - -[0m
2023-04-19 01:21:31 info: [0mOPTIONS /folders/get-medias [32m204[0m 0.153 ms - 0[0m
2023-04-19 01:21:31 info: [0mPOST /folders/get-medias [32m200[0m 31.023 ms - 31[0m
2023-04-19 01:21:31 info: [0mGET /folders [36m304[0m 47.122 ms - -[0m
2023-04-19 01:21:31 info: [0mGET /admins/profile [36m304[0m 64.574 ms - -[0m
2023-04-19 01:21:33 info: [0mPOST /folders/get-medias [32m200[0m 2.431 ms - 31[0m
2023-04-19 01:21:33 info: [0mPOST /folders/get-medias [32m200[0m 3.789 ms - 31[0m
2023-04-19 01:21:39 info: [0mOPTIONS /admins/profile [32m204[0m 1.033 ms - 0[0m
2023-04-19 01:21:39 info: [0mGET /admins/profile [36m304[0m 76.452 ms - -[0m
2023-04-19 01:21:39 info: [0mGET /banners? [32m200[0m 115.618 ms - 308[0m
2023-04-19 01:21:39 info: [0mGET /banners?page=1&page_size=10 [36m304[0m 57.967 ms - -[0m
2023-04-19 01:21:43 info: [0mGET /admins/profile [36m304[0m 112.120 ms - -[0m
2023-04-19 01:21:43 info: [0mGET /banners/show/1 [36m304[0m 83.383 ms - -[0m
2023-04-19 01:21:45 info: [0mOPTIONS /folders/get-medias [32m204[0m 0.568 ms - 0[0m
2023-04-19 01:21:45 info: [0mPOST /folders/get-medias [32m200[0m 10.103 ms - 31[0m
2023-04-19 01:21:45 info: [0mGET /folders [36m304[0m 23.798 ms - -[0m
2023-04-19 01:21:50 info: [0mOPTIONS /admins/profile [32m204[0m 0.465 ms - 0[0m
2023-04-19 01:21:50 info: [0mGET /banners/show/1 [36m304[0m 145.865 ms - -[0m
2023-04-19 01:21:50 info: [0mGET /banners?page=1&page_size=10 [36m304[0m 137.416 ms - -[0m
2023-04-19 01:21:50 info: [0mGET /admins/profile [36m304[0m 143.493 ms - -[0m
2023-04-19 01:21:50 info: [0mGET /banners?page=1&page_size=10 [36m304[0m 16.760 ms - -[0m
2023-04-19 01:21:51 info: [0mGET /banners/show/1 [36m304[0m 27.294 ms - -[0m
2023-04-19 01:21:51 info: [0mGET /admins/profile [36m304[0m 46.770 ms - -[0m
2023-04-19 01:21:52 info: [0mGET /banners/show/1 [36m304[0m 10.582 ms - -[0m
2023-04-19 01:21:52 info: [0mGET /banners?page=1&page_size=10 [36m304[0m 22.030 ms - -[0m
2023-04-19 01:21:52 info: [0mGET /admins/profile [36m304[0m 31.724 ms - -[0m
2023-04-19 01:21:52 info: [0mGET /banners?page=1&page_size=10 [36m304[0m 9.733 ms - -[0m
2023-04-19 01:21:53 info: [0mGET /banners/show/1 [36m304[0m 3.234 ms - -[0m
2023-04-19 01:21:53 info: [0mGET /admins/profile [36m304[0m 8.887 ms - -[0m
2023-04-19 01:21:56 info: [0mOPTIONS /admins/profile [32m204[0m 1.643 ms - 0[0m
2023-04-19 01:21:56 info: [0mGET /banners/show/1 [36m304[0m 134.029 ms - -[0m
2023-04-19 01:21:56 info: [0mGET /admins/profile [36m304[0m 102.284 ms - -[0m
2023-04-19 01:21:56 info: [0mGET /posts? [32m200[0m 176.969 ms - 542[0m
2023-04-19 01:21:57 info: [0mGET /categories? [36m304[0m 80.286 ms - -[0m
2023-04-19 01:21:57 info: [0mGET /admins/profile [36m304[0m 178.826 ms - -[0m
2023-04-19 01:21:57 info: [0mGET /categories?page=1&page_size=10 [36m304[0m 8.451 ms - -[0m
2023-04-19 12:06:45 info: =================================
2023-04-19 12:06:45 info: ======= ENV: development =======
2023-04-19 12:06:45 info: 🚀 App listening on the port 8000
2023-04-19 12:06:45 info: =================================
2023-04-19 12:08:44 info: [0mOPTIONS /admins/login [32m204[0m 1.735 ms - 0[0m
2023-04-19 12:08:44 info: [0mPOST /admins/login [32m200[0m 124.004 ms - 744[0m
2023-04-19 12:08:46 info: [0mOPTIONS /admins/profile [32m204[0m 0.638 ms - 0[0m
2023-04-19 12:08:46 info: [0mGET /admins/profile [36m304[0m 123.826 ms - -[0m
2023-04-19 12:08:49 info: [0mGET /admins/profile [36m304[0m 163.705 ms - -[0m
2023-04-19 12:08:49 info: [0mGET /branchs?page=1&page_size=10 [36m304[0m 35.835 ms - -[0m
2023-04-19 12:08:49 info: [0mGET /branchs? [36m304[0m 179.272 ms - -[0m
2023-04-19 12:08:50 info: [0mGET /admins/profile [36m304[0m 35.806 ms - -[0m
2023-04-19 12:08:50 info: [0mGET /posts? [32m200[0m 42.432 ms - 542[0m
2023-04-19 12:08:50 info: [0mGET /posts?page=1&page_size=10 [36m304[0m 64.771 ms - -[0m
2023-04-19 12:08:52 info: [0mOPTIONS /admins/profile [32m204[0m 0.446 ms - 0[0m
2023-04-19 12:08:52 info: [0mOPTIONS /folders/get-medias [32m204[0m 0.270 ms - 0[0m
2023-04-19 12:08:52 info: [0mPOST /folders/get-medias [32m200[0m 41.936 ms - 31[0m
2023-04-19 12:08:52 info: [0mGET /admins/profile [36m304[0m 45.963 ms - -[0m
2023-04-19 12:08:52 info: [0mGET /folders [36m304[0m 60.326 ms - -[0m
2023-04-19 12:08:56 info: [0mPOST /medias/create [32m200[0m 49.524 ms - 31[0m
2023-04-19 12:08:56 info: [0mPOST /folders/get-medias [32m200[0m 9.381 ms - 310[0m
2023-04-19 12:09:41 info: =================================
2023-04-19 12:09:41 info: ======= ENV: development =======
2023-04-19 12:09:41 info: 🚀 App listening on the port 8000
2023-04-19 12:09:41 info: =================================
2023-04-19 12:09:52 info: =================================
2023-04-19 12:09:52 info: ======= ENV: development =======
2023-04-19 12:09:52 info: 🚀 App listening on the port 8000
2023-04-19 12:09:52 info: =================================
2023-04-19 12:10:04 info: =================================
2023-04-19 12:10:04 info: ======= ENV: development =======
2023-04-19 12:10:04 info: 🚀 App listening on the port 8000
2023-04-19 12:10:04 info: =================================
2023-04-19 12:10:19 info: [0mOPTIONS /admins/profile [32m204[0m 2.904 ms - 0[0m
2023-04-19 12:10:19 info: [0mGET /admins/profile [36m304[0m 439.821 ms - -[0m
2023-04-19 12:10:19 info: [0mGET /ceos? [36m304[0m 349.099 ms - -[0m
2023-04-19 12:10:19 info: [0mGET /admins/profile [36m304[0m 23.343 ms - -[0m
2023-04-19 12:10:19 info: [0mGET /categories? [36m304[0m 37.252 ms - -[0m
2023-04-19 12:10:19 info: [0mGET /categories?page=1&page_size=10 [36m304[0m 10.478 ms - -[0m
2023-04-19 12:10:20 info: [0mGET /jobs? [36m304[0m 16.318 ms - -[0m
2023-04-19 12:10:20 info: [0mGET /admins/profile [36m304[0m 27.901 ms - -[0m
2023-04-19 12:10:20 info: [0mGET /jobs?page=1&page_size=10 [36m304[0m 15.247 ms - -[0m
2023-04-19 12:10:22 info: [0mGET /admins/profile [36m304[0m 19.877 ms - -[0m
2023-04-19 12:10:22 info: [0mGET /banners? [36m304[0m 35.781 ms - -[0m
2023-04-19 12:10:22 info: [0mGET /banners?page=1&page_size=10 [36m304[0m 24.752 ms - -[0m
2023-04-19 12:10:23 info: [0mGET /admins/profile [36m304[0m 27.484 ms - -[0m
2023-04-19 12:10:25 info: [0mOPTIONS /admins/profile [32m204[0m 0.523 ms - 0[0m
2023-04-19 12:10:25 info: [0mGET /branchs? [32m200[0m 22.525 ms - 175[0m
2023-04-19 12:10:25 info: [0mGET /admins/profile [36m304[0m 40.607 ms - -[0m
2023-04-19 12:10:25 info: [0mGET /branchs?page=1&page_size=10 [36m304[0m 11.160 ms - -[0m
2023-04-19 12:10:26 info: [0mGET /admins/profile [36m304[0m 39.207 ms - -[0m
2023-04-19 12:10:27 info: [0mGET /admins/profile [36m304[0m 17.821 ms - -[0m
2023-04-19 12:10:27 info: [0mGET /branchs?page=1&page_size=10 [36m304[0m 32.436 ms - -[0m
2023-04-19 12:10:27 info: [0mGET /branchs?page=1&page_size=10 [36m304[0m 6.373 ms - -[0m
2023-04-19 12:10:29 info: [0mGET /admins/profile [36m304[0m 47.674 ms - -[0m
2023-04-19 12:10:29 info: [0mGET /projects? [36m304[0m 102.563 ms - -[0m
2023-04-19 12:10:29 info: [0mGET /projects?page=1&page_size=10 [36m304[0m 18.421 ms - -[0m
2023-04-19 12:11:13 info: =================================
2023-04-19 12:11:13 info: ======= ENV: development =======
2023-04-19 12:11:13 info: 🚀 App listening on the port 8000
2023-04-19 12:11:13 info: =================================
2023-04-19 12:14:44 info: =================================
2023-04-19 12:14:44 info: ======= ENV: development =======
2023-04-19 12:14:44 info: 🚀 App listening on the port 8000
2023-04-19 12:14:44 info: =================================
2023-04-19 12:15:06 info: =================================
2023-04-19 12:15:06 info: ======= ENV: development =======
2023-04-19 12:15:06 info: 🚀 App listening on the port 8000
2023-04-19 12:15:06 info: =================================
2023-04-19 12:15:40 info: [0mGET /ceos [32m200[0m 152.857 ms - 362[0m
2023-04-19 12:15:40 error: {"name":"SequelizeDatabaseError","parent":{"code":"ER_BAD_FIELD_ERROR","errno":1054,"sqlState":"42S22","sqlMessage":"Unknown column 'ceos.isFeatured' in 'where clause'","sql":"SELECT `ceos`.`id`, `ceos`.`status`, `ceos`.`thumbnail`, `ceos`.`createdAt`, `ceos`.`updatedAt`, `image`.`id` AS `image.id`, `image`.`filename` AS `image.filename`, `image`.`disk` AS `image.disk`, `image`.`folder_id` AS `image.folder_id`, `image`.`path` AS `image.path`, `image`.`extension` AS `image.extension`, `image`.`mime` AS `image.mime`, `image`.`size` AS `image.size`, `image`.`width` AS `image.width`, `image`.`height` AS `image.height`, `image`.`alt` AS `image.alt`, `image`.`creator` AS `image.creator`, `image`.`editor` AS `image.editor`, `image`.`createdAt` AS `image.createdAt`, `image`.`updatedAt` AS `image.updatedAt` FROM `ceos` AS `ceos` LEFT OUTER JOIN `medias` AS `image` ON `ceos`.`thumbnail` = `image`.`id` WHERE `ceos`.`isFeatured` = true AND `ceos`.`status` = true;"},"original":{"code":"ER_BAD_FIELD_ERROR","errno":1054,"sqlState":"42S22","sqlMessage":"Unknown column 'ceos.isFeatured' in 'where clause'","sql":"SELECT `ceos`.`id`, `ceos`.`status`, `ceos`.`thumbnail`, `ceos`.`createdAt`, `ceos`.`updatedAt`, `image`.`id` AS `image.id`, `image`.`filename` AS `image.filename`, `image`.`disk` AS `image.disk`, `image`.`folder_id` AS `image.folder_id`, `image`.`path` AS `image.path`, `image`.`extension` AS `image.extension`, `image`.`mime` AS `image.mime`, `image`.`size` AS `image.size`, `image`.`width` AS `image.width`, `image`.`height` AS `image.height`, `image`.`alt` AS `image.alt`, `image`.`creator` AS `image.creator`, `image`.`editor` AS `image.editor`, `image`.`createdAt` AS `image.createdAt`, `image`.`updatedAt` AS `image.updatedAt` FROM `ceos` AS `ceos` LEFT OUTER JOIN `medias` AS `image` ON `ceos`.`thumbnail` = `image`.`id` WHERE `ceos`.`isFeatured` = true AND `ceos`.`status` = true;"},"sql":"SELECT `ceos`.`id`, `ceos`.`status`, `ceos`.`thumbnail`, `ceos`.`createdAt`, `ceos`.`updatedAt`, `image`.`id` AS `image.id`, `image`.`filename` AS `image.filename`, `image`.`disk` AS `image.disk`, `image`.`folder_id` AS `image.folder_id`, `image`.`path` AS `image.path`, `image`.`extension` AS `image.extension`, `image`.`mime` AS `image.mime`, `image`.`size` AS `image.size`, `image`.`width` AS `image.width`, `image`.`height` AS `image.height`, `image`.`alt` AS `image.alt`, `image`.`creator` AS `image.creator`, `image`.`editor` AS `image.editor`, `image`.`createdAt` AS `image.createdAt`, `image`.`updatedAt` AS `image.updatedAt` FROM `ceos` AS `ceos` LEFT OUTER JOIN `medias` AS `image` ON `ceos`.`thumbnail` = `image`.`id` WHERE `ceos`.`isFeatured` = true AND `ceos`.`status` = true;","parameters":{}}
2023-04-19 12:15:40 info: [0mGET /ceos/getListFeatured [32m200[0m 173.672 ms - 16[0m
2023-04-19 12:16:54 info: =================================
2023-04-19 12:16:54 info: ======= ENV: development =======
2023-04-19 12:16:54 info: 🚀 App listening on the port 8000
2023-04-19 12:16:54 info: =================================
2023-04-19 12:17:01 error: {"name":"SequelizeDatabaseError","parent":{"code":"ER_BAD_FIELD_ERROR","errno":1054,"sqlState":"42S22","sqlMessage":"Unknown column 'ceos.isFeatured' in 'where clause'","sql":"SELECT `ceos`.`id`, `ceos`.`status`, `ceos`.`thumbnail`, `ceos`.`createdAt`, `ceos`.`updatedAt`, `image`.`id` AS `image.id`, `image`.`filename` AS `image.filename`, `image`.`disk` AS `image.disk`, `image`.`folder_id` AS `image.folder_id`, `image`.`path` AS `image.path`, `image`.`extension` AS `image.extension`, `image`.`mime` AS `image.mime`, `image`.`size` AS `image.size`, `image`.`width` AS `image.width`, `image`.`height` AS `image.height`, `image`.`alt` AS `image.alt`, `image`.`creator` AS `image.creator`, `image`.`editor` AS `image.editor`, `image`.`createdAt` AS `image.createdAt`, `image`.`updatedAt` AS `image.updatedAt` FROM `ceos` AS `ceos` LEFT OUTER JOIN `medias` AS `image` ON `ceos`.`thumbnail` = `image`.`id` WHERE `ceos`.`isFeatured` = true AND `ceos`.`status` = true;"},"original":{"code":"ER_BAD_FIELD_ERROR","errno":1054,"sqlState":"42S22","sqlMessage":"Unknown column 'ceos.isFeatured' in 'where clause'","sql":"SELECT `ceos`.`id`, `ceos`.`status`, `ceos`.`thumbnail`, `ceos`.`createdAt`, `ceos`.`updatedAt`, `image`.`id` AS `image.id`, `image`.`filename` AS `image.filename`, `image`.`disk` AS `image.disk`, `image`.`folder_id` AS `image.folder_id`, `image`.`path` AS `image.path`, `image`.`extension` AS `image.extension`, `image`.`mime` AS `image.mime`, `image`.`size` AS `image.size`, `image`.`width` AS `image.width`, `image`.`height` AS `image.height`, `image`.`alt` AS `image.alt`, `image`.`creator` AS `image.creator`, `image`.`editor` AS `image.editor`, `image`.`createdAt` AS `image.createdAt`, `image`.`updatedAt` AS `image.updatedAt` FROM `ceos` AS `ceos` LEFT OUTER JOIN `medias` AS `image` ON `ceos`.`thumbnail` = `image`.`id` WHERE `ceos`.`isFeatured` = true AND `ceos`.`status` = true;"},"sql":"SELECT `ceos`.`id`, `ceos`.`status`, `ceos`.`thumbnail`, `ceos`.`createdAt`, `ceos`.`updatedAt`, `image`.`id` AS `image.id`, `image`.`filename` AS `image.filename`, `image`.`disk` AS `image.disk`, `image`.`folder_id` AS `image.folder_id`, `image`.`path` AS `image.path`, `image`.`extension` AS `image.extension`, `image`.`mime` AS `image.mime`, `image`.`size` AS `image.size`, `image`.`width` AS `image.width`, `image`.`height` AS `image.height`, `image`.`alt` AS `image.alt`, `image`.`creator` AS `image.creator`, `image`.`editor` AS `image.editor`, `image`.`createdAt` AS `image.createdAt`, `image`.`updatedAt` AS `image.updatedAt` FROM `ceos` AS `ceos` LEFT OUTER JOIN `medias` AS `image` ON `ceos`.`thumbnail` = `image`.`id` WHERE `ceos`.`isFeatured` = true AND `ceos`.`status` = true;","parameters":{}}
2023-04-19 12:17:01 info: [0mGET /ceos/getListFeatured [36m304[0m 247.831 ms - -[0m
2023-04-19 12:17:43 info: [0mOPTIONS /admins/login [32m204[0m 7.537 ms - 0[0m
2023-04-19 12:17:43 info: [0mPOST /admins/login [32m200[0m 243.195 ms - 928[0m
2023-04-19 12:17:44 info: [0mOPTIONS /admins/profile [32m204[0m 0.206 ms - 0[0m
2023-04-19 12:17:44 info: [0mGET /admins/profile [36m304[0m 76.677 ms - -[0m
2023-04-19 12:17:55 info: [0mOPTIONS /admins/profile [32m204[0m 0.625 ms - 0[0m
2023-04-19 12:17:55 info: [0mGET /admins/profile [36m304[0m 162.207 ms - -[0m
2023-04-19 12:17:55 info: [0mGET /ceos? [36m304[0m 178.226 ms - -[0m
2023-04-19 12:17:55 info: [0mGET /ceos?page=1&page_size=10 [36m304[0m 25.929 ms - -[0m
2023-04-19 12:17:58 info: [0mGET /admins/profile [36m304[0m 14.635 ms - -[0m
2023-04-19 12:17:58 info: [0mGET /ceos/show/1 [32m200[0m 25.277 ms - -[0m
2023-04-19 12:46:44 info: =================================
2023-04-19 12:46:44 info: ======= ENV: development =======
2023-04-19 12:46:44 info: 🚀 App listening on the port 8000
2023-04-19 12:46:44 info: =================================
2023-04-19 12:48:41 info: =================================
2023-04-19 12:48:41 info: ======= ENV: development =======
2023-04-19 12:48:41 info: 🚀 App listening on the port 8000
2023-04-19 12:48:41 info: =================================
2023-04-19 12:48:44 error: {"name":"SequelizeDatabaseError","parent":{"code":"ER_BAD_FIELD_ERROR","errno":1054,"sqlState":"42S22","sqlMessage":"Unknown column 'ceos.isFeatured' in 'where clause'","sql":"SELECT `ceos`.`id`, `ceos`.`status`, `ceos`.`thumbnail`, `ceos`.`createdAt`, `ceos`.`updatedAt`, `image`.`id` AS `image.id`, `image`.`filename` AS `image.filename`, `image`.`disk` AS `image.disk`, `image`.`folder_id` AS `image.folder_id`, `image`.`path` AS `image.path`, `image`.`extension` AS `image.extension`, `image`.`mime` AS `image.mime`, `image`.`size` AS `image.size`, `image`.`width` AS `image.width`, `image`.`height` AS `image.height`, `image`.`alt` AS `image.alt`, `image`.`creator` AS `image.creator`, `image`.`editor` AS `image.editor`, `image`.`createdAt` AS `image.createdAt`, `image`.`updatedAt` AS `image.updatedAt`, `translations`.`id` AS `translations.id`, `translations`.`ceo_id` AS `translations.ceo_id`, `translations`.`locale` AS `translations.locale`, `translations`.`name` AS `translations.name`, `translations`.`description` AS `translations.description`, `translations`.`detail` AS `translations.detail`, `translations`.`date` AS `translations.date`, `translations`.`phone` AS `translations.phone`, `translations`.`email` AS `translations.email`, `translations`.`position` AS `translations.position`, `translations`.`work_at` AS `translations.work_at`, `translations`.`lang` AS `translations.lang`, `translations`.`address` AS `translations.address`, `translations`.`social` AS `translations.social`, `translations`.`education` AS `translations.education`, `translations`.`slug` AS `translations.slug`, `translations`.`custom_slug` AS `translations.custom_slug`, `translations`.`meta_title` AS `translations.meta_title`, `translations`.`meta_description` AS `translations.meta_description`, `translations`.`meta_keyword` AS `translations.meta_keyword`, `translations`.`meta_robots` AS `translations.meta_robots`, `translations`.`canonica_link` AS `translations.canonica_link`, `translations`.`meta_image` AS `translations.meta_image`, `translations`.`meta_viewport` AS `translations.meta_viewport` FROM `ceos` AS `ceos` LEFT OUTER JOIN `medias` AS `image` ON `ceos`.`thumbnail` = `image`.`id` INNER JOIN `ceo_translation` AS `translations` ON `ceos`.`id` = `translations`.`ceo_id` AND `translations`.`locale` = 'en' WHERE `ceos`.`isFeatured` = true AND `ceos`.`status` = true;"},"original":{"code":"ER_BAD_FIELD_ERROR","errno":1054,"sqlState":"42S22","sqlMessage":"Unknown column 'ceos.isFeatured' in 'where clause'","sql":"SELECT `ceos`.`id`, `ceos`.`status`, `ceos`.`thumbnail`, `ceos`.`createdAt`, `ceos`.`updatedAt`, `image`.`id` AS `image.id`, `image`.`filename` AS `image.filename`, `image`.`disk` AS `image.disk`, `image`.`folder_id` AS `image.folder_id`, `image`.`path` AS `image.path`, `image`.`extension` AS `image.extension`, `image`.`mime` AS `image.mime`, `image`.`size` AS `image.size`, `image`.`width` AS `image.width`, `image`.`height` AS `image.height`, `image`.`alt` AS `image.alt`, `image`.`creator` AS `image.creator`, `image`.`editor` AS `image.editor`, `image`.`createdAt` AS `image.createdAt`, `image`.`updatedAt` AS `image.updatedAt`, `translations`.`id` AS `translations.id`, `translations`.`ceo_id` AS `translations.ceo_id`, `translations`.`locale` AS `translations.locale`, `translations`.`name` AS `translations.name`, `translations`.`description` AS `translations.description`, `translations`.`detail` AS `translations.detail`, `translations`.`date` AS `translations.date`, `translations`.`phone` AS `translations.phone`, `translations`.`email` AS `translations.email`, `translations`.`position` AS `translations.position`, `translations`.`work_at` AS `translations.work_at`, `translations`.`lang` AS `translations.lang`, `translations`.`address` AS `translations.address`, `translations`.`social` AS `translations.social`, `translations`.`education` AS `translations.education`, `translations`.`slug` AS `translations.slug`, `translations`.`custom_slug` AS `translations.custom_slug`, `translations`.`meta_title` AS `translations.meta_title`, `translations`.`meta_description` AS `translations.meta_description`, `translations`.`meta_keyword` AS `translations.meta_keyword`, `translations`.`meta_robots` AS `translations.meta_robots`, `translations`.`canonica_link` AS `translations.canonica_link`, `translations`.`meta_image` AS `translations.meta_image`, `translations`.`meta_viewport` AS `translations.meta_viewport` FROM `ceos` AS `ceos` LEFT OUTER JOIN `medias` AS `image` ON `ceos`.`thumbnail` = `image`.`id` INNER JOIN `ceo_translation` AS `translations` ON `ceos`.`id` = `translations`.`ceo_id` AND `translations`.`locale` = 'en' WHERE `ceos`.`isFeatured` = true AND `ceos`.`status` = true;"},"sql":"SELECT `ceos`.`id`, `ceos`.`status`, `ceos`.`thumbnail`, `ceos`.`createdAt`, `ceos`.`updatedAt`, `image`.`id` AS `image.id`, `image`.`filename` AS `image.filename`, `image`.`disk` AS `image.disk`, `image`.`folder_id` AS `image.folder_id`, `image`.`path` AS `image.path`, `image`.`extension` AS `image.extension`, `image`.`mime` AS `image.mime`, `image`.`size` AS `image.size`, `image`.`width` AS `image.width`, `image`.`height` AS `image.height`, `image`.`alt` AS `image.alt`, `image`.`creator` AS `image.creator`, `image`.`editor` AS `image.editor`, `image`.`createdAt` AS `image.createdAt`, `image`.`updatedAt` AS `image.updatedAt`, `translations`.`id` AS `translations.id`, `translations`.`ceo_id` AS `translations.ceo_id`, `translations`.`locale` AS `translations.locale`, `translations`.`name` AS `translations.name`, `translations`.`description` AS `translations.description`, `translations`.`detail` AS `translations.detail`, `translations`.`date` AS `translations.date`, `translations`.`phone` AS `translations.phone`, `translations`.`email` AS `translations.email`, `translations`.`position` AS `translations.position`, `translations`.`work_at` AS `translations.work_at`, `translations`.`lang` AS `translations.lang`, `translations`.`address` AS `translations.address`, `translations`.`social` AS `translations.social`, `translations`.`education` AS `translations.education`, `translations`.`slug` AS `translations.slug`, `translations`.`custom_slug` AS `translations.custom_slug`, `translations`.`meta_title` AS `translations.meta_title`, `translations`.`meta_description` AS `translations.meta_description`, `translations`.`meta_keyword` AS `translations.meta_keyword`, `translations`.`meta_robots` AS `translations.meta_robots`, `translations`.`canonica_link` AS `translations.canonica_link`, `translations`.`meta_image` AS `translations.meta_image`, `translations`.`meta_viewport` AS `translations.meta_viewport` FROM `ceos` AS `ceos` LEFT OUTER JOIN `medias` AS `image` ON `ceos`.`thumbnail` = `image`.`id` INNER JOIN `ceo_translation` AS `translations` ON `ceos`.`id` = `translations`.`ceo_id` AND `translations`.`locale` = 'en' WHERE `ceos`.`isFeatured` = true AND `ceos`.`status` = true;","parameters":{}}
2023-04-19 12:48:44 info: [0mGET /ceos/getlistCeo [32m200[0m 355.676 ms - 16[0m
2023-04-19 12:49:05 info: =================================
2023-04-19 12:49:05 info: ======= ENV: development =======
2023-04-19 12:49:05 info: 🚀 App listening on the port 8000
2023-04-19 12:49:05 info: =================================
2023-04-19 12:50:40 info: [0mGET /ceos/getlistCeo [36m304[0m 156.290 ms - -[0m
2023-04-19 12:50:44 info: [0mGET /ceos/getlistCeo [36m304[0m 105.345 ms - -[0m
2023-04-19 12:51:17 info: =================================
2023-04-19 12:51:17 info: ======= ENV: development =======
2023-04-19 12:51:17 info: 🚀 App listening on the port 8000
2023-04-19 12:51:17 info: =================================
2023-04-19 12:51:54 info: [0mGET /ceos/getlistCeo [0m-[0m - ms - -[0m
2023-04-19 12:51:54 info: [0mGET /ceos/getlistCeo [32m200[0m 159.652 ms - 16[0m
2023-04-19 12:52:15 info: =================================
2023-04-19 12:52:15 info: ======= ENV: development =======
2023-04-19 12:52:15 info: 🚀 App listening on the port 8000
2023-04-19 12:52:15 info: =================================
2023-04-19 12:52:18 info: [0mGET /ceos/getlistCeo [32m200[0m 81.122 ms - 26[0m
2023-04-19 12:53:27 info: =================================
2023-04-19 12:53:27 info: ======= ENV: development =======
2023-04-19 12:53:27 info: 🚀 App listening on the port 8000
2023-04-19 12:53:27 info: =================================
2023-04-19 12:53:28 info: [0mGET /ceos/getlistCeo [0m-[0m - ms - -[0m
2023-04-19 12:53:28 info: [0mGET /ceos/getlistCeo [32m200[0m 72.730 ms - 301[0m
2023-04-19 12:58:32 info: [0mGET /ceos/getlistCeos [33m404[0m 70.926 ms - 155[0m
2023-04-19 12:58:45 info: [0mGET /ceos/getlistCeos [33m404[0m 7.993 ms - 155[0m
2023-04-19 13:00:03 info: [0mGET /ceos/getlistCeos [33m404[0m 38.395 ms - 155[0m
2023-04-19 13:00:10 info: [0mGET /ceos/getlistCeos [33m404[0m 45.741 ms - 155[0m
2023-04-19 13:00:28 info: [0mGET /ceos/getListCeos [33m404[0m 2.035 ms - 155[0m
2023-04-19 13:00:45 info: [0mGET /ceos/getlistCeo [36m304[0m 201.948 ms - -[0m
2023-04-19 13:00:55 info: [0mGET /ceos/getlistCeo [32m200[0m 168.393 ms - 301[0m
2023-04-19 13:01:04 info: [0mGET /ceos/getlistCeo [36m304[0m 71.565 ms - -[0m
2023-04-19 13:01:12 info: [0mGET /ceos/getlistCeo [36m304[0m 18.860 ms - -[0m
2023-04-19 13:01:24 info: [0mGET /ceos/getlistCeo [36m304[0m 367.423 ms - -[0m
2023-04-19 13:01:28 info: [0mGET /ceos/getlistCeo [36m304[0m 55.014 ms - -[0m
2023-04-19 13:01:32 info: [0mGET /ceos/getlistCeo [36m304[0m 64.558 ms - -[0m
2023-04-19 13:02:08 info: =================================
2023-04-19 13:02:08 info: ======= ENV: development =======
2023-04-19 13:02:08 info: 🚀 App listening on the port 8000
2023-04-19 13:02:09 info: =================================
2023-04-19 13:02:19 info: =================================
2023-04-19 13:02:19 info: ======= ENV: development =======
2023-04-19 13:02:19 info: 🚀 App listening on the port 8000
2023-04-19 13:02:19 info: =================================
2023-04-19 13:02:52 info: =================================
2023-04-19 13:02:52 info: ======= ENV: development =======
2023-04-19 13:02:52 info: 🚀 App listening on the port 8000
2023-04-19 13:02:52 info: =================================
2023-04-19 13:03:09 info: =================================
2023-04-19 13:03:09 info: ======= ENV: development =======
2023-04-19 13:03:09 info: 🚀 App listening on the port 8000
2023-04-19 13:03:09 info: =================================
2023-04-19 13:03:22 info: =================================
2023-04-19 13:03:22 info: ======= ENV: development =======
2023-04-19 13:03:22 info: 🚀 App listening on the port 8000
2023-04-19 13:03:22 info: =================================
2023-04-19 13:04:37 info: [0mOPTIONS /admins/profile [32m204[0m 1.426 ms - 0[0m
2023-04-19 13:04:37 info: [0mGET /admins/profile [33m401[0m 337.759 ms - 39[0m
2023-04-19 13:04:37 info: [0mGET /ceos? [32m200[0m 580.130 ms - 384[0m
2023-04-19 13:04:37 info: [0mGET /ceos/show/1 [32m200[0m 707.586 ms - -[0m
2023-04-19 13:04:37 info: [0mGET /ceos?page=1&page_size=10 [32m200[0m 28.870 ms - 384[0m
2023-04-19 13:04:40 info: [0mOPTIONS /admins/logout [32m204[0m 0.347 ms - 0[0m
2023-04-19 13:04:41 info: [0mPOST /admins/logout [33m401[0m 19.714 ms - 39[0m
2023-04-19 13:04:42 info: [0mGET /admins/profile [33m401[0m 103.209 ms - 39[0m
2023-04-19 13:04:44 info: [0mOPTIONS /admins/profile [32m204[0m 0.320 ms - 0[0m
2023-04-19 13:04:44 info: [0mGET /admins/profile [33m401[0m 30.698 ms - 39[0m
2023-04-19 13:04:44 info: [0mGET /ceos? [32m200[0m 100.271 ms - 384[0m
2023-04-19 13:04:44 info: [0mGET /ceos?page=1&page_size=10 [36m304[0m 29.876 ms - -[0m
2023-04-19 13:04:46 info: [0mGET /admins/profile [33m401[0m 25.451 ms - 39[0m
2023-04-19 13:04:50 info: [0mOPTIONS /folders/get-medias [32m204[0m 0.247 ms - 0[0m
2023-04-19 13:04:50 info: [0mPOST /folders/get-medias [32m200[0m 15.649 ms - 31[0m
2023-04-19 13:04:50 info: [0mGET /folders [36m304[0m 17.063 ms - -[0m
2023-04-19 13:04:52 info: [0mPOST /folders/get-medias [32m200[0m 2.760 ms - 31[0m
2023-04-19 13:05:00 info: [0mPOST /medias/create [32m200[0m 48.027 ms - 31[0m
2023-04-19 13:05:00 info: [0mOPTIONS /folders/get-medias [32m204[0m 0.426 ms - 0[0m
2023-04-19 13:05:00 info: [0mPOST /folders/get-medias [32m200[0m 36.634 ms - 309[0m
2023-04-19 13:05:02 info: [0mOPTIONS /ceos/create [32m204[0m 0.151 ms - 0[0m
2023-04-19 13:05:02 info: [0mPOST /ceos/create [32m200[0m 39.802 ms - 16[0m
2023-04-19 13:05:02 info: [0mOPTIONS /admins/profile [32m204[0m 0.214 ms - 0[0m
2023-04-19 13:05:02 info: [0mGET /ceos?page=1&page_size=10 [32m200[0m 45.194 ms - 789[0m
2023-04-19 13:05:02 info: [0mGET /admins/profile [33m401[0m 88.996 ms - 39[0m
2023-04-19 13:05:02 info: [0mGET /ceos?page=1&page_size=10 [32m200[0m 25.307 ms - 789[0m
2023-04-19 13:05:08 info: [0mGET /ceos/getlistCeo [32m200[0m 38.440 ms - 728[0m
2023-04-19 13:05:17 info: [0mGET /ceos/getlistCeo [36m304[0m 33.293 ms - -[0m
2023-04-19 13:07:38 info: =================================
2023-04-19 13:07:38 info: ======= ENV: development =======
2023-04-19 13:07:38 info: 🚀 App listening on the port 8000
2023-04-19 13:07:38 info: =================================
2023-04-19 13:08:55 info: [0mOPTIONS /admins/profile [32m204[0m 3.249 ms - 0[0m
2023-04-19 13:08:55 info: [0mGET /admins/profile [33m401[0m 251.962 ms - 39[0m
2023-04-19 13:08:55 info: [0mGET /ceos?page=1&page_size=10 [32m200[0m 132.387 ms - 390[0m
2023-04-19 13:08:55 info: [0mGET /ceos?page=1&page_size=10 [36m304[0m 82.920 ms - -[0m
2023-04-19 13:08:58 info: [0mGET /ceos? [32m200[0m 14.140 ms - 390[0m
2023-04-19 13:09:00 info: [0mOPTIONS /admins/profile [32m204[0m 0.442 ms - 0[0m
2023-04-19 13:09:00 info: [0mGET /admins/profile [33m401[0m 24.194 ms - 39[0m
2023-04-19 13:09:00 info: [0mGET /ceos? [36m304[0m 83.854 ms - -[0m
2023-04-19 13:09:00 info: [0mGET /ceos?page=1&page_size=10 [36m304[0m 25.859 ms - -[0m
2023-04-19 13:09:00 info: [0mGET /ceos? [36m304[0m 27.081 ms - -[0m
2023-04-19 13:09:11 info: [0mOPTIONS /admins/login [32m204[0m 0.895 ms - 0[0m
2023-04-19 13:09:11 info: [0mPOST /admins/login [32m200[0m 59.211 ms - 560[0m
2023-04-19 13:09:11 info: [0mOPTIONS /admins/profile [32m204[0m 3.164 ms - 0[0m
2023-04-19 13:09:11 info: [0mGET /admins/profile [36m304[0m 100.843 ms - -[0m
2023-04-19 13:09:16 info: [0mGET /ceos/getlistCeo [32m200[0m 39.074 ms - 329[0m
2023-04-19 13:09:22 info: [0mOPTIONS /admins/profile [32m204[0m 0.920 ms - 0[0m
2023-04-19 13:09:22 info: [0mGET /ceos? [36m304[0m 96.474 ms - -[0m
2023-04-19 13:09:22 info: [0mGET /admins/profile [36m304[0m 197.496 ms - -[0m
2023-04-19 13:09:23 info: [0mGET /ceos?page=1&page_size=10 [36m304[0m 43.431 ms - -[0m
2023-04-19 13:10:06 info: [0mGET /ceos?page=1&page_size=10 [36m304[0m 64.889 ms - -[0m
2023-04-19 13:10:10 info: [0mGET /ceos?page=1&page_size=10 [36m304[0m 12.298 ms - -[0m
2023-04-19 13:10:14 info: [0mGET /ceos?page=1&page_size=10 [36m304[0m 61.056 ms - -[0m
2023-04-19 13:10:19 info: [0mOPTIONS /admins/profile [32m204[0m 0.910 ms - 0[0m
2023-04-19 13:10:19 info: [0mGET /admins/profile [36m304[0m 51.105 ms - -[0m
2023-04-19 13:10:19 info: [0mGET /ceos?page=1&page_size=10 [36m304[0m 22.989 ms - -[0m
2023-04-19 13:10:19 info: [0mGET /ceos?page=1&page_size=10 [36m304[0m 23.255 ms - -[0m
2023-04-19 13:10:21 info: [0mGET /admins/profile [36m304[0m 51.812 ms - -[0m
2023-04-19 13:10:22 info: [0mGET /ceos/show/1 [32m200[0m 41.849 ms - -[0m
2023-04-19 17:33:46 info: =================================
2023-04-19 17:33:46 info: ======= ENV: development =======
2023-04-19 17:33:46 info: 🚀 App listening on the port 8000
2023-04-19 17:33:46 info: =================================
2023-04-19 17:34:27 info: [0mGET /ceos/getlistCeo [36m304[0m 323.136 ms - -[0m
2023-04-19 17:34:56 info: [0mGET /admin/login [33m404[0m 12.852 ms - 150[0m
2023-04-19 17:35:00 info: [0mGET /admin/login [33m404[0m 6.360 ms - 150[0m
2023-04-19 17:35:15 info: =================================
2023-04-19 17:35:15 info: ======= ENV: development =======
2023-04-19 17:35:15 info: 🚀 App listening on the port 8000
2023-04-19 17:35:15 info: =================================
2023-04-19 17:35:23 info: [0mOPTIONS /admins/login [32m204[0m 7.449 ms - 0[0m
2023-04-19 17:35:23 info: [0mPOST /admins/login [32m200[0m 274.741 ms - 744[0m
2023-04-19 17:35:24 info: [0mOPTIONS /admins/profile [32m204[0m 0.366 ms - 0[0m
2023-04-19 17:35:24 info: [0mGET /admins/profile [36m304[0m 168.369 ms - -[0m
2023-04-19 17:36:06 info: [0mOPTIONS /admins/profile [32m204[0m 0.740 ms - 0[0m
2023-04-19 17:36:07 info: [0mGET /admins/profile [36m304[0m 653.488 ms - -[0m
2023-04-19 17:36:07 info: [0mGET /ceos? [36m304[0m 563.772 ms - -[0m
2023-04-19 17:36:07 info: [0mGET /ceos?page=1&page_size=10 [36m304[0m 94.307 ms - -[0m
2023-04-19 17:36:10 info: [0mGET /ceos/show/1 [36m304[0m 49.254 ms - -[0m
2023-04-19 17:36:10 info: [0mGET /admins/profile [36m304[0m 125.903 ms - -[0m
2023-04-19 17:36:11 info: [0mOPTIONS /folders/get-medias [32m204[0m 0.250 ms - 0[0m
2023-04-19 17:36:11 info: [0mPOST /folders/get-medias [32m200[0m 43.770 ms - 31[0m
2023-04-19 17:36:11 info: [0mGET /folders [36m304[0m 26.671 ms - -[0m
2023-04-19 17:36:15 info: [0mPOST /medias/create [32m200[0m 85.119 ms - 31[0m
2023-04-19 17:36:15 info: [0mPOST /folders/get-medias [32m200[0m 12.165 ms - 310[0m
2023-04-19 17:36:17 info: [0mOPTIONS /ceos/update/1 [32m204[0m 0.148 ms - 0[0m
2023-04-19 17:36:17 info: [0mPUT /ceos/update/1 [32m200[0m 42.753 ms - 16[0m
2023-04-19 17:36:17 info: [0mGET /ceos/show/1 [32m200[0m 37.041 ms - -[0m
2023-04-19 17:36:22 info: [0mGET /ceos/getlistCeo [32m200[0m 59.942 ms - 604[0m
2023-04-19 17:40:27 info: [0mGET /ceos/getlistCeo [36m304[0m 507.316 ms - -[0m
2023-04-19 17:40:58 info: [0mGET /ceos/getlistCeo [36m304[0m 120.076 ms - -[0m
2023-04-19 17:41:49 info: [0mGET /ceos/show [33m404[0m 12.612 ms - 148[0m
2023-04-19 17:41:53 info: [0mGET /ceos/getlistCeo [36m304[0m 134.904 ms - -[0m
2023-04-19 17:42:24 info: [0mGET /ceos/getlistCeo [36m304[0m 1764.988 ms - -[0m
2023-04-19 17:42:58 info: [0mGET /ceos/getlistCeo [36m304[0m 44.848 ms - -[0m
2023-04-19 17:43:26 info: =================================
2023-04-19 17:43:26 info: ======= ENV: development =======
2023-04-19 17:43:26 info: 🚀 App listening on the port 8000
2023-04-19 17:43:26 info: =================================
2023-04-19 17:43:32 info: [0mGET /ceos/getlistCeo [32m200[0m 375.761 ms - 640[0m
2023-04-19 17:43:34 info: [0mGET /ceos/show [33m404[0m 16.785 ms - 148[0m
2023-04-19 17:43:42 info: [0mGET /ceos/getlistCeo [36m304[0m 41.095 ms - -[0m
2023-04-19 17:45:51 info: [0mGET /ceos/getlistCeo [36m304[0m 205.061 ms - -[0m
2023-04-19 17:45:55 info: [0mGET /ceos/show [33m404[0m 10.845 ms - 148[0m
2023-04-19 17:46:16 info: [0mGET /ceos/getlistCeo [36m304[0m 54.239 ms - -[0m
2023-04-19 17:49:31 info: [0mOPTIONS /admins/profile [32m204[0m 0.795 ms - 0[0m
2023-04-19 17:49:32 info: [0mGET /admins/profile [36m304[0m 1115.076 ms - -[0m
2023-04-19 17:49:33 info: [0mGET /ceos/show/1 [36m304[0m 38.004 ms - -[0m
2023-04-19 17:49:36 info: [0mGET /ceos/show [33m404[0m 38.244 ms - 148[0m
2023-04-19 17:49:47 info: [0mGET /ceos/getlistCeo [36m304[0m 46.299 ms - -[0m
2023-04-19 17:49:48 info: [0mGET /ceos/show [33m404[0m 1.230 ms - 148[0m
2023-04-19 17:50:32 info: [0mGET /ceos/show/1 [32m200[0m 115.390 ms - -[0m
2023-04-19 17:50:57 info: [0mGET /ceos/show/undefined [32m200[0m 138.477 ms - 26[0m
2023-04-19 17:51:42 info: [0mGET /ceos/show/undefined [36m304[0m 222.973 ms - -[0m
2023-04-19 17:51:59 info: [0mGET /ceos/show/undefined [36m304[0m 111.320 ms - -[0m
2023-04-19 17:53:31 info: [0mGET /ceos/show/undefined [36m304[0m 277.128 ms - -[0m
2023-04-19 17:53:34 info: [0mGET /ceos/show/undefined [36m304[0m 13.994 ms - -[0m
2023-04-19 17:54:16 info: [0mGET /ceos/show/undefined [36m304[0m 71.401 ms - -[0m
2023-04-19 17:54:21 info: [0mGET /ceos/show/undefined [36m304[0m 80.790 ms - -[0m
2023-04-19 17:54:32 info: [0mGET /ceos/show/undefined [36m304[0m 122.562 ms - -[0m
2023-04-19 17:54:59 info: [0mGET /ceos/show/undefined [36m304[0m 206.505 ms - -[0m
2023-04-19 17:55:09 info: [0mGET /ceos/show/undefined [36m304[0m 92.224 ms - -[0m
2023-04-19 17:55:17 info: [0mGET /ceos/show/undefined [36m304[0m 157.839 ms - -[0m
2023-04-19 17:55:42 info: [0mGET /ceos/show/1 [36m304[0m 39.762 ms - -[0m
2023-04-19 17:55:52 info: [0mGET /ceos/show/undefined [36m304[0m 38.679 ms - -[0m
2023-04-19 17:56:10 info: [0mGET /ceos/show/undefined [36m304[0m 209.384 ms - -[0m
2023-04-19 17:56:15 info: [0mGET /ceos/show/undefined [36m304[0m 35.122 ms - -[0m
2023-04-19 17:56:59 info: [0mGET /ceos/show/1 [32m200[0m 69.689 ms - -[0m
2023-04-19 17:57:09 info: [0mGET /ceos/show/1 [36m304[0m 37.869 ms - -[0m
2023-04-19 17:57:24 info: [0mGET /ceos/show/1 [0m-[0m - ms - -[0m
2023-04-19 17:57:26 info: [0mGET /ceos/show/1 [32m200[0m 17.029 ms - -[0m
2023-04-19 17:59:33 info: =================================
2023-04-19 17:59:33 info: ======= ENV: development =======
2023-04-19 17:59:33 info: 🚀 App listening on the port 8000
2023-04-19 17:59:33 info: =================================
2023-04-19 17:59:43 info: =================================
2023-04-19 17:59:43 info: ======= ENV: development =======
2023-04-19 17:59:43 info: 🚀 App listening on the port 8000
2023-04-19 17:59:43 info: =================================
2023-04-19 18:00:19 info: =================================
2023-04-19 18:00:19 info: ======= ENV: development =======
2023-04-19 18:00:19 info: 🚀 App listening on the port 8000
2023-04-19 18:00:19 info: =================================
2023-04-19 18:00:26 info: =================================
2023-04-19 18:00:26 info: ======= ENV: development =======
2023-04-19 18:00:26 info: 🚀 App listening on the port 8000
2023-04-19 18:00:26 info: =================================
2023-04-19 18:00:33 info: =================================
2023-04-19 18:00:33 info: ======= ENV: development =======
2023-04-19 18:00:33 info: 🚀 App listening on the port 8000
2023-04-19 18:00:33 info: =================================
2023-04-19 18:00:52 info: =================================
2023-04-19 18:00:52 info: ======= ENV: development =======
2023-04-19 18:00:52 info: 🚀 App listening on the port 8000
2023-04-19 18:00:52 info: =================================
2023-04-19 18:01:04 info: =================================
2023-04-19 18:01:04 info: ======= ENV: development =======
2023-04-19 18:01:04 info: 🚀 App listening on the port 8000
2023-04-19 18:01:04 info: =================================
2023-04-19 18:01:09 info: [0mGET /ceos/show/1 [32m200[0m 132.693 ms - -[0m
2023-04-19 18:01:23 info: [0mGET /ceos/show/1 [36m304[0m 61.604 ms - -[0m
2023-04-19 18:03:43 info: =================================
2023-04-19 18:03:43 info: ======= ENV: development =======
2023-04-19 18:03:43 info: 🚀 App listening on the port 8000
2023-04-19 18:03:43 info: =================================
2023-04-19 18:04:05 info: [0mGET /ceos/show/1 [32m200[0m 168.338 ms - -[0m
2023-04-19 18:04:27 info: [0mGET /ceos/show/1 [36m304[0m 95.068 ms - -[0m
2023-04-19 18:04:34 info: [0mGET /ceos/show/1 [32m200[0m 35.933 ms - -[0m
2023-04-19 18:04:42 info: [0mGET /ceos/show/1 [32m200[0m 15.223 ms - -[0m
2023-04-19 18:04:46 info: [0mGET /ceos/getlistCeo [36m304[0m 80.934 ms - -[0m
2023-04-19 18:04:49 info: [0mGET /ceos/show/2 [32m200[0m 73.953 ms - -[0m
2023-04-19 18:05:36 info: [0mGET /ceos/show/2 [36m304[0m 64.197 ms - -[0m
2023-04-19 18:05:38 info: [0mGET /ceos/getlistCeo [36m304[0m 21.876 ms - -[0m
2023-04-19 18:05:41 info: [0mGET /ceos/show/1 [36m304[0m 15.104 ms - -[0m
2023-04-19 18:06:00 info: [0mGET /ceos/show/1 [36m304[0m 63.819 ms - -[0m
2023-04-19 18:06:19 info: [0mGET /ceos/show/1 [36m304[0m 49.617 ms - -[0m
2023-04-19 18:06:48 info: [0mGET /ceos/show/1 [36m304[0m 67.812 ms - -[0m
