2023-06-28 14:49:00 info: =================================
2023-06-28 14:49:00 info: ======= ENV: development =======
2023-06-28 14:49:00 info: 🚀 App listening on the port 8000
2023-06-28 14:49:00 info: =================================
2023-06-28 14:49:51 info: [0mGET /posts [32m200[0m 703.476 ms - -[0m
2023-06-28 14:50:13 info: [0mGET /posts [36m304[0m 363.149 ms - -[0m
2023-06-28 14:50:16 info: [0mGET /posts [36m304[0m 123.707 ms - -[0m
2023-06-28 14:50:16 info: [0mGET /posts [0m-[0m - ms - -[0m
2023-06-28 14:50:17 info: [0mGET /posts [32m200[0m 232.086 ms - -[0m
2023-06-28 15:38:44 info: [0mGET /posts [36m304[0m 647.018 ms - -[0m
2023-06-28 15:38:49 info: [0mGET /posts [36m304[0m 196.587 ms - -[0m
2023-06-28 17:09:57 info: =================================
2023-06-28 17:09:57 info: ======= ENV: development =======
2023-06-28 17:09:57 info: 🚀 App listening on the port 8000
2023-06-28 17:09:57 info: =================================
2023-06-28 17:35:45 info: =================================
2023-06-28 17:35:45 info: ======= ENV: development =======
2023-06-28 17:35:45 info: 🚀 App listening on the port 8000
2023-06-28 17:35:45 info: =================================
2023-06-28 17:36:49 info: =================================
2023-06-28 17:36:49 info: ======= ENV: development =======
2023-06-28 17:36:49 info: 🚀 App listening on the port 8000
2023-06-28 17:36:49 info: =================================
2023-06-28 17:45:06 info: =================================
2023-06-28 17:45:06 info: ======= ENV: development =======
2023-06-28 17:45:06 info: 🚀 App listening on the port 8000
2023-06-28 17:45:06 info: =================================
2023-06-28 17:46:52 info: =================================
2023-06-28 17:46:52 info: ======= ENV: development =======
2023-06-28 17:46:52 info: 🚀 App listening on the port 8000
2023-06-28 17:46:52 info: =================================
2023-06-28 17:47:06 info: =================================
2023-06-28 17:47:06 info: ======= ENV: development =======
2023-06-28 17:47:06 info: 🚀 App listening on the port 8000
2023-06-28 17:47:06 info: =================================
2023-06-28 18:02:54 info: =================================
2023-06-28 18:02:54 info: ======= ENV: development =======
2023-06-28 18:02:54 info: 🚀 App listening on the port 8000
2023-06-28 18:02:54 info: =================================
2023-06-28 18:03:19 info: =================================
2023-06-28 18:03:19 info: ======= ENV: development =======
2023-06-28 18:03:19 info: 🚀 App listening on the port 8000
2023-06-28 18:03:19 info: =================================
2023-06-28 18:03:34 info: =================================
2023-06-28 18:03:34 info: ======= ENV: development =======
2023-06-28 18:03:34 info: 🚀 App listening on the port 8000
2023-06-28 18:03:34 info: =================================
2023-06-28 18:03:55 info: =================================
2023-06-28 18:03:55 info: ======= ENV: development =======
2023-06-28 18:03:55 info: 🚀 App listening on the port 8000
2023-06-28 18:03:55 info: =================================
2023-06-28 18:04:01 info: [0mGET /posts [32m200[0m 1275.916 ms - -[0m
2023-06-28 18:04:11 info: [0mGET /banners [32m200[0m 34.105 ms - -[0m
2023-06-28 18:06:08 info: =================================
2023-06-28 18:06:08 info: ======= ENV: development =======
2023-06-28 18:06:08 info: 🚀 App listening on the port 8000
2023-06-28 18:06:08 info: =================================
2023-06-28 18:07:38 info: =================================
2023-06-28 18:07:38 info: ======= ENV: development =======
2023-06-28 18:07:38 info: 🚀 App listening on the port 8000
2023-06-28 18:07:38 info: =================================
2023-06-28 18:07:53 info: =================================
2023-06-28 18:07:53 info: ======= ENV: development =======
2023-06-28 18:07:53 info: 🚀 App listening on the port 8000
2023-06-28 18:07:53 info: =================================
2023-06-28 18:10:09 info: =================================
2023-06-28 18:10:09 info: ======= ENV: development =======
2023-06-28 18:10:09 info: 🚀 App listening on the port 8000
2023-06-28 18:10:09 info: =================================
2023-06-28 18:11:08 info: =================================
2023-06-28 18:11:08 info: ======= ENV: development =======
2023-06-28 18:11:08 info: 🚀 App listening on the port 8000
2023-06-28 18:11:08 info: =================================
2023-06-28 18:56:28 info: =================================
2023-06-28 18:56:28 info: ======= ENV: development =======
2023-06-28 18:56:28 info: 🚀 App listening on the port 8000
2023-06-28 18:56:28 info: =================================
2023-06-28 18:56:38 info: =================================
2023-06-28 18:56:38 info: ======= ENV: development =======
2023-06-28 18:56:38 info: 🚀 App listening on the port 8000
2023-06-28 18:56:38 info: =================================
2023-06-28 18:59:56 info: =================================
2023-06-28 18:59:56 info: ======= ENV: development =======
2023-06-28 18:59:56 info: 🚀 App listening on the port 8000
2023-06-28 18:59:56 info: =================================
2023-06-28 19:00:28 info: =================================
2023-06-28 19:00:28 info: ======= ENV: development =======
2023-06-28 19:00:28 info: 🚀 App listening on the port 8000
2023-06-28 19:00:28 info: =================================
2023-06-28 19:00:46 info: =================================
2023-06-28 19:00:46 info: ======= ENV: development =======
2023-06-28 19:00:46 info: 🚀 App listening on the port 8000
2023-06-28 19:00:46 info: =================================
2023-06-28 19:02:54 info: =================================
2023-06-28 19:02:54 info: ======= ENV: development =======
2023-06-28 19:02:54 info: 🚀 App listening on the port 8000
2023-06-28 19:02:54 info: =================================
2023-06-28 19:07:59 info: =================================
2023-06-28 19:07:59 info: ======= ENV: production =======
2023-06-28 19:07:59 info: 🚀 App listening on the port 8000
2023-06-28 19:07:59 info: =================================
2023-06-28 19:08:37 info: =================================
2023-06-28 19:08:37 info: ======= ENV: production =======
2023-06-28 19:08:37 info: 🚀 App listening on the port 8000
2023-06-28 19:08:37 info: =================================
2023-06-28 19:10:13 info: =================================
2023-06-28 19:10:13 info: ======= ENV: development =======
2023-06-28 19:10:13 info: 🚀 App listening on the port 8000
2023-06-28 19:10:13 info: =================================
2023-06-28 19:12:39 info: =================================
2023-06-28 19:12:39 info: ======= ENV: production =======
2023-06-28 19:12:39 info: 🚀 App listening on the port 8000
2023-06-28 19:12:39 info: =================================
2023-06-28 21:06:46 info: =================================
2023-06-28 21:06:46 info: ======= ENV: development =======
2023-06-28 21:06:46 info: 🚀 App listening on the port 8000
2023-06-28 21:06:46 info: =================================
2023-06-28 21:07:23 info: =================================
2023-06-28 21:07:23 info: ======= ENV: development =======
2023-06-28 21:07:23 info: 🚀 App listening on the port 8000
2023-06-28 21:07:23 info: =================================
2023-06-28 21:11:04 info: [0mOPTIONS /categories/nav [32m204[0m 23.034 ms - 0[0m
2023-06-28 21:11:04 info: [0mOPTIONS /products/getProductByType/isGift [32m204[0m 0.787 ms - 0[0m
2023-06-28 21:11:04 info: [0mOPTIONS /banners/get-list [32m204[0m 0.752 ms - 0[0m
2023-06-28 21:11:04 info: [0mOPTIONS /products/getProductByType/isTopSearch [32m204[0m 0.292 ms - 0[0m
2023-06-28 21:11:04 info: [0mOPTIONS /products/getProductByType/isNew [32m204[0m 0.227 ms - 0[0m
2023-06-28 21:11:04 info: [0mGET /categories/nav [33m404[0m 24.788 ms - 153[0m
2023-06-28 21:11:04 info: [0mGET /products/getProductByType/isGift [33m404[0m 21.595 ms - 171[0m
2023-06-28 21:11:04 info: [0mOPTIONS /brands/get-list-featured [32m204[0m 0.179 ms - 0[0m
2023-06-28 21:11:04 info: [0mOPTIONS /products/getProductByType/isSale [32m204[0m 3.367 ms - 0[0m
2023-06-28 21:11:04 info: [0mGET /banners/get-list [33m404[0m 8.403 ms - 155[0m
2023-06-28 21:11:04 info: [0mGET /products/getProductByType/isSale [33m404[0m 8.903 ms - 171[0m
2023-06-28 21:11:04 info: [0mGET /products/getProductByType/isTopSearch [33m404[0m 2.463 ms - 176[0m
2023-06-28 21:11:04 info: [0mGET /brands/get-list-featured [33m404[0m 1.441 ms - 163[0m
2023-06-28 21:11:04 info: [0mGET /products/getProductByType/isNew [33m404[0m 1.468 ms - 170[0m
2023-06-28 21:11:07 info: [0mOPTIONS /brands/get-list-featured [32m204[0m 28.460 ms - 0[0m
2023-06-28 21:11:07 info: [0mOPTIONS /products/getProductByType/isSale [32m204[0m 0.239 ms - 0[0m
2023-06-28 21:11:07 info: [0mOPTIONS /products/getProductByType/isNew [32m204[0m 1.745 ms - 0[0m
2023-06-28 21:11:07 info: [0mGET /banners/get-list [33m404[0m 6.247 ms - 155[0m
2023-06-28 21:11:07 info: [0mGET /products/getProductByType/isTopSearch [33m404[0m 24.780 ms - 176[0m
2023-06-28 21:11:07 info: [0mGET /products/getProductByType/isGift [33m404[0m 3.147 ms - 171[0m
2023-06-28 21:11:07 info: [0mGET /brands/get-list-featured [33m404[0m 3.541 ms - 163[0m
2023-06-28 21:11:07 info: [0mGET /products/getProductByType/isSale [33m404[0m 3.505 ms - 171[0m
2023-06-28 21:11:07 info: [0mGET /products/getProductByType/isNew [33m404[0m 8.645 ms - 170[0m
2023-06-28 21:11:08 info: [0mGET /banners/get-list [33m404[0m 1.385 ms - 155[0m
2023-06-28 21:11:08 info: [0mGET /products/getProductByType/isTopSearch [33m404[0m 2.894 ms - 176[0m
2023-06-28 21:11:08 info: [0mOPTIONS /products/getProductByType/isNew [32m204[0m 0.140 ms - 0[0m
2023-06-28 21:11:08 info: [0mGET /products/getProductByType/isGift [33m404[0m 3.846 ms - 171[0m
2023-06-28 21:11:08 info: [0mGET /brands/get-list-featured [33m404[0m 5.436 ms - 163[0m
2023-06-28 21:11:08 info: [0mGET /products/getProductByType/isSale [33m404[0m 2.326 ms - 171[0m
2023-06-28 21:11:08 info: [0mGET /products/getProductByType/isNew [33m404[0m 4.579 ms - 170[0m
2023-06-28 21:11:08 info: [0mGET /categories/nav [33m404[0m 4.046 ms - 153[0m
2023-06-28 21:11:10 info: [0mOPTIONS /banners/get-list [32m204[0m 0.232 ms - 0[0m
2023-06-28 21:11:10 info: [0mOPTIONS /products/getProductByType/isTopSearch [32m204[0m 0.198 ms - 0[0m
2023-06-28 21:11:10 info: [0mGET /banners/get-list [33m404[0m 3.500 ms - 155[0m
2023-06-28 21:11:10 info: [0mOPTIONS /products/getProductByType/isGift [32m204[0m 0.166 ms - 0[0m
2023-06-28 21:11:10 info: [0mGET /products/getProductByType/isTopSearch [33m404[0m 1.059 ms - 176[0m
2023-06-28 21:11:10 info: [0mGET /brands/get-list-featured [33m404[0m 5.667 ms - 163[0m
2023-06-28 21:11:10 info: [0mGET /products/getProductByType/isSale [33m404[0m 5.999 ms - 171[0m
2023-06-28 21:11:10 info: [0mGET /products/getProductByType/isNew [33m404[0m 4.470 ms - 170[0m
2023-06-28 21:11:10 info: [0mGET /products/getProductByType/isGift [33m404[0m 5.299 ms - 171[0m
2023-06-28 21:11:14 info: [0mGET /banners/get-list [33m404[0m 2.342 ms - 155[0m
2023-06-28 21:11:14 info: [0mGET /products/getProductByType/isTopSearch [33m404[0m 0.942 ms - 176[0m
2023-06-28 21:11:14 info: [0mOPTIONS /brands/get-list-featured [32m204[0m 0.192 ms - 0[0m
2023-06-28 21:11:14 info: [0mOPTIONS /products/getProductByType/isSale [32m204[0m 0.126 ms - 0[0m
2023-06-28 21:11:14 info: [0mOPTIONS /products/getProductByType/isNew [32m204[0m 0.161 ms - 0[0m
2023-06-28 21:11:14 info: [0mGET /brands/get-list-featured [33m404[0m 2.200 ms - 163[0m
2023-06-28 21:11:14 info: [0mGET /products/getProductByType/isSale [33m404[0m 7.552 ms - 171[0m
2023-06-28 21:11:14 info: [0mGET /products/getProductByType/isGift [33m404[0m 1.766 ms - 171[0m
2023-06-28 21:11:14 info: [0mGET /products/getProductByType/isNew [33m404[0m 23.027 ms - 170[0m
2023-06-28 21:20:19 info: =================================
2023-06-28 21:20:19 info: ======= ENV: development =======
2023-06-28 21:20:19 info: 🚀 App listening on the port 8000
2023-06-28 21:20:19 info: =================================
2023-06-28 21:20:30 info: [0mGET /posts [32m200[0m 634.001 ms - -[0m
2023-06-28 21:26:56 info: [0mOPTIONS /banners/get-list [32m204[0m 9.339 ms - 0[0m
2023-06-28 21:26:56 info: [0mOPTIONS /products/getProductByType/isGift [32m204[0m 1.509 ms - 0[0m
2023-06-28 21:26:57 info: [0mOPTIONS /categories/nav [32m204[0m 2.475 ms - 0[0m
2023-06-28 21:26:57 info: [0mOPTIONS /products/getProductByType/isSale [32m204[0m 0.162 ms - 0[0m
2023-06-28 21:26:57 info: [0mOPTIONS /brands/get-list-featured [32m204[0m 0.156 ms - 0[0m
2023-06-28 21:26:57 info: [0mGET /brands/get-list-featured [33m404[0m 15.095 ms - 163[0m
2023-06-28 21:26:57 info: [0mOPTIONS /products/getProductByType/isNew [32m204[0m 1.183 ms - 0[0m
2023-06-28 21:26:57 info: [0mOPTIONS /products/getProductByType/isTopSearch [32m204[0m 0.211 ms - 0[0m
2023-06-28 21:26:57 info: [0mGET /products/getProductByType/isNew [33m404[0m 12.160 ms - 170[0m
2023-06-28 21:26:57 info: [0mGET /banners/get-list [33m404[0m 4.075 ms - 155[0m
2023-06-28 21:26:57 info: [0mGET /categories/nav [33m404[0m 7.324 ms - 153[0m
2023-06-28 21:26:57 info: [0mGET /products/getProductByType/isGift [33m404[0m 3.768 ms - 171[0m
2023-06-28 21:26:57 info: [0mGET /products/getProductByType/isTopSearch [33m404[0m 3.712 ms - 176[0m
2023-06-28 21:26:57 info: [0mGET /products/getProductByType/isSale [33m404[0m 19.125 ms - 171[0m
2023-06-28 21:26:58 info: [0mOPTIONS /brands/get-list-featured [32m204[0m 0.503 ms - 0[0m
2023-06-28 21:26:58 info: [0mOPTIONS /products/getProductByType/isNew [32m204[0m 0.171 ms - 0[0m
2023-06-28 21:26:58 info: [0mOPTIONS /categories/nav [32m204[0m 1.633 ms - 0[0m
2023-06-28 21:26:58 info: [0mGET /brands/get-list-featured [33m404[0m 5.344 ms - 163[0m
2023-06-28 21:26:58 info: [0mGET /banners/get-list [33m404[0m 8.696 ms - 155[0m
2023-06-28 21:26:58 info: [0mOPTIONS /products/getProductByType/isSale [32m204[0m 0.143 ms - 0[0m
2023-06-28 21:26:58 info: [0mOPTIONS /products/getProductByType/isTopSearch [32m204[0m 0.345 ms - 0[0m
2023-06-28 21:26:58 info: [0mGET /products/getProductByType/isGift [33m404[0m 3.369 ms - 171[0m
2023-06-28 21:26:58 info: [0mGET /categories/nav [33m404[0m 4.997 ms - 153[0m
2023-06-28 21:26:58 info: [0mGET /products/getProductByType/isNew [33m404[0m 6.392 ms - 170[0m
2023-06-28 21:26:58 info: [0mGET /products/getProductByType/isSale [33m404[0m 39.997 ms - 171[0m
2023-06-28 21:26:58 info: [0mGET /products/getProductByType/isTopSearch [33m404[0m 12.401 ms - 176[0m
2023-06-28 21:27:00 info: [0mGET /brands/get-list-featured [33m404[0m 2.041 ms - 163[0m
2023-06-28 21:27:00 info: [0mGET /banners/get-list [33m404[0m 1.576 ms - 155[0m
2023-06-28 21:27:00 info: [0mGET /products/getProductByType/isGift [33m404[0m 2.433 ms - 171[0m
2023-06-28 21:27:00 info: [0mGET /categories/nav [33m404[0m 26.592 ms - 153[0m
2023-06-28 21:27:00 info: [0mGET /products/getProductByType/isNew [33m404[0m 27.629 ms - 170[0m
2023-06-28 21:27:00 info: [0mGET /products/getProductByType/isSale [33m404[0m 25.815 ms - 171[0m
2023-06-28 21:27:00 info: [0mGET /products/getProductByType/isTopSearch [33m404[0m 4.243 ms - 176[0m
2023-06-28 21:27:14 info: [0mOPTIONS /products/getProductByType/isNew [32m204[0m 2.137 ms - 0[0m
2023-06-28 21:27:14 info: [0mOPTIONS /products/getProductByType/isGift [32m204[0m 0.206 ms - 0[0m
2023-06-28 21:27:14 info: [0mOPTIONS /categories/nav [32m204[0m 0.206 ms - 0[0m
2023-06-28 21:27:14 info: [0mOPTIONS /banners/get-list [32m204[0m 0.146 ms - 0[0m
2023-06-28 21:27:14 info: [0mOPTIONS /brands/get-list-featured [32m204[0m 0.134 ms - 0[0m
2023-06-28 21:27:14 info: [0mOPTIONS /products/getProductByType/isTopSearch [32m204[0m 0.466 ms - 0[0m
2023-06-28 21:27:14 info: [0mOPTIONS /products/getProductByType/isSale [32m204[0m 13.979 ms - 0[0m
2023-06-28 21:27:14 info: [0mGET /products/getProductByType/isNew [33m404[0m 14.729 ms - 170[0m
2023-06-28 21:27:14 info: [0mGET /products/getProductByType/isGift [33m404[0m 6.789 ms - 171[0m
2023-06-28 21:27:14 info: [0mGET /categories/nav [33m404[0m 7.495 ms - 153[0m
2023-06-28 21:27:14 info: [0mGET /banners/get-list [33m404[0m 11.615 ms - 155[0m
2023-06-28 21:27:14 info: [0mGET /brands/get-list-featured [33m404[0m 12.202 ms - 163[0m
2023-06-28 21:27:14 info: [0mGET /products/getProductByType/isTopSearch [33m404[0m 1.826 ms - 176[0m
2023-06-28 21:27:14 info: [0mGET /products/getProductByType/isSale [33m404[0m 0.748 ms - 171[0m
2023-06-28 21:28:21 info: =================================
2023-06-28 21:28:21 info: ======= ENV: development =======
2023-06-28 21:28:21 info: 🚀 App listening on the port 8000
2023-06-28 21:28:21 info: =================================
