2023-07-21 00:00:12 info: [0mGET /services/show/23 [36m304[0m 41.383 ms - -[0m
2023-07-21 00:00:15 info: [0mGET /services/show/22 [36m304[0m 25.661 ms - -[0m
2023-07-21 00:01:16 info: [0mGET /services/show/22 [36m304[0m 54.442 ms - -[0m
2023-07-21 00:01:16 info: [0mGET /services/nav [36m304[0m 39.700 ms - -[0m
2023-07-21 00:01:18 info: [0mGET /services/show/19 [36m304[0m 155.124 ms - -[0m
2023-07-21 00:01:19 info: [0mGET /services/show/14 [36m304[0m 4.538 ms - -[0m
2023-07-21 00:01:22 info: [0mGET /services/show/13 [36m304[0m 7.885 ms - -[0m
2023-07-21 00:01:26 info: [0mGET /services/show/25 [36m304[0m 6.099 ms - -[0m
2023-07-21 00:01:44 info: [0mOPTIONS /services/update/25 [32m204[0m 1.745 ms - 0[0m
2023-07-21 00:01:44 info: [0mPUT /services/update/25 [32m200[0m 48.063 ms - 399[0m
2023-07-21 00:01:46 info: [0mGET /services/show/23 [36m304[0m 4.940 ms - -[0m
2023-07-21 00:01:48 info: [0mGET /services/show/25 [32m200[0m 5.948 ms - 411[0m
2023-07-21 00:01:50 info: [0mGET /services/show/22 [36m304[0m 6.164 ms - -[0m
2023-07-21 00:02:04 info: [0mGET /services/show/22 [36m304[0m 90.560 ms - -[0m
2023-07-21 00:02:04 info: [0mGET /services/nav [32m200[0m 103.998 ms - -[0m
2023-07-21 00:02:54 info: [0mGET /services/nav [36m304[0m 72.226 ms - -[0m
2023-07-21 00:02:54 info: [0mGET /services/show/22 [36m304[0m 83.932 ms - -[0m
2023-07-21 00:03:02 info: [0mGET /services/show/23 [36m304[0m 52.900 ms - -[0m
2023-07-21 00:03:04 info: [0mGET /services/show/25 [36m304[0m 9.837 ms - -[0m
2023-07-21 00:03:05 info: [0mGET /services/show/23 [36m304[0m 4.293 ms - -[0m
2023-07-21 00:03:05 info: [0mGET /services/show/22 [36m304[0m 8.226 ms - -[0m
2023-07-21 00:03:09 info: [0mOPTIONS /admins/profile [32m204[0m 0.874 ms - 0[0m
2023-07-21 00:03:09 info: [0mGET /services/nav [36m304[0m 132.659 ms - -[0m
2023-07-21 00:03:09 info: [0mGET /services/show/undefined [36m304[0m 149.412 ms - -[0m
2023-07-21 00:03:09 info: [0mGET /admins/profile [36m304[0m 276.700 ms - -[0m
2023-07-21 00:03:13 info: [0mGET /services/show/23 [36m304[0m 51.699 ms - -[0m
2023-07-21 00:03:16 info: [0mGET /services/show/25 [36m304[0m 6.630 ms - -[0m
2023-07-21 00:03:17 info: [0mOPTIONS /services/delete/25 [32m204[0m 0.192 ms - 0[0m
2023-07-21 00:03:17 info: [0mDELETE /services/delete/25 [32m200[0m 11.688 ms - 25[0m
2023-07-21 00:03:17 info: [0mGET /services/nav [32m200[0m 26.409 ms - -[0m
2023-07-21 00:03:18 info: [0mGET /services/show/23 [36m304[0m 11.038 ms - -[0m
2023-07-21 00:03:19 info: [0mOPTIONS /services/delete/23 [32m204[0m 0.166 ms - 0[0m
2023-07-21 00:03:19 info: [0mDELETE /services/delete/23 [32m200[0m 8.106 ms - 25[0m
2023-07-21 00:03:19 info: [0mGET /services/nav [32m200[0m 10.590 ms - -[0m
2023-07-21 00:03:20 info: [0mGET /services/show/22 [36m304[0m 4.811 ms - -[0m
2023-07-21 00:03:29 info: [0mOPTIONS /services/update/22 [32m204[0m 0.739 ms - 0[0m
2023-07-21 00:03:29 info: [0mPUT /services/update/22 [32m200[0m 51.223 ms - 403[0m
2023-07-21 00:03:29 info: [0mGET /services/nav [32m200[0m 32.089 ms - -[0m
2023-07-21 00:03:31 info: [0mGET /services/show/19 [36m304[0m 11.100 ms - -[0m
2023-07-21 00:03:34 info: [0mGET /services/show/22 [32m200[0m 3.771 ms - 417[0m
2023-07-21 00:03:37 info: [0mGET /services/show/19 [36m304[0m 4.500 ms - -[0m
2023-07-21 00:04:08 info: [0mGET /services/show/19 [36m304[0m 41.253 ms - -[0m
2023-07-21 00:04:08 info: [0mGET /services/nav [36m304[0m 47.226 ms - -[0m
2023-07-21 00:04:33 info: [0mGET /services/show/19 [36m304[0m 21.409 ms - -[0m
2023-07-21 00:04:33 info: [0mGET /services/nav [36m304[0m 48.126 ms - -[0m
2023-07-21 00:04:36 info: [0mGET /services/show/14 [36m304[0m 17.129 ms - -[0m
2023-07-21 00:04:53 info: [0mGET /services/show/14 [36m304[0m 57.913 ms - -[0m
2023-07-21 00:04:53 info: [0mGET /services/nav [36m304[0m 39.028 ms - -[0m
2023-07-21 00:05:04 info: [0mGET /services/show/14 [36m304[0m 103.217 ms - -[0m
2023-07-21 00:05:04 info: [0mGET /services/nav [36m304[0m 57.354 ms - -[0m
2023-07-21 00:05:05 info: [0mGET /services/show/13 [36m304[0m 5.939 ms - -[0m
2023-07-21 00:05:06 info: [0mGET /services/show/14 [36m304[0m 5.705 ms - -[0m
2023-07-21 00:05:07 info: [0mGET /services/show/19 [36m304[0m 8.896 ms - -[0m
2023-07-21 00:05:23 info: [0mGET /services/show/19 [36m304[0m 53.933 ms - -[0m
2023-07-21 00:05:23 info: [0mGET /services/nav [36m304[0m 54.623 ms - -[0m
2023-07-21 00:05:24 info: [0mGET /services/show/22 [36m304[0m 27.823 ms - -[0m
2023-07-21 00:05:26 info: [0mGET /services/show/19 [36m304[0m 35.894 ms - -[0m
2023-07-21 00:05:37 info: [0mOPTIONS /admins/profile [32m204[0m 0.984 ms - 0[0m
2023-07-21 00:05:37 info: [0mGET /services/show/undefined [36m304[0m 57.503 ms - -[0m
2023-07-21 00:05:37 info: [0mGET /services/nav [36m304[0m 104.424 ms - -[0m
2023-07-21 00:05:37 info: [0mGET /admins/profile [36m304[0m 158.228 ms - -[0m
2023-07-21 00:05:42 info: [0mGET /services/show/22 [36m304[0m 38.483 ms - -[0m
2023-07-21 00:05:45 info: [0mGET /services/show/19 [36m304[0m 21.939 ms - -[0m
2023-07-21 00:05:46 info: [0mGET /services/show/22 [36m304[0m 11.413 ms - -[0m
2023-07-21 00:05:54 info: [0mOPTIONS /services/update/22 [32m204[0m 0.787 ms - 0[0m
2023-07-21 00:05:54 info: [0mPUT /services/update/22 [32m200[0m 63.305 ms - 410[0m
2023-07-21 00:05:54 info: [0mGET /services/nav [32m200[0m 18.275 ms - -[0m
2023-07-21 00:05:58 info: [0mGET /services/show/3 [32m200[0m 5.543 ms - 744[0m
2023-07-21 00:06:01 info: [0mGET /services/show/19 [36m304[0m 4.844 ms - -[0m
2023-07-21 00:06:04 info: [0mGET /services/show/11 [36m304[0m 11.221 ms - -[0m
2023-07-21 00:06:20 info: [0mGET /services/nav [36m304[0m 24.851 ms - -[0m
2023-07-21 00:06:20 info: [0mGET /services/show/11 [36m304[0m 43.969 ms - -[0m
2023-07-21 00:06:21 info: [0mGET /services/show/22 [32m200[0m 16.051 ms - 424[0m
2023-07-21 00:06:42 info: [0mOPTIONS /admins/profile [32m204[0m 1.183 ms - 0[0m
2023-07-21 00:06:42 info: [0mGET /services/nav [36m304[0m 75.160 ms - -[0m
2023-07-21 00:06:42 info: [0mGET /services/show/undefined [36m304[0m 56.083 ms - -[0m
2023-07-21 00:06:43 info: [0mGET /admins/profile [36m304[0m 179.341 ms - -[0m
2023-07-21 00:06:57 info: [0mGET /services/show/22 [36m304[0m 49.259 ms - -[0m
2023-07-21 00:07:00 info: [0mOPTIONS /services/delete/22 [32m204[0m 0.207 ms - 0[0m
2023-07-21 00:07:00 info: [0mDELETE /services/delete/22 [32m200[0m 8.573 ms - 25[0m
2023-07-21 00:07:00 info: [0mGET /services/nav [32m200[0m 23.553 ms - -[0m
2023-07-21 00:07:01 info: [0mGET /services/show/2 [36m304[0m 26.307 ms - -[0m
2023-07-21 00:07:04 info: [0mOPTIONS /services/create [32m204[0m 0.147 ms - 0[0m
2023-07-21 00:07:04 info: [0mPOST /services/create [32m200[0m 22.646 ms - 134[0m
2023-07-21 00:07:04 info: [0mGET /services/nav [32m200[0m 10.961 ms - -[0m
2023-07-21 00:07:05 info: [0mGET /services/show/26 [32m200[0m 4.364 ms - 349[0m
2023-07-21 00:07:14 info: [0mOPTIONS /services/update/26 [32m204[0m 0.455 ms - 0[0m
2023-07-21 00:07:14 info: [0mPUT /services/update/26 [32m200[0m 20.627 ms - 394[0m
2023-07-21 00:07:14 info: [0mGET /services/nav [32m200[0m 17.053 ms - -[0m
2023-07-21 00:07:19 info: [0mGET /services/show/19 [36m304[0m 4.305 ms - -[0m
2023-07-21 00:07:46 info: [0mGET /services/show/19 [36m304[0m 83.283 ms - -[0m
2023-07-21 00:07:46 info: [0mGET /services/nav [36m304[0m 105.895 ms - -[0m
2023-07-21 00:07:51 info: [0mGET /services/show/26 [32m200[0m 36.938 ms - 404[0m
2023-07-21 00:07:58 info: [0mGET /services/show/19 [36m304[0m 5.428 ms - -[0m
2023-07-21 00:08:01 info: [0mGET /services/show/26 [36m304[0m 8.735 ms - -[0m
2023-07-21 00:08:09 info: [0mOPTIONS /services/update/26 [32m204[0m 0.329 ms - 0[0m
2023-07-21 00:08:09 info: [0mPUT /services/update/26 [32m200[0m 26.579 ms - 399[0m
2023-07-21 00:08:09 info: [0mGET /services/nav [36m304[0m 16.222 ms - -[0m
2023-07-21 00:08:11 info: [0mGET /services/show/19 [36m304[0m 4.053 ms - -[0m
2023-07-21 00:08:14 info: [0mGET /services/show/26 [32m200[0m 6.370 ms - 409[0m
2023-07-21 00:08:40 info: [0mGET /services/show/19 [36m304[0m 13.044 ms - -[0m
2023-07-21 00:09:24 info: [0mGET /services/show/26 [36m304[0m 36.128 ms - -[0m
2023-07-21 00:09:28 info: [0mGET /services/show/19 [36m304[0m 5.661 ms - -[0m
2023-07-21 00:09:50 info: [0mGET /services/show/14 [36m304[0m 84.950 ms - -[0m
2023-07-21 00:09:55 info: [0mGET /services/show/19 [36m304[0m 14.083 ms - -[0m
2023-07-21 00:11:15 info: [0mGET /services/show/19 [36m304[0m 185.935 ms - -[0m
2023-07-21 00:11:15 info: [0mGET /services/nav [36m304[0m 118.974 ms - -[0m
2023-07-21 00:11:19 info: [0mGET /services/show/26 [36m304[0m 47.233 ms - -[0m
2023-07-21 00:11:25 info: [0mGET /services/show/19 [36m304[0m 9.291 ms - -[0m
2023-07-21 00:11:33 info: [0mGET /services/show/26 [36m304[0m 3.329 ms - -[0m
2023-07-21 00:11:54 info: [0mGET /services/show/19 [36m304[0m 7.931 ms - -[0m
2023-07-21 00:12:00 info: [0mGET /services/show/26 [36m304[0m 9.464 ms - -[0m
2023-07-21 00:12:14 info: [0mOPTIONS /services/update/26 [32m204[0m 0.446 ms - 0[0m
2023-07-21 00:12:14 info: [0mPUT /services/update/26 [32m200[0m 48.014 ms - 404[0m
2023-07-21 00:12:14 info: [0mGET /services/nav [32m200[0m 34.648 ms - -[0m
2023-07-21 00:12:17 info: [0mGET /services/show/19 [36m304[0m 6.458 ms - -[0m
2023-07-21 00:12:35 info: [0mGET /services/show/14 [36m304[0m 3.892 ms - -[0m
2023-07-21 00:12:38 info: [0mGET /services/show/19 [36m304[0m 5.254 ms - -[0m
2023-07-21 00:14:01 info: [0mGET /services/show/19 [36m304[0m 93.720 ms - -[0m
2023-07-21 00:14:01 info: [0mGET /services/nav [36m304[0m 99.028 ms - -[0m
2023-07-21 00:14:08 info: [0mGET /services/show/26 [32m200[0m 39.694 ms - 418[0m
2023-07-21 00:14:11 info: [0mGET /services/show/19 [36m304[0m 6.957 ms - -[0m
2023-07-21 00:14:13 info: [0mGET /services/show/26 [36m304[0m 7.383 ms - -[0m
2023-07-21 00:14:26 info: [0mGET /services/show/3 [36m304[0m 11.007 ms - -[0m
2023-07-21 00:15:33 info: [0mGET /services/show/3 [36m304[0m 81.409 ms - -[0m
2023-07-21 00:15:33 info: [0mGET /services/nav [36m304[0m 29.243 ms - -[0m
2023-07-21 00:15:37 info: [0mGET /services/show/26 [36m304[0m 73.262 ms - -[0m
2023-07-21 00:15:40 info: [0mGET /services/show/19 [36m304[0m 4.320 ms - -[0m
2023-07-21 00:15:43 info: [0mGET /services/show/26 [36m304[0m 7.096 ms - -[0m
2023-07-21 00:17:08 info: [0mOPTIONS /admins/profile [32m204[0m 3.665 ms - 0[0m
2023-07-21 00:17:08 info: [0mGET /services/show/undefined [36m304[0m 136.938 ms - -[0m
2023-07-21 00:17:08 info: [0mGET /services/nav [36m304[0m 269.066 ms - -[0m
2023-07-21 00:17:08 info: [0mGET /admins/profile [36m304[0m 391.011 ms - -[0m
2023-07-21 00:17:11 info: [0mGET /services/show/26 [36m304[0m 127.214 ms - -[0m
2023-07-21 00:17:23 info: [0mOPTIONS /services/update/26 [32m204[0m 1.120 ms - 0[0m
2023-07-21 00:17:23 info: [0mPUT /services/update/26 [32m200[0m 68.230 ms - 386[0m
2023-07-21 00:17:23 info: [0mGET /services/nav [36m304[0m 35.522 ms - -[0m
2023-07-21 00:17:30 info: [0mGET /services/show/15 [36m304[0m 5.182 ms - -[0m
2023-07-21 00:17:32 info: [0mGET /services/show/26 [32m200[0m 3.840 ms - 400[0m
2023-07-21 00:17:36 info: [0mGET /services/show/18 [36m304[0m 6.654 ms - -[0m
2023-07-21 00:17:58 info: [0mGET /services/show/26 [36m304[0m 16.126 ms - -[0m
2023-07-21 00:18:02 info: [0mGET /services/show/18 [36m304[0m 11.828 ms - -[0m
2023-07-21 00:18:23 info: [0mGET /services/show/26 [36m304[0m 29.162 ms - -[0m
2023-07-21 00:18:27 info: [0mGET /services/show/18 [36m304[0m 46.357 ms - -[0m
2023-07-21 00:18:50 info: [0mOPTIONS /admins/profile [32m204[0m 0.850 ms - 0[0m
2023-07-21 00:18:50 info: [0mGET /services/show/undefined [36m304[0m 18.695 ms - -[0m
2023-07-21 00:18:50 info: [0mGET /services/nav [36m304[0m 25.052 ms - -[0m
2023-07-21 00:18:50 info: [0mGET /admins/profile [36m304[0m 203.755 ms - -[0m
2023-07-21 00:18:52 info: [0mGET /services/show/26 [36m304[0m 16.511 ms - -[0m
2023-07-21 00:19:02 info: [0mGET /services/show/15 [36m304[0m 25.034 ms - -[0m
2023-07-21 00:19:45 info: [0mGET /services/show/26 [36m304[0m 41.632 ms - -[0m
2023-07-21 00:19:54 info: [0mGET /services/show/18 [36m304[0m 8.968 ms - -[0m
2023-07-21 00:19:58 info: [0mGET /services/show/26 [36m304[0m 3.597 ms - -[0m
2023-07-21 00:20:10 info: [0mOPTIONS /admins/profile [32m204[0m 1.218 ms - 0[0m
2023-07-21 00:20:10 info: [0mGET /services/show/undefined [36m304[0m 33.278 ms - -[0m
2023-07-21 00:20:10 info: [0mGET /services/nav [36m304[0m 176.306 ms - -[0m
2023-07-21 00:20:10 info: [0mGET /admins/profile [36m304[0m 146.594 ms - -[0m
2023-07-21 00:20:14 info: [0mGET /services/show/26 [36m304[0m 22.178 ms - -[0m
2023-07-21 00:21:18 info: [0mGET /services/show/3 [36m304[0m 47.400 ms - -[0m
2023-07-21 00:21:23 info: [0mGET /services/show/15 [36m304[0m 25.004 ms - -[0m
2023-07-21 00:21:28 info: [0mOPTIONS /admins/profile [32m204[0m 0.870 ms - 0[0m
2023-07-21 00:21:28 info: [0mGET /services/show/undefined [36m304[0m 21.816 ms - -[0m
2023-07-21 00:21:28 info: [0mGET /services/nav [36m304[0m 62.210 ms - -[0m
2023-07-21 00:21:28 info: [0mGET /admins/profile [36m304[0m 87.148 ms - -[0m
2023-07-21 00:21:31 info: [0mGET /services/show/26 [36m304[0m 31.197 ms - -[0m
2023-07-21 00:21:34 info: [0mGET /services/show/3 [36m304[0m 7.613 ms - -[0m
2023-07-21 00:21:37 info: [0mGET /services/show/2 [36m304[0m 8.270 ms - -[0m
2023-07-21 00:21:41 info: [0mGET /services/show/1 [36m304[0m 6.005 ms - -[0m
2023-07-21 00:21:44 info: [0mGET /services/show/18 [36m304[0m 6.043 ms - -[0m
2023-07-21 00:22:34 info: [0mGET /services/show/26 [36m304[0m 20.613 ms - -[0m
2023-07-21 00:22:39 info: [0mGET /services/show/18 [36m304[0m 7.821 ms - -[0m
2023-07-21 00:22:42 info: [0mGET /services/show/26 [36m304[0m 3.866 ms - -[0m
2023-07-21 00:23:33 info: [0mGET /services/show/26 [36m304[0m 52.035 ms - -[0m
2023-07-21 00:23:33 info: [0mGET /services/nav [36m304[0m 39.336 ms - -[0m
2023-07-21 00:23:54 info: [0mOPTIONS /admins/profile [32m204[0m 38.562 ms - 0[0m
2023-07-21 00:23:54 info: [0mGET /services/show/undefined [36m304[0m 38.883 ms - -[0m
2023-07-21 00:23:54 info: [0mGET /admins/profile [36m304[0m 124.625 ms - -[0m
2023-07-21 00:23:54 info: [0mGET /services/nav [36m304[0m 63.814 ms - -[0m
2023-07-21 00:24:04 info: [0mGET /services/show/26 [36m304[0m 42.533 ms - -[0m
2023-07-21 00:24:12 info: [0mOPTIONS /services/update/26 [32m204[0m 0.192 ms - 0[0m
2023-07-21 00:24:12 info: [0mPUT /services/update/26 [32m200[0m 56.176 ms - 402[0m
2023-07-21 00:24:12 info: [0mGET /services/nav [36m304[0m 14.410 ms - -[0m
2023-07-21 00:24:14 info: [0mGET /services/show/3 [36m304[0m 4.356 ms - -[0m
2023-07-21 00:24:17 info: [0mGET /services/show/26 [32m200[0m 3.959 ms - 416[0m
2023-07-21 00:24:28 info: [0mGET /services/show/16 [36m304[0m 7.355 ms - -[0m
2023-07-21 00:25:38 info: [0mGET /services/show/26 [36m304[0m 27.320 ms - -[0m
2023-07-21 00:25:53 info: [0mOPTIONS /services/update/26 [32m204[0m 0.345 ms - 0[0m
2023-07-21 00:25:53 info: [0mPUT /services/update/26 [32m200[0m 34.253 ms - 470[0m
2023-07-21 00:25:53 info: [0mGET /services/nav [36m304[0m 43.258 ms - -[0m
2023-07-21 00:25:55 info: [0mGET /services/show/18 [36m304[0m 38.411 ms - -[0m
2023-07-21 00:26:07 info: [0mGET /services/show/26 [32m200[0m 27.235 ms - 484[0m
2023-07-21 00:26:19 info: [0mGET /services/show/18 [36m304[0m 20.139 ms - -[0m
2023-07-21 00:26:58 info: [0mOPTIONS /admins/profile [32m204[0m 10.188 ms - 0[0m
2023-07-21 00:26:59 info: [0mGET /services/show/undefined [36m304[0m 76.231 ms - -[0m
2023-07-21 00:26:59 info: [0mGET /admins/profile [36m304[0m 163.738 ms - -[0m
2023-07-21 00:26:59 info: [0mGET /services/nav [36m304[0m 122.532 ms - -[0m
2023-07-21 00:27:01 info: [0mGET /services/show/3 [36m304[0m 24.169 ms - -[0m
2023-07-21 00:27:03 info: [0mGET /services/show/18 [36m304[0m 16.063 ms - -[0m
2023-07-21 00:28:36 info: [0mGET /services/show/26 [36m304[0m 20.827 ms - -[0m
2023-07-21 00:28:53 info: [0mOPTIONS /services/update/26 [32m204[0m 0.226 ms - 0[0m
2023-07-21 00:28:53 info: [0mPUT /services/update/26 [32m200[0m 36.480 ms - 499[0m
2023-07-21 00:28:53 info: [0mGET /services/nav [36m304[0m 14.448 ms - -[0m
2023-07-21 00:28:56 info: [0mGET /services/show/18 [36m304[0m 7.840 ms - -[0m
2023-07-21 00:29:19 info: [0mGET /services/show/26 [32m200[0m 25.755 ms - 513[0m
2023-07-21 00:29:21 info: [0mGET /services/show/18 [36m304[0m 6.323 ms - -[0m
2023-07-21 00:30:15 info: [0mGET /services/show/26 [36m304[0m 108.097 ms - -[0m
2023-07-21 00:30:19 info: [0mGET /services/show/18 [36m304[0m 42.419 ms - -[0m
2023-07-21 00:31:10 info: [0mGET /services/show/26 [36m304[0m 40.279 ms - -[0m
2023-07-21 00:31:13 info: [0mGET /services/show/18 [36m304[0m 9.113 ms - -[0m
2023-07-21 00:31:28 info: [0mGET /services/show/26 [36m304[0m 70.696 ms - -[0m
2023-07-21 00:31:29 info: [0mGET /services/show/18 [36m304[0m 19.691 ms - -[0m
2023-07-21 00:31:54 info: [0mGET /services/show/26 [36m304[0m 76.424 ms - -[0m
2023-07-21 00:31:57 info: [0mGET /services/show/18 [36m304[0m 20.181 ms - -[0m
2023-07-21 00:31:59 info: [0mGET /services/show/17 [36m304[0m 17.661 ms - -[0m
2023-07-21 00:32:01 info: [0mGET /services/show/26 [36m304[0m 3.487 ms - -[0m
2023-07-21 00:32:07 info: [0mOPTIONS /services/update/26 [32m204[0m 0.805 ms - 0[0m
2023-07-21 00:32:07 info: [0mPUT /services/update/26 [32m200[0m 38.456 ms - 523[0m
2023-07-21 00:32:07 info: [0mGET /services/nav [36m304[0m 23.014 ms - -[0m
2023-07-21 00:32:13 info: [0mOPTIONS /services/update/26 [32m204[0m 0.472 ms - 0[0m
2023-07-21 00:32:13 info: [0mPUT /services/update/26 [32m200[0m 67.902 ms - 547[0m
2023-07-21 00:32:13 info: [0mGET /services/nav [36m304[0m 18.602 ms - -[0m
2023-07-21 00:32:14 info: [0mGET /services/show/18 [36m304[0m 6.397 ms - -[0m
2023-07-21 00:32:32 info: [0mGET /services/show/26 [32m200[0m 3.625 ms - 561[0m
2023-07-21 00:32:35 info: [0mGET /services/show/18 [36m304[0m 12.614 ms - -[0m
2023-07-21 00:32:42 info: [0mOPTIONS /services/update/18 [32m204[0m 0.538 ms - 0[0m
2023-07-21 00:32:42 info: [0mPUT /services/update/18 [32m200[0m 63.061 ms - -[0m
2023-07-21 00:32:42 info: [0mGET /services/nav [36m304[0m 16.194 ms - -[0m
2023-07-21 00:32:45 info: [0mGET /services/show/26 [36m304[0m 10.995 ms - -[0m
2023-07-21 00:32:48 info: [0mGET /services/show/18 [32m200[0m 8.370 ms - -[0m
2023-07-21 00:32:53 info: [0mGET /services/show/26 [36m304[0m 5.442 ms - -[0m
2023-07-21 00:33:12 info: [0mOPTIONS /services/update/26 [32m204[0m 2.070 ms - 0[0m
2023-07-21 00:33:12 info: [0mPUT /services/update/26 [32m200[0m 64.118 ms - 654[0m
2023-07-21 00:33:12 info: [0mGET /services/nav [36m304[0m 14.915 ms - -[0m
2023-07-21 00:33:13 info: [0mGET /services/show/18 [36m304[0m 5.654 ms - -[0m
2023-07-21 00:34:15 info: [0mOPTIONS /admins/profile [32m204[0m 0.840 ms - 0[0m
2023-07-21 00:34:15 info: [0mGET /services/show/undefined [36m304[0m 190.685 ms - -[0m
2023-07-21 00:34:16 info: [0mGET /services/nav [36m304[0m 261.757 ms - -[0m
2023-07-21 00:34:16 info: [0mGET /admins/profile [36m304[0m 422.078 ms - -[0m
2023-07-21 00:34:20 info: [0mGET /services/show/undefined [36m304[0m 56.953 ms - -[0m
2023-07-21 00:34:20 info: [0mGET /services/nav [36m304[0m 98.907 ms - -[0m
2023-07-21 00:34:20 info: [0mGET /admins/profile [36m304[0m 142.972 ms - -[0m
2023-07-21 00:34:23 info: [0mGET /services/show/26 [32m200[0m 8.109 ms - 668[0m
2023-07-21 00:34:24 info: [0mOPTIONS /services/delete/26 [32m204[0m 0.171 ms - 0[0m
2023-07-21 00:34:24 info: [0mDELETE /services/delete/26 [32m200[0m 37.936 ms - 25[0m
2023-07-21 00:34:24 info: [0mGET /services/nav [32m200[0m 25.735 ms - -[0m
2023-07-21 00:34:25 info: [0mGET /services/show/3 [36m304[0m 15.663 ms - -[0m
2023-07-21 00:34:31 info: [0mOPTIONS /services/create [32m204[0m 0.204 ms - 0[0m
2023-07-21 00:34:31 info: [0mPOST /services/create [32m200[0m 19.256 ms - 134[0m
2023-07-21 00:34:31 info: [0mGET /services/nav [32m200[0m 27.647 ms - -[0m
2023-07-21 00:34:32 info: [0mGET /services/show/18 [36m304[0m 3.723 ms - -[0m
2023-07-21 00:34:48 info: [0mOPTIONS /services/update/18 [32m204[0m 0.905 ms - 0[0m
2023-07-21 00:34:48 info: [0mPUT /services/update/18 [32m200[0m 61.125 ms - -[0m
2023-07-21 00:34:48 info: [0mGET /services/nav [36m304[0m 24.220 ms - -[0m
2023-07-21 00:34:52 info: [0mGET /services/show/27 [32m200[0m 16.898 ms - 350[0m
2023-07-21 00:34:56 info: [0mGET /services/show/18 [32m200[0m 11.448 ms - -[0m
2023-07-21 00:34:58 info: [0mGET /services/show/27 [36m304[0m 7.935 ms - -[0m
2023-07-21 00:35:12 info: [0mOPTIONS /services/delete/27 [32m204[0m 0.227 ms - 0[0m
2023-07-21 00:35:12 info: [0mDELETE /services/delete/27 [32m200[0m 11.941 ms - 25[0m
2023-07-21 00:35:12 info: [0mGET /services/nav [32m200[0m 21.860 ms - -[0m
2023-07-21 00:35:13 info: [0mGET /services/show/18 [36m304[0m 12.099 ms - -[0m
2023-07-21 00:35:16 info: [0mGET /services/show/3 [36m304[0m 5.304 ms - -[0m
2023-07-21 00:35:19 info: [0mOPTIONS /services/create [32m204[0m 0.316 ms - 0[0m
2023-07-21 00:35:19 info: [0mPOST /services/create [32m200[0m 14.571 ms - 134[0m
2023-07-21 00:35:19 info: [0mGET /services/nav [32m200[0m 13.492 ms - -[0m
2023-07-21 00:35:24 info: [0mGET /services/show/28 [32m200[0m 7.363 ms - 349[0m
2023-07-21 00:36:02 info: [0mGET /services/show/18 [36m304[0m 115.528 ms - -[0m
2023-07-21 00:36:06 info: [0mGET /services/show/28 [36m304[0m 61.916 ms - -[0m
2023-07-21 00:36:53 info: [0mGET /services/show/18 [36m304[0m 38.888 ms - -[0m
2023-07-21 00:36:57 info: [0mGET /services/show/28 [36m304[0m 13.650 ms - -[0m
2023-07-21 00:37:59 info: [0mGET /services/show/18 [36m304[0m 55.859 ms - -[0m
2023-07-21 00:38:02 info: [0mGET /services/show/28 [36m304[0m 21.370 ms - -[0m
2023-07-21 00:38:10 info: [0mGET /services/show/18 [36m304[0m 5.005 ms - -[0m
2023-07-21 00:38:50 info: [0mGET /services/show/28 [36m304[0m 44.412 ms - -[0m
2023-07-21 00:38:54 info: [0mGET /services/show/18 [36m304[0m 6.454 ms - -[0m
2023-07-21 00:38:56 info: [0mGET /services/show/28 [36m304[0m 7.425 ms - -[0m
2023-07-21 00:40:19 info: [0mGET /services/show/18 [36m304[0m 32.846 ms - -[0m
2023-07-21 00:40:23 info: [0mGET /services/show/28 [36m304[0m 12.293 ms - -[0m
2023-07-21 00:41:01 info: [0mGET /services/show/28 [36m304[0m 88.761 ms - -[0m
2023-07-21 00:41:01 info: [0mGET /services/nav [36m304[0m 115.868 ms - -[0m
2023-07-21 00:41:09 info: [0mGET /services/show/28 [36m304[0m 16.250 ms - -[0m
2023-07-21 00:41:09 info: [0mGET /services/nav [36m304[0m 73.098 ms - -[0m
2023-07-21 00:41:12 info: [0mGET /services/show/18 [36m304[0m 4.386 ms - -[0m
2023-07-21 00:41:27 info: [0mGET /services/show/18 [36m304[0m 99.646 ms - -[0m
2023-07-21 00:41:27 info: [0mGET /services/nav [36m304[0m 81.546 ms - -[0m
2023-07-21 00:41:27 info: [0mGET /services/show/18 [36m304[0m 9.303 ms - -[0m
2023-07-21 00:41:27 info: [0mGET /services/nav [36m304[0m 19.165 ms - -[0m
2023-07-21 00:41:34 info: [0mGET /services/show/28 [36m304[0m 56.748 ms - -[0m
2023-07-21 00:41:49 info: [0mGET /services/show/28 [36m304[0m 81.613 ms - -[0m
2023-07-21 00:41:49 info: [0mGET /services/nav [36m304[0m 97.467 ms - -[0m
2023-07-21 00:42:10 info: [0mGET /services/show/18 [36m304[0m 38.614 ms - -[0m
2023-07-21 00:42:13 info: [0mGET /services/show/28 [36m304[0m 3.559 ms - -[0m
2023-07-21 00:42:35 info: [0mGET /services/show/18 [36m304[0m 1232.803 ms - -[0m
2023-07-21 00:42:38 info: [0mGET /services/show/28 [36m304[0m 40.305 ms - -[0m
2023-07-21 00:42:48 info: [0mGET /services/show/18 [36m304[0m 25.759 ms - -[0m
2023-07-21 00:42:52 info: [0mGET /services/show/28 [36m304[0m 25.818 ms - -[0m
2023-07-21 00:44:07 info: [0mGET /services/show/28 [36m304[0m 132.733 ms - -[0m
2023-07-21 00:44:07 info: [0mGET /services/nav [36m304[0m 151.982 ms - -[0m
2023-07-21 00:44:14 info: [0mGET /services/show/18 [36m304[0m 23.307 ms - -[0m
2023-07-21 00:45:20 info: [0mGET /services/show/28 [36m304[0m 19.553 ms - -[0m
2023-07-21 00:46:37 info: [0mGET /services/show/28 [36m304[0m 56.040 ms - -[0m
2023-07-21 00:46:38 info: [0mGET /services/nav [36m304[0m 58.748 ms - -[0m
2023-07-21 00:46:40 info: [0mGET /services/show/18 [36m304[0m 39.789 ms - -[0m
2023-07-21 00:46:51 info: [0mGET /services/show/28 [36m304[0m 26.060 ms - -[0m
2023-07-21 00:47:17 info: [0mGET /services/show/18 [36m304[0m 50.721 ms - -[0m
2023-07-21 00:47:23 info: [0mGET /services/show/28 [36m304[0m 32.333 ms - -[0m
2023-07-21 00:47:26 info: [0mGET /services/show/18 [36m304[0m 25.946 ms - -[0m
2023-07-21 00:47:42 info: [0mGET /services/show/28 [36m304[0m 42.271 ms - -[0m
2023-07-21 00:49:07 info: [0mGET /services/show/18 [36m304[0m 103.242 ms - -[0m
2023-07-21 00:49:29 info: [0mGET /services/show/18 [36m304[0m 56.284 ms - -[0m
2023-07-21 00:49:29 info: [0mGET /services/nav [36m304[0m 97.946 ms - -[0m
2023-07-21 00:49:38 info: [0mGET /services/show/28 [36m304[0m 16.055 ms - -[0m
2023-07-21 00:51:11 info: [0mGET /services/show/18 [36m304[0m 50.387 ms - -[0m
2023-07-21 00:53:31 info: [0mGET /services/show/28 [36m304[0m 11.430 ms - -[0m
2023-07-21 00:53:45 info: [0mGET /services/show/18 [36m304[0m 31.866 ms - -[0m
2023-07-21 00:59:16 info: [0mGET /services/show/28 [36m304[0m 91.086 ms - -[0m
2023-07-21 00:59:22 info: [0mGET /services/show/18 [36m304[0m 48.290 ms - -[0m
2023-07-21 00:59:26 info: [0mGET /services/show/28 [36m304[0m 5.623 ms - -[0m
2023-07-21 01:01:24 info: [0mGET /services/show/28 [36m304[0m 91.776 ms - -[0m
2023-07-21 01:01:24 info: [0mGET /services/nav [36m304[0m 164.564 ms - -[0m
2023-07-21 01:01:24 info: [0mGET /services/show/28 [36m304[0m 16.394 ms - -[0m
2023-07-21 01:01:24 info: [0mGET /services/nav [36m304[0m 62.277 ms - -[0m
2023-07-21 01:01:30 info: [0mGET /services/show/18 [36m304[0m 12.456 ms - -[0m
2023-07-21 01:01:33 info: [0mGET /services/show/28 [36m304[0m 4.026 ms - -[0m
2023-07-21 01:01:39 info: [0mGET /services/show/18 [36m304[0m 31.868 ms - -[0m
2023-07-21 01:01:41 info: [0mGET /services/show/17 [36m304[0m 8.079 ms - -[0m
2023-07-21 01:01:56 info: [0mGET /services/show/17 [36m304[0m 84.031 ms - -[0m
2023-07-21 01:01:56 info: [0mGET /services/nav [36m304[0m 88.031 ms - -[0m
2023-07-21 01:01:58 info: [0mGET /services/show/17 [36m304[0m 42.218 ms - -[0m
2023-07-21 01:01:58 info: [0mGET /services/nav [36m304[0m 52.808 ms - -[0m
2023-07-21 01:01:58 info: [0mGET /services/show/17 [36m304[0m 11.964 ms - -[0m
2023-07-21 01:01:58 info: [0mGET /services/nav [36m304[0m 28.107 ms - -[0m
2023-07-21 01:02:04 info: [0mGET /services/show/28 [36m304[0m 23.007 ms - -[0m
2023-07-21 01:02:28 info: [0mGET /services/show/18 [36m304[0m 31.894 ms - -[0m
2023-07-21 01:02:51 info: [0mGET /services/show/28 [36m304[0m 100.346 ms - -[0m
2023-07-21 01:03:16 info: [0mGET /services/show/18 [36m304[0m 37.610 ms - -[0m
2023-07-21 01:03:21 info: [0mGET /services/show/28 [36m304[0m 4.516 ms - -[0m
2023-07-21 01:03:26 info: [0mGET /services/show/18 [36m304[0m 8.044 ms - -[0m
2023-07-21 01:03:56 info: [0mGET /services/show/28 [36m304[0m 25.690 ms - -[0m
2023-07-21 01:04:01 info: [0mGET /services/show/18 [36m304[0m 33.504 ms - -[0m
2023-07-21 01:04:04 info: [0mGET /services/show/17 [36m304[0m 5.630 ms - -[0m
2023-07-21 01:04:08 info: [0mGET /services/show/28 [36m304[0m 4.730 ms - -[0m
2023-07-21 01:04:24 info: [0mOPTIONS /admins/profile [32m204[0m 1.386 ms - 0[0m
2023-07-21 01:04:25 info: [0mGET /services/show/undefined [36m304[0m 62.920 ms - -[0m
2023-07-21 01:04:25 info: [0mGET /services/nav [36m304[0m 123.102 ms - -[0m
2023-07-21 01:04:25 info: [0mGET /admins/profile [36m304[0m 249.940 ms - -[0m
2023-07-21 01:04:29 info: [0mGET /services/show/28 [36m304[0m 20.559 ms - -[0m
2023-07-21 01:04:34 info: [0mGET /services/show/18 [36m304[0m 31.925 ms - -[0m
2023-07-21 01:04:38 info: [0mGET /services/show/28 [36m304[0m 20.036 ms - -[0m
2023-07-21 01:04:44 info: [0mGET /services/show/18 [36m304[0m 5.471 ms - -[0m
2023-07-21 01:04:46 info: [0mGET /services/show/28 [36m304[0m 7.478 ms - -[0m
2023-07-21 01:07:38 info: [0mGET /services/show/18 [36m304[0m 108.723 ms - -[0m
2023-07-21 01:07:43 info: [0mGET /services/show/28 [36m304[0m 9.489 ms - -[0m
2023-07-21 01:08:10 info: [0mOPTIONS /services/update/28 [32m204[0m 1.399 ms - 0[0m
2023-07-21 01:08:10 info: [0mPUT /services/update/28 [32m200[0m 142.388 ms - 335[0m
2023-07-21 01:08:10 info: [0mGET /services/nav [32m200[0m 87.928 ms - -[0m
2023-07-21 01:08:27 info: [0mOPTIONS /admins/profile [32m204[0m 1.075 ms - 0[0m
2023-07-21 01:08:28 info: [0mGET /services/show/undefined [36m304[0m 113.313 ms - -[0m
2023-07-21 01:08:28 info: [0mGET /services/nav [36m304[0m 145.259 ms - -[0m
2023-07-21 01:08:28 info: [0mGET /admins/profile [36m304[0m 225.662 ms - -[0m
2023-07-21 01:08:30 info: [0mGET /services/show/28 [32m200[0m 12.820 ms - 348[0m
2023-07-21 01:12:09 info: [0mGET /services/show/18 [36m304[0m 87.239 ms - -[0m
2023-07-21 01:12:14 info: [0mGET /services/show/28 [36m304[0m 11.796 ms - -[0m
2023-07-21 01:14:03 info: [0mOPTIONS /admins/profile [32m204[0m 1.178 ms - 0[0m
2023-07-21 01:14:03 info: [0mGET /services/show/undefined [36m304[0m 178.987 ms - -[0m
2023-07-21 01:14:03 info: [0mGET /services/nav [36m304[0m 204.622 ms - -[0m
2023-07-21 01:14:03 info: [0mGET /admins/profile [36m304[0m 315.843 ms - -[0m
2023-07-21 01:14:29 info: [0mOPTIONS /admins/profile [32m204[0m 1.093 ms - 0[0m
2023-07-21 01:14:29 info: [0mGET /services/show/undefined [36m304[0m 53.573 ms - -[0m
2023-07-21 01:14:30 info: [0mGET /admins/profile [36m304[0m 150.297 ms - -[0m
2023-07-21 01:14:30 info: [0mGET /services/nav [36m304[0m 131.226 ms - -[0m
2023-07-21 01:14:33 info: [0mGET /services/show/28 [36m304[0m 21.263 ms - -[0m
2023-07-21 01:14:35 info: [0mGET /services/show/18 [36m304[0m 4.523 ms - -[0m
2023-07-21 01:14:41 info: [0mGET /services/show/28 [36m304[0m 18.793 ms - -[0m
2023-07-21 01:15:25 info: [0mGET /services/show/18 [36m304[0m 22.080 ms - -[0m
2023-07-21 01:15:28 info: [0mGET /services/show/28 [36m304[0m 5.260 ms - -[0m
2023-07-21 01:15:56 info: [0mGET /services/show/18 [36m304[0m 47.099 ms - -[0m
2023-07-21 01:16:08 info: [0mGET /services/show/28 [36m304[0m 23.921 ms - -[0m
2023-07-21 01:16:59 info: [0mOPTIONS /admins/profile [32m204[0m 2.752 ms - 0[0m
2023-07-21 01:16:59 info: [0mGET /services/show/undefined [36m304[0m 25.252 ms - -[0m
2023-07-21 01:16:59 info: [0mGET /services/nav [36m304[0m 153.726 ms - -[0m
2023-07-21 01:16:59 info: [0mGET /admins/profile [36m304[0m 296.683 ms - -[0m
2023-07-21 01:17:05 info: [0mGET /services/show/28 [36m304[0m 17.978 ms - -[0m
2023-07-21 01:20:08 info: [0mOPTIONS /admins/profile [32m204[0m 0.742 ms - 0[0m
2023-07-21 01:20:08 info: [0mGET /services/show/undefined [36m304[0m 32.287 ms - -[0m
2023-07-21 01:20:08 info: [0mGET /services/nav [36m304[0m 43.399 ms - -[0m
2023-07-21 01:20:08 info: [0mGET /admins/profile [36m304[0m 101.574 ms - -[0m
2023-07-21 01:21:38 info: [0mOPTIONS /admins/profile [32m204[0m 0.847 ms - 0[0m
2023-07-21 01:21:38 info: [0mGET /services/show/undefined [36m304[0m 68.372 ms - -[0m
2023-07-21 01:21:38 info: [0mGET /services/nav [36m304[0m 127.984 ms - -[0m
2023-07-21 01:21:38 info: [0mGET /admins/profile [36m304[0m 202.935 ms - -[0m
2023-07-21 01:21:44 info: [0mGET /services/show/18 [36m304[0m 14.547 ms - -[0m
2023-07-21 01:21:48 info: [0mGET /services/show/28 [36m304[0m 31.579 ms - -[0m
2023-07-21 01:21:50 info: [0mGET /services/show/18 [36m304[0m 5.346 ms - -[0m
2023-07-21 01:21:55 info: [0mGET /services/show/28 [36m304[0m 14.626 ms - -[0m
2023-07-21 01:22:00 info: [0mOPTIONS /services/update/28 [32m204[0m 0.671 ms - 0[0m
2023-07-21 01:22:00 info: [0mPUT /services/update/28 [32m200[0m 58.865 ms - 376[0m
2023-07-21 01:22:00 info: [0mGET /services/nav [32m200[0m 35.774 ms - -[0m
2023-07-21 01:22:02 info: [0mGET /services/show/18 [36m304[0m 18.011 ms - -[0m
2023-07-21 01:22:10 info: [0mGET /services/show/28 [32m200[0m 9.075 ms - 389[0m
2023-07-21 01:22:12 info: [0mGET /services/show/18 [36m304[0m 4.095 ms - -[0m
2023-07-21 01:22:38 info: [0mGET /services/show/28 [36m304[0m 27.083 ms - -[0m
2023-07-21 01:22:46 info: [0mOPTIONS /admins/profile [32m204[0m 0.872 ms - 0[0m
2023-07-21 01:22:46 info: [0mGET /services/show/undefined [36m304[0m 144.738 ms - -[0m
2023-07-21 01:22:46 info: [0mGET /services/nav [36m304[0m 108.757 ms - -[0m
2023-07-21 01:22:46 info: [0mGET /admins/profile [36m304[0m 253.679 ms - -[0m
2023-07-21 01:23:39 info: [0mGET /services/show/28 [36m304[0m 59.506 ms - -[0m
2023-07-21 01:23:43 info: [0mGET /services/show/18 [36m304[0m 21.718 ms - -[0m
2023-07-21 01:23:47 info: [0mGET /services/show/28 [36m304[0m 7.191 ms - -[0m
2023-07-21 01:23:51 info: [0mOPTIONS /services/update/28 [32m204[0m 0.197 ms - 0[0m
2023-07-21 01:23:51 info: [0mPUT /services/update/28 [32m200[0m 46.314 ms - 380[0m
2023-07-21 01:23:51 info: [0mGET /services/nav [36m304[0m 17.761 ms - -[0m
2023-07-21 01:23:52 info: [0mGET /services/show/18 [36m304[0m 5.385 ms - -[0m
2023-07-21 01:23:57 info: [0mGET /services/show/28 [32m200[0m 16.694 ms - 393[0m
2023-07-21 01:24:32 info: [0mGET /services/show/18 [36m304[0m 20.331 ms - -[0m
2023-07-21 01:24:34 info: [0mGET /services/show/28 [36m304[0m 4.574 ms - -[0m
2023-07-21 01:24:39 info: [0mOPTIONS /services/update/28 [32m204[0m 0.306 ms - 0[0m
2023-07-21 01:24:40 info: [0mPUT /services/update/28 [32m200[0m 17.132 ms - 385[0m
2023-07-21 01:24:40 info: [0mGET /services/nav [36m304[0m 13.622 ms - -[0m
2023-07-21 01:24:42 info: [0mGET /services/show/17 [36m304[0m 4.336 ms - -[0m
2023-07-21 01:24:45 info: [0mGET /services/show/18 [36m304[0m 5.169 ms - -[0m
2023-07-21 01:24:48 info: [0mGET /services/show/28 [32m200[0m 3.030 ms - 398[0m
2023-07-21 01:25:03 info: [0mOPTIONS /services/update/28 [32m204[0m 0.883 ms - 0[0m
2023-07-21 01:25:03 info: [0mPUT /services/update/28 [32m200[0m 45.912 ms - 409[0m
2023-07-21 01:25:03 info: [0mGET /services/nav [36m304[0m 18.996 ms - -[0m
2023-07-21 01:25:05 info: [0mGET /services/show/18 [36m304[0m 10.643 ms - -[0m
2023-07-21 01:25:09 info: [0mGET /services/show/28 [32m200[0m 15.043 ms - 422[0m
2023-07-21 01:27:07 info: [0mOPTIONS /admins/profile [32m204[0m 1.142 ms - 0[0m
2023-07-21 01:27:07 info: [0mGET /services/show/undefined [36m304[0m 83.573 ms - -[0m
2023-07-21 01:27:07 info: [0mGET /services/nav [36m304[0m 186.649 ms - -[0m
2023-07-21 01:27:07 info: [0mGET /admins/profile [36m304[0m 467.605 ms - -[0m
2023-07-21 01:27:10 info: [0mGET /services/show/28 [36m304[0m 20.914 ms - -[0m
2023-07-21 01:29:09 info: [0mOPTIONS /admins/profile [32m204[0m 0.907 ms - 0[0m
2023-07-21 01:29:09 info: [0mGET /services/show/undefined [36m304[0m 68.389 ms - -[0m
2023-07-21 01:29:09 info: [0mGET /services/nav [36m304[0m 95.329 ms - -[0m
2023-07-21 01:29:09 info: [0mGET /admins/profile [36m304[0m 169.063 ms - -[0m
2023-07-21 01:29:13 info: [0mGET /services/show/28 [36m304[0m 7.411 ms - -[0m
2023-07-21 01:29:57 info: [0mGET /services/show/28 [36m304[0m 74.148 ms - -[0m
2023-07-21 01:29:57 info: [0mGET /services/nav [36m304[0m 107.732 ms - -[0m
2023-07-21 01:29:57 info: [0mGET /services/show/18 [36m304[0m 4.693 ms - -[0m
2023-07-21 01:29:58 info: [0mGET /services/show/17 [36m304[0m 20.204 ms - -[0m
2023-07-21 01:29:59 info: [0mGET /services/show/16 [36m304[0m 6.728 ms - -[0m
2023-07-21 01:30:00 info: [0mGET /services/show/15 [36m304[0m 5.102 ms - -[0m
2023-07-21 01:30:00 info: [0mGET /services/show/16 [36m304[0m 5.730 ms - -[0m
2023-07-21 01:30:01 info: [0mGET /services/show/17 [36m304[0m 6.764 ms - -[0m
2023-07-21 01:30:01 info: [0mGET /services/show/18 [36m304[0m 4.318 ms - -[0m
2023-07-21 01:30:02 info: [0mGET /services/show/28 [36m304[0m 3.860 ms - -[0m
2023-07-21 01:30:04 info: [0mGET /services/show/18 [36m304[0m 4.937 ms - -[0m
2023-07-21 01:30:05 info: [0mGET /services/show/17 [36m304[0m 4.909 ms - -[0m
2023-07-21 01:30:06 info: [0mGET /services/show/16 [36m304[0m 3.496 ms - -[0m
2023-07-21 01:30:07 info: [0mGET /services/show/15 [36m304[0m 4.467 ms - -[0m
2023-07-21 01:30:07 info: [0mGET /services/show/2 [36m304[0m 4.672 ms - -[0m
2023-07-21 01:30:08 info: [0mGET /services/show/1 [36m304[0m 3.826 ms - -[0m
2023-07-21 01:30:08 info: [0mGET /services/show/15 [36m304[0m 4.341 ms - -[0m
2023-07-21 01:30:08 info: [0mGET /services/show/17 [36m304[0m 3.369 ms - -[0m
2023-07-21 01:30:09 info: [0mGET /services/show/18 [36m304[0m 4.486 ms - -[0m
2023-07-21 01:30:09 info: [0mGET /services/show/28 [36m304[0m 3.559 ms - -[0m
2023-07-21 01:30:12 info: [0mGET /services/show/18 [36m304[0m 5.601 ms - -[0m
2023-07-21 01:31:01 info: [0mOPTIONS /admins/profile [32m204[0m 0.935 ms - 0[0m
2023-07-21 01:31:01 info: [0mGET /services/show/undefined [36m304[0m 88.906 ms - -[0m
2023-07-21 01:31:01 info: [0mGET /services/nav [36m304[0m 84.481 ms - -[0m
2023-07-21 01:31:01 info: [0mGET /admins/profile [36m304[0m 210.810 ms - -[0m
2023-07-21 01:31:05 info: [0mGET /services/show/3 [36m304[0m 70.889 ms - -[0m
2023-07-21 01:31:36 info: [0mOPTIONS /admins/profile [32m204[0m 0.898 ms - 0[0m
2023-07-21 01:31:36 info: [0mGET /services/nav [36m304[0m 73.098 ms - -[0m
2023-07-21 01:31:36 info: [0mGET /admins/profile [36m304[0m 129.143 ms - -[0m
2023-07-21 01:31:38 info: [0mGET /services/show/3 [36m304[0m 27.166 ms - -[0m
2023-07-21 01:31:39 info: [0mGET /services/show/2 [36m304[0m 80.389 ms - -[0m
2023-07-21 01:31:39 info: [0mGET /services/show/1 [36m304[0m 23.675 ms - -[0m
2023-07-21 01:31:43 info: [0mGET /services/show/28 [36m304[0m 30.810 ms - -[0m
2023-07-21 01:31:43 info: [0mGET /services/show/18 [36m304[0m 3.283 ms - -[0m
2023-07-21 01:31:44 info: [0mGET /services/show/17 [36m304[0m 9.786 ms - -[0m
2023-07-21 01:31:44 info: [0mGET /services/show/28 [36m304[0m 21.076 ms - -[0m
2023-07-21 01:32:25 info: [0mOPTIONS /services/update/28 [32m204[0m 0.845 ms - 0[0m
2023-07-21 01:32:25 info: [0mPUT /services/update/28 [32m200[0m 72.231 ms - 471[0m
2023-07-21 01:32:25 info: [0mGET /services/nav [36m304[0m 15.764 ms - -[0m
2023-07-21 01:32:28 info: [0mGET /services/show/18 [36m304[0m 10.705 ms - -[0m
2023-07-21 01:33:27 info: [0mOPTIONS /admins/profile [32m204[0m 3.384 ms - 0[0m
2023-07-21 01:33:28 info: [0mGET /services/nav [36m304[0m 178.091 ms - -[0m
2023-07-21 01:33:28 info: [0mGET /admins/profile [36m304[0m 303.137 ms - -[0m
2023-07-21 01:33:39 info: [0mOPTIONS /admins/profile [32m204[0m 3.034 ms - 0[0m
2023-07-21 01:33:39 info: [0mGET /services/nav [36m304[0m 87.361 ms - -[0m
2023-07-21 01:33:39 info: [0mGET /admins/profile [36m304[0m 109.456 ms - -[0m
2023-07-21 01:33:41 info: [0mGET /services/show/28 [32m200[0m 11.401 ms - 484[0m
2023-07-21 01:34:08 info: [0mOPTIONS /admins/profile [32m204[0m 3.851 ms - 0[0m
2023-07-21 01:34:08 info: [0mGET /admins/profile [36m304[0m 136.397 ms - -[0m
2023-07-21 01:34:08 info: [0mGET /services/nav [36m304[0m 155.859 ms - -[0m
2023-07-21 01:34:13 info: [0mGET /services/show/28 [36m304[0m 43.163 ms - -[0m
2023-07-21 01:34:19 info: [0mGET /services/show/18 [36m304[0m 11.500 ms - -[0m
2023-07-21 01:34:19 info: [0mGET /services/show/28 [36m304[0m 5.382 ms - -[0m
2023-07-21 01:34:25 info: [0mOPTIONS /services/update/28 [32m204[0m 0.220 ms - 0[0m
2023-07-21 01:34:25 info: [0mPUT /services/update/28 [32m200[0m 35.607 ms - 483[0m
2023-07-21 01:34:25 info: [0mGET /services/nav [36m304[0m 17.972 ms - -[0m
2023-07-21 01:37:00 info: [0mGET /services/show/28 [32m200[0m 231.341 ms - 496[0m
2023-07-21 01:37:00 info: [0mGET /services/nav [36m304[0m 187.316 ms - -[0m
2023-07-21 01:40:11 info: [0mOPTIONS /services/update/28 [32m204[0m 1.390 ms - 0[0m
2023-07-21 01:40:11 info: [0mPUT /services/update/28 [32m200[0m 69.240 ms - 502[0m
2023-07-21 01:40:11 info: [0mGET /services/nav [36m304[0m 22.265 ms - -[0m
2023-07-21 01:40:16 info: [0mGET /services/show/18 [36m304[0m 8.890 ms - -[0m
2023-07-21 01:40:17 info: [0mGET /services/show/28 [32m200[0m 5.666 ms - 515[0m
2023-07-21 01:40:20 info: [0mGET /services/show/18 [36m304[0m 4.278 ms - -[0m
2023-07-21 01:44:25 info: [0mOPTIONS /admins/profile [32m204[0m 36.881 ms - 0[0m
2023-07-21 01:44:26 info: [0mGET /services/nav [36m304[0m 569.359 ms - -[0m
2023-07-21 01:44:26 info: [0mGET /admins/profile [36m304[0m 881.233 ms - -[0m
2023-07-21 01:44:31 info: [0mGET /services/show/28 [36m304[0m 41.890 ms - -[0m
2023-07-21 01:45:05 info: [0mGET /services/show/18 [36m304[0m 49.154 ms - -[0m
2023-07-21 01:45:12 info: [0mGET /services/show/28 [36m304[0m 10.772 ms - -[0m
2023-07-21 01:45:19 info: [0mOPTIONS /services/update/28 [32m204[0m 0.166 ms - 0[0m
2023-07-21 01:45:19 info: [0mPUT /services/update/28 [32m200[0m 56.500 ms - 512[0m
2023-07-21 01:45:19 info: [0mGET /services/nav [36m304[0m 22.569 ms - -[0m
2023-07-21 01:45:20 info: [0mGET /services/show/18 [36m304[0m 5.007 ms - -[0m
2023-07-21 01:46:28 info: [0mGET /services/show/28 [32m200[0m 60.930 ms - 525[0m
2023-07-21 01:48:07 info: [0mOPTIONS /services/update/28 [32m204[0m 1.288 ms - 0[0m
2023-07-21 01:48:07 info: [0mPUT /services/update/28 [32m200[0m 168.043 ms - 543[0m
2023-07-21 01:48:07 info: [0mGET /services/nav [36m304[0m 127.780 ms - -[0m
2023-07-21 01:48:08 info: [0mGET /services/show/18 [36m304[0m 45.186 ms - -[0m
2023-07-21 01:48:09 info: [0mGET /services/show/28 [32m200[0m 3.867 ms - 556[0m
2023-07-21 01:48:12 info: [0mGET /services/show/18 [36m304[0m 10.674 ms - -[0m
2023-07-21 01:48:17 info: [0mGET /services/show/28 [36m304[0m 5.136 ms - -[0m
2023-07-21 01:48:22 info: [0mOPTIONS /services/update/28 [32m204[0m 0.159 ms - 0[0m
2023-07-21 01:48:22 info: [0mPUT /services/update/28 [32m200[0m 52.852 ms - 585[0m
2023-07-21 01:48:22 info: [0mGET /services/nav [36m304[0m 16.560 ms - -[0m
2023-07-21 01:48:23 info: [0mGET /services/show/18 [36m304[0m 3.589 ms - -[0m
2023-07-21 01:49:04 info: [0mGET /services/show/28 [32m200[0m 20.069 ms - 598[0m
2023-07-21 01:49:08 info: [0mGET /services/show/18 [36m304[0m 4.675 ms - -[0m
2023-07-21 01:49:10 info: [0mGET /services/show/28 [36m304[0m 8.783 ms - -[0m
2023-07-21 01:49:44 info: [0mOPTIONS /admins/profile [32m204[0m 0.773 ms - 0[0m
2023-07-21 01:49:44 info: [0mGET /services/nav [36m304[0m 139.715 ms - -[0m
2023-07-21 01:49:45 info: [0mGET /admins/profile [36m304[0m 279.956 ms - -[0m
2023-07-21 01:49:47 info: [0mGET /services/show/28 [36m304[0m 15.370 ms - -[0m
2023-07-21 01:50:19 info: [0mOPTIONS /admins/profile [32m204[0m 3.943 ms - 0[0m
2023-07-21 01:50:19 info: [0mGET /admins/profile [36m304[0m 166.110 ms - -[0m
2023-07-21 01:50:19 info: [0mGET /services/nav [36m304[0m 159.804 ms - -[0m
2023-07-21 01:50:24 info: [0mGET /services/show/28 [36m304[0m 6.161 ms - -[0m
2023-07-21 01:51:26 info: [0mOPTIONS /services/update/28 [32m204[0m 0.925 ms - 0[0m
2023-07-21 01:51:26 info: [0mPUT /services/update/28 [32m200[0m 124.841 ms - 605[0m
2023-07-21 01:51:26 info: [0mGET /services/nav [36m304[0m 43.415 ms - -[0m
2023-07-21 01:51:27 info: [0mGET /services/show/18 [36m304[0m 4.431 ms - -[0m
2023-07-21 01:51:28 info: [0mGET /services/show/28 [32m200[0m 4.076 ms - 618[0m
2023-07-21 14:18:50 info: [0mPOST /individuals/synchronized [33m404[0m 197.535 ms - 164[0m
2023-07-21 14:18:52 info: [0mPOST /individuals/synchronized [33m404[0m 5.280 ms - 164[0m
