2023-04-26 11:25:18 info: [0mOPTIONS /admins/login [32m204[0m 6.890 ms - 0[0m
2023-04-26 11:25:19 info: [0mPOST /admins/login [32m200[0m 570.802 ms - 744[0m
2023-04-26 11:25:20 info: [0mOPTIONS /admins/profile [32m204[0m 0.990 ms - 0[0m
2023-04-26 11:25:20 info: [0mGET /admins/profile [36m304[0m 117.892 ms - -[0m
2023-04-26 11:25:22 info: [0mGET /services/nav [36m304[0m 111.553 ms - -[0m
2023-04-26 11:25:22 info: [0mGET /admins/profile [36m304[0m 145.055 ms - -[0m
2023-04-26 11:25:25 info: [0mGET /admins/profile [36m304[0m 45.698 ms - -[0m
2023-04-26 11:25:25 info: [0mGET /branchs? [36m304[0m 193.672 ms - -[0m
2023-04-26 11:25:25 info: [0mGET /branchs?page=1&page_size=10 [36m304[0m 55.053 ms - -[0m
2023-04-26 11:25:51 info: [0mOPTIONS /admins/profile [32m204[0m 0.711 ms - 0[0m
2023-04-26 11:25:51 info: [0mGET /admins/profile [36m304[0m 268.073 ms - -[0m
2023-04-26 11:25:51 info: [0mGET /projects? [36m304[0m 197.202 ms - -[0m
2023-04-26 11:25:51 info: [0mGET /projects?page=1&page_size=10 [36m304[0m 186.659 ms - -[0m
2023-04-26 11:26:14 info: [0mOPTIONS /admins/profile [32m204[0m 0.821 ms - 0[0m
2023-04-26 11:26:14 info: [0mGET /branchs?[object%20Object] [32m200[0m 312.509 ms - 266[0m
2023-04-26 11:26:14 info: [0mGET /services?[object%20Object] [32m200[0m 313.421 ms - 446[0m
2023-04-26 11:26:14 info: [0mGET /admins/profile [36m304[0m 368.266 ms - -[0m
2023-04-26 11:26:14 info: [0mGET /projects?[object%20Object] [32m200[0m 369.408 ms - 501[0m
2023-04-26 11:26:16 info: [0mGET /projects?page=1&page_size=10 [36m304[0m 419.353 ms - -[0m
2023-04-26 11:26:17 info: [0mGET /admins/profile [36m304[0m 679.907 ms - -[0m
2023-04-26 11:26:18 info: [0mGET /projects?page=1&page_size=10 [36m304[0m 25.123 ms - -[0m
2023-04-26 11:26:50 info: [0mOPTIONS /admins/profile [32m204[0m 2.483 ms - 0[0m
2023-04-26 11:26:50 info: [0mGET /admins/profile [36m304[0m 421.954 ms - -[0m
2023-04-26 11:26:51 info: [0mGET /projects/show/1 [32m200[0m 871.387 ms - 433[0m
2023-04-26 11:26:52 info: [0mGET /branchs?[object%20Object] [36m304[0m 20.835 ms - -[0m
2023-04-26 11:26:52 info: [0mGET /projects?[object%20Object] [36m304[0m 38.565 ms - -[0m
2023-04-26 11:26:52 info: [0mGET /services?[object%20Object] [36m304[0m 35.130 ms - -[0m
2023-04-26 11:26:54 info: [0mGET /projects?page=1&page_size=10 [36m304[0m 15.542 ms - -[0m
2023-04-26 11:26:54 info: [0mGET /projects/show/1 [36m304[0m 140.397 ms - -[0m
2023-04-26 11:26:54 info: [0mGET /admins/profile [36m304[0m 135.865 ms - -[0m
2023-04-26 11:26:54 info: [0mGET /projects?page=1&page_size=10 [36m304[0m 33.713 ms - -[0m
2023-04-26 11:27:30 info: [0mOPTIONS /admins/profile [32m204[0m 2.908 ms - 0[0m
2023-04-26 11:27:30 info: [0mGET /admins/profile [36m304[0m 290.306 ms - -[0m
2023-04-26 11:27:30 info: [0mGET /posts? [36m304[0m 271.198 ms - -[0m
2023-04-26 11:27:30 info: [0mGET /posts?page=1&page_size=10 [36m304[0m 75.644 ms - -[0m
2023-04-26 11:28:34 info: [0mOPTIONS /admins/profile [32m204[0m 5.441 ms - 0[0m
2023-04-26 11:28:35 info: [0mGET /admins/profile [36m304[0m 284.441 ms - -[0m
2023-04-26 11:28:35 info: [0mGET /categories? [32m200[0m 257.753 ms - 372[0m
2023-04-26 11:28:35 info: [0mGET /categories?page=1&page_size=10 [32m200[0m 189.230 ms - 372[0m
2023-04-26 11:28:38 info: [0mGET /admins/profile [36m304[0m 90.509 ms - -[0m
2023-04-26 11:28:38 info: [0mGET /jobs? [32m200[0m 146.925 ms - 982[0m
2023-04-26 11:28:38 info: [0mGET /jobs?page=1&page_size=10 [32m200[0m 23.271 ms - 996[0m
2023-04-26 11:29:03 info: [0mOPTIONS /admins/profile [32m204[0m 0.459 ms - 0[0m
2023-04-26 11:29:03 info: [0mGET /admins/profile [36m304[0m 91.096 ms - -[0m
2023-04-26 11:29:08 info: [0mGET /admins/profile [36m304[0m 62.700 ms - -[0m
2023-04-26 11:29:37 info: [0mOPTIONS /admins/profile [32m204[0m 0.886 ms - 0[0m
2023-04-26 11:29:37 info: [0mGET /admins/profile [36m304[0m 290.036 ms - -[0m
2023-04-26 11:30:24 info: [0mOPTIONS /admins/profile [32m204[0m 1.490 ms - 0[0m
2023-04-26 11:30:25 info: [0mGET /admins? [32m200[0m 132.675 ms - 616[0m
2023-04-26 11:30:25 info: [0mGET /admins?page=1&page_size=10 [32m200[0m 120.195 ms - 616[0m
2023-04-26 11:30:25 info: [0mGET /admins/profile [36m304[0m 223.432 ms - -[0m
2023-04-26 11:34:05 info: [0mOPTIONS /admins/profile [32m204[0m 56.624 ms - 0[0m
2023-04-26 11:34:05 info: [0mGET /admins/profile [36m304[0m 105.886 ms - -[0m
2023-04-26 11:34:05 info: [0mGET /jobs? [36m304[0m 194.835 ms - -[0m
2023-04-26 11:34:05 info: [0mGET /jobs?page=1&page_size=10 [36m304[0m 84.863 ms - -[0m
2023-04-26 11:34:10 info: [0mGET /admins/profile [36m304[0m 101.641 ms - -[0m
2023-04-26 11:34:10 info: [0mGET /categories? [36m304[0m 108.702 ms - -[0m
2023-04-26 11:34:10 info: [0mGET /categories?page=1&page_size=10 [36m304[0m 8.375 ms - -[0m
2023-04-26 11:34:15 info: [0mOPTIONS /admins/profile [32m204[0m 1.007 ms - 0[0m
2023-04-26 11:34:15 info: [0mGET /projects? [36m304[0m 103.272 ms - -[0m
2023-04-26 11:34:15 info: [0mGET /admins/profile [36m304[0m 162.903 ms - -[0m
2023-04-26 11:34:15 info: [0mGET /projects?page=1&page_size=10 [36m304[0m 64.826 ms - -[0m
2023-04-26 11:34:25 info: [0mOPTIONS /admins/profile [32m204[0m 7.112 ms - 0[0m
2023-04-26 11:34:25 info: [0mGET /admins/profile [36m304[0m 114.689 ms - -[0m
2023-04-26 11:34:25 info: [0mGET /projects/show/1 [36m304[0m 107.297 ms - -[0m
2023-04-26 11:34:25 info: [0mGET /projects?[object%20Object] [36m304[0m 38.078 ms - -[0m
2023-04-26 11:34:25 info: [0mGET /branchs?[object%20Object] [36m304[0m 34.671 ms - -[0m
2023-04-26 11:34:25 info: [0mGET /services?[object%20Object] [36m304[0m 36.362 ms - -[0m
2023-04-26 11:34:32 info: [0mOPTIONS /admins/profile [32m204[0m 0.498 ms - 0[0m
2023-04-26 11:34:32 info: [0mGET /projects/show/1 [32m200[0m 46.300 ms - 433[0m
2023-04-26 11:34:32 info: [0mGET /projects?page=1&page_size=10 [32m200[0m 37.165 ms - 501[0m
2023-04-26 11:34:32 info: [0mGET /admins/profile [36m304[0m 36.889 ms - -[0m
2023-04-26 11:34:32 info: [0mGET /projects?page=1&page_size=10 [32m200[0m 11.587 ms - 501[0m
2023-04-26 11:34:37 info: [0mOPTIONS /admins/profile [32m204[0m 0.296 ms - 0[0m
2023-04-26 11:34:37 info: [0mGET /admins/profile [36m304[0m 127.005 ms - -[0m
2023-04-26 11:34:37 info: [0mGET /ceos? [32m200[0m 162.067 ms - 390[0m
2023-04-26 11:34:37 info: [0mGET /ceos?page=1&page_size=10 [32m200[0m 62.444 ms - 390[0m
2023-04-26 11:35:17 info: [0mOPTIONS /admins/profile [32m204[0m 0.674 ms - 0[0m
2023-04-26 11:35:17 info: [0mGET /admins/profile [36m304[0m 107.043 ms - -[0m
2023-04-26 11:35:21 info: [0mGET /admins/profile [36m304[0m 62.402 ms - -[0m
2023-04-26 11:35:27 info: [0mOPTIONS /admins/profile [32m204[0m 0.636 ms - 0[0m
2023-04-26 11:35:27 info: [0mGET /admins/profile [36m304[0m 101.484 ms - -[0m
2023-04-26 11:35:34 info: [0mOPTIONS /admins/profile [32m204[0m 1.520 ms - 0[0m
2023-04-26 11:35:34 info: [0mGET /admins/profile [36m304[0m 45.603 ms - -[0m
2023-04-26 11:35:51 info: [0mOPTIONS /admins/profile [32m204[0m 2.451 ms - 0[0m
2023-04-26 11:35:51 info: [0mGET /admins/profile [36m304[0m 58.557 ms - -[0m
2023-04-26 11:35:56 info: [0mOPTIONS /admins/profile [32m204[0m 69.904 ms - 0[0m
2023-04-26 11:35:56 info: [0mGET /admins/profile [36m304[0m 180.010 ms - -[0m
2023-04-26 11:35:56 info: [0mGET /admins?page=1&page_size=10 [36m304[0m 24.420 ms - -[0m
2023-04-26 11:35:56 info: [0mGET /admins? [36m304[0m 158.959 ms - -[0m
2023-04-26 11:36:18 info: [0mGET /contacts?page=1&page_size=10 [32m200[0m 181.825 ms - 580[0m
2023-04-26 11:37:43 info: =================================
2023-04-26 11:37:43 info: ======= ENV: development =======
2023-04-26 11:37:43 info: 🚀 App listening on the port 8000
2023-04-26 11:37:43 info: =================================
2023-04-26 11:38:03 info: =================================
2023-04-26 11:38:03 info: ======= ENV: development =======
2023-04-26 11:38:03 info: 🚀 App listening on the port 8000
2023-04-26 11:38:03 info: =================================
2023-04-26 11:38:51 info: =================================
2023-04-26 11:38:51 info: ======= ENV: development =======
2023-04-26 11:38:51 info: 🚀 App listening on the port 8000
2023-04-26 11:38:51 info: =================================
2023-04-26 11:39:09 info: =================================
2023-04-26 11:39:09 info: ======= ENV: development =======
2023-04-26 11:39:09 info: 🚀 App listening on the port 8000
2023-04-26 11:39:09 info: =================================
2023-04-26 11:39:31 info: =================================
2023-04-26 11:39:31 info: ======= ENV: development =======
2023-04-26 11:39:31 info: 🚀 App listening on the port 8000
2023-04-26 11:39:31 info: =================================
2023-04-26 11:39:44 info: =================================
2023-04-26 11:39:44 info: ======= ENV: development =======
2023-04-26 11:39:44 info: 🚀 App listening on the port 8000
2023-04-26 11:39:44 info: =================================
2023-04-26 11:39:53 info: =================================
2023-04-26 11:39:53 info: ======= ENV: development =======
2023-04-26 11:39:53 info: 🚀 App listening on the port 8000
2023-04-26 11:39:53 info: =================================
2023-04-26 11:40:10 info: =================================
2023-04-26 11:40:10 info: ======= ENV: development =======
2023-04-26 11:40:10 info: 🚀 App listening on the port 8000
2023-04-26 11:40:10 info: =================================
2023-04-26 11:41:35 info: =================================
2023-04-26 11:41:35 info: ======= ENV: development =======
2023-04-26 11:41:35 info: 🚀 App listening on the port 8000
2023-04-26 11:41:35 info: =================================
