2023-04-10 10:11:42 info: =================================
2023-04-10 10:11:42 info: ======= ENV: development =======
2023-04-10 10:11:42 info: 🚀 App listening on the port 8000
2023-04-10 10:11:42 info: =================================
2023-04-10 10:14:51 info: [0mGET /admins?page=1&page_size=10 [36m304[0m 307.549 ms - -[0m
2023-04-10 10:14:51 info: [0mGET /admins? [36m304[0m 400.623 ms - -[0m
2023-04-10 10:14:56 info: [0mGET /roles?[object%20Object] [36m304[0m 57.298 ms - -[0m
2023-04-10 10:14:57 info: [0mGET /admins?page=1&page_size=10 [36m304[0m 107.569 ms - -[0m
2023-04-10 10:14:57 info: [0mGET /admins?page=1&page_size=10 [36m304[0m 19.074 ms - -[0m
2023-04-10 10:14:59 info: [0mGET /admins/show/1 [36m304[0m 122.811 ms - -[0m
2023-04-10 10:14:59 info: [0mGET /roles?[object%20Object] [36m304[0m 13.683 ms - -[0m
2023-04-10 10:15:02 info: [0mGET /admins/show/1 [36m304[0m 50.294 ms - -[0m
2023-04-10 10:15:02 info: [0mGET /admins?page=1&page_size=10 [36m304[0m 45.497 ms - -[0m
2023-04-10 10:15:02 info: [0mGET /admins?page=1&page_size=10 [36m304[0m 112.555 ms - -[0m
2023-04-10 10:15:04 info: [0mGET /roles?[object%20Object] [36m304[0m 31.908 ms - -[0m
2023-04-10 10:15:18 info: [0mOPTIONS /admins/create [32m204[0m 1.178 ms - 0[0m
2023-04-10 10:15:18 info: [0mPOST /admins/create [33m404[0m 23.577 ms - 153[0m
2023-04-10 10:15:27 info: [0mOPTIONS /admins/create [32m204[0m 0.698 ms - 0[0m
2023-04-10 10:15:27 info: [0mPOST /admins/create [33m404[0m 3.973 ms - 153[0m
2023-04-10 10:17:13 info: =================================
2023-04-10 10:17:13 info: ======= ENV: development =======
2023-04-10 10:17:13 info: 🚀 App listening on the port 8000
2023-04-10 10:17:13 info: =================================
2023-04-10 10:17:21 info: =================================
2023-04-10 10:17:21 info: ======= ENV: development =======
2023-04-10 10:17:21 info: 🚀 App listening on the port 8000
2023-04-10 10:17:21 info: =================================
2023-04-10 10:17:32 info: [0mOPTIONS /admins/create [32m204[0m 1.604 ms - 0[0m
2023-04-10 10:17:32 info: [0mPOST /admins/create [33m404[0m 18.576 ms - 153[0m
2023-04-10 10:20:05 info: =================================
2023-04-10 10:20:05 info: ======= ENV: development =======
2023-04-10 10:20:05 info: 🚀 App listening on the port 8000
2023-04-10 10:20:05 info: =================================
2023-04-10 10:20:20 info: =================================
2023-04-10 10:20:20 info: ======= ENV: development =======
2023-04-10 10:20:20 info: 🚀 App listening on the port 8000
2023-04-10 10:20:20 info: =================================
2023-04-10 10:20:43 info: =================================
2023-04-10 10:20:43 info: ======= ENV: development =======
2023-04-10 10:20:43 info: 🚀 App listening on the port 8000
2023-04-10 10:20:43 info: =================================
2023-04-10 10:21:02 info: =================================
2023-04-10 10:21:02 info: ======= ENV: development =======
2023-04-10 10:21:02 info: 🚀 App listening on the port 8000
2023-04-10 10:21:02 info: =================================
2023-04-10 10:21:34 info: =================================
2023-04-10 10:21:34 info: ======= ENV: development =======
2023-04-10 10:21:34 info: 🚀 App listening on the port 8000
2023-04-10 10:21:34 info: =================================
2023-04-10 10:22:06 info: [0mOPTIONS /admins/create [32m204[0m 1.710 ms - 0[0m
2023-04-10 10:22:06 info: [0mPOST /admins/create [32m200[0m 186.758 ms - 16[0m
2023-04-10 10:22:06 info: [0mGET /admins?page=1&page_size=10 [32m200[0m 170.213 ms - 432[0m
2023-04-10 10:22:06 info: [0mGET /admins?page=1&page_size=10 [36m304[0m 36.093 ms - -[0m
2023-04-10 10:22:16 info: [0mGET /roles?[object%20Object] [36m304[0m 24.110 ms - -[0m
2023-04-10 10:22:39 info: [0mOPTIONS /admins/create [32m204[0m 0.325 ms - 0[0m
2023-04-10 10:22:39 info: [0mPOST /admins/create [32m200[0m 33.917 ms - 16[0m
2023-04-10 10:22:39 info: [0mGET /admins?page=1&page_size=10 [32m200[0m 71.346 ms - 617[0m
2023-04-10 10:22:39 info: [0mGET /admins?page=1&page_size=10 [36m304[0m 78.665 ms - -[0m
2023-04-10 10:22:45 info: [0mGET /admins/show/2 [32m200[0m 83.979 ms - 215[0m
2023-04-10 10:22:45 info: [0mGET /roles?[object%20Object] [36m304[0m 7.541 ms - -[0m
2023-04-10 10:22:47 info: [0mGET /admins/show/2 [36m304[0m 63.377 ms - -[0m
2023-04-10 10:22:47 info: [0mGET /admins?page=1&page_size=10 [36m304[0m 68.848 ms - -[0m
2023-04-10 10:22:47 info: [0mGET /admins?page=1&page_size=10 [36m304[0m 48.382 ms - -[0m
2023-04-10 10:22:48 info: [0mGET /admins/show/3 [32m200[0m 31.921 ms - 219[0m
2023-04-10 10:22:48 info: [0mGET /roles?[object%20Object] [36m304[0m 4.564 ms - -[0m
2023-04-10 10:23:32 info: =================================
2023-04-10 10:23:32 info: ======= ENV: development =======
2023-04-10 10:23:32 info: 🚀 App listening on the port 8000
2023-04-10 10:23:32 info: =================================
2023-04-10 10:23:49 info: =================================
2023-04-10 10:23:49 info: ======= ENV: development =======
2023-04-10 10:23:49 info: 🚀 App listening on the port 8000
2023-04-10 10:23:49 info: =================================
2023-04-10 10:24:18 info: =================================
2023-04-10 10:24:18 info: ======= ENV: development =======
2023-04-10 10:24:18 info: 🚀 App listening on the port 8000
2023-04-10 10:24:18 info: =================================
2023-04-10 10:24:31 info: =================================
2023-04-10 10:24:31 info: ======= ENV: development =======
2023-04-10 10:24:31 info: 🚀 App listening on the port 8000
2023-04-10 10:24:31 info: =================================
2023-04-10 10:24:45 info: [0mOPTIONS /admins/update/3 [32m204[0m 1.875 ms - 0[0m
2023-04-10 10:24:45 info: [0mPUT /admins/update/3 [32m200[0m 37.436 ms - 27[0m
2023-04-10 10:24:46 info: [0mGET /admins/show/2 [32m200[0m 127.436 ms - 28[0m
2023-04-10 10:24:46 info: [0mGET /admins/show/3 [32m200[0m 128.912 ms - 28[0m
2023-04-10 10:24:46 info: [0mGET /admins/show/1 [32m200[0m 178.500 ms - 199[0m
2023-04-10 10:24:46 info: [0mGET /roles?[object%20Object] [36m304[0m 23.112 ms - -[0m
2023-04-10 10:25:20 info: [0mOPTIONS /admins/update/3 [32m204[0m 0.426 ms - 0[0m
2023-04-10 10:25:20 info: [0mPUT /admins/update/3 [32m200[0m 9.201 ms - 27[0m
2023-04-10 10:25:20 info: [0mGET /admins/show/3 [36m304[0m 58.598 ms - -[0m
2023-04-10 10:25:20 info: [0mGET /admins/show/2 [36m304[0m 66.811 ms - -[0m
2023-04-10 10:25:20 info: [0mGET /admins/show/1 [36m304[0m 59.574 ms - -[0m
2023-04-10 10:25:22 info: [0mGET /roles?[object%20Object] [36m304[0m 30.316 ms - -[0m
2023-04-10 10:25:51 info: =================================
2023-04-10 10:25:51 info: ======= ENV: development =======
2023-04-10 10:25:51 info: 🚀 App listening on the port 8000
2023-04-10 10:25:51 info: =================================
2023-04-10 10:26:00 info: =================================
2023-04-10 10:26:00 info: ======= ENV: development =======
2023-04-10 10:26:00 info: 🚀 App listening on the port 8000
2023-04-10 10:26:00 info: =================================
2023-04-10 10:26:09 info: [0mGET /admins?page=1&page_size=10 [32m200[0m 636.660 ms - 251[0m
2023-04-10 10:26:09 info: [0mGET /admins/show/3 [36m304[0m 708.770 ms - -[0m
2023-04-10 10:26:09 info: [0mGET /admins?page=1&page_size=10 [36m304[0m 46.417 ms - -[0m
2023-04-10 10:26:10 info: [0mGET /roles?[object%20Object] [36m304[0m 9.940 ms - -[0m
2023-04-10 10:26:30 info: [0mOPTIONS /admins/create [32m204[0m 0.797 ms - 0[0m
2023-04-10 10:26:30 info: [0mPOST /admins/create [32m200[0m 24.115 ms - 16[0m
2023-04-10 10:26:30 info: [0mGET /admins?page=1&page_size=10 [36m304[0m 37.329 ms - -[0m
2023-04-10 10:26:30 info: [0mGET /admins?page=1&page_size=10 [36m304[0m 7.346 ms - -[0m
2023-04-10 10:27:31 info: =================================
2023-04-10 10:27:31 info: ======= ENV: development =======
2023-04-10 10:27:31 info: 🚀 App listening on the port 8000
2023-04-10 10:27:31 info: =================================
2023-04-10 10:27:35 info: [0mGET /roles?[object%20Object] [36m304[0m 728.644 ms - -[0m
2023-04-10 10:27:44 info: [0mOPTIONS /admins/create [32m204[0m 1.062 ms - 0[0m
2023-04-10 10:27:44 info: [0mPOST /admins/create [32m200[0m 19.890 ms - 16[0m
2023-04-10 10:27:44 info: [0mGET /admins?page=1&page_size=10 [36m304[0m 95.263 ms - -[0m
2023-04-10 10:27:44 info: [0mGET /admins?page=1&page_size=10 [36m304[0m 51.029 ms - -[0m
2023-04-10 10:28:05 info: =================================
2023-04-10 10:28:05 info: ======= ENV: development =======
2023-04-10 10:28:05 info: 🚀 App listening on the port 8000
2023-04-10 10:28:05 info: =================================
2023-04-10 10:28:16 info: =================================
2023-04-10 10:28:16 info: ======= ENV: development =======
2023-04-10 10:28:16 info: 🚀 App listening on the port 8000
2023-04-10 10:28:16 info: =================================
2023-04-10 10:28:39 info: =================================
2023-04-10 10:28:39 info: ======= ENV: development =======
2023-04-10 10:28:39 info: 🚀 App listening on the port 8000
2023-04-10 10:28:39 info: =================================
2023-04-10 10:28:44 info: [0mGET /admins?page=1&page_size=10 [36m304[0m 289.886 ms - -[0m
2023-04-10 10:28:44 info: [0mGET /admins?page=1&page_size=10 [36m304[0m 33.222 ms - -[0m
2023-04-10 10:28:44 info: [0mGET /admins?page=1&page_size=10 [36m304[0m 19.999 ms - -[0m
2023-04-10 10:28:45 info: [0mGET /roles?[object%20Object] [36m304[0m 106.019 ms - -[0m
2023-04-10 10:28:58 info: [0mOPTIONS /admins/create [32m204[0m 0.852 ms - 0[0m
2023-04-10 10:28:58 info: [0mPOST /admins/create [32m200[0m 95.705 ms - 16[0m
2023-04-10 10:28:59 info: [0mGET /admins?page=1&page_size=10 [32m200[0m 34.277 ms - 432[0m
2023-04-10 10:28:59 info: [0mGET /admins?page=1&page_size=10 [36m304[0m 106.862 ms - -[0m
2023-04-10 10:29:00 info: [0mGET /admins/show/4 [32m200[0m 40.459 ms - 465[0m
2023-04-10 10:29:01 info: [0mGET /roles?[object%20Object] [36m304[0m 8.704 ms - -[0m
2023-04-10 10:29:41 info: =================================
2023-04-10 10:29:41 info: ======= ENV: development =======
2023-04-10 10:29:41 info: 🚀 App listening on the port 8000
2023-04-10 10:29:41 info: =================================
2023-04-10 10:30:14 info: =================================
2023-04-10 10:30:14 info: ======= ENV: development =======
2023-04-10 10:30:14 info: 🚀 App listening on the port 8000
2023-04-10 10:30:14 info: =================================
2023-04-10 10:30:33 info: =================================
2023-04-10 10:30:33 info: ======= ENV: development =======
2023-04-10 10:30:33 info: 🚀 App listening on the port 8000
2023-04-10 10:30:33 info: =================================
2023-04-10 10:31:27 info: =================================
2023-04-10 10:31:27 info: ======= ENV: development =======
2023-04-10 10:31:27 info: 🚀 App listening on the port 8000
2023-04-10 10:31:27 info: =================================
2023-04-10 10:31:42 info: =================================
2023-04-10 10:31:42 info: ======= ENV: development =======
2023-04-10 10:31:42 info: 🚀 App listening on the port 8000
2023-04-10 10:31:42 info: =================================
2023-04-10 10:32:10 info: =================================
2023-04-10 10:32:10 info: ======= ENV: development =======
2023-04-10 10:32:10 info: 🚀 App listening on the port 8000
2023-04-10 10:32:10 info: =================================
2023-04-10 10:32:26 info: [0mGET /roles?[object%20Object] [36m304[0m 229.170 ms - -[0m
2023-04-10 10:32:26 info: [0mGET /admins/show/4 [36m304[0m 149.203 ms - -[0m
2023-04-10 10:32:26 info: [0mGET /roles?[object%20Object] [36m304[0m 9.633 ms - -[0m
2023-04-10 10:32:30 info: [0mOPTIONS /admins/update/4 [32m204[0m 0.711 ms - 0[0m
2023-04-10 10:32:30 info: [0mPUT /admins/update/4 [32m200[0m 106.298 ms - 16[0m
2023-04-10 10:32:30 info: [0mGET /admins/show/4 [36m304[0m 10.456 ms - -[0m
2023-04-10 10:32:30 info: [0mGET /roles?[object%20Object] [36m304[0m 4.912 ms - -[0m
2023-04-10 10:32:56 info: =================================
2023-04-10 10:32:56 info: ======= ENV: development =======
2023-04-10 10:32:56 info: 🚀 App listening on the port 8000
2023-04-10 10:32:56 info: =================================
2023-04-10 10:34:13 info: [0mOPTIONS /admins/update/4 [32m204[0m 3.028 ms - 0[0m
2023-04-10 10:34:13 info: [0mPUT /admins/update/4 [32m200[0m 321.640 ms - 16[0m
2023-04-10 10:34:13 info: [0mGET /admins/show/4 [36m304[0m 46.695 ms - -[0m
2023-04-10 10:34:14 info: [0mGET /roles?[object%20Object] [36m304[0m 12.682 ms - -[0m
2023-04-10 10:34:45 info: =================================
2023-04-10 10:34:45 info: ======= ENV: development =======
2023-04-10 10:34:45 info: 🚀 App listening on the port 8000
2023-04-10 10:34:45 info: =================================
2023-04-10 10:34:57 info: =================================
2023-04-10 10:34:57 info: ======= ENV: development =======
2023-04-10 10:34:57 info: 🚀 App listening on the port 8000
2023-04-10 10:34:57 info: =================================
2023-04-10 10:36:52 info: =================================
2023-04-10 10:36:52 info: ======= ENV: development =======
2023-04-10 10:36:52 info: 🚀 App listening on the port 8000
2023-04-10 10:36:52 info: =================================
2023-04-10 10:37:11 info: [0mOPTIONS /admins/update/4 [32m204[0m 2.343 ms - 0[0m
2023-04-10 10:37:11 info: [0mPUT /admins/update/4 [32m200[0m 231.896 ms - 16[0m
2023-04-10 10:37:11 info: [0mGET /admins/show/4 [32m200[0m 25.435 ms - 215[0m
2023-04-10 10:37:11 info: [0mGET /roles?[object%20Object] [36m304[0m 9.922 ms - -[0m
2023-04-10 10:37:15 info: [0mPUT /admins/update/4 [32m200[0m 125.412 ms - 16[0m
2023-04-10 10:37:15 info: [0mGET /admins/show/4 [36m304[0m 6.906 ms - -[0m
2023-04-10 10:37:15 info: [0mGET /roles?[object%20Object] [36m304[0m 9.883 ms - -[0m
2023-04-10 10:37:38 info: [0mOPTIONS /admins/update/4 [32m204[0m 0.502 ms - 0[0m
2023-04-10 10:37:39 info: [0mPUT /admins/update/4 [32m200[0m 63.065 ms - 16[0m
2023-04-10 10:37:39 info: [0mGET /admins/show/4 [36m304[0m 4.806 ms - -[0m
2023-04-10 10:37:40 info: [0mGET /roles?[object%20Object] [36m304[0m 20.744 ms - -[0m
2023-04-10 10:38:48 info: =================================
2023-04-10 10:38:48 info: ======= ENV: development =======
2023-04-10 10:38:48 info: 🚀 App listening on the port 8000
2023-04-10 10:38:48 info: =================================
2023-04-10 10:38:54 info: [0mOPTIONS /admins/update/4 [32m204[0m 2.218 ms - 0[0m
2023-04-10 10:38:54 info: [0mPUT /admins/update/4 [32m200[0m 142.519 ms - 16[0m
2023-04-10 10:38:54 info: [0mGET /admins/show/4 [32m200[0m 21.562 ms - 337[0m
2023-04-10 10:38:54 info: [0mGET /roles?[object%20Object] [36m304[0m 9.836 ms - -[0m
2023-04-10 10:38:56 info: [0mPUT /admins/update/4 [32m200[0m 103.653 ms - 16[0m
2023-04-10 10:38:56 info: [0mGET /admins/show/4 [32m200[0m 13.716 ms - 215[0m
2023-04-10 10:38:56 info: [0mGET /roles?[object%20Object] [36m304[0m 107.031 ms - -[0m
2023-04-10 10:39:00 info: [0mOPTIONS /admins/update/4 [32m204[0m 2.552 ms - 0[0m
2023-04-10 10:39:00 info: [0mPUT /admins/update/4 [32m200[0m 15.925 ms - 16[0m
2023-04-10 10:39:00 info: [0mGET /admins/show/4 [32m200[0m 5.568 ms - 465[0m
2023-04-10 10:39:01 info: [0mGET /roles?[object%20Object] [36m304[0m 5.825 ms - -[0m
2023-04-10 10:39:02 info: [0mPUT /admins/update/4 [32m200[0m 21.232 ms - 16[0m
2023-04-10 10:39:02 info: [0mGET /admins/show/4 [32m200[0m 4.202 ms - 215[0m
2023-04-10 10:39:02 info: [0mGET /roles?[object%20Object] [36m304[0m 2.846 ms - -[0m
2023-04-10 10:39:08 info: [0mOPTIONS /admins/update/4 [32m204[0m 0.168 ms - 0[0m
2023-04-10 10:39:08 info: [0mPUT /admins/update/4 [32m200[0m 14.011 ms - 16[0m
2023-04-10 10:39:08 info: [0mGET /admins/show/4 [32m200[0m 31.864 ms - 465[0m
2023-04-10 10:39:08 info: [0mGET /roles?[object%20Object] [36m304[0m 4.087 ms - -[0m
2023-04-10 10:39:10 info: [0mGET /roles?[object%20Object] [36m304[0m 25.434 ms - -[0m
2023-04-10 10:39:10 info: [0mGET /admins/show/4 [36m304[0m 38.339 ms - -[0m
2023-04-10 10:39:11 info: [0mGET /roles?[object%20Object] [36m304[0m 12.469 ms - -[0m
2023-04-10 10:39:21 info: [0mOPTIONS /admins/update/4 [32m204[0m 0.553 ms - 0[0m
2023-04-10 10:39:21 info: [0mPUT /admins/update/4 [32m200[0m 57.415 ms - 16[0m
2023-04-10 10:39:21 info: [0mGET /admins/show/4 [32m200[0m 4.227 ms - 216[0m
2023-04-10 10:39:21 info: [0mGET /roles?[object%20Object] [36m304[0m 7.210 ms - -[0m
2023-04-10 10:40:02 info: =================================
2023-04-10 10:40:02 info: ======= ENV: development =======
2023-04-10 10:40:02 info: 🚀 App listening on the port 8000
2023-04-10 10:40:02 info: =================================
2023-04-10 10:40:06 info: [0mGET /admins/show/4 [36m304[0m 190.187 ms - -[0m
2023-04-10 10:40:06 info: [0mGET /admins?page=1&page_size=10 [32m200[0m 103.067 ms - 433[0m
2023-04-10 10:40:06 info: [0mGET /admins?page=1&page_size=10 [36m304[0m 44.204 ms - -[0m
2023-04-10 10:40:07 info: [0mGET /admins/show/4 [36m304[0m 38.667 ms - -[0m
2023-04-10 10:40:07 info: [0mGET /roles?[object%20Object] [36m304[0m 23.542 ms - -[0m
2023-04-10 10:40:11 info: [0mOPTIONS /admins/update/4 [32m204[0m 0.716 ms - 0[0m
2023-04-10 10:40:11 info: [0mPUT /admins/update/4 [32m200[0m 41.694 ms - 16[0m
2023-04-10 10:40:11 info: [0mGET /admins/show/4 [36m304[0m 9.514 ms - -[0m
2023-04-10 10:40:11 info: [0mGET /admins/show/4 [36m304[0m 6.517 ms - -[0m
2023-04-10 10:40:12 info: [0mGET /roles?[object%20Object] [36m304[0m 11.441 ms - -[0m
2023-04-10 10:40:39 info: =================================
2023-04-10 10:40:39 info: ======= ENV: development =======
2023-04-10 10:40:39 info: 🚀 App listening on the port 8000
2023-04-10 10:40:39 info: =================================
2023-04-10 10:40:50 info: [0mGET /admins/show/4 [32m200[0m 171.176 ms - 28[0m
2023-04-10 10:40:50 info: [0mGET /admins?page=1&page_size=10 [32m200[0m 98.041 ms - 251[0m
2023-04-10 10:40:50 info: [0mGET /admins?page=1&page_size=10 [36m304[0m 7.019 ms - -[0m
2023-04-10 10:40:51 info: [0mGET /roles?[object%20Object] [36m304[0m 34.748 ms - -[0m
2023-04-10 10:41:04 info: [0mOPTIONS /admins/create [32m204[0m 0.604 ms - 0[0m
2023-04-10 10:41:04 info: [0mPOST /admins/create [32m200[0m 43.160 ms - 16[0m
2023-04-10 10:41:04 info: [0mGET /admins?page=1&page_size=10 [32m200[0m 34.668 ms - 432[0m
2023-04-10 10:41:04 info: [0mGET /admins?page=1&page_size=10 [36m304[0m 51.396 ms - -[0m
2023-04-10 10:41:05 info: [0mGET /admins/show/5 [32m200[0m 28.622 ms - 338[0m
2023-04-10 10:41:06 info: [0mGET /roles?[object%20Object] [36m304[0m 6.667 ms - -[0m
2023-04-10 10:41:14 info: [0mOPTIONS /admins/update/5 [32m204[0m 0.662 ms - 0[0m
2023-04-10 10:41:14 info: [0mPUT /admins/update/5 [32m200[0m 44.188 ms - 16[0m
2023-04-10 10:41:14 info: [0mGET /admins/show/4 [36m304[0m 7.598 ms - -[0m
2023-04-10 10:41:14 info: [0mGET /admins/show/5 [32m200[0m 8.647 ms - 467[0m
2023-04-10 10:41:14 info: [0mGET /admins/show/4 [36m304[0m 4.198 ms - -[0m
2023-04-10 10:41:15 info: [0mGET /roles?[object%20Object] [36m304[0m 3.132 ms - -[0m
2023-04-10 10:41:26 info: [0mGET /roles?[object%20Object] [36m304[0m 200.883 ms - -[0m
2023-04-10 10:41:26 info: [0mGET /admins/show/5 [36m304[0m 25.899 ms - -[0m
2023-04-10 10:41:27 info: [0mGET /roles?[object%20Object] [36m304[0m 17.575 ms - -[0m
2023-04-10 10:41:31 info: [0mOPTIONS /admins/update/5 [32m204[0m 0.704 ms - 0[0m
2023-04-10 10:41:32 info: [0mPUT /admins/update/5 [32m200[0m 118.529 ms - 16[0m
2023-04-10 10:41:32 info: [0mGET /admins/show/5 [32m200[0m 5.489 ms - 215[0m
2023-04-10 10:41:32 info: [0mGET /roles?[object%20Object] [36m304[0m 3.610 ms - -[0m
2023-04-10 10:42:07 info: =================================
2023-04-10 10:42:07 info: ======= ENV: development =======
2023-04-10 10:42:07 info: 🚀 App listening on the port 8000
2023-04-10 10:42:07 info: =================================
2023-04-10 10:42:24 info: [0mGET /roles?[object%20Object] [36m304[0m 200.349 ms - -[0m
2023-04-10 10:42:24 info: [0mGET /admins/show/5 [32m200[0m 126.887 ms - 28[0m
2023-04-10 10:42:25 info: [0mGET /roles?[object%20Object] [36m304[0m 13.643 ms - -[0m
2023-04-10 10:42:31 info: [0mOPTIONS /admins/update/5 [32m204[0m 0.613 ms - 0[0m
2023-04-10 10:42:31 info: [0mPUT /admins/update/5 [32m200[0m 127.339 ms - 16[0m
2023-04-10 10:42:31 info: [0mGET /admins/show/5 [36m304[0m 3.931 ms - -[0m
2023-04-10 10:42:32 info: [0mGET /roles?[object%20Object] [36m304[0m 3.061 ms - -[0m
2023-04-10 10:42:53 info: [0mOPTIONS /admins/update/5 [32m204[0m 0.737 ms - 0[0m
2023-04-10 10:42:53 info: [0mPUT /admins/update/5 [32m200[0m 42.744 ms - 16[0m
2023-04-10 10:42:53 info: [0mGET /admins/show/5 [36m304[0m 6.905 ms - -[0m
2023-04-10 10:42:54 info: [0mGET /roles?[object%20Object] [36m304[0m 4.700 ms - -[0m
2023-04-10 10:43:51 info: =================================
2023-04-10 10:43:51 info: ======= ENV: development =======
2023-04-10 10:43:51 info: 🚀 App listening on the port 8000
2023-04-10 10:43:51 info: =================================
2023-04-10 10:44:07 info: =================================
2023-04-10 10:44:07 info: ======= ENV: development =======
2023-04-10 10:44:07 info: 🚀 App listening on the port 8000
2023-04-10 10:44:07 info: =================================
2023-04-10 10:44:11 info: [0mGET /admins?page=1&page_size=10 [32m200[0m 161.752 ms - 251[0m
2023-04-10 10:44:11 info: [0mGET /admins?page=1&page_size=10 [36m304[0m 69.880 ms - -[0m
2023-04-10 10:44:11 info: [0mGET /admins?page=1&page_size=10 [36m304[0m 8.659 ms - -[0m
2023-04-10 10:44:12 info: [0mGET /roles?[object%20Object] [36m304[0m 40.765 ms - -[0m
2023-04-10 10:44:24 info: [0mOPTIONS /admins/create [32m204[0m 1.089 ms - 0[0m
2023-04-10 10:44:24 info: [0mPOST /admins/create [32m200[0m 62.190 ms - 16[0m
2023-04-10 10:44:24 info: [0mGET /admins?page=1&page_size=10 [32m200[0m 45.437 ms - 442[0m
2023-04-10 10:44:24 info: [0mGET /admins?page=1&page_size=10 [36m304[0m 31.043 ms - -[0m
2023-04-10 10:44:26 info: [0mGET /admins/show/6 [32m200[0m 59.299 ms - 348[0m
2023-04-10 10:44:26 info: [0mGET /roles?[object%20Object] [36m304[0m 6.126 ms - -[0m
2023-04-10 10:44:30 info: [0mOPTIONS /admins/update/6 [32m204[0m 0.134 ms - 0[0m
2023-04-10 10:44:30 info: [0mPUT /admins/update/6 [32m200[0m 21.341 ms - 16[0m
2023-04-10 10:44:30 info: [0mGET /admins/show/6 [32m200[0m 4.863 ms - 477[0m
2023-04-10 10:44:31 info: [0mGET /roles?[object%20Object] [36m304[0m 3.664 ms - -[0m
2023-04-10 10:44:33 info: [0mGET /roles?[object%20Object] [36m304[0m 47.393 ms - -[0m
2023-04-10 10:44:33 info: [0mGET /admins/show/6 [36m304[0m 7.681 ms - -[0m
2023-04-10 10:44:33 info: [0mGET /roles?[object%20Object] [36m304[0m 8.077 ms - -[0m
2023-04-10 10:45:35 info: [0mOPTIONS /admins/update/6 [32m204[0m 1.165 ms - 0[0m
2023-04-10 10:45:35 info: [0mPUT /admins/update/6 [32m200[0m 148.100 ms - 16[0m
2023-04-10 10:45:35 info: [0mGET /admins/show/6 [32m200[0m 19.281 ms - 225[0m
2023-04-10 10:45:36 info: [0mGET /roles?[object%20Object] [36m304[0m 3.632 ms - -[0m
2023-04-10 10:46:00 info: [0mOPTIONS /admins/update/6 [32m204[0m 0.809 ms - 0[0m
2023-04-10 10:46:00 info: [0mPUT /admins/update/6 [32m200[0m 44.904 ms - 16[0m
2023-04-10 10:46:00 info: [0mGET /admins/show/6 [32m200[0m 8.889 ms - 477[0m
2023-04-10 10:46:01 info: [0mGET /roles?[object%20Object] [36m304[0m 4.896 ms - -[0m
2023-04-10 10:46:26 info: =================================
2023-04-10 10:46:26 info: ======= ENV: development =======
2023-04-10 10:46:26 info: 🚀 App listening on the port 8000
2023-04-10 10:46:26 info: =================================
2023-04-10 10:46:35 info: [0mOPTIONS /admins/update/6 [32m204[0m 1.114 ms - 0[0m
2023-04-10 10:46:35 info: [0mPUT /admins/update/6 [32m200[0m 121.399 ms - 16[0m
2023-04-10 10:46:35 info: [0mGET /admins/show/6 [32m200[0m 225.663 ms - 225[0m
2023-04-10 10:46:37 info: [0mGET /roles?[object%20Object] [36m304[0m 15.943 ms - -[0m
2023-04-10 10:47:08 info: [0mGET /admin/show/1 [33m404[0m 55.204 ms - 151[0m
2023-04-10 10:47:11 info: [0mGET /admins/show/1 [36m304[0m 49.268 ms - -[0m
2023-04-10 10:47:14 info: [0mGET /admins/show/2 [36m304[0m 6.041 ms - -[0m
2023-04-10 10:48:00 info: =================================
2023-04-10 10:48:00 info: ======= ENV: development =======
2023-04-10 10:48:00 info: 🚀 App listening on the port 8000
2023-04-10 10:48:00 info: =================================
2023-04-10 10:48:02 info: [0mGET /admins/show/6 [36m304[0m 82.322 ms - -[0m
2023-04-10 10:48:02 info: [0mGET /roles?[object%20Object] [36m304[0m 211.671 ms - -[0m
2023-04-10 10:48:03 info: [0mGET /roles?[object%20Object] [36m304[0m 93.108 ms - -[0m
2023-04-10 10:48:11 info: [0mOPTIONS /admins/update/6 [32m204[0m 0.999 ms - 0[0m
2023-04-10 10:48:11 info: [0mPUT /admins/update/6 [32m200[0m 135.171 ms - 16[0m
2023-04-10 10:48:11 info: [0mGET /admins/show/6 [36m304[0m 6.481 ms - -[0m
2023-04-10 10:48:12 info: [0mGET /roles?[object%20Object] [36m304[0m 7.812 ms - -[0m
2023-04-10 10:48:33 info: =================================
2023-04-10 10:48:33 info: ======= ENV: development =======
2023-04-10 10:48:33 info: 🚀 App listening on the port 8000
2023-04-10 10:48:33 info: =================================
2023-04-10 10:48:49 info: =================================
2023-04-10 10:48:49 info: ======= ENV: development =======
2023-04-10 10:48:49 info: 🚀 App listening on the port 8000
2023-04-10 10:48:49 info: =================================
2023-04-10 10:49:08 info: [0mOPTIONS /admins/update/6 [32m204[0m 1.898 ms - 0[0m
2023-04-10 10:49:08 info: [0mPUT /admins/update/6 [32m200[0m 195.469 ms - 16[0m
2023-04-10 10:49:08 info: [0mGET /admins/show/6 [36m304[0m 21.142 ms - -[0m
2023-04-10 10:49:09 info: [0mGET /roles?[object%20Object] [36m304[0m 9.289 ms - -[0m
2023-04-10 10:49:57 info: [0mOPTIONS /admins/update/6 [32m204[0m 0.357 ms - 0[0m
2023-04-10 10:49:57 info: [0mPUT /admins/update/6 [32m200[0m 57.551 ms - 16[0m
2023-04-10 10:49:57 info: [0mGET /admins/show/6 [36m304[0m 6.970 ms - -[0m
2023-04-10 10:49:58 info: [0mGET /roles?[object%20Object] [36m304[0m 19.695 ms - -[0m
2023-04-10 10:50:23 info: =================================
2023-04-10 10:50:23 info: ======= ENV: development =======
2023-04-10 10:50:23 info: 🚀 App listening on the port 8000
2023-04-10 10:50:23 info: =================================
2023-04-10 10:50:25 info: [0mOPTIONS /admins/update/6 [32m204[0m 2.856 ms - 0[0m
2023-04-10 10:50:25 info: [0mPUT /admins/update/6 [32m200[0m 102.212 ms - 16[0m
2023-04-10 10:50:25 info: [0mGET /admins/show/6 [36m304[0m 61.568 ms - -[0m
2023-04-10 10:50:27 info: [0mGET /roles?[object%20Object] [36m304[0m 15.103 ms - -[0m
2023-04-10 10:50:42 info: [0mOPTIONS /admins/update/6 [32m204[0m 1.389 ms - 0[0m
2023-04-10 10:50:43 info: [0mPUT /admins/update/6 [32m200[0m 433.120 ms - 16[0m
2023-04-10 10:50:43 info: [0mGET /admins/show/6 [36m304[0m 55.146 ms - -[0m
2023-04-10 10:50:44 info: [0mGET /roles?[object%20Object] [36m304[0m 8.525 ms - -[0m
2023-04-10 10:51:31 info: =================================
2023-04-10 10:51:31 info: ======= ENV: development =======
2023-04-10 10:51:31 info: 🚀 App listening on the port 8000
2023-04-10 10:51:31 info: =================================
2023-04-10 10:51:36 info: [0mOPTIONS /admins/update/6 [32m204[0m 2.038 ms - 0[0m
2023-04-10 10:51:37 info: [0mPUT /admins/update/6 [32m200[0m 126.557 ms - 16[0m
2023-04-10 10:51:37 info: [0mGET /admins/show/6 [32m200[0m 24.020 ms - 477[0m
2023-04-10 10:51:38 info: [0mGET /roles?[object%20Object] [36m304[0m 9.739 ms - -[0m
2023-04-10 10:51:44 info: [0mOPTIONS /admins/update/6 [32m204[0m 0.419 ms - 0[0m
2023-04-10 10:51:44 info: [0mPUT /admins/update/6 [32m200[0m 41.217 ms - 16[0m
2023-04-10 10:51:44 info: [0mGET /admins/show/6 [32m200[0m 16.392 ms - 353[0m
2023-04-10 10:51:45 info: [0mGET /roles?[object%20Object] [36m304[0m 19.615 ms - -[0m
2023-04-10 10:52:02 info: [0mOPTIONS /admins/update/6 [32m204[0m 0.789 ms - 0[0m
2023-04-10 10:52:03 info: [0mPUT /admins/update/6 [32m200[0m 119.337 ms - 16[0m
2023-04-10 10:52:03 info: [0mGET /admins/show/6 [32m200[0m 5.633 ms - 225[0m
2023-04-10 10:52:03 info: [0mGET /roles?[object%20Object] [36m304[0m 3.614 ms - -[0m
2023-04-10 10:52:24 info: =================================
2023-04-10 10:52:24 info: ======= ENV: development =======
2023-04-10 10:52:24 info: 🚀 App listening on the port 8000
2023-04-10 10:52:24 info: =================================
2023-04-10 10:52:25 info: [0mGET /admins/show/1 [36m304[0m 133.414 ms - -[0m
2023-04-10 10:52:30 info: [0mGET /admins/show/2 [36m304[0m 7.224 ms - -[0m
2023-04-10 10:52:33 info: [0mGET /admins/show/1 [36m304[0m 22.808 ms - -[0m
2023-04-10 10:52:37 info: [0mGET /admins/show/1 [36m304[0m 19.262 ms - -[0m
2023-04-10 10:52:40 info: [0mGET /admins/show/6 [36m304[0m 19.495 ms - -[0m
2023-04-10 10:52:40 info: [0mGET /admins?page=1&page_size=10 [36m304[0m 27.801 ms - -[0m
2023-04-10 10:52:40 info: [0mGET /admins?page=1&page_size=10 [36m304[0m 43.112 ms - -[0m
2023-04-10 10:52:41 info: [0mGET /admins/show/1 [36m304[0m 5.584 ms - -[0m
2023-04-10 10:52:42 info: [0mGET /roles?[object%20Object] [36m304[0m 5.681 ms - -[0m
2023-04-10 10:52:46 info: [0mOPTIONS /admins/update/1 [32m204[0m 33.640 ms - 0[0m
2023-04-10 10:52:46 info: [0mPUT /admins/update/1 [32m200[0m 76.830 ms - 16[0m
2023-04-10 10:52:46 info: [0mGET /admins/show/1 [32m200[0m 10.350 ms - 451[0m
2023-04-10 10:52:46 info: [0mGET /admins/show/6 [36m304[0m 19.127 ms - -[0m
2023-04-10 10:52:47 info: [0mGET /roles?[object%20Object] [36m304[0m 11.164 ms - -[0m
2023-04-10 10:52:54 info: [0mGET /admins/show/1 [36m304[0m 10.902 ms - -[0m
2023-04-10 10:53:55 info: [0mGET /roles?[object%20Object] [36m304[0m 189.828 ms - -[0m
2023-04-10 10:54:04 info: [0mGET /roles?[object%20Object] [36m304[0m 39.744 ms - -[0m
2023-04-10 10:54:04 info: [0mGET /admins/show/1 [36m304[0m 23.418 ms - -[0m
2023-04-10 10:54:05 info: [0mGET /roles?[object%20Object] [36m304[0m 4.912 ms - -[0m
2023-04-10 10:54:20 info: [0mOPTIONS /admins/update/1 [32m204[0m 1.239 ms - 0[0m
2023-04-10 10:54:20 info: [0mPUT /admins/update/1 [32m200[0m 194.796 ms - 16[0m
2023-04-10 10:54:20 info: [0mGET /admins/show/1 [32m200[0m 37.570 ms - 451[0m
2023-04-10 10:54:21 info: [0mGET /roles?[object%20Object] [36m304[0m 9.026 ms - -[0m
2023-04-10 10:54:49 info: [0mGET /admins/show/1 [36m304[0m 90.810 ms - -[0m
2023-04-10 10:55:04 info: [0mGET /admins/show/1 [36m304[0m 114.145 ms - -[0m
2023-04-10 10:55:04 info: [0mGET /roles?[object%20Object] [36m304[0m 12.444 ms - -[0m
2023-04-10 10:55:53 info: [0mGET /roles?[object%20Object] [36m304[0m 79.768 ms - -[0m
2023-04-10 10:55:58 info: [0mGET /roles?[object%20Object] [36m304[0m 19.526 ms - -[0m
2023-04-10 10:55:58 info: [0mGET /admins/show/1 [36m304[0m 10.769 ms - -[0m
2023-04-10 10:55:59 info: [0mGET /roles?[object%20Object] [36m304[0m 7.251 ms - -[0m
2023-04-10 10:57:40 info: [0mGET /roles?[object%20Object] [36m304[0m 65.104 ms - -[0m
2023-04-10 11:03:54 info: [0mGET /roles?[object%20Object] [36m304[0m 188.098 ms - -[0m
2023-04-10 11:05:24 info: [0mGET /roles?[object%20Object] [36m304[0m 75.380 ms - -[0m
2023-04-10 11:09:09 info: [0mGET /roles?[object%20Object] [36m304[0m 246.449 ms - -[0m
2023-04-10 11:09:12 info: [0mGET /roles?[object%20Object] [36m304[0m 55.903 ms - -[0m
2023-04-10 11:09:19 info: [0mGET /admins/show/1 [36m304[0m 25.656 ms - -[0m
2023-04-10 11:09:47 info: [0mGET /roles?[object%20Object] [36m304[0m 96.870 ms - -[0m
2023-04-10 11:10:47 info: =================================
2023-04-10 11:10:47 info: ======= ENV: development =======
2023-04-10 11:10:47 info: 🚀 App listening on the port 8000
2023-04-10 11:10:47 info: =================================
2023-04-10 11:14:02 info: =================================
2023-04-10 11:14:02 info: ======= ENV: development =======
2023-04-10 11:14:02 info: 🚀 App listening on the port 8000
2023-04-10 11:14:02 info: =================================
2023-04-10 11:14:04 info: [0mGET /admins/show/1 [32m200[0m 314.223 ms - 125[0m
2023-04-10 11:14:18 info: [0mGET /roles?[object%20Object] [36m304[0m 44.322 ms - -[0m
2023-04-10 11:14:18 info: [0mGET /admins/show/1 [36m304[0m 13.245 ms - -[0m
2023-04-10 11:14:19 info: [0mGET /roles?[object%20Object] [36m304[0m 21.242 ms - -[0m
2023-04-10 11:14:25 info: [0mOPTIONS /admins/update/1 [32m204[0m 0.900 ms - 0[0m
2023-04-10 11:14:25 info: [0mPUT /admins/update/1 [32m200[0m 173.359 ms - 16[0m
2023-04-10 11:14:25 info: [0mGET /admins/show/1 [32m200[0m 11.520 ms - 123[0m
2023-04-10 11:14:26 info: [0mGET /roles?[object%20Object] [36m304[0m 6.090 ms - -[0m
2023-04-10 11:14:28 info: [0mPUT /admins/update/1 [32m200[0m 16.905 ms - 16[0m
2023-04-10 11:14:28 info: [0mGET /admins/show/1 [32m200[0m 7.885 ms - 125[0m
2023-04-10 11:14:29 info: [0mGET /roles?[object%20Object] [36m304[0m 3.586 ms - -[0m
2023-04-10 11:14:29 info: [0mPUT /admins/update/1 [32m200[0m 12.563 ms - 16[0m
2023-04-10 11:14:29 info: [0mGET /admins/show/1 [36m304[0m 5.946 ms - -[0m
2023-04-10 11:14:30 info: [0mGET /roles?[object%20Object] [36m304[0m 2.919 ms - -[0m
2023-04-10 11:14:42 info: [0mGET /roles?[object%20Object] [36m304[0m 142.321 ms - -[0m
2023-04-10 11:14:53 info: [0mGET /roles?[object%20Object] [36m304[0m 78.005 ms - -[0m
2023-04-10 11:14:57 info: [0mGET /roles?[object%20Object] [36m304[0m 20.149 ms - -[0m
2023-04-10 11:14:57 info: [0mGET /admins/show/1 [36m304[0m 32.654 ms - -[0m
2023-04-10 11:14:58 info: [0mGET /roles?[object%20Object] [36m304[0m 17.621 ms - -[0m
2023-04-10 11:16:04 info: [0mGET /roles?[object%20Object] [36m304[0m 58.925 ms - -[0m
2023-04-10 11:17:06 info: [0mGET /roles?[object%20Object] [36m304[0m 69.273 ms - -[0m
2023-04-10 11:17:09 info: [0mOPTIONS /admins/update/1 [32m204[0m 0.626 ms - 0[0m
2023-04-10 11:17:09 info: [0mPUT /admins/update/1 [32m200[0m 40.087 ms - 16[0m
2023-04-10 11:17:09 info: [0mGET /admins/show/1 [32m200[0m 13.938 ms - 123[0m
2023-04-10 11:17:10 info: [0mGET /roles?[object%20Object] [36m304[0m 6.617 ms - -[0m
2023-04-10 11:17:12 info: [0mPUT /admins/update/1 [32m200[0m 23.940 ms - 16[0m
2023-04-10 11:17:12 info: [0mGET /admins/show/1 [32m200[0m 6.284 ms - 125[0m
2023-04-10 11:17:13 info: [0mGET /roles?[object%20Object] [36m304[0m 2.643 ms - -[0m
2023-04-10 11:17:17 info: [0mGET /roles?[object%20Object] [36m304[0m 55.980 ms - -[0m
2023-04-10 11:17:17 info: [0mGET /admins/show/1 [36m304[0m 43.163 ms - -[0m
2023-04-10 11:17:18 info: [0mGET /roles?[object%20Object] [36m304[0m 41.498 ms - -[0m
2023-04-10 11:17:48 info: [0mOPTIONS /admins/update/1 [32m204[0m 1.119 ms - 0[0m
2023-04-10 11:17:48 info: [0mPUT /admins/update/1 [32m200[0m 57.668 ms - 16[0m
2023-04-10 11:17:48 info: [0mGET /admins/show/1 [32m200[0m 5.891 ms - 125[0m
2023-04-10 11:17:48 info: [0mGET /roles?[object%20Object] [36m304[0m 5.563 ms - -[0m
2023-04-10 11:17:52 info: [0mGET /admins/show/1 [36m304[0m 4.897 ms - -[0m
2023-04-10 11:17:54 info: [0mGET /admins/show/1 [36m304[0m 7.307 ms - -[0m
2023-04-10 11:18:16 info: [0mGET /roles?[object%20Object] [36m304[0m 52.177 ms - -[0m
2023-04-10 11:18:20 info: [0mOPTIONS /admins/update/1 [32m204[0m 0.149 ms - 0[0m
2023-04-10 11:18:20 info: [0mPUT /admins/update/1 [32m200[0m 36.873 ms - 16[0m
2023-04-10 11:18:20 info: [0mGET /admins/show/1 [36m304[0m 10.911 ms - -[0m
2023-04-10 11:18:21 info: [0mGET /roles?[object%20Object] [36m304[0m 3.347 ms - -[0m
2023-04-10 11:18:38 info: [0mGET /roles?[object%20Object] [36m304[0m 65.587 ms - -[0m
2023-04-10 11:18:38 info: [0mGET /admins/show/1 [36m304[0m 66.146 ms - -[0m
2023-04-10 11:18:39 info: [0mGET /roles?[object%20Object] [36m304[0m 134.027 ms - -[0m
2023-04-10 11:19:07 info: [0mGET /roles?[object%20Object] [36m304[0m 198.810 ms - -[0m
2023-04-10 11:19:11 info: [0mGET /roles?[object%20Object] [36m304[0m 33.429 ms - -[0m
2023-04-10 11:19:11 info: [0mGET /admins/show/1 [36m304[0m 37.875 ms - -[0m
2023-04-10 11:19:12 info: [0mGET /roles?[object%20Object] [36m304[0m 15.033 ms - -[0m
2023-04-10 11:19:46 info: [0mGET /roles?[object%20Object] [36m304[0m 111.151 ms - -[0m
2023-04-10 11:19:47 info: [0mGET /admins/show/1 [36m304[0m 16.629 ms - -[0m
2023-04-10 11:19:47 info: [0mGET /roles?[object%20Object] [36m304[0m 11.115 ms - -[0m
2023-04-10 11:20:16 info: [0mGET /roles?[object%20Object] [36m304[0m 46.442 ms - -[0m
2023-04-10 11:20:57 info: [0mGET /roles?[object%20Object] [36m304[0m 57.954 ms - -[0m
2023-04-10 11:21:02 info: [0mOPTIONS /admins/update/1 [32m204[0m 0.300 ms - 0[0m
2023-04-10 11:21:02 info: [0mPUT /admins/update/1 [32m200[0m 85.921 ms - 16[0m
2023-04-10 11:21:03 info: [0mGET /admins/show/1 [32m200[0m 66.717 ms - 125[0m
2023-04-10 11:21:03 info: [0mGET /roles?[object%20Object] [36m304[0m 19.480 ms - -[0m
2023-04-10 11:21:59 info: [0mGET /admins/show/1 [36m304[0m 56.894 ms - -[0m
2023-04-10 11:22:03 info: [0mGET /admins/show/1 [36m304[0m 62.437 ms - -[0m
2023-04-10 11:22:04 info: [0mGET /roles?[object%20Object] [36m304[0m 44.219 ms - -[0m
2023-04-10 11:22:16 info: [0mGET /roles?[object%20Object] [36m304[0m 95.886 ms - -[0m
2023-04-10 11:22:21 info: [0mGET /roles?[object%20Object] [36m304[0m 113.881 ms - -[0m
2023-04-10 11:22:21 info: [0mGET /admins/show/1 [36m304[0m 17.487 ms - -[0m
2023-04-10 11:22:22 info: [0mGET /roles?[object%20Object] [36m304[0m 15.161 ms - -[0m
2023-04-10 11:22:23 info: [0mOPTIONS /admins/update/1 [32m204[0m 0.368 ms - 0[0m
2023-04-10 11:22:23 info: [0mPUT /admins/update/1 [32m200[0m 58.459 ms - 16[0m
2023-04-10 11:22:23 info: [0mGET /admins/show/1 [36m304[0m 17.896 ms - -[0m
2023-04-10 11:22:24 info: [0mGET /roles?[object%20Object] [36m304[0m 12.699 ms - -[0m
2023-04-10 11:22:27 info: [0mPUT /admins/update/1 [32m200[0m 9.966 ms - 16[0m
2023-04-10 11:22:27 info: [0mGET /admins/show/1 [32m200[0m 3.745 ms - 123[0m
2023-04-10 11:22:27 info: [0mGET /roles?[object%20Object] [36m304[0m 4.225 ms - -[0m
2023-04-10 11:22:30 info: [0mOPTIONS /admins/update/1 [32m204[0m 0.326 ms - 0[0m
2023-04-10 11:22:30 info: [0mPUT /admins/update/1 [32m200[0m 16.254 ms - 16[0m
2023-04-10 11:22:30 info: [0mGET /admins/show/1 [32m200[0m 3.159 ms - 125[0m
2023-04-10 11:22:30 info: [0mGET /roles?[object%20Object] [36m304[0m 4.511 ms - -[0m
2023-04-10 11:22:37 info: [0mGET /admins/show/1 [36m304[0m 104.658 ms - -[0m
2023-04-10 11:22:37 info: [0mGET /admins?page=1&page_size=10 [32m200[0m 109.362 ms - 442[0m
2023-04-10 11:22:37 info: [0mGET /admins?page=1&page_size=10 [36m304[0m 5.510 ms - -[0m
