2023-05-07 00:00:18 info: =================================
2023-05-07 00:00:18 info: ======= ENV: development =======
2023-05-07 00:00:18 info: 🚀 App listening on the port 8000
2023-05-07 00:00:18 info: =================================
2023-05-07 00:00:33 info: =================================
2023-05-07 00:00:33 info: ======= ENV: development =======
2023-05-07 00:00:33 info: 🚀 App listening on the port 8000
2023-05-07 00:00:33 info: =================================
2023-05-07 00:00:57 info: [0mGET /services/getListService [32m200[0m 141.582 ms - 444[0m
2023-05-07 00:01:16 info: =================================
2023-05-07 00:01:16 info: ======= ENV: development =======
2023-05-07 00:01:16 info: 🚀 App listening on the port 8000
2023-05-07 00:01:16 info: =================================
2023-05-07 00:01:19 info: [0mGET /branchs/getListBranch [36m304[0m 271.911 ms - -[0m
2023-05-07 00:01:19 info: [0mGET /services/nav [36m304[0m 203.079 ms - -[0m
2023-05-07 00:01:19 info: [0mGET /services/getListService [32m200[0m 224.045 ms - 501[0m
2023-05-07 00:01:19 info: [0mGET /projects/getProjectsClient [36m304[0m 214.755 ms - -[0m
2023-05-07 00:01:19 info: [0mGET /projects/getProjectsClient?service_id=10 [36m304[0m 136.469 ms - -[0m
2023-05-07 00:01:21 info: [0mGET /branchs/getListBranch [36m304[0m 105.447 ms - -[0m
2023-05-07 00:01:21 info: [0mGET /services/getListService [36m304[0m 122.486 ms - -[0m
2023-05-07 00:01:21 info: [0mGET /services/nav [36m304[0m 150.919 ms - -[0m
2023-05-07 00:01:21 info: [0mGET /projects/getProjectsClient [36m304[0m 109.553 ms - -[0m
2023-05-07 00:01:21 info: [0mGET /projects/getProjectsClient?service_id=10 [36m304[0m 8.480 ms - -[0m
2023-05-07 00:01:24 info: [0mGET /services/nav [36m304[0m 89.983 ms - -[0m
2023-05-07 00:01:24 info: [0mGET /branchs/getListBranch [36m304[0m 60.714 ms - -[0m
2023-05-07 00:01:24 info: [0mGET /services/getListService [36m304[0m 42.196 ms - -[0m
2023-05-07 00:01:24 info: [0mGET /projects/getProjectsClient [36m304[0m 37.707 ms - -[0m
2023-05-07 00:01:24 info: [0mGET /projects/getProjectsClient?service_id=10 [36m304[0m 9.362 ms - -[0m
2023-05-07 00:01:29 info: [0mOPTIONS /admins/profile [32m204[0m 2.428 ms - 0[0m
2023-05-07 00:01:29 info: [0mGET /services?[object%20Object] [32m200[0m 70.810 ms - 501[0m
2023-05-07 00:01:29 info: [0mGET /branchs?[object%20Object] [36m304[0m 108.656 ms - -[0m
2023-05-07 00:01:29 info: [0mGET /projects?[object%20Object] [36m304[0m 175.125 ms - -[0m
2023-05-07 00:01:29 info: [0mGET /admins/profile [36m304[0m 208.583 ms - -[0m
2023-05-07 00:01:29 info: [0mGET /projects/show/1 [36m304[0m 58.533 ms - -[0m
2023-05-07 00:01:30 info: [0mGET /projects?[object%20Object] [36m304[0m 15.206 ms - -[0m
2023-05-07 00:01:30 info: [0mGET /branchs?[object%20Object] [36m304[0m 11.860 ms - -[0m
2023-05-07 00:01:30 info: [0mGET /services?[object%20Object] [36m304[0m 20.572 ms - -[0m
2023-05-07 00:02:25 info: =================================
2023-05-07 00:02:25 info: ======= ENV: development =======
2023-05-07 00:02:25 info: 🚀 App listening on the port 8000
2023-05-07 00:02:25 info: =================================
2023-05-07 00:02:25 info: [0mGET /services/getListService [32m200[0m 93.246 ms - 444[0m
2023-05-07 00:02:42 info: =================================
2023-05-07 00:02:42 info: ======= ENV: development =======
2023-05-07 00:02:42 info: 🚀 App listening on the port 8000
2023-05-07 00:02:42 info: =================================
2023-05-07 00:02:42 info: [0mGET /services/getListService [32m200[0m 112.623 ms - 438[0m
2023-05-07 00:02:43 info: [0mGET /services/getListService [36m304[0m 16.188 ms - -[0m
2023-05-07 00:02:49 info: [0mGET /branchs/getListBranch [36m304[0m 120.378 ms - -[0m
2023-05-07 00:02:49 info: [0mGET /projects/getProjectsClient [36m304[0m 137.140 ms - -[0m
2023-05-07 00:02:49 info: [0mGET /services/getListService [32m200[0m 146.061 ms - 495[0m
2023-05-07 00:02:49 info: [0mGET /services/nav [36m304[0m 170.616 ms - -[0m
2023-05-07 00:02:49 info: [0mGET /projects/getProjectsClient?service_id=10 [36m304[0m 47.031 ms - -[0m
2023-05-07 00:02:58 info: [0mOPTIONS /admins/profile [32m204[0m 1.061 ms - 0[0m
2023-05-07 00:02:59 info: [0mGET /projects?[object%20Object] [36m304[0m 200.748 ms - -[0m
2023-05-07 00:02:59 info: [0mGET /branchs?[object%20Object] [36m304[0m 177.468 ms - -[0m
2023-05-07 00:02:59 info: [0mGET /services?[object%20Object] [32m200[0m 173.050 ms - 495[0m
2023-05-07 00:02:59 info: [0mGET /admins/profile [36m304[0m 304.710 ms - -[0m
2023-05-07 00:02:59 info: [0mGET /projects/show/1 [36m304[0m 51.389 ms - -[0m
2023-05-07 00:02:59 info: [0mGET /branchs?[object%20Object] [36m304[0m 10.496 ms - -[0m
2023-05-07 00:02:59 info: [0mGET /services?[object%20Object] [36m304[0m 35.293 ms - -[0m
2023-05-07 00:02:59 info: [0mGET /projects?[object%20Object] [36m304[0m 76.572 ms - -[0m
2023-05-07 00:03:26 info: [0mOPTIONS /admins/profile [32m204[0m 2.033 ms - 0[0m
2023-05-07 00:03:26 info: [0mGET /services?[object%20Object] [32m200[0m 87.820 ms - 438[0m
2023-05-07 00:03:26 info: [0mGET /branchs?[object%20Object] [32m200[0m 118.915 ms - 255[0m
2023-05-07 00:03:26 info: [0mGET /projects?[object%20Object] [32m200[0m 210.022 ms - 529[0m
2023-05-07 00:03:26 info: [0mGET /projects/show/1 [36m304[0m 43.059 ms - -[0m
2023-05-07 00:03:26 info: [0mGET /admins/profile [36m304[0m 115.146 ms - -[0m
2023-05-07 00:03:27 info: [0mGET /services?[object%20Object] [32m200[0m 30.867 ms - 495[0m
2023-05-07 00:03:27 info: [0mGET /projects?[object%20Object] [32m200[0m 49.611 ms - 529[0m
2023-05-07 00:03:27 info: [0mGET /branchs?[object%20Object] [32m200[0m 49.018 ms - 266[0m
2023-05-07 00:04:46 info: =================================
2023-05-07 00:04:46 info: ======= ENV: development =======
2023-05-07 00:04:46 info: 🚀 App listening on the port 8000
2023-05-07 00:04:46 info: =================================
2023-05-07 00:04:49 info: [0mOPTIONS /admins/profile [32m204[0m 5.542 ms - 0[0m
2023-05-07 00:04:49 error: {}
2023-05-07 00:04:49 info: [0mGET /services?[object%20Object] [32m200[0m 197.770 ms - 16[0m
2023-05-07 00:04:49 info: [0mGET /projects?[object%20Object] [36m304[0m 246.047 ms - -[0m
2023-05-07 00:04:49 info: [0mGET /branchs?[object%20Object] [36m304[0m 231.513 ms - -[0m
2023-05-07 00:04:49 info: [0mGET /admins/profile [36m304[0m 407.225 ms - -[0m
2023-05-07 00:04:49 info: [0mGET /projects/show/1 [36m304[0m 165.651 ms - -[0m
2023-05-07 00:04:50 info: [0mGET /branchs?[object%20Object] [36m304[0m 45.544 ms - -[0m
2023-05-07 00:04:50 error: {}
2023-05-07 00:04:50 info: [0mGET /services?[object%20Object] [36m304[0m 61.990 ms - -[0m
2023-05-07 00:04:50 info: [0mGET /projects?[object%20Object] [36m304[0m 128.922 ms - -[0m
2023-05-07 00:04:56 info: [0mOPTIONS /admins/profile [32m204[0m 0.512 ms - 0[0m
2023-05-07 00:04:56 info: [0mGET /projects?[object%20Object] [36m304[0m 26.956 ms - -[0m
2023-05-07 00:04:56 info: [0mGET /branchs?[object%20Object] [36m304[0m 26.348 ms - -[0m
2023-05-07 00:04:56 info: [0mGET /admins/profile [36m304[0m 46.992 ms - -[0m
2023-05-07 00:04:56 error: {}
2023-05-07 00:04:56 info: [0mGET /services?[object%20Object] [36m304[0m 45.175 ms - -[0m
2023-05-07 00:04:57 info: [0mGET /projects/show/1 [36m304[0m 139.554 ms - -[0m
2023-05-07 00:04:57 info: [0mGET /branchs?[object%20Object] [36m304[0m 24.259 ms - -[0m
2023-05-07 00:04:57 info: [0mGET /projects?[object%20Object] [36m304[0m 38.798 ms - -[0m
2023-05-07 00:04:57 error: {}
2023-05-07 00:04:57 info: [0mGET /services?[object%20Object] [36m304[0m 142.306 ms - -[0m
2023-05-07 00:05:26 info: =================================
2023-05-07 00:05:26 info: ======= ENV: development =======
2023-05-07 00:05:26 info: 🚀 App listening on the port 8000
2023-05-07 00:05:26 info: =================================
2023-05-07 00:05:36 info: [0mGET /services/getList [33m404[0m 7.470 ms - 155[0m
2023-05-07 00:05:40 info: [0mGET /services/getList [33m404[0m 29.686 ms - 155[0m
2023-05-07 00:06:25 info: =================================
2023-05-07 00:06:25 info: ======= ENV: development =======
2023-05-07 00:06:25 info: 🚀 App listening on the port 8000
2023-05-07 00:06:25 info: =================================
2023-05-07 00:06:27 error: {}
2023-05-07 00:06:27 info: [0mGET /services [32m200[0m 150.578 ms - 16[0m
2023-05-07 00:06:29 error: {}
2023-05-07 00:06:29 info: [0mGET /services [36m304[0m 40.807 ms - -[0m
2023-05-07 00:07:29 info: =================================
2023-05-07 00:07:29 info: ======= ENV: development =======
2023-05-07 00:07:29 info: 🚀 App listening on the port 8000
2023-05-07 00:07:29 info: =================================
2023-05-07 00:07:29 info: [0mGET /services [32m200[0m 109.544 ms - 447[0m
2023-05-07 00:07:30 info: [0mGET /services [36m304[0m 10.935 ms - -[0m
2023-05-07 00:07:35 info: [0mGET /branchs/getListBranch [36m304[0m 62.925 ms - -[0m
2023-05-07 00:07:35 info: [0mGET /services/nav [36m304[0m 119.241 ms - -[0m
2023-05-07 00:07:35 info: [0mGET /services/getListService [36m304[0m 119.374 ms - -[0m
2023-05-07 00:07:35 info: [0mGET /projects/getProjectsClient [36m304[0m 122.100 ms - -[0m
2023-05-07 00:07:35 info: [0mGET /projects/getProjectsClient?service_id=10 [36m304[0m 14.670 ms - -[0m
2023-05-07 00:07:37 info: [0mOPTIONS /admins/profile [32m204[0m 2.181 ms - 0[0m
2023-05-07 00:07:37 info: [0mGET /projects?[object%20Object] [36m304[0m 304.351 ms - -[0m
2023-05-07 00:07:38 info: [0mGET /branchs?[object%20Object] [36m304[0m 246.002 ms - -[0m
2023-05-07 00:07:38 info: [0mGET /services?[object%20Object] [32m200[0m 244.448 ms - 504[0m
2023-05-07 00:07:38 info: [0mGET /admins/profile [36m304[0m 375.999 ms - -[0m
2023-05-07 00:07:38 info: [0mGET /projects/show/1 [36m304[0m 243.708 ms - -[0m
2023-05-07 00:07:39 info: [0mGET /services?[object%20Object] [36m304[0m 140.626 ms - -[0m
2023-05-07 00:07:39 info: [0mGET /branchs?[object%20Object] [36m304[0m 166.606 ms - -[0m
2023-05-07 00:07:39 info: [0mGET /projects?[object%20Object] [36m304[0m 142.306 ms - -[0m
2023-05-07 00:07:48 info: [0mOPTIONS /projects/update/1 [32m204[0m 0.324 ms - 0[0m
2023-05-07 00:07:48 info: [0mPUT /projects/update/1 [32m200[0m 123.752 ms - 2[0m
2023-05-07 00:07:48 info: [0mGET /projects/show/1 [32m200[0m 14.288 ms - 473[0m
2023-05-07 00:07:49 info: [0mGET /projects?[object%20Object] [32m200[0m 24.037 ms - 522[0m
2023-05-07 00:07:49 info: [0mGET /branchs?[object%20Object] [36m304[0m 22.997 ms - -[0m
2023-05-07 00:07:49 info: [0mGET /services?[object%20Object] [36m304[0m 26.841 ms - -[0m
2023-05-07 00:07:55 info: [0mOPTIONS /projects/update/1 [32m204[0m 0.173 ms - 0[0m
2023-05-07 00:07:55 info: [0mPUT /projects/update/1 [32m200[0m 53.046 ms - 2[0m
2023-05-07 00:07:55 info: [0mGET /projects/show/1 [32m200[0m 22.347 ms - 488[0m
2023-05-07 00:07:56 info: [0mGET /projects?[object%20Object] [32m200[0m 11.911 ms - 524[0m
2023-05-07 00:07:56 info: [0mGET /branchs?[object%20Object] [36m304[0m 10.750 ms - -[0m
2023-05-07 00:07:56 info: [0mGET /services?[object%20Object] [36m304[0m 18.035 ms - -[0m
2023-05-07 00:07:57 info: [0mOPTIONS /folders/get-medias [32m204[0m 0.443 ms - 0[0m
2023-05-07 00:07:57 info: [0mPOST /folders/get-medias [32m200[0m 139.341 ms - 630[0m
2023-05-07 00:07:57 info: [0mGET /folders [36m304[0m 258.361 ms - -[0m
2023-05-07 00:07:59 info: [0mPOST /folders/get-medias [32m200[0m 7.529 ms - 630[0m
2023-05-07 00:07:59 info: [0mGET /folders [36m304[0m 16.898 ms - -[0m
2023-05-07 00:08:02 info: [0mOPTIONS /projects/update/1 [32m204[0m 0.264 ms - 0[0m
2023-05-07 00:08:02 info: [0mPUT /projects/update/1 [32m200[0m 63.336 ms - 2[0m
2023-05-07 00:08:02 info: [0mGET /projects/show/1 [32m200[0m 27.779 ms - -[0m
2023-05-07 00:08:03 info: [0mGET /branchs?[object%20Object] [36m304[0m 32.248 ms - -[0m
2023-05-07 00:08:03 info: [0mGET /projects?[object%20Object] [32m200[0m 46.854 ms - 820[0m
2023-05-07 00:08:03 info: [0mGET /services?[object%20Object] [36m304[0m 46.517 ms - -[0m
2023-05-07 00:08:04 info: [0mPUT /projects/update/1 [32m200[0m 38.645 ms - 2[0m
2023-05-07 00:08:04 info: [0mGET /projects/show/1 [32m200[0m 22.748 ms - -[0m
2023-05-07 00:08:05 info: [0mGET /branchs?[object%20Object] [36m304[0m 21.491 ms - -[0m
2023-05-07 00:08:05 info: [0mGET /projects?[object%20Object] [32m200[0m 27.255 ms - 818[0m
2023-05-07 00:08:05 info: [0mGET /services?[object%20Object] [36m304[0m 26.704 ms - -[0m
2023-05-07 00:08:37 info: =================================
2023-05-07 00:08:37 info: ======= ENV: development =======
2023-05-07 00:08:37 info: 🚀 App listening on the port 8000
2023-05-07 00:08:37 info: =================================
2023-05-07 00:08:44 info: [0mGET /branchs/getListBranch [36m304[0m 168.514 ms - -[0m
2023-05-07 00:08:44 info: [0mGET /projects/getProjectsClient?service_id=10 [32m200[0m 68.881 ms - 466[0m
2023-05-07 00:08:44 info: [0mGET /services/getListService [36m304[0m 212.845 ms - -[0m
2023-05-07 00:08:44 info: [0mGET /services/nav [36m304[0m 301.233 ms - -[0m
2023-05-07 00:08:44 info: [0mGET /projects/getProjectsClient [32m200[0m 236.132 ms - 714[0m
2023-05-07 00:08:48 info: [0mGET /projects/getProjectsClient [36m304[0m 27.799 ms - -[0m
2023-05-07 00:08:49 info: [0mGET /projects/getProjectsClient?service_id=4 [32m200[0m 16.305 ms - 437[0m
2023-05-07 00:08:50 info: [0mGET /projects/getProjectsClient?service_id=5 [32m200[0m 11.499 ms - 461[0m
2023-05-07 00:08:51 info: [0mGET /projects/getProjectsClient?service_id=7 [32m200[0m 33.617 ms - 473[0m
2023-05-07 00:08:52 info: [0mGET /projects/getProjectsClient?service_id=8 [32m200[0m 11.149 ms - 429[0m
2023-05-07 00:08:53 info: [0mGET /projects/getProjectsClient?service_id=10 [36m304[0m 10.804 ms - -[0m
2023-05-07 00:08:53 info: [0mGET /projects/getProjectsClient?service_id=8 [36m304[0m 15.743 ms - -[0m
2023-05-07 00:08:54 info: [0mGET /projects/getProjectsClient?service_id=7 [36m304[0m 15.585 ms - -[0m
2023-05-07 00:08:54 info: [0mGET /projects/getProjectsClient?service_id=5 [36m304[0m 12.654 ms - -[0m
2023-05-07 00:08:55 info: [0mGET /projects/getProjectsClient?service_id=4 [36m304[0m 17.758 ms - -[0m
2023-05-07 00:08:55 info: [0mGET /projects/getProjectsClient [36m304[0m 46.738 ms - -[0m
2023-05-07 00:08:56 info: [0mGET /projects/getProjectsClient?service_id=4 [36m304[0m 29.026 ms - -[0m
2023-05-07 00:09:15 info: [0mOPTIONS /admins/login [32m204[0m 0.912 ms - 0[0m
2023-05-07 00:09:15 info: [0mPOST /admins/login [32m200[0m 91.340 ms - -[0m
2023-05-07 00:09:16 info: [0mOPTIONS /admins/profile [32m204[0m 0.288 ms - 0[0m
2023-05-07 00:09:16 info: [0mGET /admins/profile [36m304[0m 116.609 ms - -[0m
2023-05-07 00:09:19 info: [0mGET /admins/profile [36m304[0m 172.913 ms - -[0m
2023-05-07 00:09:19 info: [0mGET /projects? [32m200[0m 170.180 ms - 818[0m
2023-05-07 00:09:19 info: [0mGET /projects?page=1&page_size=10 [32m200[0m 46.229 ms - 818[0m
2023-05-07 00:09:22 info: [0mOPTIONS /admins/profile [32m204[0m 0.839 ms - 0[0m
2023-05-07 00:09:22 info: [0mGET /projects/show/2 [32m200[0m 41.353 ms - 473[0m
2023-05-07 00:09:22 info: [0mGET /admins/profile [36m304[0m 53.641 ms - -[0m
2023-05-07 00:09:22 info: [0mGET /projects?[object%20Object] [36m304[0m 26.938 ms - -[0m
2023-05-07 00:09:22 info: [0mGET /services?[object%20Object] [36m304[0m 41.248 ms - -[0m
2023-05-07 00:09:22 info: [0mGET /branchs?[object%20Object] [36m304[0m 53.790 ms - -[0m
2023-05-07 00:09:34 info: [0mOPTIONS /folders/get-medias [32m204[0m 0.346 ms - 0[0m
2023-05-07 00:09:34 info: [0mPOST /folders/get-medias [32m200[0m 50.281 ms - 630[0m
2023-05-07 00:09:34 info: [0mGET /folders [36m304[0m 48.048 ms - -[0m
2023-05-07 00:09:36 info: [0mOPTIONS /projects/update/2 [32m204[0m 0.156 ms - 0[0m
2023-05-07 00:09:36 info: [0mPUT /projects/update/2 [32m200[0m 51.741 ms - 2[0m
2023-05-07 00:09:36 info: [0mGET /projects/show/2 [32m200[0m 15.854 ms - 766[0m
2023-05-07 00:09:37 info: [0mGET /branchs?[object%20Object] [36m304[0m 81.872 ms - -[0m
2023-05-07 00:09:37 info: [0mGET /projects?[object%20Object] [32m200[0m 106.142 ms - -[0m
2023-05-07 00:09:37 info: [0mGET /services?[object%20Object] [36m304[0m 84.106 ms - -[0m
2023-05-07 00:09:40 info: [0mGET /branchs/getListBranch [36m304[0m 47.902 ms - -[0m
2023-05-07 00:09:40 info: [0mGET /services/nav [36m304[0m 89.384 ms - -[0m
2023-05-07 00:09:40 info: [0mGET /services/getListService [36m304[0m 75.289 ms - -[0m
2023-05-07 00:09:40 info: [0mGET /projects/getProjectsClient [32m200[0m 89.571 ms - -[0m
2023-05-07 00:09:41 info: [0mGET /projects/getProjectsClient?service_id=4 [32m200[0m 14.247 ms - 833[0m
2023-05-07 00:09:45 info: [0mGET /projects/getProjectsClient [36m304[0m 22.146 ms - -[0m
2023-05-07 00:09:46 info: [0mGET /projects/getProjectsClient?service_id=4 [36m304[0m 13.271 ms - -[0m
2023-05-07 00:09:49 info: [0mGET /projects/getProjectsClient?service_id=5 [32m200[0m 11.066 ms - 881[0m
2023-05-07 00:10:01 info: [0mGET /projects/getProjectsClient?service_id=7 [36m304[0m 15.783 ms - -[0m
2023-05-07 00:10:05 info: [0mGET /projects/getProjectsClient?service_id=8 [36m304[0m 17.418 ms - -[0m
2023-05-07 00:10:05 info: [0mGET /projects/getProjectsClient?service_id=10 [36m304[0m 9.527 ms - -[0m
2023-05-07 00:10:07 info: [0mGET /projects/getProjectsClient?service_id=13 [32m200[0m 10.748 ms - 427[0m
2023-05-07 00:10:07 info: [0mGET /projects/getProjectsClient?service_id=14 [32m200[0m 66.648 ms - 427[0m
2023-05-07 00:10:08 info: [0mGET /projects/getProjectsClient?service_id=7 [36m304[0m 10.915 ms - -[0m
2023-05-07 00:10:11 info: [0mGET /projects/getProjectsClient?service_id=7&branch_id=1 [32m200[0m 12.989 ms - 473[0m
2023-05-07 00:10:13 info: [0mGET /projects/getProjectsClient?service_id=7&branch_id=2 [32m200[0m 13.771 ms - 473[0m
2023-05-07 00:10:14 info: [0mGET /projects/getProjectsClient?service_id=7 [36m304[0m 47.545 ms - -[0m
2023-05-07 00:10:15 info: [0mGET /projects/getProjectsClient?service_id=5 [36m304[0m 20.885 ms - -[0m
2023-05-07 00:10:18 info: [0mGET /projects/getProjectsClient?service_id=5&branch_id=1 [32m200[0m 33.282 ms - 881[0m
2023-05-07 00:10:20 info: [0mGET /projects/getProjectsClient?service_id=5&branch_id=2 [32m200[0m 15.456 ms - 881[0m
2023-05-07 00:10:20 info: [0mGET /projects/getProjectsClient?service_id=4&branch_id=2 [32m200[0m 12.969 ms - 833[0m
2023-05-07 00:10:27 info: [0mGET /services/nav [36m304[0m 37.435 ms - -[0m
2023-05-07 00:10:34 info: [0mGET /services/nav [36m304[0m 67.353 ms - -[0m
2023-05-07 00:10:34 info: [0mGET /branchs/getListBranch [36m304[0m 102.100 ms - -[0m
2023-05-07 00:10:34 info: [0mGET /services/getListService [36m304[0m 114.941 ms - -[0m
2023-05-07 00:10:34 info: [0mGET /projects/getProjectsClient?service_id=4&branch_id=2 [36m304[0m 60.001 ms - -[0m
2023-05-07 00:10:34 info: [0mGET /projects/getProjectsClient [36m304[0m 159.207 ms - -[0m
2023-05-07 00:11:57 info: [0mGET /services/getListService [32m200[0m 115.341 ms - 438[0m
2023-05-07 00:12:20 info: [0mGET /projects/getProjectsClient?branch_id=2 [32m200[0m 46.643 ms - -[0m
2023-05-07 00:13:06 info: [0mGET /proejcts/getProjectsClient [33m404[0m 22.408 ms - 165[0m
2023-05-07 00:13:11 info: [0mGET /projects/getProjectsClient [32m200[0m 32.589 ms - -[0m
2023-05-07 00:13:51 info: =================================
2023-05-07 00:13:51 info: ======= ENV: development =======
2023-05-07 00:13:51 info: 🚀 App listening on the port 8000
2023-05-07 00:13:51 info: =================================
2023-05-07 00:13:52 info: [0mGET /projects/getProjectsClient [32m200[0m 118.112 ms - -[0m
2023-05-07 00:13:53 info: [0mGET /projects/getProjectsClient [36m304[0m 33.122 ms - -[0m
2023-05-07 00:13:57 info: [0mGET /services/nav [36m304[0m 134.573 ms - -[0m
2023-05-07 00:13:57 info: [0mGET /branchs/getListBranch [36m304[0m 157.517 ms - -[0m
2023-05-07 00:13:57 info: [0mGET /services/getListService [32m200[0m 207.778 ms - 495[0m
2023-05-07 00:13:57 info: [0mGET /projects/getProjectsClient [32m200[0m 202.193 ms - -[0m
2023-05-07 00:13:57 info: [0mGET /projects/getProjectsClient?branch_id=2 [32m200[0m 44.756 ms - -[0m
2023-05-07 00:14:01 info: [0mGET /projects/findByIdClient/1 [32m200[0m 169.742 ms - -[0m
2023-05-07 00:15:04 info: =================================
2023-05-07 00:15:04 info: ======= ENV: development =======
2023-05-07 00:15:04 info: 🚀 App listening on the port 8000
2023-05-07 00:15:04 info: =================================
2023-05-07 00:15:10 info: [0mGET /services/nav [36m304[0m 254.329 ms - -[0m
2023-05-07 00:15:10 info: [0mGET /projects/findByIdClient/1 [36m304[0m 112.435 ms - -[0m
2023-05-07 00:15:59 info: [0mGET /services/nav [36m304[0m 89.820 ms - -[0m
2023-05-07 00:16:00 info: [0mGET /projects/findByIdClient/1 [36m304[0m 193.416 ms - -[0m
2023-05-07 00:16:25 info: [0mOPTIONS /admins/profile [32m204[0m 0.961 ms - 0[0m
2023-05-07 00:16:25 info: [0mGET /projects/show/2 [32m200[0m 207.455 ms - 766[0m
2023-05-07 00:16:25 info: [0mGET /admins/profile [36m304[0m 130.487 ms - -[0m
2023-05-07 00:16:25 info: [0mGET /projects?page=1&page_size=10 [32m200[0m 73.300 ms - -[0m
2023-05-07 00:16:25 info: [0mGET /projects? [32m200[0m 210.827 ms - -[0m
2023-05-07 00:16:32 info: [0mOPTIONS /admins/profile [32m204[0m 0.782 ms - 0[0m
2023-05-07 00:16:32 info: [0mGET /admins/profile [36m304[0m 58.085 ms - -[0m
2023-05-07 00:16:33 info: [0mGET /admins/profile [36m304[0m 16.766 ms - -[0m
2023-05-07 00:16:33 info: [0mGET /projects?page=1&page_size=10 [36m304[0m 53.767 ms - -[0m
2023-05-07 00:16:34 info: [0mGET /projects?page=1&page_size=10 [36m304[0m 6.006 ms - -[0m
2023-05-07 00:16:47 info: [0mGET /services/nav [36m304[0m 142.786 ms - -[0m
2023-05-07 00:16:48 info: [0mGET /projects/findByIdClient/1 [36m304[0m 142.928 ms - -[0m
2023-05-07 00:17:03 info: [0mGET /projects/getProjectsClient [32m200[0m 67.501 ms - -[0m
2023-05-07 00:17:11 info: [0mGET /projects/show/1 [32m200[0m 63.018 ms - -[0m
2023-05-07 00:19:08 info: =================================
2023-05-07 00:19:08 info: ======= ENV: development =======
2023-05-07 00:19:08 info: 🚀 App listening on the port 8000
2023-05-07 00:19:08 info: =================================
2023-05-07 00:19:20 info: =================================
2023-05-07 00:19:20 info: ======= ENV: development =======
2023-05-07 00:19:20 info: 🚀 App listening on the port 8000
2023-05-07 00:19:20 info: =================================
2023-05-07 00:19:34 info: =================================
2023-05-07 00:19:34 info: ======= ENV: development =======
2023-05-07 00:19:34 info: 🚀 App listening on the port 8000
2023-05-07 00:19:34 info: =================================
2023-05-07 00:19:38 info: [0mGET /projects/show/1 [36m304[0m 100.935 ms - -[0m
2023-05-07 00:19:54 info: [0mGET /projects/findByIdClient/1 [32m200[0m 79.576 ms - -[0m
2023-05-07 00:20:09 info: [0mGET /services/nav [36m304[0m 113.028 ms - -[0m
2023-05-07 00:20:09 info: [0mGET /projects/findByIdClient/1 [32m200[0m 59.865 ms - -[0m
2023-05-07 00:20:54 info: =================================
2023-05-07 00:20:54 info: ======= ENV: development =======
2023-05-07 00:20:54 info: 🚀 App listening on the port 8000
2023-05-07 00:20:54 info: =================================
2023-05-07 00:21:06 info: =================================
2023-05-07 00:21:06 info: ======= ENV: development =======
2023-05-07 00:21:06 info: 🚀 App listening on the port 8000
2023-05-07 00:21:06 info: =================================
2023-05-07 00:21:26 info: =================================
2023-05-07 00:21:26 info: ======= ENV: development =======
2023-05-07 00:21:26 info: 🚀 App listening on the port 8000
2023-05-07 00:21:26 info: =================================
2023-05-07 00:21:32 info: [0mGET /services/nav [36m304[0m 213.633 ms - -[0m
2023-05-07 00:21:33 info: [0mGET /projects/findByIdClient/1 [32m200[0m 161.545 ms - -[0m
2023-05-07 00:21:45 info: [0mOPTIONS /admins/profile [32m204[0m 1.533 ms - 0[0m
2023-05-07 00:21:46 info: [0mGET /admins/profile [36m304[0m 97.267 ms - -[0m
2023-05-07 00:21:46 info: [0mGET /projects/show/1 [32m200[0m 108.197 ms - -[0m
2023-05-07 00:21:46 info: [0mGET /projects?[object%20Object] [36m304[0m 30.779 ms - -[0m
2023-05-07 00:21:46 info: [0mGET /branchs?[object%20Object] [36m304[0m 27.024 ms - -[0m
2023-05-07 00:21:46 info: [0mGET /services?[object%20Object] [36m304[0m 43.924 ms - -[0m
2023-05-07 00:21:49 info: [0mOPTIONS /projects/update/1 [32m204[0m 0.142 ms - 0[0m
2023-05-07 00:21:49 info: [0mPUT /projects/update/1 [32m200[0m 97.922 ms - 2[0m
2023-05-07 00:21:49 info: [0mGET /projects/show/1 [32m200[0m 21.187 ms - -[0m
2023-05-07 00:21:50 info: [0mGET /projects?[object%20Object] [36m304[0m 13.127 ms - -[0m
2023-05-07 00:21:50 info: [0mGET /branchs?[object%20Object] [36m304[0m 17.093 ms - -[0m
2023-05-07 00:21:50 info: [0mGET /services?[object%20Object] [36m304[0m 32.298 ms - -[0m
2023-05-07 00:21:53 info: [0mGET /services/nav [36m304[0m 50.450 ms - -[0m
2023-05-07 00:21:53 info: [0mGET /projects/findByIdClient/1 [32m200[0m 41.132 ms - -[0m
2023-05-07 00:22:34 info: [0mGET /projects/findByIdClient/1 [36m304[0m 74.976 ms - -[0m
2023-05-07 00:22:41 info: [0mGET /projects/findByIdClient/1 [36m304[0m 87.080 ms - -[0m
2023-05-07 00:22:47 info: [0mGET /projects/findByIdClient/1 [36m304[0m 44.424 ms - -[0m
2023-05-07 00:22:55 info: [0mGET /projects/findByIdClient/1 [36m304[0m 90.177 ms - -[0m
2023-05-07 00:23:02 info: [0mGET /projects/findByIdClient/1 [36m304[0m 118.588 ms - -[0m
2023-05-07 00:23:10 info: [0mGET /projects/findByIdClient/1 [36m304[0m 89.482 ms - -[0m
2023-05-07 00:23:15 info: [0mGET /branchs/getListBranch [36m304[0m 91.522 ms - -[0m
2023-05-07 00:23:15 info: [0mGET /services/getListService [36m304[0m 96.824 ms - -[0m
2023-05-07 00:23:15 info: [0mGET /projects/getProjectsClient [32m200[0m 82.648 ms - -[0m
2023-05-07 00:23:19 info: [0mGET /projects/findByIdClient/1 [36m304[0m 110.636 ms - -[0m
2023-05-07 00:23:20 info: [0mGET /branchs/getListBranch [36m304[0m 11.137 ms - -[0m
2023-05-07 00:23:20 info: [0mGET /services/getListService [36m304[0m 25.667 ms - -[0m
2023-05-07 00:23:20 info: [0mGET /projects/getProjectsClient [36m304[0m 38.562 ms - -[0m
2023-05-07 00:23:38 info: [0mGET /branchs/getListBranch [32m200[0m 124.882 ms - 194[0m
2023-05-07 00:23:38 info: [0mGET /services/getListService [32m200[0m 156.575 ms - 438[0m
2023-05-07 00:23:38 info: [0mGET /services/nav [32m200[0m 204.837 ms - 762[0m
2023-05-07 00:23:38 info: [0mGET /projects/getProjectsClient [32m200[0m 146.403 ms - -[0m
2023-05-07 00:23:48 info: [0mGET /branchs/getListBranch [36m304[0m 26.392 ms - -[0m
2023-05-07 00:23:48 info: [0mGET /services/getListService [36m304[0m 27.944 ms - -[0m
2023-05-07 00:23:48 info: [0mGET /services/nav [36m304[0m 74.297 ms - -[0m
2023-05-07 00:23:48 info: [0mGET /projects/getProjectsClient [36m304[0m 89.360 ms - -[0m
2023-05-07 00:23:55 info: [0mOPTIONS /admins/profile [32m204[0m 0.375 ms - 0[0m
2023-05-07 00:23:55 info: [0mGET /projects/show/1 [36m304[0m 180.975 ms - -[0m
2023-05-07 00:23:55 info: [0mGET /projects? [36m304[0m 289.099 ms - -[0m
2023-05-07 00:23:56 info: [0mGET /admins/profile [36m304[0m 348.489 ms - -[0m
2023-05-07 00:23:56 info: [0mGET /projects?page=1&page_size=10 [36m304[0m 87.567 ms - -[0m
2023-05-07 00:23:58 info: [0mGET /admins/profile [36m304[0m 81.240 ms - -[0m
2023-05-07 00:23:58 info: [0mGET /projects?page=1&page_size=10 [32m200[0m 51.489 ms - -[0m
2023-05-07 00:23:58 info: [0mGET /projects?page=1&page_size=10 [36m304[0m 6.093 ms - -[0m
2023-05-07 00:24:24 info: [0mGET /branchs/getListBranch [36m304[0m 50.127 ms - -[0m
2023-05-07 00:24:24 info: [0mGET /services/nav [36m304[0m 81.227 ms - -[0m
2023-05-07 00:24:24 info: [0mGET /services/getListService [36m304[0m 67.106 ms - -[0m
2023-05-07 00:24:24 info: [0mGET /projects/getProjectsClient [36m304[0m 60.782 ms - -[0m
2023-05-07 00:25:33 info: [0mGET /branchs/getListBranch [36m304[0m 84.628 ms - -[0m
2023-05-07 00:25:33 info: [0mGET /projects/getProjectsClient [36m304[0m 133.997 ms - -[0m
2023-05-07 00:25:33 info: [0mGET /services/nav [36m304[0m 193.273 ms - -[0m
2023-05-07 00:25:33 info: [0mGET /services/getListService [36m304[0m 164.338 ms - -[0m
2023-05-07 00:25:37 info: [0mOPTIONS /admins/profile [32m204[0m 2.160 ms - 0[0m
2023-05-07 00:25:37 info: [0mGET /projects?[object%20Object] [36m304[0m 64.314 ms - -[0m
2023-05-07 00:25:37 info: [0mGET /services?[object%20Object] [36m304[0m 74.454 ms - -[0m
2023-05-07 00:25:37 info: [0mGET /branchs?[object%20Object] [36m304[0m 89.123 ms - -[0m
2023-05-07 00:25:37 info: [0mGET /admins/profile [36m304[0m 193.486 ms - -[0m
2023-05-07 00:25:38 info: [0mGET /projects/show/1 [36m304[0m 57.988 ms - -[0m
2023-05-07 00:25:39 info: [0mGET /services?[object%20Object] [36m304[0m 12.437 ms - -[0m
2023-05-07 00:25:39 info: [0mGET /projects?[object%20Object] [36m304[0m 46.393 ms - -[0m
2023-05-07 00:25:39 info: [0mGET /branchs?[object%20Object] [36m304[0m 31.795 ms - -[0m
2023-05-07 00:25:59 info: [0mGET /projects/findByIdClient/2 [32m200[0m 62.798 ms - 788[0m
2023-05-07 00:26:01 info: [0mGET /branchs/getListBranch [36m304[0m 17.019 ms - -[0m
2023-05-07 00:26:01 info: [0mGET /services/getListService [36m304[0m 46.455 ms - -[0m
2023-05-07 00:26:01 info: [0mGET /projects/getProjectsClient [36m304[0m 56.569 ms - -[0m
2023-05-07 00:26:07 info: [0mGET /projects/findByIdClient/1 [32m200[0m 45.951 ms - -[0m
2023-05-07 00:26:16 info: [0mGET /services/nav [36m304[0m 70.425 ms - -[0m
2023-05-07 00:26:16 info: [0mGET /banners/getListBanner [32m200[0m 78.297 ms - -[0m
2023-05-07 00:26:16 info: [0mGET /posts/getListFeatured [32m200[0m 149.526 ms - 519[0m
2023-05-07 00:26:18 info: [0mGET /branchs/getListBranch [36m304[0m 12.090 ms - -[0m
2023-05-07 00:26:18 info: [0mGET /services/getListService [36m304[0m 11.319 ms - -[0m
2023-05-07 00:26:18 info: [0mGET /projects/getProjectsClient [36m304[0m 26.180 ms - -[0m
2023-05-07 00:27:20 info: =================================
2023-05-07 00:27:20 info: ======= ENV: development =======
2023-05-07 00:27:20 info: 🚀 App listening on the port 8000
2023-05-07 00:27:20 info: =================================
2023-05-07 00:27:38 info: =================================
2023-05-07 00:27:38 info: ======= ENV: development =======
2023-05-07 00:27:38 info: 🚀 App listening on the port 8000
2023-05-07 00:27:38 info: =================================
2023-05-07 00:27:42 info: [0mGET /branchs/getListBranch [36m304[0m 147.022 ms - -[0m
2023-05-07 00:27:42 info: [0mGET /services/getListService [36m304[0m 167.419 ms - -[0m
2023-05-07 00:27:42 info: [0mGET /services/nav [36m304[0m 268.938 ms - -[0m
2023-05-07 00:27:42 info: [0mGET /projects/getProjectsClient [32m200[0m 217.549 ms - -[0m
2023-05-07 00:27:48 info: [0mGET /projects/findByIdClient/2 [36m304[0m 40.079 ms - -[0m
2023-05-07 00:27:51 info: [0mGET /branchs/getListBranch [36m304[0m 13.238 ms - -[0m
2023-05-07 00:27:51 info: [0mGET /services/getListService [36m304[0m 16.287 ms - -[0m
2023-05-07 00:27:51 info: [0mGET /projects/getProjectsClient [36m304[0m 33.132 ms - -[0m
2023-05-07 00:27:53 info: [0mGET /projects/findByIdClient/1 [36m304[0m 42.919 ms - -[0m
2023-05-07 00:28:12 info: [0mGET /branchs/getListBranch [36m304[0m 52.330 ms - -[0m
2023-05-07 00:28:12 info: [0mGET /services/getListService [36m304[0m 34.642 ms - -[0m
2023-05-07 00:28:12 info: [0mGET /projects/getProjectsClient [36m304[0m 42.950 ms - -[0m
2023-05-07 00:28:15 info: [0mGET /projects/getProjectsClient?branch_id=1 [32m200[0m 21.385 ms - -[0m
2023-05-07 00:28:17 info: [0mGET /projects/getProjectsClient?branch_id=2 [32m200[0m 13.902 ms - -[0m
2023-05-07 00:28:20 info: [0mGET /projects/getProjectsClient?branch_id=2&service_id=4 [32m200[0m 80.003 ms - 851[0m
2023-05-07 00:28:21 info: [0mGET /projects/getProjectsClient?branch_id=2&service_id=8 [32m200[0m 26.125 ms - 442[0m
2023-05-07 00:28:23 info: [0mGET /projects/getProjectsClient?branch_id=2&service_id=7 [32m200[0m 15.779 ms - 485[0m
2023-05-07 00:28:24 info: [0mGET /projects/getProjectsClient?branch_id=2&service_id=5 [32m200[0m 18.776 ms - 857[0m
2023-05-07 00:28:25 info: [0mGET /projects/getProjectsClient?branch_id=2&service_id=7 [36m304[0m 11.749 ms - -[0m
2023-05-07 00:28:26 info: [0mGET /projects/getProjectsClient?branch_id=2&service_id=8 [36m304[0m 7.943 ms - -[0m
2023-05-07 00:28:26 info: [0mGET /projects/getProjectsClient?branch_id=2&service_id=10 [32m200[0m 10.895 ms - 457[0m
2023-05-07 00:28:27 info: [0mGET /projects/getProjectsClient?branch_id=2&service_id=14 [32m200[0m 13.713 ms - 441[0m
2023-05-07 00:28:27 info: [0mGET /projects/getProjectsClient?branch_id=2&service_id=13 [32m200[0m 15.943 ms - 441[0m
2023-05-07 00:28:28 info: [0mGET /projects/getProjectsClient?branch_id=2&service_id=5 [36m304[0m 15.113 ms - -[0m
2023-05-07 00:28:29 info: [0mGET /projects/getProjectsClient?branch_id=2&service_id=4 [36m304[0m 44.112 ms - -[0m
2023-05-07 00:28:29 info: [0mGET /projects/getProjectsClient?branch_id=2&service_id=5 [36m304[0m 13.345 ms - -[0m
2023-05-07 00:28:33 info: [0mOPTIONS /admins/profile [32m204[0m 0.801 ms - 0[0m
2023-05-07 00:28:33 info: [0mGET /projects/show/2 [32m200[0m 47.171 ms - 773[0m
2023-05-07 00:28:33 info: [0mGET /admins/profile [36m304[0m 110.620 ms - -[0m
2023-05-07 00:28:34 info: [0mGET /branchs?[object%20Object] [32m200[0m 123.723 ms - 255[0m
2023-05-07 00:28:34 info: [0mGET /services?[object%20Object] [32m200[0m 138.173 ms - 447[0m
2023-05-07 00:28:34 info: [0mGET /projects?[object%20Object] [32m200[0m 152.478 ms - -[0m
2023-05-07 00:28:40 info: [0mOPTIONS /admins/profile [32m204[0m 0.552 ms - 0[0m
2023-05-07 00:28:40 info: [0mGET /branchs?[object%20Object] [36m304[0m 149.689 ms - -[0m
2023-05-07 00:28:40 info: [0mGET /projects?[object%20Object] [36m304[0m 211.930 ms - -[0m
2023-05-07 00:28:40 info: [0mGET /services?[object%20Object] [36m304[0m 209.532 ms - -[0m
2023-05-07 00:28:40 info: [0mGET /admins/profile [36m304[0m 260.922 ms - -[0m
2023-05-07 00:28:41 info: [0mGET /projects/show/2 [36m304[0m 21.828 ms - -[0m
2023-05-07 00:28:41 info: [0mGET /services?[object%20Object] [36m304[0m 48.736 ms - -[0m
2023-05-07 00:28:41 info: [0mGET /branchs?[object%20Object] [36m304[0m 54.916 ms - -[0m
2023-05-07 00:28:41 info: [0mGET /projects?[object%20Object] [36m304[0m 77.459 ms - -[0m
2023-05-07 00:28:51 info: [0mOPTIONS /projects/update/2 [32m204[0m 0.518 ms - 0[0m
2023-05-07 00:28:51 info: [0mPUT /projects/update/2 [32m200[0m 168.993 ms - 2[0m
2023-05-07 00:28:51 info: [0mGET /projects/show/2 [32m200[0m 17.252 ms - 769[0m
2023-05-07 00:28:52 info: [0mGET /branchs?[object%20Object] [36m304[0m 33.107 ms - -[0m
2023-05-07 00:28:52 info: [0mGET /projects?[object%20Object] [32m200[0m 29.163 ms - -[0m
2023-05-07 00:28:52 info: [0mGET /services?[object%20Object] [36m304[0m 36.180 ms - -[0m
2023-05-07 00:28:55 info: [0mGET /branchs/getListBranch [36m304[0m 35.107 ms - -[0m
2023-05-07 00:28:55 info: [0mGET /services/nav [36m304[0m 69.989 ms - -[0m
2023-05-07 00:28:55 info: [0mGET /services/getListService [36m304[0m 93.159 ms - -[0m
2023-05-07 00:28:55 info: [0mGET /projects/getProjectsClient [32m200[0m 87.501 ms - -[0m
2023-05-07 00:28:56 info: [0mGET /projects/getProjectsClient?branch_id=2&service_id=5 [32m200[0m 10.253 ms - 850[0m
2023-05-07 00:28:57 info: [0mGET /projects/getProjectsClient?branch_id=2&service_id=13 [32m200[0m 21.861 ms - 834[0m
2023-05-07 00:28:59 info: [0mGET /projects/getProjectsClient?branch_id=2&service_id=14 [36m304[0m 37.054 ms - -[0m
2023-05-07 00:29:00 info: [0mGET /projects/getProjectsClient?branch_id=2&service_id=13 [36m304[0m 40.848 ms - -[0m
2023-05-07 00:29:01 info: [0mGET /projects/getProjectsClient?branch_id=2&service_id=14 [36m304[0m 18.218 ms - -[0m
2023-05-07 00:29:02 info: [0mGET /projects/getProjectsClient?branch_id=2&service_id=13 [36m304[0m 22.304 ms - -[0m
2023-05-07 00:29:02 info: [0mGET /projects/getProjectsClient?branch_id=2&service_id=10 [36m304[0m 10.318 ms - -[0m
2023-05-07 00:29:03 info: [0mGET /projects/getProjectsClient?branch_id=2&service_id=8 [36m304[0m 18.630 ms - -[0m
2023-05-07 00:29:03 info: [0mGET /projects/getProjectsClient?branch_id=2&service_id=7 [36m304[0m 14.867 ms - -[0m
2023-05-07 00:29:06 info: [0mGET /projects/getProjectsClient?branch_id=2&service_id=13 [36m304[0m 24.030 ms - -[0m
2023-05-07 00:31:19 info: [0mGET /categories/post [32m200[0m 733.995 ms - 111[0m
2023-05-07 00:31:19 info: [0mGET /posts/getPageAll [36m304[0m 778.386 ms - -[0m
2023-05-07 00:31:22 info: [0mGET /jobs/getListFeatured [32m200[0m 282.230 ms - -[0m
2023-05-07 00:31:25 info: [0mGET /ceos/getlistCeo [32m200[0m 123.797 ms - 329[0m
2023-05-07 00:31:27 info: [0mGET /banners/getListBanner [36m304[0m 50.785 ms - -[0m
2023-05-07 00:31:27 info: [0mGET /posts/getListFeatured [36m304[0m 53.182 ms - -[0m
2023-05-07 00:31:27 info: [0mGET /services/nav [36m304[0m 105.325 ms - -[0m
2023-05-07 00:31:31 info: [0mGET /categories/post [36m304[0m 13.234 ms - -[0m
2023-05-07 00:31:31 info: [0mGET /posts/getPageAll [36m304[0m 89.037 ms - -[0m
2023-05-07 00:31:37 info: [0mOPTIONS /admins/profile [32m204[0m 0.813 ms - 0[0m
2023-05-07 00:31:38 info: [0mGET /projects?[object%20Object] [32m200[0m 297.639 ms - -[0m
2023-05-07 00:31:38 info: [0mGET /branchs?[object%20Object] [32m200[0m 293.625 ms - 266[0m
2023-05-07 00:31:38 info: [0mGET /services?[object%20Object] [32m200[0m 288.690 ms - 504[0m
2023-05-07 00:31:38 info: [0mGET /admins/profile [36m304[0m 380.259 ms - -[0m
2023-05-07 00:31:38 info: [0mGET /projects/show/2 [32m200[0m 40.454 ms - 769[0m
2023-05-07 00:31:38 info: [0mGET /branchs?[object%20Object] [36m304[0m 10.407 ms - -[0m
2023-05-07 00:31:38 info: [0mGET /services?[object%20Object] [36m304[0m 19.523 ms - -[0m
2023-05-07 00:31:38 info: [0mGET /projects?[object%20Object] [36m304[0m 29.165 ms - -[0m
2023-05-07 00:31:40 info: [0mGET /admins/profile [36m304[0m 115.818 ms - -[0m
2023-05-07 00:31:40 info: [0mGET /projects/show/2 [36m304[0m 105.913 ms - -[0m
2023-05-07 00:31:40 info: [0mGET /posts? [36m304[0m 238.589 ms - -[0m
2023-05-07 00:31:40 info: [0mGET /posts?page=1&page_size=10 [36m304[0m 9.682 ms - -[0m
2023-05-07 00:31:44 info: [0mOPTIONS /admins/profile [32m204[0m 1.399 ms - 0[0m
2023-05-07 00:31:44 info: [0mGET /admins/profile [36m304[0m 94.407 ms - -[0m
2023-05-07 00:31:44 info: [0mGET /posts/show/1 [32m200[0m 124.189 ms - 425[0m
2023-05-07 00:31:45 info: [0mGET /categories?[object%20Object] [36m304[0m 40.432 ms - -[0m
2023-05-07 00:31:45 info: [0mGET /posts?[object%20Object] [36m304[0m 48.964 ms - -[0m
2023-05-07 00:31:45 info: [0mGET /ceos?[object%20Object] [32m200[0m 58.828 ms - 390[0m
2023-05-07 00:31:52 info: [0mOPTIONS /posts/update/1 [32m204[0m 0.497 ms - 0[0m
2023-05-07 00:31:52 info: [0mPUT /posts/update/1 [32m200[0m 62.906 ms - 16[0m
2023-05-07 00:31:52 info: [0mGET /posts/show/1 [32m200[0m 14.812 ms - 517[0m
2023-05-07 00:31:52 info: [0mGET /projects/show/2 [36m304[0m 30.912 ms - -[0m
2023-05-07 00:31:53 info: [0mGET /categories?[object%20Object] [36m304[0m 24.681 ms - -[0m
2023-05-07 00:31:53 info: [0mGET /posts?[object%20Object] [32m200[0m 107.862 ms - 688[0m
2023-05-07 00:31:53 info: [0mGET /ceos?[object%20Object] [36m304[0m 125.380 ms - -[0m
2023-05-07 00:31:55 info: [0mGET /categories/post [36m304[0m 7.376 ms - -[0m
2023-05-07 00:31:56 info: [0mGET /services/nav [36m304[0m 135.613 ms - -[0m
2023-05-07 00:31:56 info: [0mGET /posts/getPageAll [32m200[0m 354.976 ms - -[0m
2023-05-07 00:32:03 info: [0mGET /services/nav [36m304[0m 92.815 ms - -[0m
2023-05-07 00:32:09 info: [0mGET /services/nav [36m304[0m 79.358 ms - -[0m
2023-05-07 00:32:09 info: [0mGET /categories/post [36m304[0m 99.078 ms - -[0m
2023-05-07 00:32:09 info: [0mGET /posts/getPageAll [36m304[0m 153.999 ms - -[0m
2023-05-07 00:32:12 info: [0mGET /services/nav [36m304[0m 59.799 ms - -[0m
2023-05-07 00:32:12 info: [0mGET /categories/post [36m304[0m 93.306 ms - -[0m
2023-05-07 00:32:12 info: [0mGET /posts/getPageAll [36m304[0m 228.843 ms - -[0m
2023-05-07 00:32:15 info: [0mGET /services/nav [32m200[0m 28.546 ms - 901[0m
2023-05-07 00:32:15 info: [0mGET /categories/post [32m200[0m 19.033 ms - 127[0m
2023-05-07 00:32:15 info: [0mGET /posts/getPageAll [32m200[0m 126.093 ms - -[0m
2023-05-07 00:32:18 info: [0mGET /posts/findByIdClient/1 [32m200[0m 62.398 ms - 774[0m
2023-05-07 00:32:24 info: [0mGET /services/nav [36m304[0m 58.749 ms - -[0m
2023-05-07 00:32:24 info: [0mGET /posts/findByIdClient/1 [36m304[0m 39.243 ms - -[0m
2023-05-07 00:32:26 info: [0mGET /categories/post [36m304[0m 37.906 ms - -[0m
2023-05-07 00:32:26 info: [0mGET /posts/getPageAll [36m304[0m 103.599 ms - -[0m
2023-05-07 00:32:28 info: [0mGET /services/nav [36m304[0m 135.264 ms - -[0m
2023-05-07 00:32:28 info: [0mGET /categories/post [36m304[0m 127.906 ms - -[0m
2023-05-07 00:32:28 info: [0mGET /posts/getPageAll [36m304[0m 159.785 ms - -[0m
2023-05-07 00:32:32 info: [0mGET /categories/post [36m304[0m 75.966 ms - -[0m
2023-05-07 00:32:33 info: [0mGET /services/nav [36m304[0m 163.759 ms - -[0m
2023-05-07 00:32:33 info: [0mGET /posts/getPageAll [36m304[0m 209.328 ms - -[0m
2023-05-07 00:32:35 info: [0mGET /categories/post [36m304[0m 21.418 ms - -[0m
2023-05-07 00:32:35 info: [0mGET /services/nav [36m304[0m 87.326 ms - -[0m
2023-05-07 00:32:36 info: [0mGET /posts/getPageAll [36m304[0m 225.710 ms - -[0m
2023-05-07 00:32:40 info: [0mGET /categories/post [32m200[0m 44.087 ms - 111[0m
2023-05-07 00:32:40 info: [0mGET /services/nav [32m200[0m 124.756 ms - 762[0m
2023-05-07 00:32:40 info: [0mGET /posts/getPageAll [32m200[0m 209.088 ms - -[0m
2023-05-07 00:32:47 info: [0mGET /categories/post [32m200[0m 32.055 ms - 127[0m
2023-05-07 00:32:47 info: [0mGET /services/nav [32m200[0m 96.530 ms - 901[0m
2023-05-07 00:32:47 info: [0mGET /posts/getPageAll [32m200[0m 154.222 ms - -[0m
2023-05-07 00:32:53 info: [0mGET /services/nav [32m200[0m 42.808 ms - 762[0m
2023-05-07 00:32:53 info: [0mGET /categories/post [32m200[0m 25.486 ms - 111[0m
2023-05-07 00:32:54 info: [0mGET /posts/getPageAll [32m200[0m 108.019 ms - -[0m
2023-05-07 00:32:56 info: [0mGET /services/nav [32m200[0m 16.207 ms - 901[0m
2023-05-07 00:32:56 info: [0mGET /categories/post [32m200[0m 10.884 ms - 127[0m
2023-05-07 00:32:56 info: [0mGET /posts/getPageAll [32m200[0m 159.881 ms - -[0m
2023-05-07 00:33:02 info: [0mOPTIONS /admins/profile [32m204[0m 0.269 ms - 0[0m
2023-05-07 00:33:02 info: [0mGET /posts/show/1 [36m304[0m 178.253 ms - -[0m
2023-05-07 00:33:02 info: [0mGET /posts? [32m200[0m 190.793 ms - 688[0m
2023-05-07 00:33:02 info: [0mGET /posts?page=1&page_size=10 [32m200[0m 96.064 ms - 688[0m
2023-05-07 00:33:02 info: [0mGET /admins/profile [36m304[0m 198.421 ms - -[0m
2023-05-07 00:33:07 info: [0mGET /admins/profile [36m304[0m 87.997 ms - -[0m
2023-05-07 00:33:07 info: [0mGET /posts?page=1&page_size=10 [36m304[0m 81.925 ms - -[0m
2023-05-07 00:33:07 info: [0mGET /posts?page=1&page_size=10 [36m304[0m 13.024 ms - -[0m
2023-05-07 00:33:09 info: [0mOPTIONS /admins/profile [32m204[0m 0.938 ms - 0[0m
2023-05-07 00:33:09 info: [0mGET /admins/profile [36m304[0m 105.768 ms - -[0m
2023-05-07 00:33:10 info: [0mGET /posts?page=1&page_size=10 [36m304[0m 29.782 ms - -[0m
2023-05-07 00:33:10 info: [0mGET /posts?page=1&page_size=10 [36m304[0m 33.710 ms - -[0m
2023-05-07 00:33:14 info: [0mGET /posts/findByIdClient/1 [36m304[0m 122.828 ms - -[0m
2023-05-07 00:33:21 info: [0mOPTIONS /admins/profile [32m204[0m 0.951 ms - 0[0m
2023-05-07 00:33:21 info: [0mGET /posts/show/1 [36m304[0m 59.101 ms - -[0m
2023-05-07 00:33:21 info: [0mGET /admins/profile [36m304[0m 113.690 ms - -[0m
2023-05-07 00:33:22 info: [0mGET /categories?[object%20Object] [36m304[0m 172.267 ms - -[0m
2023-05-07 00:33:22 info: [0mGET /ceos?[object%20Object] [36m304[0m 509.152 ms - -[0m
2023-05-07 00:33:22 info: [0mGET /posts?[object%20Object] [36m304[0m 514.917 ms - -[0m
2023-05-07 00:33:37 info: [0mOPTIONS /posts/update/1 [32m204[0m 0.486 ms - 0[0m
2023-05-07 00:33:38 info: [0mPUT /posts/update/1 [32m200[0m 71.660 ms - 16[0m
2023-05-07 00:33:38 info: [0mGET /posts/show/1 [32m200[0m 15.202 ms - 559[0m
2023-05-07 00:33:38 info: [0mGET /categories?[object%20Object] [36m304[0m 48.311 ms - -[0m
2023-05-07 00:33:38 info: [0mGET /ceos?[object%20Object] [36m304[0m 30.698 ms - -[0m
2023-05-07 00:33:38 info: [0mGET /posts?[object%20Object] [36m304[0m 28.582 ms - -[0m
2023-05-07 00:34:03 info: [0mOPTIONS /posts/update/1 [32m204[0m 0.704 ms - 0[0m
2023-05-07 00:34:03 info: [0mPUT /posts/update/1 [32m200[0m 168.621 ms - 16[0m
2023-05-07 00:34:03 info: [0mGET /posts/show/1 [32m200[0m 51.335 ms - -[0m
2023-05-07 00:34:04 info: [0mGET /categories?[object%20Object] [36m304[0m 30.843 ms - -[0m
2023-05-07 00:34:04 info: [0mGET /ceos?[object%20Object] [36m304[0m 86.048 ms - -[0m
2023-05-07 00:34:04 info: [0mGET /posts?[object%20Object] [32m200[0m 89.324 ms - -[0m
2023-05-07 00:34:52 info: [0mGET /services/nav [36m304[0m 250.066 ms - -[0m
2023-05-07 00:34:52 info: [0mGET /posts/findByIdClient/1 [32m200[0m 88.704 ms - -[0m
2023-05-07 00:35:00 info: [0mOPTIONS /admins/profile [32m204[0m 0.802 ms - 0[0m
2023-05-07 00:35:00 info: [0mGET /admins/profile [36m304[0m 167.103 ms - -[0m
2023-05-07 00:35:00 info: [0mGET /services?[object%20Object] [36m304[0m 128.525 ms - -[0m
2023-05-07 00:35:00 info: [0mGET /branchs?[object%20Object] [36m304[0m 149.104 ms - -[0m
2023-05-07 00:35:00 info: [0mGET /projects?[object%20Object] [36m304[0m 155.276 ms - -[0m
2023-05-07 00:35:01 info: [0mGET /projects/show/1 [36m304[0m 155.338 ms - -[0m
2023-05-07 00:35:02 info: [0mGET /projects?[object%20Object] [36m304[0m 48.530 ms - -[0m
2023-05-07 00:35:02 info: [0mGET /branchs?[object%20Object] [36m304[0m 72.337 ms - -[0m
2023-05-07 00:35:02 info: [0mGET /services?[object%20Object] [36m304[0m 101.452 ms - -[0m
2023-05-07 00:36:08 info: [0mOPTIONS /posts/update/1 [32m204[0m 0.696 ms - 0[0m
2023-05-07 00:36:08 info: [0mPUT /posts/update/1 [32m200[0m 81.839 ms - 16[0m
2023-05-07 00:36:08 info: [0mGET /posts/show/1 [32m200[0m 31.138 ms - -[0m
2023-05-07 00:36:09 info: [0mGET /categories?[object%20Object] [36m304[0m 32.355 ms - -[0m
2023-05-07 00:36:09 info: [0mGET /ceos?[object%20Object] [36m304[0m 137.177 ms - -[0m
2023-05-07 00:36:09 info: [0mGET /posts?[object%20Object] [32m200[0m 143.012 ms - -[0m
2023-05-07 00:36:33 info: [0mGET /services/nav [36m304[0m 128.355 ms - -[0m
2023-05-07 00:36:33 info: [0mGET /posts/findByIdClient/1 [32m200[0m 42.832 ms - -[0m
2023-05-07 00:38:24 info: [0mGET /services/nav [36m304[0m 379.524 ms - -[0m
2023-05-07 00:38:24 info: [0mGET /posts/findByIdClient/1 [36m304[0m 180.081 ms - -[0m
2023-05-07 00:40:03 info: [0mGET /posts/findByIdClient/1 [36m304[0m 125.942 ms - -[0m
2023-05-07 00:40:08 info: [0mGET /posts/findByIdClient/1 [36m304[0m 253.371 ms - -[0m
2023-05-07 00:40:10 info: [0mGET /posts/findByIdClient/1 [36m304[0m 217.263 ms - -[0m
2023-05-07 00:40:17 info: [0mGET /services/nav [36m304[0m 116.052 ms - -[0m
2023-05-07 00:40:18 info: [0mGET /posts/findByIdClient/1 [36m304[0m 34.601 ms - -[0m
2023-05-07 00:40:32 info: [0mGET /posts/findByIdClient/1 [36m304[0m 256.622 ms - -[0m
2023-05-07 00:40:38 info: [0mGET /posts/findByIdClient/1 [36m304[0m 86.764 ms - -[0m
2023-05-07 00:41:03 info: [0mOPTIONS /admins/profile [32m204[0m 0.860 ms - 0[0m
2023-05-07 00:41:04 info: [0mGET /categories?[object%20Object] [32m200[0m 402.516 ms - 356[0m
2023-05-07 00:41:04 info: [0mGET /ceos?[object%20Object] [36m304[0m 417.866 ms - -[0m
2023-05-07 00:41:04 info: [0mGET /posts?[object%20Object] [36m304[0m 423.410 ms - -[0m
2023-05-07 00:41:04 info: [0mGET /admins/profile [36m304[0m 474.404 ms - -[0m
2023-05-07 00:41:04 info: [0mGET /posts/show/1 [36m304[0m 88.986 ms - -[0m
2023-05-07 00:41:06 info: [0mGET /categories?[object%20Object] [32m200[0m 6.828 ms - 372[0m
2023-05-07 00:41:06 info: [0mGET /ceos?[object%20Object] [36m304[0m 22.135 ms - -[0m
2023-05-07 00:41:06 info: [0mGET /posts?[object%20Object] [36m304[0m 26.580 ms - -[0m
2023-05-07 00:41:43 info: [0mGET /posts/findByIdClient/1 [36m304[0m 291.997 ms - -[0m
2023-05-07 00:41:51 info: [0mGET /services/nav [36m304[0m 187.800 ms - -[0m
2023-05-07 00:41:52 info: [0mGET /posts/findByIdClient/1 [36m304[0m 71.880 ms - -[0m
2023-05-07 00:45:15 info: [0mGET /services/nav [36m304[0m 498.144 ms - -[0m
2023-05-07 00:45:15 info: [0mGET /posts/findByIdClient/1 [36m304[0m 76.473 ms - -[0m
2023-05-07 00:45:23 info: [0mGET /services/nav [36m304[0m 68.217 ms - -[0m
2023-05-07 00:45:24 info: [0mGET /posts/findByIdClient/1 [36m304[0m 20.674 ms - -[0m
2023-05-07 00:46:27 info: [0mGET /services/nav [36m304[0m 80.479 ms - -[0m
2023-05-07 00:46:27 info: [0mGET /posts/findByIdClient/1 [36m304[0m 128.060 ms - -[0m
2023-05-07 00:47:12 info: [0mOPTIONS /admins/profile [32m204[0m 1.357 ms - 0[0m
2023-05-07 00:47:12 info: [0mGET /services?[object%20Object] [36m304[0m 359.936 ms - -[0m
2023-05-07 00:47:12 info: [0mGET /branchs?[object%20Object] [36m304[0m 385.702 ms - -[0m
2023-05-07 00:47:12 info: [0mGET /projects?[object%20Object] [36m304[0m 420.481 ms - -[0m
2023-05-07 00:47:12 info: [0mGET /admins/profile [36m304[0m 475.033 ms - -[0m
2023-05-07 00:47:12 info: [0mGET /projects/show/1 [36m304[0m 60.039 ms - -[0m
2023-05-07 00:47:13 info: [0mGET /branchs?[object%20Object] [36m304[0m 50.969 ms - -[0m
2023-05-07 00:47:13 info: [0mGET /services?[object%20Object] [36m304[0m 65.883 ms - -[0m
2023-05-07 00:47:13 info: [0mGET /projects?[object%20Object] [36m304[0m 136.414 ms - -[0m
2023-05-07 00:47:31 info: [0mGET /banners/getListBanner [32m200[0m 490.710 ms - -[0m
2023-05-07 00:47:31 info: [0mGET /services/nav [36m304[0m 314.288 ms - -[0m
2023-05-07 00:47:31 info: [0mGET /posts/getListFeatured [32m200[0m 465.837 ms - -[0m
2023-05-07 00:47:39 info: [0mGET /posts/findByIdClient/1 [36m304[0m 176.706 ms - -[0m
2023-05-07 00:50:41 info: [0mOPTIONS /admins/profile [32m204[0m 3.527 ms - 0[0m
2023-05-07 00:50:42 info: [0mGET /posts?[object%20Object] [36m304[0m 355.031 ms - -[0m
2023-05-07 00:50:42 info: [0mGET /categories?[object%20Object] [36m304[0m 391.179 ms - -[0m
2023-05-07 00:50:42 info: [0mGET /ceos?[object%20Object] [36m304[0m 393.010 ms - -[0m
2023-05-07 00:50:42 info: [0mGET /admins/profile [36m304[0m 526.927 ms - -[0m
2023-05-07 00:52:39 info: [0mGET /services/nav [36m304[0m 270.175 ms - -[0m
2023-05-07 00:52:39 info: [0mGET /posts/findByIdClient/1 [36m304[0m 24.287 ms - -[0m
2023-05-07 00:54:29 info: [0mGET /posts/findByIdClient/1 [36m304[0m 320.719 ms - -[0m
2023-05-07 00:54:49 info: [0mGET /posts/findByIdClient/1 [36m304[0m 490.149 ms - -[0m
2023-05-07 00:54:57 info: [0mGET /posts/findByIdClient/1 [36m304[0m 45.633 ms - -[0m
2023-05-07 00:55:17 info: [0mGET /services/nav [36m304[0m 196.024 ms - -[0m
2023-05-07 00:55:17 info: [0mGET /posts/findByIdClient/1 [36m304[0m 22.123 ms - -[0m
2023-05-07 00:56:23 info: [0mGET /posts/findByIdClient/1 [36m304[0m 242.986 ms - -[0m
2023-05-07 01:05:50 info: [0mOPTIONS /admins/profile [32m204[0m 1.099 ms - 0[0m
2023-05-07 01:05:50 info: [0mGET /categories?[object%20Object] [36m304[0m 419.139 ms - -[0m
2023-05-07 01:05:50 info: [0mGET /posts?[object%20Object] [36m304[0m 420.064 ms - -[0m
2023-05-07 01:05:50 info: [0mGET /ceos?[object%20Object] [36m304[0m 458.648 ms - -[0m
2023-05-07 01:05:50 info: [0mGET /admins/profile [36m304[0m 574.153 ms - -[0m
2023-05-07 01:05:53 info: [0mGET /posts/findByIdClient/1 [36m304[0m 171.994 ms - -[0m
2023-05-07 01:05:55 info: [0mGET /posts/show/1 [36m304[0m 142.932 ms - -[0m
2023-05-07 01:05:56 info: [0mGET /categories?[object%20Object] [36m304[0m 119.212 ms - -[0m
2023-05-07 01:05:56 info: [0mGET /ceos?[object%20Object] [36m304[0m 318.621 ms - -[0m
2023-05-07 01:05:56 info: [0mGET /posts?[object%20Object] [36m304[0m 305.906 ms - -[0m
2023-05-07 01:06:01 info: [0mGET /services/nav [36m304[0m 145.902 ms - -[0m
2023-05-07 01:06:01 info: [0mGET /posts/findByIdClient/1 [36m304[0m 43.433 ms - -[0m
2023-05-07 01:06:57 info: [0mGET /services/nav [36m304[0m 236.314 ms - -[0m
2023-05-07 01:06:58 info: [0mGET /posts/findByIdClient/1 [36m304[0m 111.746 ms - -[0m
2023-05-07 01:07:14 info: [0mGET /services/nav [36m304[0m 541.398 ms - -[0m
2023-05-07 01:07:14 info: [0mGET /posts/findByIdClient/1 [36m304[0m 70.957 ms - -[0m
2023-05-07 01:08:23 info: [0mGET /services/nav [36m304[0m 101.287 ms - -[0m
2023-05-07 01:08:23 info: [0mGET /posts/findByIdClient/1 [36m304[0m 59.081 ms - -[0m
2023-05-07 01:09:24 info: [0mGET /services/nav [36m304[0m 215.645 ms - -[0m
2023-05-07 01:09:25 info: [0mGET /posts/findByIdClient/1 [36m304[0m 74.004 ms - -[0m
2023-05-07 01:09:46 info: [0mGET /banners/getListBanner [36m304[0m 185.510 ms - -[0m
2023-05-07 01:09:46 info: [0mGET /services/nav [36m304[0m 173.882 ms - -[0m
2023-05-07 01:09:46 info: [0mGET /posts/getListFeatured [36m304[0m 208.346 ms - -[0m
2023-05-07 01:10:01 info: [0mGET /posts/findByIdClient/1 [36m304[0m 367.016 ms - -[0m
2023-05-07 01:10:18 info: [0mOPTIONS /admins/profile [32m204[0m 1.244 ms - 0[0m
2023-05-07 01:10:18 info: [0mGET /branchs?[object%20Object] [36m304[0m 230.924 ms - -[0m
2023-05-07 01:10:18 info: [0mGET /services?[object%20Object] [36m304[0m 262.077 ms - -[0m
2023-05-07 01:10:18 info: [0mGET /projects?[object%20Object] [36m304[0m 291.330 ms - -[0m
2023-05-07 01:10:18 info: [0mGET /admins/profile [36m304[0m 346.529 ms - -[0m
2023-05-07 01:10:20 info: [0mGET /projects/show/1 [36m304[0m 58.369 ms - -[0m
2023-05-07 01:10:22 info: [0mGET /branchs?[object%20Object] [36m304[0m 28.252 ms - -[0m
2023-05-07 01:10:22 info: [0mGET /projects?[object%20Object] [36m304[0m 42.736 ms - -[0m
2023-05-07 01:10:22 info: [0mGET /services?[object%20Object] [36m304[0m 49.808 ms - -[0m
2023-05-07 01:11:43 info: [0mGET /services/nav [36m304[0m 263.847 ms - -[0m
2023-05-07 01:11:43 info: [0mGET /posts/findByIdClient/1 [36m304[0m 17.791 ms - -[0m
2023-05-07 01:19:28 info: [0mGET /services/nav [36m304[0m 357.002 ms - -[0m
2023-05-07 01:19:28 info: [0mGET /posts/findByIdClient/1 [36m304[0m 77.705 ms - -[0m
2023-05-07 01:19:57 info: [0mGET /services/nav [36m304[0m 411.145 ms - -[0m
2023-05-07 01:19:57 info: [0mGET /posts/findByIdClient/1 [36m304[0m 203.355 ms - -[0m
2023-05-07 01:20:08 info: [0mGET /ceos/getlistCeo [32m200[0m 301.423 ms - 329[0m
2023-05-07 01:20:15 info: [0mGET /posts/findByIdClient/1 [36m304[0m 71.484 ms - -[0m
2023-05-07 01:23:42 info: [0mGET /services/nav [36m304[0m 76.403 ms - -[0m
2023-05-07 01:23:48 info: [0mGET /services/nav [36m304[0m 20.235 ms - -[0m
2023-05-07 01:23:53 info: [0mGET /banners/getListBanner [36m304[0m 92.259 ms - -[0m
2023-05-07 01:23:53 info: [0mGET /posts/getListFeatured [36m304[0m 91.463 ms - -[0m
2023-05-07 01:23:53 info: [0mGET /services/nav [36m304[0m 59.006 ms - -[0m
2023-05-07 01:23:57 info: [0mGET /categories/post [36m304[0m 5.692 ms - -[0m
2023-05-07 01:23:57 info: [0mGET /posts/category/2 [32m200[0m 103.323 ms - 59[0m
2023-05-07 01:23:59 info: [0mGET /posts/getListFeatured [36m304[0m 28.447 ms - -[0m
2023-05-07 01:23:59 info: [0mGET /banners/getListBanner [36m304[0m 35.567 ms - -[0m
2023-05-07 01:23:59 info: [0mGET /services/nav [36m304[0m 50.775 ms - -[0m
2023-05-07 01:24:03 info: [0mGET /posts/findByIdClient/1 [36m304[0m 54.997 ms - -[0m
2023-05-07 01:24:47 info: [0mOPTIONS /admins/profile [32m204[0m 0.254 ms - 0[0m
2023-05-07 01:24:47 info: [0mGET /admins/profile [36m304[0m 83.029 ms - -[0m
2023-05-07 01:24:47 info: [0mGET /posts/show/1 [36m304[0m 136.145 ms - -[0m
2023-05-07 01:24:47 info: [0mGET /categories? [36m304[0m 154.944 ms - -[0m
2023-05-07 01:24:47 info: [0mGET /categories?page=1&page_size=10 [36m304[0m 93.867 ms - -[0m
2023-05-07 01:24:50 info: [0mGET /categories/show/1 [32m200[0m 53.730 ms - 158[0m
2023-05-07 01:24:50 info: [0mGET /admins/profile [36m304[0m 123.262 ms - -[0m
2023-05-07 01:24:57 info: [0mOPTIONS /categories/update/1 [32m204[0m 0.484 ms - 0[0m
2023-05-07 01:24:58 info: [0mPUT /categories/update/1 [32m200[0m 76.648 ms - 27[0m
2023-05-07 01:24:58 info: [0mGET /categories/show/1 [32m200[0m 2.910 ms - 158[0m
2023-05-07 01:24:58 info: [0mGET /posts/show/1 [32m200[0m 13.511 ms - -[0m
2023-05-07 01:25:02 info: [0mGET /services/nav [36m304[0m 112.998 ms - -[0m
2023-05-07 01:25:02 info: [0mGET /posts/findByIdClient/1 [36m304[0m 24.845 ms - -[0m
2023-05-07 01:26:55 info: =================================
2023-05-07 01:26:55 info: ======= ENV: development =======
2023-05-07 01:26:55 info: 🚀 App listening on the port 8000
2023-05-07 01:26:55 info: =================================
2023-05-07 01:26:58 info: [0mGET /services/nav [36m304[0m 257.966 ms - -[0m
2023-05-07 01:26:58 error: {}
2023-05-07 01:26:58 info: [0mGET /posts/findByIdClient/1 [32m200[0m 133.487 ms - 16[0m
2023-05-07 01:27:02 info: [0mGET /services/nav [36m304[0m 138.451 ms - -[0m
2023-05-07 01:27:02 error: {}
2023-05-07 01:27:02 info: [0mGET /posts/findByIdClient/1 [36m304[0m 54.971 ms - -[0m
2023-05-07 01:27:53 info: [0mGET /services/nav [36m304[0m 105.030 ms - -[0m
2023-05-07 01:27:53 error: {}
2023-05-07 01:27:53 info: [0mGET /posts/findByIdClient/1 [36m304[0m 39.539 ms - -[0m
2023-05-07 01:28:40 info: =================================
2023-05-07 01:28:40 info: ======= ENV: development =======
2023-05-07 01:28:40 info: 🚀 App listening on the port 8000
2023-05-07 01:28:40 info: =================================
2023-05-07 01:28:52 info: =================================
2023-05-07 01:28:52 info: ======= ENV: development =======
2023-05-07 01:28:52 info: 🚀 App listening on the port 8000
2023-05-07 01:28:52 info: =================================
2023-05-07 01:28:57 info: [0mGET /services/nav [36m304[0m 218.319 ms - -[0m
2023-05-07 01:28:57 info: [0mGET /posts/findByIdClient/1 [32m200[0m 225.103 ms - -[0m
2023-05-07 01:29:10 info: [0mGET /services/nav [36m304[0m 413.483 ms - -[0m
2023-05-07 01:29:10 info: [0mGET /posts/findByIdClient/1 [36m304[0m 93.057 ms - -[0m
2023-05-07 01:29:32 info: =================================
2023-05-07 01:29:32 info: ======= ENV: development =======
2023-05-07 01:29:32 info: 🚀 App listening on the port 8000
2023-05-07 01:29:32 info: =================================
2023-05-07 01:29:35 info: [0mGET /services/nav [36m304[0m 216.840 ms - -[0m
2023-05-07 01:29:35 info: [0mGET /posts/findByIdClient/1 [36m304[0m 88.328 ms - -[0m
2023-05-07 01:30:24 info: [0mGET /categories/post [32m200[0m 93.236 ms - 120[0m
2023-05-07 01:30:24 info: [0mGET /posts/category/2 [36m304[0m 161.412 ms - -[0m
2023-05-07 01:30:25 info: [0mGET /posts/findByIdClient/1 [36m304[0m 76.499 ms - -[0m
2023-05-07 01:30:58 info: =================================
2023-05-07 01:30:58 info: ======= ENV: development =======
2023-05-07 01:30:58 info: 🚀 App listening on the port 8000
2023-05-07 01:30:58 info: =================================
2023-05-07 01:31:05 info: [0mGET /services/nav [36m304[0m 278.664 ms - -[0m
2023-05-07 01:31:05 info: [0mGET /posts/findByIdClient/1 [36m304[0m 124.690 ms - -[0m
2023-05-07 01:31:59 info: [0mGET /posts/findByIdClient/1 [32m200[0m 422.462 ms - 560[0m
2023-05-07 01:33:50 info: =================================
2023-05-07 01:33:50 info: ======= ENV: development =======
2023-05-07 01:33:50 info: 🚀 App listening on the port 8000
2023-05-07 01:33:50 info: =================================
2023-05-07 01:34:05 info: [0mGET /posts/findByIdClient/1 [32m200[0m 500.415 ms - 577[0m
2023-05-07 01:34:44 info: [0mOPTIONS /admins/profile [32m204[0m 2.174 ms - 0[0m
2023-05-07 01:34:44 info: [0mGET /categories/show/1 [36m304[0m 159.768 ms - -[0m
2023-05-07 01:34:44 info: [0mGET /admins/profile [36m304[0m 310.166 ms - -[0m
2023-05-07 01:34:44 info: [0mGET /posts? [32m200[0m 221.665 ms - -[0m
2023-05-07 01:34:44 info: [0mGET /posts?page=1&page_size=10 [32m200[0m 143.778 ms - -[0m
2023-05-07 01:34:46 info: [0mGET /posts/show/1 [36m304[0m 43.941 ms - -[0m
2023-05-07 01:34:46 info: [0mGET /admins/profile [36m304[0m 64.035 ms - -[0m
2023-05-07 01:34:47 info: [0mGET /categories?[object%20Object] [32m200[0m 76.551 ms - 372[0m
2023-05-07 01:34:47 info: [0mGET /ceos?[object%20Object] [36m304[0m 88.716 ms - -[0m
2023-05-07 01:34:47 info: [0mGET /posts?[object%20Object] [32m200[0m 118.461 ms - -[0m
2023-05-07 01:34:48 info: [0mOPTIONS /posts/update/1 [32m204[0m 0.261 ms - 0[0m
2023-05-07 01:34:48 info: [0mPUT /posts/update/1 [32m200[0m 86.337 ms - 16[0m
2023-05-07 01:34:48 info: [0mGET /categories/show/1 [36m304[0m 6.303 ms - -[0m
2023-05-07 01:34:48 info: [0mGET /posts/show/1 [36m304[0m 23.389 ms - -[0m
2023-05-07 01:34:48 info: [0mGET /posts/show/1 [36m304[0m 12.835 ms - -[0m
2023-05-07 01:34:49 info: [0mGET /categories?[object%20Object] [36m304[0m 22.327 ms - -[0m
2023-05-07 01:34:49 info: [0mGET /posts?[object%20Object] [36m304[0m 20.030 ms - -[0m
2023-05-07 01:34:49 info: [0mGET /ceos?[object%20Object] [36m304[0m 30.843 ms - -[0m
2023-05-07 01:34:57 info: [0mOPTIONS /admins/profile [32m204[0m 0.250 ms - 0[0m
2023-05-07 01:34:57 info: [0mGET /posts/show/1 [36m304[0m 116.031 ms - -[0m
2023-05-07 01:34:57 info: [0mGET /admins/profile [36m304[0m 112.292 ms - -[0m
2023-05-07 01:34:57 info: [0mGET /posts?page=1&page_size=10 [32m200[0m 128.645 ms - 681[0m
2023-05-07 01:34:57 info: [0mGET /posts?page=1&page_size=10 [32m200[0m 17.078 ms - -[0m
2023-05-07 01:34:58 info: [0mGET /posts? [36m304[0m 11.780 ms - -[0m
2023-05-07 01:35:00 info: [0mGET /posts/findByIdClient/1 [36m304[0m 40.392 ms - -[0m
2023-05-07 01:35:38 info: =================================
2023-05-07 01:35:38 info: ======= ENV: development =======
2023-05-07 01:35:38 info: 🚀 App listening on the port 8000
2023-05-07 01:35:38 info: =================================
2023-05-07 01:36:08 info: =================================
2023-05-07 01:36:08 info: ======= ENV: development =======
2023-05-07 01:36:08 info: 🚀 App listening on the port 8000
2023-05-07 01:36:08 info: =================================
2023-05-07 01:36:33 info: =================================
2023-05-07 01:36:33 info: ======= ENV: development =======
2023-05-07 01:36:33 info: 🚀 App listening on the port 8000
2023-05-07 01:36:33 info: =================================
2023-05-07 01:36:52 info: =================================
2023-05-07 01:36:52 info: ======= ENV: development =======
2023-05-07 01:36:52 info: 🚀 App listening on the port 8000
2023-05-07 01:36:52 info: =================================
2023-05-07 01:37:03 error: {}
2023-05-07 01:37:03 info: [0mGET /posts/findByIdClient/1 [32m200[0m 255.632 ms - 16[0m
2023-05-07 01:38:21 info: =================================
2023-05-07 01:38:21 info: ======= ENV: development =======
2023-05-07 01:38:21 info: 🚀 App listening on the port 8000
2023-05-07 01:38:21 info: =================================
2023-05-07 01:38:22 info: [0mGET /posts/findByIdClient/1 [32m200[0m 108.580 ms - 387[0m
2023-05-07 01:38:40 info: [0mGET /services/nav [36m304[0m 130.547 ms - -[0m
2023-05-07 01:38:40 info: [0mGET /posts/findByIdClient/1 [32m200[0m 41.811 ms - -[0m
2023-05-07 01:39:22 info: =================================
2023-05-07 01:39:22 info: ======= ENV: development =======
2023-05-07 01:39:22 info: 🚀 App listening on the port 8000
2023-05-07 01:39:22 info: =================================
2023-05-07 01:39:23 info: [0mGET /posts/findByIdClient/1 [32m200[0m 112.224 ms - 421[0m
2023-05-07 01:39:32 info: [0mGET /services/nav [36m304[0m 38.507 ms - -[0m
2023-05-07 01:39:32 info: [0mGET /posts/findByIdClient/1 [32m200[0m 34.823 ms - -[0m
2023-05-07 01:39:38 info: [0mGET /categories/post [36m304[0m 90.066 ms - -[0m
2023-05-07 01:39:38 info: [0mGET /posts/category/2 [36m304[0m 97.606 ms - -[0m
2023-05-07 01:39:39 info: [0mGET /posts/findByIdClient/1 [36m304[0m 29.273 ms - -[0m
2023-05-07 01:40:56 info: [0mGET /posts/findByIdClient/2 [32m200[0m 75.306 ms - 341[0m
2023-05-07 01:40:58 info: [0mGET /posts/findByIdClient/1 [32m200[0m 23.625 ms - 421[0m
2023-05-07 01:41:05 info: [0mGET /services/nav [36m304[0m 133.217 ms - -[0m
2023-05-07 01:41:05 info: [0mGET /posts/findByIdClient/2 [32m200[0m 49.918 ms - 341[0m
2023-05-07 01:41:12 info: [0mGET /services/nav [36m304[0m 128.269 ms - -[0m
2023-05-07 01:41:12 info: [0mGET /posts/findByIdClient/1 [32m200[0m 36.300 ms - -[0m
2023-05-07 01:41:25 info: [0mOPTIONS /admins/profile [32m204[0m 5.278 ms - 0[0m
2023-05-07 01:41:25 info: [0mGET /posts/show/1 [36m304[0m 69.427 ms - -[0m
2023-05-07 01:41:25 info: [0mGET /admins/profile [36m304[0m 107.442 ms - -[0m
2023-05-07 01:41:25 info: [0mGET /categories?[object%20Object] [36m304[0m 92.715 ms - -[0m
2023-05-07 01:41:26 info: [0mGET /ceos?[object%20Object] [36m304[0m 113.983 ms - -[0m
2023-05-07 01:41:26 info: [0mGET /posts?[object%20Object] [36m304[0m 108.161 ms - -[0m
2023-05-07 01:41:36 info: [0mOPTIONS /posts/update/1 [32m204[0m 0.376 ms - 0[0m
2023-05-07 01:41:37 info: [0mPUT /posts/update/1 [32m200[0m 91.315 ms - 16[0m
2023-05-07 01:41:37 info: [0mGET /categories/show/1 [36m304[0m 49.395 ms - -[0m
2023-05-07 01:41:37 info: [0mGET /posts/show/1 [32m200[0m 67.925 ms - -[0m
2023-05-07 01:41:37 info: [0mGET /posts/show/1 [36m304[0m 8.161 ms - -[0m
2023-05-07 01:41:37 info: [0mGET /posts/show/1 [36m304[0m 13.728 ms - -[0m
2023-05-07 01:41:37 info: [0mGET /categories?[object%20Object] [36m304[0m 14.800 ms - -[0m
2023-05-07 01:41:37 info: [0mGET /ceos?[object%20Object] [36m304[0m 104.219 ms - -[0m
2023-05-07 01:41:37 info: [0mGET /posts?[object%20Object] [32m200[0m 93.919 ms - -[0m
2023-05-07 01:41:42 info: [0mGET /services/nav [36m304[0m 54.574 ms - -[0m
2023-05-07 01:41:43 info: [0mGET /posts/findByIdClient/1 [32m200[0m 38.091 ms - -[0m
2023-05-07 01:41:49 info: [0mGET /posts/findByIdClient/1 [32m200[0m 45.718 ms - 421[0m
2023-05-07 01:41:50 info: [0mGET /posts/findByIdClient/1 [36m304[0m 30.859 ms - -[0m
2023-05-07 01:41:50 info: [0mGET /posts/findByIdClient/1 [36m304[0m 36.437 ms - -[0m
2023-05-07 01:41:50 info: [0mGET /posts/findByIdClient/1 [36m304[0m 33.298 ms - -[0m
2023-05-07 01:41:50 info: [0mGET /posts/findByIdClient/1 [36m304[0m 56.089 ms - -[0m
2023-05-07 01:41:50 info: [0mGET /posts/findByIdClient/1 [36m304[0m 38.839 ms - -[0m
2023-05-07 01:41:50 info: [0mGET /posts/findByIdClient/1 [36m304[0m 39.369 ms - -[0m
2023-05-07 01:41:51 info: [0mGET /posts/findByIdClient/1 [36m304[0m 103.389 ms - -[0m
2023-05-07 01:42:38 info: [0mOPTIONS /posts/update/1 [32m204[0m 0.598 ms - 0[0m
2023-05-07 01:42:38 info: [0mPUT /posts/update/1 [32m200[0m 295.174 ms - 16[0m
2023-05-07 01:42:38 info: [0mGET /categories/show/1 [36m304[0m 30.770 ms - -[0m
2023-05-07 01:42:38 info: [0mGET /posts/show/1 [32m200[0m 48.597 ms - -[0m
2023-05-07 01:42:38 info: [0mGET /posts/show/1 [36m304[0m 15.906 ms - -[0m
2023-05-07 01:42:38 info: [0mGET /posts/show/1 [36m304[0m 12.558 ms - -[0m
2023-05-07 01:42:39 info: [0mGET /categories?[object%20Object] [36m304[0m 129.619 ms - -[0m
2023-05-07 01:42:39 info: [0mGET /ceos?[object%20Object] [36m304[0m 294.614 ms - -[0m
2023-05-07 01:42:39 info: [0mGET /posts?[object%20Object] [32m200[0m 277.735 ms - -[0m
2023-05-07 01:42:42 info: [0mGET /services/nav [36m304[0m 178.059 ms - -[0m
2023-05-07 01:42:43 info: [0mGET /posts/findByIdClient/1 [32m200[0m 22.400 ms - -[0m
2023-05-07 01:42:58 info: [0mOPTIONS /posts/update/1 [32m204[0m 0.588 ms - 0[0m
2023-05-07 01:42:58 info: [0mPUT /posts/update/1 [32m200[0m 56.437 ms - 16[0m
2023-05-07 01:42:58 info: [0mGET /categories/show/1 [36m304[0m 27.770 ms - -[0m
2023-05-07 01:42:58 info: [0mGET /posts/show/1 [32m200[0m 47.222 ms - -[0m
2023-05-07 01:42:58 info: [0mGET /posts/show/1 [36m304[0m 9.265 ms - -[0m
2023-05-07 01:42:58 info: [0mGET /posts/show/1 [36m304[0m 7.024 ms - -[0m
2023-05-07 01:42:58 info: [0mGET /categories?[object%20Object] [36m304[0m 47.656 ms - -[0m
2023-05-07 01:42:58 info: [0mGET /ceos?[object%20Object] [36m304[0m 69.841 ms - -[0m
2023-05-07 01:42:58 info: [0mGET /posts?[object%20Object] [32m200[0m 74.267 ms - -[0m
2023-05-07 01:43:02 info: [0mGET /services/nav [36m304[0m 198.136 ms - -[0m
2023-05-07 01:43:03 info: [0mGET /posts/findByIdClient/1 [32m200[0m 23.788 ms - -[0m
2023-05-07 01:44:54 info: =================================
2023-05-07 01:44:54 info: ======= ENV: development =======
2023-05-07 01:44:54 info: 🚀 App listening on the port 8000
2023-05-07 01:44:54 info: =================================
2023-05-07 01:47:32 info: [0mGET /services/nav [32m200[0m 327.374 ms - 26[0m
2023-05-07 01:47:32 error: {}
2023-05-07 01:47:32 info: [0mGET /posts/findByIdClient/1 [32m200[0m 171.201 ms - 16[0m
2023-05-07 01:47:38 info: [0mOPTIONS /admins/login [32m204[0m 0.743 ms - 0[0m
2023-05-07 01:47:39 info: [0mPOST /admins/login [32m200[0m 201.193 ms - 560[0m
2023-05-07 01:47:39 info: [0mOPTIONS /admins/profile [32m204[0m 0.279 ms - 0[0m
2023-05-07 01:47:40 info: [0mGET /admins/profile [32m200[0m 89.198 ms - 128[0m
2023-05-07 01:51:10 info: [0mOPTIONS /admins/profile [32m204[0m 0.485 ms - 0[0m
2023-05-07 01:51:10 info: [0mGET /admins/profile [33m401[0m 99.526 ms - 39[0m
2023-05-07 01:51:14 info: [0mGET /admins/profile [33m401[0m 28.695 ms - 39[0m
2023-05-07 01:51:23 info: [0mOPTIONS /admins/logout [32m204[0m 1.092 ms - 0[0m
2023-05-07 01:51:23 info: [0mPOST /admins/logout [33m401[0m 11.521 ms - 39[0m
2023-05-07 01:51:23 info: [0mPOST /admins/logout [33m401[0m 4.628 ms - 39[0m
2023-05-07 01:51:25 info: [0mOPTIONS /admins/login [32m204[0m 2.277 ms - 0[0m
2023-05-07 01:51:25 info: [0mPOST /admins/login [32m200[0m 7.842 ms - 560[0m
2023-05-07 01:51:25 info: [0mOPTIONS /admins/profile [32m204[0m 0.147 ms - 0[0m
2023-05-07 01:51:25 info: [0mGET /admins/profile [32m200[0m 89.613 ms - 268[0m
2023-05-07 01:51:29 info: [0mGET /admins/profile [36m304[0m 92.882 ms - -[0m
2023-05-07 01:51:29 info: [0mGET /banners? [32m200[0m 126.695 ms - 87[0m
2023-05-07 01:51:29 info: [0mGET /banners?page=1&page_size=10 [32m200[0m 54.119 ms - 87[0m
2023-05-07 01:51:31 info: [0mOPTIONS /admins/profile [32m204[0m 0.247 ms - 0[0m
2023-05-07 01:51:31 info: [0mGET /admins/profile [36m304[0m 73.987 ms - -[0m
2023-05-07 01:51:31 info: [0mGET /services/nav [36m304[0m 94.203 ms - -[0m
2023-05-07 01:51:34 info: [0mGET /admins/profile [36m304[0m 123.818 ms - -[0m
2023-05-07 01:51:34 info: [0mGET /branchs? [32m200[0m 125.376 ms - 87[0m
2023-05-07 01:51:34 info: [0mGET /branchs?page=1&page_size=10 [32m200[0m 37.402 ms - 87[0m
2023-05-07 01:51:36 info: [0mOPTIONS /admins/profile [32m204[0m 0.513 ms - 0[0m
2023-05-07 01:51:36 info: [0mGET /admins/profile [36m304[0m 35.052 ms - -[0m
2023-05-07 01:51:36 info: [0mGET /projects? [32m200[0m 131.119 ms - 92[0m
2023-05-07 01:51:36 info: [0mGET /projects?page=1&page_size=10 [32m200[0m 50.418 ms - 92[0m
2023-05-07 01:51:37 info: [0mGET /admins/profile [36m304[0m 72.152 ms - -[0m
2023-05-07 01:51:37 info: [0mGET /posts?page=1&page_size=10 [32m200[0m 53.306 ms - 87[0m
2023-05-07 01:51:37 info: [0mGET /posts? [32m200[0m 132.276 ms - 87[0m
2023-05-07 01:51:38 info: [0mGET /categories?[object%20Object] [32m200[0m 25.668 ms - 87[0m
2023-05-07 01:51:38 info: [0mGET /admins/profile [36m304[0m 36.696 ms - -[0m
2023-05-07 01:51:38 info: [0mGET /posts?[object%20Object] [32m200[0m 74.054 ms - 87[0m
2023-05-07 01:51:38 info: [0mGET /ceos?[object%20Object] [32m200[0m 86.491 ms - 87[0m
2023-05-07 01:51:53 info: [0mOPTIONS /admins/profile [32m204[0m 0.476 ms - 0[0m
2023-05-07 01:51:53 info: [0mGET /categories?page=1&page_size=10 [32m200[0m 67.297 ms - 87[0m
2023-05-07 01:51:53 info: [0mGET /categories? [32m200[0m 224.878 ms - 87[0m
2023-05-07 01:51:53 info: [0mGET /admins/profile [36m304[0m 285.750 ms - -[0m
2023-05-07 01:51:55 info: [0mGET /admins/profile [36m304[0m 26.363 ms - -[0m
2023-05-07 01:51:58 info: [0mOPTIONS /categories/create [32m204[0m 0.185 ms - 0[0m
2023-05-07 01:51:58 info: [0mPOST /categories/create [32m200[0m 48.461 ms - 16[0m
2023-05-07 01:51:58 info: [0mGET /categories?page=1&page_size=10 [32m200[0m 15.978 ms - 217[0m
2023-05-07 01:51:58 info: [0mGET /admins/profile [36m304[0m 31.768 ms - -[0m
2023-05-07 01:51:58 info: [0mGET /categories?page=1&page_size=10 [36m304[0m 9.755 ms - -[0m
2023-05-07 01:52:02 info: [0mOPTIONS /admins/profile [32m204[0m 0.566 ms - 0[0m
2023-05-07 01:52:02 info: [0mGET /admins/profile [36m304[0m 89.800 ms - -[0m
2023-05-07 01:52:06 info: [0mOPTIONS /categories/create [32m204[0m 0.204 ms - 0[0m
2023-05-07 01:52:06 info: [0mPOST /categories/create [32m200[0m 34.886 ms - 16[0m
2023-05-07 01:52:06 info: [0mGET /categories?page=1&page_size=10 [32m200[0m 19.780 ms - 344[0m
2023-05-07 01:52:06 info: [0mGET /admins/profile [36m304[0m 43.266 ms - -[0m
2023-05-07 01:52:06 info: [0mGET /categories?page=1&page_size=10 [36m304[0m 9.034 ms - -[0m
2023-05-07 01:52:07 info: [0mGET /admins/profile [36m304[0m 15.189 ms - -[0m
2023-05-07 01:52:07 info: [0mGET /posts? [36m304[0m 71.680 ms - -[0m
2023-05-07 01:52:07 info: [0mGET /posts?page=1&page_size=10 [36m304[0m 21.320 ms - -[0m
2023-05-07 01:52:08 info: [0mOPTIONS /admins/profile [32m204[0m 0.253 ms - 0[0m
2023-05-07 01:52:08 info: [0mGET /categories?[object%20Object] [32m200[0m 81.815 ms - 344[0m
2023-05-07 01:52:08 info: [0mGET /posts?[object%20Object] [36m304[0m 111.443 ms - -[0m
2023-05-07 01:52:08 info: [0mGET /ceos?[object%20Object] [36m304[0m 137.835 ms - -[0m
2023-05-07 01:52:08 info: [0mGET /admins/profile [36m304[0m 163.851 ms - -[0m
2023-05-07 01:52:18 info: [0mOPTIONS /posts/create [32m204[0m 0.884 ms - 0[0m
2023-05-07 01:52:18 info: [0mPOST /posts/create [32m200[0m 54.040 ms - 16[0m
2023-05-07 01:52:18 info: [0mOPTIONS /admins/profile [32m204[0m 0.203 ms - 0[0m
2023-05-07 01:52:18 info: [0mGET /admins/profile [36m304[0m 67.690 ms - -[0m
2023-05-07 01:52:18 info: [0mGET /posts?page=1&page_size=10 [32m200[0m 111.915 ms - 437[0m
2023-05-07 01:52:18 info: [0mGET /posts?page=1&page_size=10 [32m200[0m 27.049 ms - 437[0m
2023-05-07 01:52:19 info: [0mGET /categories?[object%20Object] [36m304[0m 29.048 ms - -[0m
2023-05-07 01:52:19 info: [0mGET /admins/profile [36m304[0m 98.701 ms - -[0m
2023-05-07 01:52:19 info: [0mGET /ceos?[object%20Object] [36m304[0m 91.307 ms - -[0m
2023-05-07 01:52:19 info: [0mGET /posts?[object%20Object] [32m200[0m 92.511 ms - 437[0m
2023-05-07 01:52:33 info: [0mOPTIONS /posts/create [32m204[0m 0.415 ms - 0[0m
2023-05-07 01:52:33 info: [0mPOST /posts/create [32m200[0m 104.750 ms - 16[0m
2023-05-07 01:52:33 info: [0mOPTIONS /admins/profile [32m204[0m 0.140 ms - 0[0m
2023-05-07 01:52:33 info: [0mGET /posts?page=1&page_size=10 [32m200[0m 96.578 ms - 764[0m
2023-05-07 01:52:34 info: [0mGET /admins/profile [36m304[0m 112.021 ms - -[0m
2023-05-07 01:52:34 info: [0mGET /posts?page=1&page_size=10 [36m304[0m 46.350 ms - -[0m
2023-05-07 01:52:39 info: [0mGET /banners/getListBanner [32m200[0m 23.414 ms - 26[0m
2023-05-07 01:52:39 info: [0mGET /services/nav [36m304[0m 67.414 ms - -[0m
2023-05-07 01:52:39 info: [0mGET /services/nav [36m304[0m 48.792 ms - -[0m
2023-05-07 01:52:39 info: [0mGET /posts/getListFeatured [32m200[0m 120.398 ms - 26[0m
2023-05-07 01:52:39 info: [0mGET /projects/show/1 [32m200[0m 213.031 ms - 31[0m
2023-05-07 01:52:43 info: [0mGET /categories/post [32m200[0m 6.527 ms - 26[0m
2023-05-07 01:52:43 info: [0mGET /posts/getPageAll [32m200[0m 190.346 ms - -[0m
2023-05-07 01:52:52 info: [0mGET /posts/findByIdClient/1 [32m200[0m 109.655 ms - 392[0m
2023-05-07 01:52:58 info: [0mGET /categories/post [36m304[0m 37.140 ms - -[0m
2023-05-07 01:52:59 info: [0mGET /posts/getPageAll [36m304[0m 99.359 ms - -[0m
2023-05-07 01:53:02 info: [0mGET /posts/findByIdClient/1 [36m304[0m 54.170 ms - -[0m
2023-05-07 01:53:05 info: [0mGET /categories/post [36m304[0m 3.172 ms - -[0m
2023-05-07 01:53:05 info: [0mGET /posts/getPageAll [36m304[0m 45.850 ms - -[0m
2023-05-07 01:53:18 info: [0mOPTIONS /admins/profile [32m204[0m 0.552 ms - 0[0m
2023-05-07 01:53:18 info: [0mGET /categories? [32m200[0m 165.380 ms - 344[0m
2023-05-07 01:53:18 info: [0mGET /categories?page=1&page_size=10 [36m304[0m 101.878 ms - -[0m
2023-05-07 01:53:18 info: [0mGET /admins/profile [36m304[0m 181.345 ms - -[0m
2023-05-07 01:56:55 info: [0mGET /branchs/getListBranch [32m200[0m 112.451 ms - 26[0m
2023-05-07 01:56:55 info: [0mGET /services/getListService [32m200[0m 121.540 ms - 26[0m
2023-05-07 01:56:55 info: [0mGET /projects/getProjectsClient [32m200[0m 117.229 ms - 40[0m
2023-05-07 01:56:57 info: [0mGET /projects/getProjectsClient [36m304[0m 8.413 ms - -[0m
2023-05-07 01:57:05 info: [0mGET /ceos/getlistCeo [32m200[0m 54.300 ms - 26[0m
2023-05-07 01:57:13 info: [0mGET /categories/post [36m304[0m 56.837 ms - -[0m
2023-05-07 01:57:13 info: [0mGET /posts/getPageAll [36m304[0m 103.814 ms - -[0m
2023-05-07 01:57:16 info: [0mGET /jobs/getListFeatured [32m200[0m 104.785 ms - 26[0m
2023-05-07 01:57:20 info: [0mGET /posts/getListFeatured [36m304[0m 54.533 ms - -[0m
2023-05-07 01:57:20 info: [0mGET /banners/getListBanner [36m304[0m 115.282 ms - -[0m
2023-05-07 01:57:20 info: [0mGET /services/nav [36m304[0m 106.669 ms - -[0m
