2023-06-14 10:04:01 info: =================================
2023-06-14 10:04:01 info: ======= ENV: development =======
2023-06-14 10:04:01 info: 🚀 App listening on the port 8000
2023-06-14 10:04:01 info: =================================
2023-06-14 10:04:32 info: [0mGET /banners/getListBanner [36m304[0m 938.272 ms - -[0m
2023-06-14 10:04:32 info: [0mGET /services/nav [36m304[0m 873.605 ms - -[0m
2023-06-14 10:04:32 info: [0mGET /posts/getListFeatured [36m304[0m 863.596 ms - -[0m
2023-06-14 10:04:32 info: [0mGET /services/nav [36m304[0m 137.810 ms - -[0m
2023-06-14 10:06:13 info: [0mGET /services/show/15 [36m304[0m 140.866 ms - -[0m
2023-06-14 10:06:13 info: [0mGET /services/getListService [36m304[0m 159.817 ms - -[0m
2023-06-14 10:06:33 info: [0mGET /services/show/16 [32m200[0m 20.712 ms - -[0m
2023-06-14 10:07:13 info: [0mGET /banners/getListBanner [36m304[0m 51.763 ms - -[0m
2023-06-14 10:07:13 info: [0mGET /posts/getListFeatured [36m304[0m 34.657 ms - -[0m
2023-06-14 10:07:13 info: [0mGET /services/nav [36m304[0m 92.688 ms - -[0m
2023-06-14 10:10:30 info: [0mGET /posts/getListFeatured [36m304[0m 357.546 ms - -[0m
2023-06-14 10:10:30 info: [0mGET /services/nav [36m304[0m 354.419 ms - -[0m
2023-06-14 10:20:44 info: [0mGET /services/nav [36m304[0m 657.605 ms - -[0m
2023-06-14 10:22:19 info: [0mGET /services/nav [36m304[0m 800.498 ms - -[0m
2023-06-14 10:24:53 info: [0mGET /services/nav [36m304[0m 300.231 ms - -[0m
2023-06-14 10:25:49 info: [0mGET /banners/getListBanner [36m304[0m 239.277 ms - -[0m
2023-06-14 10:25:50 info: [0mGET /services/nav [36m304[0m 226.636 ms - -[0m
2023-06-14 10:25:50 info: [0mGET /posts/getListFeatured [36m304[0m 322.362 ms - -[0m
2023-06-14 10:29:46 info: [0mGET /services/show/4 [36m304[0m 425.692 ms - -[0m
2023-06-14 10:29:50 info: [0mGET /ceos/getlistCeo [36m304[0m 111.526 ms - -[0m
2023-06-14 10:29:54 info: [0mGET /ceos/show/2 [32m200[0m 57.804 ms - -[0m
2023-06-14 10:29:57 info: [0mGET /ceos/getlistCeo [36m304[0m 4.951 ms - -[0m
2023-06-14 10:30:01 info: [0mGET /services/getListService [36m304[0m 107.930 ms - -[0m
2023-06-14 10:30:01 info: [0mGET /branchs/getListBranch [36m304[0m 197.727 ms - -[0m
2023-06-14 10:30:02 info: [0mGET /projects/getProjectsClient [36m304[0m 618.795 ms - -[0m
2023-06-14 10:30:05 info: [0mGET /categories/getListCategories [36m304[0m 14.847 ms - -[0m
2023-06-14 10:30:06 info: [0mGET /posts/getPageAll [36m304[0m 252.981 ms - -[0m
2023-06-14 10:30:10 info: [0mGET /banners/getListBanner [36m304[0m 117.377 ms - -[0m
2023-06-14 10:30:10 info: [0mGET /posts/getListFeatured [36m304[0m 115.592 ms - -[0m
2023-06-14 10:30:10 info: [0mGET /services/nav [36m304[0m 321.641 ms - -[0m
2023-06-14 12:23:23 info: =================================
2023-06-14 12:23:23 info: ======= ENV: development =======
2023-06-14 12:23:23 info: 🚀 App listening on the port 8000
2023-06-14 12:23:23 info: =================================
2023-06-14 12:30:42 info: [0mGET /banners/getListBanner [36m304[0m 1014.949 ms - -[0m
2023-06-14 12:30:42 info: [0mGET /posts/getListFeatured [36m304[0m 907.434 ms - -[0m
2023-06-14 12:30:42 info: [0mGET /services/nav [36m304[0m 943.764 ms - -[0m
2023-06-14 12:30:42 info: [0mGET /services/nav [36m304[0m 153.977 ms - -[0m
2023-06-14 12:43:31 info: [0mGET /banners/getListBanner [36m304[0m 1477.548 ms - -[0m
2023-06-14 12:43:31 info: [0mGET /posts/getListFeatured [36m304[0m 1497.698 ms - -[0m
2023-06-14 12:43:31 info: [0mGET /services/nav [36m304[0m 1738.992 ms - -[0m
2023-06-14 12:43:32 info: [0mGET /services/nav [36m304[0m 181.969 ms - -[0m
2023-06-14 12:46:59 info: [0mGET /banners/getListBanner [36m304[0m 647.874 ms - -[0m
2023-06-14 12:46:59 info: [0mGET /posts/getListFeatured [36m304[0m 644.924 ms - -[0m
2023-06-14 12:46:59 info: [0mGET /services/nav [36m304[0m 799.519 ms - -[0m
2023-06-14 12:46:59 info: [0mGET /services/nav [36m304[0m 40.276 ms - -[0m
2023-06-14 12:47:29 info: [0mGET /services/nav [36m304[0m 129.291 ms - -[0m
2023-06-14 12:47:29 info: [0mGET /services/nav [36m304[0m 119.371 ms - -[0m
2023-06-14 12:47:29 info: [0mGET /banners/getListBanner [36m304[0m 291.475 ms - -[0m
2023-06-14 12:47:29 info: [0mGET /posts/getListFeatured [36m304[0m 325.972 ms - -[0m
2023-06-14 12:48:36 info: [0mGET /services/nav [36m304[0m 148.479 ms - -[0m
2023-06-14 12:48:36 info: [0mGET /banners/getListBanner [36m304[0m 194.604 ms - -[0m
2023-06-14 12:48:36 info: [0mGET /posts/getListFeatured [36m304[0m 194.390 ms - -[0m
2023-06-14 12:49:06 info: [0mGET /jobs/getListFeatured [36m304[0m 147.051 ms - -[0m
2023-06-14 12:49:08 info: [0mGET /categories/getListCategories [36m304[0m 15.201 ms - -[0m
2023-06-14 12:49:08 info: [0mGET /posts/getPageAll [36m304[0m 123.661 ms - -[0m
2023-06-14 12:49:08 info: [0mGET /branchs/getListBranch [36m304[0m 49.851 ms - -[0m
2023-06-14 12:49:08 info: [0mGET /services/getListService [36m304[0m 77.850 ms - -[0m
2023-06-14 12:49:09 info: [0mGET /projects/getProjectsClient [36m304[0m 332.671 ms - -[0m
2023-06-14 12:49:10 info: [0mGET /ceos/getlistCeo [36m304[0m 83.145 ms - -[0m
2023-06-14 12:49:11 info: [0mGET /posts/getListFeatured [36m304[0m 74.564 ms - -[0m
2023-06-14 12:49:11 info: [0mGET /banners/getListBanner [36m304[0m 150.961 ms - -[0m
2023-06-14 12:49:11 info: [0mGET /services/nav [36m304[0m 156.224 ms - -[0m
2023-06-14 12:54:39 info: [0mGET /banners/getListBanner [36m304[0m 2149.771 ms - -[0m
2023-06-14 12:54:39 info: [0mGET /services/nav [36m304[0m 2564.460 ms - -[0m
2023-06-14 12:54:39 info: [0mGET /posts/getListFeatured [36m304[0m 2253.626 ms - -[0m
2023-06-14 12:54:39 info: [0mGET /services/nav [36m304[0m 165.845 ms - -[0m
2023-06-14 12:55:16 info: [0mGET /services/nav [36m304[0m 510.687 ms - -[0m
2023-06-14 12:55:16 info: [0mGET /banners/getListBanner [36m304[0m 535.831 ms - -[0m
2023-06-14 12:55:16 info: [0mGET /posts/getListFeatured [36m304[0m 533.146 ms - -[0m
2023-06-14 12:55:16 info: [0mGET /services/nav [36m304[0m 274.669 ms - -[0m
2023-06-14 12:55:43 info: [0mGET /banners/getListBanner [36m304[0m 53.844 ms - -[0m
2023-06-14 12:55:43 info: [0mGET /services/nav [36m304[0m 87.699 ms - -[0m
2023-06-14 12:55:43 info: [0mGET /posts/getListFeatured [36m304[0m 78.347 ms - -[0m
2023-06-14 12:55:43 info: [0mGET /services/nav [36m304[0m 40.009 ms - -[0m
2023-06-14 12:58:59 info: [0mGET /ceos/getlistCeo [36m304[0m 147.371 ms - -[0m
2023-06-14 12:59:03 info: [0mGET /banners/getListBanner [36m304[0m 72.834 ms - -[0m
2023-06-14 12:59:03 info: [0mGET /services/nav [36m304[0m 132.118 ms - -[0m
2023-06-14 12:59:03 info: [0mGET /posts/getListFeatured [36m304[0m 174.544 ms - -[0m
2023-06-14 13:05:58 info: [0mGET /jobs/getListFeatured [36m304[0m 338.563 ms - -[0m
2023-06-14 13:06:08 info: [0mGET /jobs/getListFeatured [32m200[0m 157.869 ms - 396[0m
2023-06-14 13:06:08 info: [0mGET /services/nav [36m304[0m 278.729 ms - -[0m
2023-06-14 13:06:15 info: [0mGET /services/nav [36m304[0m 156.651 ms - -[0m
2023-06-14 13:06:15 info: [0mGET /jobs/getListFeatured [36m304[0m 148.630 ms - -[0m
2023-06-14 13:06:19 info: [0mGET /jobs/getListFeatured [32m200[0m 34.595 ms - -[0m
2023-06-14 13:06:19 info: [0mGET /services/nav [36m304[0m 205.435 ms - -[0m
2023-06-14 13:06:22 info: [0mGET /categories/getListCategories [36m304[0m 86.602 ms - -[0m
2023-06-14 13:06:22 info: [0mGET /posts/getPageAll [36m304[0m 231.202 ms - -[0m
2023-06-14 13:06:24 info: [0mGET /ceos/getlistCeo [36m304[0m 61.692 ms - -[0m
2023-06-14 13:06:27 info: [0mGET /posts/getListFeatured [36m304[0m 102.888 ms - -[0m
2023-06-14 13:06:27 info: [0mGET /services/nav [36m304[0m 100.185 ms - -[0m
2023-06-14 13:06:27 info: [0mGET /banners/getListBanner [36m304[0m 137.898 ms - -[0m
2023-06-14 13:06:41 info: [0mGET /ceos/getlistCeo [36m304[0m 23.667 ms - -[0m
2023-06-14 13:07:13 info: [0mGET /services/show/11 [32m200[0m 182.628 ms - -[0m
2023-06-14 13:07:21 info: [0mGET /banners/getListBanner [36m304[0m 124.330 ms - -[0m
2023-06-14 13:07:21 info: [0mGET /posts/getListFeatured [36m304[0m 129.378 ms - -[0m
2023-06-14 13:07:21 info: [0mGET /services/nav [36m304[0m 109.595 ms - -[0m
2023-06-14 13:07:28 info: [0mGET /services/getListService [36m304[0m 53.707 ms - -[0m
2023-06-14 13:07:28 info: [0mGET /branchs/getListBranch [36m304[0m 81.969 ms - -[0m
2023-06-14 13:07:28 info: [0mGET /projects/getProjectsClient [36m304[0m 319.880 ms - -[0m
2023-06-14 13:07:31 info: [0mGET /categories/getListCategories [36m304[0m 62.103 ms - -[0m
2023-06-14 13:07:31 info: [0mGET /posts/getPageAll [36m304[0m 162.746 ms - -[0m
2023-06-14 17:45:57 info: =================================
2023-06-14 17:45:57 info: ======= ENV: development =======
2023-06-14 17:45:57 info: 🚀 App listening on the port 8000
2023-06-14 17:45:57 info: =================================
2023-06-14 17:46:21 info: [0mGET /services/nav [36m304[0m 322.545 ms - -[0m
2023-06-14 17:46:27 info: [0mGET /banners/getListBanner [36m304[0m 292.350 ms - -[0m
2023-06-14 17:46:27 info: [0mGET /services/nav [36m304[0m 341.723 ms - -[0m
2023-06-14 17:46:27 info: [0mGET /posts/getListFeatured [36m304[0m 319.389 ms - -[0m
2023-06-14 17:48:46 info: [0mGET /services/nav [36m304[0m 168.230 ms - -[0m
2023-06-14 17:48:46 info: [0mGET /banners/getListBanner [36m304[0m 156.966 ms - -[0m
2023-06-14 17:48:46 info: [0mGET /posts/getListFeatured [36m304[0m 135.554 ms - -[0m
2023-06-14 17:48:46 info: [0mGET /services/nav [36m304[0m 47.188 ms - -[0m
2023-06-14 17:54:21 info: [0mGET /banners/getListBanner [36m304[0m 225.370 ms - -[0m
2023-06-14 17:54:22 info: [0mGET /posts/getListFeatured [36m304[0m 198.889 ms - -[0m
2023-06-14 17:54:22 info: [0mGET /services/nav [36m304[0m 340.608 ms - -[0m
2023-06-14 17:54:22 info: [0mGET /services/nav [36m304[0m 103.984 ms - -[0m
2023-06-14 17:54:35 info: [0mGET /services/nav [36m304[0m 282.300 ms - -[0m
2023-06-14 17:54:35 info: [0mGET /banners/getListBanner [36m304[0m 256.359 ms - -[0m
2023-06-14 17:54:35 info: [0mGET /posts/getListFeatured [36m304[0m 152.360 ms - -[0m
2023-06-14 17:54:35 info: [0mGET /services/nav [36m304[0m 51.521 ms - -[0m
2023-06-14 17:59:05 info: [0mGET /banners/getListBanner [36m304[0m 409.059 ms - -[0m
2023-06-14 17:59:05 info: [0mGET /posts/getListFeatured [36m304[0m 376.931 ms - -[0m
2023-06-14 17:59:05 info: [0mGET /services/nav [36m304[0m 409.762 ms - -[0m
2023-06-14 17:59:05 info: [0mGET /services/nav [36m304[0m 79.040 ms - -[0m
2023-06-14 18:00:44 info: [0mGET /services/getListService [36m304[0m 206.066 ms - -[0m
2023-06-14 18:00:44 info: [0mGET /branchs/getListBranch [36m304[0m 247.588 ms - -[0m
2023-06-14 18:00:44 info: [0mGET /projects/getProjectsClient [36m304[0m 375.838 ms - -[0m
2023-06-14 18:00:47 info: [0mGET /categories/getListCategories [36m304[0m 35.094 ms - -[0m
2023-06-14 18:00:47 info: [0mGET /posts/getPageAll [36m304[0m 150.546 ms - -[0m
2023-06-14 18:01:55 info: [0mGET /posts/findByIdClient/3 [32m200[0m 254.251 ms - -[0m
2023-06-14 18:03:27 info: [0mGET /posts/findByIdClient/3 [36m304[0m 533.038 ms - -[0m
2023-06-14 18:03:35 info: [0mGET /posts/findByIdClient/3 [36m304[0m 207.611 ms - -[0m
2023-06-14 18:03:44 info: [0mGET /posts/findByIdClient/3 [36m304[0m 143.947 ms - -[0m
2023-06-14 18:03:51 info: [0mGET /posts/findByIdClient/3 [36m304[0m 196.318 ms - -[0m
2023-06-14 18:04:06 info: [0mGET /services/nav [36m304[0m 103.969 ms - -[0m
2023-06-14 18:04:07 info: [0mGET /posts/findByIdClient/3 [36m304[0m 74.578 ms - -[0m
2023-06-14 18:04:23 info: [0mGET /posts/findByIdClient/3 [36m304[0m 282.089 ms - -[0m
2023-06-14 18:04:51 info: [0mGET /banners/getListBanner [36m304[0m 61.490 ms - -[0m
2023-06-14 18:04:51 info: [0mGET /posts/getListFeatured [36m304[0m 66.567 ms - -[0m
2023-06-14 18:04:51 info: [0mGET /services/nav [36m304[0m 65.597 ms - -[0m
2023-06-14 18:04:57 info: [0mGET /services/nav [36m304[0m 283.735 ms - -[0m
2023-06-14 18:05:01 info: [0mGET /posts/getListFeatured [36m304[0m 53.309 ms - -[0m
2023-06-14 18:05:01 info: [0mGET /services/nav [36m304[0m 122.296 ms - -[0m
2023-06-14 18:05:01 info: [0mGET /banners/getListBanner [36m304[0m 101.851 ms - -[0m
2023-06-14 18:05:02 info: [0mGET /services/nav [36m304[0m 76.466 ms - -[0m
2023-06-14 18:05:16 info: [0mGET /categories/getListCategories [36m304[0m 10.852 ms - -[0m
2023-06-14 18:05:16 info: [0mGET /posts/getPageAll [36m304[0m 141.025 ms - -[0m
2023-06-14 18:05:18 info: [0mGET /services/getListService [36m304[0m 53.344 ms - -[0m
2023-06-14 18:05:18 info: [0mGET /branchs/getListBranch [36m304[0m 119.188 ms - -[0m
2023-06-14 18:05:18 info: [0mGET /projects/getProjectsClient [36m304[0m 210.957 ms - -[0m
2023-06-14 18:08:09 info: [0mGET /projects/findByIdClient/2 [32m200[0m 263.483 ms - -[0m
2023-06-14 18:08:12 info: [0mGET /jobs/getListFeatured [36m304[0m 56.912 ms - -[0m
2023-06-14 18:08:15 info: [0mGET /posts/getListFeatured [36m304[0m 39.342 ms - -[0m
2023-06-14 18:08:15 info: [0mGET /banners/getListBanner [36m304[0m 71.405 ms - -[0m
2023-06-14 18:08:15 info: [0mGET /services/nav [36m304[0m 72.911 ms - -[0m
2023-06-14 18:09:41 info: [0mGET /banners/getListBanner [36m304[0m 46.478 ms - -[0m
2023-06-14 18:09:41 info: [0mGET /posts/getListFeatured [36m304[0m 30.783 ms - -[0m
2023-06-14 18:09:41 info: [0mGET /services/nav [36m304[0m 93.022 ms - -[0m
2023-06-14 18:09:47 info: [0mGET /ceos/getlistCeo [36m304[0m 53.296 ms - -[0m
2023-06-14 18:09:51 info: [0mGET /banners/getListBanner [36m304[0m 46.152 ms - -[0m
2023-06-14 18:09:51 info: [0mGET /posts/getListFeatured [36m304[0m 41.504 ms - -[0m
2023-06-14 18:09:51 info: [0mGET /services/nav [36m304[0m 33.638 ms - -[0m
2023-06-14 18:19:26 info: [0mGET /ceos/getlistCeo [36m304[0m 220.345 ms - -[0m
2023-06-14 18:19:33 info: [0mGET /ceos/show/2 [36m304[0m 166.685 ms - -[0m
2023-06-14 20:03:20 info: [0mGET /categories/getListCategories [36m304[0m 437.360 ms - -[0m
2023-06-14 20:03:20 info: [0mGET /posts/getPageAll [36m304[0m 753.955 ms - -[0m
2023-06-14 20:03:27 info: [0mGET /services/nav [36m304[0m 126.227 ms - -[0m
2023-06-14 20:03:33 info: [0mGET /services/nav [36m304[0m 154.805 ms - -[0m
2023-06-14 20:03:33 info: [0mGET /categories/getListCategories [36m304[0m 173.323 ms - -[0m
2023-06-14 20:03:33 info: [0mGET /posts/getPageAll [36m304[0m 286.470 ms - -[0m
2023-06-14 20:03:39 info: [0mGET /posts/findByIdClient/3 [36m304[0m 574.916 ms - -[0m
2023-06-14 20:03:43 info: [0mGET /ceos/show/2 [36m304[0m 19.748 ms - -[0m
2023-06-14 20:03:47 info: [0mGET /services/nav [36m304[0m 34.620 ms - -[0m
2023-06-14 20:03:47 info: [0mGET /banners/getListBanner [36m304[0m 46.922 ms - -[0m
2023-06-14 20:03:47 info: [0mGET /posts/getListFeatured [36m304[0m 36.863 ms - -[0m
2023-06-14 20:03:52 info: [0mGET /ceos/getlistCeo [36m304[0m 177.780 ms - -[0m
2023-06-14 20:03:56 info: [0mGET /posts/getListFeatured [36m304[0m 27.864 ms - -[0m
2023-06-14 20:03:56 info: [0mGET /services/nav [36m304[0m 64.611 ms - -[0m
2023-06-14 20:03:56 info: [0mGET /banners/getListBanner [36m304[0m 81.844 ms - -[0m
2023-06-14 20:04:15 info: [0mGET /posts/getListFeatured [36m304[0m 186.620 ms - -[0m
2023-06-14 20:04:15 info: [0mGET /banners/getListBanner [36m304[0m 206.569 ms - -[0m
2023-06-14 20:04:15 info: [0mGET /services/nav [36m304[0m 250.280 ms - -[0m
2023-06-14 20:04:15 info: [0mGET /services/nav [36m304[0m 9.646 ms - -[0m
2023-06-14 20:23:55 info: [0mGET /banners/getListBanner [36m304[0m 285.157 ms - -[0m
2023-06-14 20:40:21 info: [0mGET /banners/getListBanner [36m304[0m 1360.595 ms - -[0m
2023-06-14 20:40:52 info: [0mGET /banners/getListBanner [36m304[0m 169.555 ms - -[0m
2023-06-14 20:41:52 info: [0mGET /banners/getListBanner [36m304[0m 478.650 ms - -[0m
2023-06-14 20:42:57 info: [0mGET /banners/getListBanner [36m304[0m 92.926 ms - -[0m
2023-06-14 20:43:17 info: [0mGET /banners/getListBanner [36m304[0m 196.107 ms - -[0m
2023-06-14 20:43:31 info: [0mGET /services/nav [36m304[0m 550.246 ms - -[0m
2023-06-14 20:43:31 info: [0mGET /services/nav [36m304[0m 72.722 ms - -[0m
2023-06-14 20:43:31 info: [0mGET /banners/getListBanner [36m304[0m 639.330 ms - -[0m
2023-06-14 20:43:31 info: [0mGET /posts/getListFeatured [36m304[0m 652.042 ms - -[0m
2023-06-14 20:44:42 info: [0mGET /banners/getListBanner [36m304[0m 292.853 ms - -[0m
2023-06-14 20:44:42 info: [0mGET /posts/getListFeatured [36m304[0m 304.609 ms - -[0m
2023-06-14 20:44:42 info: [0mGET /services/nav [36m304[0m 430.887 ms - -[0m
2023-06-14 20:44:43 info: [0mGET /services/nav [36m304[0m 89.242 ms - -[0m
2023-06-14 20:46:03 info: [0mGET /banners/getListBanner [36m304[0m 405.188 ms - -[0m
2023-06-14 20:48:04 info: [0mGET /banners/get-lits [33m404[0m 87.070 ms - 155[0m
