2023-07-15 00:01:20 info: [0mGET /banners/getListBanner [32m200[0m 42.793 ms - 3100[0m
2023-07-15 00:01:20 info: [0mGET /services/nav [32m200[0m 74.455 ms - 1882[0m
2023-07-15 00:01:20 info: [0mGET /posts/getListFeatured [32m200[0m 165.095 ms - 4011[0m
2023-07-15 00:01:24 info: [0mGET /services/nav [36m304[0m 116.680 ms - -[0m
2023-07-15 00:02:54 info: [0mGET /ceos/getlistCeo [36m304[0m 87.430 ms - -[0m
2023-07-15 00:03:03 info: [0mGET /services/getListService [36m304[0m 49.577 ms - -[0m
2023-07-15 00:03:03 info: [0mGET /branchs/getListBranch [36m304[0m 70.647 ms - -[0m
2023-07-15 00:03:03 info: [0mGET /projects/getProjectsClient [36m304[0m 95.343 ms - -[0m
2023-07-15 00:03:04 info: [0mGET /services/show/5 [32m200[0m 19.158 ms - -[0m
2023-07-15 00:08:12 info: [0mGET /services/show/11 [32m200[0m 240.978 ms - -[0m
2023-07-15 00:08:16 info: [0mGET /services/show/15 [32m200[0m 12.583 ms - -[0m
2023-07-15 00:08:16 info: [0mGET /services/getListService [36m304[0m 38.481 ms - -[0m
2023-07-15 00:09:09 info: [0mGET /services/getListService [36m304[0m 51.342 ms - -[0m
2023-07-15 00:09:44 info: [0mGET /services/getListService [36m304[0m 183.451 ms - -[0m
2023-07-15 00:09:53 info: [0mGET /services/getListService [36m304[0m 227.853 ms - -[0m
2023-07-15 00:10:02 info: [0mGET /services/getListService [36m304[0m 124.574 ms - -[0m
2023-07-15 00:10:09 info: [0mGET /services/getListService [36m304[0m 100.788 ms - -[0m
2023-07-15 00:10:44 info: [0mGET /services/nav [36m304[0m 77.192 ms - -[0m
2023-07-15 00:10:44 info: [0mGET /services/show/15 [36m304[0m 89.412 ms - -[0m
2023-07-15 00:10:44 info: [0mGET /services/getListService [36m304[0m 64.515 ms - -[0m
2023-07-15 00:11:22 info: [0mGET /services/getListService [36m304[0m 188.416 ms - -[0m
2023-07-15 00:11:22 info: [0mGET /branchs/getListBranch [36m304[0m 256.185 ms - -[0m
2023-07-15 00:11:22 info: [0mGET /projects/getProjectsClient [36m304[0m 241.096 ms - -[0m
2023-07-15 00:11:24 info: [0mGET /categories/getListCategories [32m200[0m 40.342 ms - 441[0m
2023-07-15 00:11:24 info: [0mGET /posts/getPageAll [32m200[0m 441.860 ms - 10136[0m
2023-07-15 00:11:26 info: [0mGET /jobs/getListFeatured [36m304[0m 71.059 ms - -[0m
2023-07-15 00:11:28 info: [0mGET /ceos/getlistCeo [36m304[0m 16.627 ms - -[0m
2023-07-15 00:11:30 info: [0mGET /banners/getListBanner [32m200[0m 55.182 ms - 3100[0m
2023-07-15 00:11:30 info: [0mGET /services/nav [32m200[0m 56.781 ms - 1882[0m
2023-07-15 00:11:30 info: [0mGET /posts/getListFeatured [32m200[0m 154.567 ms - 4011[0m
2023-07-15 00:14:28 info: [0mGET /banners/getListBanner [32m200[0m 541.814 ms - 3100[0m
2023-07-15 00:14:28 info: [0mGET /services/nav [32m200[0m 503.629 ms - 1882[0m
2023-07-15 00:14:29 info: [0mGET /posts/getListFeatured [32m200[0m 750.810 ms - 4011[0m
2023-07-15 00:14:31 info: [0mGET /services/nav [36m304[0m 51.656 ms - -[0m
2023-07-15 00:15:37 info: [0mGET /posts/findByIdClient/9 [32m200[0m 468.931 ms - -[0m
2023-07-15 00:15:49 info: [0mGET /banners/getListBanner [32m200[0m 53.770 ms - 3100[0m
2023-07-15 00:15:49 info: [0mGET /services/nav [32m200[0m 69.919 ms - 1882[0m
2023-07-15 00:15:49 info: [0mGET /posts/getListFeatured [32m200[0m 127.575 ms - 4011[0m
2023-07-15 00:15:51 info: [0mGET /ceos/getlistCeo [36m304[0m 38.490 ms - -[0m
2023-07-15 00:15:53 info: [0mGET /ceos/show/2 [36m304[0m 65.359 ms - -[0m
2023-07-15 00:15:55 info: [0mGET /jobs/getListFeatured [36m304[0m 11.499 ms - -[0m
2023-07-15 00:16:03 info: [0mGET /jobs/find/3 [36m304[0m 17.068 ms - -[0m
2023-07-15 00:19:28 info: [0mOPTIONS /admins/login [32m204[0m 10.141 ms - 0[0m
2023-07-15 00:19:29 info: [0mPOST /admins/login [32m200[0m 319.659 ms - -[0m
2023-07-15 00:19:31 info: [0mOPTIONS /admins/profile [32m204[0m 1.270 ms - 0[0m
2023-07-15 00:19:31 info: [0mGET /banners? [32m200[0m 312.713 ms - -[0m
2023-07-15 00:19:31 info: [0mGET /banners?page=1&page_size=10 [32m200[0m 84.783 ms - -[0m
2023-07-15 00:19:31 info: [0mGET /admins/profile [32m200[0m 340.885 ms - 268[0m
2023-07-15 00:19:35 info: [0mGET /admins/profile [36m304[0m 181.677 ms - -[0m
2023-07-15 00:19:35 info: [0mGET /jobs? [32m200[0m 204.237 ms - -[0m
2023-07-15 00:19:35 info: [0mGET /jobs?page=1&page_size=10 [32m200[0m 141.879 ms - -[0m
2023-07-15 00:19:44 info: [0mOPTIONS /admins/profile [32m204[0m 0.830 ms - 0[0m
2023-07-15 00:19:44 info: [0mGET /admins/profile [36m304[0m 70.628 ms - -[0m
2023-07-15 00:19:44 info: [0mGET /jobs?page=1&page_size=10 [36m304[0m 16.947 ms - -[0m
2023-07-15 00:19:44 info: [0mGET /jobs?page=1&page_size=10 [36m304[0m 12.131 ms - -[0m
2023-07-15 00:19:46 info: [0mGET /jobs? [36m304[0m 16.042 ms - -[0m
2023-07-15 00:19:55 info: [0mOPTIONS /admins/profile [32m204[0m 1.327 ms - 0[0m
2023-07-15 00:19:55 info: [0mGET /admins/profile [36m304[0m 82.077 ms - -[0m
2023-07-15 00:19:55 info: [0mGET /categories? [32m200[0m 78.322 ms - -[0m
2023-07-15 00:19:55 info: [0mGET /categories?page=1&page_size=10 [32m200[0m 41.632 ms - -[0m
2023-07-15 00:19:56 info: [0mGET /jobs? [36m304[0m 17.568 ms - -[0m
2023-07-15 00:19:56 info: [0mGET /admins/profile [36m304[0m 35.074 ms - -[0m
2023-07-15 00:19:56 info: [0mGET /jobs?page=1&page_size=10 [36m304[0m 39.739 ms - -[0m
2023-07-15 00:20:38 info: [0mGET /jobs/ [32m200[0m 75.979 ms - -[0m
2023-07-15 00:22:21 info: =================================
2023-07-15 00:22:21 info: ======= ENV: development =======
2023-07-15 00:22:21 info: 🚀 App listening on the port 8000
2023-07-15 00:22:21 info: =================================
2023-07-15 00:22:24 info: [0mOPTIONS /admins/profile [32m204[0m 3.556 ms - 0[0m
2023-07-15 00:22:25 info: [0mGET /admins/profile [36m304[0m 447.448 ms - -[0m
2023-07-15 00:22:25 info: [0mGET /jobs?page=1&page_size=10 [32m200[0m 214.437 ms - -[0m
2023-07-15 00:22:25 info: [0mGET /jobs?page=1&page_size=10 [36m304[0m 22.105 ms - -[0m
2023-07-15 00:22:45 info: [0mGET /jobs?page=1&page_size=10 [36m304[0m 73.890 ms - -[0m
2023-07-15 00:29:32 info: [0mOPTIONS /admins/profile [32m204[0m 1.067 ms - 0[0m
2023-07-15 00:29:33 info: [0mGET /contacts? [32m200[0m 420.408 ms - 392[0m
2023-07-15 00:29:33 info: [0mGET /contacts?page=1&page_size=10 [32m200[0m 115.151 ms - 392[0m
2023-07-15 00:29:33 info: [0mGET /admins/profile [36m304[0m 399.054 ms - -[0m
2023-07-15 00:29:36 info: [0mGET /admins/profile [36m304[0m 116.548 ms - -[0m
2023-07-15 00:29:36 info: [0mGET /jobs? [32m200[0m 117.798 ms - -[0m
2023-07-15 00:29:36 info: [0mGET /jobs?page=1&page_size=10 [36m304[0m 24.253 ms - -[0m
