2023-03-28 00:00:19 info: =================================
2023-03-28 00:00:19 info: ======= ENV: development =======
2023-03-28 00:00:19 info: 🚀 App listening on the port 8000
2023-03-28 00:00:19 info: =================================
2023-03-28 00:00:26 info: [0mGET /medias [32m200[0m 179.999 ms - 31[0m
2023-03-28 00:00:58 info: =================================
2023-03-28 00:00:58 info: ======= ENV: development =======
2023-03-28 00:00:58 info: 🚀 App listening on the port 8000
2023-03-28 00:00:58 info: =================================
2023-03-28 00:01:01 info: [0mGET /medias [32m200[0m 415.329 ms - 281[0m
2023-03-28 00:01:05 info: [0mOPTIONS /folders/get-medias [32m204[0m 1.496 ms - 0[0m
2023-03-28 00:01:06 info: [0mPOST /folders/get-medias [32m200[0m 131.310 ms - 31[0m
2023-03-28 00:01:06 info: [0mGET /folders [36m304[0m 99.971 ms - -[0m
2023-03-28 00:01:06 info: [0mGET /projects [32m200[0m 22.446 ms - -[0m
2023-03-28 00:02:59 info: =================================
2023-03-28 00:02:59 info: ======= ENV: development =======
2023-03-28 00:02:59 info: 🚀 App listening on the port 8000
2023-03-28 00:02:59 info: =================================
2023-03-28 00:04:30 info: =================================
2023-03-28 00:04:30 info: ======= ENV: development =======
2023-03-28 00:04:30 info: 🚀 App listening on the port 8000
2023-03-28 00:04:30 info: =================================
2023-03-28 00:04:45 info: [0mGET /projects/show/1 [32m200[0m 109.354 ms - 31[0m
2023-03-28 00:05:00 info: =================================
2023-03-28 00:05:00 info: ======= ENV: development =======
2023-03-28 00:05:00 info: 🚀 App listening on the port 8000
2023-03-28 00:05:00 info: =================================
2023-03-28 00:05:01 info: [0mGET /projects [36m304[0m 88.347 ms - -[0m
2023-03-28 00:05:03 info: [0mGET /projects/show/1 [36m304[0m 22.898 ms - -[0m
2023-03-28 00:05:04 info: [0mGET /projects [36m304[0m 6.368 ms - -[0m
2023-03-28 00:05:05 info: [0mGET /projects/show/2 [32m200[0m 7.129 ms - 31[0m
2023-03-28 00:05:07 info: [0mGET /projects/show/2 [36m304[0m 5.925 ms - -[0m
2023-03-28 00:05:50 info: =================================
2023-03-28 00:05:50 info: ======= ENV: development =======
2023-03-28 00:05:50 info: 🚀 App listening on the port 8000
2023-03-28 00:05:50 info: =================================
2023-03-28 00:05:53 info: [0mGET /projects/show/1 [31m500[0m 78.502 ms - 2[0m
2023-03-28 00:05:54 info: [0mGET /projects/show/1 [31m500[0m 4.715 ms - 2[0m
2023-03-28 00:05:54 info: [0mGET /projects/show/1 [31m500[0m 4.035 ms - 2[0m
2023-03-28 00:06:13 info: =================================
2023-03-28 00:06:13 info: ======= ENV: development =======
2023-03-28 00:06:13 info: 🚀 App listening on the port 8000
2023-03-28 00:06:13 info: =================================
2023-03-28 00:06:14 info: [0mGET /projects/show/1 [32m200[0m 64.232 ms - 230[0m
2023-03-28 00:06:29 info: =================================
2023-03-28 00:06:29 info: ======= ENV: development =======
2023-03-28 00:06:29 info: 🚀 App listening on the port 8000
2023-03-28 00:06:29 info: =================================
2023-03-28 00:06:39 info: =================================
2023-03-28 00:06:39 info: ======= ENV: development =======
2023-03-28 00:06:39 info: 🚀 App listening on the port 8000
2023-03-28 00:06:39 info: =================================
2023-03-28 00:07:32 info: =================================
2023-03-28 00:07:32 info: ======= ENV: development =======
2023-03-28 00:07:32 info: 🚀 App listening on the port 8000
2023-03-28 00:07:32 info: =================================
2023-03-28 00:07:49 info: [0mGET /projects/show/1 [36m304[0m 74.844 ms - -[0m
2023-03-28 00:07:50 info: [0mGET /projects/show/1 [36m304[0m 10.517 ms - -[0m
2023-03-28 00:11:10 info: =================================
2023-03-28 00:11:10 info: ======= ENV: development =======
2023-03-28 00:11:10 info: 🚀 App listening on the port 8000
2023-03-28 00:11:10 info: =================================
2023-03-28 00:11:17 info: =================================
2023-03-28 00:11:17 info: ======= ENV: development =======
2023-03-28 00:11:17 info: 🚀 App listening on the port 8000
2023-03-28 00:11:17 info: =================================
2023-03-28 00:11:20 info: [0mGET /projects/show/1 [36m304[0m 205.671 ms - -[0m
2023-03-28 00:12:27 info: =================================
2023-03-28 00:12:27 info: ======= ENV: development =======
2023-03-28 00:12:27 info: 🚀 App listening on the port 8000
2023-03-28 00:12:27 info: =================================
2023-03-28 00:14:30 info: =================================
2023-03-28 00:14:30 info: ======= ENV: development =======
2023-03-28 00:14:30 info: 🚀 App listening on the port 8000
2023-03-28 00:14:30 info: =================================
2023-03-28 00:20:33 info: =================================
2023-03-28 00:20:33 info: ======= ENV: development =======
2023-03-28 00:20:33 info: 🚀 App listening on the port 8000
2023-03-28 00:20:33 info: =================================
2023-03-28 00:20:41 info: =================================
2023-03-28 00:20:41 info: ======= ENV: development =======
2023-03-28 00:20:41 info: 🚀 App listening on the port 8000
2023-03-28 00:20:41 info: =================================
2023-03-28 00:24:38 info: =================================
2023-03-28 00:24:38 info: ======= ENV: development =======
2023-03-28 00:24:38 info: 🚀 App listening on the port 8000
2023-03-28 00:24:38 info: =================================
2023-03-28 00:24:51 info: =================================
2023-03-28 00:24:51 info: ======= ENV: development =======
2023-03-28 00:24:51 info: 🚀 App listening on the port 8000
2023-03-28 00:24:51 info: =================================
2023-03-28 00:25:05 info: =================================
2023-03-28 00:25:05 info: ======= ENV: development =======
2023-03-28 00:25:05 info: 🚀 App listening on the port 8000
2023-03-28 00:25:05 info: =================================
2023-03-28 00:25:18 info: =================================
2023-03-28 00:25:18 info: ======= ENV: development =======
2023-03-28 00:25:18 info: 🚀 App listening on the port 8000
2023-03-28 00:25:18 info: =================================
2023-03-28 00:25:28 info: =================================
2023-03-28 00:25:28 info: ======= ENV: development =======
2023-03-28 00:25:28 info: 🚀 App listening on the port 8000
2023-03-28 00:25:28 info: =================================
2023-03-28 00:25:38 info: =================================
2023-03-28 00:25:38 info: ======= ENV: development =======
2023-03-28 00:25:38 info: 🚀 App listening on the port 8000
2023-03-28 00:25:38 info: =================================
2023-03-28 00:25:44 info: =================================
2023-03-28 00:25:44 info: ======= ENV: development =======
2023-03-28 00:25:44 info: 🚀 App listening on the port 8000
2023-03-28 00:25:44 info: =================================
2023-03-28 00:25:52 info: =================================
2023-03-28 00:25:52 info: ======= ENV: development =======
2023-03-28 00:25:52 info: 🚀 App listening on the port 8000
2023-03-28 00:25:52 info: =================================
2023-03-28 00:26:13 info: [0mGET /projects [36m304[0m 194.865 ms - -[0m
2023-03-28 00:26:15 info: [0mGET /projects [36m304[0m 21.688 ms - -[0m
2023-03-28 00:26:17 info: [0mOPTIONS /folders/get-medias [32m204[0m 1.106 ms - 0[0m
2023-03-28 00:26:17 info: [0mPOST /folders/get-medias [32m200[0m 61.948 ms - 31[0m
2023-03-28 00:26:17 info: [0mGET /folders [36m304[0m 61.954 ms - -[0m
2023-03-28 00:26:19 info: [0mPOST /folders/get-medias [32m200[0m 4.367 ms - 31[0m
2023-03-28 00:26:19 info: [0mPOST /folders/get-medias [32m200[0m 14.561 ms - 31[0m
2023-03-28 00:26:24 info: [0mPOST /medias/create [32m200[0m 143.715 ms - 31[0m
2023-03-28 00:26:24 info: [0mOPTIONS /folders/get-medias [32m204[0m 0.157 ms - 0[0m
2023-03-28 00:26:24 info: [0mPOST /folders/get-medias [32m200[0m 8.832 ms - -[0m
2023-03-28 00:26:26 info: [0mPOST /folders/get-medias [32m200[0m 20.812 ms - 31[0m
2023-03-28 00:26:27 info: [0mPOST /folders/get-medias [32m200[0m 5.170 ms - -[0m
2023-03-28 00:26:27 info: [0mPOST /folders/get-medias [32m200[0m 2.260 ms - 31[0m
2023-03-28 00:26:28 info: [0mPOST /folders/get-medias [32m200[0m 4.384 ms - -[0m
2023-03-28 00:26:30 info: [0mGET /projects [36m304[0m 28.494 ms - -[0m
2023-03-28 00:26:31 info: [0mGET /projects/show/1 [36m304[0m 12.528 ms - -[0m
2023-03-28 00:26:32 info: [0mOPTIONS /folders/get-medias [32m204[0m 0.158 ms - 0[0m
2023-03-28 00:26:32 info: [0mPOST /folders/get-medias [32m200[0m 26.347 ms - 31[0m
2023-03-28 00:26:33 info: [0mGET /folders [36m304[0m 43.340 ms - -[0m
2023-03-28 00:26:35 info: [0mPOST /folders/get-medias [32m200[0m 3.618 ms - -[0m
2023-03-28 00:31:12 info: =================================
2023-03-28 00:31:12 info: ======= ENV: development =======
2023-03-28 00:31:12 info: 🚀 App listening on the port 8000
2023-03-28 00:31:12 info: =================================
2023-03-28 00:31:58 info: =================================
2023-03-28 00:31:58 info: ======= ENV: development =======
2023-03-28 00:31:58 info: 🚀 App listening on the port 8000
2023-03-28 00:31:58 info: =================================
2023-03-28 00:32:37 info: =================================
2023-03-28 00:32:37 info: ======= ENV: development =======
2023-03-28 00:32:37 info: 🚀 App listening on the port 8000
2023-03-28 00:32:37 info: =================================
2023-03-28 00:32:49 info: =================================
2023-03-28 00:32:49 info: ======= ENV: development =======
2023-03-28 00:32:49 info: 🚀 App listening on the port 8000
2023-03-28 00:32:49 info: =================================
2023-03-28 00:33:00 info: =================================
2023-03-28 00:33:00 info: ======= ENV: development =======
2023-03-28 00:33:00 info: 🚀 App listening on the port 8000
2023-03-28 00:33:00 info: =================================
2023-03-28 00:33:05 info: =================================
2023-03-28 00:33:05 info: ======= ENV: development =======
2023-03-28 00:33:05 info: 🚀 App listening on the port 8000
2023-03-28 00:33:05 info: =================================
2023-03-28 00:33:25 info: =================================
2023-03-28 00:33:25 info: ======= ENV: development =======
2023-03-28 00:33:25 info: 🚀 App listening on the port 8000
2023-03-28 00:33:25 info: =================================
2023-03-28 00:33:31 info: =================================
2023-03-28 00:33:31 info: ======= ENV: development =======
2023-03-28 00:33:31 info: 🚀 App listening on the port 8000
2023-03-28 00:33:31 info: =================================
2023-03-28 00:33:36 info: =================================
2023-03-28 00:33:36 info: ======= ENV: development =======
2023-03-28 00:33:36 info: 🚀 App listening on the port 8000
2023-03-28 00:33:36 info: =================================
2023-03-28 00:33:48 info: =================================
2023-03-28 00:33:48 info: ======= ENV: development =======
2023-03-28 00:33:48 info: 🚀 App listening on the port 8000
2023-03-28 00:33:48 info: =================================
2023-03-28 00:33:57 info: =================================
2023-03-28 00:33:57 info: ======= ENV: development =======
2023-03-28 00:33:57 info: 🚀 App listening on the port 8000
2023-03-28 00:33:57 info: =================================
2023-03-28 00:34:03 info: =================================
2023-03-28 00:34:03 info: ======= ENV: development =======
2023-03-28 00:34:03 info: 🚀 App listening on the port 8000
2023-03-28 00:34:03 info: =================================
2023-03-28 00:34:15 info: =================================
2023-03-28 00:34:15 info: ======= ENV: development =======
2023-03-28 00:34:15 info: 🚀 App listening on the port 8000
2023-03-28 00:34:15 info: =================================
2023-03-28 00:34:36 info: =================================
2023-03-28 00:34:36 info: ======= ENV: development =======
2023-03-28 00:34:36 info: 🚀 App listening on the port 8000
2023-03-28 00:34:36 info: =================================
2023-03-28 00:34:53 info: =================================
2023-03-28 00:34:53 info: ======= ENV: development =======
2023-03-28 00:34:53 info: 🚀 App listening on the port 8000
2023-03-28 00:34:53 info: =================================
2023-03-28 00:36:04 info: =================================
2023-03-28 00:36:04 info: ======= ENV: development =======
2023-03-28 00:36:04 info: 🚀 App listening on the port 8000
2023-03-28 00:36:04 info: =================================
2023-03-28 00:36:31 info: =================================
2023-03-28 00:36:31 info: ======= ENV: development =======
2023-03-28 00:36:31 info: 🚀 App listening on the port 8000
2023-03-28 00:36:31 info: =================================
2023-03-28 00:37:14 info: =================================
2023-03-28 00:37:14 info: ======= ENV: development =======
2023-03-28 00:37:14 info: 🚀 App listening on the port 8000
2023-03-28 00:37:14 info: =================================
2023-03-28 00:37:23 info: =================================
2023-03-28 00:37:23 info: ======= ENV: development =======
2023-03-28 00:37:23 info: 🚀 App listening on the port 8000
2023-03-28 00:37:23 info: =================================
2023-03-28 00:37:53 info: =================================
2023-03-28 00:37:53 info: ======= ENV: development =======
2023-03-28 00:37:53 info: 🚀 App listening on the port 8000
2023-03-28 00:37:53 info: =================================
2023-03-28 00:38:01 info: =================================
2023-03-28 00:38:01 info: ======= ENV: development =======
2023-03-28 00:38:01 info: 🚀 App listening on the port 8000
2023-03-28 00:38:01 info: =================================
2023-03-28 00:38:07 info: =================================
2023-03-28 00:38:07 info: ======= ENV: development =======
2023-03-28 00:38:07 info: 🚀 App listening on the port 8000
2023-03-28 00:38:07 info: =================================
2023-03-28 00:38:25 info: =================================
2023-03-28 00:38:25 info: ======= ENV: development =======
2023-03-28 00:38:25 info: 🚀 App listening on the port 8000
2023-03-28 00:38:25 info: =================================
2023-03-28 00:38:33 info: [0mGET /projects/show/1 [31m500[0m 203.149 ms - -[0m
2023-03-28 00:38:52 info: =================================
2023-03-28 00:38:52 info: ======= ENV: development =======
2023-03-28 00:38:52 info: 🚀 App listening on the port 8000
2023-03-28 00:38:52 info: =================================
2023-03-28 00:39:06 info: =================================
2023-03-28 00:39:06 info: ======= ENV: development =======
2023-03-28 00:39:06 info: 🚀 App listening on the port 8000
2023-03-28 00:39:06 info: =================================
2023-03-28 00:39:16 info: =================================
2023-03-28 00:39:16 info: ======= ENV: development =======
2023-03-28 00:39:16 info: 🚀 App listening on the port 8000
2023-03-28 00:39:16 info: =================================
2023-03-28 00:39:23 info: =================================
2023-03-28 00:39:23 info: ======= ENV: development =======
2023-03-28 00:39:23 info: 🚀 App listening on the port 8000
2023-03-28 00:39:23 info: =================================
2023-03-28 00:39:35 info: =================================
2023-03-28 00:39:35 info: ======= ENV: development =======
2023-03-28 00:39:35 info: 🚀 App listening on the port 8000
2023-03-28 00:39:35 info: =================================
2023-03-28 00:39:43 info: [0mGET /projects/show/1 [32m200[0m 131.766 ms - 186[0m
2023-03-28 00:39:53 info: =================================
2023-03-28 00:39:53 info: ======= ENV: development =======
2023-03-28 00:39:53 info: 🚀 App listening on the port 8000
2023-03-28 00:39:53 info: =================================
2023-03-28 00:39:55 info: [0mGET /projects/show/1 [32m200[0m 151.824 ms - 198[0m
2023-03-28 00:40:06 info: [0mOPTIONS /folders/get-medias [32m204[0m 0.748 ms - 0[0m
2023-03-28 00:40:06 info: [0mPOST /folders/get-medias [32m200[0m 53.675 ms - 31[0m
2023-03-28 00:40:06 info: [0mGET /folders [36m304[0m 27.982 ms - -[0m
2023-03-28 00:40:09 info: [0mPOST /medias/create [32m200[0m 42.956 ms - 31[0m
2023-03-28 00:40:09 info: [0mPOST /folders/get-medias [32m200[0m 7.230 ms - 636[0m
2023-03-28 00:40:19 info: [0mGET /projects/show/1 [32m200[0m 36.451 ms - 797[0m
2023-03-28 00:40:54 info: =================================
2023-03-28 00:40:54 info: ======= ENV: development =======
2023-03-28 00:40:54 info: 🚀 App listening on the port 8000
2023-03-28 00:40:54 info: =================================
2023-03-28 00:41:02 info: =================================
2023-03-28 00:41:02 info: ======= ENV: development =======
2023-03-28 00:41:02 info: 🚀 App listening on the port 8000
2023-03-28 00:41:02 info: =================================
2023-03-28 00:41:04 info: [0mGET /projects/show/1 [36m304[0m 209.215 ms - -[0m
2023-03-28 00:42:50 info: =================================
2023-03-28 00:42:50 info: ======= ENV: development =======
2023-03-28 00:42:50 info: 🚀 App listening on the port 8000
2023-03-28 00:42:50 info: =================================
2023-03-28 00:45:38 info: [0mOPTIONS /folders/get-medias [32m204[0m 2.397 ms - 0[0m
2023-03-28 00:45:38 info: [0mPOST /folders/get-medias [32m200[0m 184.006 ms - 660[0m
2023-03-28 00:45:38 info: [0mGET /folders [36m304[0m 92.274 ms - -[0m
2023-03-28 00:45:43 info: [0mGET /projects [32m200[0m 25.914 ms - 881[0m
2023-03-28 00:45:44 info: [0mOPTIONS /folders/get-medias [32m204[0m 0.165 ms - 0[0m
2023-03-28 00:45:44 info: [0mPOST /folders/get-medias [32m200[0m 84.105 ms - 660[0m
2023-03-28 00:45:44 info: [0mGET /folders [36m304[0m 118.284 ms - -[0m
2023-03-28 00:45:46 info: [0mGET /projects [36m304[0m 9.974 ms - -[0m
2023-03-28 00:46:10 info: =================================
2023-03-28 00:46:10 info: ======= ENV: development =======
2023-03-28 00:46:10 info: 🚀 App listening on the port 8000
2023-03-28 00:46:10 info: =================================
2023-03-28 00:46:14 info: [0mGET /projects/show/1 [32m200[0m 209.040 ms - 827[0m
2023-03-28 08:57:37 info: [0mGET /projects/show/1 [36m304[0m 189.898 ms - -[0m
2023-03-28 08:58:22 info: =================================
2023-03-28 08:58:22 info: ======= ENV: development =======
2023-03-28 08:58:22 info: 🚀 App listening on the port 8000
2023-03-28 08:58:22 info: =================================
2023-03-28 08:58:39 info: =================================
2023-03-28 08:58:39 info: ======= ENV: development =======
2023-03-28 08:58:39 info: 🚀 App listening on the port 8000
2023-03-28 08:58:40 info: =================================
2023-03-28 09:02:51 info: =================================
2023-03-28 09:02:51 info: ======= ENV: development =======
2023-03-28 09:02:51 info: 🚀 App listening on the port 8000
2023-03-28 09:02:51 info: =================================
2023-03-28 09:03:01 info: =================================
2023-03-28 09:03:01 info: ======= ENV: development =======
2023-03-28 09:03:01 info: 🚀 App listening on the port 8000
2023-03-28 09:03:01 info: =================================
2023-03-28 09:03:08 info: =================================
2023-03-28 09:03:08 info: ======= ENV: development =======
2023-03-28 09:03:08 info: 🚀 App listening on the port 8000
2023-03-28 09:03:08 info: =================================
2023-03-28 09:03:19 info: =================================
2023-03-28 09:03:19 info: ======= ENV: development =======
2023-03-28 09:03:19 info: 🚀 App listening on the port 8000
2023-03-28 09:03:19 info: =================================
2023-03-28 09:03:29 info: =================================
2023-03-28 09:03:29 info: ======= ENV: development =======
2023-03-28 09:03:29 info: 🚀 App listening on the port 8000
2023-03-28 09:03:29 info: =================================
2023-03-28 09:05:35 info: =================================
2023-03-28 09:05:35 info: ======= ENV: development =======
2023-03-28 09:05:35 info: 🚀 App listening on the port 8000
2023-03-28 09:05:35 info: =================================
2023-03-28 09:06:18 info: =================================
2023-03-28 09:06:18 info: ======= ENV: development =======
2023-03-28 09:06:18 info: 🚀 App listening on the port 8000
2023-03-28 09:06:18 info: =================================
2023-03-28 09:06:29 info: =================================
2023-03-28 09:06:29 info: ======= ENV: development =======
2023-03-28 09:06:29 info: 🚀 App listening on the port 8000
2023-03-28 09:06:29 info: =================================
2023-03-28 09:07:04 info: =================================
2023-03-28 09:07:04 info: ======= ENV: development =======
2023-03-28 09:07:04 info: 🚀 App listening on the port 8000
2023-03-28 09:07:04 info: =================================
2023-03-28 09:07:15 info: =================================
2023-03-28 09:07:15 info: ======= ENV: development =======
2023-03-28 09:07:15 info: 🚀 App listening on the port 8000
2023-03-28 09:07:15 info: =================================
2023-03-28 09:10:27 info: [0mGET /projects/show/1 [36m304[0m 163.816 ms - -[0m
2023-03-28 09:20:57 info: =================================
2023-03-28 09:20:57 info: ======= ENV: development =======
2023-03-28 09:20:57 info: 🚀 App listening on the port 8000
2023-03-28 09:20:57 info: =================================
2023-03-28 09:21:11 info: =================================
2023-03-28 09:21:11 info: ======= ENV: development =======
2023-03-28 09:21:11 info: 🚀 App listening on the port 8000
2023-03-28 09:21:11 info: =================================
2023-03-28 09:23:30 info: [0mGET /voucher?voucher=EE-VOD97BUA-TT&member=LME1hzW8SexZd1gEzV [33m404[0m 13.102 ms - 146[0m
2023-03-28 09:26:40 info: =================================
2023-03-28 09:26:40 info: ======= ENV: development =======
2023-03-28 09:26:40 info: 🚀 App listening on the port 8000
2023-03-28 09:26:40 info: =================================
2023-03-28 09:37:59 info: [0mOPTIONS /uploads/Rite_home_p2.png [32m204[0m 8.603 ms - 0[0m
2023-03-28 09:37:59 info: [0mOPTIONS /uploads/Rite_home_p3.png [32m204[0m 0.254 ms - 0[0m
2023-03-28 09:38:21 info: [0mOPTIONS /uploads/CAMPAIGN.png [32m204[0m 0.508 ms - 0[0m
2023-03-28 09:38:21 info: [0mOPTIONS /uploads/CREATIVE%20%20COPYWRITER.png [32m204[0m 0.157 ms - 0[0m
2023-03-28 09:38:21 info: [0mGET /uploads/CAMPAIGN.png [33m404[0m 11.024 ms - 159[0m
2023-03-28 09:38:21 info: [0mGET /uploads/CREATIVE%20%20COPYWRITER.png [33m404[0m 5.392 ms - 175[0m
2023-03-28 09:38:25 info: [0mOPTIONS /uploads/CAMPAIGN.png [32m204[0m 0.466 ms - 0[0m
2023-03-28 09:38:25 info: [0mOPTIONS /uploads/CREATIVE%20%20COPYWRITER.png [32m204[0m 0.155 ms - 0[0m
2023-03-28 09:38:25 info: [0mGET /uploads/CAMPAIGN.png [33m404[0m 1.572 ms - 159[0m
2023-03-28 09:38:25 info: [0mGET /uploads/CREATIVE%20%20COPYWRITER.png [33m404[0m 9.246 ms - 175[0m
2023-03-28 09:38:39 info: [0mOPTIONS /uploads/Rite_home_p3.png [32m204[0m 0.964 ms - 0[0m
2023-03-28 09:38:39 info: [0mOPTIONS /uploads/Rite_home_p2.png [32m204[0m 0.208 ms - 0[0m
2023-03-28 09:38:42 info: [0mOPTIONS /uploads/CAMPAIGN.png [32m204[0m 1.046 ms - 0[0m
2023-03-28 09:38:42 info: [0mOPTIONS /uploads/CREATIVE%20%20COPYWRITER.png [32m204[0m 0.191 ms - 0[0m
2023-03-28 09:38:42 info: [0mGET /uploads/CAMPAIGN.png [33m404[0m 2.099 ms - 159[0m
2023-03-28 09:38:42 info: [0mGET /uploads/CREATIVE%20%20COPYWRITER.png [33m404[0m 0.937 ms - 175[0m
2023-03-28 09:38:50 info: [0mOPTIONS /uploads/Rite_work_copywriter_khangdimsum.png [32m204[0m 0.489 ms - 0[0m
2023-03-28 09:38:50 info: [0mGET /uploads/Rite_work_copywriter_khangdimsum.png [33m404[0m 1.411 ms - 183[0m
2023-03-28 09:40:56 info: [0mOPTIONS /uploads/CAMPAIGN.png [32m204[0m 0.676 ms - 0[0m
2023-03-28 09:40:56 info: [0mOPTIONS /uploads/CREATIVE%20%20COPYWRITER.png [32m204[0m 0.180 ms - 0[0m
2023-03-28 09:40:56 info: [0mGET /uploads/CAMPAIGN.png [33m404[0m 1.687 ms - 159[0m
2023-03-28 09:40:56 info: [0mGET /uploads/CREATIVE%20%20COPYWRITER.png [33m404[0m 2.145 ms - 175[0m
2023-03-28 09:40:56 info: [0mOPTIONS /uploads/Rite_work_copywriter_khangdimsum.png [32m204[0m 0.157 ms - 0[0m
2023-03-28 09:40:56 info: [0mGET /uploads/Rite_work_copywriter_khangdimsum.png [33m404[0m 0.572 ms - 183[0m
2023-03-28 09:40:57 info: [0mOPTIONS /uploads/CAMPAIGN.png [32m204[0m 0.444 ms - 0[0m
2023-03-28 09:40:57 info: [0mOPTIONS /uploads/CREATIVE%20%20COPYWRITER.png [32m204[0m 0.108 ms - 0[0m
2023-03-28 09:40:57 info: [0mGET /uploads/CAMPAIGN.png [33m404[0m 24.259 ms - 159[0m
2023-03-28 09:40:57 info: [0mGET /uploads/CREATIVE%20%20COPYWRITER.png [33m404[0m 5.951 ms - 175[0m
2023-03-28 09:40:58 info: [0mOPTIONS /uploads/Rite_home_p3.png [32m204[0m 0.381 ms - 0[0m
2023-03-28 09:40:58 info: [0mOPTIONS /uploads/Rite_home_p2.png [32m204[0m 0.463 ms - 0[0m
2023-03-28 09:41:00 info: [0mOPTIONS /uploads/CAMPAIGN.png [32m204[0m 0.228 ms - 0[0m
2023-03-28 09:41:00 info: [0mOPTIONS /uploads/CREATIVE%20%20COPYWRITER.png [32m204[0m 0.160 ms - 0[0m
2023-03-28 09:41:00 info: [0mGET /uploads/CAMPAIGN.png [33m404[0m 1.950 ms - 159[0m
2023-03-28 09:41:00 info: [0mGET /uploads/CREATIVE%20%20COPYWRITER.png [33m404[0m 4.507 ms - 175[0m
2023-03-28 09:41:17 info: [0mOPTIONS /uploads/Rite_work-11.png [32m204[0m 0.438 ms - 0[0m
2023-03-28 09:41:17 info: [0mOPTIONS /uploads/Rite_work-12.png [32m204[0m 0.557 ms - 0[0m
2023-03-28 09:41:17 info: [0mGET /uploads/Rite_work-11.png [33m404[0m 1.330 ms - 163[0m
2023-03-28 09:41:17 info: [0mGET /uploads/Rite_work-12.png [33m404[0m 0.445 ms - 163[0m
2023-03-28 09:41:30 info: [0mGET /uploads/Rite_work-11.png [33m404[0m 45.140 ms - 163[0m
2023-03-28 11:50:32 info: =================================
2023-03-28 11:50:32 info: ======= ENV: development =======
2023-03-28 11:50:32 info: 🚀 App listening on the port 8000
2023-03-28 11:50:32 info: =================================
2023-03-28 11:53:24 info: =================================
2023-03-28 11:53:24 info: ======= ENV: development =======
2023-03-28 11:53:24 info: 🚀 App listening on the port 8000
2023-03-28 11:53:24 info: =================================
2023-03-28 11:53:32 info: =================================
2023-03-28 11:53:32 info: ======= ENV: development =======
2023-03-28 11:53:32 info: 🚀 App listening on the port 8000
2023-03-28 11:53:32 info: =================================
2023-03-28 11:59:56 info: =================================
2023-03-28 11:59:56 info: ======= ENV: development =======
2023-03-28 11:59:56 info: 🚀 App listening on the port 8000
2023-03-28 11:59:56 info: =================================
2023-03-28 12:00:09 info: [0mGET /locale [33m404[0m 10.245 ms - 145[0m
2023-03-28 12:00:31 info: =================================
2023-03-28 12:00:31 info: ======= ENV: development =======
2023-03-28 12:00:31 info: 🚀 App listening on the port 8000
2023-03-28 12:00:31 info: =================================
2023-03-28 12:00:37 info: =================================
2023-03-28 12:00:37 info: ======= ENV: development =======
2023-03-28 12:00:37 info: 🚀 App listening on the port 8000
2023-03-28 12:00:37 info: =================================
2023-03-28 12:00:42 info: =================================
2023-03-28 12:00:42 info: ======= ENV: development =======
2023-03-28 12:00:42 info: 🚀 App listening on the port 8000
2023-03-28 12:00:42 info: =================================
2023-03-28 12:00:47 info: [0mGET /locale [33m404[0m 9.205 ms - 145[0m
2023-03-28 12:00:55 info: [0mGET /locale [33m404[0m 15.585 ms - 145[0m
2023-03-28 12:00:59 info: [0mGET /locale [33m404[0m 8.203 ms - 145[0m
2023-03-28 12:01:09 info: =================================
2023-03-28 12:01:09 info: ======= ENV: development =======
2023-03-28 12:01:09 info: 🚀 App listening on the port 8000
2023-03-28 12:01:09 info: =================================
2023-03-28 12:01:35 info: =================================
2023-03-28 12:01:35 info: ======= ENV: development =======
2023-03-28 12:01:35 info: 🚀 App listening on the port 8000
2023-03-28 12:01:35 info: =================================
2023-03-28 12:01:41 info: [0mGET /projects [32m200[0m 146.205 ms - 881[0m
2023-03-28 12:02:06 info: [0mGET /locale [33m404[0m 8.570 ms - 145[0m
2023-03-28 12:02:16 info: [0mGET /projects [32m200[0m 49.881 ms - 881[0m
2023-03-28 12:02:28 info: =================================
2023-03-28 12:02:28 info: ======= ENV: development =======
2023-03-28 12:02:28 info: 🚀 App listening on the port 8000
2023-03-28 12:02:28 info: =================================
2023-03-28 12:02:32 info: [0mGET /projects [32m200[0m 265.525 ms - 881[0m
2023-03-28 12:02:52 info: =================================
2023-03-28 12:02:52 info: ======= ENV: development =======
2023-03-28 12:02:52 info: 🚀 App listening on the port 8000
2023-03-28 12:02:52 info: =================================
2023-03-28 12:02:57 info: [0mGET /projects [32m200[0m 125.179 ms - 881[0m
2023-03-28 12:03:00 info: [0mGET /locale [33m404[0m 4.862 ms - 145[0m
2023-03-28 12:03:03 info: [0mGET /projects [32m200[0m 17.431 ms - 881[0m
2023-03-28 12:03:12 info: =================================
2023-03-28 12:03:12 info: ======= ENV: development =======
2023-03-28 12:03:12 info: 🚀 App listening on the port 8000
2023-03-28 12:03:12 info: =================================
2023-03-28 12:03:14 info: [0mGET /projects [32m200[0m 262.846 ms - 881[0m
2023-03-28 12:28:44 info: =================================
2023-03-28 12:28:44 info: ======= ENV: development =======
2023-03-28 12:28:44 info: 🚀 App listening on the port 8000
2023-03-28 12:28:44 info: =================================
2023-03-28 12:28:59 info: [0mGET /projects [32m200[0m 209.210 ms - 881[0m
2023-03-28 12:29:20 info: =================================
2023-03-28 12:29:20 info: ======= ENV: development =======
2023-03-28 12:29:20 info: 🚀 App listening on the port 8000
2023-03-28 12:29:20 info: =================================
2023-03-28 12:29:22 info: [0mGET /projects [32m200[0m 106.377 ms - 881[0m
2023-03-28 12:29:42 info: [0mGET /locale [33m404[0m 8.743 ms - 145[0m
2023-03-28 12:29:50 info: [0mGET /projects [32m200[0m 84.414 ms - 881[0m
2023-03-28 12:30:23 info: =================================
2023-03-28 12:30:23 info: ======= ENV: development =======
2023-03-28 12:30:23 info: 🚀 App listening on the port 8000
2023-03-28 12:30:23 info: =================================
2023-03-28 12:30:43 info: =================================
2023-03-28 12:30:43 info: ======= ENV: development =======
2023-03-28 12:30:43 info: 🚀 App listening on the port 8000
2023-03-28 12:30:43 info: =================================
2023-03-28 12:30:48 info: [0mGET /locale [33m404[0m 7.938 ms - 145[0m
2023-03-28 12:30:58 info: [0mGET /projects [32m200[0m 138.161 ms - 881[0m
2023-03-28 12:31:15 info: =================================
2023-03-28 12:31:15 info: ======= ENV: development =======
2023-03-28 12:31:15 info: 🚀 App listening on the port 8000
2023-03-28 12:31:15 info: =================================
2023-03-28 12:31:26 info: [0mGET /locale [33m404[0m 8.482 ms - 145[0m
2023-03-28 12:31:34 info: [0mGET /projects [32m200[0m 137.810 ms - 881[0m
2023-03-28 12:31:46 info: [0mGET /projects [32m200[0m 60.371 ms - 881[0m
2023-03-28 12:31:50 info: [0mGET /projects [32m200[0m 11.410 ms - 881[0m
2023-03-28 12:32:35 info: =================================
2023-03-28 12:32:35 info: ======= ENV: development =======
2023-03-28 12:32:35 info: 🚀 App listening on the port 8000
2023-03-28 12:32:35 info: =================================
2023-03-28 12:32:40 info: =================================
2023-03-28 12:32:40 info: ======= ENV: development =======
2023-03-28 12:32:40 info: 🚀 App listening on the port 8000
2023-03-28 12:32:40 info: =================================
2023-03-28 12:32:45 info: =================================
2023-03-28 12:32:45 info: ======= ENV: development =======
2023-03-28 12:32:45 info: 🚀 App listening on the port 8000
2023-03-28 12:32:45 info: =================================
2023-03-28 12:33:24 info: =================================
2023-03-28 12:33:24 info: ======= ENV: development =======
2023-03-28 12:33:24 info: 🚀 App listening on the port 8000
2023-03-28 12:33:24 info: =================================
2023-03-28 12:33:47 info: =================================
2023-03-28 12:33:47 info: ======= ENV: development =======
2023-03-28 12:33:47 info: 🚀 App listening on the port 8000
2023-03-28 12:33:47 info: =================================
2023-03-28 12:43:06 info: =================================
2023-03-28 12:43:06 info: ======= ENV: development =======
2023-03-28 12:43:06 info: 🚀 App listening on the port 8000
2023-03-28 12:43:06 info: =================================
2023-03-28 12:44:38 info: [0mOPTIONS /folders/get-medias [32m204[0m 1.006 ms - 0[0m
2023-03-28 12:44:38 info: [0mPOST /folders/get-medias [32m200[0m 89.452 ms - 31[0m
2023-03-28 12:44:38 info: [0mGET /folders [36m304[0m 191.974 ms - -[0m
2023-03-28 12:44:47 info: [0mOPTIONS /folders/get-medias [32m204[0m 0.297 ms - 0[0m
2023-03-28 12:44:47 info: [0mPOST /folders/get-medias [32m200[0m 27.550 ms - 31[0m
2023-03-28 12:44:51 info: [0mPOST /medias/create [32m200[0m 60.425 ms - 31[0m
2023-03-28 12:44:51 info: [0mPOST /folders/get-medias [32m200[0m 33.802 ms - 361[0m
2023-03-28 12:44:52 info: [0mOPTIONS /folders/get-medias [32m204[0m 0.142 ms - 0[0m
2023-03-28 12:44:52 info: [0mPOST /folders/get-medias [32m200[0m 4.654 ms - 31[0m
2023-03-28 12:44:53 info: [0mPOST /folders/get-medias [32m200[0m 5.345 ms - 361[0m
2023-03-28 12:44:53 info: [0mPOST /folders/get-medias [32m200[0m 2.705 ms - 31[0m
2023-03-28 12:45:07 info: [0mOPTIONS /folders/get-medias [32m204[0m 0.352 ms - 0[0m
2023-03-28 12:45:07 info: [0mPOST /folders/get-medias [32m200[0m 18.010 ms - 361[0m
2023-03-28 12:45:09 info: [0mPOST /folders/get-medias [32m200[0m 18.817 ms - 31[0m
2023-03-28 12:45:13 info: [0mPOST /medias/create [32m200[0m 57.188 ms - 31[0m
2023-03-28 12:45:13 info: [0mOPTIONS /folders/get-medias [32m204[0m 0.151 ms - 0[0m
2023-03-28 12:45:13 info: [0mPOST /folders/get-medias [32m200[0m 6.663 ms - 996[0m
2023-03-28 12:45:20 info: [0mOPTIONS /folders/get-medias [32m204[0m 0.191 ms - 0[0m
2023-03-28 12:45:20 info: [0mPOST /folders/get-medias [32m200[0m 4.257 ms - 31[0m
2023-03-28 12:45:20 info: [0mPOST /folders/get-medias [32m200[0m 2.781 ms - 361[0m
2023-03-28 12:45:21 info: [0mPOST /folders/get-medias [32m200[0m 3.964 ms - 996[0m
2023-03-28 12:45:21 info: [0mPOST /folders/get-medias [32m200[0m 3.752 ms - 31[0m
2023-03-28 12:45:31 info: [0mPOST /medias/create [32m200[0m 26.585 ms - 31[0m
2023-03-28 12:45:31 info: [0mOPTIONS /folders/get-medias [32m204[0m 0.147 ms - 0[0m
2023-03-28 12:45:31 info: [0mPOST /folders/get-medias [32m200[0m 3.418 ms - 1009[0m
2023-03-28 12:45:35 info: [0mPOST /medias/create [0m-[0m - ms - -[0m
2023-03-28 12:45:35 info: [0mPOST /medias/create [0m-[0m - ms - -[0m
2023-03-28 12:45:36 info: [0mOPTIONS /folders/get-medias [32m204[0m 0.196 ms - 0[0m
2023-03-28 12:45:36 info: [0mGET /folders [36m304[0m 97.557 ms - -[0m
2023-03-28 12:45:36 info: [0mPOST /folders/get-medias [32m200[0m 118.208 ms - 996[0m
2023-03-28 12:45:39 info: [0mPOST /folders/get-medias [32m200[0m 9.557 ms - 1009[0m
2023-03-28 12:45:39 info: [0mPOST /folders/get-medias [32m200[0m 2.924 ms - 361[0m
2023-03-28 12:45:40 info: [0mPOST /folders/get-medias [32m200[0m 2.877 ms - 996[0m
2023-03-28 12:45:42 info: [0mGET /projects [36m304[0m 69.272 ms - -[0m
2023-03-28 12:46:02 info: [0mOPTIONS /folders/get-medias [32m204[0m 0.320 ms - 0[0m
2023-03-28 12:46:02 info: [0mPOST /folders/get-medias [32m200[0m 82.751 ms - 996[0m
2023-03-28 12:46:02 info: [0mGET /folders [36m304[0m 82.721 ms - -[0m
2023-03-28 12:46:04 info: [0mPOST /folders/get-medias [32m200[0m 22.787 ms - 996[0m
2023-03-28 12:46:04 info: [0mGET /folders [36m304[0m 31.586 ms - -[0m
2023-03-28 12:46:07 info: [0mPOST /folders/get-medias [32m200[0m 8.228 ms - 996[0m
2023-03-28 12:46:07 info: [0mGET /folders [36m304[0m 8.230 ms - -[0m
2023-03-28 12:46:15 info: [0mOPTIONS /folders/get-medias [32m204[0m 0.148 ms - 0[0m
2023-03-28 12:46:15 info: [0mPOST /folders/get-medias [32m200[0m 23.559 ms - 996[0m
2023-03-28 12:46:15 info: [0mGET /folders [36m304[0m 37.182 ms - -[0m
2023-03-28 12:46:27 info: [0mOPTIONS /folders/get-medias [32m204[0m 0.215 ms - 0[0m
2023-03-28 12:46:27 info: [0mPOST /folders/get-medias [32m200[0m 36.234 ms - 996[0m
2023-03-28 12:46:27 info: [0mGET /folders [36m304[0m 74.271 ms - -[0m
2023-03-28 12:47:04 info: =================================
2023-03-28 12:47:04 info: ======= ENV: development =======
2023-03-28 12:47:04 info: 🚀 App listening on the port 8000
2023-03-28 12:47:04 info: =================================
2023-03-28 12:47:53 info: =================================
2023-03-28 12:47:53 info: ======= ENV: development =======
2023-03-28 12:47:53 info: 🚀 App listening on the port 8000
2023-03-28 12:47:53 info: =================================
2023-03-28 12:48:18 info: =================================
2023-03-28 12:48:18 info: ======= ENV: development =======
2023-03-28 12:48:18 info: 🚀 App listening on the port 8000
2023-03-28 12:48:18 info: =================================
2023-03-28 12:48:31 info: =================================
2023-03-28 12:48:31 info: ======= ENV: development =======
2023-03-28 12:48:31 info: 🚀 App listening on the port 8000
2023-03-28 12:48:31 info: =================================
2023-03-28 12:48:46 info: =================================
2023-03-28 12:48:46 info: ======= ENV: development =======
2023-03-28 12:48:46 info: 🚀 App listening on the port 8000
2023-03-28 12:48:46 info: =================================
2023-03-28 12:49:01 info: =================================
2023-03-28 12:49:01 info: ======= ENV: development =======
2023-03-28 12:49:01 info: 🚀 App listening on the port 8000
2023-03-28 12:49:01 info: =================================
2023-03-28 12:49:01 info: [0mGET /projects [32m200[0m 7.609 ms - 31[0m
2023-03-28 12:49:23 info: =================================
2023-03-28 12:49:23 info: ======= ENV: development =======
2023-03-28 12:49:23 info: 🚀 App listening on the port 8000
2023-03-28 12:49:23 info: =================================
2023-03-28 12:49:56 info: =================================
2023-03-28 12:49:56 info: ======= ENV: development =======
2023-03-28 12:49:56 info: 🚀 App listening on the port 8000
2023-03-28 12:49:56 info: =================================
2023-03-28 12:49:57 info: [0mGET /projects [36m304[0m 6.877 ms - -[0m
2023-03-28 12:50:17 info: =================================
2023-03-28 12:50:17 info: ======= ENV: development =======
2023-03-28 12:50:17 info: 🚀 App listening on the port 8000
2023-03-28 12:50:17 info: =================================
2023-03-28 12:50:21 info: [0mGET /projects [32m200[0m 165.379 ms - 881[0m
2023-03-28 12:50:35 info: =================================
2023-03-28 12:50:35 info: ======= ENV: development =======
2023-03-28 12:50:35 info: 🚀 App listening on the port 8000
2023-03-28 12:50:35 info: =================================
2023-03-28 12:50:50 info: =================================
2023-03-28 12:50:50 info: ======= ENV: development =======
2023-03-28 12:50:50 info: 🚀 App listening on the port 8000
2023-03-28 12:50:50 info: =================================
2023-03-28 12:51:19 info: [0mOPTIONS /folders/get-medias [32m204[0m 3.923 ms - 0[0m
2023-03-28 12:51:19 info: [0mPOST /folders/get-medias [32m200[0m 104.392 ms - 996[0m
2023-03-28 12:51:19 info: [0mGET /folders [36m304[0m 84.249 ms - -[0m
2023-03-28 12:51:22 info: [0mGET /projects [36m304[0m 115.207 ms - -[0m
2023-03-28 12:51:42 info: [0mGET /projects/show/1 [32m200[0m 54.956 ms - 198[0m
2023-03-28 12:52:01 info: [0mGET /projects/show/1 [36m304[0m 36.575 ms - -[0m
2023-03-28 12:52:05 info: [0mGET /projects/show/1 [36m304[0m 12.105 ms - -[0m
2023-03-28 12:52:48 info: =================================
2023-03-28 12:52:48 info: ======= ENV: development =======
2023-03-28 12:52:48 info: 🚀 App listening on the port 8000
2023-03-28 12:52:48 info: =================================
2023-03-28 12:53:05 info: =================================
2023-03-28 12:53:05 info: ======= ENV: development =======
2023-03-28 12:53:05 info: 🚀 App listening on the port 8000
2023-03-28 12:53:05 info: =================================
2023-03-28 12:53:11 info: =================================
2023-03-28 12:53:11 info: ======= ENV: development =======
2023-03-28 12:53:11 info: 🚀 App listening on the port 8000
2023-03-28 12:53:11 info: =================================
2023-03-28 12:53:21 info: =================================
2023-03-28 12:53:21 info: ======= ENV: development =======
2023-03-28 12:53:21 info: 🚀 App listening on the port 8000
2023-03-28 12:53:21 info: =================================
2023-03-28 12:53:38 info: =================================
2023-03-28 12:53:38 info: ======= ENV: development =======
2023-03-28 12:53:38 info: 🚀 App listening on the port 8000
2023-03-28 12:53:38 info: =================================
2023-03-28 12:53:45 info: =================================
2023-03-28 12:53:45 info: ======= ENV: development =======
2023-03-28 12:53:45 info: 🚀 App listening on the port 8000
2023-03-28 12:53:45 info: =================================
2023-03-28 12:53:52 info: =================================
2023-03-28 12:53:52 info: ======= ENV: development =======
2023-03-28 12:53:52 info: 🚀 App listening on the port 8000
2023-03-28 12:53:52 info: =================================
2023-03-28 12:54:07 info: =================================
2023-03-28 12:54:07 info: ======= ENV: development =======
2023-03-28 12:54:07 info: 🚀 App listening on the port 8000
2023-03-28 12:54:07 info: =================================
2023-03-28 12:54:18 info: =================================
2023-03-28 12:54:18 info: ======= ENV: development =======
2023-03-28 12:54:18 info: 🚀 App listening on the port 8000
2023-03-28 12:54:18 info: =================================
2023-03-28 12:54:41 info: =================================
2023-03-28 12:54:41 info: ======= ENV: development =======
2023-03-28 12:54:41 info: 🚀 App listening on the port 8000
2023-03-28 12:54:41 info: =================================
2023-03-28 12:55:09 info: =================================
2023-03-28 12:55:09 info: ======= ENV: development =======
2023-03-28 12:55:09 info: 🚀 App listening on the port 8000
2023-03-28 12:55:09 info: =================================
2023-03-28 12:55:26 info: =================================
2023-03-28 12:55:26 info: ======= ENV: development =======
2023-03-28 12:55:26 info: 🚀 App listening on the port 8000
2023-03-28 12:55:26 info: =================================
2023-03-28 12:55:39 info: [0mGET /projects [36m304[0m 75.520 ms - -[0m
2023-03-28 12:57:19 info: [0mGET /projects [36m304[0m 57.534 ms - -[0m
2023-03-28 12:57:21 info: [0mGET /projects/show/1 [36m304[0m 54.113 ms - -[0m
2023-03-28 12:57:52 info: =================================
2023-03-28 12:57:52 info: ======= ENV: development =======
2023-03-28 12:57:52 info: 🚀 App listening on the port 8000
2023-03-28 12:57:52 info: =================================
2023-03-28 12:58:07 info: [0mGET /projects [36m304[0m 167.633 ms - -[0m
2023-03-28 12:59:57 info: [0mOPTIONS /folders/get-medias [32m204[0m 2.219 ms - 0[0m
2023-03-28 12:59:57 info: [0mGET /folders [36m304[0m 107.472 ms - -[0m
2023-03-28 12:59:57 info: [0mPOST /folders/get-medias [32m200[0m 143.548 ms - 996[0m
2023-03-28 13:06:20 info: [0mOPTIONS /folders/get-medias [32m204[0m 10.960 ms - 0[0m
2023-03-28 13:06:20 info: [0mPOST /folders/get-medias [32m200[0m 66.613 ms - 996[0m
2023-03-28 13:06:20 info: [0mGET /folders [36m304[0m 46.381 ms - -[0m
2023-03-28 13:06:42 info: [0mGET /projects [36m304[0m 76.836 ms - -[0m
2023-03-28 13:08:27 info: =================================
2023-03-28 13:08:28 info: ======= ENV: development =======
2023-03-28 13:08:28 info: 🚀 App listening on the port 8000
2023-03-28 13:08:28 info: =================================
2023-03-28 13:08:35 info: =================================
2023-03-28 13:08:35 info: ======= ENV: development =======
2023-03-28 13:08:35 info: 🚀 App listening on the port 8000
2023-03-28 13:08:35 info: =================================
2023-03-28 13:09:26 info: [0mGET /projects [36m304[0m 189.748 ms - -[0m
2023-03-28 13:09:28 info: [0mGET /projects [36m304[0m 31.719 ms - -[0m
2023-03-28 13:09:32 info: [0mGET /projects [36m304[0m 19.301 ms - -[0m
2023-03-28 13:09:38 info: [0mGET /posts [33m404[0m 6.335 ms - 144[0m
2023-03-28 13:09:47 info: [0mGET /posts [33m404[0m 18.028 ms - 144[0m
2023-03-28 13:09:57 info: [0mGET /posts [33m404[0m 1.615 ms - 144[0m
2023-03-28 13:10:01 info: [0mGET /posts [33m404[0m 1.278 ms - 144[0m
2023-03-28 13:10:17 info: =================================
2023-03-28 13:10:17 info: ======= ENV: development =======
2023-03-28 13:10:17 info: 🚀 App listening on the port 8000
2023-03-28 13:10:17 info: =================================
2023-03-28 13:10:21 info: [0mGET /posts [0m-[0m - ms - -[0m
2023-03-28 13:11:38 info: =================================
2023-03-28 13:11:38 info: ======= ENV: development =======
2023-03-28 13:11:38 info: 🚀 App listening on the port 8000
2023-03-28 13:11:38 info: =================================
2023-03-28 13:12:31 info: =================================
2023-03-28 13:12:31 info: ======= ENV: development =======
2023-03-28 13:12:31 info: 🚀 App listening on the port 8000
2023-03-28 13:12:31 info: =================================
2023-03-28 13:13:07 info: [0mGET /projects [36m304[0m 121.786 ms - -[0m
2023-03-28 13:14:50 info: =================================
2023-03-28 13:14:50 info: ======= ENV: development =======
2023-03-28 13:14:50 info: 🚀 App listening on the port 8000
2023-03-28 13:14:50 info: =================================
2023-03-28 13:17:24 info: =================================
2023-03-28 13:17:24 info: ======= ENV: development =======
2023-03-28 13:17:24 info: 🚀 App listening on the port 8000
2023-03-28 13:17:24 info: =================================
2023-03-28 13:17:53 info: =================================
2023-03-28 13:17:53 info: ======= ENV: development =======
2023-03-28 13:17:53 info: 🚀 App listening on the port 8000
2023-03-28 13:17:53 info: =================================
2023-03-28 13:18:32 info: =================================
2023-03-28 13:18:32 info: ======= ENV: development =======
2023-03-28 13:18:32 info: 🚀 App listening on the port 8000
2023-03-28 13:18:32 info: =================================
2023-03-28 13:19:16 info: =================================
2023-03-28 13:19:16 info: ======= ENV: development =======
2023-03-28 13:19:16 info: 🚀 App listening on the port 8000
2023-03-28 13:19:16 info: =================================
2023-03-28 13:20:28 info: =================================
2023-03-28 13:20:28 info: ======= ENV: development =======
2023-03-28 13:20:28 info: 🚀 App listening on the port 8000
2023-03-28 13:20:28 info: =================================
2023-03-28 13:20:37 info: =================================
2023-03-28 13:20:37 info: ======= ENV: development =======
2023-03-28 13:20:37 info: 🚀 App listening on the port 8000
2023-03-28 13:20:37 info: =================================
2023-03-28 13:20:44 info: =================================
2023-03-28 13:20:44 info: ======= ENV: development =======
2023-03-28 13:20:44 info: 🚀 App listening on the port 8000
2023-03-28 13:20:44 info: =================================
2023-03-28 13:20:57 info: =================================
2023-03-28 13:20:57 info: ======= ENV: development =======
2023-03-28 13:20:57 info: 🚀 App listening on the port 8000
2023-03-28 13:20:57 info: =================================
2023-03-28 13:21:21 info: =================================
2023-03-28 13:21:21 info: ======= ENV: development =======
2023-03-28 13:21:21 info: 🚀 App listening on the port 8000
2023-03-28 13:21:21 info: =================================
2023-03-28 13:21:28 info: =================================
2023-03-28 13:21:28 info: ======= ENV: development =======
2023-03-28 13:21:28 info: 🚀 App listening on the port 8000
2023-03-28 13:21:28 info: =================================
2023-03-28 13:21:58 info: =================================
2023-03-28 13:21:58 info: ======= ENV: development =======
2023-03-28 13:21:58 info: 🚀 App listening on the port 8000
2023-03-28 13:21:58 info: =================================
2023-03-28 13:22:41 info: =================================
2023-03-28 13:22:41 info: ======= ENV: development =======
2023-03-28 13:22:41 info: 🚀 App listening on the port 8000
2023-03-28 13:22:41 info: =================================
2023-03-28 13:22:51 info: =================================
2023-03-28 13:22:51 info: ======= ENV: development =======
2023-03-28 13:22:51 info: 🚀 App listening on the port 8000
2023-03-28 13:22:51 info: =================================
2023-03-28 13:23:12 info: =================================
2023-03-28 13:23:12 info: ======= ENV: development =======
2023-03-28 13:23:12 info: 🚀 App listening on the port 8000
2023-03-28 13:23:12 info: =================================
2023-03-28 13:23:20 info: =================================
2023-03-28 13:23:20 info: ======= ENV: development =======
2023-03-28 13:23:20 info: 🚀 App listening on the port 8000
2023-03-28 13:23:20 info: =================================
2023-03-28 13:23:40 info: =================================
2023-03-28 13:23:40 info: ======= ENV: development =======
2023-03-28 13:23:40 info: 🚀 App listening on the port 8000
2023-03-28 13:23:40 info: =================================
2023-03-28 13:23:42 info: [0mGET /projects [36m304[0m 357.164 ms - -[0m
2023-03-28 13:23:51 info: [0mGET /posts [0m-[0m - ms - -[0m
2023-03-28 13:27:29 info: =================================
2023-03-28 13:27:29 info: ======= ENV: development =======
2023-03-28 13:27:29 info: 🚀 App listening on the port 8000
2023-03-28 13:27:29 info: =================================
2023-03-28 13:27:41 info: =================================
2023-03-28 13:27:41 info: ======= ENV: development =======
2023-03-28 13:27:41 info: 🚀 App listening on the port 8000
2023-03-28 13:27:41 info: =================================
2023-03-28 13:29:54 info: =================================
2023-03-28 13:29:54 info: ======= ENV: development =======
2023-03-28 13:29:54 info: 🚀 App listening on the port 8000
2023-03-28 13:29:54 info: =================================
2023-03-28 13:33:00 info: =================================
2023-03-28 13:33:00 info: ======= ENV: development =======
2023-03-28 13:33:00 info: 🚀 App listening on the port 8000
2023-03-28 13:33:00 info: =================================
2023-03-28 13:33:22 info: =================================
2023-03-28 13:33:22 info: ======= ENV: development =======
2023-03-28 13:33:22 info: 🚀 App listening on the port 8000
2023-03-28 13:33:22 info: =================================
2023-03-28 13:33:30 info: =================================
2023-03-28 13:33:30 info: ======= ENV: development =======
2023-03-28 13:33:30 info: 🚀 App listening on the port 8000
2023-03-28 13:33:30 info: =================================
2023-03-28 13:34:14 info: =================================
2023-03-28 13:34:14 info: ======= ENV: development =======
2023-03-28 13:34:14 info: 🚀 App listening on the port 8000
2023-03-28 13:34:14 info: =================================
2023-03-28 13:34:24 info: =================================
2023-03-28 13:34:24 info: ======= ENV: development =======
2023-03-28 13:34:24 info: 🚀 App listening on the port 8000
2023-03-28 13:34:24 info: =================================
2023-03-28 13:34:31 info: =================================
2023-03-28 13:34:31 info: ======= ENV: development =======
2023-03-28 13:34:31 info: 🚀 App listening on the port 8000
2023-03-28 13:34:31 info: =================================
2023-03-28 13:34:37 info: =================================
2023-03-28 13:34:37 info: ======= ENV: development =======
2023-03-28 13:34:37 info: 🚀 App listening on the port 8000
2023-03-28 13:34:37 info: =================================
2023-03-28 13:34:47 info: =================================
2023-03-28 13:34:47 info: ======= ENV: development =======
2023-03-28 13:34:47 info: 🚀 App listening on the port 8000
2023-03-28 13:34:47 info: =================================
2023-03-28 13:34:55 info: =================================
2023-03-28 13:34:55 info: ======= ENV: development =======
2023-03-28 13:34:55 info: 🚀 App listening on the port 8000
2023-03-28 13:34:55 info: =================================
2023-03-28 13:35:00 info: =================================
2023-03-28 13:35:00 info: ======= ENV: development =======
2023-03-28 13:35:00 info: 🚀 App listening on the port 8000
2023-03-28 13:35:00 info: =================================
2023-03-28 13:35:05 info: =================================
2023-03-28 13:35:05 info: ======= ENV: development =======
2023-03-28 13:35:05 info: 🚀 App listening on the port 8000
2023-03-28 13:35:05 info: =================================
2023-03-28 13:35:36 info: =================================
2023-03-28 13:35:36 info: ======= ENV: development =======
2023-03-28 13:35:36 info: 🚀 App listening on the port 8000
2023-03-28 13:35:36 info: =================================
2023-03-28 13:35:44 info: =================================
2023-03-28 13:35:44 info: ======= ENV: development =======
2023-03-28 13:35:44 info: 🚀 App listening on the port 8000
2023-03-28 13:35:44 info: =================================
2023-03-28 13:35:52 info: =================================
2023-03-28 13:35:52 info: ======= ENV: development =======
2023-03-28 13:35:52 info: 🚀 App listening on the port 8000
2023-03-28 13:35:52 info: =================================
2023-03-28 13:45:43 info: =================================
2023-03-28 13:45:43 info: ======= ENV: development =======
2023-03-28 13:45:43 info: 🚀 App listening on the port 8000
2023-03-28 13:45:43 info: =================================
2023-03-28 13:46:36 info: =================================
2023-03-28 13:46:36 info: ======= ENV: development =======
2023-03-28 13:46:36 info: 🚀 App listening on the port 8000
2023-03-28 13:46:36 info: =================================
2023-03-28 13:47:06 info: =================================
2023-03-28 13:47:06 info: ======= ENV: development =======
2023-03-28 13:47:06 info: 🚀 App listening on the port 8000
2023-03-28 13:47:06 info: =================================
2023-03-28 13:47:37 info: =================================
2023-03-28 13:47:37 info: ======= ENV: development =======
2023-03-28 13:47:37 info: 🚀 App listening on the port 8000
2023-03-28 13:47:37 info: =================================
2023-03-28 13:48:32 info: =================================
2023-03-28 13:48:32 info: ======= ENV: development =======
2023-03-28 13:48:32 info: 🚀 App listening on the port 8000
2023-03-28 13:48:32 info: =================================
2023-03-28 13:48:38 info: =================================
2023-03-28 13:48:38 info: ======= ENV: development =======
2023-03-28 13:48:38 info: 🚀 App listening on the port 8000
2023-03-28 13:48:38 info: =================================
2023-03-28 13:48:41 info: [0mGET /posts [32m200[0m 219.670 ms - 606[0m
2023-03-28 13:49:32 info: =================================
2023-03-28 13:49:32 info: ======= ENV: development =======
2023-03-28 13:49:32 info: 🚀 App listening on the port 8000
2023-03-28 13:49:32 info: =================================
2023-03-28 13:50:09 info: =================================
2023-03-28 13:50:09 info: ======= ENV: development =======
2023-03-28 13:50:09 info: 🚀 App listening on the port 8000
2023-03-28 13:50:09 info: =================================
2023-03-28 13:50:38 info: [0mGET /projects [36m304[0m 108.953 ms - -[0m
2023-03-28 13:50:39 info: [0mGET /posts [36m304[0m 10.692 ms - -[0m
2023-03-28 13:50:40 info: [0mGET /projects [36m304[0m 58.805 ms - -[0m
2023-03-28 13:50:40 info: [0mGET /posts [36m304[0m 5.399 ms - -[0m
2023-03-28 13:50:49 info: [0mGET /projects [36m304[0m 43.214 ms - -[0m
2023-03-28 13:50:50 info: [0mGET /posts [36m304[0m 32.482 ms - -[0m
2023-03-28 13:52:17 info: [0mGET /projects [36m304[0m 94.142 ms - -[0m
2023-03-28 13:52:19 info: [0mGET /posts [36m304[0m 30.941 ms - -[0m
2023-03-28 13:52:28 info: [0mGET /posts [36m304[0m 13.019 ms - -[0m
2023-03-28 13:52:50 info: [0mGET /posts [36m304[0m 23.000 ms - -[0m
2023-03-28 13:52:53 info: [0mGET /posts [36m304[0m 11.146 ms - -[0m
2023-03-28 13:52:57 info: [0mGET /posts/show/3 [32m200[0m 60.467 ms - 201[0m
2023-03-28 13:53:00 info: [0mGET /posts [36m304[0m 12.082 ms - -[0m
2023-03-28 13:53:03 info: [0mGET /posts/show/1 [32m200[0m 91.030 ms - 199[0m
2023-03-28 13:53:05 info: [0mGET /posts [36m304[0m 9.809 ms - -[0m
2023-03-28 13:53:12 info: [0mGET /posts/show/2 [32m200[0m 78.657 ms - 199[0m
2023-03-28 13:53:17 info: [0mOPTIONS /posts/update/2 [32m204[0m 0.313 ms - 0[0m
2023-03-28 13:53:17 info: [0mPUT /posts/update/2 [31m500[0m 93.495 ms - -[0m
2023-03-28 13:53:21 info: [0mGET /posts [36m304[0m 32.757 ms - -[0m
