2023-03-27 09:08:46 info: =================================
2023-03-27 09:08:46 info: ======= ENV: development =======
2023-03-27 09:08:46 info: 🚀 App listening on the port 8000
2023-03-27 09:08:46 info: =================================
2023-03-27 09:09:19 info: [0mOPTIONS /folders/get-medias [32m204[0m 2.555 ms - 0[0m
2023-03-27 09:09:19 info: [0mPOST /folders/get-medias [32m200[0m 165.895 ms - 1002[0m
2023-03-27 09:09:19 info: [0mGET /folders [36m304[0m 97.443 ms - -[0m
2023-03-27 09:09:33 info: [0mOPTIONS /folders/get-medias [32m204[0m 0.343 ms - 0[0m
2023-03-27 09:09:33 info: [0mPOST /folders/get-medias [32m200[0m 15.019 ms - 676[0m
2023-03-27 09:12:03 info: [0mOPTIONS /folders/get-medias [32m204[0m 0.738 ms - 0[0m
2023-03-27 09:12:03 info: [0mPOST /folders/get-medias [32m200[0m 76.037 ms - 355[0m
2023-03-27 09:12:05 info: [0mPOST /medias/create [32m200[0m 169.611 ms - 31[0m
2023-03-27 09:12:05 info: [0mPOST /folders/get-medias [32m200[0m 8.849 ms - -[0m
2023-03-27 09:12:07 info: [0mPOST /folders/get-medias [32m200[0m 6.688 ms - 676[0m
2023-03-27 09:12:07 info: [0mPOST /folders/get-medias [32m200[0m 2.734 ms - 1002[0m
2023-03-27 09:12:08 info: [0mOPTIONS /folders/get-medias [32m204[0m 0.447 ms - 0[0m
2023-03-27 09:12:08 info: [0mPOST /folders/get-medias [32m200[0m 3.325 ms - 676[0m
2023-03-27 09:12:08 info: [0mPOST /folders/get-medias [32m200[0m 4.169 ms - -[0m
2023-03-27 09:12:09 info: [0mPOST /folders/get-medias [32m200[0m 2.916 ms - 676[0m
2023-03-27 09:12:09 info: [0mPOST /folders/get-medias [32m200[0m 4.557 ms - 1002[0m
2023-03-27 09:12:09 info: [0mPOST /folders/get-medias [32m200[0m 3.773 ms - -[0m
2023-03-27 09:12:10 info: [0mPOST /folders/get-medias [32m200[0m 4.838 ms - 676[0m
2023-03-27 09:12:10 info: [0mPOST /folders/get-medias [32m200[0m 4.201 ms - 1002[0m
2023-03-27 09:12:10 info: [0mPOST /folders/get-medias [32m200[0m 4.204 ms - -[0m
2023-03-27 09:12:10 info: [0mPOST /folders/get-medias [32m200[0m 3.752 ms - 676[0m
2023-03-27 09:12:11 info: [0mPOST /folders/get-medias [32m200[0m 4.701 ms - 1002[0m
2023-03-27 09:12:11 info: [0mPOST /folders/get-medias [32m200[0m 10.217 ms - -[0m
2023-03-27 09:12:12 info: [0mPOST /folders/get-medias [32m200[0m 2.881 ms - 676[0m
2023-03-27 09:12:12 info: [0mPOST /folders/get-medias [32m200[0m 3.123 ms - 1002[0m
2023-03-27 09:12:13 info: [0mOPTIONS /folders/get-medias [32m204[0m 0.199 ms - 0[0m
2023-03-27 09:12:13 info: [0mPOST /folders/get-medias [32m200[0m 27.031 ms - 676[0m
2023-03-27 09:12:13 info: [0mPOST /folders/get-medias [32m200[0m 3.804 ms - -[0m
2023-03-27 09:12:15 info: [0mPOST /folders/get-medias [32m200[0m 2.758 ms - 676[0m
2023-03-27 09:12:16 info: [0mPOST /folders/get-medias [32m200[0m 3.996 ms - -[0m
2023-03-27 09:12:17 info: [0mPOST /folders/get-medias [32m200[0m 3.954 ms - 676[0m
2023-03-27 09:12:17 info: [0mPOST /folders/get-medias [32m200[0m 3.464 ms - 1002[0m
2023-03-27 09:12:17 info: [0mPOST /folders/get-medias [32m200[0m 3.643 ms - -[0m
2023-03-27 09:12:18 info: [0mPOST /folders/get-medias [32m200[0m 2.957 ms - 676[0m
2023-03-27 09:12:18 info: [0mOPTIONS /folders/get-medias [32m204[0m 0.162 ms - 0[0m
2023-03-27 09:12:18 info: [0mPOST /folders/get-medias [32m200[0m 3.000 ms - 1002[0m
2023-03-27 09:12:19 info: [0mPOST /folders/get-medias [32m200[0m 2.759 ms - 676[0m
2023-03-27 09:12:19 info: [0mPOST /folders/get-medias [32m200[0m 3.153 ms - -[0m
2023-03-27 09:12:20 info: [0mPOST /folders/get-medias [32m200[0m 2.157 ms - 676[0m
2023-03-27 09:12:21 info: [0mPOST /folders/get-medias [32m200[0m 2.340 ms - 1002[0m
2023-03-27 09:12:21 info: [0mPOST /folders/get-medias [32m200[0m 8.095 ms - 676[0m
2023-03-27 09:12:22 info: [0mPOST /folders/get-medias [32m200[0m 8.499 ms - -[0m
2023-03-27 09:12:22 info: [0mPOST /folders/get-medias [32m200[0m 4.107 ms - 1002[0m
2023-03-27 09:12:23 info: [0mPOST /folders/get-medias [32m200[0m 2.238 ms - 676[0m
2023-03-27 09:12:23 info: [0mPOST /folders/get-medias [32m200[0m 3.207 ms - -[0m
2023-03-27 09:12:24 info: [0mOPTIONS /folders/get-medias [32m204[0m 0.159 ms - 0[0m
2023-03-27 09:12:24 info: [0mPOST /folders/get-medias [32m200[0m 4.304 ms - 676[0m
2023-03-27 09:12:24 info: [0mPOST /folders/get-medias [32m200[0m 2.847 ms - 1002[0m
2023-03-27 09:12:25 info: [0mPOST /folders/get-medias [32m200[0m 2.942 ms - 676[0m
2023-03-27 09:12:25 info: [0mPOST /folders/get-medias [32m200[0m 3.363 ms - -[0m
2023-03-27 09:12:26 info: [0mPOST /folders/get-medias [32m200[0m 5.619 ms - 676[0m
2023-03-27 09:12:27 info: [0mPOST /folders/get-medias [32m200[0m 5.505 ms - 1002[0m
2023-03-27 09:12:27 info: [0mPOST /folders/get-medias [32m200[0m 2.582 ms - 676[0m
2023-03-27 09:12:28 info: [0mPOST /folders/get-medias [32m200[0m 2.979 ms - -[0m
2023-03-27 09:12:28 info: [0mPOST /folders/get-medias [32m200[0m 4.666 ms - 676[0m
2023-03-27 09:12:28 info: [0mPOST /folders/get-medias [32m200[0m 3.333 ms - 1002[0m
2023-03-27 09:12:32 info: [0mOPTIONS /folders/get-medias [32m204[0m 0.182 ms - 0[0m
2023-03-27 09:12:32 info: [0mPOST /folders/get-medias [32m200[0m 2.230 ms - 676[0m
2023-03-27 09:12:32 info: [0mPOST /folders/get-medias [32m200[0m 3.267 ms - -[0m
2023-03-27 09:12:39 info: [0mOPTIONS /folders/get-medias [32m204[0m 0.715 ms - 0[0m
2023-03-27 09:12:39 info: [0mPOST /folders/get-medias [32m200[0m 37.046 ms - 676[0m
2023-03-27 09:12:40 info: [0mPOST /folders/get-medias [32m200[0m 5.564 ms - -[0m
2023-03-27 09:12:41 info: [0mPOST /folders/get-medias [32m200[0m 6.357 ms - -[0m
2023-03-27 09:12:45 info: [0mOPTIONS /folders/get-medias [32m204[0m 0.529 ms - 0[0m
2023-03-27 09:12:45 info: [0mPOST /folders/get-medias [32m200[0m 28.759 ms - 676[0m
2023-03-27 09:12:55 info: [0mOPTIONS /folders/get-medias [32m204[0m 0.189 ms - 0[0m
2023-03-27 09:12:55 info: [0mPOST /folders/get-medias [32m200[0m 5.978 ms - -[0m
2023-03-27 09:12:56 info: [0mPOST /folders/get-medias [32m200[0m 4.221 ms - -[0m
2023-03-27 09:12:56 info: [0mPOST /folders/get-medias [32m200[0m 3.934 ms - -[0m
2023-03-27 09:12:56 info: [0mPOST /folders/get-medias [32m200[0m 9.380 ms - 676[0m
2023-03-27 11:24:56 info: =================================
2023-03-27 11:24:56 info: ======= ENV: development =======
2023-03-27 11:24:56 info: 🚀 App listening on the port 8000
2023-03-27 11:24:56 info: =================================
2023-03-27 11:25:39 info: [0mOPTIONS /folders/get-medias [32m204[0m 3.411 ms - 0[0m
2023-03-27 11:25:40 info: [0mPOST /folders/get-medias [32m200[0m 201.042 ms - 1002[0m
2023-03-27 11:25:40 info: [0mGET /folders [36m304[0m 170.845 ms - -[0m
2023-03-27 11:25:45 info: [0mOPTIONS /folders/get-medias [32m204[0m 0.175 ms - 0[0m
2023-03-27 11:25:45 info: [0mPOST /folders/get-medias [32m200[0m 7.107 ms - 676[0m
2023-03-27 11:25:46 info: [0mPOST /folders/get-medias [32m200[0m 11.085 ms - -[0m
2023-03-27 11:25:47 info: [0mPOST /folders/get-medias [32m200[0m 5.086 ms - -[0m
2023-03-27 11:25:47 info: [0mPOST /folders/get-medias [32m200[0m 3.286 ms - -[0m
2023-03-27 11:25:48 info: [0mPOST /folders/get-medias [32m200[0m 3.792 ms - 676[0m
2023-03-27 11:25:48 info: [0mPOST /folders/get-medias [32m200[0m 4.391 ms - 1002[0m
2023-03-27 11:25:48 info: [0mPOST /folders/get-medias [32m200[0m 4.758 ms - 676[0m
2023-03-27 11:25:48 info: [0mPOST /folders/get-medias [32m200[0m 3.797 ms - -[0m
2023-03-27 11:25:49 info: [0mPOST /folders/get-medias [32m200[0m 4.889 ms - -[0m
2023-03-27 11:25:49 info: [0mPOST /folders/get-medias [32m200[0m 4.224 ms - 676[0m
2023-03-27 11:25:50 info: [0mPOST /folders/get-medias [32m200[0m 3.007 ms - 1002[0m
2023-03-27 11:27:02 info: [0mOPTIONS /folders/get-medias [32m204[0m 0.797 ms - 0[0m
2023-03-27 11:27:02 info: [0mPOST /folders/get-medias [32m200[0m 25.645 ms - 676[0m
2023-03-27 11:27:02 info: [0mPOST /folders/get-medias [32m200[0m 9.159 ms - -[0m
2023-03-27 11:27:03 info: [0mPOST /folders/get-medias [32m200[0m 5.273 ms - -[0m
2023-03-27 11:27:03 info: [0mPOST /folders/get-medias [32m200[0m 3.325 ms - 676[0m
2023-03-27 11:27:04 info: [0mPOST /folders/get-medias [32m200[0m 2.366 ms - 1002[0m
2023-03-27 11:27:04 info: [0mPOST /folders/get-medias [32m200[0m 3.481 ms - 676[0m
2023-03-27 11:27:04 info: [0mPOST /folders/get-medias [32m200[0m 10.734 ms - -[0m
2023-03-27 11:27:06 info: [0mPOST /folders/get-medias [32m200[0m 3.761 ms - -[0m
2023-03-27 11:27:07 info: [0mOPTIONS /medias/delete/46 [32m204[0m 0.244 ms - 0[0m
2023-03-27 11:27:07 info: [0mDELETE /medias/delete/46 [32m200[0m 20.734 ms - 30[0m
2023-03-27 11:27:07 info: [0mOPTIONS /folders/get-medias [32m204[0m 0.178 ms - 0[0m
2023-03-27 11:27:07 info: [0mPOST /folders/get-medias [32m200[0m 5.374 ms - 1001[0m
2023-03-27 11:27:09 info: [0mPOST /folders/get-medias [32m200[0m 2.880 ms - 1002[0m
2023-03-27 11:27:09 info: [0mPOST /folders/get-medias [32m200[0m 2.880 ms - 1001[0m
2023-03-27 11:28:37 info: [0mGET /projects [36m304[0m 209.180 ms - -[0m
2023-03-27 11:49:30 info: [0mOPTIONS /folders/get-medias [32m204[0m 25.702 ms - 0[0m
2023-03-27 11:49:31 info: [0mPOST /folders/get-medias [32m200[0m 98.280 ms - 1002[0m
2023-03-27 11:49:31 info: [0mGET /folders [36m304[0m 93.629 ms - -[0m
2023-03-27 11:49:33 info: [0mGET /projects [36m304[0m 91.700 ms - -[0m
2023-03-27 11:51:11 info: [0mOPTIONS /folders/get-medias [32m204[0m 0.666 ms - 0[0m
2023-03-27 11:51:11 info: [0mGET /folders [36m304[0m 82.463 ms - -[0m
2023-03-27 11:51:11 info: [0mPOST /folders/get-medias [32m200[0m 96.784 ms - 1002[0m
2023-03-27 11:52:20 info: [0mOPTIONS /folders/get-medias [32m204[0m 1.426 ms - 0[0m
2023-03-27 11:52:20 info: [0mPOST /folders/get-medias [32m200[0m 61.785 ms - 1002[0m
2023-03-27 11:52:20 info: [0mGET /folders [36m304[0m 72.275 ms - -[0m
2023-03-27 11:55:32 info: [0mOPTIONS /folders/get-medias [32m204[0m 1.197 ms - 0[0m
2023-03-27 11:55:32 info: [0mPOST /folders/get-medias [32m200[0m 111.459 ms - 1002[0m
2023-03-27 11:55:32 info: [0mGET /folders [36m304[0m 109.559 ms - -[0m
2023-03-27 11:55:36 info: [0mPOST /folders/get-medias [32m200[0m 146.679 ms - 1002[0m
2023-03-27 11:55:36 info: [0mGET /folders [36m304[0m 268.822 ms - -[0m
2023-03-27 11:56:17 info: [0mOPTIONS /folders/get-medias [32m204[0m 1.750 ms - 0[0m
2023-03-27 11:56:17 info: [0mPOST /folders/get-medias [32m200[0m 70.868 ms - 1002[0m
2023-03-27 11:56:17 info: [0mGET /folders [36m304[0m 56.025 ms - -[0m
2023-03-27 11:56:25 info: [0mOPTIONS /folders/get-medias [32m204[0m 0.440 ms - 0[0m
2023-03-27 11:56:25 info: [0mPOST /folders/get-medias [32m200[0m 52.101 ms - 1002[0m
2023-03-27 11:56:25 info: [0mGET /folders [36m304[0m 52.628 ms - -[0m
2023-03-27 11:56:35 info: [0mOPTIONS /folders/get-medias [32m204[0m 0.577 ms - 0[0m
2023-03-27 11:56:35 info: [0mPOST /folders/get-medias [32m200[0m 47.124 ms - 1002[0m
2023-03-27 11:56:35 info: [0mGET /folders [36m304[0m 50.183 ms - -[0m
2023-03-27 11:56:40 info: [0mPOST /folders/get-medias [32m200[0m 130.992 ms - 1002[0m
2023-03-27 11:56:41 info: [0mGET /folders [36m304[0m 176.836 ms - -[0m
2023-03-27 11:58:27 info: [0mOPTIONS /folders/get-medias [32m204[0m 0.207 ms - 0[0m
2023-03-27 11:58:27 info: [0mPOST /folders/get-medias [32m200[0m 140.254 ms - 1002[0m
2023-03-27 11:58:27 info: [0mGET /folders [36m304[0m 156.671 ms - -[0m
2023-03-27 12:02:30 info: [0mOPTIONS /folders/get-medias [32m204[0m 0.757 ms - 0[0m
2023-03-27 12:02:31 info: [0mPOST /folders/get-medias [32m200[0m 68.247 ms - 1002[0m
2023-03-27 12:02:31 info: [0mGET /folders [36m304[0m 64.059 ms - -[0m
2023-03-27 12:03:19 info: [0mOPTIONS /folders/get-medias [32m204[0m 0.267 ms - 0[0m
2023-03-27 12:03:19 info: [0mPOST /folders/get-medias [32m200[0m 85.630 ms - 1002[0m
2023-03-27 12:03:19 info: [0mGET /folders [36m304[0m 117.317 ms - -[0m
2023-03-27 12:03:50 info: [0mOPTIONS /folders/get-medias [32m204[0m 0.858 ms - 0[0m
2023-03-27 12:03:50 info: [0mPOST /folders/get-medias [32m200[0m 39.350 ms - 1002[0m
2023-03-27 12:03:51 info: [0mGET /folders [36m304[0m 53.987 ms - -[0m
2023-03-27 12:04:22 info: [0mOPTIONS /folders/get-medias [32m204[0m 0.887 ms - 0[0m
2023-03-27 12:04:22 info: [0mPOST /folders/get-medias [32m200[0m 39.798 ms - 1002[0m
2023-03-27 12:04:22 info: [0mGET /folders [36m304[0m 37.608 ms - -[0m
2023-03-27 12:04:26 info: [0mPOST /folders/get-medias [32m200[0m 66.110 ms - 1002[0m
2023-03-27 12:04:26 info: [0mGET /folders [36m304[0m 59.430 ms - -[0m
2023-03-27 12:25:07 info: [0mOPTIONS /folders/get-medias [32m204[0m 2.225 ms - 0[0m
2023-03-27 12:25:07 info: [0mPOST /folders/get-medias [32m200[0m 627.658 ms - 1002[0m
2023-03-27 12:25:07 info: [0mGET /folders [36m304[0m 633.817 ms - -[0m
2023-03-27 12:25:09 info: [0mPOST /folders/get-medias [32m200[0m 6.598 ms - 1002[0m
2023-03-27 12:25:09 info: [0mGET /folders [36m304[0m 8.471 ms - -[0m
2023-03-27 12:27:44 info: [0mOPTIONS /folders/get-medias [32m204[0m 0.621 ms - 0[0m
2023-03-27 12:27:44 info: [0mPOST /folders/get-medias [32m200[0m 51.143 ms - 1002[0m
2023-03-27 12:27:44 info: [0mGET /folders [36m304[0m 41.411 ms - -[0m
2023-03-27 12:28:21 info: [0mOPTIONS /folders/get-medias [32m204[0m 1.519 ms - 0[0m
2023-03-27 12:28:21 info: [0mPOST /folders/get-medias [32m200[0m 88.887 ms - 1002[0m
2023-03-27 12:28:21 info: [0mGET /folders [36m304[0m 85.114 ms - -[0m
2023-03-27 12:28:34 info: [0mOPTIONS /folders/get-medias [32m204[0m 0.486 ms - 0[0m
2023-03-27 12:28:34 info: [0mPOST /folders/get-medias [32m200[0m 63.743 ms - 1002[0m
2023-03-27 12:28:34 info: [0mGET /folders [36m304[0m 64.162 ms - -[0m
2023-03-27 12:32:01 info: [0mOPTIONS /folders/get-medias [32m204[0m 0.837 ms - 0[0m
2023-03-27 12:32:01 info: [0mPOST /folders/get-medias [32m200[0m 78.694 ms - 1002[0m
2023-03-27 12:32:01 info: [0mGET /folders [36m304[0m 86.859 ms - -[0m
2023-03-27 12:33:16 info: [0mOPTIONS /folders/get-medias [32m204[0m 0.961 ms - 0[0m
2023-03-27 12:33:16 info: [0mPOST /folders/get-medias [32m200[0m 195.701 ms - 1002[0m
2023-03-27 12:33:17 info: [0mGET /folders [36m304[0m 421.097 ms - -[0m
2023-03-27 12:34:27 info: [0mOPTIONS /folders/get-medias [32m204[0m 0.832 ms - 0[0m
2023-03-27 12:34:27 info: [0mPOST /folders/get-medias [32m200[0m 82.670 ms - 1002[0m
2023-03-27 12:34:27 info: [0mGET /folders [36m304[0m 83.885 ms - -[0m
2023-03-27 12:34:47 info: [0mOPTIONS /folders/get-medias [32m204[0m 5.457 ms - 0[0m
2023-03-27 12:34:47 info: [0mPOST /folders/get-medias [32m200[0m 40.016 ms - 676[0m
2023-03-27 12:34:48 info: [0mPOST /folders/get-medias [32m200[0m 5.411 ms - -[0m
2023-03-27 12:34:50 info: [0mPOST /folders/get-medias [32m200[0m 3.079 ms - 676[0m
2023-03-27 12:34:51 info: [0mPOST /folders/get-medias [32m200[0m 2.175 ms - 1002[0m
2023-03-27 12:34:51 info: [0mPOST /folders/get-medias [32m200[0m 3.925 ms - 676[0m
2023-03-27 12:34:51 info: [0mPOST /folders/get-medias [32m200[0m 2.657 ms - -[0m
2023-03-27 12:34:54 info: [0mGET /projects [36m304[0m 60.354 ms - -[0m
2023-03-27 12:34:56 info: [0mGET /projects/show/1 [31m500[0m 29.372 ms - 2[0m
2023-03-27 12:34:59 info: [0mOPTIONS /folders/get-medias [32m204[0m 0.187 ms - 0[0m
2023-03-27 12:34:59 info: [0mPOST /folders/get-medias [32m200[0m 6.002 ms - 1002[0m
2023-03-27 12:34:59 info: [0mGET /folders [36m304[0m 8.084 ms - -[0m
2023-03-27 12:35:01 info: [0mGET /projects [36m304[0m 5.011 ms - -[0m
2023-03-27 12:35:11 info: [0mGET /projects/show/1 [31m500[0m 3.482 ms - 2[0m
2023-03-27 13:07:51 info: [0mOPTIONS /folders/get-medias [32m204[0m 4.394 ms - 0[0m
2023-03-27 13:07:52 info: [0mGET /folders [36m304[0m 100.730 ms - -[0m
2023-03-27 13:07:52 info: [0mPOST /folders/get-medias [32m200[0m 108.049 ms - 1002[0m
2023-03-27 13:07:59 info: [0mOPTIONS /folders/get-medias [32m204[0m 0.113 ms - 0[0m
2023-03-27 13:07:59 info: [0mPOST /folders/get-medias [32m200[0m 4.304 ms - 1002[0m
2023-03-27 13:07:59 info: [0mGET /folders [36m304[0m 13.731 ms - -[0m
2023-03-27 13:08:00 info: [0mGET /projects/index [33m404[0m 16.546 ms - 153[0m
2023-03-27 13:08:01 info: [0mPOST /folders/get-medias [32m200[0m 16.720 ms - 1002[0m
2023-03-27 13:08:01 info: [0mGET /folders [36m304[0m 16.816 ms - -[0m
2023-03-27 13:08:02 info: [0mGET /projects/index [33m404[0m 0.834 ms - 153[0m
2023-03-27 13:08:02 info: [0mGET /projects/index [33m404[0m 0.526 ms - 153[0m
2023-03-27 13:08:03 info: [0mGET /projects/index [33m404[0m 0.616 ms - 153[0m
2023-03-27 13:08:03 info: [0mPOST /folders/get-medias [32m200[0m 8.530 ms - 1002[0m
2023-03-27 13:08:03 info: [0mGET /folders [36m304[0m 7.992 ms - -[0m
2023-03-27 13:08:04 info: [0mGET /projects/index [33m404[0m 0.556 ms - 153[0m
2023-03-27 13:08:06 info: [0mOPTIONS /folders/get-medias [32m204[0m 0.140 ms - 0[0m
2023-03-27 13:08:06 info: [0mPOST /folders/get-medias [32m200[0m 25.653 ms - 1002[0m
2023-03-27 13:08:06 info: [0mGET /folders [36m304[0m 35.292 ms - -[0m
2023-03-27 13:08:07 info: [0mGET /projects/index [33m404[0m 1.081 ms - 153[0m
2023-03-27 13:08:08 info: [0mGET /projects/index [33m404[0m 0.441 ms - 153[0m
2023-03-27 13:08:08 info: [0mPOST /folders/get-medias [32m200[0m 16.327 ms - 1002[0m
2023-03-27 13:08:08 info: [0mGET /folders [36m304[0m 14.410 ms - -[0m
2023-03-27 13:08:09 info: [0mGET /projects/index [33m404[0m 0.904 ms - 153[0m
2023-03-27 13:08:09 info: [0mGET /projects/index [33m404[0m 0.657 ms - 153[0m
2023-03-27 13:08:14 info: [0mGET /projects/index [33m404[0m 1.517 ms - 153[0m
2023-03-27 13:08:15 info: [0mGET /projects/index [33m404[0m 0.968 ms - 153[0m
2023-03-27 13:08:17 info: [0mOPTIONS /folders/get-medias [32m204[0m 0.183 ms - 0[0m
2023-03-27 13:08:17 info: [0mGET /folders [36m304[0m 8.105 ms - -[0m
2023-03-27 13:08:17 info: [0mPOST /folders/get-medias [32m200[0m 5.298 ms - 1002[0m
2023-03-27 13:08:18 info: [0mGET /projects/index [33m404[0m 0.461 ms - 153[0m
2023-03-27 13:08:18 info: [0mPOST /folders/get-medias [32m200[0m 5.665 ms - 1002[0m
2023-03-27 13:08:18 info: [0mGET /folders [36m304[0m 5.653 ms - -[0m
2023-03-27 13:08:36 info: [0mOPTIONS /folders/get-medias [32m204[0m 0.305 ms - 0[0m
2023-03-27 13:08:36 info: [0mPOST /folders/get-medias [32m200[0m 32.681 ms - 1001[0m
2023-03-27 13:08:37 info: [0mPOST /folders/get-medias [32m200[0m 2.187 ms - 676[0m
2023-03-27 13:08:38 info: [0mPOST /folders/get-medias [32m200[0m 15.622 ms - -[0m
2023-03-27 13:08:38 info: [0mPOST /folders/get-medias [32m200[0m 2.154 ms - 676[0m
2023-03-27 13:08:39 info: [0mPOST /folders/get-medias [32m200[0m 1.998 ms - 1002[0m
2023-03-27 13:08:39 info: [0mPOST /folders/get-medias [32m200[0m 2.910 ms - 676[0m
2023-03-27 13:08:40 info: [0mPOST /folders/get-medias [32m200[0m 3.071 ms - -[0m
2023-03-27 13:08:40 info: [0mPOST /folders/get-medias [32m200[0m 2.235 ms - 1001[0m
2023-03-27 13:08:40 info: [0mPOST /folders/get-medias [32m200[0m 2.526 ms - -[0m
2023-03-27 13:08:41 info: [0mPOST /folders/get-medias [32m200[0m 34.651 ms - 676[0m
2023-03-27 13:08:42 info: [0mOPTIONS /folders/get-medias [32m204[0m 0.306 ms - 0[0m
2023-03-27 13:08:42 info: [0mPOST /folders/get-medias [32m200[0m 2.303 ms - 1002[0m
2023-03-27 13:08:42 info: [0mPOST /folders/get-medias [32m200[0m 1.766 ms - 676[0m
2023-03-27 13:08:43 info: [0mPOST /folders/get-medias [32m200[0m 2.277 ms - -[0m
2023-03-27 13:08:43 info: [0mPOST /folders/get-medias [32m200[0m 2.184 ms - 1001[0m
2023-03-27 13:08:44 info: [0mPOST /folders/get-medias [32m200[0m 2.242 ms - -[0m
2023-03-27 13:08:44 info: [0mPOST /folders/get-medias [32m200[0m 2.264 ms - 676[0m
2023-03-27 13:08:45 info: [0mPOST /folders/get-medias [32m200[0m 1.932 ms - 1002[0m
2023-03-27 13:08:45 info: [0mPOST /folders/get-medias [32m200[0m 1.967 ms - 676[0m
2023-03-27 13:08:46 info: [0mPOST /folders/get-medias [32m200[0m 2.293 ms - -[0m
2023-03-27 13:08:47 info: [0mPOST /folders/get-medias [32m200[0m 2.309 ms - 1001[0m
2023-03-27 13:08:47 info: [0mOPTIONS /folders/get-medias [32m204[0m 0.108 ms - 0[0m
2023-03-27 13:08:47 info: [0mPOST /folders/get-medias [32m200[0m 2.363 ms - -[0m
2023-03-27 13:08:50 info: [0mPOST /folders/get-medias [32m200[0m 2.145 ms - 1001[0m
2023-03-27 13:08:50 info: [0mPOST /folders/get-medias [32m200[0m 2.122 ms - -[0m
2023-03-27 13:08:51 info: [0mPOST /folders/get-medias [32m200[0m 1.733 ms - 676[0m
2023-03-27 13:08:52 info: [0mPOST /folders/get-medias [32m200[0m 2.958 ms - 1002[0m
2023-03-27 13:08:52 info: [0mPOST /folders/get-medias [32m200[0m 2.215 ms - 676[0m
2023-03-27 13:08:53 info: [0mOPTIONS /folders/get-medias [32m204[0m 0.173 ms - 0[0m
2023-03-27 13:08:53 info: [0mPOST /folders/get-medias [32m200[0m 3.753 ms - -[0m
2023-03-27 13:08:56 info: [0mPOST /folders/get-medias [32m200[0m 2.008 ms - 676[0m
2023-03-27 13:08:57 info: [0mPOST /folders/get-medias [32m200[0m 4.693 ms - 1001[0m
2023-03-27 13:09:04 info: [0mGET /projects [36m304[0m 58.181 ms - -[0m
2023-03-27 13:09:24 info: [0mGET /projects/show/1 [31m500[0m 33.632 ms - 2[0m
2023-03-27 13:09:30 info: [0mGET /projects [36m304[0m 6.854 ms - -[0m
2023-03-27 13:09:32 info: [0mGET /projects [36m304[0m 10.059 ms - -[0m
2023-03-27 13:14:17 info: [0mOPTIONS /projects/create [32m204[0m 0.468 ms - 0[0m
2023-03-27 13:14:17 info: [0mPOST /projects/create [32m200[0m 88.741 ms - 220[0m
2023-03-27 13:14:22 info: [0mGET /projects [32m200[0m 4.715 ms - -[0m
2023-03-27 13:14:25 info: [0mGET /projects/show/6 [31m500[0m 22.553 ms - 2[0m
2023-03-27 13:14:34 info: [0mGET /projects [36m304[0m 10.375 ms - -[0m
2023-03-27 13:14:38 info: [0mGET /projects/show/6 [31m500[0m 4.830 ms - 2[0m
2023-03-27 13:14:56 info: [0mGET /projects/show/6 [31m500[0m 33.856 ms - 2[0m
2023-03-27 13:15:57 info: [0mGET /projects/show/6 [31m500[0m 62.335 ms - 2[0m
2023-03-27 13:16:57 info: =================================
2023-03-27 13:16:57 info: ======= ENV: development =======
2023-03-27 13:16:57 info: 🚀 App listening on the port 8000
2023-03-27 13:16:57 info: =================================
2023-03-27 13:17:01 info: [0mGET /projects/show/6 [32m200[0m 129.052 ms - 220[0m
2023-03-27 13:18:29 info: [0mGET /projects/show/6 [36m304[0m 67.238 ms - -[0m
2023-03-27 13:18:57 info: [0mGET /projects/show/6 [36m304[0m 182.419 ms - -[0m
2023-03-27 13:20:52 info: =================================
2023-03-27 13:20:52 info: ======= ENV: development =======
2023-03-27 13:20:52 info: 🚀 App listening on the port 8000
2023-03-27 13:20:52 info: =================================
2023-03-27 13:21:20 info: =================================
2023-03-27 13:21:20 info: ======= ENV: development =======
2023-03-27 13:21:20 info: 🚀 App listening on the port 8000
2023-03-27 13:21:20 info: =================================
2023-03-27 13:21:37 info: [0mOPTIONS /projects/update/6 [32m204[0m 1.419 ms - 0[0m
2023-03-27 13:21:37 info: [0mPUT /projects/update/6 [32m200[0m 97.513 ms - 32[0m
2023-03-27 13:21:39 info: [0mGET /projects [32m200[0m 19.860 ms - -[0m
2023-03-27 13:21:42 info: [0mGET /projects/show/6 [32m200[0m 4.635 ms - 222[0m
2023-03-27 13:21:57 info: [0mOPTIONS /projects/update/6 [32m204[0m 0.263 ms - 0[0m
2023-03-27 13:21:57 error: [PUT] /projects/update/6 >> StatusCode:: 413, Message:: request entity too large
2023-03-27 13:21:57 info: [0mPUT /projects/update/6 [33m413[0m 4.169 ms - 38[0m
2023-03-27 13:22:01 error: [PUT] /projects/update/6 >> StatusCode:: 413, Message:: request entity too large
2023-03-27 13:22:01 info: [0mPUT /projects/update/6 [33m413[0m 1.897 ms - 38[0m
2023-03-27 13:22:24 info: [0mGET /projects [36m304[0m 41.545 ms - -[0m
2023-03-27 13:22:26 info: [0mGET /projects/show/6 [36m304[0m 22.289 ms - -[0m
2023-03-27 13:22:33 info: [0mOPTIONS /projects/update/6 [32m204[0m 0.597 ms - 0[0m
2023-03-27 13:22:33 error: [PUT] /projects/update/6 >> StatusCode:: 413, Message:: request entity too large
2023-03-27 13:22:33 info: [0mPUT /projects/update/6 [33m413[0m 2.903 ms - 38[0m
2023-03-27 13:24:56 info: [0mOPTIONS /projects/update/6 [32m204[0m 0.670 ms - 0[0m
2023-03-27 13:24:56 error: [PUT] /projects/update/6 >> StatusCode:: 413, Message:: request entity too large
2023-03-27 13:24:56 info: [0mPUT /projects/update/6 [33m413[0m 3.522 ms - 38[0m
2023-03-27 13:25:11 info: [0mGET /projects/show/6 [36m304[0m 388.257 ms - -[0m
2023-03-27 13:25:21 info: [0mOPTIONS /folders/get-medias [32m204[0m 0.392 ms - 0[0m
2023-03-27 13:25:21 info: [0mPOST /folders/get-medias [32m200[0m 48.671 ms - 1002[0m
2023-03-27 13:25:21 info: [0mGET /folders [36m304[0m 78.795 ms - -[0m
2023-03-27 13:25:45 info: [0mOPTIONS /folders/get-medias [32m204[0m 0.478 ms - 0[0m
2023-03-27 13:25:45 info: [0mPOST /folders/get-medias [32m200[0m 37.756 ms - 1002[0m
2023-03-27 13:25:45 info: [0mGET /folders [36m304[0m 21.593 ms - -[0m
2023-03-27 13:26:05 info: [0mOPTIONS /folders/get-medias [32m204[0m 0.458 ms - 0[0m
2023-03-27 13:26:05 info: [0mPOST /folders/get-medias [32m200[0m 14.533 ms - 676[0m
2023-03-27 13:26:06 info: [0mPOST /folders/get-medias [32m200[0m 4.871 ms - -[0m
2023-03-27 13:26:07 info: [0mPOST /folders/get-medias [32m200[0m 3.174 ms - 676[0m
2023-03-27 13:26:14 info: [0mOPTIONS /folders/get-medias [32m204[0m 0.108 ms - 0[0m
2023-03-27 13:26:14 info: [0mPOST /folders/get-medias [32m200[0m 10.097 ms - -[0m
2023-03-27 13:26:14 info: [0mPOST /folders/get-medias [32m200[0m 3.987 ms - 676[0m
2023-03-27 13:26:23 info: [0mOPTIONS /folders/get-medias [32m204[0m 0.336 ms - 0[0m
2023-03-27 13:26:23 info: [0mPOST /folders/get-medias [32m200[0m 7.893 ms - -[0m
2023-03-27 13:26:29 info: [0mOPTIONS /folders/get-medias [32m204[0m 0.174 ms - 0[0m
2023-03-27 13:26:29 info: [0mPOST /folders/get-medias [32m200[0m 27.992 ms - 676[0m
2023-03-27 13:26:30 info: [0mPOST /folders/get-medias [32m200[0m 4.973 ms - -[0m
2023-03-27 13:26:31 info: [0mPOST /folders/get-medias [32m200[0m 3.554 ms - 676[0m
2023-03-27 13:26:31 info: [0mPOST /folders/get-medias [32m200[0m 5.198 ms - 1002[0m
2023-03-27 13:26:46 info: [0mOPTIONS /folders/get-medias [32m204[0m 0.411 ms - 0[0m
2023-03-27 13:26:46 info: [0mPOST /folders/get-medias [32m200[0m 34.141 ms - 676[0m
2023-03-27 13:26:46 info: [0mPOST /folders/get-medias [32m200[0m 3.085 ms - -[0m
2023-03-27 13:26:47 info: [0mPOST /folders/get-medias [32m200[0m 2.701 ms - 676[0m
2023-03-27 13:26:51 info: [0mPOST /medias/create [32m200[0m 46.050 ms - 31[0m
2023-03-27 13:26:51 info: [0mOPTIONS /folders/get-medias [32m204[0m 0.169 ms - 0[0m
2023-03-27 13:26:51 info: [0mPOST /folders/get-medias [32m200[0m 3.485 ms - 982[0m
2023-03-27 13:26:56 info: [0mOPTIONS /folders/get-medias [32m204[0m 1.551 ms - 0[0m
2023-03-27 13:26:56 info: [0mPOST /folders/get-medias [32m200[0m 26.006 ms - -[0m
2023-03-27 13:26:57 info: [0mPOST /folders/get-medias [32m200[0m 2.522 ms - 982[0m
2023-03-27 13:26:58 info: [0mPOST /folders/get-medias [32m200[0m 2.050 ms - 1002[0m
2023-03-27 13:26:59 info: [0mPOST /folders/get-medias [32m200[0m 15.244 ms - 982[0m
2023-03-27 13:27:03 info: [0mOPTIONS /folders/get-medias [32m204[0m 0.147 ms - 0[0m
2023-03-27 13:27:03 info: [0mPOST /folders/get-medias [32m200[0m 3.183 ms - 1002[0m
2023-03-27 13:27:24 info: [0mPOST /medias/create [32m200[0m 52.846 ms - 31[0m
2023-03-27 13:27:24 info: [0mOPTIONS /folders/get-medias [32m204[0m 0.170 ms - 0[0m
2023-03-27 13:27:24 info: [0mPOST /folders/get-medias [32m200[0m 4.697 ms - -[0m
2023-03-27 13:27:27 info: [0mPOST /folders/get-medias [32m200[0m 8.932 ms - 982[0m
2023-03-27 13:27:27 info: [0mPOST /folders/get-medias [32m200[0m 18.231 ms - -[0m
2023-03-27 13:27:28 info: [0mPOST /folders/get-medias [32m200[0m 2.700 ms - -[0m
2023-03-27 13:27:40 info: [0mOPTIONS /folders/get-medias [32m204[0m 0.586 ms - 0[0m
2023-03-27 13:27:40 info: [0mPOST /folders/get-medias [32m200[0m 16.751 ms - 982[0m
2023-03-27 13:27:42 info: [0mPOST /folders/get-medias [32m200[0m 13.784 ms - 1001[0m
2023-03-27 13:27:44 info: [0mPOST /folders/get-medias [32m200[0m 3.319 ms - -[0m
2023-03-27 13:27:44 info: [0mPOST /folders/get-medias [32m200[0m 3.236 ms - 982[0m
2023-03-27 13:27:45 info: [0mPOST /folders/get-medias [32m200[0m 2.241 ms - -[0m
2023-03-27 13:27:45 info: [0mPOST /folders/get-medias [32m200[0m 2.843 ms - 1001[0m
2023-03-27 13:27:46 info: [0mOPTIONS /folders/get-medias [32m204[0m 0.126 ms - 0[0m
2023-03-27 13:27:46 info: [0mPOST /folders/get-medias [32m200[0m 3.122 ms - -[0m
2023-03-27 13:28:54 info: [0mOPTIONS /folders/get-medias [32m204[0m 0.777 ms - 0[0m
2023-03-27 13:28:54 info: [0mPOST /folders/get-medias [32m200[0m 23.597 ms - 982[0m
2023-03-27 13:28:54 info: [0mPOST /folders/get-medias [32m200[0m 2.634 ms - 1001[0m
2023-03-27 13:28:54 info: [0mPOST /folders/get-medias [32m200[0m 4.000 ms - -[0m
2023-03-27 13:28:55 info: [0mPOST /folders/get-medias [32m200[0m 3.526 ms - 982[0m
2023-03-27 13:28:55 info: [0mPOST /folders/get-medias [32m200[0m 3.994 ms - -[0m
2023-03-27 13:28:55 info: [0mPOST /folders/get-medias [32m200[0m 2.048 ms - 1001[0m
2023-03-27 13:28:56 info: [0mPOST /folders/get-medias [32m200[0m 4.906 ms - -[0m
2023-03-27 13:28:56 info: [0mPOST /folders/get-medias [32m200[0m 2.891 ms - 982[0m
2023-03-27 13:28:56 info: [0mPOST /folders/get-medias [32m200[0m 2.450 ms - 31[0m
2023-03-27 13:29:07 info: [0mOPTIONS /folders/get-medias [32m204[0m 0.398 ms - 0[0m
2023-03-27 13:29:07 info: [0mPOST /folders/get-medias [32m200[0m 66.271 ms - 31[0m
2023-03-27 13:29:07 info: [0mGET /folders [36m304[0m 139.857 ms - -[0m
2023-03-27 13:29:38 info: [0mOPTIONS /folders/get-medias [32m204[0m 0.355 ms - 0[0m
2023-03-27 13:29:38 info: [0mPOST /folders/get-medias [32m200[0m 18.664 ms - 982[0m
2023-03-27 13:29:38 info: [0mPOST /folders/get-medias [32m200[0m 7.317 ms - -[0m
2023-03-27 13:29:39 info: [0mPOST /folders/get-medias [32m200[0m 2.618 ms - 1001[0m
2023-03-27 13:29:39 info: [0mPOST /folders/get-medias [32m200[0m 2.364 ms - 982[0m
2023-03-27 13:29:39 info: [0mPOST /folders/get-medias [32m200[0m 3.580 ms - -[0m
2023-03-27 13:34:26 info: [0mOPTIONS /folders/get-medias [32m204[0m 0.225 ms - 0[0m
2023-03-27 13:34:26 info: [0mGET /folders [36m304[0m 99.602 ms - -[0m
2023-03-27 13:34:26 info: [0mPOST /folders/get-medias [32m200[0m 79.765 ms - -[0m
2023-03-27 13:34:26 info: [0mPOST /medias/create [32m200[0m 107.660 ms - 31[0m
2023-03-27 13:34:26 info: [0mPOST /folders/get-medias [32m200[0m 15.946 ms - -[0m
2023-03-27 13:34:37 info: [0mOPTIONS /folders/get-medias [32m204[0m 0.341 ms - 0[0m
2023-03-27 13:34:37 info: [0mGET /folders [36m304[0m 55.314 ms - -[0m
2023-03-27 13:34:37 info: [0mPOST /folders/get-medias [32m200[0m 48.064 ms - -[0m
2023-03-27 13:34:37 info: [0mPOST /medias/create [32m200[0m 167.217 ms - 31[0m
2023-03-27 13:34:37 info: [0mPOST /folders/get-medias [32m200[0m 4.474 ms - -[0m
2023-03-27 13:36:08 info: [0mOPTIONS /folders/get-medias [32m204[0m 0.982 ms - 0[0m
2023-03-27 13:36:08 info: [0mGET /folders [36m304[0m 35.166 ms - -[0m
2023-03-27 13:36:08 info: [0mPOST /folders/get-medias [32m200[0m 50.585 ms - -[0m
2023-03-27 13:36:08 info: [0mPOST /medias/create [32m200[0m 82.860 ms - 31[0m
2023-03-27 13:36:08 info: [0mPOST /folders/get-medias [32m200[0m 6.402 ms - -[0m
2023-03-27 13:36:12 info: [0mGET /folders [36m304[0m 50.541 ms - -[0m
2023-03-27 13:36:12 info: [0mPOST /folders/get-medias [32m200[0m 40.654 ms - -[0m
2023-03-27 13:36:12 info: [0mPOST /medias/create [32m200[0m 204.823 ms - 31[0m
2023-03-27 13:36:12 info: [0mPOST /folders/get-medias [32m200[0m 7.037 ms - -[0m
2023-03-27 13:36:17 info: [0mPOST /medias/create [0m-[0m - ms - -[0m
2023-03-27 13:36:17 info: [0mPOST /medias/create [0m-[0m - ms - -[0m
