2023-03-30 00:01:00 info: [0mGET /projects? [36m304[0m 62.218 ms - -[0m
2023-03-30 00:01:41 info: [0mGET /projects? [36m304[0m 106.663 ms - -[0m
2023-03-30 00:01:44 info: [0mGET /projects/show/8 [36m304[0m 47.378 ms - -[0m
2023-03-30 00:01:50 info: [0mGET /projects/show/8 [36m304[0m 9.633 ms - -[0m
2023-03-30 00:03:07 info: [0mGET /projects/show/8 [36m304[0m 57.455 ms - -[0m
2023-03-30 00:03:10 info: [0mGET /projects? [36m304[0m 51.083 ms - -[0m
2023-03-30 00:03:22 info: [0mGET /projects? [36m304[0m 39.682 ms - -[0m
2023-03-30 00:04:14 info: [0mGET /projects? [36m304[0m 129.792 ms - -[0m
2023-03-30 00:05:23 info: [0mGET /projects? [36m304[0m 128.326 ms - -[0m
2023-03-30 00:06:31 info: [0mGET /projects? [36m304[0m 133.424 ms - -[0m
2023-03-30 00:07:02 info: [0mGET /projects? [36m304[0m 156.070 ms - -[0m
2023-03-30 00:07:40 info: [0mGET /projects? [36m304[0m 39.195 ms - -[0m
2023-03-30 00:07:58 info: [0mGET /projects? [36m304[0m 43.060 ms - -[0m
2023-03-30 00:08:25 info: [0mGET /projects? [36m304[0m 80.965 ms - -[0m
2023-03-30 00:08:53 info: [0mGET /projects? [36m304[0m 121.756 ms - -[0m
2023-03-30 00:08:57 info: [0mGET /projects/show/8 [36m304[0m 41.411 ms - -[0m
2023-03-30 00:09:02 info: [0mGET /projects/show/7 [36m304[0m 21.790 ms - -[0m
2023-03-30 00:09:09 info: [0mGET /projects/show/8 [36m304[0m 33.520 ms - -[0m
2023-03-30 00:09:15 info: [0mGET /projects/show/6 [36m304[0m 17.738 ms - -[0m
2023-03-30 00:09:22 info: [0mGET /projects/show/8 [36m304[0m 7.377 ms - -[0m
2023-03-30 00:09:27 info: [0mGET /projects/show/8 [36m304[0m 6.550 ms - -[0m
2023-03-30 00:09:29 info: [0mGET /projects/show/8 [36m304[0m 14.442 ms - -[0m
2023-03-30 00:10:34 info: [0mGET /projects/show/8 [36m304[0m 41.675 ms - -[0m
2023-03-30 00:10:40 info: [0mGET /projects/show/8 [36m304[0m 35.746 ms - -[0m
2023-03-30 00:10:42 info: [0mGET /projects? [36m304[0m 67.895 ms - -[0m
2023-03-30 00:10:45 info: [0mGET /projects/show/8 [36m304[0m 64.186 ms - -[0m
2023-03-30 00:10:50 info: [0mGET /projects? [36m304[0m 10.423 ms - -[0m
2023-03-30 00:10:52 info: [0mGET /projects/show/8 [36m304[0m 6.285 ms - -[0m
2023-03-30 00:10:54 info: [0mGET /projects/show/5 [36m304[0m 4.042 ms - -[0m
2023-03-30 00:10:57 info: [0mGET /projects/show/6 [36m304[0m 6.045 ms - -[0m
2023-03-30 00:10:58 info: [0mGET /projects/show/5 [36m304[0m 5.628 ms - -[0m
2023-03-30 00:11:01 info: [0mGET /projects/show/6 [36m304[0m 62.273 ms - -[0m
2023-03-30 00:11:16 info: [0mGET /projects? [36m304[0m 118.173 ms - -[0m
2023-03-30 00:11:19 info: [0mGET /projects/show/8 [36m304[0m 44.163 ms - -[0m
2023-03-30 00:11:22 info: [0mGET /projects/show/5 [36m304[0m 15.646 ms - -[0m
2023-03-30 00:11:25 info: [0mGET /projects/show/6 [36m304[0m 11.535 ms - -[0m
2023-03-30 00:11:44 info: [0mGET /projects/show/6 [36m304[0m 56.863 ms - -[0m
2023-03-30 00:11:50 info: [0mGET /projects? [36m304[0m 96.668 ms - -[0m
2023-03-30 00:11:53 info: [0mGET /projects/show/8 [36m304[0m 36.452 ms - -[0m
2023-03-30 00:11:57 info: [0mGET /projects/show/7 [36m304[0m 18.902 ms - -[0m
2023-03-30 00:12:01 info: [0mGET /projects/show/8 [36m304[0m 97.349 ms - -[0m
2023-03-30 00:12:03 info: [0mGET /projects/show/5 [36m304[0m 5.205 ms - -[0m
2023-03-30 00:12:06 info: [0mGET /projects/show/5 [36m304[0m 3.824 ms - -[0m
2023-03-30 00:12:08 info: [0mGET /projects/show/8 [36m304[0m 3.101 ms - -[0m
2023-03-30 00:12:10 info: [0mGET /projects/show/5 [36m304[0m 5.760 ms - -[0m
2023-03-30 00:12:15 info: [0mGET /projects/show/7 [36m304[0m 13.981 ms - -[0m
2023-03-30 00:12:18 info: [0mOPTIONS /folders/get-medias [32m204[0m 0.491 ms - 0[0m
2023-03-30 00:12:18 info: [0mPOST /folders/get-medias [32m200[0m 44.216 ms - 315[0m
2023-03-30 00:12:18 info: [0mGET /folders [36m304[0m 48.809 ms - -[0m
2023-03-30 00:12:20 info: [0mPOST /folders/get-medias [32m200[0m 3.633 ms - 321[0m
2023-03-30 00:12:22 info: [0mOPTIONS /projects/update/7 [32m204[0m 0.159 ms - 0[0m
2023-03-30 00:12:22 info: [0mPUT /projects/update/7 [32m200[0m 54.664 ms - 32[0m
2023-03-30 00:12:26 info: [0mGET /projects/show/7 [32m200[0m 14.060 ms - -[0m
2023-03-30 00:12:30 info: [0mGET /projects/show/8 [36m304[0m 8.179 ms - -[0m
2023-03-30 00:13:23 info: [0mGET /projects? [32m200[0m 55.380 ms - -[0m
2023-03-30 00:13:28 info: [0mGET /projects/show/8 [36m304[0m 39.120 ms - -[0m
2023-03-30 00:13:36 info: [0mOPTIONS /projects/update/8 [32m204[0m 0.532 ms - 0[0m
2023-03-30 00:13:36 info: [0mPUT /projects/update/8 [32m200[0m 35.534 ms - 32[0m
2023-03-30 00:13:40 info: [0mGET /projects/show/8 [32m200[0m 6.349 ms - 453[0m
2023-03-30 00:13:56 info: [0mGET /projects/show/8 [36m304[0m 195.829 ms - -[0m
2023-03-30 00:14:04 info: [0mGET /projects/show/8 [36m304[0m 12.077 ms - -[0m
2023-03-30 00:14:06 info: [0mGET /projects/show/8 [36m304[0m 5.598 ms - -[0m
2023-03-30 00:14:12 info: [0mGET /projects/show/6 [36m304[0m 8.642 ms - -[0m
2023-03-30 00:14:13 info: [0mOPTIONS /folders/get-medias [32m204[0m 0.337 ms - 0[0m
2023-03-30 00:14:13 info: [0mPOST /folders/get-medias [32m200[0m 33.142 ms - 315[0m
2023-03-30 00:14:13 info: [0mGET /folders [36m304[0m 49.784 ms - -[0m
2023-03-30 00:14:15 info: [0mOPTIONS /projects/update/6 [32m204[0m 0.162 ms - 0[0m
2023-03-30 00:14:15 info: [0mPUT /projects/update/6 [32m200[0m 7.628 ms - 32[0m
2023-03-30 00:14:18 info: [0mGET /projects/show/6 [32m200[0m 10.557 ms - 429[0m
2023-03-30 00:14:26 info: [0mOPTIONS /projects/update/6 [32m204[0m 0.157 ms - 0[0m
2023-03-30 00:14:26 info: [0mPUT /projects/update/6 [32m200[0m 7.316 ms - 32[0m
2023-03-30 00:14:30 info: [0mGET /projects/show/5 [36m304[0m 43.819 ms - -[0m
2023-03-30 00:14:33 info: [0mGET /projects/show/6 [32m200[0m 4.346 ms - 433[0m
2023-03-30 00:14:52 info: [0mGET /projects/show/6 [36m304[0m 56.591 ms - -[0m
2023-03-30 00:14:55 info: [0mGET /projects/show/6 [36m304[0m 19.844 ms - -[0m
2023-03-30 00:15:02 info: [0mGET /projects/show/6 [36m304[0m 38.182 ms - -[0m
2023-03-30 00:15:04 info: [0mOPTIONS /folders/get-medias [32m204[0m 0.203 ms - 0[0m
2023-03-30 00:15:04 info: [0mPOST /folders/get-medias [32m200[0m 25.648 ms - 315[0m
2023-03-30 00:15:04 info: [0mGET /folders [36m304[0m 18.311 ms - -[0m
2023-03-30 00:15:13 info: [0mPOST /medias/create [32m200[0m 69.535 ms - 31[0m
2023-03-30 00:15:13 info: [0mOPTIONS /folders/get-medias [32m204[0m 0.143 ms - 0[0m
2023-03-30 00:15:13 info: [0mPOST /folders/get-medias [32m200[0m 4.640 ms - -[0m
2023-03-30 00:15:16 info: [0mOPTIONS /projects/update/6 [32m204[0m 0.145 ms - 0[0m
2023-03-30 00:15:16 info: [0mPUT /projects/update/6 [32m200[0m 8.178 ms - 32[0m
2023-03-30 00:15:20 info: [0mGET /projects/show/6 [32m200[0m 12.267 ms - 719[0m
2023-03-30 00:15:24 info: [0mGET /projects/show/6 [36m304[0m 35.367 ms - -[0m
2023-03-30 00:15:50 info: [0mOPTIONS /projects/update/6 [32m204[0m 0.579 ms - 0[0m
2023-03-30 00:15:50 info: [0mPUT /projects/update/6 [32m200[0m 67.785 ms - 32[0m
2023-03-30 00:15:52 info: [0mGET /projects? [32m200[0m 84.504 ms - -[0m
2023-03-30 00:15:54 info: [0mGET /projects/show/8 [36m304[0m 97.053 ms - -[0m
2023-03-30 00:15:59 info: [0mGET /projects/show/7 [36m304[0m 31.730 ms - -[0m
2023-03-30 00:16:07 info: [0mGET /projects/show/6 [32m200[0m 22.840 ms - -[0m
2023-03-30 00:16:38 info: [0mOPTIONS /folders/get-medias [32m204[0m 0.598 ms - 0[0m
2023-03-30 00:16:39 info: [0mGET /folders [36m304[0m 24.139 ms - -[0m
2023-03-30 00:16:39 info: [0mPOST /folders/get-medias [32m200[0m 34.168 ms - -[0m
2023-03-30 00:16:43 info: [0mPOST /folders/get-medias [32m200[0m 9.449 ms - -[0m
2023-03-30 00:16:43 info: [0mGET /folders [36m304[0m 12.325 ms - -[0m
2023-03-30 00:16:46 info: [0mOPTIONS /projects/create [32m204[0m 0.158 ms - 0[0m
2023-03-30 00:16:46 info: [0mPOST /projects/create [32m200[0m 8.609 ms - 256[0m
2023-03-30 00:16:54 info: [0mGET /projects? [32m200[0m 29.169 ms - -[0m
2023-03-30 00:16:58 info: [0mGET /projects/show/9 [32m200[0m 5.407 ms - 760[0m
2023-03-30 00:17:25 info: [0mGET /projects/show/9 [36m304[0m 29.223 ms - -[0m
2023-03-30 00:17:30 info: [0mGET /projects/show/9 [36m304[0m 6.642 ms - -[0m
2023-03-30 00:18:08 info: [0mGET /projects/show/9 [36m304[0m 226.863 ms - -[0m
2023-03-30 00:19:38 info: [0mOPTIONS /projects/update/9 [32m204[0m 1.001 ms - 0[0m
2023-03-30 00:19:38 info: [0mPUT /projects/update/9 [32m200[0m 141.327 ms - 32[0m
2023-03-30 00:19:40 info: [0mGET /projects? [36m304[0m 106.869 ms - -[0m
2023-03-30 00:20:22 info: [0mGET /projects/show/6 [36m304[0m 91.994 ms - -[0m
2023-03-30 00:20:25 info: [0mGET /projects/show/5 [36m304[0m 20.746 ms - -[0m
2023-03-30 00:20:29 info: [0mGET /projects? [36m304[0m 144.249 ms - -[0m
2023-03-30 00:20:31 info: [0mGET /projects/show/9 [36m304[0m 11.457 ms - -[0m
2023-03-30 00:20:34 info: [0mGET /projects/show/5 [36m304[0m 7.323 ms - -[0m
2023-03-30 00:20:39 info: [0mGET /projects/show/5 [36m304[0m 34.203 ms - -[0m
2023-03-30 00:20:42 info: [0mGET /projects/show/5 [36m304[0m 6.635 ms - -[0m
2023-03-30 00:20:43 info: [0mGET /projects? [36m304[0m 45.188 ms - -[0m
2023-03-30 00:20:45 info: [0mGET /projects/show/9 [36m304[0m 5.294 ms - -[0m
2023-03-30 00:20:47 info: [0mGET /projects/show/9 [36m304[0m 5.133 ms - -[0m
2023-03-30 00:21:06 info: [0mOPTIONS /projects/update/9 [32m204[0m 0.748 ms - 0[0m
2023-03-30 00:21:06 info: [0mPUT /projects/update/9 [32m200[0m 21.765 ms - 32[0m
2023-03-30 00:21:09 info: [0mGET /projects? [36m304[0m 108.069 ms - -[0m
2023-03-30 00:21:12 info: [0mGET /projects/show/9 [36m304[0m 34.615 ms - -[0m
2023-03-30 00:21:58 info: [0mOPTIONS /projects/update/9 [32m204[0m 1.143 ms - 0[0m
2023-03-30 00:21:58 info: [0mPUT /projects/update/9 [32m200[0m 44.280 ms - 32[0m
2023-03-30 00:22:02 info: [0mGET /projects? [36m304[0m 196.100 ms - -[0m
2023-03-30 00:22:04 info: [0mGET /projects/show/9 [36m304[0m 15.705 ms - -[0m
2023-03-30 00:22:07 info: [0mGET /projects/show/5 [36m304[0m 97.981 ms - -[0m
2023-03-30 00:22:10 info: [0mGET /projects/show/9 [36m304[0m 50.144 ms - -[0m
2023-03-30 00:22:13 info: [0mGET /projects/show/8 [36m304[0m 76.369 ms - -[0m
2023-03-30 00:22:14 info: [0mOPTIONS /folders/get-medias [32m204[0m 0.405 ms - 0[0m
2023-03-30 00:22:14 info: [0mPOST /folders/get-medias [32m200[0m 62.397 ms - -[0m
2023-03-30 00:22:14 info: [0mGET /folders [36m304[0m 96.434 ms - -[0m
2023-03-30 00:22:17 info: [0mOPTIONS /projects/update/8 [32m204[0m 0.211 ms - 0[0m
2023-03-30 00:22:17 info: [0mPUT /projects/update/8 [32m200[0m 24.945 ms - 32[0m
2023-03-30 00:22:20 info: [0mGET /projects/show/8 [32m200[0m 23.560 ms - 739[0m
2023-03-30 00:22:44 info: [0mGET /projects? [32m200[0m 193.992 ms - -[0m
2023-03-30 00:22:48 info: [0mGET /projects/show/9 [36m304[0m 50.454 ms - -[0m
2023-03-30 00:22:52 info: [0mGET /projects/show/9 [36m304[0m 45.033 ms - -[0m
2023-03-30 00:22:56 info: [0mGET /projects/show/5 [36m304[0m 16.413 ms - -[0m
2023-03-30 00:22:58 info: [0mOPTIONS /folders/get-medias [32m204[0m 0.233 ms - 0[0m
2023-03-30 00:22:58 info: [0mPOST /folders/get-medias [32m200[0m 13.841 ms - -[0m
2023-03-30 00:22:58 info: [0mGET /folders [36m304[0m 22.295 ms - -[0m
2023-03-30 00:22:59 info: [0mPOST /folders/get-medias [32m200[0m 58.163 ms - -[0m
2023-03-30 00:22:59 info: [0mGET /folders [36m304[0m 66.483 ms - -[0m
2023-03-30 00:25:02 info: [0mOPTIONS /folders/get-medias [32m204[0m 1.061 ms - 0[0m
2023-03-30 00:25:02 info: [0mGET /folders [36m304[0m 31.031 ms - -[0m
2023-03-30 00:25:02 info: [0mPOST /folders/get-medias [32m200[0m 37.469 ms - -[0m
2023-03-30 00:25:06 info: [0mPOST /folders/get-medias [32m200[0m 6.583 ms - -[0m
2023-03-30 00:25:06 info: [0mGET /folders [36m304[0m 14.223 ms - -[0m
2023-03-30 00:25:50 info: [0mGET /projects/show/5 [36m304[0m 69.036 ms - -[0m
2023-03-30 00:25:52 info: [0mOPTIONS /folders/get-medias [32m204[0m 0.355 ms - 0[0m
2023-03-30 00:25:52 info: [0mPOST /folders/get-medias [32m200[0m 79.847 ms - -[0m
2023-03-30 00:25:52 info: [0mGET /folders [36m304[0m 62.285 ms - -[0m
2023-03-30 00:26:15 info: [0mOPTIONS /folders/get-medias [32m204[0m 1.856 ms - 0[0m
2023-03-30 00:26:15 info: [0mGET /folders [36m304[0m 18.828 ms - -[0m
2023-03-30 00:26:15 info: [0mPOST /folders/get-medias [32m200[0m 25.613 ms - -[0m
2023-03-30 00:27:15 info: [0mOPTIONS /folders/get-medias [32m204[0m 0.728 ms - 0[0m
2023-03-30 00:27:15 info: [0mGET /folders [36m304[0m 28.748 ms - -[0m
2023-03-30 00:27:15 info: [0mPOST /folders/get-medias [32m200[0m 44.135 ms - -[0m
2023-03-30 00:27:19 info: [0mPOST /folders/get-medias [32m200[0m 10.180 ms - -[0m
2023-03-30 00:27:19 info: [0mGET /folders [36m304[0m 13.665 ms - -[0m
2023-03-30 00:27:24 info: [0mOPTIONS /folders/get-medias [32m204[0m 0.128 ms - 0[0m
2023-03-30 00:27:24 info: [0mPOST /folders/get-medias [32m200[0m 3.722 ms - -[0m
2023-03-30 00:27:24 info: [0mGET /folders [36m304[0m 13.018 ms - -[0m
2023-03-30 00:28:02 info: [0mOPTIONS /folders/get-medias [32m204[0m 3.017 ms - 0[0m
2023-03-30 00:28:02 info: [0mPOST /folders/get-medias [32m200[0m 17.965 ms - -[0m
2023-03-30 00:28:02 info: [0mGET /folders [36m304[0m 21.814 ms - -[0m
2023-03-30 00:28:13 info: [0mOPTIONS /projects/update/5 [32m204[0m 0.242 ms - 0[0m
2023-03-30 00:28:13 info: [0mPUT /projects/update/5 [32m200[0m 72.531 ms - 32[0m
2023-03-30 00:28:14 info: [0mGET /projects? [32m200[0m 40.767 ms - -[0m
2023-03-30 00:28:17 info: [0mGET /projects/show/9 [36m304[0m 13.466 ms - -[0m
2023-03-30 00:28:21 info: [0mOPTIONS /folders/get-medias [32m204[0m 0.136 ms - 0[0m
2023-03-30 00:28:21 info: [0mPOST /folders/get-medias [32m200[0m 8.370 ms - -[0m
2023-03-30 00:28:21 info: [0mGET /folders [36m304[0m 17.691 ms - -[0m
2023-03-30 00:28:23 info: [0mPOST /folders/get-medias [32m200[0m 5.517 ms - 321[0m
2023-03-30 00:28:24 info: [0mPOST /folders/get-medias [32m200[0m 2.172 ms - 31[0m
2023-03-30 00:28:24 info: [0mPOST /folders/get-medias [32m200[0m 3.313 ms - 321[0m
2023-03-30 00:28:26 info: [0mOPTIONS /projects/update/9 [32m204[0m 1.920 ms - 0[0m
2023-03-30 00:28:26 info: [0mPUT /projects/update/9 [32m200[0m 17.215 ms - 32[0m
2023-03-30 00:28:29 info: [0mGET /projects/show/9 [32m200[0m 7.996 ms - 766[0m
2023-03-30 00:38:23 info: [0mOPTIONS /folders/get-medias [32m204[0m 3.181 ms - 0[0m
2023-03-30 00:38:23 info: [0mGET /folders [36m304[0m 295.984 ms - -[0m
2023-03-30 00:38:23 info: [0mPOST /folders/get-medias [32m200[0m 322.255 ms - -[0m
2023-03-30 00:38:28 info: [0mGET /projects/show/9 [36m304[0m 46.277 ms - -[0m
2023-03-30 00:38:30 info: [0mGET /projects/show/9 [36m304[0m 25.881 ms - -[0m
2023-03-30 00:38:31 info: [0mOPTIONS /folders/get-medias [32m204[0m 0.251 ms - 0[0m
2023-03-30 00:38:31 info: [0mPOST /folders/get-medias [32m200[0m 20.079 ms - -[0m
2023-03-30 00:38:31 info: [0mGET /folders [36m304[0m 36.771 ms - -[0m
2023-03-30 00:38:33 info: [0mOPTIONS /medias/delete/4 [32m204[0m 0.263 ms - 0[0m
2023-03-30 00:38:33 info: [0mDELETE /medias/delete/4 [31m500[0m 207.530 ms - 827[0m
2023-03-30 00:38:37 info: [0mOPTIONS /medias/delete/3 [32m204[0m 0.198 ms - 0[0m
2023-03-30 00:38:37 info: [0mDELETE /medias/delete/3 [31m500[0m 6.762 ms - 836[0m
2023-03-30 00:38:40 info: [0mOPTIONS /folders/get-medias [32m204[0m 1.226 ms - 0[0m
2023-03-30 00:38:40 info: [0mPOST /folders/get-medias [32m200[0m 19.750 ms - -[0m
2023-03-30 00:38:40 info: [0mGET /folders [36m304[0m 117.785 ms - -[0m
2023-03-30 00:38:42 info: [0mDELETE /medias/delete/3 [31m500[0m 19.523 ms - 836[0m
2023-03-30 00:39:39 info: [0mOPTIONS /folders/get-medias [32m204[0m 0.872 ms - 0[0m
2023-03-30 00:39:39 info: [0mPOST /folders/get-medias [32m200[0m 95.552 ms - -[0m
2023-03-30 00:39:39 info: [0mGET /folders [36m304[0m 105.909 ms - -[0m
2023-03-30 00:39:40 info: [0mOPTIONS /medias/delete/1 [32m204[0m 0.135 ms - 0[0m
2023-03-30 00:39:40 info: [0mDELETE /medias/delete/1 [31m500[0m 55.206 ms - 836[0m
2023-03-30 00:40:14 info: [0mOPTIONS /folders/get-medias [32m204[0m 0.756 ms - 0[0m
2023-03-30 00:40:14 info: [0mGET /folders [36m304[0m 57.211 ms - -[0m
2023-03-30 00:40:14 info: [0mPOST /folders/get-medias [32m200[0m 67.073 ms - -[0m
2023-03-30 00:40:15 info: [0mOPTIONS /medias/delete/3 [32m204[0m 0.326 ms - 0[0m
2023-03-30 00:40:16 info: [0mDELETE /medias/delete/3 [31m500[0m 188.997 ms - 836[0m
2023-03-30 00:40:19 info: [0mPOST /folders/get-medias [32m200[0m 15.761 ms - -[0m
2023-03-30 00:40:19 info: [0mGET /folders [36m304[0m 145.911 ms - -[0m
2023-03-30 00:40:28 info: [0mOPTIONS /medias/delete/3 [32m204[0m 0.639 ms - 0[0m
2023-03-30 00:40:28 info: [0mDELETE /medias/delete/3 [31m500[0m 24.362 ms - 836[0m
2023-03-30 00:46:19 info: =================================
2023-03-30 00:46:19 info: ======= ENV: development =======
2023-03-30 00:46:19 info: 🚀 App listening on the port 8000
2023-03-30 00:46:19 info: =================================
2023-03-30 00:46:52 info: [0mOPTIONS /folders/get-medias [32m204[0m 3.055 ms - 0[0m
2023-03-30 00:46:52 info: [0mGET /folders [36m304[0m 193.857 ms - -[0m
2023-03-30 00:46:52 info: [0mPOST /folders/get-medias [32m200[0m 287.918 ms - 31[0m
2023-03-30 00:46:56 info: [0mPOST /folders/get-medias [32m200[0m 9.275 ms - 31[0m
2023-03-30 00:47:00 info: [0mPOST /medias/create [32m200[0m 36.136 ms - 31[0m
2023-03-30 00:47:00 info: [0mOPTIONS /folders/get-medias [32m204[0m 0.208 ms - 0[0m
2023-03-30 00:47:00 info: [0mPOST /folders/get-medias [32m200[0m 17.363 ms - 315[0m
2023-03-30 00:47:04 info: [0mOPTIONS /medias/delete/1 [32m204[0m 0.148 ms - 0[0m
2023-03-30 00:47:04 info: [0mDELETE /medias/delete/1 [32m200[0m 9.771 ms - 30[0m
2023-03-30 00:47:04 info: [0mPOST /folders/get-medias [32m200[0m 3.956 ms - 31[0m
2023-03-30 00:47:20 info: [0mPOST /medias/create [32m200[0m 35.808 ms - 31[0m
2023-03-30 00:47:20 info: [0mOPTIONS /folders/get-medias [32m204[0m 0.401 ms - 0[0m
2023-03-30 00:47:20 info: [0mPOST /folders/get-medias [32m200[0m 5.233 ms - 600[0m
2023-03-30 00:47:23 info: [0mGET /projects? [32m200[0m 68.426 ms - -[0m
2023-03-30 00:47:26 info: [0mGET /projects/show/5 [36m304[0m 27.558 ms - -[0m
2023-03-30 00:47:27 info: [0mOPTIONS /folders/get-medias [32m204[0m 0.230 ms - 0[0m
2023-03-30 00:47:27 info: [0mPOST /folders/get-medias [32m200[0m 18.064 ms - 31[0m
2023-03-30 00:47:27 info: [0mGET /folders [36m304[0m 16.321 ms - -[0m
2023-03-30 00:47:29 info: [0mPOST /folders/get-medias [32m200[0m 6.581 ms - 600[0m
2023-03-30 00:47:32 info: [0mPOST /folders/get-medias [32m200[0m 9.454 ms - 31[0m
2023-03-30 00:47:32 info: [0mGET /folders [36m304[0m 32.184 ms - -[0m
2023-03-30 00:47:34 info: [0mOPTIONS /folders/get-medias [32m204[0m 0.230 ms - 0[0m
2023-03-30 00:47:34 info: [0mPOST /folders/get-medias [32m200[0m 7.403 ms - 31[0m
2023-03-30 00:47:35 info: [0mPOST /folders/get-medias [32m200[0m 3.997 ms - 600[0m
2023-03-30 00:47:37 info: [0mOPTIONS /projects/update/5 [32m204[0m 0.228 ms - 0[0m
2023-03-30 00:47:37 info: [0mPUT /projects/update/5 [32m200[0m 28.363 ms - 32[0m
2023-03-30 00:47:40 info: [0mGET /projects/show/5 [32m200[0m 28.995 ms - 727[0m
2023-03-30 00:47:51 info: [0mOPTIONS /folders/get-medias [32m204[0m 0.144 ms - 0[0m
2023-03-30 00:47:51 info: [0mPOST /folders/get-medias [32m200[0m 42.846 ms - 31[0m
2023-03-30 00:47:51 info: [0mGET /folders [36m304[0m 42.424 ms - -[0m
2023-03-30 00:47:53 info: [0mPOST /folders/get-medias [32m200[0m 5.474 ms - 600[0m
2023-03-30 00:47:55 info: [0mOPTIONS /medias/delete/3 [32m204[0m 0.191 ms - 0[0m
2023-03-30 00:47:55 info: [0mDELETE /medias/delete/3 [32m200[0m 4.115 ms - 30[0m
2023-03-30 00:47:55 info: [0mPOST /folders/get-medias [32m200[0m 4.231 ms - 315[0m
2023-03-30 00:48:15 info: [0mGET /projects? [32m200[0m 113.438 ms - 903[0m
2023-03-30 00:48:19 info: [0mGET /projects/show/4 [36m304[0m 6.947 ms - -[0m
2023-03-30 00:50:31 info: =================================
2023-03-30 00:50:31 info: ======= ENV: development =======
2023-03-30 00:50:31 info: 🚀 App listening on the port 8000
2023-03-30 00:50:31 info: =================================
2023-03-30 00:52:47 info: =================================
2023-03-30 00:52:47 info: ======= ENV: development =======
2023-03-30 00:52:47 info: 🚀 App listening on the port 8000
2023-03-30 00:52:47 info: =================================
2023-03-30 00:52:57 info: [0mGET /projects? [32m200[0m 143.133 ms - -[0m
2023-03-30 00:53:03 info: [0mGET /projects/show/5 [32m200[0m 62.380 ms - 167[0m
2023-03-30 00:53:09 info: [0mOPTIONS /folders/get-medias [32m204[0m 0.544 ms - 0[0m
2023-03-30 00:53:09 info: [0mPOST /folders/get-medias [32m200[0m 39.538 ms - 31[0m
2023-03-30 00:53:09 info: [0mGET /folders [36m304[0m 19.922 ms - -[0m
2023-03-30 00:53:22 info: [0mOPTIONS /folders/create [32m204[0m 0.416 ms - 0[0m
2023-03-30 00:53:22 info: [0mPOST /folders/create [32m200[0m 31.360 ms - 151[0m
2023-03-30 00:53:22 info: [0mGET /folders [32m200[0m 60.089 ms - 370[0m
2023-03-30 00:53:25 info: [0mOPTIONS /folders/get-medias [32m204[0m 1.705 ms - 0[0m
2023-03-30 00:53:25 info: [0mPOST /folders/get-medias [32m200[0m 5.010 ms - 31[0m
2023-03-30 00:55:10 info: [0mOPTIONS /folders/get-medias [32m204[0m 9.732 ms - 0[0m
2023-03-30 00:55:10 info: [0mPOST /folders/get-medias [32m200[0m 86.114 ms - 31[0m
2023-03-30 00:55:10 info: [0mGET /folders [36m304[0m 81.720 ms - -[0m
2023-03-30 00:55:16 info: [0mOPTIONS /folders/get-medias [32m204[0m 0.281 ms - 0[0m
2023-03-30 00:55:16 info: [0mGET /folders [36m304[0m 39.807 ms - -[0m
2023-03-30 00:55:16 info: [0mPOST /folders/get-medias [32m200[0m 18.865 ms - 31[0m
2023-03-30 00:55:20 info: [0mGET /projects/show/5 [36m304[0m 63.974 ms - -[0m
2023-03-30 00:55:22 info: [0mGET /projects? [36m304[0m 15.614 ms - -[0m
2023-03-30 00:55:23 info: [0mOPTIONS /folders/get-medias [32m204[0m 0.220 ms - 0[0m
2023-03-30 00:55:23 info: [0mPOST /folders/get-medias [32m200[0m 16.722 ms - 31[0m
2023-03-30 00:55:23 info: [0mGET /folders [36m304[0m 32.398 ms - -[0m
2023-03-30 00:55:25 info: [0mPOST /folders/get-medias [32m200[0m 7.337 ms - 31[0m
2023-03-30 00:55:25 info: [0mPOST /folders/get-medias [32m200[0m 3.511 ms - 31[0m
2023-03-30 00:55:25 info: [0mPOST /folders/get-medias [32m200[0m 6.171 ms - 31[0m
2023-03-30 00:55:26 info: [0mPOST /folders/get-medias [32m200[0m 29.174 ms - 31[0m
2023-03-30 00:55:28 info: [0mPOST /medias/create [32m200[0m 40.341 ms - 31[0m
2023-03-30 00:55:28 info: [0mOPTIONS /folders/get-medias [32m204[0m 0.314 ms - 0[0m
2023-03-30 00:55:28 info: [0mPOST /folders/get-medias [32m200[0m 5.626 ms - 321[0m
2023-03-30 00:55:30 info: [0mOPTIONS /medias/delete/1 [32m204[0m 0.145 ms - 0[0m
2023-03-30 00:55:30 info: [0mDELETE /medias/delete/1 [32m200[0m 5.315 ms - 30[0m
2023-03-30 00:55:30 info: [0mPOST /folders/get-medias [32m200[0m 2.933 ms - 31[0m
2023-03-30 00:56:10 info: [0mOPTIONS /folders/get-medias [32m204[0m 0.749 ms - 0[0m
2023-03-30 00:56:10 info: [0mPOST /folders/get-medias [32m200[0m 50.930 ms - 31[0m
2023-03-30 00:56:10 info: [0mGET /folders [36m304[0m 71.121 ms - -[0m
2023-03-30 00:56:15 info: [0mPOST /folders/get-medias [32m200[0m 21.475 ms - 31[0m
2023-03-30 00:56:15 info: [0mGET /folders [36m304[0m 15.397 ms - -[0m
2023-03-30 00:56:19 info: [0mOPTIONS /folders/get-medias [32m204[0m 0.672 ms - 0[0m
2023-03-30 00:56:19 info: [0mPOST /folders/get-medias [32m200[0m 20.240 ms - 31[0m
2023-03-30 00:56:22 info: [0mPOST /medias/create [32m200[0m 32.866 ms - 31[0m
2023-03-30 00:56:22 info: [0mPOST /folders/get-medias [32m200[0m 13.512 ms - 321[0m
2023-03-30 00:56:24 info: [0mOPTIONS /medias/delete/2 [32m204[0m 0.159 ms - 0[0m
2023-03-30 00:56:24 info: [0mDELETE /medias/delete/2 [32m200[0m 14.008 ms - 30[0m
2023-03-30 00:56:24 info: [0mPOST /folders/get-medias [32m200[0m 3.022 ms - 31[0m
2023-03-30 00:56:39 info: [0mOPTIONS /folders/get-medias [32m204[0m 0.834 ms - 0[0m
2023-03-30 00:56:39 info: [0mPOST /folders/get-medias [32m200[0m 35.106 ms - 31[0m
2023-03-30 00:56:39 info: [0mGET /folders [36m304[0m 33.381 ms - -[0m
2023-03-30 00:56:40 info: [0mGET /projects? [36m304[0m 16.625 ms - -[0m
2023-03-30 00:56:44 info: [0mGET /posts [32m200[0m 83.482 ms - 699[0m
2023-03-30 00:56:45 info: [0mGET /posts [36m304[0m 11.119 ms - -[0m
2023-03-30 00:57:33 info: [0mOPTIONS /folders/get-medias [32m204[0m 31.038 ms - 0[0m
2023-03-30 00:57:34 info: [0mPOST /folders/get-medias [32m200[0m 146.911 ms - 31[0m
2023-03-30 00:57:34 info: [0mGET /folders [36m304[0m 115.355 ms - -[0m
2023-03-30 00:57:38 info: [0mOPTIONS /folders/create [32m204[0m 0.756 ms - 0[0m
2023-03-30 00:57:38 info: [0mPOST /folders/create [32m200[0m 26.546 ms - 150[0m
2023-03-30 00:57:38 info: [0mGET /folders [32m200[0m 10.813 ms - 452[0m
2023-03-30 00:58:00 info: [0mOPTIONS /folders/get-medias [32m204[0m 0.287 ms - 0[0m
2023-03-30 00:58:00 info: [0mPOST /folders/get-medias [32m200[0m 14.802 ms - 31[0m
2023-03-30 00:58:00 info: [0mGET /folders [36m304[0m 39.013 ms - -[0m
2023-03-30 00:58:06 info: [0mOPTIONS /folders/create [32m204[0m 0.612 ms - 0[0m
2023-03-30 00:58:06 info: [0mPOST /folders/create [32m200[0m 10.209 ms - 144[0m
2023-03-30 00:58:06 info: [0mGET /folders [32m200[0m 11.935 ms - 528[0m
2023-03-30 00:58:22 info: [0mOPTIONS /folders/get-medias [32m204[0m 0.645 ms - 0[0m
2023-03-30 00:58:22 info: [0mPOST /folders/get-medias [32m200[0m 42.959 ms - 31[0m
2023-03-30 00:58:22 info: [0mGET /folders [36m304[0m 41.732 ms - -[0m
2023-03-30 00:58:30 info: [0mOPTIONS /folders/get-medias [32m204[0m 0.775 ms - 0[0m
2023-03-30 00:58:30 info: [0mPOST /folders/get-medias [32m200[0m 11.737 ms - 31[0m
2023-03-30 00:58:31 info: [0mPOST /folders/get-medias [32m200[0m 9.349 ms - 31[0m
2023-03-30 00:58:31 info: [0mPOST /folders/get-medias [32m200[0m 17.132 ms - 31[0m
2023-03-30 00:58:31 info: [0mPOST /folders/get-medias [32m200[0m 10.557 ms - 31[0m
2023-03-30 00:58:31 info: [0mPOST /folders/get-medias [32m200[0m 86.069 ms - 31[0m
2023-03-30 00:58:32 info: [0mPOST /folders/get-medias [32m200[0m 9.804 ms - 31[0m
2023-03-30 00:58:32 info: [0mPOST /folders/get-medias [32m200[0m 4.361 ms - 31[0m
2023-03-30 00:58:33 info: [0mPOST /folders/get-medias [32m200[0m 33.583 ms - 31[0m
2023-03-30 00:58:33 info: [0mGET /folders [36m304[0m 23.666 ms - -[0m
2023-03-30 00:58:33 info: [0mPOST /folders/get-medias [32m200[0m 4.244 ms - 31[0m
2023-03-30 00:58:33 info: [0mPOST /folders/get-medias [32m200[0m 3.359 ms - 31[0m
2023-03-30 00:58:33 info: [0mPOST /folders/get-medias [32m200[0m 13.120 ms - 31[0m
2023-03-30 00:58:33 info: [0mPOST /folders/get-medias [32m200[0m 16.357 ms - 31[0m
2023-03-30 00:58:35 info: [0mPOST /folders/get-medias [32m200[0m 2.576 ms - 31[0m
2023-03-30 00:58:36 info: [0mOPTIONS /folders/get-medias [32m204[0m 32.355 ms - 0[0m
2023-03-30 00:58:36 info: [0mPOST /folders/get-medias [32m200[0m 20.924 ms - 31[0m
2023-03-30 00:58:36 info: [0mPOST /folders/get-medias [32m200[0m 2.729 ms - 31[0m
2023-03-30 00:58:36 info: [0mPOST /folders/get-medias [32m200[0m 7.221 ms - 31[0m
2023-03-30 00:58:36 info: [0mPOST /folders/get-medias [32m200[0m 13.255 ms - 31[0m
2023-03-30 00:58:49 info: [0mGET /projects? [36m304[0m 67.125 ms - -[0m
2023-03-30 00:59:06 info: [0mOPTIONS /projects/create [32m204[0m 0.684 ms - 0[0m
2023-03-30 00:59:06 info: [0mPOST /projects/create [32m200[0m 63.978 ms - 207[0m
2023-03-30 00:59:12 info: [0mOPTIONS /projects/create [32m204[0m 3.290 ms - 0[0m
2023-03-30 00:59:12 info: [0mPOST /projects/create [32m200[0m 16.043 ms - 207[0m
2023-03-30 01:00:02 info: [0mGET /projects? [32m200[0m 82.851 ms - -[0m
2023-03-30 01:00:07 info: [0mGET /projects/show/7 [32m200[0m 28.231 ms - 145[0m
2023-03-30 01:00:19 info: [0mOPTIONS /projects/update/7 [32m204[0m 0.313 ms - 0[0m
2023-03-30 01:00:19 info: [0mPUT /projects/update/7 [32m200[0m 31.745 ms - 32[0m
2023-03-30 01:00:25 info: [0mGET /projects/show/7 [32m200[0m 51.161 ms - 155[0m
2023-03-30 01:00:28 info: [0mGET /projects/show/7 [36m304[0m 5.819 ms - -[0m
2023-03-30 01:00:30 info: [0mOPTIONS /folders/get-medias [32m204[0m 0.855 ms - 0[0m
2023-03-30 01:00:30 info: [0mPOST /folders/get-medias [32m200[0m 28.696 ms - 31[0m
2023-03-30 01:00:30 info: [0mGET /folders [36m304[0m 44.026 ms - -[0m
2023-03-30 01:00:32 info: [0mPOST /folders/get-medias [32m200[0m 2.218 ms - 31[0m
2023-03-30 01:00:33 info: [0mPOST /folders/get-medias [32m200[0m 17.348 ms - 31[0m
2023-03-30 01:00:35 info: [0mPOST /medias/create [32m200[0m 35.070 ms - 31[0m
2023-03-30 01:00:35 info: [0mOPTIONS /folders/get-medias [32m204[0m 0.167 ms - 0[0m
2023-03-30 01:00:35 info: [0mPOST /folders/get-medias [32m200[0m 3.221 ms - 321[0m
2023-03-30 01:00:38 info: [0mOPTIONS /projects/update/7 [32m204[0m 0.184 ms - 0[0m
2023-03-30 01:00:38 info: [0mPUT /projects/update/7 [32m200[0m 5.274 ms - 32[0m
2023-03-30 01:00:49 info: [0mGET /projects/show/7 [32m200[0m 53.730 ms - 441[0m
2023-03-30 01:00:53 info: [0mGET /projects? [32m200[0m 59.116 ms - -[0m
2023-03-30 01:00:57 info: [0mGET /projects/show/7 [36m304[0m 16.379 ms - -[0m
2023-03-30 01:00:59 info: [0mOPTIONS /projects/delete/7 [32m204[0m 0.181 ms - 0[0m
2023-03-30 01:00:59 info: [0mDELETE /projects/delete/7 [32m200[0m 5.080 ms - 30[0m
2023-03-30 01:01:02 info: [0mGET /projects/show/7 [31m500[0m 8.399 ms - 2[0m
2023-03-30 01:01:43 info: [0mGET /projects/show/6 [32m200[0m 62.698 ms - 145[0m
2023-03-30 01:01:45 info: [0mOPTIONS /projects/delete/6 [32m204[0m 0.178 ms - 0[0m
2023-03-30 01:01:45 info: [0mDELETE /projects/delete/6 [32m200[0m 3.710 ms - 30[0m
2023-03-30 01:01:48 info: [0mGET /projects? [32m200[0m 11.310 ms - -[0m
2023-03-30 01:02:17 info: [0mGET /projects/show/5 [36m304[0m 37.714 ms - -[0m
2023-03-30 01:02:19 info: [0mOPTIONS /projects/delete/5 [32m204[0m 0.305 ms - 0[0m
2023-03-30 01:02:19 info: [0mDELETE /projects/delete/5 [32m200[0m 9.315 ms - 30[0m
2023-03-30 01:02:23 info: [0mGET /projects? [32m200[0m 9.645 ms - 903[0m
2023-03-30 01:03:50 info: [0mGET /projects/show/4 [36m304[0m 147.264 ms - -[0m
2023-03-30 01:03:53 info: [0mGET /projects/show/3 [32m200[0m 10.262 ms - 167[0m
2023-03-30 01:03:55 info: [0mOPTIONS /projects/delete/3 [32m204[0m 0.167 ms - 0[0m
2023-03-30 01:03:55 info: [0mDELETE /projects/delete/3 [32m200[0m 8.653 ms - 30[0m
2023-03-30 01:04:00 info: [0mGET /projects? [32m200[0m 183.746 ms - 700[0m
2023-03-30 01:04:07 info: [0mGET /projects/show/4 [36m304[0m 13.792 ms - -[0m
2023-03-30 01:04:09 info: [0mOPTIONS /projects/delete/4 [32m204[0m 0.184 ms - 0[0m
2023-03-30 01:04:09 info: [0mDELETE /projects/delete/4 [32m200[0m 4.839 ms - 30[0m
2023-03-30 01:04:20 info: [0mGET /projects? [32m200[0m 137.274 ms - 497[0m
2023-03-30 01:04:21 info: [0mGET /projects/show/2 [36m304[0m 40.816 ms - -[0m
2023-03-30 01:04:23 info: [0mOPTIONS /projects/delete/2 [32m204[0m 0.269 ms - 0[0m
2023-03-30 01:04:23 info: [0mDELETE /projects/delete/2 [32m200[0m 14.488 ms - 30[0m
2023-03-30 01:08:29 info: [0mOPTIONS /projects/update/2 [32m204[0m 1.214 ms - 0[0m
2023-03-30 01:08:29 info: [0mPUT /projects/update/2 [32m200[0m 70.048 ms - 32[0m
2023-03-30 01:08:34 info: [0mPUT /projects/update/2 [32m200[0m 113.087 ms - 32[0m
2023-03-30 01:08:39 info: [0mGET /projects/show/2 [31m500[0m 37.539 ms - 2[0m
2023-03-30 01:08:41 info: [0mGET /projects? [32m200[0m 54.929 ms - 294[0m
2023-03-30 01:08:43 info: [0mGET /projects/show/1 [36m304[0m 22.366 ms - -[0m
2023-03-30 01:08:45 info: [0mOPTIONS /projects/delete/1 [32m204[0m 0.160 ms - 0[0m
2023-03-30 01:08:45 info: [0mDELETE /projects/delete/1 [32m200[0m 4.566 ms - 30[0m
2023-03-30 01:09:20 info: [0mGET /projects? [32m200[0m 105.817 ms - 92[0m
2023-03-30 01:09:22 info: [0mGET /projects? [36m304[0m 80.687 ms - -[0m
2023-03-30 01:09:33 info: [0mOPTIONS /projects/create [32m204[0m 2.400 ms - 0[0m
2023-03-30 01:09:33 info: [0mPOST /projects/create [32m200[0m 16.306 ms - 217[0m
2023-03-30 01:14:09 info: [0mGET /projects? [32m200[0m 55.435 ms - 280[0m
2023-03-30 01:14:43 info: [0mGET /projects? [36m304[0m 108.789 ms - -[0m
2023-03-30 01:17:08 info: [0mGET /posts [36m304[0m 115.864 ms - -[0m
2023-03-30 01:17:19 info: [0mGET /projects? [36m304[0m 56.378 ms - -[0m
2023-03-30 01:17:22 info: [0mGET /projects? [36m304[0m 69.710 ms - -[0m
2023-03-30 01:22:32 info: [0mGET /projects [32m200[0m 94.860 ms - 280[0m
2023-03-30 01:22:40 info: [0mGET /projects [36m304[0m 15.424 ms - -[0m
2023-03-30 01:22:43 info: [0mGET /projects/show/8 [32m200[0m 25.266 ms - 155[0m
2023-03-30 01:22:46 info: [0mOPTIONS /projects/delete/8 [32m204[0m 0.257 ms - 0[0m
2023-03-30 01:22:46 info: [0mDELETE /projects/delete/8 [32m200[0m 36.308 ms - 30[0m
2023-03-30 01:22:49 info: [0mGET /projects [32m200[0m 13.063 ms - 92[0m
2023-03-30 01:23:08 info: [0mGET /projects [36m304[0m 81.748 ms - -[0m
2023-03-30 01:23:13 info: [0mGET /projects [36m304[0m 160.947 ms - -[0m
2023-03-30 01:23:31 info: [0mGET /projects [36m304[0m 63.389 ms - -[0m
2023-03-30 01:23:34 info: [0mGET /projects [36m304[0m 4.564 ms - -[0m
2023-03-30 01:23:36 info: [0mGET /projects [36m304[0m 7.600 ms - -[0m
2023-03-30 01:23:37 info: [0mGET /projects [36m304[0m 28.789 ms - -[0m
2023-03-30 01:24:03 info: [0mOPTIONS /folders/get-medias [32m204[0m 10.056 ms - 0[0m
2023-03-30 01:24:03 info: [0mPOST /folders/get-medias [32m200[0m 53.257 ms - 31[0m
2023-03-30 01:24:03 info: [0mGET /folders [36m304[0m 49.230 ms - -[0m
2023-03-30 01:24:05 info: [0mPOST /folders/get-medias [32m200[0m 3.146 ms - 31[0m
2023-03-30 01:24:05 info: [0mPOST /folders/get-medias [32m200[0m 4.649 ms - 321[0m
2023-03-30 01:24:06 info: [0mPOST /folders/get-medias [32m200[0m 2.205 ms - 31[0m
2023-03-30 01:24:07 info: [0mPOST /folders/get-medias [32m200[0m 6.073 ms - 321[0m
2023-03-30 01:24:13 info: [0mOPTIONS /folders/get-medias [32m204[0m 2.473 ms - 0[0m
2023-03-30 01:24:13 info: [0mPOST /folders/get-medias [32m200[0m 105.177 ms - 31[0m
2023-03-30 01:24:13 info: [0mGET /folders [36m304[0m 121.332 ms - -[0m
2023-03-30 01:24:19 info: [0mPOST /medias/create [32m200[0m 68.498 ms - 31[0m
2023-03-30 01:24:19 info: [0mOPTIONS /folders/get-medias [32m204[0m 0.173 ms - 0[0m
2023-03-30 01:24:19 info: [0mPOST /folders/get-medias [32m200[0m 6.722 ms - 315[0m
2023-03-30 01:24:21 info: [0mOPTIONS /projects/create [32m204[0m 0.173 ms - 0[0m
2023-03-30 01:24:21 info: [0mPOST /projects/create [32m200[0m 7.240 ms - 237[0m
2023-03-30 01:24:21 info: [0mGET /projects [32m200[0m 61.343 ms - 300[0m
2023-03-30 01:24:24 info: [0mGET /projects/show/9 [32m200[0m 20.576 ms - 747[0m
2023-03-30 01:24:28 info: [0mGET /projects [36m304[0m 76.789 ms - -[0m
2023-03-30 01:24:29 info: [0mGET /projects/show/9 [36m304[0m 35.957 ms - -[0m
2023-03-30 01:32:04 info: [0mGET /projects/show/9 [36m304[0m 450.705 ms - -[0m
2023-03-30 01:32:18 info: [0mOPTIONS /projects/update/9 [32m204[0m 0.378 ms - 0[0m
2023-03-30 01:32:18 info: [0mPUT /projects/update/9 [32m200[0m 26.566 ms - 32[0m
2023-03-30 01:32:32 info: [0mGET /projects/show/9 [32m200[0m 49.603 ms - 750[0m
2023-03-30 01:32:32 info: [0mGET /projects/show/9 [36m304[0m 13.541 ms - -[0m
2023-03-30 01:32:37 info: [0mGET /projects/show/9 [36m304[0m 74.895 ms - -[0m
2023-03-30 01:32:37 info: [0mGET /projects/show/9 [36m304[0m 5.736 ms - -[0m
2023-03-30 01:32:39 info: [0mGET /projects/show/9 [36m304[0m 20.028 ms - -[0m
2023-03-30 01:32:39 info: [0mGET /projects/show/9 [36m304[0m 9.810 ms - -[0m
2023-03-30 01:32:47 info: [0mGET /projects/show/9 [36m304[0m 21.546 ms - -[0m
2023-03-30 01:32:49 info: [0mOPTIONS /projects/update/9 [32m204[0m 0.218 ms - 0[0m
2023-03-30 01:32:49 info: [0mPUT /projects/update/9 [32m200[0m 29.705 ms - 32[0m
2023-03-30 01:32:57 info: [0mGET /projects/show/9 [32m200[0m 73.504 ms - 755[0m
2023-03-30 01:32:57 info: [0mGET /projects/show/9 [36m304[0m 12.185 ms - -[0m
2023-03-30 01:33:01 info: [0mGET /projects/show/9 [36m304[0m 63.806 ms - -[0m
2023-03-30 01:33:04 info: [0mOPTIONS /projects/update/9 [32m204[0m 0.365 ms - 0[0m
2023-03-30 01:33:04 info: [0mPUT /projects/update/9 [32m200[0m 10.280 ms - 32[0m
2023-03-30 01:33:22 info: [0mGET /projects/show/9 [32m200[0m 48.316 ms - 757[0m
2023-03-30 01:33:22 info: [0mGET /projects/show/9 [36m304[0m 10.365 ms - -[0m
2023-03-30 01:33:28 info: [0mGET /projects/show/9 [36m304[0m 51.666 ms - -[0m
2023-03-30 01:33:28 info: [0mGET /projects/show/9 [36m304[0m 104.444 ms - -[0m
2023-03-30 01:33:32 info: [0mGET /projects/show/9 [36m304[0m 58.386 ms - -[0m
2023-03-30 01:33:34 info: [0mOPTIONS /projects/update/9 [32m204[0m 0.384 ms - 0[0m
2023-03-30 01:33:34 info: [0mPUT /projects/update/9 [32m200[0m 38.811 ms - 32[0m
2023-03-30 01:33:44 info: [0mGET /projects/show/9 [32m200[0m 58.860 ms - 761[0m
2023-03-30 01:33:44 info: [0mGET /projects/show/9 [36m304[0m 23.880 ms - -[0m
2023-03-30 01:33:47 info: [0mGET /projects/show/9 [36m304[0m 54.967 ms - -[0m
2023-03-30 01:33:47 info: [0mGET /projects/show/9 [36m304[0m 9.664 ms - -[0m
2023-03-30 01:33:50 info: [0mGET /projects/show/9 [36m304[0m 4.970 ms - -[0m
2023-03-30 01:33:51 info: [0mGET /projects/show/9 [36m304[0m 29.299 ms - -[0m
2023-03-30 01:34:00 info: [0mOPTIONS /projects/update/9 [32m204[0m 0.583 ms - 0[0m
2023-03-30 01:34:00 info: [0mPUT /projects/update/9 [32m200[0m 21.006 ms - 32[0m
2023-03-30 01:34:00 info: [0mGET /projects/show/9 [32m200[0m 9.252 ms - 753[0m
2023-03-30 01:34:00 info: [0mGET /projects/show/9 [36m304[0m 18.479 ms - -[0m
2023-03-30 01:34:00 info: [0mGET /projects/show/9 [36m304[0m 6.146 ms - -[0m
2023-03-30 01:34:23 info: [0mOPTIONS /projects/update/9 [32m204[0m 0.620 ms - 0[0m
2023-03-30 01:34:23 info: [0mPUT /projects/update/9 [32m200[0m 19.532 ms - 32[0m
2023-03-30 01:34:23 info: [0mGET /projects/show/9 [32m200[0m 4.764 ms - 754[0m
2023-03-30 01:34:23 info: [0mGET /projects/show/9 [36m304[0m 10.691 ms - -[0m
2023-03-30 01:34:23 info: [0mGET /projects/show/9 [36m304[0m 5.012 ms - -[0m
2023-03-30 01:34:32 info: [0mOPTIONS /folders/get-medias [32m204[0m 0.180 ms - 0[0m
2023-03-30 01:34:33 info: [0mPOST /folders/get-medias [32m200[0m 31.406 ms - 315[0m
2023-03-30 01:34:33 info: [0mGET /folders [36m304[0m 33.200 ms - -[0m
2023-03-30 01:34:35 info: [0mGET /projects [32m200[0m 18.352 ms - 307[0m
2023-03-30 01:34:35 info: [0mGET /projects/show/9 [36m304[0m 38.398 ms - -[0m
2023-03-30 01:34:36 info: [0mGET /projects/show/9 [36m304[0m 17.602 ms - -[0m
2023-03-30 01:34:42 info: [0mOPTIONS /projects/update/9 [32m204[0m 0.158 ms - 0[0m
2023-03-30 01:34:42 info: [0mPUT /projects/update/9 [32m200[0m 6.437 ms - 32[0m
2023-03-30 01:34:42 info: [0mGET /projects/show/9 [32m200[0m 3.801 ms - 750[0m
2023-03-30 01:34:42 info: [0mGET /projects/show/9 [36m304[0m 3.552 ms - -[0m
2023-03-30 01:34:42 info: [0mGET /projects/show/9 [36m304[0m 5.161 ms - -[0m
2023-03-30 01:34:42 info: [0mGET /projects/show/9 [36m304[0m 4.507 ms - -[0m
2023-03-30 01:35:24 info: [0mOPTIONS /projects/update/9 [32m204[0m 0.812 ms - 0[0m
2023-03-30 01:35:24 info: [0mPUT /projects/update/9 [32m200[0m 218.391 ms - 32[0m
2023-03-30 01:35:24 info: [0mGET /projects/show/9 [36m304[0m 101.711 ms - -[0m
2023-03-30 01:35:24 info: [0mGET /projects/show/9 [36m304[0m 8.560 ms - -[0m
2023-03-30 01:35:24 info: [0mGET /projects/show/9 [36m304[0m 10.212 ms - -[0m
2023-03-30 01:35:24 info: [0mGET /projects/show/9 [36m304[0m 13.129 ms - -[0m
2023-03-30 01:35:29 info: [0mOPTIONS /projects/update/9 [32m204[0m 0.601 ms - 0[0m
2023-03-30 01:35:29 info: [0mPUT /projects/update/9 [32m200[0m 25.999 ms - 32[0m
2023-03-30 01:35:29 info: [0mGET /projects/show/9 [32m200[0m 14.227 ms - 751[0m
2023-03-30 01:35:29 info: [0mGET /projects/show/9 [36m304[0m 4.714 ms - -[0m
2023-03-30 01:35:29 info: [0mGET /projects/show/9 [36m304[0m 5.943 ms - -[0m
2023-03-30 01:35:29 info: [0mGET /projects/show/9 [36m304[0m 3.279 ms - -[0m
2023-03-30 01:35:42 info: [0mOPTIONS /projects/update/9 [32m204[0m 0.811 ms - 0[0m
2023-03-30 01:35:42 info: [0mPUT /projects/update/9 [32m200[0m 17.182 ms - 32[0m
2023-03-30 01:35:42 info: [0mGET /projects/show/9 [36m304[0m 5.261 ms - -[0m
2023-03-30 01:35:42 info: [0mGET /projects/show/9 [36m304[0m 13.434 ms - -[0m
2023-03-30 01:35:42 info: [0mGET /projects/show/9 [36m304[0m 4.818 ms - -[0m
2023-03-30 01:35:42 info: [0mGET /projects/show/9 [36m304[0m 6.687 ms - -[0m
2023-03-30 01:36:24 info: [0mGET /projects/show/9 [36m304[0m 90.707 ms - -[0m
2023-03-30 01:36:24 info: [0mGET /projects/show/9 [36m304[0m 9.125 ms - -[0m
2023-03-30 01:36:29 info: [0mGET /projects/show/9 [36m304[0m 21.500 ms - -[0m
2023-03-30 01:36:38 info: [0mOPTIONS /projects/update/9 [32m204[0m 0.158 ms - 0[0m
2023-03-30 01:36:38 info: [0mPUT /projects/update/9 [32m200[0m 9.746 ms - 32[0m
2023-03-30 01:36:38 info: [0mGET /projects/show/9 [32m200[0m 5.157 ms - 762[0m
2023-03-30 01:37:08 info: [0mGET /projects/show/9 [36m304[0m 21.999 ms - -[0m
2023-03-30 01:37:08 info: [0mGET /projects/show/9 [36m304[0m 28.484 ms - -[0m
2023-03-30 01:37:16 info: [0mOPTIONS /projects/update/9 [32m204[0m 0.155 ms - 0[0m
2023-03-30 01:37:16 info: [0mPUT /projects/update/9 [32m200[0m 15.232 ms - 32[0m
2023-03-30 01:37:16 info: [0mGET /projects/show/9 [32m200[0m 3.578 ms - 773[0m
2023-03-30 01:37:16 info: [0mGET /projects/show/9 [36m304[0m 21.358 ms - -[0m
2023-03-30 01:37:35 info: [0mOPTIONS /projects/update/9 [32m204[0m 0.675 ms - 0[0m
2023-03-30 01:37:35 info: [0mPUT /projects/update/9 [32m200[0m 19.014 ms - 32[0m
2023-03-30 01:37:35 info: [0mGET /projects/show/9 [36m304[0m 3.924 ms - -[0m
2023-03-30 01:37:35 info: [0mGET /projects/show/9 [36m304[0m 5.398 ms - -[0m
2023-03-30 01:37:37 info: [0mPUT /projects/update/9 [32m200[0m 3.544 ms - 32[0m
2023-03-30 01:37:37 info: [0mGET /projects/show/9 [36m304[0m 4.128 ms - -[0m
2023-03-30 01:37:37 info: [0mGET /projects/show/9 [36m304[0m 6.384 ms - -[0m
2023-03-30 01:41:37 info: [0mGET /projects/show/9 [36m304[0m 372.230 ms - -[0m
2023-03-30 01:41:39 info: [0mGET /projects/show/9 [36m304[0m 13.822 ms - -[0m
2023-03-30 01:41:39 info: [0mGET /projects [32m200[0m 35.620 ms - 326[0m
2023-03-30 01:41:42 info: [0mGET /projects/show/9 [36m304[0m 25.660 ms - -[0m
2023-03-30 01:41:52 info: [0mOPTIONS /projects/update/9 [32m204[0m 0.133 ms - 0[0m
2023-03-30 01:41:52 info: [0mPUT /projects/update/9 [32m200[0m 5.487 ms - 32[0m
2023-03-30 01:41:52 info: [0mGET /projects/show/9 [32m200[0m 5.022 ms - 771[0m
2023-03-30 01:41:52 info: [0mGET /projects/show/9 [36m304[0m 2.966 ms - -[0m
2023-03-30 01:45:32 info: [0mOPTIONS /folders/get-medias [32m204[0m 1.162 ms - 0[0m
2023-03-30 01:45:32 info: [0mPOST /folders/get-medias [32m200[0m 96.327 ms - 315[0m
2023-03-30 01:45:32 info: [0mGET /folders [36m304[0m 74.356 ms - -[0m
2023-03-30 01:45:32 info: [0mGET /projects/show/9 [36m304[0m 60.476 ms - -[0m
2023-03-30 01:45:34 info: [0mPOST /folders/get-medias [32m200[0m 2.302 ms - 31[0m
2023-03-30 01:45:35 info: [0mPOST /folders/get-medias [32m200[0m 2.116 ms - 321[0m
2023-03-30 01:45:35 info: [0mPOST /folders/get-medias [32m200[0m 3.985 ms - 31[0m
2023-03-30 01:45:35 info: [0mPOST /folders/get-medias [32m200[0m 13.307 ms - 31[0m
2023-03-30 01:45:36 info: [0mGET /projects [32m200[0m 10.627 ms - 324[0m
2023-03-30 01:45:38 info: [0mGET /projects/show/9 [36m304[0m 26.523 ms - -[0m
2023-03-30 01:45:51 info: [0mOPTIONS /projects/update/9 [32m204[0m 0.124 ms - 0[0m
2023-03-30 01:45:51 info: [0mPUT /projects/update/9 [32m200[0m 17.366 ms - 32[0m
2023-03-30 01:45:51 info: [0mGET /projects/show/9 [32m200[0m 4.296 ms - 764[0m
2023-03-30 01:45:51 info: [0mGET /projects/show/9 [36m304[0m 5.526 ms - -[0m
2023-03-30 01:45:51 info: [0mGET /projects/show/9 [36m304[0m 4.481 ms - -[0m
2023-03-30 01:45:58 info: [0mOPTIONS /projects/update/9 [32m204[0m 0.126 ms - 0[0m
2023-03-30 01:45:58 info: [0mPUT /projects/update/9 [32m200[0m 3.390 ms - 32[0m
2023-03-30 01:45:58 info: [0mGET /projects/show/9 [32m200[0m 5.357 ms - 760[0m
2023-03-30 01:45:58 info: [0mGET /projects/show/9 [36m304[0m 4.326 ms - -[0m
2023-03-30 01:45:58 info: [0mGET /projects/show/9 [36m304[0m 8.924 ms - -[0m
2023-03-30 01:46:01 info: [0mGET /projects/show/9 [36m304[0m 36.144 ms - -[0m
2023-03-30 01:46:16 info: [0mOPTIONS /projects/update/9 [32m204[0m 0.528 ms - 0[0m
2023-03-30 01:46:16 info: [0mPUT /projects/update/9 [32m200[0m 133.820 ms - 32[0m
2023-03-30 01:46:16 info: [0mGET /projects/show/9 [36m304[0m 35.109 ms - -[0m
2023-03-30 01:46:34 info: [0mOPTIONS /projects/update/9 [32m204[0m 0.632 ms - 0[0m
2023-03-30 01:46:35 info: [0mPUT /projects/update/9 [32m200[0m 16.629 ms - 32[0m
2023-03-30 01:46:35 info: [0mGET /projects/show/9 [32m200[0m 5.246 ms - 765[0m
2023-03-30 01:47:33 info: [0mGET /projects/show/9 [36m304[0m 89.565 ms - -[0m
2023-03-30 01:47:33 info: [0mGET /projects [32m200[0m 66.994 ms - 318[0m
2023-03-30 01:47:37 info: [0mGET /projects [36m304[0m 22.667 ms - -[0m
2023-03-30 01:47:37 info: [0mGET /posts [36m304[0m 32.245 ms - -[0m
2023-03-30 01:47:38 info: [0mGET /projects [36m304[0m 14.557 ms - -[0m
2023-03-30 01:47:39 info: [0mGET /posts [36m304[0m 6.964 ms - -[0m
2023-03-30 01:47:47 info: [0mGET /projects [36m304[0m 9.093 ms - -[0m
2023-03-30 01:48:28 info: [0mGET /posts [36m304[0m 70.750 ms - -[0m
2023-03-30 01:48:28 info: [0mGET /projects [36m304[0m 5.273 ms - -[0m
2023-03-30 01:48:29 info: [0mGET /posts [36m304[0m 9.178 ms - -[0m
2023-03-30 01:48:30 info: [0mGET /projects [36m304[0m 5.779 ms - -[0m
2023-03-30 01:48:32 info: [0mGET /projects [36m304[0m 11.445 ms - -[0m
2023-03-30 01:48:33 info: [0mGET /posts [36m304[0m 9.888 ms - -[0m
2023-03-30 01:48:36 info: [0mGET /projects [36m304[0m 5.567 ms - -[0m
2023-03-30 01:49:49 info: [0mGET /projects [36m304[0m 16.301 ms - -[0m
2023-03-30 01:49:57 info: [0mGET /projects/show/9 [36m304[0m 23.562 ms - -[0m
2023-03-30 02:01:24 info: [0mGET /projects/show/9 [36m304[0m 118.789 ms - -[0m
2023-03-30 02:01:29 info: [0mGET /projects/show/9 [36m304[0m 11.536 ms - -[0m
2023-03-30 02:02:09 info: [0mGET /projects/show/9 [36m304[0m 57.196 ms - -[0m
2023-03-30 02:04:17 info: [0mGET /projects/show/9 [36m304[0m 24.901 ms - -[0m
2023-03-30 02:04:22 info: [0mGET /projects/show/9 [36m304[0m 45.153 ms - -[0m
2023-03-30 02:05:12 info: [0mGET /projects/show/9 [36m304[0m 30.431 ms - -[0m
2023-03-30 02:05:17 info: [0mOPTIONS /projects/update/9 [32m204[0m 1.049 ms - 0[0m
2023-03-30 02:05:17 info: [0mPUT /projects/update/9 [32m200[0m 39.170 ms - 32[0m
2023-03-30 02:05:17 info: [0mGET /projects/show/9 [32m200[0m 4.337 ms - 743[0m
2023-03-30 02:05:20 info: [0mGET /projects/show/9 [36m304[0m 6.127 ms - -[0m
2023-03-30 02:05:45 info: [0mGET /projects/show/9 [36m304[0m 40.139 ms - -[0m
2023-03-30 02:06:49 info: [0mGET /projects/show/9 [36m304[0m 103.867 ms - -[0m
2023-03-30 02:07:27 info: [0mGET /projects/show/9 [36m304[0m 117.470 ms - -[0m
2023-03-30 02:07:32 info: [0mOPTIONS /projects/update/9 [32m204[0m 0.265 ms - 0[0m
2023-03-30 02:07:32 info: [0mPUT /projects/update/9 [32m200[0m 8.950 ms - 32[0m
2023-03-30 02:07:32 info: [0mGET /projects/show/9 [36m304[0m 5.316 ms - -[0m
2023-03-30 02:07:36 info: [0mGET /projects/show/9 [36m304[0m 28.194 ms - -[0m
2023-03-30 02:08:05 info: [0mOPTIONS /projects/update/9 [32m204[0m 4.324 ms - 0[0m
2023-03-30 02:08:06 info: [0mPUT /projects/update/9 [32m200[0m 32.558 ms - 32[0m
2023-03-30 02:08:06 info: [0mGET /projects/show/9 [36m304[0m 21.836 ms - -[0m
2023-03-30 02:08:31 info: [0mGET /projects/show/9 [36m304[0m 46.060 ms - -[0m
2023-03-30 02:09:23 info: [0mGET /projects/show/9 [36m304[0m 123.942 ms - -[0m
2023-03-30 02:09:28 info: [0mOPTIONS /projects/update/9 [32m204[0m 0.256 ms - 0[0m
2023-03-30 02:09:28 info: [0mPUT /projects/update/9 [32m200[0m 10.907 ms - 32[0m
2023-03-30 02:09:28 info: [0mGET /projects/show/9 [32m200[0m 3.730 ms - 757[0m
2023-03-30 02:09:30 info: [0mGET /projects/show/9 [36m304[0m 4.912 ms - -[0m
2023-03-30 02:09:57 info: [0mOPTIONS /projects/update/9 [32m204[0m 0.450 ms - 0[0m
2023-03-30 02:09:57 info: [0mPUT /projects/update/9 [32m200[0m 18.534 ms - 32[0m
2023-03-30 02:09:57 info: [0mGET /projects/show/9 [32m200[0m 38.106 ms - -[0m
2023-03-30 02:10:01 info: [0mGET /projects/show/9 [36m304[0m 29.969 ms - -[0m
2023-03-30 02:11:36 info: [0mGET /projects/show/9 [36m304[0m 39.073 ms - -[0m
2023-03-30 02:11:39 info: [0mGET /projects/show/9 [36m304[0m 11.215 ms - -[0m
2023-03-30 02:11:40 info: [0mGET /projects/show/9 [36m304[0m 21.636 ms - -[0m
2023-03-30 02:11:47 info: [0mGET /projects/show/9 [36m304[0m 17.938 ms - -[0m
2023-03-30 02:11:51 info: [0mGET /projects/show/9 [36m304[0m 20.723 ms - -[0m
2023-03-30 02:14:49 info: [0mGET /projects/show/9 [36m304[0m 85.801 ms - -[0m
2023-03-30 02:15:10 info: [0mGET /projects/show/9 [36m304[0m 89.957 ms - -[0m
2023-03-30 02:16:28 info: [0mGET /projects/show/9 [36m304[0m 63.057 ms - -[0m
2023-03-30 02:16:45 info: [0mGET /projects/show/9 [36m304[0m 27.021 ms - -[0m
2023-03-30 02:17:29 info: [0mGET /projects/show/9 [36m304[0m 55.900 ms - -[0m
2023-03-30 02:18:05 info: [0mGET /projects/show/9 [36m304[0m 55.154 ms - -[0m
2023-03-30 02:19:07 info: [0mGET /projects/show/9 [36m304[0m 31.290 ms - -[0m
2023-03-30 02:19:54 info: [0mGET /projects/show/9 [36m304[0m 113.581 ms - -[0m
2023-03-30 02:21:21 info: [0mGET /projects/show/9 [36m304[0m 60.191 ms - -[0m
2023-03-30 02:21:24 info: [0mGET /projects/show/9 [36m304[0m 141.142 ms - -[0m
2023-03-30 02:21:28 info: [0mGET /projects/show/9 [36m304[0m 6.059 ms - -[0m
2023-03-30 02:22:21 info: [0mGET /projects/show/9 [36m304[0m 39.004 ms - -[0m
