2023-05-30 13:20:38 info: =================================
2023-05-30 13:20:38 info: ======= ENV: development =======
2023-05-30 13:20:38 info: 🚀 App listening on the port 8000
2023-05-30 13:20:38 info: =================================
2023-05-30 13:33:55 info: [0mGET /banners/getListBanner [36m304[0m 502.299 ms - -[0m
2023-05-30 13:33:55 info: [0mGET /services/nav [36m304[0m 760.716 ms - -[0m
2023-05-30 13:33:55 info: [0mGET /posts/getListFeatured [36m304[0m 518.971 ms - -[0m
2023-05-30 13:33:56 info: [0mGET /services/nav [36m304[0m 63.248 ms - -[0m
2023-05-30 13:34:06 info: [0mGET /services/nav [36m304[0m 49.938 ms - -[0m
2023-05-30 13:34:06 info: [0mGET /banners/getListBanner [36m304[0m 52.570 ms - -[0m
2023-05-30 13:34:06 info: [0mGET /services/nav [36m304[0m 120.590 ms - -[0m
2023-05-30 13:34:06 info: [0mGET /posts/getListFeatured [36m304[0m 153.007 ms - -[0m
2023-05-30 13:35:09 info: [0mGET /banners/getListBanner [36m304[0m 136.496 ms - -[0m
2023-05-30 13:35:09 info: [0mGET /services/nav [36m304[0m 196.657 ms - -[0m
2023-05-30 13:35:09 info: [0mGET /services/nav [36m304[0m 24.607 ms - -[0m
2023-05-30 13:35:09 info: [0mGET /posts/getListFeatured [36m304[0m 193.528 ms - -[0m
2023-05-30 13:35:58 info: [0mGET /banners/getListBanner [36m304[0m 121.263 ms - -[0m
2023-05-30 13:35:58 info: [0mGET /services/nav [36m304[0m 204.755 ms - -[0m
2023-05-30 13:35:58 info: [0mGET /services/nav [36m304[0m 231.301 ms - -[0m
2023-05-30 13:35:58 info: [0mGET /posts/getListFeatured [36m304[0m 386.050 ms - -[0m
2023-05-30 13:36:53 info: [0mGET /ceos/getlistCeo [36m304[0m 162.265 ms - -[0m
2023-05-30 13:38:52 info: [0mGET /services/nav [36m304[0m 273.624 ms - -[0m
2023-05-30 13:38:52 info: [0mGET /ceos/getlistCeo [36m304[0m 192.320 ms - -[0m
2023-05-30 13:42:32 info: [0mGET /ceos/getlistCeo [36m304[0m 328.531 ms - -[0m
2023-05-30 13:42:32 info: [0mGET /services/nav [36m304[0m 654.172 ms - -[0m
2023-05-30 13:42:35 info: [0mGET /services/nav [36m304[0m 94.280 ms - -[0m
2023-05-30 13:42:35 info: [0mGET /ceos/getlistCeo [36m304[0m 51.706 ms - -[0m
2023-05-30 13:43:09 info: [0mGET /ceos/getlistCeo [36m304[0m 114.957 ms - -[0m
2023-05-30 13:43:09 info: [0mGET /services/nav [36m304[0m 156.674 ms - -[0m
2023-05-30 13:43:26 info: [0mGET /ceos/getlistCeo [36m304[0m 77.641 ms - -[0m
2023-05-30 13:43:26 info: [0mGET /services/nav [36m304[0m 109.341 ms - -[0m
2023-05-30 13:44:24 info: [0mGET /banners/getListBanner [36m304[0m 151.517 ms - -[0m
2023-05-30 13:44:24 info: [0mGET /posts/getListFeatured [36m304[0m 379.045 ms - -[0m
2023-05-30 13:44:24 info: [0mGET /services/nav [36m304[0m 414.829 ms - -[0m
2023-05-30 13:47:53 info: [0mGET /services/nav [36m304[0m 347.706 ms - -[0m
2023-05-30 13:58:45 info: [0mGET /services/nav [36m304[0m 1231.281 ms - -[0m
2023-05-30 13:58:48 info: [0mGET /services/nav [36m304[0m 133.490 ms - -[0m
2023-05-30 13:58:52 info: [0mGET /services/nav [36m304[0m 121.152 ms - -[0m
2023-05-30 13:58:55 info: [0mGET /services/nav [36m304[0m 92.538 ms - -[0m
2023-05-30 14:05:00 info: [0mGET /banners/getListBanner [36m304[0m 1298.137 ms - -[0m
2023-05-30 14:05:00 info: [0mGET /services/nav [36m304[0m 1710.130 ms - -[0m
2023-05-30 14:05:00 info: [0mGET /posts/getListFeatured [36m304[0m 1222.933 ms - -[0m
2023-05-30 14:05:00 info: [0mGET /services/nav [36m304[0m 132.064 ms - -[0m
2023-05-30 14:20:20 info: =================================
2023-05-30 14:20:20 info: ======= ENV: development =======
2023-05-30 14:20:20 info: 🚀 App listening on the port 8000
2023-05-30 14:20:20 info: =================================
2023-05-30 14:20:35 info: [0mOPTIONS /admins/login [32m204[0m 9.324 ms - 0[0m
2023-05-30 14:20:36 info: [0mPOST /admins/login [32m200[0m 653.334 ms - -[0m
2023-05-30 14:20:38 info: [0mOPTIONS /admins/profile [32m204[0m 1.257 ms - 0[0m
2023-05-30 14:20:38 info: [0mGET /admins/profile [36m304[0m 193.745 ms - -[0m
2023-05-30 14:25:01 info: [0mOPTIONS /admins/profile [32m204[0m 6.236 ms - 0[0m
2023-05-30 14:25:02 info: [0mGET /admins/profile [36m304[0m 535.600 ms - -[0m
2023-05-30 14:26:47 info: [0mOPTIONS /admins/profile [32m204[0m 12.921 ms - 0[0m
2023-05-30 14:26:47 info: [0mGET /admins/profile [36m304[0m 385.299 ms - -[0m
2023-05-30 15:09:21 info: [0mOPTIONS /admins/login [32m204[0m 4.834 ms - 0[0m
2023-05-30 15:09:22 info: [0mPOST /admins/login [32m200[0m 544.155 ms - -[0m
2023-05-30 15:09:23 info: [0mOPTIONS /admins/profile [32m204[0m 0.581 ms - 0[0m
2023-05-30 15:09:23 info: [0mGET /admins/profile [36m304[0m 114.656 ms - -[0m
2023-05-30 15:10:08 info: [0mOPTIONS /admins/profile [32m204[0m 14.131 ms - 0[0m
2023-05-30 15:10:08 info: [0mGET /admins/profile [36m304[0m 310.571 ms - -[0m
2023-05-30 15:10:22 info: [0mOPTIONS /admins/profile [32m204[0m 2.234 ms - 0[0m
2023-05-30 15:10:22 info: [0mGET /admins/profile [36m304[0m 509.471 ms - -[0m
2023-05-30 15:10:22 info: [0mGET /banners? [32m200[0m 521.576 ms - -[0m
2023-05-30 15:10:22 info: [0mGET /banners?page=1&page_size=10 [32m200[0m 156.973 ms - -[0m
2023-05-30 15:10:23 info: [0mGET /admins/profile [36m304[0m 75.006 ms - -[0m
2023-05-30 15:11:19 info: [0mOPTIONS /admins/profile [32m204[0m 0.444 ms - 0[0m
2023-05-30 15:11:19 info: [0mGET /admins/profile [36m304[0m 117.033 ms - -[0m
2023-05-30 15:12:28 info: [0mOPTIONS /admins/profile [32m204[0m 2.394 ms - 0[0m
2023-05-30 15:12:29 info: [0mGET /admins/profile [36m304[0m 659.821 ms - -[0m
2023-05-30 15:12:55 info: [0mOPTIONS /admins/profile [32m204[0m 43.922 ms - 0[0m
2023-05-30 15:12:56 info: [0mGET /admins/profile [36m304[0m 884.205 ms - -[0m
2023-05-30 15:16:08 info: [0mOPTIONS /admins/profile [32m204[0m 24.917 ms - 0[0m
2023-05-30 15:16:10 info: [0mGET /admins/profile [36m304[0m 1452.497 ms - -[0m
2023-05-30 15:16:12 info: [0mGET /admins/profile [36m304[0m 85.633 ms - -[0m
2023-05-30 15:16:26 info: [0mOPTIONS /admins/profile [32m204[0m 10.670 ms - 0[0m
2023-05-30 15:16:26 info: [0mGET /admins/profile [36m304[0m 265.727 ms - -[0m
2023-05-30 15:26:07 info: [0mOPTIONS /admins/profile [32m204[0m 4.525 ms - 0[0m
2023-05-30 15:26:08 info: [0mGET /admins/profile [36m304[0m 252.151 ms - -[0m
2023-05-30 15:32:08 info: [0mOPTIONS /admins/profile [32m204[0m 8.371 ms - 0[0m
2023-05-30 15:32:08 info: [0mGET /admins/profile [36m304[0m 822.080 ms - -[0m
2023-05-30 15:34:03 info: [0mOPTIONS /admins/profile [32m204[0m 7.804 ms - 0[0m
2023-05-30 15:34:04 info: [0mGET /admins/profile [36m304[0m 765.916 ms - -[0m
2023-05-30 15:34:14 info: [0mOPTIONS /admins/profile [32m204[0m 4.211 ms - 0[0m
2023-05-30 15:34:15 info: [0mGET /admins/profile [36m304[0m 730.678 ms - -[0m
2023-05-30 15:46:48 info: [0mOPTIONS /admins/profile [32m204[0m 14.379 ms - 0[0m
2023-05-30 15:46:48 info: [0mGET /admins/profile [36m304[0m 404.542 ms - -[0m
2023-05-30 15:47:42 info: [0mOPTIONS /admins/profile [32m204[0m 2.104 ms - 0[0m
2023-05-30 15:47:42 info: [0mGET /admins/profile [36m304[0m 519.514 ms - -[0m
2023-05-30 15:47:50 info: [0mOPTIONS /admins/login [32m204[0m 1.993 ms - 0[0m
2023-05-30 15:47:50 info: [0mPOST /admins/login [32m200[0m 125.852 ms - -[0m
2023-05-30 15:47:51 info: [0mOPTIONS /admins/profile [32m204[0m 5.244 ms - 0[0m
2023-05-30 15:47:51 info: [0mGET /admins/profile [36m304[0m 64.683 ms - -[0m
2023-05-30 15:48:14 info: [0mOPTIONS /admins/profile [32m204[0m 4.384 ms - 0[0m
2023-05-30 15:48:14 info: [0mGET /admins/profile [36m304[0m 160.036 ms - -[0m
2023-05-30 15:52:38 info: [0mOPTIONS /admins/profile [32m204[0m 3.494 ms - 0[0m
2023-05-30 15:52:39 info: [0mGET /admins/profile [36m304[0m 694.656 ms - -[0m
2023-05-30 16:18:19 info: [0mOPTIONS /admins/profile [32m204[0m 16.274 ms - 0[0m
2023-05-30 16:18:19 info: [0mGET /admins/profile [36m304[0m 683.338 ms - -[0m
2023-05-30 16:18:31 info: [0mOPTIONS /admins/profile [32m204[0m 1.023 ms - 0[0m
2023-05-30 16:18:31 info: [0mGET /admins/profile [36m304[0m 165.135 ms - -[0m
2023-05-30 16:36:54 info: [0mOPTIONS /admins/profile [32m204[0m 8.211 ms - 0[0m
2023-05-30 16:36:55 info: [0mGET /admins/profile [36m304[0m 1204.346 ms - -[0m
2023-05-30 16:38:34 info: [0mOPTIONS /admins/logout [32m204[0m 0.769 ms - 0[0m
2023-05-30 16:38:34 info: [0mPOST /admins/logout [32m200[0m 64.972 ms - 33[0m
2023-05-30 17:35:42 info: =================================
2023-05-30 17:35:42 info: ======= ENV: development =======
2023-05-30 17:35:42 info: 🚀 App listening on the port 8000
2023-05-30 17:35:42 info: =================================
2023-05-30 17:39:56 info: [0mGET /services/nav [0m-[0m - ms - -[0m
2023-05-30 17:39:56 info: [0mGET /banners/getListBanner [0m-[0m - ms - -[0m
2023-05-30 17:39:56 info: [0mGET /posts/getListFeatured [0m-[0m - ms - -[0m
2023-05-30 17:39:59 info: [0mGET /banners/getListBanner [32m200[0m 33.675 ms - -[0m
2023-05-30 17:39:59 info: [0mGET /services/nav [32m200[0m 38.228 ms - -[0m
2023-05-30 17:39:59 info: [0mGET /services/nav [36m304[0m 18.674 ms - -[0m
2023-05-30 17:39:59 info: [0mGET /posts/getListFeatured [32m200[0m 68.176 ms - 480[0m
2023-05-30 17:40:23 info: [0mGET /banners/getListBanner [36m304[0m 81.087 ms - -[0m
2023-05-30 17:40:23 info: [0mGET /posts/getListFeatured [36m304[0m 131.075 ms - -[0m
2023-05-30 17:40:23 info: [0mGET /services/nav [36m304[0m 174.194 ms - -[0m
2023-05-30 17:40:23 info: [0mGET /services/nav [36m304[0m 74.130 ms - -[0m
2023-05-30 17:40:54 info: [0mGET /posts/getListFeatured [36m304[0m 436.949 ms - -[0m
2023-05-30 17:40:54 info: [0mGET /banners/getListBanner [36m304[0m 453.069 ms - -[0m
2023-05-30 17:40:54 info: [0mGET /services/nav [36m304[0m 507.182 ms - -[0m
2023-05-30 17:40:54 info: [0mGET /services/nav [36m304[0m 39.483 ms - -[0m
2023-05-30 17:41:31 info: [0mGET /banners/getListBanner [36m304[0m 257.829 ms - -[0m
2023-05-30 17:41:31 info: [0mGET /services/nav [36m304[0m 331.326 ms - -[0m
2023-05-30 17:41:31 info: [0mGET /posts/getListFeatured [36m304[0m 274.276 ms - -[0m
2023-05-30 17:41:31 info: [0mGET /services/nav [36m304[0m 119.346 ms - -[0m
2023-05-30 17:42:27 info: [0mGET /banners/getListBanner [36m304[0m 530.098 ms - -[0m
2023-05-30 17:42:27 info: [0mGET /services/nav [36m304[0m 647.610 ms - -[0m
2023-05-30 17:42:27 info: [0mGET /posts/getListFeatured [36m304[0m 571.043 ms - -[0m
2023-05-30 17:42:27 info: [0mGET /services/nav [36m304[0m 79.522 ms - -[0m
2023-05-30 17:43:46 info: [0mGET /services/nav [36m304[0m 283.158 ms - -[0m
2023-05-30 17:43:47 info: [0mGET /posts/getListFeatured [36m304[0m 165.340 ms - -[0m
2023-05-30 17:43:47 info: [0mGET /banners/getListBanner [36m304[0m 173.220 ms - -[0m
2023-05-30 17:43:47 info: [0mGET /services/nav [36m304[0m 57.412 ms - -[0m
2023-05-30 17:44:38 info: [0mGET /posts/getListFeatured [36m304[0m 363.434 ms - -[0m
2023-05-30 17:44:38 info: [0mGET /banners/getListBanner [36m304[0m 376.315 ms - -[0m
2023-05-30 17:44:38 info: [0mGET /services/nav [36m304[0m 461.904 ms - -[0m
2023-05-30 17:44:38 info: [0mGET /services/nav [36m304[0m 68.843 ms - -[0m
2023-05-30 17:44:47 info: [0mGET /services/nav [36m304[0m 111.677 ms - -[0m
2023-05-30 17:44:47 info: [0mGET /banners/getListBanner [36m304[0m 33.688 ms - -[0m
2023-05-30 17:44:47 info: [0mGET /posts/getListFeatured [36m304[0m 103.399 ms - -[0m
2023-05-30 17:44:47 info: [0mGET /services/nav [36m304[0m 103.369 ms - -[0m
2023-05-30 17:45:05 info: [0mGET /banners/getListBanner [36m304[0m 78.989 ms - -[0m
2023-05-30 17:45:05 info: [0mGET /services/nav [36m304[0m 103.903 ms - -[0m
2023-05-30 17:45:05 info: [0mGET /posts/getListFeatured [36m304[0m 132.293 ms - -[0m
2023-05-30 17:45:05 info: [0mGET /services/nav [36m304[0m 75.581 ms - -[0m
2023-05-30 17:45:07 info: [0mGET /services/nav [36m304[0m 11.945 ms - -[0m
2023-05-30 17:45:07 info: [0mGET /banners/getListBanner [36m304[0m 11.146 ms - -[0m
2023-05-30 17:45:07 info: [0mGET /posts/getListFeatured [36m304[0m 13.503 ms - -[0m
2023-05-30 17:45:08 info: [0mGET /services/nav [36m304[0m 17.958 ms - -[0m
2023-05-30 17:45:10 info: [0mGET /banners/getListBanner [36m304[0m 81.790 ms - -[0m
2023-05-30 17:45:10 info: [0mGET /services/nav [36m304[0m 111.072 ms - -[0m
2023-05-30 17:45:10 info: [0mGET /posts/getListFeatured [36m304[0m 110.567 ms - -[0m
2023-05-30 17:45:10 info: [0mGET /services/nav [36m304[0m 31.216 ms - -[0m
2023-05-30 17:45:13 info: [0mGET /banners/getListBanner [36m304[0m 83.014 ms - -[0m
2023-05-30 17:45:13 info: [0mGET /posts/getListFeatured [36m304[0m 81.592 ms - -[0m
2023-05-30 17:45:13 info: [0mGET /services/nav [36m304[0m 140.248 ms - -[0m
2023-05-30 17:45:13 info: [0mGET /services/nav [36m304[0m 11.706 ms - -[0m
2023-05-30 17:45:17 info: [0mGET /banners/getListBanner [36m304[0m 36.079 ms - -[0m
2023-05-30 17:45:17 info: [0mGET /posts/getListFeatured [36m304[0m 72.881 ms - -[0m
2023-05-30 17:45:17 info: [0mGET /services/nav [36m304[0m 162.915 ms - -[0m
2023-05-30 17:45:17 info: [0mGET /services/nav [36m304[0m 132.232 ms - -[0m
2023-05-30 17:45:26 info: [0mGET /posts/getListFeatured [36m304[0m 28.319 ms - -[0m
2023-05-30 17:45:26 info: [0mGET /services/nav [36m304[0m 61.481 ms - -[0m
2023-05-30 17:45:26 info: [0mGET /banners/getListBanner [36m304[0m 42.760 ms - -[0m
2023-05-30 17:45:26 info: [0mGET /services/nav [36m304[0m 66.363 ms - -[0m
2023-05-30 17:45:38 info: [0mGET /banners/getListBanner [36m304[0m 74.924 ms - -[0m
2023-05-30 17:45:38 info: [0mGET /services/nav [36m304[0m 101.526 ms - -[0m
2023-05-30 17:45:38 info: [0mGET /posts/getListFeatured [36m304[0m 90.963 ms - -[0m
2023-05-30 17:45:38 info: [0mGET /services/nav [36m304[0m 48.174 ms - -[0m
2023-05-30 17:45:59 info: [0mGET /ceos/getlistCeo [36m304[0m 79.367 ms - -[0m
2023-05-30 17:46:02 info: [0mGET /banners/getListBanner [36m304[0m 42.986 ms - -[0m
2023-05-30 17:46:02 info: [0mGET /services/nav [36m304[0m 58.635 ms - -[0m
2023-05-30 17:46:02 info: [0mGET /posts/getListFeatured [36m304[0m 96.509 ms - -[0m
2023-05-30 17:46:05 info: [0mGET /services/show/11 [32m200[0m 120.882 ms - -[0m
2023-05-30 17:46:08 info: [0mGET /jobs/getListFeatured [36m304[0m 76.025 ms - -[0m
2023-05-30 17:46:10 info: [0mGET /banners/getListBanner [36m304[0m 40.657 ms - -[0m
2023-05-30 17:46:10 info: [0mGET /services/nav [36m304[0m 50.435 ms - -[0m
2023-05-30 17:46:10 info: [0mGET /posts/getListFeatured [36m304[0m 66.706 ms - -[0m
2023-05-30 17:46:22 info: [0mGET /services/nav [36m304[0m 233.775 ms - -[0m
2023-05-30 17:47:30 info: [0mGET /ceos/getlistCeo [36m304[0m 103.997 ms - -[0m
2023-05-30 17:47:31 info: [0mGET /services/show/11 [36m304[0m 44.965 ms - -[0m
2023-05-30 17:47:33 info: [0mGET /branchs/getListBranch [36m304[0m 56.423 ms - -[0m
2023-05-30 17:47:33 info: [0mGET /services/getListService [36m304[0m 53.351 ms - -[0m
2023-05-30 17:47:33 info: [0mGET /projects/getProjectsClient [36m304[0m 67.073 ms - -[0m
2023-05-30 17:47:34 info: [0mGET /jobs/getListFeatured [36m304[0m 83.012 ms - -[0m
2023-05-30 17:47:34 info: [0mGET /categories/getListCategories [36m304[0m 24.933 ms - -[0m
2023-05-30 17:47:35 info: [0mGET /posts/getPageAll [36m304[0m 154.707 ms - -[0m
2023-05-30 17:47:38 info: [0mGET /banners/getListBanner [36m304[0m 19.099 ms - -[0m
2023-05-30 17:47:38 info: [0mGET /services/nav [36m304[0m 72.945 ms - -[0m
2023-05-30 17:47:38 info: [0mGET /posts/getListFeatured [36m304[0m 81.422 ms - -[0m
2023-05-30 17:48:33 info: [0mGET /banners/getListBanner [36m304[0m 45.013 ms - -[0m
2023-05-30 17:48:36 info: [0mGET /banners/getListBanner [36m304[0m 13.808 ms - -[0m
2023-05-30 17:48:41 info: [0mGET /banners/getListBanner [36m304[0m 11.766 ms - -[0m
2023-05-30 17:48:44 info: [0mGET /banners/getListBanner [36m304[0m 13.600 ms - -[0m
2023-05-30 17:48:44 info: [0mGET /services/nav [36m304[0m 51.011 ms - -[0m
2023-05-30 17:48:44 info: [0mGET /services/nav [36m304[0m 14.762 ms - -[0m
2023-05-30 17:48:44 info: [0mGET /posts/getListFeatured [36m304[0m 87.127 ms - -[0m
2023-05-30 17:49:02 info: [0mGET /banners/getListBanner [36m304[0m 10.132 ms - -[0m
2023-05-30 17:49:05 info: [0mGET /services/nav [36m304[0m 27.373 ms - -[0m
2023-05-30 17:49:05 info: [0mGET /banners/getListBanner [36m304[0m 29.655 ms - -[0m
2023-05-30 17:49:05 info: [0mGET /posts/getListFeatured [36m304[0m 38.093 ms - -[0m
2023-05-30 17:49:05 info: [0mGET /services/nav [36m304[0m 18.593 ms - -[0m
2023-05-30 17:49:26 info: [0mGET /banners/getListBanner [36m304[0m 351.342 ms - -[0m
2023-05-30 17:49:27 info: [0mGET /banners/getListBanner [36m304[0m 86.354 ms - -[0m
2023-05-30 17:49:38 info: [0mGET /services/nav [36m304[0m 139.485 ms - -[0m
2023-05-30 17:49:38 info: [0mGET /banners/getListBanner [36m304[0m 115.330 ms - -[0m
2023-05-30 17:49:38 info: [0mGET /posts/getListFeatured [36m304[0m 111.103 ms - -[0m
2023-05-30 17:49:38 info: [0mGET /services/nav [36m304[0m 36.833 ms - -[0m
2023-05-30 17:50:00 info: [0mGET /banners/getListBanner [36m304[0m 39.564 ms - -[0m
2023-05-30 17:50:00 info: [0mGET /services/nav [36m304[0m 86.285 ms - -[0m
2023-05-30 17:50:00 info: [0mGET /posts/getListFeatured [36m304[0m 68.132 ms - -[0m
2023-05-30 17:50:00 info: [0mGET /services/nav [36m304[0m 26.861 ms - -[0m
2023-05-30 17:50:55 info: [0mGET /banners/getListBanner [36m304[0m 40.417 ms - -[0m
2023-05-30 17:50:57 info: [0mGET /banners/getListBanner [36m304[0m 2.662 ms - -[0m
2023-05-30 17:51:01 info: [0mGET /branchs/getListBranch [36m304[0m 109.540 ms - -[0m
2023-05-30 17:51:01 info: [0mGET /services/getListService [36m304[0m 56.302 ms - -[0m
2023-05-30 17:51:01 info: [0mGET /projects/getProjectsClient [36m304[0m 64.809 ms - -[0m
2023-05-30 17:51:03 info: [0mGET /banners/getListBanner [36m304[0m 67.585 ms - -[0m
2023-05-30 17:51:03 info: [0mGET /posts/getListFeatured [36m304[0m 105.685 ms - -[0m
2023-05-30 17:51:03 info: [0mGET /services/nav [36m304[0m 139.972 ms - -[0m
2023-05-30 17:51:16 info: [0mGET /banners/getListBanner [36m304[0m 16.854 ms - -[0m
2023-05-30 17:51:18 info: [0mGET /banners/getListBanner [36m304[0m 10.783 ms - -[0m
2023-05-30 17:51:20 info: [0mGET /ceos/getlistCeo [36m304[0m 29.831 ms - -[0m
2023-05-30 17:51:21 info: [0mGET /banners/getListBanner [36m304[0m 10.178 ms - -[0m
2023-05-30 17:51:21 info: [0mGET /services/nav [36m304[0m 39.966 ms - -[0m
2023-05-30 17:51:21 info: [0mGET /posts/getListFeatured [36m304[0m 53.157 ms - -[0m
2023-05-30 17:51:48 info: [0mGET /banners/getListBanner [36m304[0m 9.641 ms - -[0m
2023-05-30 17:51:52 info: [0mGET /banners/getListBanner [36m304[0m 10.175 ms - -[0m
2023-05-30 17:51:56 info: [0mGET /jobs/getListFeatured [36m304[0m 75.976 ms - -[0m
2023-05-30 17:51:57 info: [0mGET /banners/getListBanner [36m304[0m 11.666 ms - -[0m
2023-05-30 17:51:57 info: [0mGET /posts/getListFeatured [36m304[0m 13.668 ms - -[0m
2023-05-30 17:51:57 info: [0mGET /services/nav [36m304[0m 19.750 ms - -[0m
2023-05-30 17:57:36 info: [0mGET /categories/getListCategories [36m304[0m 101.156 ms - -[0m
2023-05-30 17:57:36 info: [0mGET /posts/getPageAll [36m304[0m 188.267 ms - -[0m
2023-05-30 17:57:38 info: [0mGET /jobs/getListFeatured [36m304[0m 21.138 ms - -[0m
2023-05-30 20:37:45 info: [0mGET /banners/getListBanner [36m304[0m 324.200 ms - -[0m
2023-05-30 20:37:45 info: [0mGET /services/nav [36m304[0m 473.420 ms - -[0m
2023-05-30 20:37:45 info: [0mGET /posts/getListFeatured [36m304[0m 321.554 ms - -[0m
2023-05-30 20:37:45 info: [0mGET /services/nav [36m304[0m 31.786 ms - -[0m
2023-05-30 20:39:24 info: [0mGET /services/getListService [36m304[0m 22.106 ms - -[0m
2023-05-30 20:39:24 info: [0mGET /branchs/getListBranch [36m304[0m 105.366 ms - -[0m
2023-05-30 20:39:24 info: [0mGET /projects/getProjectsClient [36m304[0m 67.844 ms - -[0m
2023-05-30 20:39:25 info: [0mGET /banners/getListBanner [36m304[0m 30.285 ms - -[0m
2023-05-30 20:39:25 info: [0mGET /posts/getListFeatured [36m304[0m 297.683 ms - -[0m
2023-05-30 20:39:25 info: [0mGET /services/nav [36m304[0m 300.861 ms - -[0m
2023-05-30 20:42:02 info: [0mGET /services/nav [36m304[0m 66.043 ms - -[0m
2023-05-30 20:42:13 info: [0mGET /services/nav [36m304[0m 30.292 ms - -[0m
2023-05-30 20:42:49 info: [0mGET /services/nav [36m304[0m 204.218 ms - -[0m
2023-05-30 20:44:46 info: [0mGET /ceos/getlistCeo [36m304[0m 77.808 ms - -[0m
2023-05-30 20:44:49 info: [0mGET /branchs/getListBranch [36m304[0m 60.084 ms - -[0m
2023-05-30 20:44:49 info: [0mGET /services/getListService [36m304[0m 68.741 ms - -[0m
2023-05-30 20:44:49 info: [0mGET /projects/getProjectsClient [36m304[0m 54.985 ms - -[0m
2023-05-30 20:44:51 info: [0mGET /services/show/4 [36m304[0m 40.007 ms - -[0m
2023-05-30 20:45:01 info: [0mGET /categories/getListCategories [36m304[0m 13.852 ms - -[0m
2023-05-30 20:45:01 info: [0mGET /posts/getPageAll [36m304[0m 290.176 ms - -[0m
2023-05-30 20:45:34 info: [0mGET /services/nav [36m304[0m 41.773 ms - -[0m
2023-05-30 20:45:39 info: [0mGET /banners/getListBanner [36m304[0m 323.242 ms - -[0m
2023-05-30 20:45:39 info: [0mGET /services/nav [36m304[0m 328.219 ms - -[0m
2023-05-30 20:45:39 info: [0mGET /posts/getListFeatured [36m304[0m 310.003 ms - -[0m
2023-05-30 20:47:18 info: [0mGET /services/nav [36m304[0m 31.433 ms - -[0m
2023-05-30 20:47:56 info: [0mGET /services/nav [36m304[0m 16.655 ms - -[0m
2023-05-30 20:48:00 info: [0mGET /services/nav [36m304[0m 50.739 ms - -[0m
2023-05-30 20:48:04 info: [0mGET /services/nav [36m304[0m 48.026 ms - -[0m
2023-05-30 20:48:13 info: [0mGET /services/nav [36m304[0m 39.059 ms - -[0m
2023-05-30 20:48:15 info: [0mGET /jobs/getListFeatured [36m304[0m 50.860 ms - -[0m
2023-05-30 20:48:17 info: [0mGET /categories/getListCategories [36m304[0m 10.158 ms - -[0m
2023-05-30 20:48:17 info: [0mGET /posts/getPageAll [36m304[0m 142.700 ms - -[0m
2023-05-30 20:48:19 info: [0mGET /branchs/getListBranch [36m304[0m 39.205 ms - -[0m
2023-05-30 20:48:19 info: [0mGET /services/getListService [36m304[0m 39.478 ms - -[0m
2023-05-30 20:48:19 info: [0mGET /projects/getProjectsClient [36m304[0m 42.271 ms - -[0m
2023-05-30 20:48:22 info: [0mGET /banners/getListBanner [36m304[0m 13.756 ms - -[0m
2023-05-30 20:48:22 info: [0mGET /services/nav [36m304[0m 17.979 ms - -[0m
2023-05-30 20:48:22 info: [0mGET /posts/getListFeatured [36m304[0m 22.758 ms - -[0m
2023-05-30 20:48:36 info: [0mGET /services/nav [36m304[0m 26.821 ms - -[0m
2023-05-30 20:49:02 info: [0mGET /services/nav [36m304[0m 42.719 ms - -[0m
2023-05-30 20:49:02 info: [0mGET /posts/getListFeatured [36m304[0m 34.277 ms - -[0m
2023-05-30 20:49:05 info: [0mGET /posts/getListFeatured [36m304[0m 11.609 ms - -[0m
2023-05-30 20:49:05 info: [0mGET /services/nav [36m304[0m 22.211 ms - -[0m
2023-05-30 20:49:10 info: [0mGET /posts/getListFeatured [36m304[0m 22.544 ms - -[0m
2023-05-30 20:49:10 info: [0mGET /services/nav [36m304[0m 26.980 ms - -[0m
2023-05-30 20:49:14 info: [0mGET /services/nav [36m304[0m 228.588 ms - -[0m
2023-05-30 20:49:14 info: [0mGET /posts/getListFeatured [36m304[0m 245.245 ms - -[0m
2023-05-30 20:49:42 info: [0mGET /posts/findByIdClient/1 [32m200[0m 148.395 ms - 890[0m
2023-05-30 20:49:46 info: [0mGET /jobs/getListFeatured [36m304[0m 45.968 ms - -[0m
2023-05-30 20:49:47 info: [0mGET /categories/getListCategories [36m304[0m 5.308 ms - -[0m
2023-05-30 20:49:47 info: [0mGET /posts/getPageAll [36m304[0m 72.735 ms - -[0m
2023-05-30 20:49:48 info: [0mGET /ceos/getlistCeo [36m304[0m 27.645 ms - -[0m
2023-05-30 20:49:54 info: [0mGET /branchs/getListBranch [36m304[0m 35.492 ms - -[0m
2023-05-30 20:49:54 info: [0mGET /services/getListService [36m304[0m 39.459 ms - -[0m
2023-05-30 20:49:54 info: [0mGET /projects/getProjectsClient [36m304[0m 39.358 ms - -[0m
2023-05-30 20:50:03 info: [0mGET /posts/getListFeatured [36m304[0m 37.999 ms - -[0m
2023-05-30 20:50:03 info: [0mGET /banners/getListBanner [36m304[0m 16.381 ms - -[0m
2023-05-30 20:50:03 info: [0mGET /services/nav [36m304[0m 23.202 ms - -[0m
2023-05-30 20:50:33 info: [0mGET /ceos/getlistCeo [36m304[0m 23.194 ms - -[0m
2023-05-30 20:50:35 info: [0mGET /branchs/getListBranch [36m304[0m 21.551 ms - -[0m
2023-05-30 20:50:35 info: [0mGET /services/getListService [36m304[0m 26.076 ms - -[0m
2023-05-30 20:50:35 info: [0mGET /projects/getProjectsClient [36m304[0m 41.962 ms - -[0m
2023-05-30 20:50:55 info: [0mGET /categories/getListCategories [36m304[0m 16.595 ms - -[0m
2023-05-30 20:50:55 info: [0mGET /posts/getPageAll [36m304[0m 62.358 ms - -[0m
2023-05-30 20:50:56 info: [0mGET /branchs/getListBranch [36m304[0m 12.464 ms - -[0m
2023-05-30 20:50:56 info: [0mGET /services/getListService [36m304[0m 21.503 ms - -[0m
2023-05-30 20:50:56 info: [0mGET /projects/getProjectsClient [36m304[0m 25.625 ms - -[0m
2023-05-30 20:50:59 info: [0mGET /categories/getListCategories [36m304[0m 9.458 ms - -[0m
2023-05-30 20:50:59 info: [0mGET /posts/getPageAll [36m304[0m 35.896 ms - -[0m
2023-05-30 20:51:00 info: [0mGET /jobs/getListFeatured [36m304[0m 30.133 ms - -[0m
2023-05-30 20:51:01 info: [0mGET /categories/getListCategories [36m304[0m 6.131 ms - -[0m
2023-05-30 20:51:01 info: [0mGET /posts/getPageAll [36m304[0m 121.904 ms - -[0m
2023-05-30 20:51:02 info: [0mGET /branchs/getListBranch [36m304[0m 5.192 ms - -[0m
2023-05-30 20:51:02 info: [0mGET /services/getListService [36m304[0m 19.786 ms - -[0m
2023-05-30 20:51:02 info: [0mGET /projects/getProjectsClient [36m304[0m 30.698 ms - -[0m
2023-05-30 20:51:30 info: [0mGET /categories/getListCategories [36m304[0m 4.038 ms - -[0m
2023-05-30 20:51:30 info: [0mGET /posts/getPageAll [36m304[0m 84.006 ms - -[0m
2023-05-30 20:51:31 info: [0mGET /branchs/getListBranch [36m304[0m 12.830 ms - -[0m
2023-05-30 20:51:31 info: [0mGET /services/getListService [36m304[0m 17.385 ms - -[0m
2023-05-30 20:51:31 info: [0mGET /projects/getProjectsClient [36m304[0m 22.551 ms - -[0m
2023-05-30 20:51:36 info: [0mGET /categories/getListCategories [36m304[0m 4.390 ms - -[0m
2023-05-30 20:51:36 info: [0mGET /posts/getPageAll [36m304[0m 55.878 ms - -[0m
2023-05-30 20:51:38 info: [0mGET /branchs/getListBranch [36m304[0m 14.266 ms - -[0m
2023-05-30 20:51:38 info: [0mGET /services/getListService [36m304[0m 12.649 ms - -[0m
2023-05-30 20:51:38 info: [0mGET /projects/getProjectsClient [36m304[0m 14.440 ms - -[0m
2023-05-30 20:51:39 info: [0mGET /categories/getListCategories [36m304[0m 7.626 ms - -[0m
2023-05-30 20:51:39 info: [0mGET /posts/getPageAll [36m304[0m 29.382 ms - -[0m
2023-05-30 20:51:40 info: [0mGET /branchs/getListBranch [36m304[0m 12.858 ms - -[0m
2023-05-30 20:51:40 info: [0mGET /services/getListService [36m304[0m 24.611 ms - -[0m
2023-05-30 20:51:40 info: [0mGET /projects/getProjectsClient [36m304[0m 24.977 ms - -[0m
2023-05-30 20:51:41 info: [0mGET /categories/getListCategories [36m304[0m 2.183 ms - -[0m
2023-05-30 20:51:41 info: [0mGET /posts/getPageAll [36m304[0m 74.324 ms - -[0m
2023-05-30 20:51:41 info: [0mGET /services/getListService [36m304[0m 17.262 ms - -[0m
2023-05-30 20:51:41 info: [0mGET /branchs/getListBranch [36m304[0m 23.216 ms - -[0m
2023-05-30 20:51:41 info: [0mGET /projects/getProjectsClient [36m304[0m 28.467 ms - -[0m
2023-05-30 20:51:42 info: [0mGET /projects/getProjectsClient [36m304[0m 31.643 ms - -[0m
2023-05-30 20:51:43 info: [0mGET /categories/getListCategories [36m304[0m 10.562 ms - -[0m
2023-05-30 20:51:43 info: [0mGET /posts/getPageAll [36m304[0m 51.375 ms - -[0m
2023-05-30 20:51:44 info: [0mGET /jobs/getListFeatured [36m304[0m 6.347 ms - -[0m
2023-05-30 20:51:46 info: [0mGET /ceos/getlistCeo [36m304[0m 14.569 ms - -[0m
2023-05-30 20:51:47 info: [0mGET /branchs/getListBranch [36m304[0m 5.317 ms - -[0m
2023-05-30 20:51:47 info: [0mGET /services/getListService [36m304[0m 16.675 ms - -[0m
2023-05-30 20:51:47 info: [0mGET /projects/getProjectsClient [36m304[0m 16.237 ms - -[0m
2023-05-30 20:51:52 info: [0mGET /projects/findByIdClient/1 [36m304[0m 95.400 ms - -[0m
2023-05-30 20:51:56 info: [0mGET /banners/getListBanner [36m304[0m 29.403 ms - -[0m
2023-05-30 20:51:56 info: [0mGET /posts/getListFeatured [36m304[0m 62.870 ms - -[0m
2023-05-30 20:51:56 info: [0mGET /services/nav [36m304[0m 69.652 ms - -[0m
2023-05-30 20:51:56 info: [0mGET /jobs/getListFeatured [36m304[0m 16.079 ms - -[0m
2023-05-30 20:51:58 info: [0mGET /ceos/getlistCeo [36m304[0m 14.678 ms - -[0m
2023-05-30 20:51:59 info: [0mGET /banners/getListBanner [36m304[0m 7.341 ms - -[0m
2023-05-30 20:51:59 info: [0mGET /posts/getListFeatured [36m304[0m 8.275 ms - -[0m
2023-05-30 20:51:59 info: [0mGET /services/nav [36m304[0m 12.491 ms - -[0m
2023-05-30 20:52:51 info: [0mGET /banners/getListBanner [36m304[0m 54.580 ms - -[0m
2023-05-30 20:52:53 info: [0mGET /ceos/getlistCeo [36m304[0m 76.563 ms - -[0m
2023-05-30 20:52:55 info: [0mGET /banners/getListBanner [36m304[0m 46.939 ms - -[0m
2023-05-30 20:52:55 info: [0mGET /posts/getListFeatured [36m304[0m 46.315 ms - -[0m
2023-05-30 20:52:55 info: [0mGET /services/nav [36m304[0m 55.208 ms - -[0m
2023-05-30 20:53:22 info: [0mGET /banners/getListBanner [36m304[0m 28.198 ms - -[0m
2023-05-30 20:53:26 info: [0mGET /jobs/getListFeatured [36m304[0m 57.449 ms - -[0m
2023-05-30 20:53:28 info: [0mGET /ceos/getlistCeo [36m304[0m 7.195 ms - -[0m
2023-05-30 20:53:30 info: [0mGET /banners/getListBanner [36m304[0m 10.893 ms - -[0m
2023-05-30 20:53:30 info: [0mGET /posts/getListFeatured [36m304[0m 9.551 ms - -[0m
2023-05-30 20:53:30 info: [0mGET /services/nav [36m304[0m 14.999 ms - -[0m
2023-05-30 20:54:28 info: [0mGET /banners/getListBanner [36m304[0m 40.883 ms - -[0m
2023-05-30 20:54:31 info: [0mGET /ceos/getlistCeo [36m304[0m 160.417 ms - -[0m
2023-05-30 20:54:32 info: [0mGET /banners/getListBanner [36m304[0m 15.784 ms - -[0m
2023-05-30 20:54:32 info: [0mGET /posts/getListFeatured [36m304[0m 51.726 ms - -[0m
2023-05-30 20:54:32 info: [0mGET /services/nav [36m304[0m 79.060 ms - -[0m
2023-05-30 20:54:34 info: [0mGET /ceos/getlistCeo [36m304[0m 41.982 ms - -[0m
2023-05-30 20:54:34 info: [0mGET /banners/getListBanner [36m304[0m 44.777 ms - -[0m
2023-05-30 20:54:34 info: [0mGET /posts/getListFeatured [36m304[0m 22.144 ms - -[0m
2023-05-30 20:54:34 info: [0mGET /services/nav [36m304[0m 27.849 ms - -[0m
2023-05-30 20:54:49 info: [0mGET /banners/getListBanner [36m304[0m 41.809 ms - -[0m
2023-05-30 20:54:54 info: [0mGET /ceos/getlistCeo [36m304[0m 11.923 ms - -[0m
2023-05-30 20:54:56 info: [0mGET /banners/getListBanner [36m304[0m 8.398 ms - -[0m
2023-05-30 20:54:56 info: [0mGET /posts/getListFeatured [36m304[0m 9.408 ms - -[0m
2023-05-30 20:54:56 info: [0mGET /services/nav [36m304[0m 27.738 ms - -[0m
2023-05-30 20:55:21 info: [0mGET /jobs/getListFeatured [36m304[0m 47.287 ms - -[0m
2023-05-30 20:55:23 info: [0mGET /categories/getListCategories [36m304[0m 8.359 ms - -[0m
2023-05-30 20:55:23 info: [0mGET /posts/getPageAll [36m304[0m 61.646 ms - -[0m
2023-05-30 20:55:26 info: [0mGET /branchs/getListBranch [36m304[0m 17.130 ms - -[0m
2023-05-30 20:55:26 info: [0mGET /services/getListService [36m304[0m 26.744 ms - -[0m
2023-05-30 20:55:26 info: [0mGET /projects/getProjectsClient [36m304[0m 31.266 ms - -[0m
2023-05-30 20:55:28 info: [0mGET /ceos/getlistCeo [36m304[0m 6.387 ms - -[0m
2023-05-30 20:56:04 info: [0mGET /ceos/getlistCeo [36m304[0m 44.588 ms - -[0m
2023-05-30 20:56:17 info: [0mGET /ceos/getlistCeo [36m304[0m 39.570 ms - -[0m
2023-05-30 20:56:22 info: [0mGET /ceos/getlistCeo [36m304[0m 50.984 ms - -[0m
2023-05-30 20:56:26 info: [0mGET /branchs/getListBranch [36m304[0m 112.732 ms - -[0m
2023-05-30 20:56:26 info: [0mGET /services/getListService [36m304[0m 59.305 ms - -[0m
2023-05-30 20:56:26 info: [0mGET /projects/getProjectsClient [36m304[0m 54.848 ms - -[0m
2023-05-30 20:56:27 info: [0mGET /ceos/getlistCeo [36m304[0m 8.168 ms - -[0m
2023-05-30 20:56:29 info: [0mGET /branchs/getListBranch [36m304[0m 8.312 ms - -[0m
2023-05-30 20:56:29 info: [0mGET /services/getListService [36m304[0m 13.772 ms - -[0m
2023-05-30 20:56:29 info: [0mGET /projects/getProjectsClient [36m304[0m 15.370 ms - -[0m
2023-05-30 20:56:30 info: [0mGET /ceos/getlistCeo [36m304[0m 13.597 ms - -[0m
2023-05-30 20:56:32 info: [0mGET /banners/getListBanner [36m304[0m 27.527 ms - -[0m
2023-05-30 20:56:32 info: [0mGET /posts/getListFeatured [36m304[0m 19.402 ms - -[0m
2023-05-30 20:56:32 info: [0mGET /services/nav [36m304[0m 28.034 ms - -[0m
2023-05-30 20:56:34 info: [0mGET /ceos/getlistCeo [36m304[0m 4.983 ms - -[0m
2023-05-30 20:56:50 info: [0mGET /ceos/getlistCeo [36m304[0m 25.264 ms - -[0m
2023-05-30 20:57:07 info: [0mGET /ceos/getlistCeo [36m304[0m 64.458 ms - -[0m
2023-05-30 20:57:10 info: [0mGET /ceos/getlistCeo [36m304[0m 33.852 ms - -[0m
2023-05-30 20:57:13 info: [0mGET /services/nav [36m304[0m 91.278 ms - -[0m
2023-05-30 20:57:13 info: [0mGET /banners/getListBanner [36m304[0m 132.200 ms - -[0m
2023-05-30 20:57:13 info: [0mGET /posts/getListFeatured [36m304[0m 110.600 ms - -[0m
2023-05-30 20:57:14 info: [0mGET /ceos/getlistCeo [36m304[0m 7.939 ms - -[0m
2023-05-30 20:57:19 info: [0mGET /branchs/getListBranch [36m304[0m 35.777 ms - -[0m
2023-05-30 20:57:19 info: [0mGET /projects/getProjectsClient [36m304[0m 44.467 ms - -[0m
2023-05-30 20:57:19 info: [0mGET /services/getListService [36m304[0m 59.776 ms - -[0m
2023-05-30 20:57:21 info: [0mGET /categories/getListCategories [36m304[0m 19.975 ms - -[0m
2023-05-30 20:57:21 info: [0mGET /posts/getPageAll [36m304[0m 68.526 ms - -[0m
2023-05-30 20:57:49 info: [0mGET /categories/getListCategories [36m304[0m 25.194 ms - -[0m
2023-05-30 20:57:49 info: [0mGET /posts/getPageAll [36m304[0m 80.447 ms - -[0m
2023-05-30 20:57:51 info: [0mGET /banners/getListBanner [36m304[0m 14.278 ms - -[0m
2023-05-30 20:57:51 info: [0mGET /services/nav [36m304[0m 14.604 ms - -[0m
2023-05-30 20:57:51 info: [0mGET /posts/getListFeatured [36m304[0m 20.528 ms - -[0m
2023-05-30 20:57:54 info: [0mGET /ceos/getlistCeo [36m304[0m 33.772 ms - -[0m
2023-05-30 20:57:57 info: [0mGET /branchs/getListBranch [36m304[0m 16.941 ms - -[0m
2023-05-30 20:57:57 info: [0mGET /projects/getProjectsClient [36m304[0m 19.956 ms - -[0m
2023-05-30 20:57:57 info: [0mGET /services/getListService [36m304[0m 41.434 ms - -[0m
2023-05-30 20:57:59 info: [0mGET /categories/getListCategories [36m304[0m 19.150 ms - -[0m
2023-05-30 20:57:59 info: [0mGET /posts/getPageAll [36m304[0m 53.741 ms - -[0m
2023-05-30 20:58:10 info: [0mGET /jobs/getListFeatured [36m304[0m 14.599 ms - -[0m
2023-05-30 21:01:36 info: [0mGET /jobs/getListFeatured [36m304[0m 103.503 ms - -[0m
2023-05-30 21:01:40 info: [0mGET /jobs/getListFeatured [36m304[0m 56.980 ms - -[0m
2023-05-30 21:01:41 info: [0mGET /posts/getListFeatured [36m304[0m 56.637 ms - -[0m
2023-05-30 21:01:41 info: [0mGET /banners/getListBanner [36m304[0m 50.621 ms - -[0m
2023-05-30 21:01:41 info: [0mGET /services/nav [36m304[0m 62.286 ms - -[0m
2023-05-30 21:01:42 info: [0mGET /jobs/getListFeatured [36m304[0m 16.599 ms - -[0m
2023-05-30 21:01:49 info: [0mGET /categories/getListCategories [36m304[0m 42.730 ms - -[0m
2023-05-30 21:01:49 info: [0mGET /posts/getPageAll [36m304[0m 81.801 ms - -[0m
2023-05-30 21:01:51 info: [0mGET /branchs/getListBranch [36m304[0m 12.732 ms - -[0m
2023-05-30 21:01:51 info: [0mGET /services/getListService [36m304[0m 21.676 ms - -[0m
2023-05-30 21:01:51 info: [0mGET /projects/getProjectsClient [36m304[0m 24.671 ms - -[0m
2023-05-30 21:01:54 info: [0mGET /ceos/getlistCeo [36m304[0m 11.346 ms - -[0m
2023-05-30 21:01:58 info: [0mGET /banners/getListBanner [36m304[0m 30.313 ms - -[0m
2023-05-30 21:01:58 info: [0mGET /services/nav [36m304[0m 34.775 ms - -[0m
2023-05-30 21:01:58 info: [0mGET /posts/getListFeatured [36m304[0m 44.848 ms - -[0m
