2023-07-06 00:00:18 info: [0mGET /posts/getListFeatured [32m200[0m 17.813 ms - 843[0m
2023-07-06 00:00:18 info: [0mGET /banners/getListBanner [32m200[0m 22.107 ms - -[0m
2023-07-06 00:00:18 info: [0mGET /services/nav [32m200[0m 41.682 ms - -[0m
2023-07-06 00:00:18 info: [0mGET /banners/getListBanner [32m200[0m 45.893 ms - -[0m
2023-07-06 00:00:18 info: [0mGET /services/nav [32m200[0m 38.483 ms - -[0m
2023-07-06 00:00:18 info: [0mGET /posts/getListFeatured [32m200[0m 51.018 ms - 843[0m
2023-07-06 00:00:21 info: [0mGET /services/nav [36m304[0m 201.470 ms - -[0m
2023-07-06 00:01:01 info: [0mGET /posts/getListFeatured [32m200[0m 17.442 ms - 843[0m
2023-07-06 00:01:01 info: [0mGET /banners/getListBanner [32m200[0m 24.171 ms - -[0m
2023-07-06 00:01:01 info: [0mGET /services/nav [32m200[0m 25.116 ms - -[0m
2023-07-06 00:01:04 info: [0mGET /services/nav [36m304[0m 112.209 ms - -[0m
2023-07-06 00:01:19 info: [0mGET /posts/getListFeatured [32m200[0m 26.489 ms - 843[0m
2023-07-06 00:01:19 info: [0mGET /banners/getListBanner [32m200[0m 23.092 ms - -[0m
2023-07-06 00:01:19 info: [0mGET /services/nav [32m200[0m 29.527 ms - -[0m
2023-07-06 00:01:23 info: [0mGET /services/nav [36m304[0m 242.195 ms - -[0m
2023-07-06 00:03:12 info: [0mGET /posts/getListFeatured [32m200[0m 389.363 ms - 851[0m
2023-07-06 00:03:12 info: [0mGET /posts/getListFeatured [32m200[0m 425.510 ms - 843[0m
2023-07-06 00:03:12 info: [0mGET /services/nav [32m200[0m 351.407 ms - -[0m
2023-07-06 00:03:12 info: [0mGET /banners/getListBanner [32m200[0m 404.257 ms - -[0m
2023-07-06 00:03:12 info: [0mGET /services/nav [32m200[0m 387.457 ms - -[0m
2023-07-06 00:03:12 info: [0mGET /banners/getListBanner [32m200[0m 387.089 ms - -[0m
2023-07-06 00:03:13 info: [0mGET /posts/getListFeatured [32m200[0m 19.046 ms - 843[0m
2023-07-06 00:03:13 info: [0mGET /services/nav [32m200[0m 36.376 ms - -[0m
2023-07-06 00:03:13 info: [0mGET /banners/getListBanner [32m200[0m 43.508 ms - -[0m
2023-07-06 00:03:14 info: [0mGET /services/nav [32m200[0m 53.339 ms - -[0m
2023-07-06 00:03:18 info: [0mGET /posts/getListFeatured [32m200[0m 15.325 ms - 851[0m
2023-07-06 00:03:18 info: [0mGET /banners/getListBanner [32m200[0m 16.778 ms - -[0m
2023-07-06 00:03:18 info: [0mGET /services/nav [32m200[0m 38.991 ms - -[0m
2023-07-06 00:03:20 info: [0mGET /services/nav [36m304[0m 68.015 ms - -[0m
2023-07-06 00:03:35 info: [0mGET /banners/getListBanner [32m200[0m 25.346 ms - -[0m
2023-07-06 00:03:35 info: [0mGET /posts/getListFeatured [32m200[0m 21.993 ms - 851[0m
2023-07-06 00:03:35 info: [0mGET /services/nav [32m200[0m 22.473 ms - -[0m
2023-07-06 00:03:35 info: [0mGET /banners/getListBanner [32m200[0m 28.840 ms - -[0m
2023-07-06 00:03:35 info: [0mGET /posts/getListFeatured [32m200[0m 49.211 ms - 851[0m
2023-07-06 00:03:35 info: [0mGET /banners/getListBanner [32m200[0m 37.476 ms - -[0m
2023-07-06 00:03:35 info: [0mGET /services/nav [32m200[0m 59.563 ms - -[0m
2023-07-06 00:03:35 info: [0mGET /posts/getListFeatured [32m200[0m 70.462 ms - 851[0m
2023-07-06 00:03:35 info: [0mGET /services/nav [32m200[0m 85.401 ms - -[0m
2023-07-06 00:03:37 info: [0mGET /services/nav [36m304[0m 132.439 ms - -[0m
2023-07-06 00:09:33 info: [0mGET /posts/getListFeatured [32m200[0m 145.627 ms - 843[0m
2023-07-06 00:09:33 info: [0mGET /services/nav [32m200[0m 135.840 ms - -[0m
2023-07-06 00:09:33 info: [0mGET /banners/getListBanner [32m200[0m 159.384 ms - -[0m
2023-07-06 00:11:09 info: [0mGET /services/nav [32m200[0m 136.916 ms - -[0m
2023-07-06 00:11:35 info: [0mGET /posts/getListFeatured [32m200[0m 31.506 ms - 843[0m
2023-07-06 00:11:35 info: [0mGET /services/nav [32m200[0m 22.099 ms - -[0m
2023-07-06 00:11:35 info: [0mGET /banners/getListBanner [32m200[0m 51.260 ms - -[0m
2023-07-06 00:11:37 info: [0mGET /services/nav [36m304[0m 14.098 ms - -[0m
2023-07-06 00:11:51 info: [0mGET /posts/getListFeatured [32m200[0m 29.198 ms - 851[0m
2023-07-06 00:11:51 info: [0mGET /banners/getListBanner [32m200[0m 37.962 ms - -[0m
2023-07-06 00:11:51 info: [0mGET /services/nav [32m200[0m 39.807 ms - -[0m
2023-07-06 00:11:52 info: [0mGET /services/nav [32m200[0m 18.598 ms - -[0m
2023-07-06 00:12:22 info: [0mGET /posts/getListFeatured [32m200[0m 10.266 ms - 851[0m
2023-07-06 00:12:22 info: [0mGET /banners/getListBanner [32m200[0m 11.362 ms - -[0m
2023-07-06 00:12:22 info: [0mGET /services/nav [32m200[0m 15.223 ms - -[0m
2023-07-06 00:12:25 info: [0mGET /posts/getListFeatured [32m200[0m 8.217 ms - 843[0m
2023-07-06 00:12:25 info: [0mGET /banners/getListBanner [32m200[0m 9.984 ms - -[0m
2023-07-06 00:12:25 info: [0mGET /services/nav [32m200[0m 13.984 ms - -[0m
2023-07-06 00:12:26 info: [0mGET /services/nav [32m200[0m 51.072 ms - -[0m
2023-07-06 00:12:42 info: [0mGET /services/nav [36m304[0m 115.156 ms - -[0m
2023-07-06 00:12:42 info: [0mGET /ceos/getlistCeo [32m200[0m 150.911 ms - 536[0m
2023-07-06 00:12:54 info: [0mGET /branchs/getListBranch [32m200[0m 79.640 ms - 96[0m
2023-07-06 00:12:54 info: [0mGET /services/getListService [32m200[0m 47.407 ms - -[0m
2023-07-06 00:12:55 info: [0mGET /projects/getProjectsClient [32m200[0m 284.529 ms - -[0m
2023-07-06 00:13:01 info: [0mGET /categories/getListCategories [32m200[0m 28.090 ms - 276[0m
2023-07-06 00:13:01 info: [0mGET /posts/getPageAll [32m200[0m 322.471 ms - -[0m
2023-07-06 00:13:05 info: [0mGET /jobs/getListFeatured [32m200[0m 70.815 ms - -[0m
2023-07-06 00:14:14 info: [0mGET /ceos/getlistCeo [36m304[0m 143.956 ms - -[0m
2023-07-06 00:17:26 info: [0mGET /banners/getListBanner [32m200[0m 221.295 ms - -[0m
2023-07-06 00:17:26 info: [0mGET /posts/getListFeatured [32m200[0m 172.514 ms - 851[0m
2023-07-06 00:17:26 info: [0mGET /services/nav [32m200[0m 151.604 ms - -[0m
2023-07-06 00:17:28 info: [0mGET /services/nav [32m200[0m 62.851 ms - -[0m
2023-07-06 00:35:32 info: [0mGET /ceos/getlistCeo [36m304[0m 147.050 ms - -[0m
2023-07-06 00:35:50 info: [0mGET /ceos/getlistCeo [36m304[0m 14.888 ms - -[0m
2023-07-06 00:36:04 info: [0mGET /ceos/getlistCeo [36m304[0m 46.766 ms - -[0m
2023-07-06 00:36:26 info: [0mGET /services/nav [32m200[0m 82.349 ms - -[0m
2023-07-06 00:36:26 info: [0mGET /ceos/getlistCeo [36m304[0m 91.714 ms - -[0m
2023-07-06 00:37:29 info: [0mGET /ceos/getlistCeo [36m304[0m 12.399 ms - -[0m
2023-07-06 00:38:08 info: [0mGET /services/nav [36m304[0m 216.361 ms - -[0m
2023-07-06 00:38:08 info: [0mGET /ceos/getlistCeo [36m304[0m 212.632 ms - -[0m
2023-07-06 00:38:12 info: [0mGET /ceos/getlistCeo [32m200[0m 21.128 ms - 539[0m
2023-07-06 00:38:12 info: [0mGET /services/nav [32m200[0m 46.603 ms - -[0m
2023-07-06 00:38:16 info: [0mGET /ceos/getlistCeo [32m200[0m 12.870 ms - 536[0m
2023-07-06 00:38:16 info: [0mGET /services/nav [32m200[0m 57.569 ms - -[0m
2023-07-06 00:40:05 info: [0mGET /ceos/getlistCeo [36m304[0m 167.685 ms - -[0m
2023-07-06 00:40:05 info: [0mGET /services/nav [36m304[0m 333.983 ms - -[0m
2023-07-06 00:40:12 info: [0mGET /ceos/getlistCeo [36m304[0m 43.140 ms - -[0m
2023-07-06 00:40:12 info: [0mGET /services/nav [36m304[0m 97.244 ms - -[0m
2023-07-06 00:40:42 info: [0mGET /ceos/getlistCeo [36m304[0m 49.353 ms - -[0m
2023-07-06 00:40:42 info: [0mGET /services/nav [36m304[0m 69.863 ms - -[0m
2023-07-06 00:41:31 info: [0mGET /ceos/getlistCeo [36m304[0m 38.328 ms - -[0m
2023-07-06 00:41:31 info: [0mGET /ceos/getlistCeo [36m304[0m 130.575 ms - -[0m
2023-07-06 00:41:41 info: [0mGET /ceos/getlistCeo [36m304[0m 79.568 ms - -[0m
2023-07-06 00:41:52 info: [0mGET /ceos/getlistCeo [36m304[0m 118.534 ms - -[0m
2023-07-06 00:41:56 info: [0mGET /ceos/getlistCeo [36m304[0m 15.141 ms - -[0m
2023-07-06 00:42:18 info: [0mGET /ceos/getlistCeo [36m304[0m 38.279 ms - -[0m
2023-07-06 00:42:24 info: [0mGET /ceos/getlistCeo [36m304[0m 64.876 ms - -[0m
2023-07-06 00:42:28 info: [0mGET /ceos/getlistCeo [36m304[0m 22.821 ms - -[0m
2023-07-06 00:42:37 info: [0mGET /ceos/getlistCeo [36m304[0m 50.685 ms - -[0m
2023-07-06 00:42:59 info: [0mGET /ceos/getlistCeo [36m304[0m 44.453 ms - -[0m
2023-07-06 00:42:59 info: [0mGET /services/nav [36m304[0m 215.731 ms - -[0m
2023-07-06 00:43:20 info: [0mGET /ceos/getlistCeo [36m304[0m 50.102 ms - -[0m
2023-07-06 00:43:26 info: [0mGET /ceos/getlistCeo [36m304[0m 42.679 ms - -[0m
2023-07-06 00:44:10 info: [0mGET /ceos/getlistCeo [36m304[0m 44.942 ms - -[0m
2023-07-06 00:44:34 info: [0mGET /ceos/getlistCeo [36m304[0m 37.778 ms - -[0m
2023-07-06 00:44:38 info: [0mGET /ceos/getlistCeo [36m304[0m 12.542 ms - -[0m
2023-07-06 00:44:56 info: [0mGET /ceos/getlistCeo [36m304[0m 57.374 ms - -[0m
2023-07-06 00:45:04 info: [0mGET /ceos/getlistCeo [36m304[0m 30.566 ms - -[0m
2023-07-06 00:45:04 info: [0mGET /services/nav [36m304[0m 45.336 ms - -[0m
2023-07-06 00:46:05 info: [0mGET /ceos/getlistCeo [36m304[0m 34.239 ms - -[0m
2023-07-06 00:46:11 info: [0mGET /ceos/getlistCeo [36m304[0m 14.529 ms - -[0m
2023-07-06 00:46:26 info: [0mGET /ceos/getlistCeo [36m304[0m 55.690 ms - -[0m
2023-07-06 00:46:40 info: [0mGET /services/nav [36m304[0m 42.369 ms - -[0m
2023-07-06 00:46:40 info: [0mGET /ceos/getlistCeo [36m304[0m 6.293 ms - -[0m
2023-07-06 00:47:23 info: [0mGET /ceos/getlistCeo [36m304[0m 12.371 ms - -[0m
2023-07-06 00:47:35 info: [0mGET /ceos/getlistCeo [36m304[0m 33.652 ms - -[0m
2023-07-06 00:47:46 info: [0mGET /ceos/getlistCeo [36m304[0m 25.793 ms - -[0m
2023-07-06 00:47:55 info: [0mGET /ceos/getlistCeo [36m304[0m 27.711 ms - -[0m
2023-07-06 00:49:20 info: [0mGET /ceos/getlistCeo [36m304[0m 91.752 ms - -[0m
2023-07-06 00:49:24 info: [0mGET /ceos/getlistCeo [36m304[0m 19.773 ms - -[0m
2023-07-06 00:49:56 info: [0mGET /ceos/getlistCeo [36m304[0m 41.437 ms - -[0m
2023-07-06 00:50:19 info: [0mGET /services/nav [36m304[0m 138.254 ms - -[0m
2023-07-06 00:50:19 info: [0mGET /ceos/getlistCeo [36m304[0m 158.130 ms - -[0m
2023-07-06 00:50:35 info: [0mGET /ceos/getlistCeo [36m304[0m 26.425 ms - -[0m
2023-07-06 00:50:45 info: [0mGET /ceos/getlistCeo [36m304[0m 29.120 ms - -[0m
2023-07-06 00:50:50 info: [0mGET /ceos/getlistCeo [36m304[0m 36.383 ms - -[0m
2023-07-06 00:52:13 info: [0mGET /ceos/getlistCeo [36m304[0m 21.663 ms - -[0m
2023-07-06 00:52:17 info: [0mGET /ceos/getlistCeo [36m304[0m 49.128 ms - -[0m
2023-07-06 00:52:19 info: [0mGET /ceos/getlistCeo [36m304[0m 50.073 ms - -[0m
2023-07-06 00:52:28 info: [0mGET /ceos/getlistCeo [36m304[0m 45.194 ms - -[0m
2023-07-06 00:53:21 info: [0mGET /ceos/getlistCeo [36m304[0m 36.847 ms - -[0m
2023-07-06 00:53:21 info: [0mGET /services/nav [36m304[0m 74.760 ms - -[0m
2023-07-06 00:53:25 info: [0mGET /ceos/getlistCeo [36m304[0m 22.130 ms - -[0m
2023-07-06 00:54:06 info: [0mGET /ceos/getlistCeo [36m304[0m 149.863 ms - -[0m
2023-07-06 00:54:18 info: [0mGET /ceos/getlistCeo [36m304[0m 21.144 ms - -[0m
2023-07-06 00:54:40 info: [0mGET /ceos/getlistCeo [36m304[0m 8.279 ms - -[0m
2023-07-06 00:54:44 info: [0mGET /ceos/getlistCeo [36m304[0m 30.075 ms - -[0m
2023-07-06 00:55:09 info: [0mGET /ceos/getlistCeo [36m304[0m 137.737 ms - -[0m
2023-07-06 00:55:09 info: [0mGET /services/nav [36m304[0m 191.600 ms - -[0m
2023-07-06 00:55:27 info: [0mGET /ceos/getlistCeo [36m304[0m 25.656 ms - -[0m
2023-07-06 00:55:27 info: [0mGET /services/nav [36m304[0m 130.587 ms - -[0m
2023-07-06 00:55:39 info: [0mGET /ceos/getlistCeo [32m200[0m 12.230 ms - 539[0m
2023-07-06 00:55:39 info: [0mGET /services/nav [32m200[0m 36.688 ms - -[0m
2023-07-06 00:56:17 info: [0mGET /ceos/getlistCeo [36m304[0m 8.113 ms - -[0m
2023-07-06 00:56:17 info: [0mGET /services/nav [36m304[0m 72.800 ms - -[0m
2023-07-06 00:56:20 info: [0mGET /ceos/getlistCeo [36m304[0m 24.418 ms - -[0m
2023-07-06 00:56:21 info: [0mGET /services/nav [36m304[0m 48.499 ms - -[0m
2023-07-06 01:00:37 info: [0mGET /ceos/getlistCeo [36m304[0m 72.174 ms - -[0m
2023-07-06 01:00:49 info: [0mGET /ceos/getlistCeo [36m304[0m 69.324 ms - -[0m
2023-07-06 01:01:22 info: [0mGET /services/nav [36m304[0m 106.607 ms - -[0m
2023-07-06 01:01:22 info: [0mGET /ceos/getlistCeo [36m304[0m 123.764 ms - -[0m
2023-07-06 01:01:53 info: [0mGET /ceos/getlistCeo [36m304[0m 95.715 ms - -[0m
2023-07-06 01:01:53 info: [0mGET /services/nav [36m304[0m 133.402 ms - -[0m
2023-07-06 01:01:55 info: [0mGET /ceos/getlistCeo [36m304[0m 7.486 ms - -[0m
2023-07-06 01:01:55 info: [0mGET /services/nav [36m304[0m 31.765 ms - -[0m
2023-07-06 01:02:13 info: [0mGET /ceos/getlistCeo [36m304[0m 47.687 ms - -[0m
2023-07-06 01:02:13 info: [0mGET /services/nav [36m304[0m 106.755 ms - -[0m
2023-07-06 01:02:25 info: [0mGET /banners/getListBanner [32m200[0m 37.839 ms - -[0m
2023-07-06 01:02:25 info: [0mGET /posts/getListFeatured [32m200[0m 48.587 ms - 851[0m
2023-07-06 01:02:25 info: [0mGET /services/nav [32m200[0m 37.999 ms - -[0m
2023-07-06 01:11:05 info: [0mGET /ceos/getlistCeo [36m304[0m 815.437 ms - -[0m
2023-07-06 01:11:05 info: [0mGET /banners/getListBanner [32m200[0m 35.115 ms - -[0m
2023-07-06 01:11:05 info: [0mGET /posts/getListFeatured [32m200[0m 47.379 ms - 851[0m
2023-07-06 01:11:05 info: [0mGET /services/nav [32m200[0m 57.911 ms - -[0m
2023-07-06 01:11:08 info: [0mGET /services/nav [36m304[0m 33.756 ms - -[0m
2023-07-06 01:11:10 info: [0mGET /ceos/getlistCeo [36m304[0m 28.421 ms - -[0m
2023-07-06 01:13:03 info: [0mGET /ceos/getlistCeo [36m304[0m 22.633 ms - -[0m
2023-07-06 12:22:00 info: =================================
2023-07-06 12:22:00 info: ======= ENV: development =======
2023-07-06 12:22:00 info: 🚀 App listening on the port 8000
2023-07-06 12:22:00 info: =================================
2023-07-06 12:50:30 info: [0mGET /posts/getListFeatured [32m200[0m 365.362 ms - 843[0m
2023-07-06 12:50:30 info: [0mGET /banners/getListBanner [32m200[0m 439.426 ms - -[0m
2023-07-06 12:50:30 info: [0mGET /services/nav [32m200[0m 374.442 ms - -[0m
2023-07-06 12:50:33 info: [0mGET /services/nav [32m200[0m 319.904 ms - -[0m
2023-07-06 12:50:36 info: [0mGET /jobs/getListFeatured [36m304[0m 173.366 ms - -[0m
2023-07-06 12:51:14 info: [0mGET /jobs/getListFeatured [36m304[0m 88.271 ms - -[0m
2023-07-06 12:53:24 info: [0mGET /jobs/getListFeatured [36m304[0m 1495.014 ms - -[0m
2023-07-06 12:53:24 info: [0mGET /services/nav [36m304[0m 1969.475 ms - -[0m
2023-07-06 12:54:11 info: [0mGET /jobs/getListFeatured [36m304[0m 103.492 ms - -[0m
2023-07-06 12:54:20 info: [0mGET /jobs/getListFeatured [36m304[0m 62.964 ms - -[0m
2023-07-06 12:54:33 info: [0mGET /jobs/getListFeatured [36m304[0m 116.437 ms - -[0m
2023-07-06 12:54:46 info: [0mGET /jobs/getListFeatured [36m304[0m 19.179 ms - -[0m
2023-07-06 12:54:54 info: [0mGET /jobs/getListFeatured [36m304[0m 23.232 ms - -[0m
2023-07-06 12:54:57 info: [0mGET /jobs/getListFeatured [36m304[0m 42.775 ms - -[0m
2023-07-06 12:55:51 info: [0mGET /jobs/getListFeatured [36m304[0m 131.919 ms - -[0m
2023-07-06 12:55:51 info: [0mGET /services/nav [36m304[0m 254.407 ms - -[0m
2023-07-06 12:56:23 info: [0mGET /jobs/getListFeatured [36m304[0m 64.490 ms - -[0m
2023-07-06 12:56:23 info: [0mGET /services/nav [36m304[0m 116.694 ms - -[0m
2023-07-06 12:56:43 info: [0mGET /jobs/getListFeatured [36m304[0m 47.139 ms - -[0m
2023-07-06 12:56:43 info: [0mGET /services/nav [36m304[0m 166.768 ms - -[0m
2023-07-06 12:57:02 info: [0mGET /jobs/getListFeatured [36m304[0m 140.034 ms - -[0m
2023-07-06 12:57:02 info: [0mGET /services/nav [36m304[0m 315.438 ms - -[0m
2023-07-06 12:57:10 info: [0mGET /jobs/getListFeatured [36m304[0m 52.571 ms - -[0m
2023-07-06 12:57:10 info: [0mGET /services/nav [36m304[0m 122.095 ms - -[0m
2023-07-06 12:57:41 info: [0mGET /jobs/getListFeatured [36m304[0m 41.859 ms - -[0m
2023-07-06 12:57:56 info: [0mGET /jobs/getListFeatured [36m304[0m 73.001 ms - -[0m
2023-07-06 12:57:59 info: [0mGET /jobs/getListFeatured [36m304[0m 55.730 ms - -[0m
2023-07-06 12:58:21 info: [0mGET /jobs/getListFeatured [36m304[0m 60.122 ms - -[0m
2023-07-06 12:58:21 info: [0mGET /services/nav [36m304[0m 142.321 ms - -[0m
2023-07-06 12:59:10 info: [0mGET /jobs/getListFeatured [32m200[0m 7.084 ms - 396[0m
2023-07-06 12:59:10 info: [0mGET /services/nav [32m200[0m 34.247 ms - -[0m
2023-07-06 12:59:53 info: [0mGET /jobs/getListFeatured [36m304[0m 112.752 ms - -[0m
