2023-05-27 22:14:35 info: =================================
2023-05-27 22:14:35 info: ======= ENV: development =======
2023-05-27 22:14:35 info: 🚀 App listening on the port 8000
2023-05-27 22:14:35 info: =================================
2023-05-27 22:14:40 info: [0mGET /banners/getListBanner [32m200[0m 405.780 ms - -[0m
2023-05-27 22:14:40 info: [0mGET /services/nav [32m200[0m 471.242 ms - -[0m
2023-05-27 22:14:40 info: [0mGET /posts/getListFeatured [32m200[0m 419.564 ms - -[0m
2023-05-27 22:14:40 info: [0mGET /services/nav [36m304[0m 23.237 ms - -[0m
2023-05-27 22:15:05 info: [0mGET /banners/getListBanner [36m304[0m 18.214 ms - -[0m
2023-05-27 22:15:06 info: [0mGET /services/nav [36m304[0m 75.791 ms - -[0m
2023-05-27 22:15:06 info: [0mGET /posts/getListFeatured [36m304[0m 104.350 ms - -[0m
2023-05-27 22:17:36 info: [0mGET /banners/getListBanner [36m304[0m 94.956 ms - -[0m
2023-05-27 22:17:36 info: [0mGET /services/nav [36m304[0m 144.959 ms - -[0m
2023-05-27 22:17:36 info: [0mGET /posts/getListFeatured [36m304[0m 129.639 ms - -[0m
2023-05-27 22:17:36 info: [0mGET /services/nav [36m304[0m 67.688 ms - -[0m
2023-05-27 22:18:33 info: [0mGET /services/nav [36m304[0m 43.222 ms - -[0m
2023-05-27 22:19:16 info: [0mGET /services/nav [36m304[0m 387.706 ms - -[0m
2023-05-27 22:19:46 info: [0mGET /services/nav [36m304[0m 46.393 ms - -[0m
2023-05-27 22:20:19 info: [0mGET /services/nav [36m304[0m 66.397 ms - -[0m
2023-05-27 22:20:37 info: [0mGET /services/nav [36m304[0m 40.401 ms - -[0m
2023-05-27 22:21:11 info: [0mGET /services/nav [36m304[0m 29.685 ms - -[0m
2023-05-27 22:21:18 info: [0mGET /services/nav [36m304[0m 47.737 ms - -[0m
2023-05-27 22:21:35 info: [0mGET /services/nav [36m304[0m 118.961 ms - -[0m
2023-05-27 22:21:38 info: [0mGET /services/nav [36m304[0m 181.435 ms - -[0m
2023-05-27 22:21:42 info: [0mGET /services/nav [36m304[0m 64.198 ms - -[0m
2023-05-27 22:25:34 info: [0mGET /banners/getListBanner [36m304[0m 277.843 ms - -[0m
2023-05-27 22:25:46 info: [0mGET /banners/getListBanner [36m304[0m 73.393 ms - -[0m
2023-05-27 22:25:46 info: [0mGET /services/nav [36m304[0m 193.983 ms - -[0m
2023-05-27 22:25:46 info: [0mGET /posts/getListFeatured [36m304[0m 173.032 ms - -[0m
2023-05-27 22:25:46 info: [0mGET /services/nav [36m304[0m 220.716 ms - -[0m
2023-05-27 22:32:19 info: [0mGET /services/nav [36m304[0m 443.336 ms - -[0m
2023-05-27 22:32:21 info: [0mGET /services/show/11 [32m200[0m 432.578 ms - -[0m
2023-05-27 22:32:33 info: [0mGET /services/nav [36m304[0m 48.162 ms - -[0m
2023-05-27 22:32:37 info: [0mGET /services/nav [36m304[0m 36.111 ms - -[0m
2023-05-27 22:33:04 info: [0mGET /services/nav [36m304[0m 68.126 ms - -[0m
2023-05-27 22:33:11 info: [0mGET /services/nav [36m304[0m 76.660 ms - -[0m
2023-05-27 22:33:15 info: [0mGET /services/nav [36m304[0m 81.811 ms - -[0m
2023-05-27 22:33:26 info: [0mGET /services/nav [36m304[0m 42.327 ms - -[0m
2023-05-27 22:33:37 info: [0mGET /services/nav [36m304[0m 24.336 ms - -[0m
2023-05-27 22:33:49 info: [0mGET /services/nav [36m304[0m 96.824 ms - -[0m
2023-05-27 22:34:28 info: [0mGET /services/nav [36m304[0m 25.437 ms - -[0m
2023-05-27 22:34:38 info: [0mGET /services/nav [36m304[0m 49.841 ms - -[0m
2023-05-27 22:34:45 info: [0mGET /services/nav [36m304[0m 49.374 ms - -[0m
2023-05-27 22:34:53 info: [0mGET /services/nav [36m304[0m 188.746 ms - -[0m
2023-05-27 22:35:04 info: [0mGET /services/nav [36m304[0m 68.532 ms - -[0m
2023-05-27 22:35:09 info: [0mGET /services/nav [36m304[0m 76.348 ms - -[0m
2023-05-27 22:35:15 info: [0mGET /services/nav [36m304[0m 43.237 ms - -[0m
2023-05-27 22:35:26 info: [0mGET /services/nav [36m304[0m 158.747 ms - -[0m
2023-05-27 22:35:26 info: [0mGET /services/show/11 [36m304[0m 62.843 ms - -[0m
2023-05-27 22:35:38 info: [0mGET /services/nav [36m304[0m 76.324 ms - -[0m
2023-05-27 22:35:38 info: [0mGET /services/show/11 [36m304[0m 32.366 ms - -[0m
2023-05-27 22:35:41 info: [0mGET /banners/getListBanner [36m304[0m 180.672 ms - -[0m
2023-05-27 22:35:41 info: [0mGET /services/nav [36m304[0m 231.832 ms - -[0m
2023-05-27 22:35:41 info: [0mGET /posts/getListFeatured [36m304[0m 380.479 ms - -[0m
2023-05-27 22:35:53 info: [0mGET /services/nav [36m304[0m 22.399 ms - -[0m
2023-05-27 22:36:43 info: [0mGET /services/getListService [32m200[0m 81.730 ms - 902[0m
2023-05-27 22:36:43 info: [0mGET /projects/getProjectsClient [32m200[0m 136.354 ms - 395[0m
2023-05-27 22:36:43 info: [0mGET /branchs/getListBranch [32m200[0m 212.236 ms - 297[0m
2023-05-27 22:36:45 info: [0mGET /projects/getProjectsClient?service_id=4 [32m200[0m 53.638 ms - 252[0m
2023-05-27 22:36:46 info: [0mGET /projects/getProjectsClient?service_id=6 [32m200[0m 38.149 ms - 260[0m
2023-05-27 22:36:46 info: [0mGET /projects/getProjectsClient?service_id=5 [32m200[0m 9.836 ms - 513[0m
2023-05-27 22:36:46 info: [0mGET /projects/getProjectsClient?service_id=6 [36m304[0m 8.228 ms - -[0m
2023-05-27 22:36:49 info: [0mGET /categories/getListCategories [32m200[0m 17.389 ms - 179[0m
2023-05-27 22:36:49 info: [0mGET /posts/getPageAll [32m200[0m 231.018 ms - -[0m
2023-05-27 22:36:49 info: [0mGET /branchs/getListBranch [36m304[0m 8.189 ms - -[0m
2023-05-27 22:36:49 info: [0mGET /projects/getProjectsClient [36m304[0m 26.162 ms - -[0m
2023-05-27 22:36:49 info: [0mGET /services/getListService [36m304[0m 40.212 ms - -[0m
2023-05-27 22:36:50 info: [0mGET /categories/getListCategories [36m304[0m 16.419 ms - -[0m
2023-05-27 22:36:50 info: [0mGET /posts/getPageAll [36m304[0m 89.268 ms - -[0m
2023-05-27 22:36:50 info: [0mGET /jobs/getListFeatured [32m200[0m 36.574 ms - -[0m
2023-05-27 22:36:55 info: [0mGET /services/getListService [36m304[0m 17.922 ms - -[0m
2023-05-27 22:36:55 info: [0mGET /projects/getProjectsClient [36m304[0m 15.192 ms - -[0m
2023-05-27 22:36:55 info: [0mGET /branchs/getListBranch [36m304[0m 15.889 ms - -[0m
2023-05-27 22:36:55 info: [0mGET /categories/getListCategories [36m304[0m 24.502 ms - -[0m
2023-05-27 22:36:55 info: [0mGET /posts/getPageAll [36m304[0m 45.304 ms - -[0m
2023-05-27 22:36:56 info: [0mGET /jobs/getListFeatured [36m304[0m 13.607 ms - -[0m
2023-05-27 22:36:58 info: [0mGET /ceos/getlistCeo [32m200[0m 96.675 ms - 353[0m
2023-05-27 22:37:04 info: [0mGET /jobs/getListFeatured [36m304[0m 20.043 ms - -[0m
2023-05-27 22:37:04 info: [0mGET /categories/getListCategories [36m304[0m 25.172 ms - -[0m
2023-05-27 22:37:05 info: [0mGET /posts/getPageAll [36m304[0m 80.841 ms - -[0m
2023-05-27 22:37:05 info: [0mGET /branchs/getListBranch [36m304[0m 31.130 ms - -[0m
2023-05-27 22:37:05 info: [0mGET /projects/getProjectsClient [36m304[0m 23.749 ms - -[0m
2023-05-27 22:37:05 info: [0mGET /services/getListService [36m304[0m 44.001 ms - -[0m
2023-05-27 22:37:06 info: [0mGET /ceos/getlistCeo [36m304[0m 25.684 ms - -[0m
2023-05-27 22:37:07 info: [0mGET /banners/getListBanner [36m304[0m 12.173 ms - -[0m
2023-05-27 22:37:07 info: [0mGET /posts/getListFeatured [36m304[0m 13.493 ms - -[0m
2023-05-27 22:37:07 info: [0mGET /services/nav [36m304[0m 53.625 ms - -[0m
2023-05-27 22:37:11 info: [0mGET /services/show/4 [32m200[0m 51.437 ms - -[0m
2023-05-27 22:37:17 info: [0mGET /services/nav [36m304[0m 29.466 ms - -[0m
2023-05-27 22:37:17 info: [0mGET /posts/getListFeatured [36m304[0m 38.520 ms - -[0m
2023-05-27 22:37:17 info: [0mGET /banners/getListBanner [36m304[0m 44.441 ms - -[0m
2023-05-27 22:39:44 info: [0mGET /services/nav [36m304[0m 40.779 ms - -[0m
2023-05-27 22:39:44 info: [0mGET /posts/getListFeatured [36m304[0m 72.346 ms - -[0m
2023-05-27 22:44:37 info: [0mGET /banners/getListBanner [36m304[0m 191.352 ms - -[0m
2023-05-27 22:44:37 info: [0mGET /services/nav [36m304[0m 234.913 ms - -[0m
2023-05-27 22:44:37 info: [0mGET /posts/getListFeatured [36m304[0m 191.311 ms - -[0m
2023-05-27 22:44:37 info: [0mGET /services/nav [36m304[0m 12.830 ms - -[0m
2023-05-27 22:53:04 info: [0mGET /services/nav [36m304[0m 315.467 ms - -[0m
2023-05-27 22:53:04 info: [0mGET /posts/getListFeatured [36m304[0m 365.522 ms - -[0m
2023-05-27 22:54:32 info: [0mGET /posts/getListFeatured [36m304[0m 44.067 ms - -[0m
2023-05-27 22:54:32 info: [0mGET /services/nav [36m304[0m 83.415 ms - -[0m
2023-05-27 22:54:52 info: [0mGET /services/nav [36m304[0m 109.336 ms - -[0m
2023-05-27 22:54:52 info: [0mGET /posts/getListFeatured [36m304[0m 161.116 ms - -[0m
2023-05-27 22:55:55 info: [0mGET /banners/getListBanner [36m304[0m 26.300 ms - -[0m
2023-05-27 22:55:55 info: [0mGET /services/nav [36m304[0m 46.395 ms - -[0m
2023-05-27 22:55:55 info: [0mGET /posts/getListFeatured [36m304[0m 39.029 ms - -[0m
2023-05-27 22:55:55 info: [0mGET /services/nav [36m304[0m 20.889 ms - -[0m
2023-05-27 22:56:02 info: [0mGET /posts/getListFeatured [36m304[0m 20.248 ms - -[0m
2023-05-27 22:56:02 info: [0mGET /services/nav [36m304[0m 24.348 ms - -[0m
2023-05-27 22:56:06 info: [0mGET /services/nav [36m304[0m 108.595 ms - -[0m
2023-05-27 22:56:06 info: [0mGET /posts/getListFeatured [36m304[0m 143.076 ms - -[0m
2023-05-27 22:56:11 info: [0mGET /posts/getListFeatured [36m304[0m 78.462 ms - -[0m
2023-05-27 22:56:11 info: [0mGET /services/nav [36m304[0m 80.822 ms - -[0m
2023-05-27 22:56:46 info: [0mGET /posts/getListFeatured [36m304[0m 23.495 ms - -[0m
2023-05-27 22:56:46 info: [0mGET /services/nav [36m304[0m 20.801 ms - -[0m
2023-05-27 22:57:47 info: [0mGET /posts/getListFeatured [36m304[0m 96.053 ms - -[0m
2023-05-27 22:57:47 info: [0mGET /services/nav [36m304[0m 86.720 ms - -[0m
2023-05-27 22:57:55 info: [0mGET /posts/getListFeatured [36m304[0m 71.125 ms - -[0m
2023-05-27 22:57:55 info: [0mGET /services/nav [36m304[0m 47.926 ms - -[0m
2023-05-27 22:59:23 info: [0mGET /ceos/getlistCeo [36m304[0m 35.002 ms - -[0m
2023-05-27 22:59:29 info: [0mGET /ceos/show/1 [32m200[0m 28.295 ms - 409[0m
2023-05-27 22:59:32 info: [0mGET /banners/getListBanner [36m304[0m 24.713 ms - -[0m
2023-05-27 22:59:32 info: [0mGET /posts/getListFeatured [36m304[0m 21.898 ms - -[0m
2023-05-27 22:59:32 info: [0mGET /services/nav [36m304[0m 23.578 ms - -[0m
2023-05-27 22:59:34 info: [0mGET /ceos/getlistCeo [36m304[0m 7.257 ms - -[0m
2023-05-27 22:59:35 info: [0mGET /services/getListService [36m304[0m 37.019 ms - -[0m
2023-05-27 22:59:35 info: [0mGET /projects/getProjectsClient [36m304[0m 47.001 ms - -[0m
2023-05-27 22:59:35 info: [0mGET /branchs/getListBranch [36m304[0m 57.266 ms - -[0m
2023-05-27 22:59:35 info: [0mGET /categories/getListCategories [36m304[0m 22.855 ms - -[0m
2023-05-27 22:59:35 info: [0mGET /posts/getPageAll [36m304[0m 67.132 ms - -[0m
2023-05-27 22:59:36 info: [0mGET /jobs/getListFeatured [36m304[0m 4.000 ms - -[0m
2023-05-27 22:59:36 info: [0mGET /categories/getListCategories [36m304[0m 9.089 ms - -[0m
2023-05-27 22:59:36 info: [0mGET /posts/getPageAll [36m304[0m 33.116 ms - -[0m
2023-05-27 22:59:36 info: [0mGET /branchs/getListBranch [36m304[0m 13.144 ms - -[0m
2023-05-27 22:59:36 info: [0mGET /services/getListService [36m304[0m 17.591 ms - -[0m
2023-05-27 22:59:36 info: [0mGET /projects/getProjectsClient [36m304[0m 21.468 ms - -[0m
2023-05-27 22:59:37 info: [0mGET /ceos/getlistCeo [36m304[0m 7.855 ms - -[0m
2023-05-27 22:59:39 info: [0mGET /posts/getListFeatured [36m304[0m 8.817 ms - -[0m
2023-05-27 22:59:39 info: [0mGET /banners/getListBanner [36m304[0m 13.506 ms - -[0m
2023-05-27 22:59:39 info: [0mGET /services/nav [36m304[0m 17.027 ms - -[0m
2023-05-27 22:59:42 info: [0mGET /branchs/getListBranch [36m304[0m 2.208 ms - -[0m
2023-05-27 22:59:42 info: [0mGET /projects/getProjectsClient [36m304[0m 5.034 ms - -[0m
2023-05-27 22:59:42 info: [0mGET /services/getListService [36m304[0m 24.189 ms - -[0m
2023-05-27 22:59:44 info: [0mGET /ceos/getlistCeo [36m304[0m 6.090 ms - -[0m
2023-05-27 22:59:45 info: [0mGET /jobs/getListFeatured [36m304[0m 8.933 ms - -[0m
2023-05-27 22:59:46 info: [0mGET /categories/getListCategories [36m304[0m 5.514 ms - -[0m
2023-05-27 22:59:46 info: [0mGET /posts/getPageAll [36m304[0m 35.945 ms - -[0m
2023-05-27 22:59:48 info: [0mGET /banners/getListBanner [36m304[0m 9.937 ms - -[0m
2023-05-27 22:59:48 info: [0mGET /posts/getListFeatured [36m304[0m 12.219 ms - -[0m
2023-05-27 22:59:48 info: [0mGET /services/nav [36m304[0m 18.755 ms - -[0m
2023-05-27 22:59:52 info: [0mGET /ceos/getlistCeo [36m304[0m 7.962 ms - -[0m
2023-05-27 23:00:52 info: [0mGET /services/nav [36m304[0m 492.443 ms - -[0m
2023-05-27 23:00:52 info: [0mGET /posts/getListFeatured [36m304[0m 476.958 ms - -[0m
2023-05-27 23:00:52 info: [0mGET /banners/getListBanner [36m304[0m 487.513 ms - -[0m
2023-05-27 23:01:01 info: [0mGET /services/getListService [36m304[0m 15.183 ms - -[0m
2023-05-27 23:01:01 info: [0mGET /branchs/getListBranch [36m304[0m 26.009 ms - -[0m
2023-05-27 23:01:01 info: [0mGET /projects/getProjectsClient [36m304[0m 26.895 ms - -[0m
2023-05-27 23:01:06 info: [0mGET /projects/findByIdClient/2 [32m200[0m 62.622 ms - 598[0m
2023-05-27 23:01:16 info: [0mGET /jobs/getListFeatured [36m304[0m 5.384 ms - -[0m
2023-05-27 23:01:17 info: [0mGET /ceos/getlistCeo [36m304[0m 7.292 ms - -[0m
2023-05-27 23:01:18 info: [0mGET /banners/getListBanner [36m304[0m 16.241 ms - -[0m
2023-05-27 23:01:18 info: [0mGET /posts/getListFeatured [36m304[0m 14.168 ms - -[0m
2023-05-27 23:01:18 info: [0mGET /services/nav [36m304[0m 37.196 ms - -[0m
2023-05-27 23:01:22 info: [0mGET /ceos/getlistCeo [36m304[0m 5.230 ms - -[0m
2023-05-27 23:01:23 info: [0mGET /banners/getListBanner [36m304[0m 6.954 ms - -[0m
2023-05-27 23:01:23 info: [0mGET /posts/getListFeatured [36m304[0m 5.896 ms - -[0m
2023-05-27 23:01:23 info: [0mGET /services/nav [36m304[0m 14.766 ms - -[0m
2023-05-27 23:02:11 info: [0mGET /services/nav [36m304[0m 122.299 ms - -[0m
2023-05-27 23:02:11 info: [0mGET /posts/getListFeatured [36m304[0m 161.035 ms - -[0m
2023-05-27 23:02:15 info: [0mGET /posts/getListFeatured [36m304[0m 36.809 ms - -[0m
2023-05-27 23:02:15 info: [0mGET /services/nav [36m304[0m 46.664 ms - -[0m
2023-05-27 23:02:32 info: [0mGET /posts/findByIdClient/1 [32m200[0m 150.720 ms - -[0m
2023-05-27 23:02:59 info: [0mGET /posts/findByIdClient/1 [36m304[0m 49.576 ms - -[0m
2023-05-27 23:03:35 info: [0mGET /posts/findByIdClient/1 [36m304[0m 26.618 ms - -[0m
2023-05-27 23:05:55 info: [0mOPTIONS /admins/login [32m204[0m 1.047 ms - 0[0m
2023-05-27 23:05:55 info: [0mPOST /admins/login [32m200[0m 244.667 ms - -[0m
2023-05-27 23:05:57 info: [0mOPTIONS /admins/profile [32m204[0m 0.627 ms - 0[0m
2023-05-27 23:05:57 info: [0mGET /admins/profile [32m200[0m 100.635 ms - 268[0m
2023-05-27 23:06:00 info: [0mGET /admins/profile [36m304[0m 61.579 ms - -[0m
2023-05-27 23:06:00 info: [0mGET /posts? [32m200[0m 90.407 ms - -[0m
2023-05-27 23:06:00 info: [0mGET /posts?page=1&page_size=10 [32m200[0m 44.471 ms - -[0m
2023-05-27 23:06:02 info: [0mOPTIONS /admins/profile [32m204[0m 1.635 ms - 0[0m
2023-05-27 23:06:02 info: [0mGET /posts/show/1 [32m200[0m 33.443 ms - 606[0m
2023-05-27 23:06:02 info: [0mGET /admins/profile [36m304[0m 39.162 ms - -[0m
2023-05-27 23:06:03 info: [0mGET /categories?[object%20Object] [32m200[0m 24.680 ms - 465[0m
2023-05-27 23:06:03 info: [0mGET /ceos?[object%20Object] [32m200[0m 35.752 ms - 414[0m
2023-05-27 23:06:03 info: [0mGET /posts?[object%20Object] [32m200[0m 33.556 ms - -[0m
2023-05-27 23:06:07 info: [0mOPTIONS /posts/update/1 [32m204[0m 0.196 ms - 0[0m
2023-05-27 23:06:07 info: [0mPUT /posts/update/1 [32m200[0m 34.823 ms - 16[0m
2023-05-27 23:06:07 info: [0mGET /posts/show/1 [32m200[0m 9.777 ms - 606[0m
2023-05-27 23:06:08 info: [0mGET /categories?[object%20Object] [36m304[0m 120.120 ms - -[0m
2023-05-27 23:06:08 info: [0mGET /ceos?[object%20Object] [36m304[0m 212.045 ms - -[0m
2023-05-27 23:06:08 info: [0mGET /posts?[object%20Object] [32m200[0m 221.124 ms - 541[0m
2023-05-27 23:06:12 info: [0mGET /services/nav [36m304[0m 144.029 ms - -[0m
2023-05-27 23:06:12 info: [0mGET /posts/findByIdClient/1 [32m200[0m 45.208 ms - 865[0m
2023-05-27 23:06:21 info: [0mGET /services/nav [36m304[0m 170.124 ms - -[0m
2023-05-27 23:06:21 info: [0mGET /posts/findByIdClient/1 [36m304[0m 28.557 ms - -[0m
2023-05-27 23:06:48 info: =================================
2023-05-27 23:06:48 info: ======= ENV: development =======
2023-05-27 23:06:48 info: 🚀 App listening on the port 8000
2023-05-27 23:06:48 info: =================================
2023-05-27 23:06:58 info: [0mGET /services/nav [36m304[0m 347.703 ms - -[0m
2023-05-27 23:06:58 info: [0mGET /posts/findByIdClient/1 [36m304[0m 61.157 ms - -[0m
2023-05-27 23:07:22 info: =================================
2023-05-27 23:07:22 info: ======= ENV: development =======
2023-05-27 23:07:22 info: 🚀 App listening on the port 8000
2023-05-27 23:07:22 info: =================================
2023-05-27 23:07:22 info: [0mGET /posts/findByIdClient/1 [32m200[0m 144.755 ms - 880[0m
2023-05-27 23:07:29 info: [0mGET /services/nav [36m304[0m 92.332 ms - -[0m
2023-05-27 23:07:30 info: [0mGET /posts/findByIdClient/1 [36m304[0m 32.509 ms - -[0m
2023-05-27 23:08:32 info: [0mGET /services/nav [36m304[0m 68.259 ms - -[0m
2023-05-27 23:08:33 info: [0mGET /posts/findByIdClient/1 [36m304[0m 28.760 ms - -[0m
2023-05-27 23:09:03 info: =================================
2023-05-27 23:09:03 info: ======= ENV: development =======
2023-05-27 23:09:03 info: 🚀 App listening on the port 8000
2023-05-27 23:09:03 info: =================================
2023-05-27 23:09:10 info: [0mGET /services/nav [36m304[0m 496.863 ms - -[0m
2023-05-27 23:09:11 info: [0mGET /posts/findByIdClient/1 [36m304[0m 76.694 ms - -[0m
2023-05-27 23:09:18 info: [0mGET /services/nav [36m304[0m 152.209 ms - -[0m
2023-05-27 23:09:18 info: [0mGET /posts/findByIdClient/1 [36m304[0m 34.641 ms - -[0m
2023-05-27 23:10:18 info: =================================
2023-05-27 23:10:18 info: ======= ENV: development =======
2023-05-27 23:10:18 info: 🚀 App listening on the port 8000
2023-05-27 23:10:18 info: =================================
2023-05-27 23:10:23 info: [0mOPTIONS /admins/profile [32m204[0m 11.704 ms - 0[0m
2023-05-27 23:10:23 info: [0mGET /ceos?[object%20Object] [36m304[0m 252.145 ms - -[0m
2023-05-27 23:10:23 info: [0mGET /posts?[object%20Object] [36m304[0m 228.383 ms - -[0m
2023-05-27 23:10:23 info: [0mGET /posts/show/1 [32m200[0m 129.221 ms - 592[0m
2023-05-27 23:10:23 info: [0mGET /categories?[object%20Object] [36m304[0m 308.640 ms - -[0m
2023-05-27 23:10:23 info: [0mGET /admins/profile [36m304[0m 371.665 ms - -[0m
2023-05-27 23:10:24 info: [0mGET /categories?[object%20Object] [36m304[0m 21.172 ms - -[0m
2023-05-27 23:10:24 info: [0mGET /posts?[object%20Object] [36m304[0m 19.080 ms - -[0m
2023-05-27 23:10:24 info: [0mGET /ceos?[object%20Object] [36m304[0m 27.142 ms - -[0m
2023-05-27 23:10:28 info: [0mGET /services/nav [36m304[0m 139.747 ms - -[0m
2023-05-27 23:10:28 info: [0mGET /posts/findByIdClient/1 [32m200[0m 100.206 ms - 890[0m
2023-05-27 23:10:45 info: [0mGET /ceos/show/2 [32m200[0m 87.269 ms - -[0m
2023-05-27 23:11:45 info: [0mGET /services/show/15 [32m200[0m 53.492 ms - -[0m
2023-05-27 23:12:37 info: [0mGET /ceos/getlistCeo [36m304[0m 54.445 ms - -[0m
2023-05-27 23:12:39 info: [0mGET /banners/getListBanner [36m304[0m 15.941 ms - -[0m
2023-05-27 23:12:39 info: [0mGET /posts/getListFeatured [32m200[0m 101.817 ms - 480[0m
2023-05-27 23:12:39 info: [0mGET /services/nav [36m304[0m 146.971 ms - -[0m
2023-05-27 23:12:40 info: [0mGET /branchs/getListBranch [36m304[0m 37.783 ms - -[0m
2023-05-27 23:12:40 info: [0mGET /services/getListService [36m304[0m 38.450 ms - -[0m
2023-05-27 23:12:40 info: [0mGET /projects/getProjectsClient [36m304[0m 41.771 ms - -[0m
2023-05-27 23:12:41 info: [0mGET /categories/getListCategories [36m304[0m 15.579 ms - -[0m
2023-05-27 23:12:41 info: [0mGET /posts/getPageAll [32m200[0m 77.455 ms - -[0m
2023-05-27 23:12:43 info: [0mGET /jobs/getListFeatured [36m304[0m 24.282 ms - -[0m
2023-05-27 23:13:00 info: [0mGET /jobs/find/1 [32m200[0m 88.490 ms - -[0m
2023-05-27 23:13:26 info: [0mGET /banners/getListBanner [36m304[0m 27.377 ms - -[0m
2023-05-27 23:13:26 info: [0mGET /posts/getListFeatured [36m304[0m 18.699 ms - -[0m
2023-05-27 23:13:26 info: [0mGET /services/nav [36m304[0m 45.309 ms - -[0m
2023-05-27 23:15:46 info: [0mGET /ceos/getlistCeo [36m304[0m 87.383 ms - -[0m
2023-05-27 23:15:48 info: [0mGET /branchs/getListBranch [36m304[0m 16.708 ms - -[0m
2023-05-27 23:15:48 info: [0mGET /projects/getProjectsClient [36m304[0m 11.039 ms - -[0m
2023-05-27 23:15:48 info: [0mGET /services/getListService [36m304[0m 44.023 ms - -[0m
2023-05-27 23:15:49 info: [0mGET /ceos/getlistCeo [36m304[0m 10.427 ms - -[0m
2023-05-27 23:15:50 info: [0mGET /categories/getListCategories [36m304[0m 5.065 ms - -[0m
2023-05-27 23:15:50 info: [0mGET /posts/getPageAll [36m304[0m 78.770 ms - -[0m
2023-05-27 23:15:51 info: [0mGET /jobs/getListFeatured [36m304[0m 10.064 ms - -[0m
2023-05-27 23:15:53 info: [0mGET /banners/getListBanner [36m304[0m 13.733 ms - -[0m
2023-05-27 23:15:53 info: [0mGET /posts/getListFeatured [36m304[0m 15.466 ms - -[0m
2023-05-27 23:15:53 info: [0mGET /services/nav [36m304[0m 21.233 ms - -[0m
2023-05-27 23:16:20 info: [0mGET /banners/getListBanner [36m304[0m 101.419 ms - -[0m
2023-05-27 23:16:26 info: [0mOPTIONS /admins/profile [32m204[0m 5.082 ms - 0[0m
2023-05-27 23:16:27 info: [0mGET /categories?[object%20Object] [36m304[0m 166.623 ms - -[0m
2023-05-27 23:16:27 info: [0mGET /ceos?[object%20Object] [36m304[0m 197.360 ms - -[0m
2023-05-27 23:16:27 info: [0mGET /posts?[object%20Object] [36m304[0m 160.711 ms - -[0m
2023-05-27 23:16:27 info: [0mGET /admins/profile [36m304[0m 269.957 ms - -[0m
2023-05-27 23:16:27 info: [0mGET /posts/show/1 [36m304[0m 36.856 ms - -[0m
2023-05-27 23:16:28 info: [0mGET /categories?[object%20Object] [36m304[0m 33.547 ms - -[0m
2023-05-27 23:16:28 info: [0mGET /ceos?[object%20Object] [36m304[0m 76.656 ms - -[0m
2023-05-27 23:16:28 info: [0mGET /posts?[object%20Object] [36m304[0m 75.234 ms - -[0m
2023-05-27 23:17:04 info: =================================
2023-05-27 23:17:04 info: ======= ENV: development =======
2023-05-27 23:17:04 info: 🚀 App listening on the port 8000
2023-05-27 23:17:04 info: =================================
2023-05-27 23:17:27 info: [0mGET /services/nav [36m304[0m 335.816 ms - -[0m
2023-05-27 23:17:27 info: [0mGET /posts/getListFeatured [36m304[0m 355.436 ms - -[0m
2023-05-27 23:17:27 info: [0mGET /posts/show/1 [36m304[0m 440.169 ms - -[0m
2023-05-27 23:17:27 info: [0mGET /banners/getListBanner [36m304[0m 382.026 ms - -[0m
2023-05-27 23:17:27 info: [0mGET /services/nav [36m304[0m 81.466 ms - -[0m
2023-05-27 23:18:00 info: [0mGET /jobs/getListFeatured [36m304[0m 87.758 ms - -[0m
2023-05-27 23:18:01 info: [0mGET /categories/getListCategories [36m304[0m 19.171 ms - -[0m
2023-05-27 23:18:01 info: [0mGET /posts/getPageAll [36m304[0m 135.994 ms - -[0m
2023-05-27 23:18:02 info: [0mGET /branchs/getListBranch [36m304[0m 9.612 ms - -[0m
2023-05-27 23:18:02 info: [0mGET /services/getListService [36m304[0m 33.804 ms - -[0m
2023-05-27 23:18:02 info: [0mGET /projects/getProjectsClient [36m304[0m 39.075 ms - -[0m
2023-05-27 23:18:03 info: [0mGET /ceos/getlistCeo [36m304[0m 84.960 ms - -[0m
2023-05-27 23:18:03 info: [0mGET /posts/getListFeatured [36m304[0m 24.060 ms - -[0m
2023-05-27 23:18:03 info: [0mGET /banners/getListBanner [36m304[0m 38.042 ms - -[0m
2023-05-27 23:18:03 info: [0mGET /services/nav [36m304[0m 88.744 ms - -[0m
2023-05-27 23:21:08 info: [0mGET /banners/getListBanner [36m304[0m 76.949 ms - -[0m
2023-05-27 23:21:08 info: [0mGET /posts/getListFeatured [36m304[0m 125.670 ms - -[0m
2023-05-27 23:21:08 info: [0mGET /services/nav [36m304[0m 193.680 ms - -[0m
2023-05-27 23:21:08 info: [0mGET /banners/getListBanner [36m304[0m 43.421 ms - -[0m
2023-05-27 23:21:08 info: [0mGET /services/nav [36m304[0m 30.352 ms - -[0m
2023-05-27 23:21:08 info: [0mGET /posts/getListFeatured [36m304[0m 197.004 ms - -[0m
2023-05-27 23:21:08 info: [0mGET /services/nav [36m304[0m 213.612 ms - -[0m
2023-05-27 23:21:08 info: [0mGET /services/nav [36m304[0m 50.168 ms - -[0m
2023-05-27 23:21:51 info: [0mGET /banners/getListBanner [36m304[0m 31.406 ms - -[0m
2023-05-27 23:21:51 info: [0mGET /services/nav [36m304[0m 72.548 ms - -[0m
2023-05-27 23:21:51 info: [0mGET /posts/getListFeatured [36m304[0m 45.586 ms - -[0m
2023-05-27 23:21:51 info: [0mGET /services/nav [36m304[0m 10.897 ms - -[0m
2023-05-27 23:22:59 info: [0mGET /services/nav [36m304[0m 106.594 ms - -[0m
2023-05-27 23:22:59 info: [0mGET /banners/getListBanner [36m304[0m 82.881 ms - -[0m
2023-05-27 23:22:59 info: [0mGET /posts/getListFeatured [36m304[0m 69.836 ms - -[0m
2023-05-27 23:22:59 info: [0mGET /services/nav [36m304[0m 40.316 ms - -[0m
2023-05-27 23:28:39 info: [0mGET /services/nav [36m304[0m 402.088 ms - -[0m
2023-05-27 23:28:39 info: [0mGET /banners/getListBanner [36m304[0m 293.286 ms - -[0m
2023-05-27 23:28:39 info: [0mGET /posts/getListFeatured [36m304[0m 297.894 ms - -[0m
2023-05-27 23:28:39 info: [0mGET /services/nav [36m304[0m 95.716 ms - -[0m
2023-05-27 23:29:41 info: [0mGET /banners/getListBanner [36m304[0m 110.063 ms - -[0m
2023-05-27 23:29:41 info: [0mGET /services/nav [36m304[0m 192.390 ms - -[0m
2023-05-27 23:29:41 info: [0mGET /posts/getListFeatured [36m304[0m 178.386 ms - -[0m
2023-05-27 23:29:41 info: [0mGET /services/nav [36m304[0m 30.556 ms - -[0m
2023-05-27 23:32:49 info: [0mGET /banners/getListBanner [36m304[0m 197.603 ms - -[0m
2023-05-27 23:32:49 info: [0mGET /services/nav [36m304[0m 266.775 ms - -[0m
2023-05-27 23:32:49 info: [0mGET /posts/getListFeatured [36m304[0m 205.504 ms - -[0m
2023-05-27 23:32:49 info: [0mGET /services/nav [36m304[0m 117.925 ms - -[0m
2023-05-27 23:36:58 info: [0mGET /banners/getListBanner [36m304[0m 811.179 ms - -[0m
2023-05-27 23:36:58 info: [0mGET /posts/getListFeatured [36m304[0m 970.669 ms - -[0m
2023-05-27 23:36:58 info: [0mGET /services/nav [36m304[0m 1733.767 ms - -[0m
2023-05-27 23:36:59 info: [0mGET /banners/getListBanner [36m304[0m 140.780 ms - -[0m
2023-05-27 23:36:59 info: [0mGET /posts/getListFeatured [36m304[0m 142.854 ms - -[0m
2023-05-27 23:36:59 info: [0mGET /services/nav [36m304[0m 197.659 ms - -[0m
2023-05-27 23:36:59 info: [0mGET /services/nav [36m304[0m 14.603 ms - -[0m
2023-05-27 23:36:59 info: [0mGET /services/nav [36m304[0m 53.773 ms - -[0m
2023-05-27 23:39:13 info: [0mGET /services/nav [36m304[0m 206.067 ms - -[0m
2023-05-27 23:39:13 info: [0mGET /banners/getListBanner [36m304[0m 164.859 ms - -[0m
2023-05-27 23:39:13 info: [0mGET /posts/getListFeatured [36m304[0m 164.762 ms - -[0m
2023-05-27 23:39:13 info: [0mGET /services/nav [36m304[0m 56.555 ms - -[0m
2023-05-27 23:40:59 info: [0mGET /banners/getListBanner [36m304[0m 361.441 ms - -[0m
2023-05-27 23:40:59 info: [0mGET /services/nav [36m304[0m 922.885 ms - -[0m
2023-05-27 23:40:59 info: [0mGET /posts/getListFeatured [36m304[0m 482.432 ms - -[0m
2023-05-27 23:41:00 info: [0mGET /banners/getListBanner [36m304[0m 424.346 ms - -[0m
2023-05-27 23:41:00 info: [0mGET /posts/getListFeatured [36m304[0m 215.551 ms - -[0m
2023-05-27 23:41:00 info: [0mGET /services/nav [36m304[0m 335.380 ms - -[0m
2023-05-27 23:41:00 info: [0mGET /services/nav [36m304[0m 15.215 ms - -[0m
2023-05-27 23:41:00 info: [0mGET /services/nav [36m304[0m 38.070 ms - -[0m
2023-05-27 23:41:05 info: [0mGET /services/nav [36m304[0m 111.713 ms - -[0m
2023-05-27 23:41:05 info: [0mGET /posts/getListFeatured [36m304[0m 77.126 ms - -[0m
2023-05-27 23:41:05 info: [0mGET /banners/getListBanner [36m304[0m 83.605 ms - -[0m
2023-05-27 23:41:05 info: [0mGET /services/nav [36m304[0m 11.845 ms - -[0m
2023-05-27 23:42:43 info: [0mGET /banners/getListBanner [36m304[0m 58.946 ms - -[0m
2023-05-27 23:42:43 info: [0mGET /services/nav [36m304[0m 84.135 ms - -[0m
2023-05-27 23:42:43 info: [0mGET /posts/getListFeatured [36m304[0m 72.076 ms - -[0m
2023-05-27 23:42:43 info: [0mGET /services/nav [36m304[0m 50.322 ms - -[0m
2023-05-27 23:44:00 info: [0mGET /banners/getListBanner [36m304[0m 64.021 ms - -[0m
2023-05-27 23:44:00 info: [0mGET /posts/getListFeatured [36m304[0m 68.060 ms - -[0m
2023-05-27 23:44:00 info: [0mGET /services/nav [36m304[0m 119.859 ms - -[0m
2023-05-27 23:44:00 info: [0mGET /services/nav [36m304[0m 57.297 ms - -[0m
2023-05-27 23:46:42 info: [0mGET /banners/getListBanner [36m304[0m 205.611 ms - -[0m
2023-05-27 23:46:42 info: [0mGET /posts/getListFeatured [36m304[0m 224.356 ms - -[0m
2023-05-27 23:46:42 info: [0mGET /services/nav [36m304[0m 266.661 ms - -[0m
2023-05-27 23:46:42 info: [0mGET /services/nav [36m304[0m 13.973 ms - -[0m
2023-05-27 23:47:30 info: [0mGET /banners/getListBanner [36m304[0m 109.123 ms - -[0m
2023-05-27 23:47:30 info: [0mGET /posts/getListFeatured [36m304[0m 113.984 ms - -[0m
2023-05-27 23:47:30 info: [0mGET /services/nav [36m304[0m 143.471 ms - -[0m
2023-05-27 23:47:30 info: [0mGET /services/nav [36m304[0m 15.412 ms - -[0m
2023-05-27 23:48:04 info: [0mGET /services/nav [36m304[0m 135.329 ms - -[0m
2023-05-27 23:48:04 info: [0mGET /banners/getListBanner [36m304[0m 130.143 ms - -[0m
2023-05-27 23:48:04 info: [0mGET /services/nav [36m304[0m 42.697 ms - -[0m
2023-05-27 23:48:04 info: [0mGET /posts/getListFeatured [36m304[0m 150.153 ms - -[0m
