2023-08-24 00:54:24 info: =================================
2023-08-24 00:54:24 info: ======= ENV: development =======
2023-08-24 00:54:24 info: 🚀 App listening on the port 8000
2023-08-24 00:54:24 info: =================================
2023-08-24 00:54:57 info: [0mGET /services/nav [32m200[0m 866.075 ms - 1603[0m
2023-08-24 00:54:57 info: [0mGET /banners/getListBanner [32m200[0m 956.474 ms - 1404[0m
2023-08-24 00:54:57 info: [0mGET /posts/getListFeatured [32m200[0m 1005.414 ms - 2380[0m
2023-08-24 00:55:01 info: [0mGET /services/nav [32m200[0m 857.210 ms - -[0m
2023-08-24 00:57:14 info: [0mGET /ceos/getlistCeo [32m200[0m 708.192 ms - 342[0m
2023-08-24 00:57:20 info: [0mGET /services/nav [36m304[0m 622.192 ms - -[0m
2023-08-24 00:57:20 info: [0mGET /ceos/getlistCeo [36m304[0m 575.184 ms - -[0m
2023-08-24 00:57:25 info: [0mGET /banners/getListBanner [32m200[0m 48.235 ms - 1404[0m
2023-08-24 00:57:25 info: [0mGET /services/nav [32m200[0m 56.783 ms - 1603[0m
2023-08-24 00:57:26 info: [0mGET /posts/getListFeatured [32m200[0m 302.881 ms - 2380[0m
2023-08-24 00:57:29 info: [0mGET /banners/getListBanner [32m200[0m 58.684 ms - 1404[0m
2023-08-24 00:57:29 info: [0mGET /services/nav [32m200[0m 102.223 ms - 1603[0m
2023-08-24 00:57:29 info: [0mGET /posts/getListFeatured [32m200[0m 174.694 ms - 2380[0m
2023-08-24 00:57:58 info: [0mGET /banners/getListBanner [32m200[0m 121.574 ms - 1404[0m
2023-08-24 00:57:58 info: [0mGET /banners/getListBanner [32m200[0m 169.520 ms - 1404[0m
2023-08-24 00:57:58 info: [0mGET /services/nav [32m200[0m 208.146 ms - 1603[0m
2023-08-24 00:57:58 info: [0mGET /services/nav [32m200[0m 196.389 ms - 1603[0m
2023-08-24 00:57:58 info: [0mGET /posts/getListFeatured [32m200[0m 304.591 ms - 2380[0m
2023-08-24 00:57:58 info: [0mGET /posts/getListFeatured [32m200[0m 361.183 ms - 2380[0m
2023-08-24 00:58:01 info: [0mGET /services/nav [36m304[0m 89.024 ms - -[0m
2023-08-24 01:02:14 info: [0mGET /services/nav [36m304[0m 586.563 ms - -[0m
2023-08-24 01:02:16 info: [0mGET /banners/getListBanner [32m200[0m 63.673 ms - 1404[0m
2023-08-24 01:02:16 info: [0mGET /services/nav [32m200[0m 80.920 ms - 1603[0m
2023-08-24 01:02:16 info: [0mGET /posts/getListFeatured [32m200[0m 251.015 ms - 2380[0m
2023-08-24 01:02:19 info: [0mGET /banners/getListBanner [32m200[0m 30.828 ms - 1404[0m
2023-08-24 01:02:19 info: [0mGET /services/nav [32m200[0m 53.086 ms - 1603[0m
2023-08-24 01:02:19 info: [0mGET /posts/getListFeatured [32m200[0m 183.614 ms - 2380[0m
2023-08-24 01:02:27 info: [0mGET /jobs/getListFeatured [32m200[0m 105.336 ms - -[0m
2023-08-24 01:02:39 info: [0mGET /services/nav [32m200[0m 113.147 ms - 1603[0m
2023-08-24 01:02:39 info: [0mGET /branchs/getListBranch [32m200[0m 165.423 ms - 717[0m
2023-08-24 01:02:43 info: [0mGET /banners/getListBanner [32m200[0m 18.204 ms - 1404[0m
2023-08-24 01:02:43 info: [0mGET /services/nav [32m200[0m 32.359 ms - 1603[0m
2023-08-24 01:02:43 info: [0mGET /posts/getListFeatured [32m200[0m 148.110 ms - 2380[0m
2023-08-24 01:02:47 info: [0mGET /branchs/getListBranch [32m200[0m 52.421 ms - 717[0m
2023-08-24 01:02:47 info: [0mGET /services/nav [32m200[0m 58.241 ms - 1603[0m
2023-08-24 01:02:49 info: [0mGET /banners/getListBanner [32m200[0m 37.979 ms - 1404[0m
2023-08-24 01:02:49 info: [0mGET /services/nav [32m200[0m 36.569 ms - 1603[0m
2023-08-24 01:02:49 info: [0mGET /posts/getListFeatured [32m200[0m 56.262 ms - 2380[0m
2023-08-24 01:02:52 info: [0mGET /branchs/getListBranch [32m200[0m 40.211 ms - 717[0m
2023-08-24 01:02:52 info: [0mGET /services/nav [32m200[0m 37.065 ms - 1603[0m
2023-08-24 01:05:16 info: [0mGET /banners/getListBanner [32m200[0m 257.647 ms - 1404[0m
2023-08-24 01:05:16 info: [0mGET /services/nav [32m200[0m 181.293 ms - 1603[0m
2023-08-24 01:05:16 info: [0mGET /posts/getListFeatured [32m200[0m 425.658 ms - 2380[0m
2023-08-24 01:05:20 info: [0mGET /branchs/getListBranch [32m200[0m 26.156 ms - 717[0m
2023-08-24 01:05:20 info: [0mGET /services/nav [32m200[0m 22.201 ms - 1603[0m
2023-08-24 01:05:23 info: [0mGET /branchs/getListBranch [32m200[0m 5.850 ms - 717[0m
2023-08-24 01:05:23 info: [0mGET /services/nav [32m200[0m 28.933 ms - 1603[0m
2023-08-24 01:05:25 info: [0mGET /services/nav [36m304[0m 89.687 ms - -[0m
2023-08-24 01:05:27 info: [0mGET /banners/getListBanner [32m200[0m 22.517 ms - 1404[0m
2023-08-24 01:05:27 info: [0mGET /services/nav [32m200[0m 61.841 ms - 1603[0m
2023-08-24 01:05:27 info: [0mGET /posts/getListFeatured [32m200[0m 290.546 ms - 2380[0m
2023-08-24 01:06:06 info: [0mGET /services/nav [36m304[0m 204.849 ms - -[0m
2023-08-24 01:06:08 info: [0mGET /banners/getListBanner [32m200[0m 99.098 ms - 1404[0m
2023-08-24 01:06:08 info: [0mGET /services/nav [32m200[0m 40.866 ms - 1603[0m
2023-08-24 01:06:08 info: [0mGET /posts/getListFeatured [32m200[0m 133.751 ms - 2380[0m
2023-08-24 01:10:19 info: [0mGET /services/nav [36m304[0m 1729.727 ms - -[0m
2023-08-24 01:12:25 info: [0mGET /jobs/getListFeatured [36m304[0m 1787.621 ms - -[0m
2023-08-24 01:12:26 info: [0mGET /banners/getListBanner [32m200[0m 106.540 ms - 1404[0m
2023-08-24 01:12:26 info: [0mGET /services/nav [32m200[0m 113.375 ms - 1603[0m
2023-08-24 01:12:26 info: [0mGET /posts/getListFeatured [32m200[0m 318.620 ms - 2380[0m
2023-08-24 01:12:30 info: [0mGET /ceos/getlistCeo [36m304[0m 123.763 ms - -[0m
2023-08-24 01:12:34 info: [0mGET /branchs/getListBranch [32m200[0m 41.657 ms - 717[0m
2023-08-24 01:12:34 info: [0mGET /services/nav [32m200[0m 48.386 ms - 1603[0m
2023-08-24 01:13:26 info: [0mGET /banners/getListBanner [32m200[0m 320.059 ms - 1404[0m
2023-08-24 01:13:27 info: [0mGET /services/nav [32m200[0m 271.124 ms - 1603[0m
2023-08-24 01:13:27 info: [0mGET /posts/getListFeatured [32m200[0m 389.903 ms - 2380[0m
2023-08-24 01:13:30 info: [0mGET /branchs/getListBranch [32m200[0m 37.222 ms - 717[0m
2023-08-24 01:13:30 info: [0mGET /services/nav [32m200[0m 60.295 ms - 1603[0m
2023-08-24 01:13:32 info: [0mGET /banners/getListBanner [32m200[0m 27.984 ms - 1404[0m
2023-08-24 01:13:32 info: [0mGET /services/nav [32m200[0m 53.650 ms - 1603[0m
2023-08-24 01:13:32 info: [0mGET /posts/getListFeatured [32m200[0m 135.543 ms - 2380[0m
2023-08-24 01:14:59 info: [0mGET /branchs/getListBranch [32m200[0m 133.058 ms - 717[0m
2023-08-24 01:14:59 info: [0mGET /services/nav [32m200[0m 205.915 ms - 1603[0m
2023-08-24 01:16:11 info: [0mGET /branchs/getListBranch [32m200[0m 570.297 ms - 717[0m
2023-08-24 01:16:11 info: [0mGET /branchs/getListBranch [32m200[0m 679.103 ms - 717[0m
2023-08-24 01:16:11 info: [0mGET /services/nav [32m200[0m 614.923 ms - 1603[0m
2023-08-24 01:16:11 info: [0mGET /services/nav [32m200[0m 615.761 ms - 1603[0m
2023-08-24 01:16:14 info: [0mGET /services/nav [36m304[0m 84.701 ms - -[0m
2023-08-24 01:16:16 info: [0mGET /banners/getListBanner [32m200[0m 95.275 ms - 1404[0m
2023-08-24 01:16:16 info: [0mGET /services/nav [32m200[0m 52.591 ms - 1603[0m
2023-08-24 01:16:17 info: [0mGET /posts/getListFeatured [32m200[0m 285.790 ms - 2380[0m
2023-08-24 01:16:20 info: [0mGET /jobs/getListFeatured [36m304[0m 116.163 ms - -[0m
2023-08-24 01:16:23 info: [0mGET /branchs/getListBranch [32m200[0m 39.506 ms - 717[0m
2023-08-24 01:16:23 info: [0mGET /services/nav [32m200[0m 106.145 ms - 1603[0m
2023-08-24 01:16:25 info: [0mGET /services/nav [32m200[0m 65.642 ms - 1603[0m
2023-08-24 01:16:25 info: [0mGET /banners/getListBanner [32m200[0m 78.174 ms - 1404[0m
2023-08-24 01:16:25 info: [0mGET /posts/getListFeatured [32m200[0m 127.298 ms - 2380[0m
2023-08-24 01:16:28 info: [0mGET /branchs/getListBranch [32m200[0m 56.970 ms - 717[0m
2023-08-24 01:16:28 info: [0mGET /services/nav [32m200[0m 52.290 ms - 1603[0m
2023-08-24 01:16:58 info: [0mGET /banners/getListBanner [32m200[0m 252.804 ms - 1404[0m
2023-08-24 01:16:58 info: [0mGET /services/nav [32m200[0m 243.538 ms - 1603[0m
2023-08-24 01:16:58 info: [0mGET /posts/getListFeatured [32m200[0m 423.343 ms - 2380[0m
2023-08-24 01:17:01 info: [0mGET /ceos/getlistCeo [36m304[0m 216.533 ms - -[0m
2023-08-24 01:17:04 info: [0mGET /jobs/getListFeatured [36m304[0m 89.259 ms - -[0m
2023-08-24 01:17:08 info: [0mGET /services/nav [36m304[0m 526.424 ms - -[0m
2023-08-24 01:17:08 info: [0mGET /jobs/getListFeatured [36m304[0m 305.460 ms - -[0m
2023-08-24 01:17:16 info: [0mGET /branchs/getListBranch [32m200[0m 125.663 ms - 717[0m
2023-08-24 01:17:16 info: [0mGET /services/getListService [32m200[0m 73.729 ms - -[0m
2023-08-24 01:17:16 info: [0mGET /projects/getProjectsClient [32m200[0m 182.504 ms - 239[0m
2023-08-24 01:17:19 info: [0mGET /branchs/getListBranch [32m200[0m 39.795 ms - 717[0m
2023-08-24 01:17:19 info: [0mGET /services/nav [32m200[0m 54.368 ms - 1603[0m
2023-08-24 01:17:34 info: [0mGET /services/findBySlug/mo-hinh-chien-luoc-chuyen-oi-so [32m200[0m 78.184 ms - 3410[0m
2023-08-24 01:17:37 info: [0mGET /ceos/getlistCeo [36m304[0m 136.749 ms - -[0m
2023-08-24 01:17:39 info: [0mGET /banners/getListBanner [32m200[0m 48.153 ms - 1404[0m
2023-08-24 01:17:39 info: [0mGET /services/nav [32m200[0m 62.400 ms - 1603[0m
2023-08-24 01:17:39 info: [0mGET /posts/getListFeatured [32m200[0m 113.086 ms - 2380[0m
2023-08-24 01:17:59 info: [0mGET /jobs/getListFeatured [36m304[0m 161.337 ms - -[0m
2023-08-24 01:18:01 info: [0mGET /categories/getListCategories [32m200[0m 55.725 ms - 441[0m
2023-08-24 01:18:01 info: [0mGET /posts/getPageAll [32m200[0m 197.268 ms - 5338[0m
2023-08-24 01:18:06 info: [0mGET /posts/findBySlug/cach-cac-ceo-chau-a-thai-binh-duong-dua-cong-ty-dan-dau-trong-boi-canh-kinh-te-hien-nay [32m200[0m 126.630 ms - 586897[0m
2023-08-24 01:18:13 info: [0mGET /banners/getListBanner [32m200[0m 26.449 ms - 1404[0m
2023-08-24 01:18:13 info: [0mGET /services/nav [32m200[0m 44.787 ms - 1603[0m
2023-08-24 01:18:13 info: [0mGET /posts/getListFeatured [32m200[0m 88.771 ms - 2380[0m
2023-08-24 01:18:20 info: [0mGET /branchs/getListBranch [32m200[0m 48.515 ms - 717[0m
2023-08-24 01:18:20 info: [0mGET /services/nav [32m200[0m 66.879 ms - 1603[0m
2023-08-24 01:19:41 info: [0mGET /services/nav [32m200[0m 231.419 ms - 1603[0m
2023-08-24 01:19:42 info: [0mGET /banners/getListBanner [32m200[0m 285.491 ms - 1404[0m
2023-08-24 01:19:42 info: [0mGET /posts/getListFeatured [32m200[0m 515.301 ms - 2380[0m
2023-08-24 01:19:45 info: [0mGET /ceos/getlistCeo [36m304[0m 153.832 ms - -[0m
2023-08-24 01:19:48 info: [0mGET /branchs/getListBranch [36m304[0m 114.906 ms - -[0m
2023-08-24 01:19:48 info: [0mGET /services/getListService [36m304[0m 282.713 ms - -[0m
2023-08-24 01:19:48 info: [0mGET /projects/getProjectsClient [36m304[0m 353.588 ms - -[0m
2023-08-24 01:19:50 info: [0mGET /categories/getListCategories [32m200[0m 35.746 ms - 441[0m
2023-08-24 01:19:50 info: [0mGET /posts/getPageAll [32m200[0m 390.019 ms - 5338[0m
2023-08-24 01:19:52 info: [0mGET /jobs/getListFeatured [36m304[0m 28.184 ms - -[0m
2023-08-24 01:19:58 info: [0mGET /branchs/getListBranch [32m200[0m 17.066 ms - 717[0m
2023-08-24 01:19:58 info: [0mGET /services/nav [32m200[0m 26.065 ms - 1603[0m
2023-08-24 01:20:15 info: [0mGET /ceos/getlistCeo [36m304[0m 448.960 ms - -[0m
2023-08-24 01:20:17 info: [0mGET /branchs/getListBranch [36m304[0m 239.478 ms - -[0m
2023-08-24 01:20:18 info: [0mGET /services/getListService [36m304[0m 403.603 ms - -[0m
2023-08-24 01:20:18 info: [0mGET /projects/getProjectsClient [36m304[0m 282.794 ms - -[0m
2023-08-24 01:20:20 info: [0mGET /banners/getListBanner [32m200[0m 121.131 ms - 1404[0m
2023-08-24 01:20:20 info: [0mGET /services/nav [32m200[0m 135.872 ms - 1603[0m
2023-08-24 01:20:20 info: [0mGET /posts/getListFeatured [32m200[0m 489.872 ms - 2380[0m
2023-08-24 01:39:51 info: [0mGET /banners/getListBanner [32m200[0m 555.136 ms - 1404[0m
2023-08-24 01:39:51 info: [0mGET /services/nav [32m200[0m 421.474 ms - 1603[0m
2023-08-24 01:39:52 info: [0mGET /posts/getListFeatured [32m200[0m 1890.401 ms - 2380[0m
2023-08-24 01:39:56 info: [0mGET /services/nav [36m304[0m 281.459 ms - -[0m
2023-08-24 01:39:59 info: [0mGET /ceos/getlistCeo [36m304[0m 182.209 ms - -[0m
2023-08-24 01:40:02 info: [0mGET /jobs/getListFeatured [36m304[0m 145.717 ms - -[0m
2023-08-24 01:40:07 info: [0mGET /jobs/findBySlug/business-analyst-(ba) [32m200[0m 63.806 ms - 10024[0m
2023-08-24 01:40:11 info: [0mGET /banners/getListBanner [32m200[0m 40.830 ms - 1404[0m
2023-08-24 01:40:11 info: [0mGET /services/nav [32m200[0m 117.379 ms - 1603[0m
2023-08-24 01:40:11 info: [0mGET /posts/getListFeatured [32m200[0m 124.469 ms - 2380[0m
2023-08-24 01:40:13 info: [0mGET /ceos/getlistCeo [36m304[0m 57.062 ms - -[0m
2023-08-24 01:40:16 info: [0mGET /services/getListService [36m304[0m 50.773 ms - -[0m
2023-08-24 01:40:16 info: [0mGET /branchs/getListBranch [36m304[0m 155.465 ms - -[0m
2023-08-24 01:40:16 info: [0mGET /projects/getProjectsClient [36m304[0m 112.292 ms - -[0m
2023-08-24 01:40:18 info: [0mGET /categories/getListCategories [32m200[0m 24.441 ms - 441[0m
2023-08-24 01:40:18 info: [0mGET /posts/getPageAll [32m200[0m 89.840 ms - 5338[0m
2023-08-24 01:40:21 info: [0mGET /jobs/getListFeatured [36m304[0m 53.309 ms - -[0m
2023-08-24 01:40:24 info: [0mGET /categories/getListCategories [32m200[0m 9.222 ms - 441[0m
2023-08-24 01:40:24 info: [0mGET /posts/getPageAll [32m200[0m 187.825 ms - 5338[0m
2023-08-24 01:40:26 info: [0mGET /jobs/getListFeatured [36m304[0m 50.105 ms - -[0m
2023-08-24 01:40:26 info: [0mGET /categories/getListCategories [32m200[0m 12.078 ms - 441[0m
2023-08-24 01:40:27 info: [0mGET /posts/getPageAll [32m200[0m 125.120 ms - 5338[0m
2023-08-24 01:40:28 info: [0mGET /branchs/getListBranch [36m304[0m 44.718 ms - -[0m
2023-08-24 01:40:28 info: [0mGET /projects/getProjectsClient [36m304[0m 35.498 ms - -[0m
2023-08-24 01:40:28 info: [0mGET /services/getListService [36m304[0m 54.992 ms - -[0m
2023-08-24 01:40:34 info: [0mGET /branchs/getListBranch [32m200[0m 9.475 ms - 717[0m
2023-08-24 01:40:34 info: [0mGET /services/nav [32m200[0m 44.980 ms - 1603[0m
2023-08-24 01:40:38 info: [0mGET /services/findBySlug/website [32m200[0m 20.830 ms - 3997[0m
2023-08-24 01:40:48 info: [0mGET /banners/getListBanner [32m200[0m 25.079 ms - 1404[0m
2023-08-24 01:40:48 info: [0mGET /posts/getListFeatured [32m200[0m 66.422 ms - 2380[0m
2023-08-24 01:40:48 info: [0mGET /services/nav [32m200[0m 64.332 ms - 1603[0m
2023-08-24 01:40:53 info: [0mGET /posts/findBySlug/cach-cac-ceo-chau-a-thai-binh-duong-dua-cong-ty-dan-dau-trong-boi-canh-kinh-te-hien-nay [32m200[0m 159.673 ms - 586897[0m
2023-08-24 01:41:18 info: [0mGET /jobs/getListFeatured [36m304[0m 107.735 ms - -[0m
2023-08-24 01:41:19 info: [0mGET /categories/getListCategories [32m200[0m 36.036 ms - 441[0m
2023-08-24 01:41:19 info: [0mGET /posts/getPageAll [32m200[0m 144.308 ms - 5338[0m
2023-08-24 01:41:22 info: [0mGET /branchs/getListBranch [36m304[0m 55.137 ms - -[0m
2023-08-24 01:41:22 info: [0mGET /projects/getProjectsClient [36m304[0m 21.739 ms - -[0m
2023-08-24 01:41:22 info: [0mGET /services/getListService [36m304[0m 33.585 ms - -[0m
2023-08-24 01:41:24 info: [0mGET /projects/findBySlug/he-thong-quan-tri-muc-tieu-okrs [32m200[0m 69.860 ms - 2947[0m
2023-08-24 01:41:30 info: [0mGET /categories/getListCategories [32m200[0m 6.003 ms - 441[0m
2023-08-24 01:41:30 info: [0mGET /posts/getPageAll [32m200[0m 91.386 ms - 5338[0m
2023-08-24 01:41:34 error: {}
2023-08-24 01:41:34 info: [0mGET /posts/findBySlug/tuong-lai-e-commerce-cho-cac-mat-hang-san-xuat-tieu-dung [32m200[0m 180.030 ms - 16[0m
2023-08-24 01:41:34 error: {}
2023-08-24 01:41:34 info: [0mGET /posts/findBySlug/tuong-lai-e-commerce-cho-cac-mat-hang-san-xuat-tieu-dung [32m200[0m 32.345 ms - 16[0m
2023-08-24 01:41:38 info: [0mGET /categories/getListCategories [32m200[0m 15.529 ms - 441[0m
2023-08-24 01:41:39 info: [0mGET /posts/getPageAll [32m200[0m 324.165 ms - 5338[0m
2023-08-24 01:41:40 info: [0mGET /services/nav [36m304[0m 36.289 ms - -[0m
2023-08-24 01:41:43 info: [0mGET /posts/findBySlug/business-analytics-la-gi-5-loi-ich-cua-business-analytics-voi-doanh-nghiep [32m200[0m 247.944 ms - 2520968[0m
2023-08-24 01:41:51 info: [0mGET /banners/getListBanner [32m200[0m 21.908 ms - 1404[0m
2023-08-24 01:41:51 info: [0mGET /services/nav [32m200[0m 72.767 ms - 1603[0m
2023-08-24 01:41:51 info: [0mGET /posts/getListFeatured [32m200[0m 81.463 ms - 2380[0m
2023-08-24 01:42:01 info: [0mGET /ceos/getlistCeo [36m304[0m 15.167 ms - -[0m
2023-08-24 01:42:05 info: [0mGET /categories/getListCategories [32m200[0m 17.403 ms - 441[0m
2023-08-24 01:42:05 info: [0mGET /posts/getPageAll [32m200[0m 95.397 ms - 5338[0m
2023-08-24 01:42:09 info: [0mGET /branchs/getListBranch [36m304[0m 63.101 ms - -[0m
2023-08-24 01:42:09 info: [0mGET /services/getListService [36m304[0m 65.378 ms - -[0m
2023-08-24 01:42:09 info: [0mGET /projects/getProjectsClient [36m304[0m 66.763 ms - -[0m
2023-08-24 01:42:12 info: [0mGET /categories/getListCategories [32m200[0m 23.632 ms - 441[0m
2023-08-24 01:42:12 info: [0mGET /posts/getPageAll [32m200[0m 212.858 ms - 5338[0m
2023-08-24 01:42:15 info: [0mGET /branchs/getListBranch [36m304[0m 43.663 ms - -[0m
2023-08-24 01:42:15 info: [0mGET /services/getListService [36m304[0m 53.040 ms - -[0m
2023-08-24 01:42:15 info: [0mGET /projects/getProjectsClient [36m304[0m 52.699 ms - -[0m
2023-08-24 01:42:18 info: [0mGET /jobs/getListFeatured [36m304[0m 46.071 ms - -[0m
2023-08-24 01:46:09 info: [0mGET /categories/getListCategories [32m200[0m 327.432 ms - 441[0m
2023-08-24 01:46:09 info: [0mGET /posts/getPageAll [32m200[0m 430.395 ms - 5338[0m
2023-08-24 01:46:11 info: [0mGET /jobs/getListFeatured [36m304[0m 297.810 ms - -[0m
2023-08-24 01:46:12 info: [0mGET /categories/getListCategories [32m200[0m 7.806 ms - 441[0m
2023-08-24 01:46:12 info: [0mGET /posts/getPageAll [32m200[0m 143.567 ms - 5338[0m
2023-08-24 01:46:14 info: [0mGET /ceos/getlistCeo [36m304[0m 84.687 ms - -[0m
2023-08-24 01:46:16 info: [0mGET /banners/getListBanner [32m200[0m 35.471 ms - 1404[0m
2023-08-24 01:46:16 info: [0mGET /posts/getListFeatured [32m200[0m 79.525 ms - 2380[0m
2023-08-24 01:46:16 info: [0mGET /services/nav [32m200[0m 78.546 ms - 1603[0m
2023-08-24 01:46:21 info: [0mGET /branchs/getListBranch [32m200[0m 31.662 ms - 717[0m
2023-08-24 01:46:21 info: [0mGET /services/nav [32m200[0m 23.756 ms - 1603[0m
2023-08-24 01:46:23 info: [0mGET /categories/getListCategories [32m200[0m 9.720 ms - 441[0m
2023-08-24 01:46:23 info: [0mGET /posts/getPageAll [32m200[0m 123.801 ms - 5338[0m
2023-08-24 01:46:25 info: [0mGET /branchs/getListBranch [36m304[0m 50.331 ms - -[0m
2023-08-24 01:46:25 info: [0mGET /projects/getProjectsClient [36m304[0m 120.294 ms - -[0m
2023-08-24 01:46:25 info: [0mGET /services/getListService [36m304[0m 201.411 ms - -[0m
2023-08-24 01:46:28 info: [0mGET /services/findBySlug/website [32m200[0m 36.571 ms - 3997[0m
2023-08-24 01:46:31 info: [0mGET /services/findBySlug/mobile-game [32m200[0m 20.827 ms - 4166[0m
2023-08-24 01:46:34 info: [0mGET /services/findBySlug/erp [32m200[0m 18.202 ms - 4901[0m
2023-08-24 01:46:36 info: [0mGET /ceos/getlistCeo [36m304[0m 48.433 ms - -[0m
2023-08-24 01:46:38 info: [0mGET /banners/getListBanner [32m200[0m 34.519 ms - 1404[0m
2023-08-24 01:46:38 info: [0mGET /services/nav [32m200[0m 56.109 ms - 1603[0m
2023-08-24 01:46:39 info: [0mGET /posts/getListFeatured [32m200[0m 85.689 ms - 2380[0m
2023-08-24 01:46:40 info: [0mGET /jobs/getListFeatured [36m304[0m 51.854 ms - -[0m
2023-08-24 01:46:53 info: [0mGET /ceos/getlistCeo [36m304[0m 263.578 ms - -[0m
2023-08-24 01:46:56 info: [0mGET /branchs/getListBranch [36m304[0m 54.032 ms - -[0m
2023-08-24 01:46:56 info: [0mGET /services/getListService [36m304[0m 84.153 ms - -[0m
2023-08-24 01:46:56 info: [0mGET /projects/getProjectsClient [36m304[0m 56.183 ms - -[0m
2023-08-24 01:46:57 info: [0mGET /categories/getListCategories [32m200[0m 33.234 ms - 441[0m
2023-08-24 01:46:57 info: [0mGET /posts/getPageAll [32m200[0m 224.814 ms - 5338[0m
2023-08-24 01:46:59 info: [0mGET /jobs/getListFeatured [36m304[0m 48.184 ms - -[0m
2023-08-24 01:47:00 info: [0mGET /categories/getListCategories [32m200[0m 27.791 ms - 441[0m
2023-08-24 01:47:00 info: [0mGET /posts/getPageAll [32m200[0m 112.020 ms - 5338[0m
2023-08-24 01:47:01 info: [0mGET /banners/getListBanner [32m200[0m 25.504 ms - 1404[0m
2023-08-24 01:47:01 info: [0mGET /services/nav [32m200[0m 55.845 ms - 1603[0m
2023-08-24 01:47:02 info: [0mGET /posts/getListFeatured [32m200[0m 115.058 ms - 2380[0m
2023-08-24 01:47:11 info: [0mGET /posts/findBySlug/business-analytics-la-gi-5-loi-ich-cua-business-analytics-voi-doanh-nghiep [32m200[0m 1591.974 ms - 2520968[0m
2023-08-24 01:47:19 info: [0mGET /jobs/getListFeatured [36m304[0m 52.502 ms - -[0m
2023-08-24 01:47:20 info: [0mGET /categories/getListCategories [32m200[0m 62.230 ms - 441[0m
2023-08-24 01:47:20 info: [0mGET /posts/getPageAll [32m200[0m 118.309 ms - 5338[0m
2023-08-24 01:47:21 info: [0mGET /ceos/getlistCeo [36m304[0m 33.141 ms - -[0m
2023-08-24 01:47:23 info: [0mGET /branchs/getListBranch [36m304[0m 78.105 ms - -[0m
2023-08-24 01:47:23 info: [0mGET /services/getListService [36m304[0m 90.919 ms - -[0m
2023-08-24 01:47:23 info: [0mGET /projects/getProjectsClient [36m304[0m 53.108 ms - -[0m
2023-08-24 01:47:25 info: [0mGET /projects/findBySlug/he-thong-quan-tri-muc-tieu-okrs [32m200[0m 138.931 ms - 2947[0m
2023-08-24 01:47:29 info: [0mGET /projects/findBySlug/he-thong-quan-tri-muc-tieu-okrs [32m200[0m 54.420 ms - 2947[0m
2023-08-24 01:47:31 info: [0mGET /branchs/getListBranch [36m304[0m 56.339 ms - -[0m
2023-08-24 01:47:31 info: [0mGET /projects/getProjectsClient [36m304[0m 42.453 ms - -[0m
2023-08-24 01:47:31 info: [0mGET /services/getListService [36m304[0m 21.317 ms - -[0m
2023-08-24 01:47:32 info: [0mGET /projects/getProjectsClient?service_id=5 [32m200[0m 65.604 ms - 40[0m
2023-08-24 01:47:34 info: [0mGET /projects/getProjectsClient?service_id=6 [32m200[0m 26.344 ms - 40[0m
2023-08-24 01:47:35 info: [0mGET /projects/getProjectsClient?service_id=7 [32m200[0m 94.168 ms - 239[0m
2023-08-24 01:47:35 info: [0mGET /projects/getProjectsClient?service_id=8 [32m200[0m 93.919 ms - 40[0m
2023-08-24 01:47:37 info: [0mGET /projects/getProjectsClient?service_id=7 [36m304[0m 34.918 ms - -[0m
2023-08-24 01:47:38 info: [0mGET /categories/getListCategories [32m200[0m 26.496 ms - 441[0m
2023-08-24 01:47:38 info: [0mGET /posts/getPageAll [32m200[0m 135.600 ms - 5338[0m
2023-08-24 01:47:41 info: [0mGET /categories/getListCategories [32m200[0m 16.802 ms - 441[0m
2023-08-24 01:47:41 info: [0mGET /posts/category/uxui [32m200[0m 76.101 ms - 59[0m
2023-08-24 01:47:43 info: [0mGET /jobs/getListFeatured [36m304[0m 51.830 ms - -[0m
2023-08-24 01:47:44 info: [0mGET /services/nav [32m200[0m 19.784 ms - 1603[0m
2023-08-24 01:47:44 info: [0mGET /banners/getListBanner [32m200[0m 31.549 ms - 1404[0m
2023-08-24 01:47:44 info: [0mGET /posts/getListFeatured [32m200[0m 119.746 ms - 2380[0m
2023-08-24 01:49:31 info: [0mGET /branchs/getListBranch [32m200[0m 223.728 ms - 717[0m
2023-08-24 01:49:32 info: [0mGET /services/nav [32m200[0m 216.625 ms - 1603[0m
2023-08-24 01:49:48 info: [0mGET /jobs/getListFeatured [36m304[0m 574.952 ms - -[0m
2023-08-24 01:49:49 info: [0mGET /branchs/getListBranch [32m200[0m 42.059 ms - 717[0m
2023-08-24 01:49:49 info: [0mGET /services/nav [32m200[0m 36.479 ms - 1603[0m
2023-08-24 01:51:20 info: [0mGET /ceos/getlistCeo [36m304[0m 1173.731 ms - -[0m
2023-08-24 01:51:21 info: [0mGET /categories/getListCategories [32m200[0m 60.918 ms - 441[0m
2023-08-24 01:51:21 info: [0mGET /posts/getPageAll [32m200[0m 391.166 ms - 5338[0m
2023-08-24 01:51:23 info: [0mGET /jobs/getListFeatured [36m304[0m 66.936 ms - -[0m
2023-08-24 01:51:24 info: [0mGET /categories/getListCategories [32m200[0m 28.575 ms - 441[0m
2023-08-24 01:51:24 info: [0mGET /posts/getPageAll [32m200[0m 95.209 ms - 5338[0m
2023-08-24 01:51:26 info: [0mGET /banners/getListBanner [32m200[0m 138.992 ms - 1404[0m
2023-08-24 01:51:26 info: [0mGET /posts/getListFeatured [32m200[0m 191.109 ms - 2380[0m
2023-08-24 01:51:26 info: [0mGET /services/nav [32m200[0m 180.917 ms - 1603[0m
2023-08-24 01:51:30 info: [0mGET /services/nav [32m200[0m 17.486 ms - 1603[0m
2023-08-24 01:51:30 info: [0mGET /branchs/getListBranch [32m200[0m 26.615 ms - 717[0m
2023-08-24 01:51:34 info: [0mGET /jobs/getListFeatured [36m304[0m 56.252 ms - -[0m
2023-08-24 01:51:35 info: [0mGET /categories/getListCategories [32m200[0m 30.977 ms - 441[0m
2023-08-24 01:51:36 info: [0mGET /posts/getPageAll [32m200[0m 197.614 ms - 5338[0m
2023-08-24 01:51:39 info: [0mGET /posts/findBySlug/cach-cac-ceo-chau-a-thai-binh-duong-dua-cong-ty-dan-dau-trong-boi-canh-kinh-te-hien-nay [32m200[0m 126.235 ms - 586897[0m
2023-08-24 01:51:42 info: [0mGET /banners/getListBanner [32m200[0m 54.979 ms - 1404[0m
2023-08-24 01:51:42 info: [0mGET /services/nav [32m200[0m 99.462 ms - 1603[0m
2023-08-24 01:51:42 info: [0mGET /posts/getListFeatured [32m200[0m 184.640 ms - 2380[0m
2023-08-24 01:51:46 info: [0mGET /ceos/getlistCeo [36m304[0m 34.165 ms - -[0m
2023-08-24 01:51:48 info: [0mGET /services/findBySlug/website [32m200[0m 15.850 ms - 3997[0m
2023-08-24 01:51:50 info: [0mGET /services/findBySlug/mo-hinh-chien-luoc-chuyen-oi-so [32m200[0m 23.049 ms - 3410[0m
2023-08-24 01:51:53 info: [0mGET /services/findBySlug/smart-factory [32m200[0m 27.630 ms - 3303[0m
2023-08-24 01:51:55 info: [0mGET /services/findBySlug/thiet-ke-uiux [32m200[0m 26.188 ms - 2879[0m
2023-08-24 01:51:56 info: [0mGET /services/findBySlug/qa-testing [32m200[0m 7.102 ms - 3430[0m
2023-08-24 01:51:57 info: [0mGET /services/findBySlug/thiet-ke-uiux [32m200[0m 110.369 ms - 2879[0m
2023-08-24 01:51:57 info: [0mGET /services/findBySlug/cho-thue-nhan-su-it [32m200[0m 46.186 ms - 3506[0m
2023-08-24 01:51:58 info: [0mGET /services/getListService [36m304[0m 23.824 ms - -[0m
2023-08-24 01:51:58 info: [0mGET /services/findBySlug/mo-hinh-chien-luoc-chuyen-oi-so [32m200[0m 31.352 ms - 3410[0m
2023-08-24 01:52:00 info: [0mGET /branchs/getListBranch [36m304[0m 98.978 ms - -[0m
2023-08-24 01:52:00 info: [0mGET /services/getListService [36m304[0m 67.089 ms - -[0m
2023-08-24 01:52:00 info: [0mGET /projects/getProjectsClient [36m304[0m 63.814 ms - -[0m
2023-08-24 01:52:03 info: [0mGET /projects/findBySlug/he-thong-quan-tri-muc-tieu-okrs [32m200[0m 62.661 ms - 2947[0m
2023-08-24 01:52:04 info: [0mGET /categories/getListCategories [32m200[0m 18.600 ms - 441[0m
2023-08-24 01:52:05 info: [0mGET /posts/getPageAll [32m200[0m 220.523 ms - 5338[0m
2023-08-24 01:52:07 info: [0mGET /jobs/getListFeatured [36m304[0m 58.480 ms - -[0m
2023-08-24 01:52:11 info: [0mGET /banners/getListBanner [32m200[0m 15.719 ms - 1404[0m
2023-08-24 01:52:11 info: [0mGET /services/nav [32m200[0m 61.883 ms - 1603[0m
2023-08-24 01:52:11 info: [0mGET /posts/getListFeatured [32m200[0m 107.707 ms - 2380[0m
2023-08-24 01:52:12 info: [0mGET /banners/getListBanner [32m200[0m 24.010 ms - 1404[0m
2023-08-24 01:52:12 info: [0mGET /services/nav [32m200[0m 48.540 ms - 1603[0m
2023-08-24 01:52:12 info: [0mGET /posts/getListFeatured [32m200[0m 79.924 ms - 2380[0m
2023-08-24 01:52:14 info: [0mGET /services/nav [36m304[0m 70.229 ms - -[0m
2023-08-24 01:52:20 info: [0mGET /jobs/getListFeatured [36m304[0m 75.516 ms - -[0m
2023-08-24 01:52:22 info: [0mGET /categories/getListCategories [32m200[0m 16.583 ms - 441[0m
2023-08-24 01:52:22 info: [0mGET /posts/getPageAll [32m200[0m 109.878 ms - 5338[0m
2023-08-24 01:52:25 info: [0mGET /ceos/getlistCeo [36m304[0m 71.803 ms - -[0m
2023-08-24 01:52:26 info: [0mGET /banners/getListBanner [32m200[0m 16.185 ms - 1404[0m
2023-08-24 01:52:26 info: [0mGET /services/nav [32m200[0m 22.591 ms - 1603[0m
2023-08-24 01:52:26 info: [0mGET /posts/getListFeatured [32m200[0m 58.559 ms - 2380[0m
2023-08-24 01:52:30 info: [0mGET /services/findBySlug/mobile-game [32m200[0m 63.476 ms - 4166[0m
2023-08-24 01:52:50 info: [0mGET /ceos/getlistCeo [36m304[0m 530.129 ms - -[0m
2023-08-24 01:52:51 info: [0mGET /services/nav [32m200[0m 106.028 ms - 1603[0m
2023-08-24 01:52:51 info: [0mGET /banners/getListBanner [32m200[0m 138.134 ms - 1404[0m
2023-08-24 01:52:51 info: [0mGET /posts/getListFeatured [32m200[0m 214.917 ms - 2380[0m
2023-08-24 01:52:53 info: [0mGET /jobs/getListFeatured [36m304[0m 71.326 ms - -[0m
2023-08-24 01:52:54 info: [0mGET /categories/getListCategories [32m200[0m 33.007 ms - 441[0m
2023-08-24 01:52:54 info: [0mGET /posts/getPageAll [32m200[0m 170.117 ms - 5338[0m
2023-08-24 01:54:10 info: [0mGET /banners/getListBanner [32m200[0m 767.471 ms - 1404[0m
2023-08-24 01:54:10 info: [0mGET /services/nav [32m200[0m 762.656 ms - 1603[0m
2023-08-24 01:54:10 info: [0mGET /posts/getListFeatured [32m200[0m 1160.595 ms - 2380[0m
2023-08-24 01:54:15 info: [0mGET /banners/getListBanner [32m200[0m 139.866 ms - 1404[0m
2023-08-24 01:54:15 info: [0mGET /services/nav [32m200[0m 208.013 ms - 1603[0m
2023-08-24 01:54:16 info: [0mGET /posts/getListFeatured [32m200[0m 361.515 ms - 2380[0m
2023-08-24 01:54:21 info: [0mGET /ceos/getlistCeo [36m304[0m 55.902 ms - -[0m
2023-08-24 01:54:22 info: [0mGET /banners/getListBanner [32m200[0m 14.142 ms - 1404[0m
2023-08-24 01:54:22 info: [0mGET /services/nav [32m200[0m 26.494 ms - 1603[0m
2023-08-24 01:54:22 info: [0mGET /posts/getListFeatured [32m200[0m 73.042 ms - 2380[0m
2023-08-24 01:55:47 info: [0mGET /banners/getListBanner [32m200[0m 362.450 ms - 1404[0m
2023-08-24 01:55:47 info: [0mGET /services/nav [32m200[0m 313.088 ms - 1603[0m
2023-08-24 01:55:47 info: [0mGET /posts/getListFeatured [32m200[0m 648.403 ms - 2380[0m
2023-08-24 01:57:57 info: [0mGET /banners/getListBanner [32m200[0m 186.704 ms - 1404[0m
2023-08-24 01:57:57 info: [0mGET /services/nav [32m200[0m 156.796 ms - 1603[0m
2023-08-24 01:57:57 info: [0mGET /posts/getListFeatured [32m200[0m 210.298 ms - 2380[0m
2023-08-24 01:59:07 info: [0mGET /banners/getListBanner [32m200[0m 298.836 ms - 1404[0m
2023-08-24 01:59:07 info: [0mGET /services/nav [32m200[0m 235.157 ms - 1603[0m
2023-08-24 01:59:07 info: [0mGET /posts/getListFeatured [32m200[0m 455.064 ms - 2380[0m
2023-08-24 02:01:27 info: [0mGET /ceos/getlistCeo [36m304[0m 1212.512 ms - -[0m
2023-08-24 02:01:28 info: [0mGET /banners/getListBanner [32m200[0m 46.216 ms - 1404[0m
2023-08-24 02:01:28 info: [0mGET /services/nav [32m200[0m 91.809 ms - 1603[0m
2023-08-24 02:01:28 info: [0mGET /posts/getListFeatured [32m200[0m 174.593 ms - 2380[0m
2023-08-24 02:01:30 info: [0mGET /ceos/getlistCeo [36m304[0m 41.117 ms - -[0m
2023-08-24 02:02:23 info: [0mGET /services/findBySlug/website [32m200[0m 175.866 ms - 3997[0m
2023-08-24 02:02:25 info: [0mGET /services/nav [32m200[0m 130.159 ms - 1603[0m
2023-08-24 02:02:25 info: [0mGET /banners/getListBanner [32m200[0m 175.655 ms - 1404[0m
2023-08-24 02:02:25 info: [0mGET /posts/getListFeatured [32m200[0m 447.391 ms - 2380[0m
2023-08-24 02:03:25 info: [0mGET /banners/getListBanner [32m200[0m 5722.735 ms - 1404[0m
2023-08-24 02:03:25 info: [0mGET /services/nav [32m200[0m 5606.715 ms - 1603[0m
2023-08-24 02:03:26 info: [0mGET /posts/getListFeatured [32m200[0m 6039.586 ms - 2380[0m
2023-08-24 02:03:26 info: [0mGET /banners/getListBanner [32m200[0m 205.828 ms - 1404[0m
2023-08-24 02:03:26 info: [0mGET /services/nav [32m200[0m 211.340 ms - 1603[0m
2023-08-24 02:03:27 info: [0mGET /posts/getListFeatured [32m200[0m 333.994 ms - 2380[0m
2023-08-24 02:03:35 info: [0mGET /ceos/getlistCeo [36m304[0m 63.675 ms - -[0m
2023-08-24 02:03:39 info: [0mGET /banners/getListBanner [32m200[0m 73.771 ms - 1404[0m
2023-08-24 02:03:39 info: [0mGET /services/nav [32m200[0m 87.003 ms - 1603[0m
2023-08-24 02:03:39 info: [0mGET /posts/getListFeatured [32m200[0m 156.757 ms - 2380[0m
2023-08-24 02:03:41 info: [0mGET /ceos/getlistCeo [36m304[0m 15.943 ms - -[0m
2023-08-24 02:04:08 info: [0mGET /banners/getListBanner [32m200[0m 347.534 ms - 1404[0m
2023-08-24 02:04:08 info: [0mGET /services/nav [32m200[0m 304.757 ms - 1603[0m
2023-08-24 02:04:08 info: [0mGET /posts/getListFeatured [32m200[0m 351.871 ms - 2380[0m
2023-08-24 02:04:14 info: [0mGET /jobs/getListFeatured [36m304[0m 71.978 ms - -[0m
2023-08-24 02:04:15 info: [0mGET /ceos/getlistCeo [36m304[0m 86.998 ms - -[0m
2023-08-24 02:04:17 info: [0mGET /banners/getListBanner [32m200[0m 8.984 ms - 1404[0m
2023-08-24 02:04:17 info: [0mGET /services/nav [32m200[0m 14.913 ms - 1603[0m
2023-08-24 02:04:17 info: [0mGET /posts/getListFeatured [32m200[0m 74.190 ms - 2380[0m
2023-08-24 02:04:18 info: [0mGET /ceos/getlistCeo [36m304[0m 33.528 ms - -[0m
2023-08-24 02:04:45 info: [0mGET /banners/getListBanner [32m200[0m 77.487 ms - 1404[0m
2023-08-24 02:04:45 info: [0mGET /services/nav [32m200[0m 95.306 ms - 1603[0m
2023-08-24 02:04:45 info: [0mGET /posts/getListFeatured [32m200[0m 182.854 ms - 2380[0m
2023-08-24 02:04:47 info: [0mGET /ceos/getlistCeo [36m304[0m 25.936 ms - -[0m
2023-08-24 02:10:51 info: [0mGET /banners/getListBanner [32m200[0m 461.911 ms - 1404[0m
2023-08-24 02:10:51 info: [0mGET /branchs/getListBranch [36m304[0m 1098.225 ms - -[0m
2023-08-24 02:10:51 info: [0mGET /services/getListService [36m304[0m 955.630 ms - -[0m
2023-08-24 02:10:51 info: [0mGET /projects/getProjectsClient [36m304[0m 929.912 ms - -[0m
2023-08-24 02:10:51 info: [0mGET /services/nav [32m200[0m 501.635 ms - 1603[0m
2023-08-24 02:10:51 info: [0mGET /posts/getListFeatured [32m200[0m 645.746 ms - 2380[0m
2023-08-24 02:11:13 info: [0mGET /jobs/getListFeatured [36m304[0m 5346.219 ms - -[0m
2023-08-24 02:11:14 info: [0mGET /banners/getListBanner [32m200[0m 363.649 ms - 1404[0m
2023-08-24 02:11:15 info: [0mGET /services/nav [32m200[0m 1081.944 ms - 1603[0m
2023-08-24 02:11:16 info: [0mGET /posts/getListFeatured [32m200[0m 2696.592 ms - 2380[0m
2023-08-24 02:22:31 info: [0mGET /categories/getListCategories [32m200[0m 239.004 ms - 441[0m
2023-08-24 02:22:32 info: [0mGET /posts/getPageAll [32m200[0m 1026.572 ms - 5338[0m
2023-08-24 02:22:37 info: [0mGET /jobs/getListFeatured [36m304[0m 830.697 ms - -[0m
2023-08-24 02:22:39 info: [0mGET /ceos/getlistCeo [36m304[0m 183.900 ms - -[0m
2023-08-24 02:22:41 info: [0mGET /banners/getListBanner [32m200[0m 39.727 ms - 1404[0m
2023-08-24 02:22:41 info: [0mGET /services/nav [32m200[0m 54.798 ms - 1603[0m
2023-08-24 02:22:41 info: [0mGET /posts/getListFeatured [32m200[0m 92.618 ms - 2380[0m
2023-08-24 02:23:19 info: [0mGET /banners/getListBanner [32m200[0m 2639.273 ms - 1404[0m
2023-08-24 02:23:19 info: [0mGET /services/nav [32m200[0m 2623.482 ms - 1603[0m
2023-08-24 02:23:19 info: [0mGET /posts/getListFeatured [32m200[0m 3144.615 ms - 2380[0m
2023-08-24 02:23:21 info: [0mGET /banners/getListBanner [32m200[0m 485.630 ms - 1404[0m
2023-08-24 02:23:22 info: [0mGET /services/nav [32m200[0m 800.698 ms - 1603[0m
2023-08-24 02:23:22 info: [0mGET /posts/getListFeatured [32m200[0m 1458.692 ms - 2380[0m
2023-08-24 02:23:23 info: [0mGET /ceos/getlistCeo [36m304[0m 101.405 ms - -[0m
2023-08-24 02:23:25 info: [0mGET /banners/getListBanner [32m200[0m 57.056 ms - 1404[0m
2023-08-24 02:23:25 info: [0mGET /services/nav [32m200[0m 80.255 ms - 1603[0m
2023-08-24 02:23:25 info: [0mGET /posts/getListFeatured [32m200[0m 115.257 ms - 2380[0m
2023-08-24 02:23:28 info: [0mGET /ceos/getlistCeo [36m304[0m 91.931 ms - -[0m
2023-08-24 02:23:32 info: [0mGET /banners/getListBanner [32m200[0m 32.632 ms - 1404[0m
2023-08-24 02:23:32 info: [0mGET /services/nav [32m200[0m 36.642 ms - 1603[0m
2023-08-24 02:23:32 info: [0mGET /posts/getListFeatured [32m200[0m 77.543 ms - 2380[0m
2023-08-24 02:33:55 info: [0mGET /banners/getListBanner [32m200[0m 205.804 ms - 1404[0m
2023-08-24 02:33:55 info: [0mGET /services/nav [32m200[0m 259.114 ms - 1603[0m
2023-08-24 02:33:55 info: [0mGET /posts/getListFeatured [32m200[0m 426.510 ms - 2380[0m
2023-08-24 02:34:22 info: [0mGET /services/nav [32m200[0m 2114.121 ms - 1603[0m
2023-08-24 02:34:22 info: [0mGET /banners/getListBanner [32m200[0m 2401.590 ms - 1404[0m
2023-08-24 02:34:22 info: [0mGET /posts/getListFeatured [32m200[0m 2399.887 ms - 2380[0m
2023-08-24 02:35:30 info: [0mGET /banners/getListBanner [32m200[0m 385.208 ms - 1404[0m
2023-08-24 02:35:30 info: [0mGET /services/nav [32m200[0m 321.169 ms - 1603[0m
2023-08-24 02:35:30 info: [0mGET /posts/getListFeatured [32m200[0m 428.887 ms - 2380[0m
2023-08-24 02:36:38 info: [0mGET /banners/getListBanner [32m200[0m 2246.908 ms - 1404[0m
2023-08-24 02:36:38 info: [0mGET /banners/getListBanner [32m200[0m 2003.437 ms - 1404[0m
2023-08-24 02:36:38 info: [0mGET /services/nav [32m200[0m 2233.108 ms - 1603[0m
2023-08-24 02:36:38 info: [0mGET /services/nav [32m200[0m 2098.197 ms - 1603[0m
2023-08-24 02:36:39 info: [0mGET /posts/getListFeatured [32m200[0m 2520.292 ms - 2380[0m
2023-08-24 02:36:39 info: [0mGET /posts/getListFeatured [32m200[0m 2278.041 ms - 2380[0m
2023-08-24 02:36:54 info: [0mGET /banners/getListBanner [32m200[0m 3752.120 ms - 1404[0m
2023-08-24 02:36:54 info: [0mGET /services/nav [32m200[0m 3762.495 ms - 1603[0m
2023-08-24 02:36:54 info: [0mGET /posts/getListFeatured [32m200[0m 3938.245 ms - 2380[0m
2023-08-24 02:36:57 info: [0mGET /services/nav [36m304[0m 406.813 ms - -[0m
2023-08-24 02:38:07 info: [0mGET /banners/getListBanner [32m200[0m 1853.427 ms - 1404[0m
2023-08-24 02:38:07 info: [0mGET /banners/getListBanner [32m200[0m 1131.209 ms - 1404[0m
2023-08-24 02:38:07 info: [0mGET /services/nav [32m200[0m 1080.046 ms - 1603[0m
2023-08-24 02:38:07 info: [0mGET /services/nav [32m200[0m 1745.849 ms - 1603[0m
2023-08-24 02:38:09 info: [0mGET /posts/getListFeatured [32m200[0m 3919.318 ms - 2380[0m
2023-08-24 02:38:09 info: [0mGET /posts/getListFeatured [32m200[0m 3336.542 ms - 2380[0m
2023-08-24 02:41:32 info: [0mGET /services/nav [36m304[0m 956.407 ms - -[0m
2023-08-24 02:41:33 info: [0mGET /banners/getListBanner [32m200[0m 92.530 ms - 1404[0m
2023-08-24 02:41:34 info: [0mGET /services/nav [32m200[0m 120.320 ms - 1603[0m
2023-08-24 02:41:34 info: [0mGET /posts/getListFeatured [32m200[0m 306.348 ms - 2380[0m
2023-08-24 02:41:37 info: [0mGET /services/nav [36m304[0m 215.307 ms - -[0m
2023-08-24 02:41:42 info: [0mGET /ceos/getlistCeo [36m304[0m 347.644 ms - -[0m
2023-08-24 02:41:47 info: [0mGET /services/nav [36m304[0m 139.568 ms - -[0m
2023-08-24 02:41:47 info: [0mGET /ceos/getlistCeo [36m304[0m 130.436 ms - -[0m
2023-08-24 02:42:37 info: [0mGET /branchs/getListBranch [36m304[0m 414.912 ms - -[0m
2023-08-24 02:42:37 info: [0mGET /services/getListService [36m304[0m 547.677 ms - -[0m
2023-08-24 02:42:37 info: [0mGET /projects/getProjectsClient [36m304[0m 435.874 ms - -[0m
2023-08-24 02:43:12 info: [0mGET /branchs/getListBranch [36m304[0m 603.219 ms - -[0m
2023-08-24 02:43:12 info: [0mGET /services/nav [36m304[0m 764.721 ms - -[0m
2023-08-24 02:43:12 info: [0mGET /services/getListService [36m304[0m 629.437 ms - -[0m
2023-08-24 02:43:12 info: [0mGET /projects/getProjectsClient [36m304[0m 682.434 ms - -[0m
2023-08-24 02:43:12 info: [0mGET /projects/getProjectsClient [36m304[0m 91.473 ms - -[0m
2023-08-24 02:43:14 info: [0mGET /branchs/getListBranch [36m304[0m 91.600 ms - -[0m
2023-08-24 02:43:14 info: [0mGET /services/getListService [36m304[0m 74.784 ms - -[0m
2023-08-24 02:43:14 info: [0mGET /projects/getProjectsClient [36m304[0m 70.752 ms - -[0m
2023-08-24 02:43:22 info: [0mGET /branchs/getListBranch [32m200[0m 44.863 ms - 717[0m
2023-08-24 02:43:23 info: [0mGET /services/nav [32m200[0m 56.947 ms - 1603[0m
2023-08-24 02:43:27 info: [0mGET /jobs/getListFeatured [36m304[0m 132.058 ms - -[0m
2023-08-24 02:51:15 info: [0mGET /services/nav [36m304[0m 1040.823 ms - -[0m
2023-08-24 02:51:15 info: [0mGET /jobs/getListFeatured [36m304[0m 871.298 ms - -[0m
2023-08-24 02:51:25 info: [0mGET /services/nav [36m304[0m 211.926 ms - -[0m
2023-08-24 02:51:28 info: [0mGET /branchs/getListBranch [32m200[0m 47.593 ms - 717[0m
2023-08-24 02:51:28 info: [0mGET /services/nav [32m200[0m 57.728 ms - 1603[0m
2023-08-24 02:51:39 info: [0mGET /ceos/getlistCeo [36m304[0m 157.346 ms - -[0m
2023-08-24 02:51:43 info: [0mGET /banners/getListBanner [32m200[0m 122.736 ms - 1404[0m
2023-08-24 02:51:43 info: [0mGET /services/nav [32m200[0m 154.103 ms - 1603[0m
2023-08-24 02:51:43 info: [0mGET /posts/getListFeatured [32m200[0m 528.352 ms - 2380[0m
2023-08-24 02:51:47 info: [0mGET /banners/getListBanner [32m200[0m 31.235 ms - 1404[0m
2023-08-24 02:51:47 info: [0mGET /services/nav [32m200[0m 37.904 ms - 1603[0m
2023-08-24 02:51:47 info: [0mGET /posts/getListFeatured [32m200[0m 59.238 ms - 2380[0m
2023-08-24 02:51:49 info: [0mGET /services/nav [36m304[0m 36.750 ms - -[0m
2023-08-24 02:51:52 info: [0mGET /jobs/getListFeatured [36m304[0m 165.459 ms - -[0m
2023-08-24 02:51:54 info: [0mGET /banners/getListBanner [32m200[0m 43.698 ms - 1404[0m
2023-08-24 02:51:54 info: [0mGET /services/nav [32m200[0m 41.906 ms - 1603[0m
2023-08-24 02:51:55 info: [0mGET /posts/getListFeatured [32m200[0m 600.547 ms - 2380[0m
2023-08-24 02:52:42 info: [0mGET /banners/getListBanner [32m200[0m 752.124 ms - 1404[0m
2023-08-24 02:52:42 info: [0mGET /services/nav [32m200[0m 745.168 ms - 1603[0m
2023-08-24 02:52:43 info: [0mGET /posts/getListFeatured [32m200[0m 1196.736 ms - 2380[0m
2023-08-24 02:52:46 info: [0mGET /services/nav [36m304[0m 360.355 ms - -[0m
2023-08-24 02:52:53 info: [0mGET /services/nav [36m304[0m 287.868 ms - -[0m
2023-08-24 02:52:57 info: [0mGET /branchs/getListBranch [32m200[0m 471.874 ms - 717[0m
2023-08-24 02:52:57 info: [0mGET /services/nav [32m200[0m 595.501 ms - 1603[0m
2023-08-24 02:53:16 info: [0mGET /branchs/getListBranch [32m200[0m 36.277 ms - 717[0m
2023-08-24 02:53:16 info: [0mGET /services/nav [32m200[0m 60.748 ms - 1603[0m
2023-08-24 02:54:21 info: [0mGET /branchs/getListBranch [32m200[0m 554.337 ms - 717[0m
2023-08-24 02:54:21 info: [0mGET /branchs/getListBranch [32m200[0m 431.487 ms - 717[0m
2023-08-24 02:54:21 info: [0mGET /services/nav [32m200[0m 509.078 ms - 1603[0m
2023-08-24 02:54:21 info: [0mGET /services/nav [32m200[0m 461.328 ms - 1603[0m
2023-08-24 02:54:24 info: [0mGET /services/nav [36m304[0m 177.897 ms - -[0m
2023-08-24 02:54:31 info: [0mGET /branchs/getListBranch [32m200[0m 25.105 ms - 717[0m
2023-08-24 02:54:31 info: [0mGET /services/nav [32m200[0m 27.661 ms - 1603[0m
2023-08-24 02:54:39 info: [0mGET /ceos/getlistCeo [36m304[0m 135.038 ms - -[0m
2023-08-24 02:54:41 info: [0mGET /banners/getListBanner [32m200[0m 52.253 ms - 1404[0m
2023-08-24 02:54:41 info: [0mGET /services/nav [32m200[0m 50.293 ms - 1603[0m
2023-08-24 02:54:41 info: [0mGET /posts/getListFeatured [32m200[0m 398.725 ms - 2380[0m
2023-08-24 02:55:46 info: [0mGET /banners/getListBanner [32m200[0m 1607.863 ms - 1404[0m
2023-08-24 02:55:46 info: [0mGET /services/nav [32m200[0m 1450.528 ms - 1603[0m
2023-08-24 02:55:47 info: [0mGET /posts/getListFeatured [32m200[0m 1658.286 ms - 2380[0m
2023-08-24 02:55:51 info: [0mGET /services/nav [36m304[0m 563.616 ms - -[0m
2023-08-24 02:55:55 info: [0mGET /ceos/getlistCeo [36m304[0m 421.896 ms - -[0m
2023-08-24 02:56:26 info: [0mGET /ceos/getlistCeo [36m304[0m 534.754 ms - -[0m
2023-08-24 02:56:26 info: [0mGET /services/nav [36m304[0m 755.879 ms - -[0m
2023-08-24 02:56:27 info: [0mGET /banners/getListBanner [32m200[0m 52.155 ms - 1404[0m
2023-08-24 02:56:27 info: [0mGET /services/nav [32m200[0m 54.630 ms - 1603[0m
2023-08-24 02:56:28 info: [0mGET /posts/getListFeatured [32m200[0m 493.970 ms - 2380[0m
2023-08-24 02:57:16 info: [0mGET /banners/getListBanner [32m200[0m 472.579 ms - 1404[0m
2023-08-24 02:57:16 info: [0mGET /services/nav [32m200[0m 406.215 ms - 1603[0m
2023-08-24 02:57:16 info: [0mGET /posts/getListFeatured [32m200[0m 508.315 ms - 2380[0m
2023-08-24 02:57:23 info: [0mGET /services/nav [36m304[0m 2636.880 ms - -[0m
2023-08-24 02:57:29 info: [0mGET /ceos/getlistCeo [36m304[0m 212.173 ms - -[0m
2023-08-24 03:00:24 info: [0mGET /ceos/getlistCeo [36m304[0m 2485.187 ms - -[0m
2023-08-24 03:00:24 info: [0mGET /services/nav [36m304[0m 3337.799 ms - -[0m
2023-08-24 03:00:24 info: [0mGET /banners/getListBanner [32m200[0m 319.649 ms - 1404[0m
2023-08-24 03:00:24 info: [0mGET /services/nav [32m200[0m 462.210 ms - 1603[0m
2023-08-24 03:00:24 info: [0mGET /posts/getListFeatured [32m200[0m 845.612 ms - 2380[0m
2023-08-24 03:01:30 info: [0mGET /banners/getListBanner [32m200[0m 457.642 ms - 1404[0m
2023-08-24 03:01:30 info: [0mGET /banners/getListBanner [32m200[0m 346.686 ms - 1404[0m
2023-08-24 03:01:30 info: [0mGET /services/nav [32m200[0m 371.805 ms - 1603[0m
2023-08-24 03:01:30 info: [0mGET /services/nav [32m200[0m 354.850 ms - 1603[0m
2023-08-24 03:01:30 info: [0mGET /posts/getListFeatured [32m200[0m 491.539 ms - 2380[0m
2023-08-24 03:01:30 info: [0mGET /posts/getListFeatured [32m200[0m 531.588 ms - 2380[0m
2023-08-24 03:01:34 info: [0mGET /services/nav [36m304[0m 1039.463 ms - -[0m
2023-08-24 03:01:40 info: [0mGET /banners/getListBanner [32m200[0m 118.122 ms - 1404[0m
2023-08-24 03:01:40 info: [0mGET /services/nav [32m200[0m 116.577 ms - 1603[0m
2023-08-24 03:01:40 info: [0mGET /posts/getListFeatured [32m200[0m 193.798 ms - 2380[0m
2023-08-24 03:01:44 info: [0mGET /posts/getListFeatured [32m200[0m 71.628 ms - 2380[0m
2023-08-24 03:01:45 info: [0mGET /services/nav [32m200[0m 148.210 ms - 1603[0m
2023-08-24 03:01:45 info: [0mGET /banners/getListBanner [32m200[0m 260.444 ms - 1404[0m
2023-08-24 03:01:47 info: [0mGET /services/nav [36m304[0m 27.250 ms - -[0m
2023-08-24 03:01:50 info: [0mGET /branchs/getListBranch [32m200[0m 44.063 ms - 717[0m
2023-08-24 03:01:50 info: [0mGET /services/nav [32m200[0m 44.000 ms - 1603[0m
2023-08-24 03:01:53 info: [0mGET /branchs/getListBranch [32m200[0m 16.638 ms - 717[0m
2023-08-24 03:01:53 info: [0mGET /services/nav [32m200[0m 24.023 ms - 1603[0m
2023-08-24 03:01:55 info: [0mGET /services/nav [36m304[0m 30.780 ms - -[0m
2023-08-24 03:02:14 info: [0mGET /branchs/getListBranch [32m200[0m 62.886 ms - 717[0m
2023-08-24 03:02:14 info: [0mGET /services/nav [32m200[0m 57.110 ms - 1603[0m
2023-08-24 03:02:57 info: [0mGET /branchs/getListBranch [32m200[0m 193.417 ms - 717[0m
2023-08-24 03:02:57 info: [0mGET /services/nav [32m200[0m 159.441 ms - 1603[0m
2023-08-24 03:03:30 info: [0mGET /branchs/getListBranch [32m200[0m 456.311 ms - 717[0m
2023-08-24 03:03:30 info: [0mGET /services/nav [32m200[0m 375.310 ms - 1603[0m
2023-08-24 03:03:43 info: [0mGET /banners/getListBanner [32m200[0m 142.391 ms - 1404[0m
2023-08-24 03:03:43 info: [0mGET /services/nav [32m200[0m 170.512 ms - 1603[0m
2023-08-24 03:03:44 info: [0mGET /posts/getListFeatured [32m200[0m 283.361 ms - 2380[0m
2023-08-24 03:03:47 info: [0mGET /ceos/getlistCeo [36m304[0m 72.621 ms - -[0m
2023-08-24 03:03:50 info: [0mGET /services/getListService [36m304[0m 100.213 ms - -[0m
2023-08-24 03:03:50 info: [0mGET /branchs/getListBranch [36m304[0m 147.703 ms - -[0m
2023-08-24 03:03:50 info: [0mGET /projects/getProjectsClient [36m304[0m 247.732 ms - -[0m
2023-08-24 03:03:53 info: [0mGET /categories/getListCategories [32m200[0m 36.161 ms - 441[0m
2023-08-24 03:03:53 info: [0mGET /posts/getPageAll [32m200[0m 137.046 ms - 5338[0m
2023-08-24 03:03:53 info: [0mGET /projects/getProjectsClient [36m304[0m 81.606 ms - -[0m
2023-08-24 03:04:40 info: [0mGET /banners/getListBanner [32m200[0m 798.880 ms - 1404[0m
2023-08-24 03:04:40 info: [0mGET /ceos/getlistCeo [36m304[0m 2814.180 ms - -[0m
2023-08-24 03:04:41 info: [0mGET /services/nav [32m200[0m 569.637 ms - 1603[0m
2023-08-24 03:04:41 info: [0mGET /posts/getListFeatured [32m200[0m 893.316 ms - 2380[0m
2023-08-24 03:04:47 info: [0mGET /branchs/getListBranch [32m200[0m 74.394 ms - 717[0m
2023-08-24 03:04:47 info: [0mGET /services/nav [32m200[0m 117.759 ms - 1603[0m
2023-08-24 03:04:54 info: [0mGET /jobs/getListFeatured [36m304[0m 151.531 ms - -[0m
2023-08-24 03:04:55 info: [0mGET /categories/getListCategories [32m200[0m 30.782 ms - 441[0m
2023-08-24 03:04:55 info: [0mGET /posts/getPageAll [32m200[0m 175.020 ms - 5338[0m
2023-08-24 03:04:59 info: [0mGET /categories/getListCategories [36m304[0m 11.125 ms - -[0m
2023-08-24 03:04:59 info: [0mGET /posts/category/chuyen-doi-so [32m200[0m 85.237 ms - 59[0m
2023-08-24 03:05:02 info: [0mGET /services/findBySlug/mo-hinh-chien-luoc-chuyen-oi-so [32m200[0m 43.005 ms - 3410[0m
2023-08-24 03:05:02 info: [0mGET /posts/category/undefined [32m200[0m 41.674 ms - 59[0m
2023-08-24 03:05:05 info: [0mGET /services/findBySlug/bao-tri-phan-mem [32m200[0m 13.720 ms - 1833[0m
2023-08-24 03:05:05 info: [0mGET /services/getListService [36m304[0m 98.165 ms - -[0m
2023-08-24 03:05:36 info: [0mGET /banners/getListBanner [32m200[0m 5785.214 ms - 1404[0m
2023-08-24 03:05:36 info: [0mGET /services/nav [32m200[0m 5942.886 ms - 1603[0m
2023-08-24 03:05:38 info: [0mGET /posts/getListFeatured [32m200[0m 7319.135 ms - 2380[0m
2023-08-24 03:05:41 info: [0mGET /services/getListService [36m304[0m 734.918 ms - -[0m
2023-08-24 03:05:45 info: [0mGET /ceos/getlistCeo [36m304[0m 332.498 ms - -[0m
2023-08-24 03:05:47 info: [0mGET /services/getListService [36m304[0m 166.735 ms - -[0m
2023-08-24 03:05:47 info: [0mGET /projects/getProjectsClient [36m304[0m 738.434 ms - -[0m
2023-08-24 03:05:47 info: [0mGET /branchs/getListBranch [36m304[0m 739.578 ms - -[0m
2023-08-24 03:05:49 info: [0mGET /categories/getListCategories [32m200[0m 54.094 ms - 441[0m
2023-08-24 03:05:49 info: [0mGET /posts/getPageAll [32m200[0m 850.085 ms - 5338[0m
2023-08-24 03:05:50 info: [0mGET /projects/getProjectsClient [36m304[0m 263.377 ms - -[0m
2023-08-24 03:05:52 info: [0mGET /jobs/getListFeatured [36m304[0m 488.849 ms - -[0m
2023-08-24 03:05:54 info: [0mGET /services/nav [36m304[0m 474.082 ms - -[0m
2023-08-24 03:05:57 info: [0mGET /banners/getListBanner [32m200[0m 13.577 ms - 1404[0m
2023-08-24 03:05:57 info: [0mGET /services/nav [32m200[0m 22.926 ms - 1603[0m
2023-08-24 03:05:57 info: [0mGET /posts/getListFeatured [32m200[0m 58.354 ms - 2380[0m
2023-08-24 03:06:28 info: [0mGET /services/nav [36m304[0m 517.776 ms - -[0m
2023-08-24 03:07:02 info: [0mGET /services/nav [32m200[0m 154.124 ms - 1603[0m
2023-08-24 03:07:02 info: [0mGET /banners/getListBanner [32m200[0m 167.216 ms - 1404[0m
2023-08-24 03:07:02 info: [0mGET /posts/getListFeatured [32m200[0m 282.044 ms - 2380[0m
2023-08-24 03:07:06 info: [0mGET /ceos/getlistCeo [36m304[0m 56.576 ms - -[0m
2023-08-24 03:08:07 info: [0mGET /ceos/getlistCeo [36m304[0m 3516.040 ms - -[0m
2023-08-24 03:08:07 info: [0mGET /services/nav [36m304[0m 3791.224 ms - -[0m
2023-08-24 03:08:15 info: [0mGET /banners/getListBanner [32m200[0m 38.236 ms - 1404[0m
2023-08-24 03:08:15 info: [0mGET /services/nav [32m200[0m 32.627 ms - 1603[0m
2023-08-24 03:08:15 info: [0mGET /posts/getListFeatured [32m200[0m 133.507 ms - 2380[0m
2023-08-24 03:08:21 info: [0mGET /banners/getListBanner [32m200[0m 27.134 ms - 1404[0m
2023-08-24 03:08:21 info: [0mGET /services/nav [32m200[0m 61.419 ms - 1603[0m
2023-08-24 03:08:21 info: [0mGET /posts/getListFeatured [32m200[0m 151.994 ms - 2380[0m
2023-08-24 03:32:24 info: [0mGET /banners/getListBanner [32m200[0m 257.166 ms - 1404[0m
2023-08-24 03:32:24 info: [0mGET /banners/getListBanner [32m200[0m 425.272 ms - 1404[0m
2023-08-24 03:32:24 info: [0mGET /services/nav [32m200[0m 262.884 ms - 1603[0m
2023-08-24 03:32:24 info: [0mGET /services/nav [32m200[0m 345.266 ms - 1603[0m
2023-08-24 03:32:25 info: [0mGET /posts/getListFeatured [32m200[0m 876.182 ms - 2380[0m
2023-08-24 03:32:25 info: [0mGET /posts/getListFeatured [32m200[0m 611.853 ms - 2380[0m
2023-08-24 03:32:29 info: [0mGET /services/nav [36m304[0m 420.644 ms - -[0m
2023-08-24 03:32:42 info: [0mGET /services/nav [32m200[0m 454.310 ms - 1603[0m
2023-08-24 03:32:42 info: [0mGET /banners/getListBanner [32m200[0m 485.889 ms - 1404[0m
2023-08-24 03:32:42 info: [0mGET /posts/getListFeatured [32m200[0m 616.717 ms - 2380[0m
2023-08-24 03:33:02 info: [0mGET /ceos/getlistCeo [36m304[0m 1209.256 ms - -[0m
2023-08-24 03:33:06 info: [0mGET /banners/getListBanner [32m200[0m 98.565 ms - 1404[0m
2023-08-24 03:33:06 info: [0mGET /services/nav [32m200[0m 401.855 ms - 1603[0m
2023-08-24 03:33:06 info: [0mGET /posts/getListFeatured [32m200[0m 717.734 ms - 2380[0m
2023-08-24 03:33:40 info: [0mGET /banners/getListBanner [32m200[0m 1867.792 ms - 1404[0m
2023-08-24 03:33:40 info: [0mGET /banners/getListBanner [32m200[0m 2059.140 ms - 1404[0m
2023-08-24 03:33:40 info: [0mGET /services/nav [32m200[0m 1940.111 ms - 1603[0m
2023-08-24 03:33:40 info: [0mGET /services/nav [32m200[0m 1877.507 ms - 1603[0m
2023-08-24 03:33:41 info: [0mGET /posts/getListFeatured [32m200[0m 2908.686 ms - 2380[0m
2023-08-24 03:33:41 info: [0mGET /posts/getListFeatured [32m200[0m 3017.819 ms - 2380[0m
2023-08-24 03:33:46 info: [0mGET /services/nav [36m304[0m 405.067 ms - -[0m
2023-08-24 03:33:52 info: [0mGET /services/findBySlug/ung-dung-di-ong [32m200[0m 46.027 ms - 5096[0m
2023-08-24 03:33:58 info: [0mGET /banners/getListBanner [32m200[0m 58.546 ms - 1404[0m
2023-08-24 03:33:58 info: [0mGET /services/nav [32m200[0m 140.412 ms - 1603[0m
2023-08-24 03:33:58 info: [0mGET /posts/getListFeatured [32m200[0m 158.047 ms - 2380[0m
2023-08-24 03:35:43 info: [0mGET /banners/getListBanner [32m200[0m 5672.560 ms - 1404[0m
2023-08-24 03:35:43 info: [0mGET /banners/getListBanner [32m200[0m 5608.255 ms - 1404[0m
2023-08-24 03:35:43 info: [0mGET /services/nav [32m200[0m 5760.041 ms - 1603[0m
2023-08-24 03:35:43 info: [0mGET /services/nav [32m200[0m 5753.132 ms - 1603[0m
2023-08-24 03:35:44 info: [0mGET /posts/getListFeatured [32m200[0m 7267.452 ms - 2380[0m
2023-08-24 03:35:44 info: [0mGET /posts/getListFeatured [32m200[0m 7459.288 ms - 2380[0m
2023-08-24 03:35:52 info: [0mGET /services/nav [36m304[0m 1699.901 ms - -[0m
2023-08-24 03:36:01 info: [0mGET /ceos/getlistCeo [36m304[0m 444.246 ms - -[0m
2023-08-24 03:36:07 info: [0mGET /banners/getListBanner [32m200[0m 117.055 ms - 1404[0m
2023-08-24 03:36:08 info: [0mGET /services/nav [32m200[0m 194.143 ms - 1603[0m
2023-08-24 03:36:08 info: [0mGET /posts/getListFeatured [32m200[0m 293.989 ms - 2380[0m
2023-08-24 03:36:23 info: [0mGET /ceos/getlistCeo [36m304[0m 339.134 ms - -[0m
2023-08-24 03:36:25 info: [0mGET /banners/getListBanner [32m200[0m 27.387 ms - 1404[0m
2023-08-24 03:36:25 info: [0mGET /posts/getListFeatured [32m200[0m 114.644 ms - 2380[0m
2023-08-24 03:36:26 info: [0mGET /services/nav [32m200[0m 331.977 ms - 1603[0m
2023-08-24 03:37:39 info: [0mGET /jobs/getListFeatured [36m304[0m 1498.175 ms - -[0m
2023-08-24 03:38:19 info: [0mGET /banners/getListBanner [32m200[0m 257.743 ms - 1404[0m
2023-08-24 03:38:19 info: [0mGET /jobs/getListFeatured [36m304[0m 2159.475 ms - -[0m
2023-08-24 03:38:19 info: [0mGET /services/nav [32m200[0m 239.070 ms - 1603[0m
2023-08-24 03:38:19 info: [0mGET /services/nav [36m304[0m 2346.409 ms - -[0m
2023-08-24 03:38:19 info: [0mGET /posts/getListFeatured [32m200[0m 485.118 ms - 2380[0m
2023-08-24 03:38:25 info: [0mGET /ceos/getlistCeo [36m304[0m 165.922 ms - -[0m
2023-08-24 03:38:26 info: [0mGET /services/nav [32m200[0m 91.319 ms - 1603[0m
2023-08-24 03:38:26 info: [0mGET /banners/getListBanner [32m200[0m 156.106 ms - 1404[0m
2023-08-24 03:38:26 info: [0mGET /posts/getListFeatured [32m200[0m 360.468 ms - 2380[0m
2023-08-24 03:39:53 info: [0mGET /banners/getListBanner [32m200[0m 4231.430 ms - 1404[0m
2023-08-24 03:39:53 info: [0mGET /banners/getListBanner [32m200[0m 3258.582 ms - 1404[0m
2023-08-24 03:39:53 info: [0mGET /services/nav [32m200[0m 3620.536 ms - 1603[0m
2023-08-24 03:39:53 info: [0mGET /services/nav [32m200[0m 3161.348 ms - 1603[0m
2023-08-24 03:39:53 info: [0mGET /posts/getListFeatured [32m200[0m 3907.440 ms - 2380[0m
2023-08-24 03:39:53 info: [0mGET /posts/getListFeatured [32m200[0m 3430.795 ms - 2380[0m
2023-08-24 03:39:59 info: [0mGET /services/nav [36m304[0m 1826.339 ms - -[0m
2023-08-24 03:40:03 info: [0mGET /banners/getListBanner [32m200[0m 547.623 ms - 1404[0m
2023-08-24 03:40:03 info: [0mGET /services/nav [32m200[0m 475.024 ms - 1603[0m
2023-08-24 03:40:04 info: [0mGET /posts/getListFeatured [32m200[0m 710.627 ms - 2380[0m
2023-08-24 03:40:08 info: [0mGET /services/nav [36m304[0m 1131.906 ms - -[0m
2023-08-24 03:41:55 info: [0mGET /banners/getListBanner [32m200[0m 2806.163 ms - 1404[0m
2023-08-24 03:41:55 info: [0mGET /banners/getListBanner [32m200[0m 2943.603 ms - 1404[0m
2023-08-24 03:41:55 info: [0mGET /services/nav [32m200[0m 2811.026 ms - 1603[0m
2023-08-24 03:41:55 info: [0mGET /services/nav [32m200[0m 2903.053 ms - 1603[0m
2023-08-24 03:41:56 info: [0mGET /posts/getListFeatured [32m200[0m 4392.456 ms - 2380[0m
2023-08-24 03:41:56 info: [0mGET /posts/getListFeatured [32m200[0m 4937.926 ms - 2380[0m
2023-08-24 03:42:08 info: [0mGET /banners/getListBanner [32m200[0m 2156.696 ms - 1404[0m
2023-08-24 03:42:09 info: [0mGET /services/nav [32m200[0m 3137.319 ms - 1603[0m
2023-08-24 03:42:10 info: [0mGET /posts/getListFeatured [32m200[0m 3625.027 ms - 2380[0m
2023-08-24 03:42:23 info: [0mGET /services/nav [36m304[0m 6069.775 ms - -[0m
2023-08-24 03:43:17 info: [0mGET /ceos/getlistCeo [36m304[0m 2124.578 ms - -[0m
2023-08-24 03:43:17 info: [0mGET /banners/getListBanner [32m200[0m 150.168 ms - 1404[0m
2023-08-24 03:43:17 info: [0mGET /services/nav [32m200[0m 167.038 ms - 1603[0m
2023-08-24 03:43:17 info: [0mGET /posts/getListFeatured [32m200[0m 800.258 ms - 2380[0m
2023-08-24 03:43:20 info: [0mGET /ceos/getlistCeo [36m304[0m 285.113 ms - -[0m
2023-08-24 03:43:21 info: [0mGET /services/nav [32m200[0m 31.332 ms - 1603[0m
2023-08-24 03:43:21 info: [0mGET /banners/getListBanner [32m200[0m 43.456 ms - 1404[0m
2023-08-24 03:43:21 info: [0mGET /posts/getListFeatured [32m200[0m 171.229 ms - 2380[0m
