2023-04-11 00:05:09 info: [0mOPTIONS /folders/get-medias [32m204[0m 3.588 ms - 0[0m
2023-04-11 00:05:10 info: [0mPOST /folders/get-medias [32m200[0m 242.030 ms - 31[0m
2023-04-11 00:05:10 info: [0mGET /folders [36m304[0m 227.188 ms - -[0m
2023-04-11 00:05:11 info: [0mGET /admins? [36m304[0m 177.718 ms - -[0m
2023-04-11 00:05:11 info: [0mGET /admins?page=1&page_size=10 [36m304[0m 203.218 ms - -[0m
2023-04-11 00:05:11 info: [0mGET /roles? [36m304[0m 77.676 ms - -[0m
2023-04-11 00:05:11 info: [0mGET /roles?page=1&page_size=10 [36m304[0m 59.996 ms - -[0m
2023-04-11 00:05:14 info: [0mGET /admins?page=1&page_size=10 [36m304[0m 77.737 ms - -[0m
2023-04-11 00:05:14 info: [0mGET /admins? [36m304[0m 211.461 ms - -[0m
2023-04-11 00:05:15 info: [0mGET /roles?[object%20Object] [36m304[0m 41.338 ms - -[0m
2023-04-11 00:05:17 info: [0mGET /admins?page=1&page_size=10 [36m304[0m 37.449 ms - -[0m
2023-04-11 00:05:17 info: [0mGET /admins?page=1&page_size=10 [36m304[0m 4.232 ms - -[0m
2023-04-11 00:05:18 info: [0mGET /roles?[object%20Object] [36m304[0m 5.147 ms - -[0m
2023-04-11 00:05:23 info: [0mGET /projects? [36m304[0m 78.522 ms - -[0m
2023-04-11 00:05:23 info: [0mGET /projects?page=1&page_size=10 [36m304[0m 34.626 ms - -[0m
2023-04-11 00:05:26 info: [0mGET /projects?page=1&page_size=10 [36m304[0m 74.510 ms - -[0m
2023-04-11 00:05:26 info: [0mGET /projects?page=1&page_size=10 [36m304[0m 20.262 ms - -[0m
2023-04-11 00:11:29 info: [0mOPTIONS /admins/login [32m204[0m 3.397 ms - 0[0m
2023-04-11 00:11:29 info: [0mPOST /admins/login [32m200[0m 120.910 ms - 172[0m
2023-04-11 00:15:09 info: [0mOPTIONS /admins/login [32m204[0m 0.729 ms - 0[0m
2023-04-11 00:15:09 info: [0mPOST /admins/login [32m200[0m 96.682 ms - 172[0m
2023-04-11 00:15:13 info: [0mGET /banners?page=1&page_size=10 [36m304[0m 78.308 ms - -[0m
2023-04-11 00:15:13 info: [0mGET /banners? [36m304[0m 139.799 ms - -[0m
2023-04-11 00:15:13 info: [0mGET /projects? [36m304[0m 8.989 ms - -[0m
2023-04-11 00:15:13 info: [0mGET /projects?page=1&page_size=10 [36m304[0m 5.249 ms - -[0m
2023-04-11 00:15:14 info: [0mGET /posts? [36m304[0m 53.002 ms - -[0m
2023-04-11 00:15:14 info: [0mGET /posts?page=1&page_size=10 [36m304[0m 21.993 ms - -[0m
2023-04-11 00:15:14 info: [0mGET /categories? [36m304[0m 32.598 ms - -[0m
2023-04-11 00:15:15 info: [0mGET /categories?page=1&page_size=10 [36m304[0m 29.661 ms - -[0m
2023-04-11 00:15:15 info: [0mGET /jobs? [36m304[0m 14.288 ms - -[0m
2023-04-11 00:15:15 info: [0mGET /jobs?page=1&page_size=10 [36m304[0m 10.517 ms - -[0m
2023-04-11 00:15:16 info: [0mGET /ceos? [36m304[0m 55.322 ms - -[0m
2023-04-11 00:15:16 info: [0mGET /ceos?page=1&page_size=10 [36m304[0m 11.154 ms - -[0m
2023-04-11 00:15:19 info: [0mOPTIONS /admins/login [32m204[0m 0.216 ms - 0[0m
2023-04-11 00:15:19 info: [0mPOST /admins/login [32m200[0m 12.853 ms - 172[0m
2023-04-11 00:15:21 info: [0mGET /banners? [36m304[0m 34.668 ms - -[0m
2023-04-11 00:15:21 info: [0mGET /banners?page=1&page_size=10 [36m304[0m 8.209 ms - -[0m
2023-04-11 00:15:25 info: [0mOPTIONS /admins/login [32m204[0m 0.183 ms - 0[0m
2023-04-11 00:15:25 info: [0mPOST /admins/login [31m500[0m 10.800 ms - 64[0m
2023-04-11 00:15:40 info: [0mGET /projects?page=1&page_size=10 [36m304[0m 132.587 ms - -[0m
2023-04-11 00:15:40 info: [0mGET /projects? [36m304[0m 206.897 ms - -[0m
2023-04-11 00:15:43 info: [0mGET /posts? [36m304[0m 14.571 ms - -[0m
2023-04-11 00:15:43 info: [0mGET /posts?page=1&page_size=10 [36m304[0m 65.592 ms - -[0m
2023-04-11 00:15:44 info: [0mGET /jobs? [36m304[0m 59.300 ms - -[0m
2023-04-11 00:15:44 info: [0mGET /jobs?page=1&page_size=10 [36m304[0m 8.425 ms - -[0m
2023-04-11 00:15:45 info: [0mGET /categories? [36m304[0m 21.227 ms - -[0m
2023-04-11 00:15:45 info: [0mGET /categories?page=1&page_size=10 [36m304[0m 17.762 ms - -[0m
2023-04-11 00:15:48 info: [0mGET /ceos? [36m304[0m 138.899 ms - -[0m
2023-04-11 00:15:48 info: [0mGET /ceos?page=1&page_size=10 [36m304[0m 105.236 ms - -[0m
2023-04-11 00:15:52 info: [0mGET /roles?page=1&page_size=10 [36m304[0m 99.544 ms - -[0m
2023-04-11 00:15:52 info: [0mGET /roles? [36m304[0m 131.582 ms - -[0m
2023-04-11 00:15:56 info: [0mGET /admins? [36m304[0m 149.450 ms - -[0m
2023-04-11 00:15:56 info: [0mGET /admins?page=1&page_size=10 [36m304[0m 93.289 ms - -[0m
2023-04-11 00:15:59 info: [0mGET /admins/show/1 [36m304[0m 125.265 ms - -[0m
2023-04-11 00:15:59 info: [0mGET /roles?[object%20Object] [36m304[0m 6.905 ms - -[0m
2023-04-11 00:16:02 info: [0mGET /admins?page=1&page_size=10 [36m304[0m 11.508 ms - -[0m
2023-04-11 00:16:02 info: [0mGET /admins/show/1 [36m304[0m 41.438 ms - -[0m
2023-04-11 00:16:02 info: [0mGET /admins?page=1&page_size=10 [36m304[0m 12.372 ms - -[0m
2023-04-11 00:17:27 info: =================================
2023-04-11 00:17:27 info: ======= ENV: development =======
2023-04-11 00:17:27 info: 🚀 App listening on the port 8000
2023-04-11 00:17:27 info: =================================
2023-04-11 00:18:17 info: =================================
2023-04-11 00:18:17 info: ======= ENV: development =======
2023-04-11 00:18:17 info: 🚀 App listening on the port 8000
2023-04-11 00:18:17 info: =================================
2023-04-11 00:18:26 info: =================================
2023-04-11 00:18:26 info: ======= ENV: development =======
2023-04-11 00:18:26 info: 🚀 App listening on the port 8000
2023-04-11 00:18:26 info: =================================
2023-04-11 00:18:48 info: =================================
2023-04-11 00:18:48 info: ======= ENV: development =======
2023-04-11 00:18:48 info: 🚀 App listening on the port 8000
2023-04-11 00:18:48 info: =================================
2023-04-11 00:19:12 info: =================================
2023-04-11 00:19:12 info: ======= ENV: development =======
2023-04-11 00:19:12 info: 🚀 App listening on the port 8000
2023-04-11 00:19:12 info: =================================
2023-04-11 00:24:02 info: =================================
2023-04-11 00:24:02 info: ======= ENV: development =======
2023-04-11 00:24:02 info: 🚀 App listening on the port 8000
2023-04-11 00:24:02 info: =================================
2023-04-11 00:24:44 info: =================================
2023-04-11 00:24:44 info: ======= ENV: development =======
2023-04-11 00:24:44 info: 🚀 App listening on the port 8000
2023-04-11 00:24:44 info: =================================
2023-04-11 00:26:38 info: =================================
2023-04-11 00:26:38 info: ======= ENV: development =======
2023-04-11 00:26:38 info: 🚀 App listening on the port 8000
2023-04-11 00:26:38 info: =================================
2023-04-11 00:26:58 info: =================================
2023-04-11 00:26:58 info: ======= ENV: development =======
2023-04-11 00:26:58 info: 🚀 App listening on the port 8000
2023-04-11 00:26:58 info: =================================
2023-04-11 00:27:06 info: =================================
2023-04-11 00:27:06 info: ======= ENV: development =======
2023-04-11 00:27:06 info: 🚀 App listening on the port 8000
2023-04-11 00:27:06 info: =================================
2023-04-11 00:27:58 info: =================================
2023-04-11 00:27:58 info: ======= ENV: development =======
2023-04-11 00:27:58 info: 🚀 App listening on the port 8000
2023-04-11 00:27:58 info: =================================
2023-04-11 00:28:39 info: [0mPOST /admins/login [32m200[0m 132.423 ms - 560[0m
2023-04-11 00:29:41 info: =================================
2023-04-11 00:29:41 info: ======= ENV: development =======
2023-04-11 00:29:41 info: 🚀 App listening on the port 8000
2023-04-11 00:29:41 info: =================================
2023-04-11 00:29:59 info: [0mPOST /admins/login [32m200[0m 99.274 ms - 744[0m
2023-04-11 00:30:26 info: =================================
2023-04-11 00:30:26 info: ======= ENV: development =======
2023-04-11 00:30:26 info: 🚀 App listening on the port 8000
2023-04-11 00:30:26 info: =================================
2023-04-11 00:30:35 info: [0mPOST /admins/login [32m200[0m 108.833 ms - 928[0m
2023-04-11 00:30:43 info: [0mPOST /admins/login [32m200[0m 10.963 ms - 560[0m
2023-04-11 00:32:20 info: =================================
2023-04-11 00:32:20 info: ======= ENV: development =======
2023-04-11 00:32:20 info: 🚀 App listening on the port 8000
2023-04-11 00:32:20 info: =================================
2023-04-11 00:32:29 info: [0mPOST /admins/logout [33m401[0m 164.202 ms - 39[0m
2023-04-11 00:32:32 info: [0mPOST /admins/login [32m200[0m 35.769 ms - 560[0m
2023-04-11 00:32:37 info: [0mPOST /admins/logout [33m401[0m 49.114 ms - 39[0m
2023-04-11 00:32:54 info: [0mPOST /admins/logout [0m-[0m - ms - -[0m
2023-04-11 00:34:15 info: =================================
2023-04-11 00:34:15 info: ======= ENV: development =======
2023-04-11 00:34:15 info: 🚀 App listening on the port 8000
2023-04-11 00:34:15 info: =================================
2023-04-11 00:34:54 info: =================================
2023-04-11 00:34:54 info: ======= ENV: development =======
2023-04-11 00:34:54 info: 🚀 App listening on the port 8000
2023-04-11 00:34:54 info: =================================
2023-04-11 00:35:17 info: =================================
2023-04-11 00:35:17 info: ======= ENV: development =======
2023-04-11 00:35:17 info: 🚀 App listening on the port 8000
2023-04-11 00:35:17 info: =================================
2023-04-11 00:36:02 info: =================================
2023-04-11 00:36:02 info: ======= ENV: development =======
2023-04-11 00:36:02 info: 🚀 App listening on the port 8000
2023-04-11 00:36:02 info: =================================
2023-04-11 00:36:06 info: [0mPOST /admins/login [32m200[0m 114.753 ms - 744[0m
2023-04-11 00:36:11 info: [0mPOST /admins/logout [32m200[0m 12.719 ms - 33[0m
2023-04-11 00:36:15 info: [0mPOST /admins/logout [33m401[0m 56.541 ms - 39[0m
2023-04-11 00:48:58 info: [0mGET /admins?page=1&page_size=10 [32m200[0m 728.655 ms - 432[0m
2023-04-11 00:48:58 info: [0mGET /admins?page=1&page_size=10 [36m304[0m 166.824 ms - -[0m
2023-04-11 00:48:59 info: [0mGET /admins? [32m200[0m 29.545 ms - 432[0m
2023-04-11 00:49:01 info: [0mGET /roles?page=1&page_size=10 [36m304[0m 20.223 ms - -[0m
2023-04-11 00:49:02 info: [0mGET /roles?page=1&page_size=10 [36m304[0m 55.500 ms - -[0m
2023-04-11 00:49:02 info: [0mGET /roles? [36m304[0m 9.964 ms - -[0m
2023-04-11 00:51:03 info: [0mOPTIONS /admins/login [32m204[0m 1.403 ms - 0[0m
2023-04-11 00:51:03 info: [0mPOST /admins/login [32m200[0m 69.593 ms - 744[0m
2023-04-11 00:52:38 info: [0mOPTIONS /admins/login [32m204[0m 1.159 ms - 0[0m
2023-04-11 00:52:38 info: [0mPOST /admins/login [32m200[0m 164.282 ms - 928[0m
2023-04-11 00:53:27 info: [0mOPTIONS /admins/login [32m204[0m 2.141 ms - 0[0m
2023-04-11 00:53:27 info: [0mPOST /admins/login [32m200[0m 53.501 ms - -[0m
2023-04-11 01:09:48 info: [0mOPTIONS /admins/login [32m204[0m 3.198 ms - 0[0m
2023-04-11 01:09:48 info: [0mPOST /admins/login [32m200[0m 237.830 ms - -[0m
2023-04-11 01:10:00 info: [0mOPTIONS /admins/login [32m204[0m 0.286 ms - 0[0m
2023-04-11 01:10:00 info: [0mPOST /admins/login [32m200[0m 29.396 ms - -[0m
2023-04-11 01:14:04 info: =================================
2023-04-11 01:14:04 info: ======= ENV: development =======
2023-04-11 01:14:04 info: 🚀 App listening on the port 8000
2023-04-11 01:14:04 info: =================================
2023-04-11 01:14:18 info: [0mOPTIONS /admins/login [32m204[0m 2.773 ms - 0[0m
2023-04-11 01:14:18 info: [0mPOST /admins/login [32m200[0m 263.099 ms - -[0m
2023-04-11 01:18:15 info: [0mOPTIONS /admins/profile [32m204[0m 17.169 ms - 0[0m
2023-04-11 01:18:15 info: [0mGET /admins/profile [33m404[0m 60.750 ms - 153[0m
2023-04-11 01:18:20 info: [0mGET /admins/profile [33m404[0m 5.895 ms - 153[0m
2023-04-11 01:19:01 info: =================================
2023-04-11 01:19:01 info: ======= ENV: development =======
2023-04-11 01:19:01 info: 🚀 App listening on the port 8000
2023-04-11 01:19:01 info: =================================
2023-04-11 01:19:03 info: [0mOPTIONS /admins/profile [32m204[0m 4.124 ms - 0[0m
2023-04-11 01:19:04 info: [0mGET /admins/profile [32m200[0m 297.165 ms - 172[0m
2023-04-11 01:19:37 info: [0mOPTIONS /admins/profile [32m204[0m 0.917 ms - 0[0m
2023-04-11 01:19:37 info: [0mGET /admins/profile [36m304[0m 150.800 ms - -[0m
2023-04-11 01:24:31 info: [0mOPTIONS /admins/profile [32m204[0m 1.682 ms - 0[0m
2023-04-11 01:24:31 info: [0mGET /admins/profile [36m304[0m 172.382 ms - -[0m
2023-04-11 01:24:54 info: [0mOPTIONS /admins/profile [32m204[0m 1.136 ms - 0[0m
2023-04-11 01:24:54 info: [0mGET /admins/profile [36m304[0m 60.481 ms - -[0m
2023-04-11 01:25:01 info: [0mOPTIONS /admins/profile [32m204[0m 2.456 ms - 0[0m
2023-04-11 01:25:01 info: [0mGET /admins/profile [36m304[0m 20.771 ms - -[0m
2023-04-11 01:25:08 info: [0mOPTIONS /admins/profile [32m204[0m 0.915 ms - 0[0m
2023-04-11 01:25:08 info: [0mGET /admins/profile [36m304[0m 76.763 ms - -[0m
2023-04-11 01:33:17 info: [0mOPTIONS /admins/profile [32m204[0m 7.421 ms - 0[0m
2023-04-11 01:33:18 info: [0mGET /admins/profile [36m304[0m 151.890 ms - -[0m
2023-04-11 01:35:26 info: [0mGET /admins?page=1&page_size=10 [32m200[0m 66.365 ms - -[0m
2023-04-11 01:35:26 info: [0mGET /admins? [32m200[0m 176.312 ms - -[0m
2023-04-11 01:35:29 info: [0mGET /admins/show/1 [36m304[0m 24.464 ms - -[0m
2023-04-11 01:35:30 info: [0mGET /roles?[object%20Object] [36m304[0m 7.605 ms - -[0m
2023-04-11 01:35:37 info: [0mGET /admins/show/1 [36m304[0m 92.905 ms - -[0m
2023-04-11 01:35:37 info: [0mGET /roles? [36m304[0m 96.889 ms - -[0m
2023-04-11 01:35:37 info: [0mGET /roles?page=1&page_size=10 [36m304[0m 28.845 ms - -[0m
2023-04-11 01:35:38 info: [0mGET /roles/show/3 [32m200[0m 23.599 ms - 375[0m
2023-04-11 01:35:38 info: [0mGET /permissions?id=3 [32m200[0m 25.060 ms - -[0m
2023-04-11 01:35:40 info: [0mGET /roles/show/3 [36m304[0m 17.375 ms - -[0m
2023-04-11 01:35:40 info: [0mGET /roles?page=1&page_size=10 [36m304[0m 15.926 ms - -[0m
2023-04-11 01:35:40 info: [0mGET /roles?page=1&page_size=10 [36m304[0m 8.524 ms - -[0m
2023-04-11 01:35:41 info: [0mGET /roles/show/1 [36m304[0m 14.295 ms - -[0m
2023-04-11 01:35:41 info: [0mGET /permissions?id=1 [36m304[0m 20.188 ms - -[0m
2023-04-11 01:35:42 info: [0mGET /roles/show/1 [36m304[0m 9.901 ms - -[0m
2023-04-11 01:35:42 info: [0mGET /roles?page=1&page_size=10 [36m304[0m 15.727 ms - -[0m
2023-04-11 01:35:42 info: [0mGET /roles?page=1&page_size=10 [36m304[0m 6.905 ms - -[0m
2023-04-11 01:35:43 info: [0mGET /roles/show/2 [36m304[0m 16.413 ms - -[0m
2023-04-11 01:35:43 info: [0mGET /permissions?id=2 [36m304[0m 31.469 ms - -[0m
2023-04-11 01:35:44 info: [0mGET /roles/show/2 [36m304[0m 12.801 ms - -[0m
2023-04-11 01:35:44 info: [0mGET /roles?page=1&page_size=10 [36m304[0m 20.300 ms - -[0m
2023-04-11 01:35:44 info: [0mGET /roles?page=1&page_size=10 [36m304[0m 12.568 ms - -[0m
2023-04-11 01:36:26 info: [0mGET /admins? [36m304[0m 70.935 ms - -[0m
2023-04-11 01:36:26 info: [0mGET /admins?page=1&page_size=10 [36m304[0m 51.630 ms - -[0m
2023-04-11 01:36:28 info: [0mGET /admins/show/1 [36m304[0m 29.084 ms - -[0m
2023-04-11 01:36:29 info: [0mGET /roles?[object%20Object] [36m304[0m 5.664 ms - -[0m
2023-04-11 01:36:29 info: [0mOPTIONS /admins/profile [32m204[0m 0.217 ms - 0[0m
2023-04-11 01:36:29 info: [0mGET /admins/profile [36m304[0m 31.285 ms - -[0m
2023-04-11 01:36:29 info: [0mGET /admins/show/1 [36m304[0m 10.498 ms - -[0m
2023-04-11 01:36:30 info: [0mGET /roles?[object%20Object] [36m304[0m 14.790 ms - -[0m
2023-04-11 01:36:35 info: [0mOPTIONS /admins/update/1 [32m204[0m 0.305 ms - 0[0m
2023-04-11 01:36:35 info: [0mPUT /admins/update/1 [32m200[0m 65.326 ms - 16[0m
2023-04-11 01:36:35 info: [0mGET /admins/show/1 [32m200[0m 4.526 ms - 122[0m
2023-04-11 01:36:35 info: [0mGET /roles?[object%20Object] [36m304[0m 4.121 ms - -[0m
2023-04-11 01:36:40 info: [0mGET /roles?[object%20Object] [36m304[0m 8.049 ms - -[0m
2023-04-11 01:36:40 info: [0mOPTIONS /admins/profile [32m204[0m 0.147 ms - 0[0m
2023-04-11 01:36:40 info: [0mGET /admins/profile [32m200[0m 9.638 ms - 128[0m
2023-04-11 01:36:40 info: [0mGET /admins/show/1 [36m304[0m 4.927 ms - -[0m
2023-04-11 01:36:41 info: [0mGET /roles?[object%20Object] [36m304[0m 15.943 ms - -[0m
2023-04-11 01:37:00 info: [0mOPTIONS /admins/update/1 [32m204[0m 0.211 ms - 0[0m
2023-04-11 01:37:00 info: [0mPUT /admins/update/1 [32m200[0m 24.483 ms - 16[0m
2023-04-11 01:37:00 info: [0mGET /admins/show/1 [32m200[0m 18.922 ms - 123[0m
2023-04-11 01:37:00 info: [0mGET /roles?[object%20Object] [36m304[0m 2.864 ms - -[0m
2023-04-11 01:37:03 info: [0mGET /roles?[object%20Object] [36m304[0m 7.780 ms - -[0m
2023-04-11 01:37:03 info: [0mOPTIONS /admins/profile [32m204[0m 3.253 ms - 0[0m
2023-04-11 01:37:03 info: [0mGET /admins/profile [32m200[0m 14.191 ms - 146[0m
2023-04-11 01:37:03 info: [0mGET /admins/show/1 [36m304[0m 21.735 ms - -[0m
2023-04-11 01:37:03 info: [0mGET /roles?[object%20Object] [36m304[0m 5.045 ms - -[0m
2023-04-11 01:38:11 info: [0mGET /admins/show/1 [36m304[0m 172.142 ms - -[0m
2023-04-11 01:38:11 info: [0mGET /roles? [36m304[0m 158.849 ms - -[0m
2023-04-11 01:38:11 info: [0mGET /roles?page=1&page_size=10 [36m304[0m 119.314 ms - -[0m
2023-04-11 01:38:13 info: [0mGET /roles/show/1 [36m304[0m 14.514 ms - -[0m
2023-04-11 01:38:13 info: [0mGET /permissions?id=1 [36m304[0m 30.694 ms - -[0m
2023-04-11 01:38:19 info: [0mOPTIONS /roles/update/1 [32m204[0m 0.167 ms - 0[0m
2023-04-11 01:38:19 info: [0mPUT /roles/update/1 [32m200[0m 31.264 ms - 16[0m
2023-04-11 01:38:19 info: [0mGET /roles/show/1 [32m200[0m 6.061 ms - -[0m
2023-04-11 01:38:19 info: [0mGET /admins/show/1 [36m304[0m 41.968 ms - -[0m
2023-04-11 01:38:24 info: [0mOPTIONS /admins/profile [32m204[0m 1.290 ms - 0[0m
2023-04-11 01:38:24 info: [0mGET /admins/profile [32m200[0m 68.562 ms - 221[0m
2023-04-11 01:38:24 info: [0mGET /roles/show/1 [36m304[0m 10.420 ms - -[0m
2023-04-11 01:38:24 info: [0mGET /permissions?id=1 [36m304[0m 19.376 ms - -[0m
2023-04-11 01:41:27 info: [0mOPTIONS /admins/profile [32m204[0m 0.704 ms - 0[0m
2023-04-11 01:41:27 info: [0mGET /roles/show/1 [36m304[0m 29.968 ms - -[0m
2023-04-11 01:41:27 info: [0mGET /permissions?id=1 [36m304[0m 48.430 ms - -[0m
2023-04-11 01:41:27 info: [0mGET /admins/profile [36m304[0m 122.079 ms - -[0m
2023-04-11 01:41:31 info: [0mGET /roles/show/1 [36m304[0m 13.946 ms - -[0m
2023-04-11 01:41:31 info: [0mGET /admins? [36m304[0m 11.360 ms - -[0m
2023-04-11 01:41:31 info: [0mGET /admins?page=1&page_size=10 [36m304[0m 20.230 ms - -[0m
2023-04-11 01:41:36 info: [0mGET /roles?[object%20Object] [32m200[0m 48.799 ms - 316[0m
2023-04-11 01:41:58 info: [0mOPTIONS /admins/create [32m204[0m 0.592 ms - 0[0m
2023-04-11 01:41:58 info: [0mPOST /admins/create [32m200[0m 42.314 ms - 16[0m
2023-04-11 01:41:58 info: [0mGET /admins?page=1&page_size=10 [32m200[0m 45.478 ms - -[0m
2023-04-11 01:41:58 info: [0mGET /admins?page=1&page_size=10 [36m304[0m 8.203 ms - -[0m
2023-04-11 01:42:00 info: [0mGET /roles? [32m200[0m 31.488 ms - 316[0m
2023-04-11 01:42:00 info: [0mGET /roles?page=1&page_size=10 [32m200[0m 43.135 ms - 316[0m
2023-04-11 01:42:02 info: [0mGET /roles/show/2 [36m304[0m 19.995 ms - -[0m
2023-04-11 01:42:02 info: [0mGET /permissions?id=2 [36m304[0m 23.332 ms - -[0m
2023-04-11 01:42:10 info: [0mOPTIONS /admins/profile [32m204[0m 0.199 ms - 0[0m
2023-04-11 01:42:10 info: [0mGET /admins/profile [36m304[0m 37.917 ms - -[0m
2023-04-11 01:42:10 info: [0mGET /roles/show/2 [36m304[0m 35.082 ms - -[0m
2023-04-11 01:42:10 info: [0mGET /permissions?id=2 [36m304[0m 28.131 ms - -[0m
2023-04-11 01:42:23 info: [0mGET /roles/show/2 [36m304[0m 124.023 ms - -[0m
2023-04-11 01:42:23 info: [0mGET /jobs? [36m304[0m 98.513 ms - -[0m
2023-04-11 01:42:23 info: [0mGET /jobs?page=1&page_size=10 [36m304[0m 44.319 ms - -[0m
2023-04-11 01:42:25 info: [0mGET /jobs? [36m304[0m 8.733 ms - -[0m
2023-04-11 01:42:27 info: [0mGET /roles/show/2 [36m304[0m 27.639 ms - -[0m
2023-04-11 01:42:27 info: [0mGET /permissions?id=2 [36m304[0m 29.698 ms - -[0m
2023-04-11 01:42:33 info: [0mGET /roles/show/2 [36m304[0m 8.317 ms - -[0m
2023-04-11 01:42:33 info: [0mGET /roles? [36m304[0m 9.191 ms - -[0m
2023-04-11 01:42:33 info: [0mGET /roles?page=1&page_size=10 [36m304[0m 94.794 ms - -[0m
2023-04-11 01:42:35 info: [0mGET /roles/show/1 [36m304[0m 20.588 ms - -[0m
2023-04-11 01:42:35 info: [0mGET /permissions?id=1 [36m304[0m 22.928 ms - -[0m
2023-04-11 01:42:40 info: [0mGET /roles/show/1 [36m304[0m 12.445 ms - -[0m
2023-04-11 01:42:40 info: [0mGET /roles?page=1&page_size=10 [36m304[0m 6.798 ms - -[0m
2023-04-11 01:42:40 info: [0mGET /roles?page=1&page_size=10 [36m304[0m 7.790 ms - -[0m
2023-04-11 01:42:42 info: [0mGET /roles/show/2 [36m304[0m 5.228 ms - -[0m
2023-04-11 01:42:42 info: [0mGET /permissions?id=2 [36m304[0m 11.024 ms - -[0m
2023-04-11 01:42:43 info: [0mGET /roles/show/2 [36m304[0m 6.788 ms - -[0m
2023-04-11 01:42:43 info: [0mGET /roles?page=1&page_size=10 [36m304[0m 4.589 ms - -[0m
2023-04-11 01:42:43 info: [0mGET /roles?page=1&page_size=10 [36m304[0m 30.298 ms - -[0m
2023-04-11 01:42:53 info: [0mGET /admins/profile [33m401[0m 2.698 ms - 29[0m
2023-04-11 01:42:53 info: [0mGET /roles?page=1&page_size=10 [36m304[0m 29.576 ms - -[0m
2023-04-11 01:42:53 info: [0mGET /roles?page=1&page_size=10 [36m304[0m 7.877 ms - -[0m
2023-04-11 01:42:55 info: [0mGET /roles? [36m304[0m 19.758 ms - -[0m
2023-04-11 01:43:08 info: [0mOPTIONS /admins/login [32m204[0m 0.740 ms - 0[0m
2023-04-11 01:43:08 info: [0mPOST /admins/login [32m200[0m 60.113 ms - 572[0m
2023-04-11 01:43:08 info: [0mGET /admins/profile [33m401[0m 0.942 ms - 29[0m
2023-04-11 01:43:38 info: [0mOPTIONS /admins/login [32m204[0m 1.370 ms - 0[0m
2023-04-11 01:43:38 info: [0mPOST /admins/login [32m200[0m 57.550 ms - 754[0m
2023-04-11 01:43:39 info: [0mOPTIONS /admins/profile [32m204[0m 0.145 ms - 0[0m
2023-04-11 01:43:39 info: [0mGET /admins/profile [32m200[0m 71.633 ms - 178[0m
2023-04-11 01:43:54 info: [0mGET /projects? [36m304[0m 79.984 ms - -[0m
2023-04-11 01:43:54 info: [0mGET /projects?page=1&page_size=10 [36m304[0m 41.780 ms - -[0m
2023-04-11 01:43:55 info: [0mGET /posts? [36m304[0m 74.605 ms - -[0m
2023-04-11 01:43:55 info: [0mGET /posts?page=1&page_size=10 [36m304[0m 28.354 ms - -[0m
2023-04-11 01:43:56 info: [0mGET /ceos? [36m304[0m 43.320 ms - -[0m
2023-04-11 01:43:56 info: [0mGET /ceos?page=1&page_size=10 [36m304[0m 8.442 ms - -[0m
2023-04-11 01:43:56 info: [0mGET /ceos? [36m304[0m 7.421 ms - -[0m
2023-04-11 01:43:58 info: [0mGET /ceos? [36m304[0m 6.655 ms - -[0m
2023-04-11 01:43:59 info: [0mGET /posts? [36m304[0m 6.342 ms - -[0m
2023-04-11 01:43:59 info: [0mGET /posts?page=1&page_size=10 [36m304[0m 7.385 ms - -[0m
2023-04-11 01:44:00 info: [0mGET /ceos? [36m304[0m 13.316 ms - -[0m
2023-04-11 01:44:00 info: [0mGET /ceos?page=1&page_size=10 [36m304[0m 11.154 ms - -[0m
2023-04-11 01:44:01 info: [0mGET /ceos? [36m304[0m 7.652 ms - -[0m
2023-04-11 01:44:51 info: [0mGET /ceos? [36m304[0m 70.615 ms - -[0m
2023-04-11 01:44:53 info: [0mOPTIONS /admins/profile [32m204[0m 0.127 ms - 0[0m
2023-04-11 01:44:53 info: [0mGET /ceos? [36m304[0m 10.053 ms - -[0m
2023-04-11 01:44:53 info: [0mGET /admins/profile [36m304[0m 12.810 ms - -[0m
2023-04-11 01:44:53 info: [0mGET /ceos?page=1&page_size=10 [36m304[0m 28.567 ms - -[0m
2023-04-11 01:45:01 info: [0mGET /admins/profile [33m401[0m 2.680 ms - 29[0m
2023-04-11 01:45:01 info: [0mGET /ceos?page=1&page_size=10 [36m304[0m 39.397 ms - -[0m
2023-04-11 01:45:01 info: [0mGET /ceos?page=1&page_size=10 [36m304[0m 14.128 ms - -[0m
2023-04-11 01:45:05 info: [0mGET /admins/profile [33m401[0m 0.494 ms - 29[0m
2023-04-11 01:45:05 info: [0mGET /ceos?page=1&page_size=10 [36m304[0m 21.015 ms - -[0m
2023-04-11 01:45:05 info: [0mGET /ceos?page=1&page_size=10 [36m304[0m 25.111 ms - -[0m
2023-04-11 01:45:05 info: [0mGET /ceos?page=1&page_size=10 [36m304[0m 17.758 ms - -[0m
2023-04-11 01:45:06 info: [0mGET /ceos? [36m304[0m 11.370 ms - -[0m
2023-04-11 01:48:24 info: [0mOPTIONS /admins/login [32m204[0m 1.819 ms - 0[0m
2023-04-11 01:48:24 info: [0mPOST /admins/login [32m200[0m 47.012 ms - -[0m
2023-04-11 01:57:21 info: [0mOPTIONS /admins/login [32m204[0m 1.760 ms - 0[0m
2023-04-11 01:57:21 info: [0mPOST /admins/login [32m200[0m 111.757 ms - -[0m
2023-04-11 01:57:28 info: [0mOPTIONS /admins/login [32m204[0m 1.242 ms - 0[0m
2023-04-11 01:57:28 info: [0mPOST /admins/login [32m200[0m 14.750 ms - -[0m
2023-04-11 01:58:10 info: [0mOPTIONS /admins/login [32m204[0m 6.224 ms - 0[0m
2023-04-11 01:58:10 info: [0mPOST /admins/login [32m200[0m 111.761 ms - -[0m
2023-04-11 01:58:11 info: [0mOPTIONS /admins/profile [32m204[0m 0.173 ms - 0[0m
2023-04-11 01:58:11 info: [0mGET /admins/profile [32m200[0m 120.808 ms - 221[0m
2023-04-11 01:59:20 info: [0mOPTIONS /admins/login [32m204[0m 0.797 ms - 0[0m
2023-04-11 01:59:21 info: [0mPOST /admins/login [32m200[0m 111.220 ms - -[0m
2023-04-11 01:59:21 info: [0mGET /admins/profile [33m401[0m 0.534 ms - 29[0m
2023-04-11 02:00:04 info: [0mOPTIONS /admins/login [32m204[0m 0.720 ms - 0[0m
2023-04-11 02:00:04 info: [0mPOST /admins/login [32m200[0m 50.881 ms - -[0m
2023-04-11 02:00:04 info: [0mGET /admins/profile [33m401[0m 0.919 ms - 29[0m
2023-04-11 02:00:47 info: [0mGET /admins/profile [33m401[0m 3.034 ms - 29[0m
2023-04-11 02:01:21 info: [0mGET /admins/profile [33m401[0m 2.243 ms - 29[0m
2023-04-11 02:01:37 info: [0mOPTIONS /admins/profile [32m204[0m 0.715 ms - 0[0m
2023-04-11 02:01:38 info: [0mGET /admins/profile [36m304[0m 136.810 ms - -[0m
2023-04-11 02:01:52 info: [0mOPTIONS /admins/profile [32m204[0m 0.681 ms - 0[0m
2023-04-11 02:01:52 info: [0mGET /admins/profile [36m304[0m 271.462 ms - -[0m
2023-04-11 02:03:15 info: [0mOPTIONS /admins/profile [32m204[0m 0.806 ms - 0[0m
2023-04-11 02:03:15 info: [0mGET /admins/profile [36m304[0m 164.224 ms - -[0m
2023-04-11 02:03:20 info: [0mGET /admins/profile [36m304[0m 42.802 ms - -[0m
2023-04-11 02:04:39 info: [0mOPTIONS /admins/login [32m204[0m 0.655 ms - 0[0m
2023-04-11 02:04:39 info: [0mPOST /admins/login [32m200[0m 40.073 ms - -[0m
2023-04-11 02:08:58 info: [0mGET /admins/profile [33m401[0m 15.185 ms - 29[0m
2023-04-11 02:09:02 info: [0mOPTIONS /admins/login [32m204[0m 0.355 ms - 0[0m
2023-04-11 02:09:02 info: [0mGET /admins/profile [33m401[0m 0.604 ms - 29[0m
2023-04-11 02:09:02 info: [0mPOST /admins/login [32m200[0m 166.808 ms - -[0m
2023-04-11 02:09:02 info: [0mGET /admins/profile [33m401[0m 0.918 ms - 29[0m
2023-04-11 02:09:09 info: [0mGET /admins/profile [33m401[0m 0.603 ms - 29[0m
2023-04-11 02:09:19 info: [0mGET /admins/profile [33m401[0m 10.278 ms - 29[0m
2023-04-11 02:09:39 info: [0mGET /admins/profile [33m401[0m 1.028 ms - 29[0m
2023-04-11 02:09:39 info: [0mGET /posts? [36m304[0m 161.271 ms - -[0m
2023-04-11 02:09:40 info: [0mGET /posts?page=1&page_size=10 [36m304[0m 34.563 ms - -[0m
2023-04-11 02:09:42 info: [0mOPTIONS /admins/login [32m204[0m 0.263 ms - 0[0m
2023-04-11 02:09:42 info: [0mPOST /admins/login [32m200[0m 23.357 ms - -[0m
2023-04-11 02:09:42 info: [0mGET /admins/profile [33m401[0m 0.856 ms - 29[0m
2023-04-11 02:11:03 info: [0mOPTIONS /admins/login [32m204[0m 0.745 ms - 0[0m
2023-04-11 02:11:03 info: [0mGET /admins/profile [33m401[0m 4.507 ms - 29[0m
2023-04-11 02:11:03 info: [0mPOST /admins/login [32m200[0m 110.390 ms - -[0m
2023-04-11 02:11:03 info: [0mGET /admins/profile [33m401[0m 0.541 ms - 29[0m
2023-04-11 02:11:16 info: [0mOPTIONS /admins/login [32m204[0m 0.500 ms - 0[0m
2023-04-11 02:11:16 info: [0mGET /admins/profile [33m401[0m 0.505 ms - 29[0m
2023-04-11 02:11:17 info: [0mPOST /admins/login [32m200[0m 76.132 ms - -[0m
2023-04-11 02:11:17 info: [0mGET /admins/profile [33m401[0m 1.082 ms - 29[0m
2023-04-11 02:12:54 info: [0mGET /admins/profile [33m401[0m 96.400 ms - 29[0m
2023-04-11 02:13:17 info: [0mOPTIONS /admins/login [32m204[0m 3.502 ms - 0[0m
2023-04-11 02:13:17 info: [0mPOST /admins/login [32m200[0m 42.053 ms - -[0m
2023-04-11 02:13:18 info: [0mGET /admins/profile [33m401[0m 0.627 ms - 29[0m
2023-04-11 02:14:07 info: [0mGET /admins/profile [33m401[0m 173.677 ms - 29[0m
2023-04-11 02:14:08 info: [0mGET /admins/profile [33m401[0m 1.254 ms - 29[0m
2023-04-11 02:14:14 info: [0mOPTIONS /admins/profile [32m204[0m 2.397 ms - 0[0m
2023-04-11 02:14:14 info: [0mGET /admins/profile [36m304[0m 200.427 ms - -[0m
2023-04-11 02:14:25 info: [0mOPTIONS /admins/login [32m204[0m 1.184 ms - 0[0m
2023-04-11 02:14:25 info: [0mPOST /admins/login [32m200[0m 17.221 ms - -[0m
2023-04-11 02:14:25 info: [0mGET /admins/profile [33m401[0m 0.628 ms - 29[0m
2023-04-11 05:04:16 info: [0mGET /admins/profile [33m401[0m 6.720 ms - 29[0m
2023-04-11 09:30:35 info: [0mGET /admins/profile [33m401[0m 7.103 ms - 29[0m
2023-04-11 15:18:58 info: =================================
2023-04-11 15:18:58 info: ======= ENV: development =======
2023-04-11 15:18:58 info: 🚀 App listening on the port 8000
2023-04-11 15:18:58 info: =================================
2023-04-11 15:19:26 info: [0mOPTIONS /admins/login [32m204[0m 3.790 ms - 0[0m
2023-04-11 15:19:26 info: [0mPOST /admins/login [32m200[0m 276.946 ms - -[0m
2023-04-11 15:19:27 info: [0mOPTIONS /admins/profile [32m204[0m 0.237 ms - 0[0m
2023-04-11 15:19:27 info: [0mGET /admins/profile [36m304[0m 130.734 ms - -[0m
2023-04-11 15:22:45 info: [0mGET /admins/profile [33m401[0m 22.295 ms - 29[0m
2023-04-11 15:22:54 info: [0mGET /admins/profile [33m401[0m 2.065 ms - 29[0m
2023-04-11 15:23:07 info: [0mOPTIONS /admins/login [32m204[0m 3.177 ms - 0[0m
2023-04-11 15:23:07 info: [0mGET /admins/profile [33m401[0m 0.995 ms - 29[0m
2023-04-11 15:23:07 info: [0mPOST /admins/login [32m200[0m 123.998 ms - -[0m
2023-04-11 15:23:22 info: [0mOPTIONS /admins/profile [32m204[0m 1.712 ms - 0[0m
2023-04-11 15:23:22 info: [0mGET /admins/profile [36m304[0m 130.748 ms - -[0m
2023-04-11 15:26:25 info: [0mGET /admins/profile [33m401[0m 3.482 ms - 29[0m
2023-04-11 15:26:36 info: [0mOPTIONS /admins/login [32m204[0m 1.331 ms - 0[0m
2023-04-11 15:26:37 info: [0mPOST /admins/login [32m200[0m 34.805 ms - -[0m
2023-04-11 15:26:37 info: [0mGET /admins/profile [33m401[0m 1.672 ms - 29[0m
2023-04-11 15:27:16 info: [0mGET /admins/profile [33m401[0m 3.895 ms - 29[0m
2023-04-11 15:27:24 info: [0mOPTIONS /admins/login [32m204[0m 0.407 ms - 0[0m
2023-04-11 15:27:24 info: [0mPOST /admins/login [32m200[0m 39.593 ms - -[0m
2023-04-11 15:27:24 info: [0mGET /admins/profile [33m401[0m 2.224 ms - 29[0m
2023-04-11 15:27:46 info: [0mGET /admins/profile [33m401[0m 16.914 ms - 29[0m
2023-04-11 15:27:48 info: [0mGET /admins/profile [33m401[0m 2.171 ms - 29[0m
2023-04-11 15:28:00 info: [0mGET /admins/profile [33m401[0m 2.024 ms - 29[0m
2023-04-11 15:28:05 info: [0mOPTIONS /admins/login [32m204[0m 0.491 ms - 0[0m
2023-04-11 15:28:05 info: [0mPOST /admins/login [32m200[0m 24.363 ms - -[0m
2023-04-11 15:28:05 info: [0mGET /admins/profile [33m401[0m 0.601 ms - 29[0m
2023-04-11 15:28:20 info: [0mGET /admins/profile [33m401[0m 8.048 ms - 29[0m
2023-04-11 15:28:38 info: [0mGET /admins/profile [33m401[0m 3.044 ms - 29[0m
2023-04-11 15:28:40 info: [0mGET /admins/profile [33m401[0m 2.960 ms - 29[0m
2023-04-11 15:28:41 info: [0mGET /admins/profile [33m401[0m 0.843 ms - 29[0m
2023-04-11 15:28:44 info: [0mGET /admins/profile [33m401[0m 5.829 ms - 29[0m
2023-04-11 15:28:51 info: [0mGET /admins/profile [33m401[0m 2.240 ms - 29[0m
2023-04-11 15:28:56 info: [0mGET /admins/profile [33m401[0m 1.945 ms - 29[0m
2023-04-11 15:29:06 info: [0mGET /admins/profile [33m401[0m 2.969 ms - 29[0m
2023-04-11 15:29:10 info: [0mOPTIONS /admins/login [32m204[0m 0.478 ms - 0[0m
2023-04-11 15:29:10 info: [0mPOST /admins/login [32m200[0m 46.749 ms - -[0m
2023-04-11 15:29:10 info: [0mGET /admins/profile [33m401[0m 5.635 ms - 29[0m
2023-04-11 15:29:38 info: [0mGET /admins/profile [33m401[0m 15.240 ms - 29[0m
2023-04-11 15:30:24 info: [0mOPTIONS /admins/login [32m204[0m 11.024 ms - 0[0m
2023-04-11 15:30:24 info: [0mPOST /admins/login [32m200[0m 25.442 ms - -[0m
2023-04-11 15:30:24 info: [0mGET /admins/profile [33m401[0m 1.202 ms - 29[0m
2023-04-11 15:31:42 info: [0mOPTIONS /admins/profile [32m204[0m 0.721 ms - 0[0m
2023-04-11 15:31:43 info: [0mGET /admins/profile [36m304[0m 643.771 ms - -[0m
2023-04-11 15:31:59 info: [0mOPTIONS /admins/login [32m204[0m 0.556 ms - 0[0m
2023-04-11 15:32:00 info: [0mPOST /admins/login [32m200[0m 53.424 ms - -[0m
2023-04-11 15:32:00 info: [0mGET /admins/profile [33m401[0m 0.840 ms - 29[0m
2023-04-11 15:33:57 info: [0mOPTIONS /admins/profile [32m204[0m 0.671 ms - 0[0m
2023-04-11 15:33:57 info: [0mGET /admins/profile [36m304[0m 308.324 ms - -[0m
2023-04-11 15:34:46 info: [0mOPTIONS /admins/login [32m204[0m 0.982 ms - 0[0m
2023-04-11 15:34:46 info: [0mPOST /admins/login [32m200[0m 84.894 ms - -[0m
2023-04-11 15:34:46 info: [0mOPTIONS /admins/profile [32m204[0m 0.623 ms - 0[0m
2023-04-11 15:34:46 info: [0mGET /admins/profile [36m304[0m 56.527 ms - -[0m
2023-04-11 15:35:08 info: [0mGET /admins/profile [33m401[0m 2.342 ms - 29[0m
2023-04-11 15:37:03 info: [0mOPTIONS /admins/login [32m204[0m 0.788 ms - 0[0m
2023-04-11 15:37:03 info: [0mPOST /admins/login [32m200[0m 38.493 ms - -[0m
2023-04-11 15:37:03 info: [0mOPTIONS /admins/profile [32m204[0m 0.187 ms - 0[0m
2023-04-11 15:37:04 info: [0mGET /admins/profile [36m304[0m 141.526 ms - -[0m
2023-04-11 15:37:53 info: [0mGET /admins/profile [33m401[0m 1.961 ms - 29[0m
2023-04-11 15:37:58 info: [0mOPTIONS /admins/login [32m204[0m 0.488 ms - 0[0m
2023-04-11 15:37:58 info: [0mPOST /admins/login [32m200[0m 32.197 ms - -[0m
2023-04-11 15:37:58 info: [0mOPTIONS /admins/profile [32m204[0m 4.479 ms - 0[0m
2023-04-11 15:37:58 info: [0mGET /admins/profile [36m304[0m 122.661 ms - -[0m
2023-04-11 15:38:21 info: [0mGET /admins/profile [33m401[0m 143.095 ms - 29[0m
2023-04-11 15:38:23 info: [0mOPTIONS /admins/login [32m204[0m 0.566 ms - 0[0m
2023-04-11 15:38:23 info: [0mPOST /admins/login [32m200[0m 104.750 ms - -[0m
2023-04-11 15:38:23 info: [0mOPTIONS /admins/profile [32m204[0m 0.282 ms - 0[0m
2023-04-11 15:38:23 info: [0mGET /admins/profile [36m304[0m 324.588 ms - -[0m
2023-04-11 15:42:34 info: [0mGET /admins/profile [33m401[0m 5.170 ms - 29[0m
2023-04-11 15:42:40 info: [0mOPTIONS /admins/login [32m204[0m 0.557 ms - 0[0m
2023-04-11 15:42:40 info: [0mPOST /admins/login [32m200[0m 24.727 ms - -[0m
2023-04-11 15:42:40 info: [0mOPTIONS /admins/profile [32m204[0m 0.145 ms - 0[0m
2023-04-11 15:42:40 info: [0mGET /admins/profile [36m304[0m 62.685 ms - -[0m
2023-04-11 15:43:22 info: [0mGET /admins/profile [33m401[0m 18.070 ms - 29[0m
2023-04-11 15:43:24 info: [0mOPTIONS /admins/login [32m204[0m 0.521 ms - 0[0m
2023-04-11 15:43:25 info: [0mPOST /admins/login [32m200[0m 43.947 ms - -[0m
2023-04-11 15:43:25 info: [0mOPTIONS /admins/profile [32m204[0m 0.550 ms - 0[0m
2023-04-11 15:43:25 info: [0mGET /admins/profile [36m304[0m 132.892 ms - -[0m
2023-04-11 15:45:19 info: [0mGET /admins/profile [33m401[0m 28.233 ms - 29[0m
2023-04-11 15:45:21 info: [0mOPTIONS /admins/login [32m204[0m 0.687 ms - 0[0m
2023-04-11 15:45:21 info: [0mPOST /admins/login [32m200[0m 131.302 ms - -[0m
2023-04-11 15:45:21 info: [0mOPTIONS /admins/profile [32m204[0m 0.520 ms - 0[0m
2023-04-11 15:45:22 info: [0mGET /admins/profile [36m304[0m 125.852 ms - -[0m
2023-04-11 15:45:47 info: [0mOPTIONS /admins/profile [32m204[0m 1.944 ms - 0[0m
2023-04-11 15:45:47 info: [0mGET /admins/profile [36m304[0m 87.390 ms - -[0m
2023-04-11 15:48:56 info: [0mOPTIONS /admins/login [32m204[0m 0.764 ms - 0[0m
2023-04-11 15:48:56 info: [0mPOST /admins/login [32m200[0m 23.355 ms - -[0m
2023-04-11 15:48:57 info: [0mOPTIONS /admins/profile [32m204[0m 0.145 ms - 0[0m
2023-04-11 15:48:57 info: [0mGET /admins/profile [36m304[0m 39.690 ms - -[0m
2023-04-11 15:49:18 info: [0mOPTIONS /admins/profile [32m204[0m 0.698 ms - 0[0m
2023-04-11 15:49:18 info: [0mGET /admins/profile [36m304[0m 121.196 ms - -[0m
2023-04-11 15:50:29 info: [0mOPTIONS /admins/profile [32m204[0m 1.013 ms - 0[0m
2023-04-11 15:50:30 info: [0mGET /admins/profile [36m304[0m 241.975 ms - -[0m
2023-04-11 15:50:59 info: [0mOPTIONS /admins/profile [32m204[0m 1.375 ms - 0[0m
2023-04-11 15:50:59 info: [0mGET /admins/profile [36m304[0m 100.891 ms - -[0m
2023-04-11 15:51:23 info: [0mGET /admins/profile [33m401[0m 2.667 ms - 29[0m
2023-04-11 15:51:27 info: [0mGET /admins/profile [33m401[0m 4.151 ms - 29[0m
2023-04-11 15:51:49 info: [0mGET /admins/profile [33m401[0m 1.930 ms - 29[0m
2023-04-11 15:51:51 info: [0mGET /admins/profile [33m401[0m 5.176 ms - 29[0m
2023-04-11 15:52:00 info: [0mOPTIONS /admins/login [32m204[0m 9.269 ms - 0[0m
2023-04-11 15:52:00 info: [0mPOST /admins/login [32m200[0m 45.101 ms - -[0m
2023-04-11 15:52:01 info: [0mOPTIONS /admins/profile [32m204[0m 0.154 ms - 0[0m
2023-04-11 15:52:01 info: [0mGET /admins/profile [36m304[0m 90.242 ms - -[0m
2023-04-11 15:52:46 info: [0mGET /admins/profile [33m401[0m 10.187 ms - 29[0m
2023-04-11 15:52:49 info: [0mOPTIONS /admins/login [32m204[0m 0.715 ms - 0[0m
2023-04-11 15:52:49 info: [0mPOST /admins/login [32m200[0m 47.387 ms - -[0m
2023-04-11 15:52:49 info: [0mOPTIONS /admins/profile [32m204[0m 0.143 ms - 0[0m
2023-04-11 15:52:49 info: [0mGET /admins/profile [36m304[0m 44.622 ms - -[0m
2023-04-11 15:52:55 info: [0mOPTIONS /admins/profile [32m204[0m 0.567 ms - 0[0m
2023-04-11 15:52:55 info: [0mGET /admins/profile [36m304[0m 86.716 ms - -[0m
2023-04-11 15:54:15 info: [0mOPTIONS /admins/profile [32m204[0m 2.369 ms - 0[0m
2023-04-11 15:54:15 info: [0mGET /admins/profile [36m304[0m 78.919 ms - -[0m
2023-04-11 15:54:50 info: [0mGET /admins/profile [33m401[0m 2.445 ms - 29[0m
2023-04-11 15:55:12 info: [0mGET /admins/profile [33m401[0m 3.267 ms - 29[0m
2023-04-11 15:55:16 info: [0mOPTIONS /admins/login [32m204[0m 0.299 ms - 0[0m
2023-04-11 15:55:16 info: [0mPOST /admins/login [32m200[0m 42.759 ms - -[0m
2023-04-11 15:55:16 info: [0mOPTIONS /admins/profile [32m204[0m 0.133 ms - 0[0m
2023-04-11 15:55:16 info: [0mGET /admins/profile [36m304[0m 57.572 ms - -[0m
2023-04-11 15:56:28 info: [0mGET /admins/profile [33m401[0m 1.647 ms - 29[0m
2023-04-11 15:56:31 info: [0mOPTIONS /admins/login [32m204[0m 0.793 ms - 0[0m
2023-04-11 15:56:31 info: [0mPOST /admins/login [32m200[0m 40.443 ms - -[0m
2023-04-11 15:56:31 info: [0mOPTIONS /admins/profile [32m204[0m 2.863 ms - 0[0m
2023-04-11 15:56:31 info: [0mGET /admins/profile [36m304[0m 80.988 ms - -[0m
2023-04-11 15:56:38 info: [0mOPTIONS /admins/login [32m204[0m 0.479 ms - 0[0m
2023-04-11 15:56:38 info: [0mPOST /admins/login [32m200[0m 35.929 ms - 16[0m
2023-04-11 15:57:09 info: [0mOPTIONS /admins/login [32m204[0m 1.121 ms - 0[0m
2023-04-11 15:57:09 info: [0mPOST /admins/login [32m200[0m 53.344 ms - 16[0m
2023-04-11 15:57:09 info: [0mGET /admins/profile [33m401[0m 1.194 ms - 29[0m
2023-04-11 15:57:27 info: [0mOPTIONS /admins/login [32m204[0m 0.268 ms - 0[0m
2023-04-11 15:57:27 info: [0mPOST /admins/login [32m200[0m 14.207 ms - -[0m
2023-04-11 15:57:27 info: [0mOPTIONS /admins/profile [32m204[0m 0.234 ms - 0[0m
2023-04-11 15:57:27 info: [0mGET /admins/profile [36m304[0m 60.438 ms - -[0m
2023-04-11 15:57:45 info: [0mOPTIONS /admins/login [32m204[0m 0.399 ms - 0[0m
2023-04-11 15:57:45 info: [0mPOST /admins/login [32m200[0m 21.639 ms - 16[0m
2023-04-11 15:57:46 info: [0mGET /admins/profile [33m401[0m 0.534 ms - 29[0m
2023-04-11 15:58:10 info: [0mPOST /admins/login [32m200[0m 28.249 ms - 16[0m
2023-04-11 15:58:38 info: [0mOPTIONS /admins/login [32m204[0m 0.455 ms - 0[0m
2023-04-11 15:58:38 info: [0mPOST /admins/login [32m200[0m 19.533 ms - 16[0m
2023-04-11 15:58:38 info: [0mGET /admins/profile [33m401[0m 0.489 ms - 29[0m
2023-04-11 15:58:40 info: [0mPOST /admins/login [32m200[0m 8.237 ms - 16[0m
2023-04-11 15:58:40 info: [0mGET /admins/profile [33m401[0m 0.395 ms - 29[0m
2023-04-11 15:58:41 info: [0mPOST /admins/login [32m200[0m 7.422 ms - -[0m
2023-04-11 15:58:41 info: [0mOPTIONS /admins/profile [32m204[0m 0.122 ms - 0[0m
2023-04-11 15:58:41 info: [0mGET /admins/profile [36m304[0m 65.669 ms - -[0m
2023-04-11 15:58:45 info: [0mGET /admins/profile [36m304[0m 10.704 ms - -[0m
2023-04-11 15:58:49 info: [0mOPTIONS /admins/login [32m204[0m 0.643 ms - 0[0m
2023-04-11 15:58:49 info: [0mPOST /admins/login [32m200[0m 6.082 ms - 16[0m
2023-04-11 16:01:30 info: [0mGET /admins/profile [33m401[0m 7.162 ms - 29[0m
2023-04-11 16:01:32 info: [0mGET /admins/profile [33m401[0m 2.926 ms - 29[0m
2023-04-11 16:04:00 info: [0mGET /admins/profile [33m401[0m 3.127 ms - 29[0m
2023-04-11 16:04:49 info: [0mGET /admins/profile [33m401[0m 1.455 ms - 29[0m
2023-04-11 16:04:52 info: [0mGET /admins/profile [33m401[0m 2.394 ms - 29[0m
2023-04-11 16:04:58 info: [0mGET /admins/profile [33m401[0m 2.165 ms - 29[0m
2023-04-11 16:05:06 info: [0mGET /admins/profile [33m401[0m 30.622 ms - 29[0m
2023-04-11 16:05:16 info: [0mGET /admins/profile [33m401[0m 1.364 ms - 29[0m
2023-04-11 16:05:20 info: [0mGET /admins/profile [33m401[0m 2.825 ms - 29[0m
2023-04-11 16:05:30 info: [0mGET /admins/profile [33m401[0m 4.575 ms - 29[0m
2023-04-11 16:05:41 info: [0mGET /admins/profile [33m401[0m 3.619 ms - 29[0m
2023-04-11 16:30:08 info: [0mGET /admins/profile [33m401[0m 3.469 ms - 29[0m
2023-04-11 16:30:17 info: [0mGET /admins/profile [33m401[0m 2.611 ms - 29[0m
2023-04-11 16:30:32 info: [0mGET /admins/profile [33m401[0m 2.901 ms - 29[0m
2023-04-11 16:30:36 info: [0mGET /admins/profile [33m401[0m 1.625 ms - 29[0m
2023-04-11 16:30:36 info: [0mGET /admins? [32m200[0m 321.036 ms - -[0m
2023-04-11 16:30:36 info: [0mGET /admins?page=1&page_size=10 [32m200[0m 125.956 ms - -[0m
2023-04-11 16:30:38 info: [0mGET /admins/profile [33m401[0m 0.525 ms - 29[0m
2023-04-11 16:30:38 info: [0mGET /roles? [36m304[0m 74.664 ms - -[0m
2023-04-11 16:30:38 info: [0mGET /roles?page=1&page_size=10 [36m304[0m 25.946 ms - -[0m
2023-04-11 16:30:40 info: [0mOPTIONS /folders/get-medias [32m204[0m 0.267 ms - 0[0m
2023-04-11 16:30:40 info: [0mGET /admins/profile [33m401[0m 2.423 ms - 29[0m
2023-04-11 16:30:40 info: [0mPOST /folders/get-medias [32m200[0m 94.938 ms - 31[0m
2023-04-11 16:30:40 info: [0mGET /folders [36m304[0m 99.415 ms - -[0m
2023-04-11 16:30:42 info: [0mPOST /folders/get-medias [32m200[0m 9.045 ms - 31[0m
2023-04-11 16:30:42 info: [0mPOST /folders/get-medias [32m200[0m 4.180 ms - 31[0m
2023-04-11 16:30:42 info: [0mPOST /folders/get-medias [32m200[0m 15.292 ms - 31[0m
2023-04-11 16:30:43 info: [0mPOST /folders/get-medias [32m200[0m 6.181 ms - 31[0m
2023-04-11 16:30:44 info: [0mGET /admins/profile [33m401[0m 1.413 ms - 29[0m
2023-04-11 16:30:44 info: [0mGET /ceos? [32m200[0m 151.107 ms - 362[0m
2023-04-11 16:30:44 info: [0mGET /ceos?page=1&page_size=10 [36m304[0m 79.241 ms - -[0m
