2023-04-27 09:04:34 info: [0mOPTIONS /admins/profile [32m204[0m 0.737 ms - 0[0m
2023-04-27 09:04:35 info: [0mGET /categories? [32m200[0m 1129.514 ms - 356[0m
2023-04-27 09:04:35 info: [0mGET /posts?page=1&page_size=10 [36m304[0m 224.306 ms - -[0m
2023-04-27 09:04:35 info: [0mGET /posts? [32m200[0m 394.655 ms - 424[0m
2023-04-27 09:04:35 info: [0mGET /posts/show/3 [36m304[0m 1479.041 ms - -[0m
2023-04-27 09:04:35 info: [0mGET /admins/profile [36m304[0m 1236.270 ms - -[0m
2023-04-27 09:04:35 info: [0mGET /admins/profile [36m304[0m 11.254 ms - -[0m
2023-04-27 21:05:23 info: =================================
2023-04-27 21:05:23 info: ======= ENV: development =======
2023-04-27 21:05:23 info: 🚀 App listening on the port 8000
2023-04-27 21:05:23 info: =================================
2023-04-27 21:05:26 info: [0mGET / [33m404[0m 36.531 ms - 139[0m
2023-04-27 21:05:37 info: [0mGET /posts/getListFeatured [32m200[0m 754.842 ms - 26[0m
2023-04-27 21:05:37 info: [0mGET /services/nav [36m304[0m 829.034 ms - -[0m
2023-04-27 21:05:38 info: [0mGET /posts/getListFeatured [36m304[0m 22.171 ms - -[0m
2023-04-27 21:05:38 info: [0mGET /services/nav [36m304[0m 58.528 ms - -[0m
2023-04-27 21:05:38 info: [0mGET /services/nav [36m304[0m 13.751 ms - -[0m
2023-04-27 21:05:38 info: [0mGET /services/nav [36m304[0m 64.821 ms - -[0m
2023-04-27 21:06:00 info: [0mGET /posts/getListFeatured [36m304[0m 308.594 ms - -[0m
2023-04-27 21:06:00 info: [0mGET /services/nav [36m304[0m 361.008 ms - -[0m
2023-04-27 21:06:00 info: [0mGET /services/nav [36m304[0m 60.421 ms - -[0m
2023-04-27 21:06:03 info: [0mGET /services/nav [36m304[0m 164.817 ms - -[0m
2023-04-27 21:06:03 info: [0mGET /posts/getListFeatured [36m304[0m 232.873 ms - -[0m
2023-04-27 21:06:03 info: [0mGET /services/nav [36m304[0m 143.857 ms - -[0m
2023-04-27 21:06:08 info: [0mOPTIONS /admins/login [32m204[0m 3.411 ms - 0[0m
2023-04-27 21:06:08 info: [0mPOST /admins/login [32m200[0m 83.627 ms - 744[0m
2023-04-27 21:06:09 info: [0mOPTIONS /admins/profile [32m204[0m 0.342 ms - 0[0m
2023-04-27 21:06:09 info: [0mGET /admins/profile [36m304[0m 65.182 ms - -[0m
2023-04-27 21:06:12 info: [0mGET /admins/profile [36m304[0m 202.593 ms - -[0m
2023-04-27 21:06:12 info: [0mGET /posts? [36m304[0m 212.791 ms - -[0m
2023-04-27 21:06:12 info: [0mGET /posts?page=1&page_size=10 [36m304[0m 33.544 ms - -[0m
2023-04-27 21:06:19 info: [0mOPTIONS /admins/profile [32m204[0m 1.077 ms - 0[0m
2023-04-27 21:06:19 info: [0mGET /posts/show/3 [36m304[0m 54.245 ms - -[0m
2023-04-27 21:06:19 info: [0mGET /admins/profile [36m304[0m 111.432 ms - -[0m
2023-04-27 21:06:19 info: [0mGET /categories?[object%20Object] [36m304[0m 29.769 ms - -[0m
2023-04-27 21:06:19 info: [0mGET /ceos?[object%20Object] [36m304[0m 37.863 ms - -[0m
2023-04-27 21:06:19 info: [0mGET /posts?[object%20Object] [36m304[0m 44.200 ms - -[0m
2023-04-27 21:06:21 info: [0mOPTIONS /posts/update/3 [32m204[0m 0.286 ms - 0[0m
2023-04-27 21:06:22 error: Incorrect integer value: '' for column 'view' at row 1
2023-04-27 21:06:22 info: [0mPUT /posts/update/3 [31m500[0m 117.397 ms - 54[0m
2023-04-27 21:06:59 info: [0mGET /posts/show/3 [36m304[0m 272.833 ms - -[0m
2023-04-27 21:06:59 info: [0mGET /posts/show/3 [36m304[0m 204.437 ms - -[0m
2023-04-27 21:07:00 info: [0mGET /categories?[object%20Object] [36m304[0m 486.348 ms - -[0m
2023-04-27 21:07:00 info: [0mGET /ceos?[object%20Object] [36m304[0m 607.081 ms - -[0m
2023-04-27 21:07:00 info: [0mGET /posts?[object%20Object] [36m304[0m 558.137 ms - -[0m
2023-04-27 21:07:30 info: =================================
2023-04-27 21:07:30 info: ======= ENV: development =======
2023-04-27 21:07:30 info: 🚀 App listening on the port 8000
2023-04-27 21:07:30 info: =================================
2023-04-27 21:08:10 info: =================================
2023-04-27 21:08:10 info: ======= ENV: development =======
2023-04-27 21:08:10 info: 🚀 App listening on the port 8000
2023-04-27 21:08:10 info: =================================
2023-04-27 21:08:38 info: [0mOPTIONS /posts/update/3 [32m204[0m 2.304 ms - 0[0m
2023-04-27 21:08:38 error: Incorrect integer value: '' for column 'view' at row 1
2023-04-27 21:08:38 info: [0mPUT /posts/update/3 [31m500[0m 501.617 ms - 54[0m
2023-04-27 21:13:47 info: [0mGET /posts/getListFeatured [36m304[0m 261.901 ms - -[0m
2023-04-27 21:13:47 info: [0mGET /services/nav [36m304[0m 433.775 ms - -[0m
2023-04-27 21:13:47 info: [0mGET /services/nav [36m304[0m 54.749 ms - -[0m
2023-04-27 21:14:55 info: [0mGET /posts/show/3 [36m304[0m 66.683 ms - -[0m
2023-04-27 21:14:55 info: [0mGET /posts/show/3 [36m304[0m 24.849 ms - -[0m
2023-04-27 21:14:56 info: [0mGET /categories?[object%20Object] [36m304[0m 311.252 ms - -[0m
2023-04-27 21:14:56 info: [0mGET /posts?[object%20Object] [36m304[0m 239.971 ms - -[0m
2023-04-27 21:14:56 info: [0mGET /ceos?[object%20Object] [36m304[0m 277.585 ms - -[0m
2023-04-27 21:14:58 info: [0mGET /posts/show/3 [36m304[0m 41.528 ms - -[0m
2023-04-27 21:14:58 info: [0mGET /posts/show/3 [36m304[0m 16.790 ms - -[0m
2023-04-27 21:14:59 info: [0mGET /categories?[object%20Object] [36m304[0m 93.419 ms - -[0m
2023-04-27 21:14:59 info: [0mGET /ceos?[object%20Object] [36m304[0m 84.555 ms - -[0m
2023-04-27 21:14:59 info: [0mGET /posts?[object%20Object] [36m304[0m 320.484 ms - -[0m
2023-04-27 21:15:04 info: [0mGET /posts/show/3 [36m304[0m 38.679 ms - -[0m
2023-04-27 21:15:04 info: [0mGET /posts/show/3 [36m304[0m 19.867 ms - -[0m
2023-04-27 21:15:06 info: [0mGET /categories?[object%20Object] [36m304[0m 54.265 ms - -[0m
2023-04-27 21:15:06 info: [0mGET /ceos?[object%20Object] [36m304[0m 50.322 ms - -[0m
2023-04-27 21:15:06 info: [0mGET /posts?[object%20Object] [36m304[0m 36.653 ms - -[0m
2023-04-27 21:15:06 info: [0mGET /posts/show/3 [36m304[0m 15.595 ms - -[0m
2023-04-27 21:15:06 info: [0mGET /posts/show/3 [36m304[0m 11.141 ms - -[0m
2023-04-27 21:15:07 info: [0mGET /categories?[object%20Object] [36m304[0m 70.637 ms - -[0m
2023-04-27 21:15:07 info: [0mGET /ceos?[object%20Object] [36m304[0m 75.906 ms - -[0m
2023-04-27 21:15:07 info: [0mGET /posts?[object%20Object] [36m304[0m 78.955 ms - -[0m
2023-04-27 21:15:10 info: [0mGET /posts/show/3 [36m304[0m 46.673 ms - -[0m
2023-04-27 21:15:10 info: [0mGET /posts/show/3 [36m304[0m 12.595 ms - -[0m
2023-04-27 21:15:11 info: [0mGET /categories?[object%20Object] [36m304[0m 64.222 ms - -[0m
2023-04-27 21:15:11 info: [0mGET /ceos?[object%20Object] [36m304[0m 121.292 ms - -[0m
2023-04-27 21:15:11 info: [0mGET /posts?[object%20Object] [36m304[0m 135.984 ms - -[0m
2023-04-27 21:15:17 info: [0mGET /posts/show/3 [36m304[0m 85.915 ms - -[0m
2023-04-27 21:15:21 info: [0mOPTIONS /admins/profile [32m204[0m 0.803 ms - 0[0m
2023-04-27 21:15:21 info: [0mGET /posts/show/3 [36m304[0m 221.044 ms - -[0m
2023-04-27 21:15:21 info: [0mGET /admins/profile [36m304[0m 294.934 ms - -[0m
2023-04-27 21:15:22 info: [0mGET /categories?[object%20Object] [36m304[0m 160.937 ms - -[0m
2023-04-27 21:15:22 info: [0mGET /ceos?[object%20Object] [36m304[0m 173.142 ms - -[0m
2023-04-27 21:15:22 info: [0mGET /posts?[object%20Object] [36m304[0m 133.342 ms - -[0m
2023-04-27 21:15:28 info: [0mGET /posts/show/3 [36m304[0m 40.756 ms - -[0m
2023-04-27 21:15:28 info: [0mGET /posts/show/3 [36m304[0m 14.051 ms - -[0m
2023-04-27 21:15:29 info: [0mGET /categories?[object%20Object] [36m304[0m 92.293 ms - -[0m
2023-04-27 21:15:29 info: [0mGET /ceos?[object%20Object] [36m304[0m 132.745 ms - -[0m
2023-04-27 21:15:29 info: [0mGET /posts?[object%20Object] [36m304[0m 153.896 ms - -[0m
2023-04-27 21:15:45 info: [0mGET /posts/show/3 [36m304[0m 440.725 ms - -[0m
2023-04-27 21:15:45 info: [0mGET /posts/show/3 [36m304[0m 27.793 ms - -[0m
2023-04-27 21:15:46 info: [0mGET /categories?[object%20Object] [36m304[0m 111.221 ms - -[0m
2023-04-27 21:15:46 info: [0mGET /ceos?[object%20Object] [36m304[0m 98.933 ms - -[0m
2023-04-27 21:15:46 info: [0mGET /posts?[object%20Object] [36m304[0m 60.073 ms - -[0m
2023-04-27 21:15:48 info: [0mGET /posts/show/3 [36m304[0m 52.257 ms - -[0m
2023-04-27 21:15:48 info: [0mGET /posts/show/3 [36m304[0m 21.317 ms - -[0m
2023-04-27 21:15:49 info: [0mGET /categories?[object%20Object] [36m304[0m 22.111 ms - -[0m
2023-04-27 21:15:49 info: [0mGET /ceos?[object%20Object] [36m304[0m 28.571 ms - -[0m
2023-04-27 21:15:49 info: [0mGET /posts?[object%20Object] [36m304[0m 43.094 ms - -[0m
2023-04-27 21:16:21 info: [0mGET /posts/show/3 [36m304[0m 87.690 ms - -[0m
2023-04-27 21:16:21 info: [0mGET /posts/show/3 [36m304[0m 50.992 ms - -[0m
2023-04-27 21:16:22 info: [0mGET /categories?[object%20Object] [36m304[0m 109.991 ms - -[0m
2023-04-27 21:16:22 info: [0mGET /ceos?[object%20Object] [36m304[0m 82.377 ms - -[0m
2023-04-27 21:16:22 info: [0mGET /posts?[object%20Object] [36m304[0m 68.470 ms - -[0m
2023-04-27 21:16:28 info: [0mOPTIONS /posts/update/3 [32m204[0m 0.743 ms - 0[0m
2023-04-27 21:16:28 info: [0mPUT /posts/update/3 [32m200[0m 61.791 ms - 16[0m
2023-04-27 21:16:28 info: [0mGET /posts/show/3 [36m304[0m 13.344 ms - -[0m
2023-04-27 21:16:28 info: [0mGET /posts/show/3 [36m304[0m 27.622 ms - -[0m
2023-04-27 21:16:28 info: [0mGET /posts/show/3 [36m304[0m 11.346 ms - -[0m
2023-04-27 21:16:28 info: [0mGET /posts/show/3 [36m304[0m 13.401 ms - -[0m
2023-04-27 21:16:28 info: [0mGET /posts/show/3 [36m304[0m 9.848 ms - -[0m
2023-04-27 21:16:28 info: [0mGET /posts/show/3 [36m304[0m 12.389 ms - -[0m
2023-04-27 21:16:28 info: [0mGET /posts/show/3 [36m304[0m 10.332 ms - -[0m
2023-04-27 21:16:28 info: [0mGET /posts/show/3 [36m304[0m 8.191 ms - -[0m
2023-04-27 21:16:28 info: [0mGET /posts/show/3 [36m304[0m 13.782 ms - -[0m
2023-04-27 21:16:28 info: [0mGET /posts/show/3 [36m304[0m 14.096 ms - -[0m
2023-04-27 21:16:28 info: [0mGET /posts/show/3 [36m304[0m 9.250 ms - -[0m
2023-04-27 21:16:28 info: [0mGET /posts/show/3 [36m304[0m 10.553 ms - -[0m
2023-04-27 21:16:29 info: [0mGET /categories?[object%20Object] [36m304[0m 26.775 ms - -[0m
2023-04-27 21:16:29 info: [0mGET /ceos?[object%20Object] [36m304[0m 63.071 ms - -[0m
2023-04-27 21:16:29 info: [0mGET /posts?[object%20Object] [32m200[0m 65.878 ms - 424[0m
2023-04-27 21:16:32 info: [0mPUT /posts/update/3 [32m200[0m 13.585 ms - 16[0m
2023-04-27 21:16:32 info: [0mGET /posts/show/3 [32m200[0m 16.448 ms - 459[0m
2023-04-27 21:16:32 info: [0mGET /posts/show/3 [36m304[0m 8.828 ms - -[0m
2023-04-27 21:16:32 info: [0mGET /posts/show/3 [36m304[0m 11.164 ms - -[0m
2023-04-27 21:16:32 info: [0mGET /posts/show/3 [36m304[0m 5.654 ms - -[0m
2023-04-27 21:16:32 info: [0mGET /posts/show/3 [36m304[0m 7.174 ms - -[0m
2023-04-27 21:16:32 info: [0mGET /posts/show/3 [36m304[0m 7.914 ms - -[0m
2023-04-27 21:16:32 info: [0mGET /posts/show/3 [36m304[0m 23.758 ms - -[0m
2023-04-27 21:16:32 info: [0mGET /posts/show/3 [36m304[0m 66.066 ms - -[0m
2023-04-27 21:16:32 info: [0mGET /posts/show/3 [36m304[0m 9.553 ms - -[0m
2023-04-27 21:16:32 info: [0mGET /posts/show/3 [36m304[0m 27.170 ms - -[0m
2023-04-27 21:16:32 info: [0mGET /posts/show/3 [36m304[0m 12.358 ms - -[0m
2023-04-27 21:16:32 info: [0mGET /posts/show/3 [36m304[0m 42.274 ms - -[0m
2023-04-27 21:16:32 info: [0mGET /categories?[object%20Object] [36m304[0m 8.425 ms - -[0m
2023-04-27 21:16:32 info: [0mGET /ceos?[object%20Object] [36m304[0m 10.542 ms - -[0m
2023-04-27 21:16:32 info: [0mGET /posts?[object%20Object] [32m200[0m 18.388 ms - 423[0m
2023-04-27 21:16:40 info: [0mOPTIONS /posts/update/3 [32m204[0m 1.142 ms - 0[0m
2023-04-27 21:16:40 info: [0mPUT /posts/update/3 [32m200[0m 39.929 ms - 16[0m
2023-04-27 21:16:40 info: [0mGET /posts/show/3 [32m200[0m 15.507 ms - 486[0m
2023-04-27 21:16:40 info: [0mGET /posts/show/3 [36m304[0m 7.469 ms - -[0m
2023-04-27 21:16:40 info: [0mGET /posts/show/3 [36m304[0m 7.543 ms - -[0m
2023-04-27 21:16:40 info: [0mGET /posts/show/3 [36m304[0m 9.985 ms - -[0m
2023-04-27 21:16:40 info: [0mGET /posts/show/3 [36m304[0m 8.897 ms - -[0m
2023-04-27 21:16:40 info: [0mGET /posts/show/3 [36m304[0m 6.459 ms - -[0m
2023-04-27 21:16:40 info: [0mGET /posts/show/3 [36m304[0m 22.772 ms - -[0m
2023-04-27 21:16:40 info: [0mGET /posts/show/3 [36m304[0m 6.920 ms - -[0m
2023-04-27 21:16:40 info: [0mGET /posts/show/3 [36m304[0m 5.485 ms - -[0m
2023-04-27 21:16:40 info: [0mGET /posts/show/3 [36m304[0m 7.027 ms - -[0m
2023-04-27 21:16:40 info: [0mGET /posts/show/3 [36m304[0m 7.116 ms - -[0m
2023-04-27 21:16:40 info: [0mGET /posts/show/3 [36m304[0m 9.124 ms - -[0m
2023-04-27 21:16:41 info: [0mGET /categories?[object%20Object] [36m304[0m 24.155 ms - -[0m
2023-04-27 21:16:41 info: [0mGET /ceos?[object%20Object] [36m304[0m 43.750 ms - -[0m
2023-04-27 21:16:41 info: [0mGET /posts?[object%20Object] [32m200[0m 45.133 ms - 450[0m
2023-04-27 21:16:49 info: [0mOPTIONS /posts/update/3 [32m204[0m 0.192 ms - 0[0m
2023-04-27 21:16:49 info: [0mPUT /posts/update/3 [32m200[0m 15.473 ms - 16[0m
2023-04-27 21:16:49 info: [0mGET /posts/show/3 [32m200[0m 13.381 ms - 536[0m
2023-04-27 21:16:49 info: [0mGET /posts/show/3 [36m304[0m 20.672 ms - -[0m
2023-04-27 21:16:49 info: [0mGET /posts/show/3 [36m304[0m 68.920 ms - -[0m
2023-04-27 21:16:49 info: [0mGET /posts/show/3 [36m304[0m 21.973 ms - -[0m
2023-04-27 21:16:49 info: [0mGET /posts/show/3 [36m304[0m 7.560 ms - -[0m
2023-04-27 21:16:49 info: [0mGET /posts/show/3 [36m304[0m 6.716 ms - -[0m
2023-04-27 21:16:49 info: [0mGET /posts/show/3 [36m304[0m 8.735 ms - -[0m
2023-04-27 21:16:49 info: [0mGET /posts/show/3 [36m304[0m 6.761 ms - -[0m
2023-04-27 21:16:49 info: [0mGET /posts/show/3 [36m304[0m 6.342 ms - -[0m
2023-04-27 21:16:49 info: [0mGET /posts/show/3 [36m304[0m 7.022 ms - -[0m
2023-04-27 21:16:49 info: [0mGET /posts/show/3 [36m304[0m 5.642 ms - -[0m
2023-04-27 21:16:49 info: [0mGET /posts/show/3 [36m304[0m 5.230 ms - -[0m
2023-04-27 21:16:50 info: [0mGET /categories?[object%20Object] [36m304[0m 18.732 ms - -[0m
2023-04-27 21:16:50 info: [0mGET /ceos?[object%20Object] [36m304[0m 29.101 ms - -[0m
2023-04-27 21:16:50 info: [0mGET /posts?[object%20Object] [36m304[0m 44.977 ms - -[0m
2023-04-27 21:16:54 info: [0mOPTIONS /admins/profile [32m204[0m 1.491 ms - 0[0m
2023-04-27 21:16:54 info: [0mGET /categories?[object%20Object] [36m304[0m 28.642 ms - -[0m
2023-04-27 21:16:54 info: [0mGET /admins/profile [36m304[0m 47.275 ms - -[0m
2023-04-27 21:16:54 info: [0mGET /posts?[object%20Object] [36m304[0m 35.988 ms - -[0m
2023-04-27 21:16:54 info: [0mGET /ceos?[object%20Object] [36m304[0m 35.008 ms - -[0m
2023-04-27 21:16:55 info: [0mGET /posts/show/3 [36m304[0m 13.578 ms - -[0m
2023-04-27 21:16:55 info: [0mGET /categories?[object%20Object] [36m304[0m 20.643 ms - -[0m
2023-04-27 21:16:55 info: [0mGET /ceos?[object%20Object] [36m304[0m 27.714 ms - -[0m
2023-04-27 21:16:55 info: [0mGET /posts?[object%20Object] [36m304[0m 71.945 ms - -[0m
2023-04-27 21:18:08 info: [0mOPTIONS /folders/get-medias [32m204[0m 1.089 ms - 0[0m
2023-04-27 21:18:08 info: [0mPOST /folders/get-medias [32m200[0m 71.383 ms - 595[0m
2023-04-27 21:18:08 info: [0mGET /folders [36m304[0m 45.302 ms - -[0m
2023-04-27 21:18:10 info: [0mOPTIONS /posts/update/3 [32m204[0m 0.205 ms - 0[0m
2023-04-27 21:18:10 info: [0mPUT /posts/update/3 [32m200[0m 22.350 ms - 16[0m
2023-04-27 21:18:10 info: [0mGET /posts/show/3 [32m200[0m 26.552 ms - 828[0m
2023-04-27 21:18:11 info: [0mGET /categories?[object%20Object] [36m304[0m 93.519 ms - -[0m
2023-04-27 21:18:11 info: [0mGET /ceos?[object%20Object] [36m304[0m 93.978 ms - -[0m
2023-04-27 21:18:11 info: [0mGET /posts?[object%20Object] [32m200[0m 123.172 ms - 742[0m
2023-04-27 21:18:13 info: [0mPOST /folders/get-medias [32m200[0m 11.374 ms - 595[0m
2023-04-27 21:18:13 info: [0mGET /folders [36m304[0m 26.867 ms - -[0m
2023-04-27 21:18:16 info: [0mOPTIONS /posts/update/3 [32m204[0m 0.158 ms - 0[0m
2023-04-27 21:18:16 info: [0mPUT /posts/update/3 [32m200[0m 16.081 ms - 16[0m
2023-04-27 21:18:16 info: [0mGET /posts/show/3 [32m200[0m 14.166 ms - -[0m
2023-04-27 21:18:16 info: [0mGET /categories?[object%20Object] [36m304[0m 20.911 ms - -[0m
2023-04-27 21:18:16 info: [0mGET /ceos?[object%20Object] [36m304[0m 22.778 ms - -[0m
2023-04-27 21:18:16 info: [0mGET /posts?[object%20Object] [36m304[0m 22.064 ms - -[0m
2023-04-27 21:18:21 info: [0mOPTIONS /admins/profile [32m204[0m 0.915 ms - 0[0m
2023-04-27 21:18:21 info: [0mGET /categories?[object%20Object] [36m304[0m 116.265 ms - -[0m
2023-04-27 21:18:21 info: [0mGET /ceos?[object%20Object] [36m304[0m 66.854 ms - -[0m
2023-04-27 21:18:21 info: [0mGET /posts?[object%20Object] [36m304[0m 91.103 ms - -[0m
2023-04-27 21:18:21 info: [0mGET /admins/profile [36m304[0m 228.654 ms - -[0m
2023-04-27 21:18:22 info: [0mGET /posts/show/3 [36m304[0m 37.327 ms - -[0m
2023-04-27 21:18:22 info: [0mGET /categories?[object%20Object] [36m304[0m 14.976 ms - -[0m
2023-04-27 21:18:22 info: [0mGET /ceos?[object%20Object] [36m304[0m 20.302 ms - -[0m
2023-04-27 21:18:22 info: [0mGET /posts?[object%20Object] [36m304[0m 35.365 ms - -[0m
2023-04-27 21:18:36 info: [0mOPTIONS /posts/update/3 [32m204[0m 0.322 ms - 0[0m
2023-04-27 21:18:36 info: [0mPUT /posts/update/3 [32m200[0m 30.362 ms - 16[0m
2023-04-27 21:18:36 info: [0mGET /posts/show/3 [32m200[0m 58.513 ms - -[0m
2023-04-27 21:18:37 info: [0mGET /categories?[object%20Object] [36m304[0m 54.440 ms - -[0m
2023-04-27 21:18:37 info: [0mGET /ceos?[object%20Object] [36m304[0m 74.086 ms - -[0m
2023-04-27 21:18:37 info: [0mGET /posts?[object%20Object] [32m200[0m 85.161 ms - 774[0m
2023-04-27 21:18:42 info: [0mOPTIONS /posts/update/3 [32m204[0m 0.422 ms - 0[0m
2023-04-27 21:18:42 info: [0mPUT /posts/update/3 [32m200[0m 15.803 ms - 16[0m
2023-04-27 21:18:42 info: [0mGET /posts/show/3 [32m200[0m 31.504 ms - -[0m
2023-04-27 21:18:43 info: [0mGET /categories?[object%20Object] [36m304[0m 10.640 ms - -[0m
2023-04-27 21:18:43 info: [0mGET /ceos?[object%20Object] [36m304[0m 22.087 ms - -[0m
2023-04-27 21:18:43 info: [0mGET /posts?[object%20Object] [36m304[0m 40.935 ms - -[0m
2023-04-27 21:18:52 info: [0mOPTIONS /admins/profile [32m204[0m 0.199 ms - 0[0m
2023-04-27 21:18:52 info: [0mGET /posts/show/3 [36m304[0m 84.092 ms - -[0m
2023-04-27 21:18:52 info: [0mGET /posts?page=1&page_size=10 [32m200[0m 56.683 ms - 774[0m
2023-04-27 21:18:52 info: [0mGET /admins/profile [36m304[0m 96.463 ms - -[0m
2023-04-27 21:18:52 info: [0mGET /posts?page=1&page_size=10 [36m304[0m 9.357 ms - -[0m
2023-04-27 21:18:54 info: [0mGET /categories?[object%20Object] [36m304[0m 40.712 ms - -[0m
2023-04-27 21:18:54 info: [0mGET /ceos?[object%20Object] [36m304[0m 48.733 ms - -[0m
2023-04-27 21:18:54 info: [0mGET /posts?[object%20Object] [36m304[0m 60.652 ms - -[0m
2023-04-27 21:18:54 info: [0mGET /admins/profile [36m304[0m 88.689 ms - -[0m
2023-04-27 21:19:07 info: [0mOPTIONS /posts/create [32m204[0m 0.611 ms - 0[0m
2023-04-27 21:19:07 info: [0mPOST /posts/create [32m200[0m 73.052 ms - 16[0m
2023-04-27 21:19:08 info: [0mOPTIONS /admins/profile [32m204[0m 0.238 ms - 0[0m
2023-04-27 21:19:08 info: [0mGET /posts?page=1&page_size=10 [32m200[0m 14.783 ms - -[0m
2023-04-27 21:19:08 info: [0mGET /admins/profile [36m304[0m 69.557 ms - -[0m
2023-04-27 21:19:08 info: [0mGET /posts?page=1&page_size=10 [36m304[0m 29.193 ms - -[0m
2023-04-27 21:19:11 info: [0mGET /admins/profile [36m304[0m 25.897 ms - -[0m
2023-04-27 21:19:11 info: [0mGET /posts/show/4 [32m200[0m 36.793 ms - 469[0m
2023-04-27 21:19:11 info: [0mGET /categories?[object%20Object] [36m304[0m 11.601 ms - -[0m
2023-04-27 21:19:11 info: [0mGET /ceos?[object%20Object] [36m304[0m 26.604 ms - -[0m
2023-04-27 21:19:11 info: [0mGET /posts?[object%20Object] [32m200[0m 34.952 ms - -[0m
2023-04-27 21:19:13 info: [0mOPTIONS /folders/get-medias [32m204[0m 0.333 ms - 0[0m
2023-04-27 21:19:13 info: [0mPOST /folders/get-medias [32m200[0m 5.305 ms - 595[0m
2023-04-27 21:19:13 info: [0mGET /folders [36m304[0m 16.013 ms - -[0m
2023-04-27 21:19:16 info: [0mOPTIONS /posts/update/4 [32m204[0m 0.281 ms - 0[0m
2023-04-27 21:19:16 info: [0mPUT /posts/update/4 [32m200[0m 17.762 ms - 16[0m
2023-04-27 21:19:16 info: [0mGET /posts/show/4 [32m200[0m 9.950 ms - 777[0m
2023-04-27 21:19:16 info: [0mGET /posts/show/3 [36m304[0m 18.980 ms - -[0m
2023-04-27 21:19:17 info: [0mGET /ceos?[object%20Object] [36m304[0m 75.830 ms - -[0m
2023-04-27 21:19:17 info: [0mGET /categories?[object%20Object] [36m304[0m 91.035 ms - -[0m
2023-04-27 21:19:17 info: [0mGET /posts?[object%20Object] [32m200[0m 93.940 ms - -[0m
2023-04-27 21:19:18 info: [0mOPTIONS /admins/profile [32m204[0m 0.116 ms - 0[0m
2023-04-27 21:19:18 info: [0mGET /posts/show/4 [36m304[0m 38.703 ms - -[0m
2023-04-27 21:19:18 info: [0mGET /posts?page=1&page_size=10 [32m200[0m 117.763 ms - -[0m
2023-04-27 21:19:18 info: [0mGET /admins/profile [36m304[0m 103.523 ms - -[0m
2023-04-27 21:19:18 info: [0mGET /posts?page=1&page_size=10 [36m304[0m 18.044 ms - -[0m
2023-04-27 21:19:20 info: [0mGET /posts/show/4 [36m304[0m 15.461 ms - -[0m
2023-04-27 21:19:20 info: [0mGET /admins/profile [36m304[0m 24.504 ms - -[0m
2023-04-27 21:19:21 info: [0mGET /categories?[object%20Object] [36m304[0m 15.837 ms - -[0m
2023-04-27 21:19:21 info: [0mGET /ceos?[object%20Object] [36m304[0m 21.306 ms - -[0m
2023-04-27 21:19:21 info: [0mGET /posts?[object%20Object] [36m304[0m 23.850 ms - -[0m
2023-04-27 21:19:26 info: [0mOPTIONS /posts/update/4 [32m204[0m 0.159 ms - 0[0m
2023-04-27 21:19:26 info: [0mPUT /posts/update/4 [32m200[0m 14.146 ms - 16[0m
2023-04-27 21:19:26 info: [0mGET /posts/show/3 [36m304[0m 8.572 ms - -[0m
2023-04-27 21:19:26 info: [0mGET /posts/show/4 [32m200[0m 11.575 ms - 777[0m
2023-04-27 21:19:26 info: [0mGET /posts/show/4 [36m304[0m 11.890 ms - -[0m
2023-04-27 21:19:27 info: [0mGET /categories?[object%20Object] [36m304[0m 7.111 ms - -[0m
2023-04-27 21:19:27 info: [0mGET /ceos?[object%20Object] [36m304[0m 21.344 ms - -[0m
2023-04-27 21:19:27 info: [0mGET /posts?[object%20Object] [36m304[0m 23.572 ms - -[0m
2023-04-27 21:19:30 info: [0mOPTIONS /admins/profile [32m204[0m 0.592 ms - 0[0m
2023-04-27 21:19:30 info: [0mGET /ceos?[object%20Object] [36m304[0m 77.955 ms - -[0m
2023-04-27 21:19:30 info: [0mGET /categories?[object%20Object] [36m304[0m 86.863 ms - -[0m
2023-04-27 21:19:30 info: [0mGET /posts?[object%20Object] [36m304[0m 88.964 ms - -[0m
2023-04-27 21:19:30 info: [0mGET /admins/profile [36m304[0m 155.545 ms - -[0m
2023-04-27 21:19:30 info: [0mGET /posts/show/4 [36m304[0m 102.033 ms - -[0m
2023-04-27 21:19:31 info: [0mGET /ceos?[object%20Object] [36m304[0m 22.904 ms - -[0m
2023-04-27 21:19:31 info: [0mGET /categories?[object%20Object] [36m304[0m 31.269 ms - -[0m
2023-04-27 21:19:31 info: [0mGET /posts?[object%20Object] [36m304[0m 70.227 ms - -[0m
2023-04-27 21:19:45 info: [0mOPTIONS /admins/profile [32m204[0m 1.035 ms - 0[0m
2023-04-27 21:19:45 info: [0mGET /categories? [36m304[0m 243.733 ms - -[0m
2023-04-27 21:19:45 info: [0mGET /categories?page=1&page_size=10 [36m304[0m 94.078 ms - -[0m
2023-04-27 21:19:45 info: [0mGET /posts/show/4 [32m200[0m 324.263 ms - 761[0m
2023-04-27 21:19:45 info: [0mGET /admins/profile [36m304[0m 307.210 ms - -[0m
2023-04-27 21:19:49 info: [0mOPTIONS /folders/get-medias [32m204[0m 1.441 ms - 0[0m
2023-04-27 21:19:49 info: [0mPOST /folders/get-medias [32m200[0m 59.288 ms - 595[0m
2023-04-27 21:19:49 info: [0mGET /admins/profile [36m304[0m 106.967 ms - -[0m
2023-04-27 21:19:49 info: [0mGET /folders [36m304[0m 79.355 ms - -[0m
2023-04-27 21:20:51 info: [0mGET /jobs/getListFeatured [36m304[0m 127.101 ms - -[0m
2023-04-27 21:20:56 info: [0mGET /jobs/find/1 [36m304[0m 135.760 ms - -[0m
2023-04-27 21:23:51 info: [0mGET /jobs/find/1 [36m304[0m 627.515 ms - -[0m
2023-04-27 21:24:01 info: [0mGET /jobs/find/1 [36m304[0m 49.765 ms - -[0m
2023-04-27 21:24:07 info: [0mGET /jobs/find/1 [36m304[0m 52.396 ms - -[0m
2023-04-27 21:24:15 info: [0mGET /jobs/find/1 [36m304[0m 17.642 ms - -[0m
2023-04-27 21:27:48 info: [0mOPTIONS /folders/get-medias [32m204[0m 5.488 ms - 0[0m
2023-04-27 21:27:48 info: [0mPOST /folders/get-medias [32m200[0m 101.622 ms - 31[0m
2023-04-27 21:27:48 info: [0mPOST /folders/get-medias [32m200[0m 3.869 ms - 31[0m
2023-04-27 21:27:48 info: [0mPOST /folders/get-medias [32m200[0m 14.179 ms - 31[0m
2023-04-27 21:27:49 info: [0mPOST /folders/get-medias [32m200[0m 5.819 ms - 595[0m
2023-04-27 21:27:50 info: [0mOPTIONS /admins/profile [32m204[0m 8.271 ms - 0[0m
2023-04-27 21:27:51 info: [0mGET /admins/profile [36m304[0m 461.652 ms - -[0m
2023-04-27 21:27:51 info: [0mGET /banners? [36m304[0m 351.584 ms - -[0m
2023-04-27 21:27:51 info: [0mGET /banners?page=1&page_size=10 [36m304[0m 34.581 ms - -[0m
2023-04-27 21:28:18 info: [0mOPTIONS /admins/profile [32m204[0m 3.728 ms - 0[0m
2023-04-27 21:28:18 info: [0mGET /admins/profile [36m304[0m 40.507 ms - -[0m
2023-04-27 21:28:18 info: [0mGET /services/nav [32m200[0m 65.881 ms - 711[0m
2023-04-27 21:28:22 info: [0mGET /services/show/2 [36m304[0m 11.561 ms - -[0m
2023-04-27 21:28:22 info: [0mGET /services/show/3 [36m304[0m 5.554 ms - -[0m
2023-04-27 21:28:23 info: [0mGET /services/show/1 [36m304[0m 5.505 ms - -[0m
2023-04-27 21:28:23 info: [0mGET /services/show/3 [36m304[0m 5.700 ms - -[0m
2023-04-27 21:28:24 info: [0mOPTIONS /admins/profile [32m204[0m 0.200 ms - 0[0m
2023-04-27 21:28:25 info: [0mGET /branchs? [36m304[0m 132.289 ms - -[0m
2023-04-27 21:28:25 info: [0mGET /branchs?page=1&page_size=10 [36m304[0m 57.326 ms - -[0m
2023-04-27 21:28:25 info: [0mGET /admins/profile [36m304[0m 161.548 ms - -[0m
2023-04-27 21:28:27 info: [0mOPTIONS /folders/get-medias [32m204[0m 1.229 ms - 0[0m
2023-04-27 21:28:27 info: [0mPOST /folders/get-medias [32m200[0m 18.509 ms - 595[0m
2023-04-27 21:28:27 info: [0mGET /admins/profile [36m304[0m 55.820 ms - -[0m
2023-04-27 21:28:27 info: [0mGET /folders [36m304[0m 31.942 ms - -[0m
2023-04-27 21:28:30 info: [0mOPTIONS /admins/profile [32m204[0m 2.806 ms - 0[0m
2023-04-27 21:28:30 info: [0mGET /admins/profile [36m304[0m 82.479 ms - -[0m
2023-04-27 21:28:30 info: [0mGET /posts?page=1&page_size=10 [36m304[0m 47.352 ms - -[0m
2023-04-27 21:28:30 info: [0mGET /posts? [32m200[0m 144.111 ms - -[0m
2023-04-27 21:28:36 info: [0mOPTIONS /admins/profile [32m204[0m 0.647 ms - 0[0m
2023-04-27 21:28:36 info: [0mGET /posts/show/4 [32m200[0m 59.186 ms - 777[0m
2023-04-27 21:28:36 info: [0mGET /admins/profile [36m304[0m 74.746 ms - -[0m
2023-04-27 21:28:36 info: [0mGET /categories?[object%20Object] [36m304[0m 10.820 ms - -[0m
2023-04-27 21:28:36 info: [0mGET /ceos?[object%20Object] [36m304[0m 39.057 ms - -[0m
2023-04-27 21:28:37 info: [0mGET /posts?[object%20Object] [36m304[0m 57.468 ms - -[0m
2023-04-27 21:28:39 info: [0mGET /posts/show/4 [36m304[0m 170.111 ms - -[0m
2023-04-27 21:28:39 info: [0mGET /posts?page=1&page_size=10 [36m304[0m 179.931 ms - -[0m
2023-04-27 21:28:39 info: [0mGET /admins/profile [36m304[0m 191.229 ms - -[0m
2023-04-27 21:28:39 info: [0mGET /posts?page=1&page_size=10 [36m304[0m 17.463 ms - -[0m
2023-04-27 21:29:56 info: [0mGET /jobs/find/1 [36m304[0m 321.041 ms - -[0m
2023-04-27 21:30:04 info: [0mGET /jobs/find/1 [36m304[0m 47.491 ms - -[0m
2023-04-27 21:30:45 info: [0mGET /jobs/find/1 [36m304[0m 32.087 ms - -[0m
2023-04-27 21:30:50 info: [0mGET /jobs/find/1 [36m304[0m 50.609 ms - -[0m
2023-04-27 21:30:59 info: [0mGET /jobs/find/1 [36m304[0m 36.274 ms - -[0m
2023-04-27 21:31:18 info: [0mGET /jobs/find/1 [36m304[0m 154.996 ms - -[0m
2023-04-27 21:32:48 info: [0mOPTIONS /admins/profile [32m204[0m 1.101 ms - 0[0m
2023-04-27 21:32:49 info: [0mGET /projects? [32m200[0m 202.031 ms - 672[0m
2023-04-27 21:32:49 info: [0mGET /admins/profile [36m304[0m 315.286 ms - -[0m
2023-04-27 21:32:49 info: [0mGET /projects?page=1&page_size=10 [36m304[0m 64.067 ms - -[0m
2023-04-27 21:32:50 info: [0mGET /branchs?[object%20Object] [36m304[0m 91.431 ms - -[0m
2023-04-27 21:32:50 info: [0mGET /projects?[object%20Object] [36m304[0m 110.371 ms - -[0m
2023-04-27 21:32:50 info: [0mGET /services?[object%20Object] [36m304[0m 132.943 ms - -[0m
2023-04-27 21:32:50 info: [0mGET /admins/profile [36m304[0m 172.253 ms - -[0m
2023-04-27 21:33:00 info: [0mOPTIONS /admins/profile [32m204[0m 0.693 ms - 0[0m
2023-04-27 21:33:00 info: [0mGET /admins/profile [36m304[0m 34.980 ms - -[0m
2023-04-27 21:33:00 info: [0mGET /projects?page=1&page_size=10 [36m304[0m 67.408 ms - -[0m
2023-04-27 21:33:00 info: [0mGET /projects?page=1&page_size=10 [36m304[0m 23.554 ms - -[0m
2023-04-27 21:33:18 info: [0mOPTIONS /admins/profile [32m204[0m 1.471 ms - 0[0m
2023-04-27 21:33:18 info: [0mGET /branchs?[object%20Object] [36m304[0m 202.489 ms - -[0m
2023-04-27 21:33:18 info: [0mGET /services?[object%20Object] [36m304[0m 201.196 ms - -[0m
2023-04-27 21:33:18 info: [0mGET /admins/profile [36m304[0m 256.613 ms - -[0m
2023-04-27 21:33:18 info: [0mGET /projects?[object%20Object] [36m304[0m 254.160 ms - -[0m
2023-04-27 21:33:20 info: [0mGET /admins/profile [36m304[0m 8.969 ms - -[0m
2023-04-27 21:33:20 info: [0mGET /projects?page=1&page_size=10 [36m304[0m 10.525 ms - -[0m
2023-04-27 21:33:21 info: [0mGET /projects?page=1&page_size=10 [36m304[0m 10.519 ms - -[0m
2023-04-27 21:35:26 info: [0mOPTIONS /admins/profile [32m204[0m 2.267 ms - 0[0m
2023-04-27 21:35:26 info: [0mGET /posts? [36m304[0m 170.839 ms - -[0m
2023-04-27 21:35:26 info: [0mGET /posts?page=1&page_size=10 [36m304[0m 65.673 ms - -[0m
2023-04-27 21:35:26 info: [0mGET /admins/profile [36m304[0m 85.758 ms - -[0m
2023-04-27 21:42:13 info: [0mGET /jobs/find/1 [36m304[0m 213.128 ms - -[0m
2023-04-27 21:43:03 info: [0mGET /jobs/find/1 [36m304[0m 67.310 ms - -[0m
2023-04-27 21:43:17 info: [0mGET /jobs/find/1 [36m304[0m 105.635 ms - -[0m
2023-04-27 21:43:19 info: [0mGET /jobs/find/1 [36m304[0m 16.333 ms - -[0m
2023-04-27 21:43:29 info: [0mGET /jobs/find/1 [36m304[0m 20.864 ms - -[0m
2023-04-27 21:43:36 info: [0mGET /jobs/find/1 [36m304[0m 54.158 ms - -[0m
2023-04-27 21:43:53 info: [0mGET /jobs/find/1 [36m304[0m 143.617 ms - -[0m
2023-04-27 21:44:02 info: [0mGET /jobs/find/1 [36m304[0m 32.765 ms - -[0m
2023-04-27 21:44:16 info: [0mGET /jobs/find/1 [36m304[0m 141.795 ms - -[0m
2023-04-27 21:44:35 info: [0mGET /jobs/find/1 [36m304[0m 72.609 ms - -[0m
2023-04-27 21:44:47 info: [0mGET /services/nav [32m200[0m 194.805 ms - 827[0m
2023-04-27 21:44:47 info: [0mGET /jobs/find/1 [36m304[0m 18.467 ms - -[0m
2023-04-27 21:44:58 info: [0mGET /jobs/find/1 [36m304[0m 10.693 ms - -[0m
2023-04-27 21:45:03 info: [0mGET /jobs/find/1 [36m304[0m 11.853 ms - -[0m
2023-04-27 21:45:10 info: [0mGET /jobs/find/1 [36m304[0m 13.492 ms - -[0m
2023-04-27 21:45:17 info: [0mGET /jobs/find/1 [36m304[0m 187.883 ms - -[0m
2023-04-27 21:46:08 info: [0mGET /jobs/find/1 [36m304[0m 54.655 ms - -[0m
2023-04-27 21:46:10 info: [0mGET /jobs/find/1 [36m304[0m 16.676 ms - -[0m
2023-04-27 21:46:42 info: [0mGET /jobs/find/1 [36m304[0m 58.500 ms - -[0m
2023-04-27 21:46:44 info: [0mGET /jobs/find/1 [36m304[0m 42.162 ms - -[0m
2023-04-27 21:46:53 info: [0mGET /jobs/find/1 [36m304[0m 14.238 ms - -[0m
2023-04-27 21:47:32 info: [0mGET /jobs/find/1 [36m304[0m 142.744 ms - -[0m
2023-04-27 21:47:36 info: [0mGET /jobs/find/1 [36m304[0m 15.700 ms - -[0m
2023-04-27 21:47:57 info: [0mGET /jobs/find/1 [36m304[0m 40.575 ms - -[0m
2023-04-27 21:48:49 info: [0mGET /jobs/find/1 [36m304[0m 38.179 ms - -[0m
2023-04-27 21:49:06 info: [0mGET /jobs/find/1 [36m304[0m 423.226 ms - -[0m
2023-04-27 21:50:11 info: [0mGET /services/nav [36m304[0m 391.612 ms - -[0m
2023-04-27 21:50:11 info: [0mGET /banners [36m304[0m 384.813 ms - -[0m
2023-04-27 21:50:14 info: [0mGET /jobs/find/1 [36m304[0m 16.368 ms - -[0m
2023-04-27 21:50:39 info: [0mGET /jobs/find/1 [36m304[0m 85.077 ms - -[0m
2023-04-27 21:50:44 info: [0mGET /jobs/find/1 [36m304[0m 76.586 ms - -[0m
2023-04-27 21:51:23 info: [0mGET /jobs/find/1 [36m304[0m 22.647 ms - -[0m
2023-04-27 21:51:23 info: [0mGET /services/nav [36m304[0m 81.414 ms - -[0m
2023-04-27 21:51:26 info: [0mGET /jobs/find/1 [36m304[0m 102.121 ms - -[0m
2023-04-27 21:51:26 info: [0mGET /services/nav [36m304[0m 260.224 ms - -[0m
2023-04-27 21:51:30 info: [0mGET /jobs/find/1 [36m304[0m 38.138 ms - -[0m
2023-04-27 21:51:53 info: [0mGET /jobs/find/1 [36m304[0m 48.345 ms - -[0m
2023-04-27 21:51:59 info: [0mGET /jobs/find/1 [36m304[0m 40.842 ms - -[0m
2023-04-27 21:52:04 info: [0mGET /jobs/find/1 [36m304[0m 66.245 ms - -[0m
2023-04-27 21:52:34 info: [0mGET /jobs/find/1 [36m304[0m 162.172 ms - -[0m
2023-04-27 21:52:40 info: [0mGET /jobs/find/1 [36m304[0m 47.913 ms - -[0m
2023-04-27 21:53:08 info: [0mGET /jobs/find/1 [36m304[0m 196.986 ms - -[0m
2023-04-27 21:53:17 info: [0mGET /jobs/find/1 [36m304[0m 20.621 ms - -[0m
2023-04-27 21:53:52 info: [0mGET /jobs/find/1 [36m304[0m 195.521 ms - -[0m
2023-04-27 21:53:54 info: [0mGET /jobs/find/1 [36m304[0m 8.118 ms - -[0m
2023-04-27 21:54:24 info: [0mGET /jobs/find/1 [36m304[0m 122.134 ms - -[0m
2023-04-27 21:54:32 info: [0mGET /jobs/find/1 [36m304[0m 51.986 ms - -[0m
2023-04-27 21:54:43 info: [0mGET /jobs/find/1 [36m304[0m 1264.164 ms - -[0m
2023-04-27 21:56:06 info: [0mGET /jobs/find/1 [36m304[0m 72.057 ms - -[0m
2023-04-27 21:56:15 info: [0mGET /jobs/find/1 [36m304[0m 35.233 ms - -[0m
2023-04-27 21:57:10 info: [0mGET /jobs/find/1 [36m304[0m 141.596 ms - -[0m
2023-04-27 21:57:22 info: [0mGET /jobs/find/1 [36m304[0m 245.375 ms - -[0m
2023-04-27 21:57:38 info: [0mGET /jobs/find/1 [36m304[0m 118.334 ms - -[0m
2023-04-27 21:57:49 info: [0mGET /jobs/find/1 [36m304[0m 88.532 ms - -[0m
2023-04-27 21:57:50 info: [0mOPTIONS /admins/profile [32m204[0m 0.772 ms - 0[0m
2023-04-27 21:57:50 info: [0mGET /admins/profile [36m304[0m 233.329 ms - -[0m
2023-04-27 21:57:53 info: [0mGET /admins/profile [36m304[0m 527.860 ms - -[0m
2023-04-27 21:57:53 info: [0mGET /posts?page=1&page_size=10 [36m304[0m 492.085 ms - -[0m
2023-04-27 21:57:53 info: [0mGET /posts?page=1&page_size=10 [36m304[0m 112.694 ms - -[0m
2023-04-27 21:58:08 info: [0mGET /jobs/find/1 [36m304[0m 168.493 ms - -[0m
2023-04-27 21:58:25 info: [0mGET /jobs/find/1 [36m304[0m 202.512 ms - -[0m
2023-04-27 21:58:59 info: [0mGET /jobs/find/1 [36m304[0m 380.511 ms - -[0m
2023-04-27 21:58:59 info: [0mGET /services/nav [36m304[0m 608.795 ms - -[0m
2023-04-27 21:59:05 info: [0mGET /jobs/find/1 [36m304[0m 55.039 ms - -[0m
2023-04-27 21:59:08 info: [0mGET /jobs/find/1 [36m304[0m 13.438 ms - -[0m
2023-04-27 21:59:13 info: [0mGET /jobs/find/1 [36m304[0m 87.442 ms - -[0m
2023-04-27 22:00:22 info: [0mGET /jobs/find/1 [36m304[0m 518.900 ms - -[0m
2023-04-27 22:01:12 info: [0mGET /jobs/find/1 [36m304[0m 190.902 ms - -[0m
2023-04-27 22:01:21 info: [0mGET /jobs/find/1 [36m304[0m 23.059 ms - -[0m
2023-04-27 22:02:09 info: [0mGET /services/nav [36m304[0m 235.693 ms - -[0m
2023-04-27 22:02:09 info: [0mGET /banners [36m304[0m 192.009 ms - -[0m
2023-04-27 22:02:12 info: [0mGET /jobs/find/1 [36m304[0m 173.449 ms - -[0m
2023-04-27 22:02:39 info: [0mGET /jobs/find/1 [36m304[0m 208.946 ms - -[0m
2023-04-27 22:02:49 info: [0mGET /jobs/find/1 [36m304[0m 158.173 ms - -[0m
2023-04-27 22:04:43 info: [0mGET /jobs/find/1 [36m304[0m 452.930 ms - -[0m
2023-04-27 22:04:52 info: [0mGET /jobs/find/1 [36m304[0m 33.919 ms - -[0m
2023-04-27 22:05:10 info: [0mGET /jobs/find/1 [36m304[0m 56.935 ms - -[0m
2023-04-27 22:05:32 info: [0mGET /jobs/find/1 [36m304[0m 74.393 ms - -[0m
2023-04-27 22:05:47 info: [0mGET /jobs/find/1 [36m304[0m 39.610 ms - -[0m
2023-04-27 22:05:49 info: [0mGET /jobs/find/1 [36m304[0m 10.007 ms - -[0m
2023-04-27 22:06:06 info: [0mGET /jobs/find/1 [36m304[0m 308.355 ms - -[0m
2023-04-27 22:06:20 info: [0mGET /jobs/find/1 [36m304[0m 27.508 ms - -[0m
2023-04-27 22:06:26 info: [0mGET /jobs/find/1 [36m304[0m 137.005 ms - -[0m
2023-04-27 22:06:31 info: [0mGET /jobs/find/1 [36m304[0m 111.684 ms - -[0m
2023-04-27 22:06:33 info: [0mGET /jobs/find/1 [36m304[0m 16.774 ms - -[0m
2023-04-27 22:07:45 info: [0mGET /jobs/find/1 [36m304[0m 961.916 ms - -[0m
2023-04-27 22:07:51 info: [0mGET /jobs/find/1 [36m304[0m 178.647 ms - -[0m
2023-04-27 22:08:25 info: [0mGET /jobs/find/1 [36m304[0m 79.190 ms - -[0m
2023-04-27 22:08:27 info: [0mGET /jobs/find/1 [36m304[0m 108.211 ms - -[0m
2023-04-27 22:08:38 info: [0mGET /jobs/find/1 [36m304[0m 34.301 ms - -[0m
2023-04-27 22:08:52 info: [0mGET /jobs/find/1 [36m304[0m 131.699 ms - -[0m
2023-04-27 22:09:09 info: [0mGET /jobs/find/1 [36m304[0m 48.504 ms - -[0m
2023-04-27 22:09:25 info: [0mGET /services/nav [36m304[0m 304.911 ms - -[0m
2023-04-27 22:09:25 info: [0mGET /banners [36m304[0m 260.056 ms - -[0m
2023-04-27 22:09:49 info: [0mGET /jobs/find/1 [36m304[0m 89.783 ms - -[0m
2023-04-27 22:09:57 info: [0mGET /jobs/find/1 [36m304[0m 21.894 ms - -[0m
2023-04-27 22:10:05 info: [0mGET /jobs/find/1 [36m304[0m 126.275 ms - -[0m
2023-04-27 22:10:15 info: [0mGET /jobs/find/1 [36m304[0m 45.542 ms - -[0m
2023-04-27 22:11:28 info: [0mGET /jobs/find/1 [36m304[0m 460.667 ms - -[0m
2023-04-27 22:11:41 info: [0mGET /jobs/find/1 [36m304[0m 56.796 ms - -[0m
2023-04-27 22:12:09 info: [0mGET /jobs/find/1 [36m304[0m 157.997 ms - -[0m
2023-04-27 22:12:38 info: [0mGET /jobs/find/1 [36m304[0m 475.359 ms - -[0m
2023-04-27 22:13:02 info: [0mGET /jobs/find/1 [36m304[0m 110.051 ms - -[0m
2023-04-27 22:13:06 info: [0mGET /jobs/find/1 [36m304[0m 82.375 ms - -[0m
2023-04-27 22:14:09 info: [0mOPTIONS /admins/profile [32m204[0m 18.513 ms - 0[0m
2023-04-27 22:14:10 info: [0mGET /admins/profile [36m304[0m 734.699 ms - -[0m
2023-04-27 22:14:16 info: [0mGET /jobs/find/1 [36m304[0m 31.420 ms - -[0m
2023-04-27 22:14:16 info: [0mOPTIONS /admins/profile [32m204[0m 0.213 ms - 0[0m
2023-04-27 22:14:16 info: [0mGET /admins/profile [36m304[0m 54.114 ms - -[0m
2023-04-27 22:14:17 info: [0mGET /posts?page=1&page_size=10 [36m304[0m 249.702 ms - -[0m
2023-04-27 22:14:17 info: [0mGET /posts? [32m200[0m 150.606 ms - -[0m
2023-04-27 22:14:17 info: [0mGET /posts?page=1&page_size=10 [36m304[0m 63.618 ms - -[0m
2023-04-27 22:14:22 info: [0mOPTIONS /admins/profile [32m204[0m 0.959 ms - 0[0m
2023-04-27 22:14:22 info: [0mGET /categories?[object%20Object] [36m304[0m 128.964 ms - -[0m
2023-04-27 22:14:22 info: [0mGET /admins/profile [36m304[0m 270.720 ms - -[0m
2023-04-27 22:14:22 info: [0mGET /posts?[object%20Object] [36m304[0m 227.798 ms - -[0m
2023-04-27 22:14:22 info: [0mGET /ceos?[object%20Object] [36m304[0m 275.852 ms - -[0m
2023-04-27 22:14:27 info: [0mOPTIONS /admins/profile [32m204[0m 0.755 ms - 0[0m
2023-04-27 22:14:27 info: [0mGET /categories?[object%20Object] [36m304[0m 55.559 ms - -[0m
2023-04-27 22:14:27 info: [0mGET /ceos?[object%20Object] [36m304[0m 75.535 ms - -[0m
2023-04-27 22:14:27 info: [0mGET /admins/profile [36m304[0m 127.247 ms - -[0m
2023-04-27 22:14:27 info: [0mGET /posts?[object%20Object] [36m304[0m 118.559 ms - -[0m
2023-04-27 22:15:03 info: [0mGET /jobs/find/1 [36m304[0m 501.378 ms - -[0m
2023-04-27 22:15:08 info: [0mGET /jobs/find/1 [36m304[0m 260.657 ms - -[0m
2023-04-27 22:15:15 info: [0mGET /jobs/find/1 [36m304[0m 35.451 ms - -[0m
2023-04-27 22:15:26 info: [0mOPTIONS /admins/profile [32m204[0m 21.427 ms - 0[0m
2023-04-27 22:15:26 info: [0mGET /admins/profile [36m304[0m 326.747 ms - -[0m
2023-04-27 22:15:26 info: [0mGET /ceos?[object%20Object] [36m304[0m 266.046 ms - -[0m
2023-04-27 22:15:26 info: [0mGET /posts?[object%20Object] [36m304[0m 258.602 ms - -[0m
2023-04-27 22:15:26 info: [0mGET /categories?[object%20Object] [36m304[0m 338.928 ms - -[0m
2023-04-27 22:16:38 info: [0mGET /jobs/find/1 [36m304[0m 61.595 ms - -[0m
2023-04-27 22:16:45 info: [0mGET /jobs/find/1 [36m304[0m 106.407 ms - -[0m
2023-04-27 22:16:59 info: [0mGET /jobs/find/1 [36m304[0m 584.474 ms - -[0m
2023-04-27 22:17:31 info: [0mGET /jobs/find/1 [36m304[0m 41.064 ms - -[0m
2023-04-27 22:17:38 info: [0mGET /jobs/find/1 [36m304[0m 53.738 ms - -[0m
2023-04-27 22:17:44 info: [0mGET /jobs/find/1 [36m304[0m 56.123 ms - -[0m
2023-04-27 22:17:54 info: [0mGET /jobs/find/1 [36m304[0m 33.814 ms - -[0m
2023-04-27 22:19:10 info: [0mGET /jobs/find/1 [36m304[0m 267.040 ms - -[0m
2023-04-27 22:19:19 info: [0mGET /jobs/find/1 [36m304[0m 36.768 ms - -[0m
2023-04-27 22:19:42 info: [0mGET /jobs/find/1 [36m304[0m 89.914 ms - -[0m
2023-04-27 22:20:20 info: [0mGET /jobs/find/1 [36m304[0m 370.180 ms - -[0m
2023-04-27 22:20:29 info: [0mGET /jobs/find/1 [36m304[0m 22.238 ms - -[0m
2023-04-27 22:20:52 info: [0mGET /jobs/find/1 [36m304[0m 87.133 ms - -[0m
2023-04-27 22:20:52 info: [0mGET /services/nav [36m304[0m 82.911 ms - -[0m
2023-04-27 22:20:57 info: [0mGET /jobs/find/1 [36m304[0m 78.338 ms - -[0m
2023-04-27 22:21:49 info: [0mGET /jobs/find/1 [36m304[0m 47.394 ms - -[0m
2023-04-27 22:22:15 info: [0mGET /jobs/find/1 [36m304[0m 102.314 ms - -[0m
2023-04-27 22:22:40 info: [0mGET /jobs/find/1 [36m304[0m 142.602 ms - -[0m
2023-04-27 22:22:40 info: [0mGET /jobs/find/1 [36m304[0m 7.427 ms - -[0m
2023-04-27 22:22:46 info: [0mGET /jobs/find/1 [36m304[0m 10.517 ms - -[0m
2023-04-27 22:22:46 info: [0mGET /jobs/find/1 [36m304[0m 15.107 ms - -[0m
2023-04-27 22:22:54 info: [0mGET /jobs/find/1 [36m304[0m 74.679 ms - -[0m
2023-04-27 22:24:09 info: [0mGET /jobs/find/1 [36m304[0m 68.382 ms - -[0m
2023-04-27 22:24:19 info: [0mGET /jobs/find/1 [36m304[0m 10.587 ms - -[0m
2023-04-27 22:24:33 info: [0mGET /jobs/find/1 [36m304[0m 87.418 ms - -[0m
2023-04-27 22:24:41 info: [0mGET /services/nav [36m304[0m 294.282 ms - -[0m
2023-04-27 22:24:42 info: [0mGET /jobs/find/1 [36m304[0m 60.943 ms - -[0m
2023-04-27 22:24:46 info: [0mGET /jobs/find/1 [36m304[0m 43.258 ms - -[0m
2023-04-27 22:25:13 info: [0mGET /jobs/find/1 [36m304[0m 28.941 ms - -[0m
2023-04-27 22:25:35 info: [0mGET /jobs/find/1 [36m304[0m 188.486 ms - -[0m
2023-04-27 22:25:52 info: [0mGET /jobs/find/1 [36m304[0m 42.455 ms - -[0m
2023-04-27 22:26:19 info: [0mGET /jobs/find/1 [36m304[0m 43.549 ms - -[0m
2023-04-27 22:26:41 info: [0mGET /jobs/find/1 [36m304[0m 45.466 ms - -[0m
2023-04-27 22:27:29 info: [0mGET /jobs/find/1 [36m304[0m 147.761 ms - -[0m
2023-04-27 22:27:33 info: [0mGET /jobs/find/1 [36m304[0m 276.429 ms - -[0m
2023-04-27 22:27:49 info: [0mGET /jobs/find/1 [36m304[0m 587.140 ms - -[0m
2023-04-27 22:27:56 info: [0mGET /jobs/find/1 [36m304[0m 187.606 ms - -[0m
2023-04-27 22:28:17 info: [0mGET /jobs/find/1 [36m304[0m 314.137 ms - -[0m
2023-04-27 22:28:47 info: [0mGET /jobs/find/1 [36m304[0m 122.264 ms - -[0m
2023-04-27 22:28:56 info: [0mGET /jobs/find/1 [36m304[0m 135.148 ms - -[0m
2023-04-27 22:29:08 info: [0mGET /jobs/find/1 [36m304[0m 321.878 ms - -[0m
2023-04-27 22:29:54 info: [0mGET /jobs/find/1 [36m304[0m 324.472 ms - -[0m
2023-04-27 22:29:57 info: [0mGET /jobs/find/1 [36m304[0m 56.844 ms - -[0m
2023-04-27 22:30:07 info: [0mGET /jobs/find/1 [36m304[0m 287.076 ms - -[0m
2023-04-27 22:30:30 info: [0mGET /jobs/find/1 [36m304[0m 151.801 ms - -[0m
2023-04-27 22:30:34 info: [0mGET /jobs/find/1 [36m304[0m 38.966 ms - -[0m
2023-04-27 22:30:48 info: [0mGET /jobs/find/1 [36m304[0m 33.796 ms - -[0m
2023-04-27 22:31:09 info: [0mGET /jobs/find/1 [36m304[0m 151.612 ms - -[0m
2023-04-27 22:32:03 info: [0mGET /jobs/find/1 [36m304[0m 176.784 ms - -[0m
2023-04-27 22:33:00 info: [0mGET /jobs/find/1 [36m304[0m 367.785 ms - -[0m
2023-04-27 22:33:22 info: [0mGET /jobs/find/1 [36m304[0m 63.699 ms - -[0m
2023-04-27 22:34:57 info: [0mGET /jobs/find/1 [36m304[0m 167.757 ms - -[0m
2023-04-27 22:35:07 info: [0mGET /jobs/find/1 [36m304[0m 30.185 ms - -[0m
2023-04-27 22:35:14 info: [0mGET /jobs/find/1 [36m304[0m 35.084 ms - -[0m
2023-04-27 22:35:21 info: [0mGET /jobs/find/1 [36m304[0m 114.990 ms - -[0m
2023-04-27 22:35:26 info: [0mGET /jobs/find/1 [36m304[0m 21.167 ms - -[0m
2023-04-27 22:35:38 info: [0mGET /jobs/find/1 [36m304[0m 371.248 ms - -[0m
2023-04-27 22:36:29 info: [0mGET /jobs/find/1 [36m304[0m 189.254 ms - -[0m
2023-04-27 22:36:40 info: [0mGET /jobs/find/1 [36m304[0m 150.333 ms - -[0m
2023-04-27 22:36:54 info: [0mGET /jobs/find/1 [36m304[0m 72.649 ms - -[0m
2023-04-27 22:37:44 info: [0mGET /jobs/find/1 [36m304[0m 303.312 ms - -[0m
2023-04-27 22:38:22 info: [0mGET /services/nav [36m304[0m 152.527 ms - -[0m
2023-04-27 22:38:22 info: [0mGET /jobs/find/1 [36m304[0m 14.563 ms - -[0m
2023-04-27 22:38:39 info: [0mGET /jobs/find/1 [36m304[0m 246.818 ms - -[0m
2023-04-27 22:38:45 info: [0mGET /jobs/find/1 [36m304[0m 24.951 ms - -[0m
2023-04-27 22:38:50 info: [0mGET /jobs/find/1 [36m304[0m 85.886 ms - -[0m
2023-04-27 22:39:04 info: [0mGET /jobs/find/1 [36m304[0m 167.017 ms - -[0m
2023-04-27 22:39:15 info: [0mGET /jobs/find/1 [36m304[0m 100.124 ms - -[0m
2023-04-27 22:39:19 info: [0mGET /jobs/find/1 [36m304[0m 139.495 ms - -[0m
2023-04-27 22:39:47 info: [0mGET /jobs/find/1 [36m304[0m 169.498 ms - -[0m
2023-04-27 22:39:56 info: [0mGET /jobs/find/1 [36m304[0m 150.203 ms - -[0m
2023-04-27 22:40:48 info: [0mGET /jobs/find/1 [36m304[0m 276.308 ms - -[0m
2023-04-27 22:41:02 info: [0mGET /services/nav [36m304[0m 247.757 ms - -[0m
2023-04-27 22:41:02 info: [0mGET /jobs/find/1 [36m304[0m 30.332 ms - -[0m
2023-04-27 22:41:23 info: [0mGET /jobs/find/1 [36m304[0m 94.574 ms - -[0m
