2023-06-29 00:05:19 info: [0mGET /branchs/getListBranch [36m304[0m 405.637 ms - -[0m
2023-06-29 00:05:19 info: [0mGET /services/getListService [36m304[0m 426.055 ms - -[0m
2023-06-29 00:05:20 info: [0mGET /projects/getProjectsClient [36m304[0m 842.751 ms - -[0m
2023-06-29 00:05:22 info: [0mGET /projects/getProjectsClient?service_id=4 [32m200[0m 165.037 ms - 591[0m
2023-06-29 00:05:25 info: [0mGET /projects/getProjectsClient?service_id=5 [32m200[0m 189.588 ms - -[0m
2023-06-29 00:05:27 info: [0mGET /banners/getListBanner [36m304[0m 186.539 ms - -[0m
2023-06-29 00:05:27 info: [0mGET /posts/getListFeatured [36m304[0m 170.674 ms - -[0m
2023-06-29 00:05:27 info: [0mGET /services/nav [36m304[0m 262.787 ms - -[0m
2023-06-29 00:09:03 info: [0mGET /posts/getListFeatured [36m304[0m 827.684 ms - -[0m
2023-06-29 00:09:03 info: [0mGET /services/nav [36m304[0m 818.598 ms - -[0m
2023-06-29 00:09:06 info: [0mGET /posts/getListFeatured [36m304[0m 173.675 ms - -[0m
2023-06-29 00:09:06 info: [0mGET /services/nav [36m304[0m 158.198 ms - -[0m
2023-06-29 00:09:30 info: [0mGET /posts/getListFeatured [36m304[0m 117.169 ms - -[0m
2023-06-29 00:09:30 info: [0mGET /services/nav [36m304[0m 82.012 ms - -[0m
2023-06-29 00:09:37 info: [0mGET /posts/getListFeatured [36m304[0m 78.994 ms - -[0m
2023-06-29 00:09:37 info: [0mGET /services/nav [36m304[0m 65.300 ms - -[0m
2023-06-29 00:12:13 info: [0mGET /banners/getListBanner [32m200[0m 182.832 ms - -[0m
2023-06-29 00:12:42 info: [0mGET /banners/getListBanner [32m200[0m 544.042 ms - -[0m
2023-06-29 00:13:04 info: [0mGET /banners/getListBanner [32m200[0m 137.203 ms - -[0m
2023-06-29 00:13:08 info: [0mGET /services/nav [36m304[0m 188.257 ms - -[0m
2023-06-29 00:13:09 info: [0mGET /posts/getListFeatured [36m304[0m 319.828 ms - -[0m
2023-06-29 00:13:09 info: [0mGET /services/nav [36m304[0m 361.270 ms - -[0m
2023-06-29 00:13:09 info: [0mGET /banners/getListBanner [32m200[0m 171.663 ms - -[0m
2023-06-29 00:13:30 info: [0mGET /services/nav [36m304[0m 90.148 ms - -[0m
2023-06-29 00:13:30 info: [0mGET /posts/getListFeatured [36m304[0m 141.544 ms - -[0m
2023-06-29 00:13:34 info: [0mGET /banners/getListBanner [32m200[0m 46.787 ms - -[0m
2023-06-29 00:13:38 info: [0mGET /posts/getListFeatured [36m304[0m 77.499 ms - -[0m
2023-06-29 00:13:38 info: [0mGET /services/nav [36m304[0m 108.166 ms - -[0m
2023-06-29 00:13:38 info: [0mGET /services/nav [36m304[0m 92.726 ms - -[0m
2023-06-29 00:13:38 info: [0mGET /banners/getListBanner [32m200[0m 11.834 ms - -[0m
2023-06-29 00:14:03 info: [0mGET /posts/getListFeatured [36m304[0m 205.577 ms - -[0m
2023-06-29 00:14:03 info: [0mGET /services/nav [36m304[0m 84.737 ms - -[0m
2023-06-29 00:14:22 info: [0mGET /services/nav [36m304[0m 31.808 ms - -[0m
2023-06-29 00:14:22 info: [0mGET /posts/getListFeatured [36m304[0m 80.183 ms - -[0m
2023-06-29 00:14:26 info: [0mGET /banners/getListBanner [32m200[0m 13.394 ms - -[0m
2023-06-29 00:14:26 info: [0mGET /banners/getListBanner [32m200[0m 28.732 ms - -[0m
2023-06-29 00:14:30 info: [0mGET /posts/getListFeatured [36m304[0m 38.438 ms - -[0m
2023-06-29 00:14:30 info: [0mGET /services/nav [36m304[0m 71.107 ms - -[0m
2023-06-29 00:14:30 info: [0mGET /services/nav [36m304[0m 59.320 ms - -[0m
2023-06-29 00:15:30 info: [0mGET /posts/getListFeatured [36m304[0m 85.589 ms - -[0m
2023-06-29 00:15:30 info: [0mGET /services/nav [36m304[0m 175.337 ms - -[0m
2023-06-29 00:15:49 info: [0mGET /banners/getListBanner [32m200[0m 94.054 ms - -[0m
2023-06-29 00:16:19 info: [0mGET /posts/getListFeatured [36m304[0m 103.356 ms - -[0m
2023-06-29 00:16:19 info: [0mGET /services/nav [36m304[0m 119.431 ms - -[0m
2023-06-29 00:16:35 info: [0mGET /banners/getListBanner [32m200[0m 40.271 ms - -[0m
2023-06-29 00:16:35 info: [0mGET /banners/getListBanner [32m200[0m 52.626 ms - -[0m
2023-06-29 00:16:40 info: [0mGET /posts/getListFeatured [36m304[0m 65.438 ms - -[0m
2023-06-29 00:16:40 info: [0mGET /services/nav [36m304[0m 129.522 ms - -[0m
2023-06-29 00:16:40 info: [0mGET /services/nav [36m304[0m 131.547 ms - -[0m
2023-06-29 00:16:59 info: [0mGET /posts/getListFeatured [36m304[0m 376.779 ms - -[0m
2023-06-29 00:16:59 info: [0mGET /services/nav [36m304[0m 343.790 ms - -[0m
2023-06-29 00:17:22 info: [0mGET /banners/getListBanner [32m200[0m 46.060 ms - -[0m
2023-06-29 00:17:26 info: [0mGET /posts/getListFeatured [36m304[0m 121.239 ms - -[0m
2023-06-29 00:17:26 info: [0mGET /services/nav [36m304[0m 237.243 ms - -[0m
2023-06-29 00:17:26 info: [0mGET /services/nav [36m304[0m 52.623 ms - -[0m
2023-06-29 00:17:42 info: [0mGET /banners/getListBanner [32m200[0m 135.039 ms - -[0m
2023-06-29 00:17:47 info: [0mGET /banners/getListBanner [32m200[0m 53.864 ms - -[0m
2023-06-29 00:17:49 info: [0mGET /services/nav [36m304[0m 73.644 ms - -[0m
2023-06-29 00:17:50 info: [0mGET /services/nav [36m304[0m 283.224 ms - -[0m
2023-06-29 00:17:50 info: [0mGET /posts/getListFeatured [36m304[0m 373.554 ms - -[0m
2023-06-29 00:19:26 info: [0mGET /services/nav [36m304[0m 244.193 ms - -[0m
2023-06-29 00:19:26 info: [0mGET /posts/getListFeatured [36m304[0m 290.832 ms - -[0m
2023-06-29 00:26:01 info: [0mGET /banners/getListBanner [32m200[0m 280.199 ms - -[0m
2023-06-29 00:26:33 info: [0mGET /services/nav [36m304[0m 392.348 ms - -[0m
2023-06-29 00:26:33 info: [0mGET /posts/getListFeatured [36m304[0m 457.499 ms - -[0m
2023-06-29 00:26:34 info: [0mGET /services/nav [36m304[0m 230.806 ms - -[0m
2023-06-29 00:27:50 info: [0mGET /banners/getListBanner [32m200[0m 44.592 ms - -[0m
2023-06-29 00:27:50 info: [0mGET /banners/getListBanner [32m200[0m 44.706 ms - -[0m
2023-06-29 00:27:54 info: [0mGET /posts/getListFeatured [36m304[0m 153.844 ms - -[0m
2023-06-29 00:27:54 info: [0mGET /banners/getListBanner [32m200[0m 93.594 ms - -[0m
2023-06-29 00:27:54 info: [0mGET /services/nav [36m304[0m 357.984 ms - -[0m
2023-06-29 00:27:54 info: [0mGET /services/nav [36m304[0m 19.503 ms - -[0m
2023-06-29 00:30:32 info: [0mGET /services/nav [36m304[0m 55.213 ms - -[0m
2023-06-29 00:30:32 info: [0mGET /posts/getListFeatured [36m304[0m 103.694 ms - -[0m
2023-06-29 00:30:33 info: [0mGET /banners/getListBanner [32m200[0m 58.368 ms - -[0m
2023-06-29 00:30:33 info: [0mGET /banners/getListBanner [32m200[0m 51.706 ms - -[0m
2023-06-29 00:30:33 info: [0mGET /banners/getListBanner [32m200[0m 69.170 ms - -[0m
2023-06-29 00:30:33 info: [0mGET /banners/getListBanner [32m200[0m 51.070 ms - -[0m
2023-06-29 00:30:34 info: [0mGET /banners/getListBanner [32m200[0m 39.116 ms - -[0m
2023-06-29 00:30:35 info: [0mGET /banners/getListBanner [36m304[0m 48.303 ms - -[0m
2023-06-29 00:30:35 info: [0mGET /posts/getListFeatured [36m304[0m 80.780 ms - -[0m
2023-06-29 00:30:36 info: [0mGET /services/nav [36m304[0m 197.204 ms - -[0m
2023-06-29 00:30:36 info: [0mGET /services/nav [36m304[0m 14.443 ms - -[0m
2023-06-29 00:33:39 info: [0mGET /banners/getListBanner [32m200[0m 266.228 ms - -[0m
2023-06-29 00:33:42 info: [0mGET /banners/getListBanner [36m304[0m 119.686 ms - -[0m
2023-06-29 00:33:42 info: [0mGET /posts/getListFeatured [36m304[0m 166.952 ms - -[0m
2023-06-29 00:33:42 info: [0mGET /services/nav [36m304[0m 293.355 ms - -[0m
2023-06-29 00:33:42 info: [0mGET /services/nav [36m304[0m 85.675 ms - -[0m
2023-06-29 00:33:47 info: [0mGET /categories/getListCategories [36m304[0m 17.121 ms - -[0m
2023-06-29 00:33:50 info: [0mGET /posts/getPageAll [32m200[0m 1729.168 ms - -[0m
2023-06-29 00:33:56 info: [0mGET /posts/findByIdClient/11 [32m200[0m 205.487 ms - -[0m
2023-06-29 00:34:17 info: [0mGET /posts/findByIdClient/11 [36m304[0m 139.273 ms - -[0m
2023-06-29 00:34:38 info: [0mGET /posts/findByIdClient/11 [36m304[0m 62.514 ms - -[0m
2023-06-29 00:35:31 info: [0mGET /posts/findByIdClient/11 [36m304[0m 183.372 ms - -[0m
2023-06-29 00:35:56 info: [0mGET /posts/findByIdClient/11 [36m304[0m 70.744 ms - -[0m
2023-06-29 00:36:01 info: [0mGET /posts/findByIdClient/11 [36m304[0m 499.602 ms - -[0m
2023-06-29 00:36:13 info: [0mGET /posts/findByIdClient/11 [36m304[0m 234.131 ms - -[0m
2023-06-29 00:39:55 error: {}
2023-06-29 00:39:55 info: [0mGET /posts/findByIdClient/[object%20Object] [32m200[0m 645.381 ms - 16[0m
2023-06-29 00:39:58 info: [0mGET /services/nav [36m304[0m 294.450 ms - -[0m
2023-06-29 00:40:40 error: {}
2023-06-29 00:40:40 info: [0mGET /posts/findByIdClient/undefined [32m200[0m 208.751 ms - 16[0m
2023-06-29 00:40:40 error: {}
2023-06-29 00:40:40 info: [0mGET /posts/findByIdClient/undefined [32m200[0m 111.232 ms - 16[0m
2023-06-29 00:40:43 info: [0mGET /services/nav [36m304[0m 165.253 ms - -[0m
2023-06-29 00:41:50 error: {}
2023-06-29 00:41:50 info: [0mGET /posts/findByIdClient/[object%20Object] [32m200[0m 86.612 ms - 16[0m
2023-06-29 00:41:50 error: {}
2023-06-29 00:41:50 info: [0mGET /posts/findByIdClient/[object%20Object] [32m200[0m 143.433 ms - 16[0m
2023-06-29 00:41:53 info: [0mGET /services/nav [36m304[0m 203.010 ms - -[0m
2023-06-29 00:43:19 info: [0mGET /banners/getListBanner [32m200[0m 423.534 ms - -[0m
2023-06-29 00:43:20 info: [0mGET /services/nav [36m304[0m 344.051 ms - -[0m
2023-06-29 00:43:20 info: [0mGET /banners/getListBanner [36m304[0m 441.921 ms - -[0m
2023-06-29 00:43:21 info: [0mGET /posts/getListFeatured [36m304[0m 637.046 ms - -[0m
2023-06-29 00:45:20 info: [0mGET /services/nav [36m304[0m 1287.097 ms - -[0m
2023-06-29 00:45:20 info: [0mGET /posts/getListFeatured [36m304[0m 1466.505 ms - -[0m
2023-06-29 00:45:23 info: [0mGET /banners [32m200[0m 46.077 ms - -[0m
2023-06-29 00:45:23 info: [0mGET /banners [32m200[0m 78.080 ms - -[0m
2023-06-29 00:45:26 info: [0mGET /banners/getListBanner [36m304[0m 82.073 ms - -[0m
2023-06-29 00:45:26 info: [0mGET /posts/getListFeatured [36m304[0m 113.007 ms - -[0m
2023-06-29 00:45:26 info: [0mGET /services/nav [36m304[0m 241.048 ms - -[0m
2023-06-29 00:45:26 info: [0mGET /services/nav [36m304[0m 12.034 ms - -[0m
2023-06-29 00:45:38 info: [0mGET /services/nav [36m304[0m 101.753 ms - -[0m
2023-06-29 00:45:38 info: [0mGET /posts/getListFeatured [36m304[0m 122.306 ms - -[0m
2023-06-29 00:45:45 info: [0mGET /banners [32m200[0m 139.969 ms - -[0m
2023-06-29 00:45:48 info: [0mGET /banners/getListBanner [36m304[0m 172.907 ms - -[0m
2023-06-29 00:45:48 info: [0mGET /posts/getListFeatured [36m304[0m 174.407 ms - -[0m
2023-06-29 00:45:48 info: [0mGET /services/nav [36m304[0m 222.001 ms - -[0m
2023-06-29 00:45:48 info: [0mGET /services/nav [36m304[0m 106.517 ms - -[0m
2023-06-29 00:46:07 info: [0mGET /posts/getListFeatured [36m304[0m 106.373 ms - -[0m
2023-06-29 00:46:07 info: [0mGET /services/nav [36m304[0m 86.563 ms - -[0m
2023-06-29 00:46:59 info: [0mGET /posts/getListFeatured [36m304[0m 174.274 ms - -[0m
2023-06-29 00:46:59 info: [0mGET /services/nav [36m304[0m 120.821 ms - -[0m
2023-06-29 00:47:03 info: [0mGET /posts/getListFeatured [36m304[0m 29.598 ms - -[0m
2023-06-29 00:47:03 info: [0mGET /services/nav [36m304[0m 74.172 ms - -[0m
2023-06-29 00:47:29 info: [0mGET /posts/getListFeatured [36m304[0m 148.444 ms - -[0m
2023-06-29 00:47:29 info: [0mGET /services/nav [36m304[0m 184.834 ms - -[0m
2023-06-29 00:47:34 info: [0mGET /posts/getListFeatured [36m304[0m 51.888 ms - -[0m
2023-06-29 00:47:34 info: [0mGET /services/nav [36m304[0m 55.626 ms - -[0m
2023-06-29 00:47:42 info: [0mGET /posts/getListFeatured [36m304[0m 133.303 ms - -[0m
2023-06-29 00:47:42 info: [0mGET /services/nav [36m304[0m 88.364 ms - -[0m
2023-06-29 00:47:46 info: [0mGET /posts/getListFeatured [36m304[0m 277.799 ms - -[0m
2023-06-29 00:47:46 info: [0mGET /services/nav [36m304[0m 274.933 ms - -[0m
2023-06-29 00:47:51 info: [0mGET /posts/getListFeatured [36m304[0m 43.476 ms - -[0m
2023-06-29 00:47:51 info: [0mGET /services/nav [36m304[0m 47.335 ms - -[0m
2023-06-29 00:47:59 info: [0mGET /posts/getListFeatured [36m304[0m 17.018 ms - -[0m
2023-06-29 00:47:59 info: [0mGET /services/nav [36m304[0m 20.189 ms - -[0m
2023-06-29 00:49:26 info: [0mGET /http://localhost:8000/banners [33m404[0m 42.044 ms - 168[0m
2023-06-29 00:49:26 info: [0mGET /http://localhost:8000/banners [33m404[0m 0.817 ms - 168[0m
2023-06-29 00:49:36 info: [0mGET /banners [32m200[0m 90.619 ms - -[0m
2023-06-29 00:49:36 info: [0mGET /banners [32m200[0m 96.550 ms - -[0m
2023-06-29 00:49:39 info: [0mGET /posts/getListFeatured [36m304[0m 98.627 ms - -[0m
2023-06-29 00:49:39 info: [0mGET /services/nav [36m304[0m 178.270 ms - -[0m
2023-06-29 00:49:39 info: [0mGET /services/nav [36m304[0m 51.601 ms - -[0m
2023-06-29 00:50:21 info: [0mGET /banners [32m200[0m 80.938 ms - -[0m
2023-06-29 00:50:21 info: [0mGET /banners [32m200[0m 124.638 ms - -[0m
2023-06-29 00:50:25 info: [0mGET /posts/getListFeatured [36m304[0m 131.603 ms - -[0m
2023-06-29 00:50:25 info: [0mGET /services/nav [36m304[0m 228.234 ms - -[0m
2023-06-29 00:50:25 info: [0mGET /services/nav [36m304[0m 119.515 ms - -[0m
2023-06-29 00:50:58 info: [0mGET /banners [32m200[0m 70.271 ms - -[0m
2023-06-29 00:50:58 info: [0mGET /banners [32m200[0m 54.629 ms - -[0m
2023-06-29 00:51:14 info: [0mGET /banners [32m200[0m 68.129 ms - -[0m
2023-06-29 00:51:29 info: [0mGET /banners [32m200[0m 66.920 ms - -[0m
2023-06-29 00:51:34 info: [0mGET /posts/getListFeatured [36m304[0m 87.630 ms - -[0m
2023-06-29 00:51:34 info: [0mGET /services/nav [36m304[0m 244.938 ms - -[0m
2023-06-29 00:51:34 info: [0mGET /services/nav [36m304[0m 94.953 ms - -[0m
2023-06-29 00:51:43 info: [0mGET /banners [32m200[0m 32.842 ms - -[0m
2023-06-29 00:51:48 info: [0mGET /services/nav [36m304[0m 80.720 ms - -[0m
2023-06-29 00:51:48 info: [0mGET /posts/getListFeatured [36m304[0m 46.902 ms - -[0m
2023-06-29 00:51:48 info: [0mGET /services/nav [36m304[0m 81.009 ms - -[0m
2023-06-29 00:52:18 info: [0mGET /banners [32m200[0m 25.758 ms - -[0m
2023-06-29 00:52:18 info: [0mGET /banners [32m200[0m 19.633 ms - -[0m
2023-06-29 00:52:21 info: [0mGET /posts/getListFeatured [36m304[0m 240.573 ms - -[0m
2023-06-29 00:52:21 info: [0mGET /services/nav [36m304[0m 328.039 ms - -[0m
2023-06-29 00:52:21 info: [0mGET /services/nav [36m304[0m 158.580 ms - -[0m
2023-06-29 00:52:56 info: [0mGET /banners [32m200[0m 33.430 ms - -[0m
2023-06-29 00:52:56 info: [0mGET /banners [32m200[0m 18.220 ms - -[0m
2023-06-29 00:53:00 info: [0mGET /services/nav [36m304[0m 279.187 ms - -[0m
2023-06-29 00:53:00 info: [0mGET /services/nav [36m304[0m 64.146 ms - -[0m
2023-06-29 00:53:00 info: [0mGET /posts/getListFeatured [36m304[0m 376.940 ms - -[0m
2023-06-29 00:54:00 info: [0mGET /posts/getListFeatured [36m304[0m 63.012 ms - -[0m
2023-06-29 00:54:00 info: [0mGET /services/nav [36m304[0m 68.039 ms - -[0m
2023-06-29 00:54:06 info: [0mGET /banners [32m200[0m 144.190 ms - -[0m
2023-06-29 00:54:06 info: [0mGET /banners [32m200[0m 111.740 ms - -[0m
2023-06-29 00:54:34 info: [0mGET /banners [32m200[0m 54.336 ms - -[0m
2023-06-29 00:54:34 info: [0mGET /banners [32m200[0m 23.645 ms - -[0m
2023-06-29 00:54:39 info: [0mGET /posts/getListFeatured [36m304[0m 122.364 ms - -[0m
2023-06-29 00:54:39 info: [0mGET /services/nav [36m304[0m 138.157 ms - -[0m
2023-06-29 00:54:39 info: [0mGET /services/nav [36m304[0m 40.170 ms - -[0m
2023-06-29 00:55:02 info: [0mGET /banners [32m200[0m 61.808 ms - -[0m
2023-06-29 00:55:28 info: [0mGET /banners [32m200[0m 49.327 ms - -[0m
2023-06-29 00:55:28 info: [0mGET /banners [32m200[0m 72.465 ms - -[0m
2023-06-29 00:55:38 info: [0mGET /banners [32m200[0m 110.462 ms - -[0m
2023-06-29 00:56:10 info: [0mGET /banners/getListBanner [32m200[0m 30.523 ms - -[0m
2023-06-29 00:56:36 info: [0mGET /banners/getListBanner [32m200[0m 106.314 ms - -[0m
2023-06-29 00:56:36 info: [0mGET /banners/getListBanner [32m200[0m 233.626 ms - -[0m
2023-06-29 00:56:41 info: [0mGET /banners/getListBanner [32m200[0m 122.892 ms - -[0m
2023-06-29 00:57:00 info: [0mGET /banners/getListBanner [32m200[0m 86.867 ms - -[0m
2023-06-29 00:57:00 info: [0mGET /banners/getListBanner [32m200[0m 102.634 ms - -[0m
2023-06-29 00:57:04 info: [0mGET /posts/getListFeatured [36m304[0m 293.556 ms - -[0m
2023-06-29 00:57:04 info: [0mGET /services/nav [36m304[0m 375.880 ms - -[0m
2023-06-29 00:57:04 info: [0mGET /services/nav [36m304[0m 117.198 ms - -[0m
2023-06-29 00:57:30 info: [0mGET /services/nav [36m304[0m 196.524 ms - -[0m
2023-06-29 00:57:30 info: [0mGET /posts/getListFeatured [36m304[0m 297.900 ms - -[0m
2023-06-29 00:57:33 info: [0mGET /banners/getListBanner [32m200[0m 47.542 ms - -[0m
2023-06-29 00:57:33 info: [0mGET /banners/getListBanner [32m200[0m 41.260 ms - -[0m
2023-06-29 00:57:37 info: [0mGET /posts/getListFeatured [36m304[0m 74.196 ms - -[0m
2023-06-29 00:57:37 info: [0mGET /services/nav [36m304[0m 175.504 ms - -[0m
2023-06-29 00:57:37 info: [0mGET /services/nav [36m304[0m 109.297 ms - -[0m
2023-06-29 00:58:21 info: [0mGET /ceos/getlistCeo [36m304[0m 753.731 ms - -[0m
2023-06-29 00:58:22 info: [0mGET /banners/getListBanner [32m200[0m 42.021 ms - -[0m
2023-06-29 00:58:22 info: [0mGET /posts/getListFeatured [36m304[0m 37.675 ms - -[0m
2023-06-29 00:58:22 info: [0mGET /services/nav [36m304[0m 57.296 ms - -[0m
2023-06-29 00:58:26 info: [0mGET /categories/getListCategories [36m304[0m 22.995 ms - -[0m
2023-06-29 00:58:27 info: [0mGET /posts/getPageAll [36m304[0m 891.323 ms - -[0m
2023-06-29 00:58:28 info: [0mGET /jobs/getListFeatured [36m304[0m 130.686 ms - -[0m
2023-06-29 00:58:29 info: [0mGET /banners/getListBanner [32m200[0m 10.997 ms - -[0m
2023-06-29 00:58:29 info: [0mGET /posts/getListFeatured [36m304[0m 9.013 ms - -[0m
2023-06-29 00:58:29 info: [0mGET /services/nav [36m304[0m 16.221 ms - -[0m
2023-06-29 00:58:30 info: [0mGET /banners/getListBanner [32m200[0m 24.541 ms - -[0m
2023-06-29 00:58:33 info: [0mGET /posts/getListFeatured [36m304[0m 13.571 ms - -[0m
2023-06-29 00:58:33 info: [0mGET /services/nav [36m304[0m 41.337 ms - -[0m
2023-06-29 00:58:33 info: [0mGET /services/nav [36m304[0m 45.207 ms - -[0m
2023-06-29 00:58:34 info: [0mGET /banners/getListBanner [32m200[0m 8.897 ms - -[0m
2023-06-29 00:58:36 info: [0mGET /services/nav [36m304[0m 92.199 ms - -[0m
2023-06-29 00:58:36 info: [0mGET /posts/getListFeatured [36m304[0m 91.653 ms - -[0m
2023-06-29 00:58:36 info: [0mGET /services/nav [36m304[0m 40.351 ms - -[0m
2023-06-29 00:58:44 info: [0mGET /banners/getListBanner [32m200[0m 72.831 ms - -[0m
2023-06-29 00:58:48 info: [0mGET /posts/getListFeatured [36m304[0m 42.285 ms - -[0m
2023-06-29 00:58:48 info: [0mGET /services/nav [36m304[0m 99.939 ms - -[0m
2023-06-29 00:58:48 info: [0mGET /services/nav [36m304[0m 42.398 ms - -[0m
2023-06-29 00:58:49 info: [0mGET /banners/getListBanner [32m200[0m 5.339 ms - -[0m
2023-06-29 00:58:53 info: [0mGET /services/nav [36m304[0m 27.051 ms - -[0m
2023-06-29 00:58:53 info: [0mGET /posts/getListFeatured [36m304[0m 25.097 ms - -[0m
2023-06-29 00:58:53 info: [0mGET /services/nav [36m304[0m 46.939 ms - -[0m
2023-06-29 00:59:16 info: [0mGET /categories/getListCategories [36m304[0m 28.677 ms - -[0m
2023-06-29 00:59:17 info: [0mGET /posts/getPageAll [36m304[0m 564.278 ms - -[0m
2023-06-29 00:59:36 info: [0mGET /services/getListService [36m304[0m 108.289 ms - -[0m
2023-06-29 00:59:36 info: [0mGET /branchs/getListBranch [36m304[0m 185.522 ms - -[0m
2023-06-29 00:59:36 info: [0mGET /projects/getProjectsClient [36m304[0m 364.730 ms - -[0m
2023-06-29 00:59:44 info: [0mGET /ceos/getlistCeo [36m304[0m 60.647 ms - -[0m
2023-06-29 00:59:46 info: [0mGET /banners/getListBanner [32m200[0m 73.501 ms - -[0m
2023-06-29 00:59:46 info: [0mGET /posts/getListFeatured [36m304[0m 20.915 ms - -[0m
2023-06-29 00:59:46 info: [0mGET /services/nav [36m304[0m 83.915 ms - -[0m
2023-06-29 01:01:55 info: [0mGET /banners/getListBanner [32m200[0m 48.382 ms - -[0m
2023-06-29 01:01:56 info: [0mGET /banners/getListBanner [32m200[0m 36.550 ms - -[0m
2023-06-29 01:03:49 info: [0mGET /services/nav [36m304[0m 2901.322 ms - -[0m
2023-06-29 01:03:49 info: [0mGET /services/nav [36m304[0m 189.328 ms - -[0m
2023-06-29 01:03:49 info: [0mGET /posts/getListFeatured [36m304[0m 2885.985 ms - -[0m
2023-06-29 01:03:50 info: [0mGET /posts/getListFeatured [32m200[0m 180.119 ms - 843[0m
2023-06-29 01:03:50 info: [0mGET /banners/getListBanner [32m200[0m 151.388 ms - -[0m
2023-06-29 01:03:50 info: [0mGET /banners/getListBanner [32m200[0m 150.659 ms - -[0m
2023-06-29 01:03:50 info: [0mGET /posts/getListFeatured [32m200[0m 170.407 ms - 843[0m
2023-06-29 01:03:52 info: [0mGET /posts/getListFeatured [36m304[0m 48.566 ms - -[0m
2023-06-29 01:03:52 info: [0mGET /services/nav [36m304[0m 171.260 ms - -[0m
2023-06-29 01:03:52 info: [0mGET /services/nav [36m304[0m 66.285 ms - -[0m
2023-06-29 01:03:54 info: [0mGET /posts/getListFeatured [32m200[0m 104.264 ms - 851[0m
2023-06-29 01:03:54 info: [0mGET /banners/getListBanner [32m200[0m 119.567 ms - -[0m
2023-06-29 01:03:57 info: [0mGET /posts/getListFeatured [32m200[0m 23.968 ms - 851[0m
2023-06-29 01:03:57 info: [0mGET /services/nav [32m200[0m 67.175 ms - -[0m
2023-06-29 01:03:57 info: [0mGET /services/nav [36m304[0m 15.401 ms - -[0m
2023-06-29 01:03:59 info: [0mGET /banners/getListBanner [32m200[0m 52.683 ms - -[0m
2023-06-29 01:03:59 info: [0mGET /posts/getListFeatured [32m200[0m 44.861 ms - 843[0m
2023-06-29 01:04:02 info: [0mGET /services/nav [32m200[0m 198.143 ms - -[0m
2023-06-29 01:04:02 info: [0mGET /posts/getListFeatured [32m200[0m 201.178 ms - 843[0m
2023-06-29 01:04:02 info: [0mGET /services/nav [36m304[0m 48.302 ms - -[0m
2023-06-29 01:04:47 info: [0mGET /services/nav [36m304[0m 349.123 ms - -[0m
2023-06-29 01:04:47 info: [0mGET /posts/getListFeatured [36m304[0m 252.729 ms - -[0m
2023-06-29 01:05:08 info: [0mGET /posts/getListFeatured [36m304[0m 84.000 ms - -[0m
2023-06-29 01:05:08 info: [0mGET /services/nav [36m304[0m 73.612 ms - -[0m
2023-06-29 01:05:33 info: [0mGET /services/nav [36m304[0m 361.495 ms - -[0m
2023-06-29 01:05:33 info: [0mGET /posts/getListFeatured [36m304[0m 471.136 ms - -[0m
2023-06-29 01:05:45 info: [0mGET /services/nav [36m304[0m 528.874 ms - -[0m
2023-06-29 01:05:46 info: [0mGET /services/nav [36m304[0m 44.244 ms - -[0m
2023-06-29 01:06:27 info: [0mGET /posts/getListFeatured [32m200[0m 46.483 ms - 851[0m
2023-06-29 01:06:50 info: [0mGET /banners/getListBanner [32m200[0m 181.643 ms - -[0m
2023-06-29 01:06:50 info: [0mGET /posts/getListFeatured [32m200[0m 166.505 ms - 843[0m
2023-06-29 01:06:50 info: [0mGET /posts/getListFeatured [32m200[0m 148.545 ms - 843[0m
2023-06-29 01:06:50 info: [0mGET /banners/getListBanner [32m200[0m 186.727 ms - -[0m
2023-06-29 01:06:52 info: [0mGET /services/nav [36m304[0m 71.068 ms - -[0m
2023-06-29 01:06:52 info: [0mGET /services/nav [36m304[0m 31.450 ms - -[0m
2023-06-29 01:07:01 error: {}
2023-06-29 01:07:01 info: [0mGET /posts/findByIdClient/[object%20Object] [32m200[0m 118.488 ms - 16[0m
2023-06-29 01:07:01 info: [0mGET /posts/findByIdClient/2 [32m200[0m 238.619 ms - -[0m
2023-06-29 01:07:09 info: [0mGET /posts/getListFeatured [32m200[0m 22.063 ms - 843[0m
2023-06-29 01:07:09 info: [0mGET /banners/getListBanner [32m200[0m 17.120 ms - -[0m
2023-06-29 01:07:09 info: [0mGET /services/nav [36m304[0m 166.057 ms - -[0m
2023-06-29 01:07:22 info: [0mGET /services/nav [36m304[0m 56.942 ms - -[0m
2023-06-29 01:07:47 info: [0mGET /services/nav [36m304[0m 109.713 ms - -[0m
2023-06-29 01:08:02 info: [0mGET /services/nav [36m304[0m 109.944 ms - -[0m
2023-06-29 01:08:24 info: [0mGET /services/nav [36m304[0m 88.477 ms - -[0m
2023-06-29 01:08:41 info: [0mGET /services/nav [36m304[0m 138.163 ms - -[0m
2023-06-29 01:09:02 info: [0mGET /services/nav [36m304[0m 93.134 ms - -[0m
2023-06-29 01:09:58 info: [0mGET /services/nav [32m200[0m 75.142 ms - -[0m
2023-06-29 01:10:50 info: [0mGET /banners/getListBanner [32m200[0m 157.735 ms - -[0m
2023-06-29 01:10:50 info: [0mGET /posts/getListFeatured [32m200[0m 174.634 ms - 843[0m
2023-06-29 01:10:51 info: [0mGET /services/nav [32m200[0m 243.774 ms - -[0m
2023-06-29 01:10:51 info: [0mGET /banners/getListBanner [32m200[0m 282.859 ms - -[0m
2023-06-29 01:10:51 info: [0mGET /services/nav [32m200[0m 365.000 ms - -[0m
2023-06-29 01:10:51 info: [0mGET /posts/getListFeatured [32m200[0m 557.050 ms - 843[0m
2023-06-29 01:10:53 info: [0mGET /services/nav [32m200[0m 130.563 ms - -[0m
2023-06-29 01:10:55 info: [0mGET /banners/getListBanner [32m200[0m 16.287 ms - -[0m
2023-06-29 01:10:55 info: [0mGET /posts/getListFeatured [32m200[0m 28.970 ms - 843[0m
2023-06-29 01:10:55 info: [0mGET /services/nav [32m200[0m 57.436 ms - -[0m
2023-06-29 01:10:57 info: [0mGET /services/nav [36m304[0m 50.967 ms - -[0m
2023-06-29 01:11:03 info: [0mGET /services/show/5 [32m200[0m 166.832 ms - -[0m
2023-06-29 01:11:04 info: [0mGET /posts/getListFeatured [32m200[0m 10.606 ms - 843[0m
2023-06-29 01:11:04 info: [0mGET /banners/getListBanner [32m200[0m 18.271 ms - -[0m
2023-06-29 01:11:04 info: [0mGET /services/nav [32m200[0m 25.275 ms - -[0m
2023-06-29 01:11:28 info: [0mGET /banners/getListBanner [32m200[0m 69.578 ms - -[0m
2023-06-29 01:11:28 info: [0mGET /posts/getListFeatured [32m200[0m 162.227 ms - 843[0m
2023-06-29 01:11:28 info: [0mGET /services/nav [32m200[0m 164.766 ms - -[0m
2023-06-29 01:11:31 info: [0mGET /services/nav [36m304[0m 251.106 ms - -[0m
2023-06-29 01:15:21 info: [0mGET /jobs/getListFeatured [36m304[0m 421.672 ms - -[0m
2023-06-29 01:16:31 info: [0mGET /posts/getListFeatured [32m200[0m 111.616 ms - 843[0m
2023-06-29 01:16:31 info: [0mGET /banners/getListBanner [32m200[0m 105.293 ms - -[0m
2023-06-29 01:16:31 info: [0mGET /services/nav [32m200[0m 112.253 ms - -[0m
2023-06-29 01:20:31 info: [0mGET /categories/getListCategories [32m200[0m 126.549 ms - 276[0m
2023-06-29 01:20:33 info: [0mGET /posts/getPageAll [32m200[0m 1299.916 ms - -[0m
2023-06-29 01:20:36 info: [0mGET /categories/getListCategories [32m200[0m 9.392 ms - 276[0m
2023-06-29 01:20:38 info: [0mGET /categories/getListCategories [32m200[0m 3.899 ms - 276[0m
2023-06-29 01:20:40 info: [0mGET /services/nav [36m304[0m 152.109 ms - -[0m
2023-06-29 01:20:40 info: [0mGET /posts/getPageAll [36m304[0m 545.615 ms - -[0m
2023-06-29 01:20:40 info: [0mGET /categories/getListCategories [32m200[0m 3.497 ms - 276[0m
2023-06-29 01:20:42 info: [0mGET /services/nav [36m304[0m 308.709 ms - -[0m
2023-06-29 01:20:43 info: [0mGET /posts/getPageAll [36m304[0m 1083.579 ms - -[0m
2023-06-29 01:20:44 info: [0mGET /categories/getListCategories [32m200[0m 11.276 ms - 276[0m
2023-06-29 01:20:46 info: [0mGET /services/nav [36m304[0m 25.447 ms - -[0m
2023-06-29 01:20:47 info: [0mGET /posts/getPageAll [36m304[0m 503.026 ms - -[0m
2023-06-29 01:20:56 info: [0mGET /posts/getPageAll [36m304[0m 334.872 ms - -[0m
2023-06-29 01:20:58 info: [0mGET /posts/getPageAll [36m304[0m 299.506 ms - -[0m
2023-06-29 01:24:16 info: [0mGET /categories/getListCategories [32m200[0m 174.532 ms - 276[0m
2023-06-29 01:24:16 info: [0mGET /categories/getListCategories [32m200[0m 127.795 ms - 276[0m
2023-06-29 01:24:16 info: [0mGET /categories/getListCategories [32m200[0m 144.312 ms - 276[0m
2023-06-29 01:24:16 info: [0mGET /categories/getListCategories [32m200[0m 162.710 ms - 276[0m
2023-06-29 01:24:16 info: [0mGET /categories/getListCategories [32m200[0m 34.547 ms - 276[0m
2023-06-29 01:24:17 info: [0mGET /categories/getListCategories [32m200[0m 55.855 ms - 276[0m
2023-06-29 01:24:44 info: [0mGET /categories/getListCategories [32m200[0m 131.030 ms - 276[0m
2023-06-29 01:24:44 info: [0mGET /categories/getListCategories [32m200[0m 119.726 ms - 276[0m
2023-06-29 01:24:44 info: [0mGET /categories/getListCategories [32m200[0m 114.925 ms - 276[0m
2023-06-29 01:24:45 info: [0mGET /posts/getPageAll [32m200[0m 986.019 ms - -[0m
2023-06-29 01:24:45 info: [0mGET /posts/getPageAll [32m200[0m 1156.426 ms - -[0m
2023-06-29 01:24:45 info: [0mGET /posts/getPageAll [32m200[0m 890.293 ms - -[0m
2023-06-29 01:24:49 info: [0mGET /categories/getListCategories [32m200[0m 13.472 ms - 276[0m
2023-06-29 01:24:50 info: [0mGET /posts/getPageAll [32m200[0m 256.972 ms - -[0m
2023-06-29 01:25:33 info: [0mGET /categories/getListCategories [32m200[0m 23.213 ms - 276[0m
2023-06-29 01:25:33 info: [0mGET /categories/getListCategories [32m200[0m 17.072 ms - 276[0m
2023-06-29 01:25:33 info: [0mGET /posts/getPageAll [32m200[0m 298.552 ms - -[0m
2023-06-29 01:25:33 info: [0mGET /posts/getPageAll [32m200[0m 379.028 ms - -[0m
2023-06-29 01:25:36 info: [0mGET /categories/getListCategories [32m200[0m 42.607 ms - 276[0m
2023-06-29 01:25:37 info: [0mGET /posts/getPageAll [32m200[0m 483.554 ms - -[0m
2023-06-29 01:25:40 info: [0mGET /services/nav [36m304[0m 181.577 ms - -[0m
2023-06-29 01:25:48 info: [0mGET /categories/getListCategories [36m304[0m 46.604 ms - -[0m
2023-06-29 01:25:48 info: [0mGET /posts/category/cong-nghe [32m200[0m 201.276 ms - -[0m
2023-06-29 01:25:50 info: [0mGET /posts/category/xu-huong [32m200[0m 120.696 ms - -[0m
2023-06-29 01:25:52 info: [0mGET /categories/getListCategories [32m200[0m 16.558 ms - 276[0m
2023-06-29 01:25:53 info: [0mGET /posts/getPageAll [32m200[0m 329.483 ms - -[0m
2023-06-29 01:25:57 info: [0mGET /posts/getListFeatured [32m200[0m 23.873 ms - 843[0m
2023-06-29 01:25:57 info: [0mGET /banners/getListBanner [32m200[0m 34.384 ms - -[0m
2023-06-29 01:25:57 info: [0mGET /services/nav [32m200[0m 47.465 ms - -[0m
2023-06-29 01:25:58 info: [0mGET /categories/getListCategories [32m200[0m 6.853 ms - 276[0m
2023-06-29 01:25:59 info: [0mGET /posts/getPageAll [32m200[0m 172.364 ms - -[0m
2023-06-29 01:26:10 error: {}
2023-06-29 01:26:10 info: [0mGET /posts/findByIdClient/[object%20Object] [32m200[0m 37.177 ms - 16[0m
2023-06-29 01:26:10 info: [0mGET /posts/findByIdClient/11 [32m200[0m 124.614 ms - -[0m
2023-06-29 01:26:12 info: [0mGET /banners/getListBanner [32m200[0m 6.502 ms - -[0m
2023-06-29 01:26:12 info: [0mGET /posts/getListFeatured [32m200[0m 20.942 ms - 843[0m
2023-06-29 01:26:12 info: [0mGET /services/nav [32m200[0m 29.391 ms - -[0m
2023-06-29 01:26:55 info: [0mGET /ceos/getlistCeo [36m304[0m 110.121 ms - -[0m
2023-06-29 01:26:57 info: [0mGET /posts/getListFeatured [32m200[0m 30.209 ms - 843[0m
2023-06-29 01:26:57 info: [0mGET /banners/getListBanner [32m200[0m 24.124 ms - -[0m
2023-06-29 01:26:57 info: [0mGET /services/nav [32m200[0m 33.967 ms - -[0m
2023-06-29 01:27:02 info: [0mGET /categories/getListCategories [32m200[0m 18.027 ms - 276[0m
2023-06-29 01:27:02 info: [0mGET /posts/getPageAll [32m200[0m 311.703 ms - -[0m
2023-06-29 01:27:10 error: {}
2023-06-29 01:27:10 info: [0mGET /posts/findByIdClient/[object%20Object] [32m200[0m 21.470 ms - 16[0m
2023-06-29 01:27:10 info: [0mGET /posts/findByIdClient/6 [32m200[0m 148.209 ms - -[0m
2023-06-29 01:27:12 info: [0mGET /jobs/getListFeatured [36m304[0m 45.351 ms - -[0m
2023-06-29 01:27:12 info: [0mGET /posts/getListFeatured [32m200[0m 9.873 ms - 843[0m
2023-06-29 01:27:12 info: [0mGET /banners/getListBanner [32m200[0m 10.678 ms - -[0m
2023-06-29 01:27:12 info: [0mGET /services/nav [32m200[0m 22.966 ms - -[0m
2023-06-29 01:31:23 info: [0mOPTIONS /categories/nav [32m204[0m 5.389 ms - 0[0m
2023-06-29 01:31:23 info: [0mOPTIONS /products/getProductByType/isGift [32m204[0m 2.139 ms - 0[0m
2023-06-29 01:31:23 info: [0mOPTIONS /products/getProductByType/isTopSearch [32m204[0m 0.157 ms - 0[0m
2023-06-29 01:31:23 info: [0mOPTIONS /products/getProductByType/isNew [32m204[0m 15.877 ms - 0[0m
2023-06-29 01:31:23 info: [0mOPTIONS /brands/get-list-featured [32m204[0m 0.171 ms - 0[0m
2023-06-29 01:31:23 info: [0mOPTIONS /banners/get-list [32m204[0m 0.411 ms - 0[0m
2023-06-29 01:31:23 info: [0mOPTIONS /products/getProductByType/isSale [32m204[0m 4.585 ms - 0[0m
2023-06-29 01:31:23 info: [0mGET /categories/nav [33m404[0m 25.316 ms - 153[0m
2023-06-29 01:31:23 info: [0mGET /products/getProductByType/isGift [33m404[0m 24.913 ms - 171[0m
2023-06-29 01:31:23 info: [0mGET /products/getProductByType/isTopSearch [33m404[0m 36.155 ms - 176[0m
2023-06-29 01:31:23 info: [0mGET /products/getProductByType/isNew [33m404[0m 32.649 ms - 170[0m
2023-06-29 01:31:23 info: [0mGET /brands/get-list-featured [33m404[0m 8.841 ms - 163[0m
2023-06-29 01:31:23 info: [0mGET /banners/get-list [33m404[0m 9.780 ms - 155[0m
2023-06-29 01:31:23 info: [0mGET /products/getProductByType/isSale [33m404[0m 0.997 ms - 171[0m
2023-06-29 01:31:24 info: [0mGET /categories/nav [33m404[0m 23.639 ms - 153[0m
2023-06-29 01:31:24 info: [0mGET /products/getProductByType/isGift [33m404[0m 29.066 ms - 171[0m
2023-06-29 01:31:24 info: [0mGET /products/getProductByType/isTopSearch [33m404[0m 23.689 ms - 176[0m
2023-06-29 01:31:24 info: [0mOPTIONS /banners/get-list [32m204[0m 0.206 ms - 0[0m
2023-06-29 01:31:24 info: [0mGET /products/getProductByType/isNew [33m404[0m 34.572 ms - 170[0m
2023-06-29 01:31:24 info: [0mGET /brands/get-list-featured [33m404[0m 3.482 ms - 163[0m
2023-06-29 01:31:24 info: [0mGET /banners/get-list [33m404[0m 8.398 ms - 155[0m
2023-06-29 01:31:25 info: [0mGET /products/getProductByType/isSale [33m404[0m 3.235 ms - 171[0m
2023-06-29 01:31:26 info: [0mGET /categories/nav [33m404[0m 1.104 ms - 153[0m
2023-06-29 01:31:27 info: [0mGET /products/getProductByType/isNew [33m404[0m 1.091 ms - 170[0m
2023-06-29 01:31:27 info: [0mGET /products/getProductByType/isGift [33m404[0m 1.362 ms - 171[0m
2023-06-29 01:31:27 info: [0mGET /products/getProductByType/isTopSearch [33m404[0m 0.806 ms - 176[0m
2023-06-29 01:31:27 info: [0mGET /brands/get-list-featured [33m404[0m 2.014 ms - 163[0m
2023-06-29 01:31:27 info: [0mGET /banners/get-list [33m404[0m 2.850 ms - 155[0m
2023-06-29 01:31:27 info: [0mGET /products/getProductByType/isSale [33m404[0m 1.023 ms - 171[0m
2023-06-29 01:31:31 info: [0mOPTIONS /categories/nav [32m204[0m 0.197 ms - 0[0m
2023-06-29 01:31:31 info: [0mGET /categories/nav [33m404[0m 2.774 ms - 153[0m
2023-06-29 01:31:31 info: [0mOPTIONS /products/getProductByType/isNew [32m204[0m 0.332 ms - 0[0m
2023-06-29 01:31:31 info: [0mOPTIONS /products/getProductByType/isTopSearch [32m204[0m 0.107 ms - 0[0m
2023-06-29 01:31:31 info: [0mOPTIONS /products/getProductByType/isGift [32m204[0m 0.136 ms - 0[0m
2023-06-29 01:31:31 info: [0mGET /products/getProductByType/isNew [33m404[0m 1.638 ms - 170[0m
2023-06-29 01:31:31 info: [0mGET /products/getProductByType/isTopSearch [33m404[0m 26.977 ms - 176[0m
2023-06-29 01:31:31 info: [0mGET /products/getProductByType/isGift [33m404[0m 0.818 ms - 171[0m
2023-06-29 01:31:31 info: [0mOPTIONS /brands/get-list-featured [32m204[0m 0.146 ms - 0[0m
2023-06-29 01:31:31 info: [0mGET /brands/get-list-featured [33m404[0m 1.386 ms - 163[0m
2023-06-29 01:31:31 info: [0mOPTIONS /banners/get-list [32m204[0m 0.905 ms - 0[0m
2023-06-29 01:31:31 info: [0mOPTIONS /products/getProductByType/isSale [32m204[0m 0.118 ms - 0[0m
2023-06-29 01:31:31 info: [0mGET /banners/get-list [33m404[0m 0.671 ms - 155[0m
2023-06-29 01:31:31 info: [0mGET /products/getProductByType/isSale [33m404[0m 1.007 ms - 171[0m
2023-06-29 01:31:57 info: [0mOPTIONS /banners/get-list [32m204[0m 1.755 ms - 0[0m
2023-06-29 01:31:57 info: [0mOPTIONS /categories/nav [32m204[0m 0.249 ms - 0[0m
2023-06-29 01:31:57 info: [0mOPTIONS /brands/get-list-featured [32m204[0m 0.201 ms - 0[0m
2023-06-29 01:31:57 info: [0mOPTIONS /products/getProductByType/isTopSearch [32m204[0m 0.324 ms - 0[0m
2023-06-29 01:31:57 info: [0mOPTIONS /products/getProductByType/isSale [32m204[0m 0.124 ms - 0[0m
2023-06-29 01:31:57 info: [0mOPTIONS /products/getProductByType/isNew [32m204[0m 0.108 ms - 0[0m
2023-06-29 01:31:57 info: [0mOPTIONS /products/getProductByType/isGift [32m204[0m 0.084 ms - 0[0m
2023-06-29 01:31:57 info: [0mGET /banners/get-list [33m404[0m 5.129 ms - 155[0m
2023-06-29 01:31:57 info: [0mGET /categories/nav [33m404[0m 0.847 ms - 153[0m
2023-06-29 01:31:57 info: [0mGET /brands/get-list-featured [33m404[0m 1.947 ms - 163[0m
2023-06-29 01:31:57 info: [0mGET /products/getProductByType/isTopSearch [33m404[0m 4.559 ms - 176[0m
2023-06-29 01:31:57 info: [0mGET /products/getProductByType/isSale [33m404[0m 5.375 ms - 171[0m
2023-06-29 01:31:57 info: [0mGET /products/getProductByType/isNew [33m404[0m 7.508 ms - 170[0m
2023-06-29 01:31:57 info: [0mGET /products/getProductByType/isGift [33m404[0m 0.963 ms - 171[0m
2023-06-29 01:31:58 info: [0mGET /banners/get-list [33m404[0m 3.966 ms - 155[0m
2023-06-29 01:31:58 info: [0mGET /categories/nav [33m404[0m 1.259 ms - 153[0m
2023-06-29 01:31:58 info: [0mGET /brands/get-list-featured [33m404[0m 1.054 ms - 163[0m
2023-06-29 01:31:58 info: [0mGET /products/getProductByType/isSale [33m404[0m 1.211 ms - 171[0m
2023-06-29 01:31:58 info: [0mGET /products/getProductByType/isNew [33m404[0m 2.681 ms - 170[0m
2023-06-29 01:31:58 info: [0mGET /products/getProductByType/isGift [33m404[0m 6.119 ms - 171[0m
2023-06-29 01:31:58 info: [0mGET /products/getProductByType/isTopSearch [33m404[0m 7.218 ms - 176[0m
2023-06-29 01:32:00 info: [0mGET /banners/get-list [33m404[0m 2.990 ms - 155[0m
2023-06-29 01:32:00 info: [0mGET /categories/nav [33m404[0m 0.758 ms - 153[0m
2023-06-29 01:32:00 info: [0mGET /brands/get-list-featured [33m404[0m 0.963 ms - 163[0m
2023-06-29 01:32:00 info: [0mGET /products/getProductByType/isSale [33m404[0m 3.112 ms - 171[0m
2023-06-29 01:32:00 info: [0mGET /products/getProductByType/isNew [33m404[0m 2.627 ms - 170[0m
2023-06-29 01:32:00 info: [0mGET /products/getProductByType/isGift [33m404[0m 10.582 ms - 171[0m
2023-06-29 01:32:00 info: [0mGET /products/getProductByType/isTopSearch [33m404[0m 10.946 ms - 176[0m
2023-06-29 01:32:04 info: [0mOPTIONS /banners/get-list [32m204[0m 2.551 ms - 0[0m
2023-06-29 01:32:04 info: [0mOPTIONS /categories/nav [32m204[0m 0.126 ms - 0[0m
2023-06-29 01:32:04 info: [0mGET /banners/get-list [33m404[0m 1.384 ms - 155[0m
2023-06-29 01:32:04 info: [0mGET /categories/nav [33m404[0m 0.461 ms - 153[0m
2023-06-29 01:32:04 info: [0mOPTIONS /brands/get-list-featured [32m204[0m 0.152 ms - 0[0m
2023-06-29 01:32:04 info: [0mOPTIONS /products/getProductByType/isSale [32m204[0m 0.527 ms - 0[0m
2023-06-29 01:32:04 info: [0mOPTIONS /products/getProductByType/isNew [32m204[0m 0.169 ms - 0[0m
2023-06-29 01:32:04 info: [0mGET /brands/get-list-featured [33m404[0m 1.305 ms - 163[0m
2023-06-29 01:32:04 info: [0mOPTIONS /products/getProductByType/isTopSearch [32m204[0m 0.152 ms - 0[0m
2023-06-29 01:32:04 info: [0mOPTIONS /products/getProductByType/isGift [32m204[0m 11.560 ms - 0[0m
2023-06-29 01:32:04 info: [0mGET /products/getProductByType/isNew [33m404[0m 1.111 ms - 170[0m
2023-06-29 01:32:04 info: [0mGET /products/getProductByType/isSale [33m404[0m 2.791 ms - 171[0m
2023-06-29 01:32:04 info: [0mGET /products/getProductByType/isTopSearch [33m404[0m 2.746 ms - 176[0m
2023-06-29 01:32:04 info: [0mGET /products/getProductByType/isGift [33m404[0m 2.246 ms - 171[0m
2023-06-29 01:32:09 info: [0mGET /categories/nav [33m404[0m 129.257 ms - 153[0m
2023-06-29 01:32:09 info: [0mGET /banners/get-list [33m404[0m 107.455 ms - 155[0m
2023-06-29 01:32:09 info: [0mGET /brands/get-list-featured [33m404[0m 109.069 ms - 163[0m
2023-06-29 01:32:09 info: [0mGET /products/getProductByType/isTopSearch [33m404[0m 113.958 ms - 176[0m
2023-06-29 01:32:09 info: [0mGET /products/getProductByType/isSale [33m404[0m 22.840 ms - 171[0m
2023-06-29 01:32:09 info: [0mGET /products/getProductByType/isNew [33m404[0m 2.080 ms - 170[0m
2023-06-29 01:32:09 info: [0mGET /products/getProductByType/isGift [33m404[0m 2.939 ms - 171[0m
2023-06-29 01:32:10 info: [0mOPTIONS /categories/nav [32m204[0m 0.147 ms - 0[0m
2023-06-29 01:32:10 info: [0mOPTIONS /banners/get-list [32m204[0m 0.091 ms - 0[0m
2023-06-29 01:32:10 info: [0mOPTIONS /brands/get-list-featured [32m204[0m 0.146 ms - 0[0m
2023-06-29 01:32:10 info: [0mGET /categories/nav [33m404[0m 4.991 ms - 153[0m
2023-06-29 01:32:10 info: [0mGET /banners/get-list [33m404[0m 4.682 ms - 155[0m
2023-06-29 01:32:10 info: [0mGET /brands/get-list-featured [33m404[0m 7.469 ms - 163[0m
2023-06-29 01:32:10 info: [0mOPTIONS /products/getProductByType/isSale [32m204[0m 0.420 ms - 0[0m
2023-06-29 01:32:10 info: [0mGET /products/getProductByType/isSale [33m404[0m 0.447 ms - 171[0m
2023-06-29 01:32:10 info: [0mOPTIONS /products/getProductByType/isNew [32m204[0m 0.226 ms - 0[0m
2023-06-29 01:32:10 info: [0mOPTIONS /products/getProductByType/isTopSearch [32m204[0m 0.102 ms - 0[0m
2023-06-29 01:32:10 info: [0mOPTIONS /products/getProductByType/isGift [32m204[0m 0.093 ms - 0[0m
2023-06-29 01:32:10 info: [0mGET /products/getProductByType/isNew [33m404[0m 1.327 ms - 170[0m
2023-06-29 01:32:10 info: [0mGET /products/getProductByType/isTopSearch [33m404[0m 1.684 ms - 176[0m
2023-06-29 01:32:10 info: [0mGET /products/getProductByType/isGift [33m404[0m 5.292 ms - 171[0m
2023-06-29 01:32:12 info: [0mGET /categories/nav [33m404[0m 5.374 ms - 153[0m
2023-06-29 01:32:12 info: [0mGET /banners/get-list [33m404[0m 9.093 ms - 155[0m
2023-06-29 01:32:12 info: [0mGET /brands/get-list-featured [33m404[0m 9.484 ms - 163[0m
2023-06-29 01:32:12 info: [0mGET /products/getProductByType/isSale [33m404[0m 6.205 ms - 171[0m
2023-06-29 01:32:12 info: [0mGET /products/getProductByType/isNew [33m404[0m 5.460 ms - 170[0m
2023-06-29 01:32:12 info: [0mGET /products/getProductByType/isTopSearch [33m404[0m 1.946 ms - 176[0m
2023-06-29 01:32:12 info: [0mGET /products/getProductByType/isGift [33m404[0m 0.574 ms - 171[0m
