2023-05-28 00:00:36 info: [0mGET /branchs/getListBranch [36m304[0m 344.242 ms - -[0m
2023-05-28 00:00:36 info: [0mGET /services/getListService [36m304[0m 361.952 ms - -[0m
2023-05-28 00:00:36 info: [0mGET /projects/getProjectsClient [36m304[0m 315.075 ms - -[0m
2023-05-28 00:00:37 info: [0mGET /ceos/getlistCeo [36m304[0m 83.000 ms - -[0m
2023-05-28 00:00:50 info: [0mGET /ceos/show/2 [36m304[0m 69.734 ms - -[0m
2023-05-28 00:00:57 info: [0mGET /services/show/15 [36m304[0m 51.259 ms - -[0m
2023-05-28 00:00:57 info: [0mGET /services/getListService [36m304[0m 60.678 ms - -[0m
2023-05-28 00:08:13 info: [0mGET /services/getListService [36m304[0m 354.076 ms - -[0m
2023-05-28 00:08:16 info: [0mGET /services/nav [36m304[0m 114.424 ms - -[0m
2023-05-28 00:08:16 info: [0mGET /services/show/15 [36m304[0m 16.399 ms - -[0m
2023-05-28 00:08:16 info: [0mGET /services/getListService [36m304[0m 29.677 ms - -[0m
2023-05-28 00:10:14 info: [0mGET /services/getListService [36m304[0m 40.534 ms - -[0m
2023-05-28 00:10:33 info: [0mGET /services/getListService [36m304[0m 22.963 ms - -[0m
2023-05-28 00:10:46 info: [0mGET /services/nav [36m304[0m 84.838 ms - -[0m
2023-05-28 00:10:46 info: [0mGET /services/show/15 [36m304[0m 65.275 ms - -[0m
2023-05-28 00:10:46 info: [0mGET /services/getListService [36m304[0m 43.472 ms - -[0m
2023-05-28 00:10:54 info: [0mGET /services/nav [36m304[0m 147.085 ms - -[0m
2023-05-28 00:10:55 info: [0mGET /services/show/15 [36m304[0m 26.034 ms - -[0m
2023-05-28 00:10:55 info: [0mGET /services/getListService [36m304[0m 47.033 ms - -[0m
2023-05-28 00:11:24 info: [0mOPTIONS /admins/login [32m204[0m 1.719 ms - 0[0m
2023-05-28 00:11:24 info: [0mPOST /admins/login [32m200[0m 186.711 ms - -[0m
2023-05-28 00:11:26 info: [0mOPTIONS /admins/profile [32m204[0m 8.124 ms - 0[0m
2023-05-28 00:11:26 info: [0mGET /admins/profile [36m304[0m 172.049 ms - -[0m
2023-05-28 00:11:29 info: [0mGET /services/nav [36m304[0m 55.585 ms - -[0m
2023-05-28 00:11:29 info: [0mGET /admins/profile [36m304[0m 83.834 ms - -[0m
2023-05-28 00:11:30 info: [0mGET /services/show/15 [36m304[0m 6.051 ms - -[0m
2023-05-28 00:12:13 info: [0mOPTIONS /services/update/15 [32m204[0m 0.597 ms - 0[0m
2023-05-28 00:12:13 info: [0mPUT /services/update/15 [32m200[0m 75.333 ms - -[0m
2023-05-28 00:12:13 info: [0mGET /services/nav [36m304[0m 16.444 ms - -[0m
2023-05-28 00:12:18 info: [0mGET /services/show/10 [32m200[0m 136.579 ms - -[0m
2023-05-28 00:12:20 info: [0mGET /services/nav [36m304[0m 102.590 ms - -[0m
2023-05-28 00:12:21 info: [0mGET /services/show/10 [36m304[0m 142.578 ms - -[0m
2023-05-28 00:12:22 info: [0mGET /services/show/15 [32m200[0m 63.316 ms - -[0m
2023-05-28 00:12:22 info: [0mGET /services/getListService [36m304[0m 22.648 ms - -[0m
2023-05-28 00:12:55 info: [0mGET /services/getListService [36m304[0m 120.956 ms - -[0m
2023-05-28 00:12:59 info: [0mGET /services/getListService [36m304[0m 18.546 ms - -[0m
2023-05-28 00:13:16 info: [0mGET /services/nav [36m304[0m 334.790 ms - -[0m
2023-05-28 00:13:16 info: [0mGET /services/show/15 [36m304[0m 14.621 ms - -[0m
2023-05-28 00:13:16 info: [0mGET /services/getListService [36m304[0m 37.689 ms - -[0m
2023-05-28 00:13:42 info: [0mGET /services/nav [36m304[0m 96.293 ms - -[0m
2023-05-28 00:13:42 info: [0mGET /services/show/15 [36m304[0m 14.852 ms - -[0m
2023-05-28 00:13:42 info: [0mGET /services/getListService [36m304[0m 41.493 ms - -[0m
2023-05-28 00:14:00 info: [0mOPTIONS /admins/profile [32m204[0m 0.665 ms - 0[0m
2023-05-28 00:14:01 info: [0mGET /services/nav [36m304[0m 157.698 ms - -[0m
2023-05-28 00:14:01 info: [0mGET /admins/profile [36m304[0m 176.339 ms - -[0m
2023-05-28 00:14:07 info: [0mGET /services/show/15 [36m304[0m 48.426 ms - -[0m
2023-05-28 00:14:20 info: [0mOPTIONS /services/update/15 [32m204[0m 0.682 ms - 0[0m
2023-05-28 00:14:20 info: [0mPUT /services/update/15 [32m200[0m 49.088 ms - -[0m
2023-05-28 00:14:20 info: [0mGET /services/nav [36m304[0m 16.598 ms - -[0m
2023-05-28 00:14:24 info: [0mGET /services/nav [36m304[0m 92.462 ms - -[0m
2023-05-28 00:14:24 info: [0mGET /services/show/15 [36m304[0m 15.219 ms - -[0m
2023-05-28 00:14:24 info: [0mGET /services/getListService [36m304[0m 19.576 ms - -[0m
2023-05-28 00:14:40 info: [0mOPTIONS /admins/profile [32m204[0m 0.778 ms - 0[0m
2023-05-28 00:14:40 info: [0mGET /admins/profile [36m304[0m 63.408 ms - -[0m
2023-05-28 00:14:40 info: [0mGET /services/nav [36m304[0m 60.839 ms - -[0m
2023-05-28 00:14:52 info: [0mGET /services/show/15 [36m304[0m 13.667 ms - -[0m
2023-05-28 00:15:11 info: [0mOPTIONS /services/update/15 [32m204[0m 0.779 ms - 0[0m
2023-05-28 00:15:11 info: [0mPUT /services/update/15 [32m200[0m 126.093 ms - -[0m
2023-05-28 00:15:11 info: [0mGET /services/nav [36m304[0m 19.848 ms - -[0m
2023-05-28 00:15:17 info: [0mGET /services/nav [36m304[0m 23.638 ms - -[0m
2023-05-28 00:15:18 info: [0mGET /services/show/15 [32m200[0m 6.716 ms - -[0m
2023-05-28 00:15:18 info: [0mGET /services/getListService [36m304[0m 22.765 ms - -[0m
2023-05-28 00:15:33 info: [0mOPTIONS /admins/profile [32m204[0m 0.621 ms - 0[0m
2023-05-28 00:15:33 info: [0mGET /services/nav [0m-[0m - ms - -[0m
2023-05-28 00:15:33 info: [0mGET /admins/profile [0m-[0m - ms - -[0m
2023-05-28 00:15:35 info: [0mGET /admins/profile [32m200[0m 27.197 ms - 268[0m
2023-05-28 00:15:35 info: [0mGET /services/nav [32m200[0m 459.405 ms - -[0m
2023-05-28 00:17:22 info: [0mGET /services/show/undefined [32m200[0m 59.295 ms - 26[0m
2023-05-28 00:17:22 info: [0mGET /services/nav [36m304[0m 61.771 ms - -[0m
2023-05-28 00:19:14 info: [0mGET /services/show/15 [36m304[0m 69.432 ms - -[0m
2023-05-28 00:20:03 info: [0mOPTIONS /services/update/15 [32m204[0m 1.313 ms - 0[0m
2023-05-28 00:20:04 info: [0mPUT /services/update/15 [32m200[0m 171.622 ms - -[0m
2023-05-28 00:20:04 info: [0mGET /services/nav [36m304[0m 36.720 ms - -[0m
2023-05-28 00:20:13 info: [0mOPTIONS /services/update/15 [32m204[0m 0.579 ms - 0[0m
2023-05-28 00:20:13 info: [0mPUT /services/update/15 [32m200[0m 68.303 ms - -[0m
2023-05-28 00:20:13 info: [0mGET /services/nav [36m304[0m 15.316 ms - -[0m
2023-05-28 00:20:23 info: [0mOPTIONS /services/update/15 [32m204[0m 0.704 ms - 0[0m
2023-05-28 00:20:23 info: [0mPUT /services/update/15 [32m200[0m 67.975 ms - -[0m
2023-05-28 00:20:23 info: [0mGET /services/nav [36m304[0m 12.589 ms - -[0m
2023-05-28 00:20:28 info: [0mOPTIONS /admins/profile [32m204[0m 0.705 ms - 0[0m
2023-05-28 00:20:28 info: [0mGET /services/nav [36m304[0m 109.721 ms - -[0m
2023-05-28 00:20:28 info: [0mGET /admins/profile [36m304[0m 152.993 ms - -[0m
2023-05-28 00:20:37 info: [0mGET /services/show/15 [32m200[0m 37.096 ms - -[0m
2023-05-28 00:20:40 info: [0mOPTIONS /services/update/15 [32m204[0m 0.155 ms - 0[0m
2023-05-28 00:20:40 info: [0mPUT /services/update/15 [32m200[0m 25.785 ms - -[0m
2023-05-28 00:20:40 info: [0mGET /services/nav [32m200[0m 24.217 ms - -[0m
2023-05-28 00:21:50 info: =================================
2023-05-28 00:21:50 info: ======= ENV: development =======
2023-05-28 00:21:50 info: 🚀 App listening on the port 8000
2023-05-28 00:21:50 info: =================================
2023-05-28 00:21:52 info: [0mOPTIONS /admins/profile [32m204[0m 2.602 ms - 0[0m
2023-05-28 00:21:52 info: [0mGET /services/nav [36m304[0m 286.832 ms - -[0m
2023-05-28 00:21:52 info: [0mGET /admins/profile [36m304[0m 417.927 ms - -[0m
2023-05-28 00:21:54 info: [0mGET /services/show/15 [32m200[0m 52.163 ms - -[0m
2023-05-28 00:22:07 info: [0mOPTIONS /services/update/15 [32m204[0m 0.624 ms - 0[0m
2023-05-28 00:22:07 info: [0mPUT /services/update/15 [32m200[0m 98.659 ms - -[0m
2023-05-28 00:22:07 info: [0mGET /services/nav [36m304[0m 40.992 ms - -[0m
2023-05-28 00:22:19 info: [0mOPTIONS /admins/profile [32m204[0m 0.510 ms - 0[0m
2023-05-28 00:22:19 info: [0mGET /services/nav [36m304[0m 126.283 ms - -[0m
2023-05-28 00:22:19 info: [0mGET /admins/profile [36m304[0m 168.071 ms - -[0m
2023-05-28 00:22:27 info: [0mGET /services/show/15 [32m200[0m 53.449 ms - -[0m
2023-05-28 00:22:43 info: [0mGET /services/nav [36m304[0m 41.053 ms - -[0m
2023-05-28 00:22:43 info: [0mGET /banners/getListBanner [36m304[0m 109.359 ms - -[0m
2023-05-28 00:22:43 info: [0mGET /posts/getListFeatured [36m304[0m 110.989 ms - -[0m
2023-05-28 00:22:43 info: [0mGET /services/nav [36m304[0m 79.551 ms - -[0m
2023-05-28 00:22:46 info: [0mGET /services/show/15 [36m304[0m 76.766 ms - -[0m
2023-05-28 00:22:47 info: [0mGET /services/getListService [32m200[0m 89.093 ms - 904[0m
