2023-04-18 00:00:11 info: =================================
2023-04-18 00:00:11 info: ======= ENV: development =======
2023-04-18 00:00:11 info: 🚀 App listening on the port 8000
2023-04-18 00:00:11 info: =================================
2023-04-18 00:00:39 info: =================================
2023-04-18 00:00:39 info: ======= ENV: development =======
2023-04-18 00:00:39 info: 🚀 App listening on the port 8000
2023-04-18 00:00:39 info: =================================
2023-04-18 00:00:50 info: [0mOPTIONS /admins/profile [32m204[0m 2.697 ms - 0[0m
2023-04-18 00:00:51 info: [0mGET /admins/profile [33m401[0m 293.467 ms - 39[0m
2023-04-18 00:00:51 info: [0mGET /jobs?page=1&page_size=10 [32m200[0m 102.688 ms - 942[0m
2023-04-18 00:00:51 info: [0mGET /jobs?page=1&page_size=10 [36m304[0m 19.116 ms - -[0m
2023-04-18 00:00:53 info: [0mGET /jobs/show/1 [32m200[0m 82.501 ms - 537[0m
2023-04-18 00:00:53 info: [0mGET /admins/profile [33m401[0m 103.698 ms - 39[0m
2023-04-18 00:00:53 info: [0mGET /jobs?[object%20Object] [32m200[0m 8.361 ms - 942[0m
2023-04-18 00:01:34 info: =================================
2023-04-18 00:01:34 info: ======= ENV: development =======
2023-04-18 00:01:34 info: 🚀 App listening on the port 8000
2023-04-18 00:01:34 info: =================================
2023-04-18 00:01:46 info: [0mOPTIONS /admins/login [32m204[0m 1.804 ms - 0[0m
2023-04-18 00:01:46 info: [0mPOST /admins/login [32m200[0m 116.070 ms - 560[0m
2023-04-18 00:01:46 info: [0mOPTIONS /admins/profile [32m204[0m 1.053 ms - 0[0m
2023-04-18 00:01:46 info: [0mGET /admins/profile [36m304[0m 166.650 ms - -[0m
2023-04-18 00:01:48 info: [0mGET /admins/profile [36m304[0m 24.538 ms - -[0m
2023-04-18 00:01:48 info: [0mGET /jobs? [32m200[0m 141.799 ms - 956[0m
2023-04-18 00:01:48 info: [0mGET /jobs?page=1&page_size=10 [32m200[0m 20.047 ms - 956[0m
2023-04-18 00:01:50 info: [0mGET /jobs/show/1 [32m200[0m 11.249 ms - 875[0m
2023-04-18 00:01:50 info: [0mGET /admins/profile [36m304[0m 44.729 ms - -[0m
2023-04-18 00:01:51 info: [0mGET /jobs?[object%20Object] [32m200[0m 12.211 ms - 956[0m
2023-04-18 00:03:03 info: [0mOPTIONS /jobs/update/1 [32m204[0m 0.629 ms - 0[0m
2023-04-18 00:03:03 info: [0mPUT /jobs/update/1 [32m200[0m 32.023 ms - 16[0m
2023-04-18 00:03:03 info: [0mGET /jobs/show/1 [32m200[0m 24.618 ms - 895[0m
2023-04-18 00:03:04 info: [0mGET /jobs?[object%20Object] [36m304[0m 23.764 ms - -[0m
2023-04-18 00:03:08 info: [0mOPTIONS /admins/profile [32m204[0m 0.721 ms - 0[0m
2023-04-18 00:03:09 info: [0mGET /jobs?[object%20Object] [36m304[0m 19.256 ms - -[0m
2023-04-18 00:03:09 info: [0mGET /admins/profile [36m304[0m 33.403 ms - -[0m
2023-04-18 00:03:09 info: [0mGET /jobs/show/1 [36m304[0m 14.668 ms - -[0m
2023-04-18 00:03:09 info: [0mGET /jobs?[object%20Object] [36m304[0m 7.088 ms - -[0m
2023-04-18 00:03:11 info: [0mGET /jobs/show/1 [36m304[0m 15.070 ms - -[0m
2023-04-18 00:03:11 info: [0mGET /jobs?page=1&page_size=10 [36m304[0m 17.717 ms - -[0m
2023-04-18 00:03:11 info: [0mGET /admins/profile [36m304[0m 105.375 ms - -[0m
2023-04-18 00:03:11 info: [0mGET /jobs?page=1&page_size=10 [36m304[0m 12.085 ms - -[0m
2023-04-18 00:03:12 info: [0mGET /jobs?[object%20Object] [36m304[0m 7.466 ms - -[0m
2023-04-18 00:03:12 info: [0mGET /admins/profile [36m304[0m 30.468 ms - -[0m
2023-04-18 00:03:35 info: [0mOPTIONS /jobs/create [32m204[0m 0.921 ms - 0[0m
2023-04-18 00:03:35 info: [0mPOST /jobs/create [32m200[0m 126.431 ms - 16[0m
2023-04-18 00:03:36 info: [0mOPTIONS /admins/profile [32m204[0m 0.218 ms - 0[0m
2023-04-18 00:03:36 info: [0mGET /jobs?page=1&page_size=10 [36m304[0m 125.069 ms - -[0m
2023-04-18 00:03:36 info: [0mGET /admins/profile [36m304[0m 143.197 ms - -[0m
2023-04-18 00:03:36 info: [0mGET /jobs?page=1&page_size=10 [36m304[0m 47.145 ms - -[0m
2023-04-18 00:05:11 info: =================================
2023-04-18 00:05:11 info: ======= ENV: development =======
2023-04-18 00:05:11 info: 🚀 App listening on the port 8000
2023-04-18 00:05:11 info: =================================
2023-04-18 00:05:24 info: [0mOPTIONS /admins/profile [32m204[0m 2.648 ms - 0[0m
2023-04-18 00:05:25 info: [0mGET /jobs?page=1&page_size=10 [36m304[0m 109.304 ms - -[0m
2023-04-18 00:05:25 info: [0mGET /admins/profile [36m304[0m 517.964 ms - -[0m
2023-04-18 00:05:25 info: [0mGET /jobs?page=1&page_size=10 [36m304[0m 88.121 ms - -[0m
2023-04-18 00:05:26 info: [0mGET /jobs?[object%20Object] [36m304[0m 151.901 ms - -[0m
2023-04-18 00:05:26 info: [0mGET /admins/profile [36m304[0m 179.461 ms - -[0m
2023-04-18 00:05:34 info: [0mOPTIONS /jobs/create [32m204[0m 0.361 ms - 0[0m
2023-04-18 00:05:34 info: [0mPOST /jobs/create [32m200[0m 149.728 ms - 16[0m
2023-04-18 00:05:34 info: [0mOPTIONS /admins/profile [32m204[0m 0.431 ms - 0[0m
2023-04-18 00:05:34 info: [0mGET /jobs?page=1&page_size=10 [36m304[0m 84.091 ms - -[0m
2023-04-18 00:05:34 info: [0mGET /admins/profile [36m304[0m 106.553 ms - -[0m
2023-04-18 00:05:34 info: [0mGET /jobs?page=1&page_size=10 [36m304[0m 14.955 ms - -[0m
2023-04-18 00:05:55 info: =================================
2023-04-18 00:05:55 info: ======= ENV: development =======
2023-04-18 00:05:55 info: 🚀 App listening on the port 8000
2023-04-18 00:05:55 info: =================================
2023-04-18 00:06:15 info: =================================
2023-04-18 00:06:15 info: ======= ENV: development =======
2023-04-18 00:06:15 info: 🚀 App listening on the port 8000
2023-04-18 00:06:15 info: =================================
2023-04-18 00:06:26 info: =================================
2023-04-18 00:06:26 info: ======= ENV: development =======
2023-04-18 00:06:26 info: 🚀 App listening on the port 8000
2023-04-18 00:06:26 info: =================================
2023-04-18 00:06:27 info: [0mOPTIONS /admins/profile [32m204[0m 2.227 ms - 0[0m
2023-04-18 00:06:28 info: [0mGET /jobs?page=1&page_size=10 [36m304[0m 93.623 ms - -[0m
2023-04-18 00:06:28 info: [0mGET /admins/profile [36m304[0m 287.749 ms - -[0m
2023-04-18 00:06:28 info: [0mGET /jobs?page=1&page_size=10 [36m304[0m 15.137 ms - -[0m
2023-04-18 00:06:29 info: [0mGET /jobs?[object%20Object] [36m304[0m 125.235 ms - -[0m
2023-04-18 00:06:29 info: [0mGET /admins/profile [36m304[0m 191.619 ms - -[0m
2023-04-18 00:06:31 info: [0mOPTIONS /jobs/create [32m204[0m 0.497 ms - 0[0m
2023-04-18 00:06:31 info: [0mPOST /jobs/create [32m200[0m 72.833 ms - 16[0m
2023-04-18 00:06:31 info: [0mGET /jobs?page=1&page_size=10 [32m200[0m 31.592 ms - -[0m
2023-04-18 00:06:31 info: [0mGET /admins/profile [36m304[0m 65.812 ms - -[0m
2023-04-18 00:06:32 info: [0mGET /jobs?page=1&page_size=10 [36m304[0m 10.793 ms - -[0m
2023-04-18 00:06:47 info: =================================
2023-04-18 00:06:47 info: ======= ENV: development =======
2023-04-18 00:06:47 info: 🚀 App listening on the port 8000
2023-04-18 00:06:47 info: =================================
2023-04-18 00:09:17 info: =================================
2023-04-18 00:09:17 info: ======= ENV: development =======
2023-04-18 00:09:17 info: 🚀 App listening on the port 8000
2023-04-18 00:09:17 info: =================================
2023-04-18 00:09:17 info: [0mOPTIONS /admins/profile [32m204[0m 1.841 ms - 0[0m
2023-04-18 00:09:17 info: [0mGET /admins/profile [36m304[0m 333.058 ms - -[0m
2023-04-18 00:09:17 info: [0mGET /jobs?page=1&page_size=10 [36m304[0m 85.303 ms - -[0m
2023-04-18 00:09:17 info: [0mGET /jobs?page=1&page_size=10 [36m304[0m 13.714 ms - -[0m
2023-04-18 00:09:19 info: [0mGET /jobs?[object%20Object] [32m200[0m 133.996 ms - -[0m
2023-04-18 00:09:19 info: [0mGET /admins/profile [36m304[0m 272.533 ms - -[0m
2023-04-18 00:09:21 info: [0mOPTIONS /jobs/create [32m204[0m 0.338 ms - 0[0m
2023-04-18 00:09:21 info: [0mPOST /jobs/create [32m200[0m 127.771 ms - 16[0m
2023-04-18 00:09:21 info: [0mGET /jobs?page=1&page_size=10 [36m304[0m 11.058 ms - -[0m
2023-04-18 00:09:21 info: [0mGET /admins/profile [36m304[0m 23.262 ms - -[0m
2023-04-18 00:09:21 info: [0mGET /jobs?page=1&page_size=10 [36m304[0m 9.493 ms - -[0m
2023-04-18 00:09:32 info: [0mOPTIONS /admins/profile [32m204[0m 0.842 ms - 0[0m
2023-04-18 00:09:32 info: [0mGET /jobs?[object%20Object] [32m200[0m 51.919 ms - -[0m
2023-04-18 00:09:32 info: [0mGET /admins/profile [36m304[0m 154.895 ms - -[0m
2023-04-18 00:09:34 info: [0mOPTIONS /jobs/create [32m204[0m 0.895 ms - 0[0m
2023-04-18 00:09:34 info: [0mPOST /jobs/create [32m200[0m 30.780 ms - 16[0m
2023-04-18 00:09:34 info: [0mGET /jobs?page=1&page_size=10 [36m304[0m 56.946 ms - -[0m
2023-04-18 00:09:34 info: [0mGET /admins/profile [36m304[0m 111.691 ms - -[0m
2023-04-18 00:09:34 info: [0mGET /jobs?page=1&page_size=10 [36m304[0m 12.297 ms - -[0m
2023-04-18 00:12:10 info: =================================
2023-04-18 00:12:10 info: ======= ENV: development =======
2023-04-18 00:12:10 info: 🚀 App listening on the port 8000
2023-04-18 00:12:10 info: =================================
2023-04-18 00:12:15 info: [0mOPTIONS /admins/profile [32m204[0m 2.719 ms - 0[0m
2023-04-18 00:12:15 info: [0mGET /admins/profile [36m304[0m 293.279 ms - -[0m
2023-04-18 00:12:15 info: [0mGET /jobs?[object%20Object] [32m200[0m 204.850 ms - -[0m
2023-04-18 00:12:17 info: [0mOPTIONS /jobs/create [32m204[0m 0.183 ms - 0[0m
2023-04-18 00:12:17 info: [0mPOST /jobs/create [32m200[0m 19.284 ms - 16[0m
2023-04-18 00:12:17 info: [0mGET /jobs?page=1&page_size=10 [36m304[0m 168.152 ms - -[0m
2023-04-18 00:12:17 info: [0mGET /admins/profile [36m304[0m 199.923 ms - -[0m
2023-04-18 00:12:17 info: [0mGET /jobs?page=1&page_size=10 [36m304[0m 13.803 ms - -[0m
2023-04-18 00:12:42 info: =================================
2023-04-18 00:12:42 info: ======= ENV: development =======
2023-04-18 00:12:42 info: 🚀 App listening on the port 8000
2023-04-18 00:12:42 info: =================================
2023-04-18 00:12:47 info: [0mOPTIONS /jobs/create [32m204[0m 2.054 ms - 0[0m
2023-04-18 00:12:47 info: [0mPOST /jobs/create [32m200[0m 83.907 ms - 16[0m
2023-04-18 00:12:48 info: [0mOPTIONS /admins/profile [32m204[0m 0.406 ms - 0[0m
2023-04-18 00:12:48 info: [0mGET /jobs?page=1&page_size=10 [36m304[0m 150.022 ms - -[0m
2023-04-18 00:12:48 info: [0mGET /admins/profile [36m304[0m 219.287 ms - -[0m
2023-04-18 00:12:48 info: [0mGET /jobs?page=1&page_size=10 [36m304[0m 44.679 ms - -[0m
2023-04-18 00:13:03 info: [0mOPTIONS /admins/profile [32m204[0m 0.827 ms - 0[0m
2023-04-18 00:13:04 info: [0mGET /jobs?[object%20Object] [36m304[0m 125.738 ms - -[0m
2023-04-18 00:13:04 info: [0mGET /admins/profile [36m304[0m 151.883 ms - -[0m
2023-04-18 00:13:05 info: [0mOPTIONS /jobs/create [32m204[0m 0.178 ms - 0[0m
2023-04-18 00:13:05 info: [0mPOST /jobs/create [32m200[0m 4.183 ms - 16[0m
2023-04-18 00:13:06 info: [0mGET /jobs?page=1&page_size=10 [36m304[0m 68.955 ms - -[0m
2023-04-18 00:13:06 info: [0mGET /admins/profile [36m304[0m 90.567 ms - -[0m
2023-04-18 00:13:06 info: [0mGET /jobs?page=1&page_size=10 [36m304[0m 10.870 ms - -[0m
2023-04-18 00:13:11 info: [0mOPTIONS /admins/profile [32m204[0m 0.883 ms - 0[0m
2023-04-18 00:13:11 info: [0mGET /jobs?[object%20Object] [36m304[0m 107.232 ms - -[0m
2023-04-18 00:13:11 info: [0mGET /admins/profile [36m304[0m 131.933 ms - -[0m
2023-04-18 00:13:17 info: [0mOPTIONS /jobs/create [32m204[0m 0.159 ms - 0[0m
2023-04-18 00:13:17 info: [0mPOST /jobs/create [32m200[0m 5.821 ms - 16[0m
2023-04-18 00:13:17 info: [0mOPTIONS /admins/profile [32m204[0m 0.732 ms - 0[0m
2023-04-18 00:13:17 info: [0mGET /jobs?page=1&page_size=10 [36m304[0m 85.808 ms - -[0m
2023-04-18 00:13:17 info: [0mGET /admins/profile [36m304[0m 197.268 ms - -[0m
2023-04-18 00:13:17 info: [0mGET /jobs?page=1&page_size=10 [36m304[0m 27.001 ms - -[0m
2023-04-18 00:13:36 info: =================================
2023-04-18 00:13:36 info: ======= ENV: development =======
2023-04-18 00:13:36 info: 🚀 App listening on the port 8000
2023-04-18 00:13:36 info: =================================
2023-04-18 00:13:44 info: =================================
2023-04-18 00:13:44 info: ======= ENV: development =======
2023-04-18 00:13:44 info: 🚀 App listening on the port 8000
2023-04-18 00:13:44 info: =================================
2023-04-18 00:13:47 info: [0mOPTIONS /jobs/create [32m204[0m 1.445 ms - 0[0m
2023-04-18 00:13:47 info: [0mPOST /jobs/create [32m200[0m 121.140 ms - 16[0m
2023-04-18 00:13:47 info: [0mOPTIONS /admins/profile [32m204[0m 0.204 ms - 0[0m
2023-04-18 00:13:47 info: [0mGET /admins/profile [36m304[0m 173.732 ms - -[0m
2023-04-18 00:13:47 info: [0mGET /jobs?page=1&page_size=10 [32m200[0m 136.872 ms - -[0m
2023-04-18 00:13:48 info: [0mGET /jobs?page=1&page_size=10 [36m304[0m 67.691 ms - -[0m
2023-04-18 00:14:08 info: =================================
2023-04-18 00:14:08 info: ======= ENV: development =======
2023-04-18 00:14:08 info: 🚀 App listening on the port 8000
2023-04-18 00:14:08 info: =================================
2023-04-18 00:14:24 info: [0mOPTIONS /admins/profile [32m204[0m 2.563 ms - 0[0m
2023-04-18 00:14:25 info: [0mGET /jobs/show/4 [32m200[0m 158.724 ms - 218[0m
2023-04-18 00:14:25 info: [0mGET /admins/profile [36m304[0m 98.967 ms - -[0m
2023-04-18 00:14:25 info: [0mGET /jobs?[object%20Object] [32m200[0m 14.058 ms - -[0m
2023-04-18 00:14:36 info: [0mOPTIONS /jobs/update/4 [32m204[0m 0.254 ms - 0[0m
2023-04-18 00:14:36 info: [0mPUT /jobs/update/4 [32m200[0m 49.586 ms - 16[0m
2023-04-18 00:14:36 info: [0mGET /jobs/show/4 [32m200[0m 7.646 ms - 228[0m
2023-04-18 00:14:36 info: [0mGET /jobs?[object%20Object] [32m200[0m 11.320 ms - -[0m
2023-04-18 00:15:06 info: [0mGET /jobs/show/4 [36m304[0m 146.390 ms - -[0m
2023-04-18 00:15:06 info: [0mGET /jobs/show/4 [36m304[0m 4.439 ms - -[0m
2023-04-18 00:15:07 info: [0mGET /jobs?[object%20Object] [36m304[0m 99.036 ms - -[0m
2023-04-18 00:15:10 info: [0mOPTIONS /jobs/update/4 [32m204[0m 0.580 ms - 0[0m
2023-04-18 00:15:10 info: [0mPUT /jobs/update/4 [32m200[0m 46.621 ms - 16[0m
2023-04-18 00:15:10 info: [0mGET /jobs/show/4 [36m304[0m 7.348 ms - -[0m
2023-04-18 00:15:10 info: [0mGET /jobs/show/4 [36m304[0m 5.896 ms - -[0m
2023-04-18 00:15:10 info: [0mGET /jobs?[object%20Object] [36m304[0m 33.557 ms - -[0m
2023-04-18 00:15:13 info: [0mPUT /jobs/update/4 [32m200[0m 9.813 ms - 16[0m
2023-04-18 00:15:13 info: [0mGET /jobs/show/4 [36m304[0m 4.482 ms - -[0m
2023-04-18 00:15:13 info: [0mGET /jobs/show/4 [36m304[0m 5.584 ms - -[0m
2023-04-18 00:15:14 info: [0mGET /jobs?[object%20Object] [36m304[0m 8.612 ms - -[0m
2023-04-18 00:15:28 info: [0mGET /jobs/show/4 [32m200[0m 88.340 ms - 218[0m
2023-04-18 00:15:58 info: =================================
2023-04-18 00:15:58 info: ======= ENV: development =======
2023-04-18 00:15:58 info: 🚀 App listening on the port 8000
2023-04-18 00:15:58 info: =================================
2023-04-18 00:15:59 info: [0mGET /jobs/show/4 [32m200[0m 127.808 ms - 236[0m
2023-04-18 00:16:15 info: [0mOPTIONS /admins/profile [32m204[0m 1.180 ms - 0[0m
2023-04-18 00:16:15 info: [0mGET /jobs/show/4 [36m304[0m 248.645 ms - -[0m
2023-04-18 00:16:15 info: [0mGET /admins/profile [36m304[0m 177.504 ms - -[0m
2023-04-18 00:16:15 info: [0mGET /jobs?page=1&page_size=10 [32m200[0m 151.385 ms - -[0m
2023-04-18 00:16:15 info: [0mGET /jobs?page=1&page_size=10 [36m304[0m 26.201 ms - -[0m
2023-04-18 00:16:18 info: [0mGET /jobs?[object%20Object] [36m304[0m 127.855 ms - -[0m
2023-04-18 00:16:18 info: [0mGET /admins/profile [36m304[0m 170.754 ms - -[0m
2023-04-18 00:16:22 info: [0mOPTIONS /jobs/create [32m204[0m 0.248 ms - 0[0m
2023-04-18 00:16:22 info: [0mPOST /jobs/create [32m200[0m 59.108 ms - 16[0m
2023-04-18 00:16:22 info: [0mOPTIONS /admins/profile [32m204[0m 0.148 ms - 0[0m
2023-04-18 00:16:22 info: [0mGET /admins/profile [36m304[0m 22.110 ms - -[0m
2023-04-18 00:16:22 info: [0mGET /jobs?page=1&page_size=10 [32m200[0m 29.476 ms - -[0m
2023-04-18 00:16:22 info: [0mGET /jobs?page=1&page_size=10 [36m304[0m 6.524 ms - -[0m
2023-04-18 00:16:24 info: [0mGET /jobs/show/5 [32m200[0m 13.203 ms - 237[0m
2023-04-18 00:16:24 info: [0mGET /admins/profile [36m304[0m 24.492 ms - -[0m
2023-04-18 00:16:25 info: [0mGET /jobs?[object%20Object] [32m200[0m 18.361 ms - -[0m
2023-04-18 00:16:58 info: =================================
2023-04-18 00:16:58 info: ======= ENV: development =======
2023-04-18 00:16:58 info: 🚀 App listening on the port 8000
2023-04-18 00:16:58 info: =================================
2023-04-18 00:16:59 info: [0mOPTIONS /admins/profile [32m204[0m 3.817 ms - 0[0m
2023-04-18 00:16:59 info: [0mGET /jobs?[object%20Object] [36m304[0m 224.074 ms - -[0m
2023-04-18 00:16:59 info: [0mGET /admins/profile [36m304[0m 280.311 ms - -[0m
2023-04-18 00:16:59 info: [0mGET /jobs/show/5 [36m304[0m 15.006 ms - -[0m
2023-04-18 00:17:00 info: [0mGET /jobs?[object%20Object] [36m304[0m 44.739 ms - -[0m
2023-04-18 00:17:06 info: [0mOPTIONS /jobs/update/5 [32m204[0m 0.624 ms - 0[0m
2023-04-18 00:17:06 info: [0mPUT /jobs/update/5 [32m200[0m 49.308 ms - 16[0m
2023-04-18 00:17:06 info: [0mGET /jobs/show/5 [32m200[0m 6.768 ms - 249[0m
2023-04-18 00:17:07 info: [0mGET /jobs?[object%20Object] [32m200[0m 21.600 ms - -[0m
2023-04-18 00:17:57 info: =================================
2023-04-18 00:17:57 info: ======= ENV: development =======
2023-04-18 00:17:57 info: 🚀 App listening on the port 8000
2023-04-18 00:17:57 info: =================================
2023-04-18 00:18:43 info: =================================
2023-04-18 00:18:43 info: ======= ENV: development =======
2023-04-18 00:18:43 info: 🚀 App listening on the port 8000
2023-04-18 00:18:43 info: =================================
2023-04-18 00:19:03 info: =================================
2023-04-18 00:19:03 info: ======= ENV: development =======
2023-04-18 00:19:03 info: 🚀 App listening on the port 8000
2023-04-18 00:19:03 info: =================================
2023-04-18 00:19:06 info: [0mOPTIONS /admins/profile [32m204[0m 4.037 ms - 0[0m
2023-04-18 00:19:06 info: [0mGET /jobs/show/5 [36m304[0m 139.830 ms - -[0m
2023-04-18 00:19:06 info: [0mGET /jobs?[object%20Object] [36m304[0m 264.671 ms - -[0m
2023-04-18 00:19:06 info: [0mGET /admins/profile [36m304[0m 363.716 ms - -[0m
2023-04-18 00:19:07 info: [0mGET /jobs?[object%20Object] [36m304[0m 62.952 ms - -[0m
2023-04-18 00:19:28 info: =================================
2023-04-18 00:19:28 info: ======= ENV: development =======
2023-04-18 00:19:28 info: 🚀 App listening on the port 8000
2023-04-18 00:19:28 info: =================================
2023-04-18 00:19:32 info: [0mOPTIONS /jobs/update/5 [32m204[0m 1.849 ms - 0[0m
2023-04-18 00:19:32 info: [0mPUT /jobs/update/5 [32m200[0m 44.227 ms - 16[0m
2023-04-18 00:19:32 info: [0mGET /jobs/show/5 [36m304[0m 240.395 ms - -[0m
2023-04-18 00:19:33 info: [0mGET /jobs?[object%20Object] [36m304[0m 42.868 ms - -[0m
2023-04-18 00:19:37 info: [0mPUT /jobs/update/5 [32m200[0m 2.975 ms - 16[0m
2023-04-18 00:19:37 info: [0mGET /jobs/show/5 [36m304[0m 49.840 ms - -[0m
2023-04-18 00:19:37 info: [0mGET /jobs?[object%20Object] [36m304[0m 43.162 ms - -[0m
2023-04-18 00:19:44 info: [0mOPTIONS /jobs/update/5 [32m204[0m 0.323 ms - 0[0m
2023-04-18 00:19:44 info: [0mPUT /jobs/update/5 [32m200[0m 3.439 ms - 16[0m
2023-04-18 00:19:44 info: [0mGET /jobs/show/5 [36m304[0m 35.223 ms - -[0m
2023-04-18 00:19:45 info: [0mGET /jobs?[object%20Object] [36m304[0m 22.680 ms - -[0m
2023-04-18 00:20:52 info: =================================
2023-04-18 00:20:52 info: ======= ENV: development =======
2023-04-18 00:20:52 info: 🚀 App listening on the port 8000
2023-04-18 00:20:52 info: =================================
2023-04-18 00:20:54 info: [0mOPTIONS /admins/login [32m204[0m 1.754 ms - 0[0m
2023-04-18 00:20:54 info: [0mPOST /admins/login [32m200[0m 145.034 ms - 744[0m
2023-04-18 00:20:55 info: [0mOPTIONS /admins/profile [32m204[0m 0.243 ms - 0[0m
2023-04-18 00:20:56 info: [0mGET /admins/profile [36m304[0m 133.462 ms - -[0m
2023-04-18 00:20:57 info: [0mGET /admins/profile [36m304[0m 60.990 ms - -[0m
2023-04-18 00:20:57 info: [0mGET /jobs? [32m200[0m 49.508 ms - -[0m
2023-04-18 00:20:57 info: [0mGET /jobs?page=1&page_size=10 [32m200[0m 16.828 ms - -[0m
2023-04-18 00:21:02 info: [0mOPTIONS /admins/profile [32m204[0m 0.541 ms - 0[0m
2023-04-18 00:21:02 info: [0mGET /jobs/show/3 [32m200[0m 9.160 ms - 233[0m
2023-04-18 00:21:02 info: [0mGET /admins/profile [36m304[0m 29.240 ms - -[0m
2023-04-18 00:21:02 info: [0mGET /jobs?[object%20Object] [36m304[0m 15.688 ms - -[0m
2023-04-18 00:21:13 info: [0mOPTIONS /jobs/update/3 [32m204[0m 0.429 ms - 0[0m
2023-04-18 00:21:13 info: [0mPUT /jobs/update/3 [32m200[0m 120.753 ms - 16[0m
2023-04-18 00:21:13 info: [0mGET /jobs/show/3 [36m304[0m 4.061 ms - -[0m
2023-04-18 00:21:14 info: [0mGET /jobs?[object%20Object] [36m304[0m 9.446 ms - -[0m
2023-04-18 00:21:42 info: =================================
2023-04-18 00:21:42 info: ======= ENV: development =======
2023-04-18 00:21:42 info: 🚀 App listening on the port 8000
2023-04-18 00:21:42 info: =================================
2023-04-18 00:21:45 info: [0mOPTIONS /admins/profile [32m204[0m 4.657 ms - 0[0m
2023-04-18 00:21:45 info: [0mGET /jobs/show/3 [36m304[0m 205.124 ms - -[0m
2023-04-18 00:21:45 info: [0mGET /jobs?[object%20Object] [36m304[0m 422.662 ms - -[0m
2023-04-18 00:21:45 info: [0mGET /admins/profile [36m304[0m 474.943 ms - -[0m
2023-04-18 00:21:46 info: [0mGET /jobs?[object%20Object] [36m304[0m 25.312 ms - -[0m
2023-04-18 00:21:54 info: [0mOPTIONS /jobs/update/3 [32m204[0m 0.331 ms - 0[0m
2023-04-18 00:21:54 info: [0mPUT /jobs/update/3 [32m200[0m 105.457 ms - 16[0m
2023-04-18 00:21:54 info: [0mGET /jobs/show/3 [36m304[0m 27.194 ms - -[0m
2023-04-18 00:21:55 info: [0mGET /jobs?[object%20Object] [36m304[0m 6.372 ms - -[0m
2023-04-18 00:22:56 info: [0mGET /jobs/show/3 [36m304[0m 104.165 ms - -[0m
2023-04-18 00:22:56 info: [0mGET /jobs/show/3 [36m304[0m 14.431 ms - -[0m
2023-04-18 00:22:57 info: [0mGET /jobs?[object%20Object] [36m304[0m 321.374 ms - -[0m
2023-04-18 00:23:00 info: [0mOPTIONS /jobs/update/3 [32m204[0m 1.465 ms - 0[0m
2023-04-18 00:23:00 info: [0mPUT /jobs/update/3 [32m200[0m 32.021 ms - 16[0m
2023-04-18 00:23:00 info: [0mGET /jobs/show/3 [36m304[0m 7.502 ms - -[0m
2023-04-18 00:23:00 info: [0mGET /jobs/show/3 [36m304[0m 8.032 ms - -[0m
2023-04-18 00:23:01 info: [0mGET /jobs?[object%20Object] [36m304[0m 42.171 ms - -[0m
2023-04-18 00:23:04 info: [0mPUT /jobs/update/3 [32m200[0m 11.409 ms - 16[0m
2023-04-18 00:23:04 info: [0mGET /jobs/show/3 [36m304[0m 3.696 ms - -[0m
2023-04-18 00:23:04 info: [0mGET /jobs/show/3 [36m304[0m 3.442 ms - -[0m
2023-04-18 00:23:05 info: [0mGET /jobs?[object%20Object] [36m304[0m 15.172 ms - -[0m
2023-04-18 00:23:07 info: [0mOPTIONS /admins/profile [32m204[0m 0.715 ms - 0[0m
2023-04-18 00:23:08 info: [0mGET /jobs?[object%20Object] [36m304[0m 139.255 ms - -[0m
2023-04-18 00:23:08 info: [0mGET /admins/profile [36m304[0m 195.566 ms - -[0m
2023-04-18 00:23:08 info: [0mGET /jobs/show/3 [36m304[0m 5.905 ms - -[0m
2023-04-18 00:23:08 info: [0mGET /jobs?[object%20Object] [36m304[0m 7.754 ms - -[0m
2023-04-18 00:23:12 info: [0mOPTIONS /jobs/update/3 [32m204[0m 0.906 ms - 0[0m
2023-04-18 00:23:12 info: [0mPUT /jobs/update/3 [32m200[0m 221.934 ms - 16[0m
2023-04-18 00:23:12 info: [0mGET /jobs/show/3 [36m304[0m 55.222 ms - -[0m
2023-04-18 00:23:13 info: [0mGET /jobs?[object%20Object] [36m304[0m 35.438 ms - -[0m
2023-04-18 00:23:31 info: [0mGET /jobs/show/3 [36m304[0m 129.418 ms - -[0m
2023-04-18 00:23:32 info: [0mGET /jobs/show/3 [36m304[0m 44.159 ms - -[0m
2023-04-18 00:23:32 info: [0mGET /jobs?[object%20Object] [36m304[0m 55.407 ms - -[0m
2023-04-18 00:23:44 info: =================================
2023-04-18 00:23:44 info: ======= ENV: development =======
2023-04-18 00:23:44 info: 🚀 App listening on the port 8000
2023-04-18 00:23:44 info: =================================
2023-04-18 00:23:47 info: [0mOPTIONS /jobs/update/3 [32m204[0m 1.697 ms - 0[0m
2023-04-18 00:23:48 info: [0mPUT /jobs/update/3 [32m200[0m 291.331 ms - 16[0m
2023-04-18 00:23:48 info: [0mGET /jobs/show/3 [36m304[0m 40.316 ms - -[0m
2023-04-18 00:23:48 info: [0mGET /jobs/show/3 [36m304[0m 10.711 ms - -[0m
2023-04-18 00:23:48 info: [0mGET /jobs?[object%20Object] [36m304[0m 66.120 ms - -[0m
2023-04-18 00:24:01 info: =================================
2023-04-18 00:24:01 info: ======= ENV: development =======
2023-04-18 00:24:01 info: 🚀 App listening on the port 8000
2023-04-18 00:24:01 info: =================================
2023-04-18 00:24:39 info: =================================
2023-04-18 00:24:39 info: ======= ENV: development =======
2023-04-18 00:24:39 info: 🚀 App listening on the port 8000
2023-04-18 00:24:39 info: =================================
2023-04-18 00:24:43 info: [0mOPTIONS /admins/profile [32m204[0m 9.922 ms - 0[0m
2023-04-18 00:24:43 info: [0mGET /jobs/show/3 [32m200[0m 67.283 ms - 245[0m
2023-04-18 00:24:43 info: [0mGET /jobs?[object%20Object] [36m304[0m 188.338 ms - -[0m
2023-04-18 00:24:43 info: [0mGET /admins/profile [36m304[0m 244.704 ms - -[0m
2023-04-18 00:24:44 info: [0mGET /jobs?[object%20Object] [36m304[0m 19.725 ms - -[0m
2023-04-18 00:24:46 info: [0mOPTIONS /jobs/update/3 [32m204[0m 0.491 ms - 0[0m
2023-04-18 00:24:46 info: [0mPUT /jobs/update/3 [32m200[0m 153.442 ms - 16[0m
2023-04-18 00:24:46 info: [0mGET /jobs/show/3 [36m304[0m 6.644 ms - -[0m
2023-04-18 00:24:46 info: [0mGET /jobs?[object%20Object] [36m304[0m 13.575 ms - -[0m
2023-04-18 00:24:57 info: [0mOPTIONS /jobs/update/3 [32m204[0m 0.704 ms - 0[0m
2023-04-18 00:24:57 info: [0mPUT /jobs/update/3 [32m200[0m 22.033 ms - 16[0m
2023-04-18 00:24:57 info: [0mGET /jobs/show/3 [36m304[0m 32.501 ms - -[0m
2023-04-18 00:24:57 info: [0mGET /jobs?[object%20Object] [36m304[0m 8.687 ms - -[0m
2023-04-18 00:25:37 info: =================================
2023-04-18 00:25:37 info: ======= ENV: development =======
2023-04-18 00:25:37 info: 🚀 App listening on the port 8000
2023-04-18 00:25:37 info: =================================
2023-04-18 00:25:40 info: [0mOPTIONS /jobs/update/3 [32m204[0m 2.061 ms - 0[0m
2023-04-18 00:25:40 info: [0mPUT /jobs/update/3 [32m200[0m 38.192 ms - 16[0m
2023-04-18 00:25:40 info: [0mGET /jobs/show/3 [36m304[0m 247.012 ms - -[0m
2023-04-18 00:25:41 info: [0mGET /jobs?[object%20Object] [36m304[0m 39.361 ms - -[0m
2023-04-18 00:26:20 info: [0mOPTIONS /jobs/update/3 [32m204[0m 0.593 ms - 0[0m
2023-04-18 00:26:20 info: [0mPUT /jobs/update/3 [32m200[0m 5.195 ms - 16[0m
2023-04-18 00:26:20 info: [0mGET /jobs/show/3 [36m304[0m 114.568 ms - -[0m
2023-04-18 00:26:21 info: [0mGET /jobs?[object%20Object] [36m304[0m 182.305 ms - -[0m
2023-04-18 00:26:53 info: [0mOPTIONS /admins/profile [32m204[0m 1.573 ms - 0[0m
2023-04-18 00:26:53 info: [0mGET /jobs?[object%20Object] [36m304[0m 182.382 ms - -[0m
2023-04-18 00:26:53 info: [0mGET /jobs/show/3 [36m304[0m 28.694 ms - -[0m
2023-04-18 00:26:53 info: [0mGET /admins/profile [36m304[0m 273.072 ms - -[0m
2023-04-18 00:26:54 info: [0mGET /jobs?[object%20Object] [36m304[0m 6.467 ms - -[0m
2023-04-18 00:26:59 info: [0mOPTIONS /jobs/update/3 [32m204[0m 1.476 ms - 0[0m
2023-04-18 00:26:59 info: [0mPUT /jobs/update/3 [32m200[0m 3.529 ms - 16[0m
2023-04-18 00:26:59 info: [0mGET /jobs/show/3 [36m304[0m 32.926 ms - -[0m
2023-04-18 00:26:59 info: [0mGET /jobs?[object%20Object] [36m304[0m 13.063 ms - -[0m
2023-04-18 00:27:03 info: [0mPUT /jobs/update/3 [32m200[0m 2.451 ms - 16[0m
2023-04-18 00:27:03 info: [0mGET /jobs/show/3 [36m304[0m 10.168 ms - -[0m
2023-04-18 00:27:03 info: [0mGET /jobs?[object%20Object] [36m304[0m 9.121 ms - -[0m
2023-04-18 00:28:06 info: [0mOPTIONS /jobs/update/3 [32m204[0m 6.940 ms - 0[0m
2023-04-18 00:28:06 info: [0mPUT /jobs/update/3 [32m200[0m 5.855 ms - 16[0m
2023-04-18 00:28:06 info: [0mGET /jobs/show/3 [36m304[0m 41.742 ms - -[0m
2023-04-18 00:28:07 info: [0mGET /jobs?[object%20Object] [36m304[0m 67.242 ms - -[0m
2023-04-18 00:28:34 info: [0mGET /jobs/show/3 [36m304[0m 228.684 ms - -[0m
2023-04-18 00:28:34 info: [0mGET /jobs/show/3 [36m304[0m 57.070 ms - -[0m
2023-04-18 00:28:35 info: [0mGET /jobs?[object%20Object] [36m304[0m 128.695 ms - -[0m
2023-04-18 00:28:50 info: [0mGET /jobs/show/3 [36m304[0m 173.507 ms - -[0m
2023-04-18 00:28:50 info: [0mGET /jobs/show/3 [36m304[0m 21.532 ms - -[0m
2023-04-18 00:28:50 info: [0mGET /jobs?[object%20Object] [36m304[0m 134.127 ms - -[0m
2023-04-18 00:29:03 info: [0mGET /jobs/show/3 [36m304[0m 154.898 ms - -[0m
2023-04-18 00:29:03 info: [0mGET /jobs/show/3 [36m304[0m 7.344 ms - -[0m
2023-04-18 00:29:04 info: [0mGET /jobs?[object%20Object] [36m304[0m 127.741 ms - -[0m
2023-04-18 00:30:54 info: [0mGET /jobs/show/3 [36m304[0m 101.211 ms - -[0m
2023-04-18 00:30:54 info: [0mGET /jobs/show/3 [36m304[0m 84.321 ms - -[0m
2023-04-18 00:30:55 info: [0mGET /jobs?[object%20Object] [36m304[0m 196.488 ms - -[0m
2023-04-18 00:31:20 info: [0mGET /jobs/getListFeatured [32m200[0m 129.935 ms - -[0m
2023-04-18 00:31:32 info: [0mGET /jobs/getListFeatured [36m304[0m 67.751 ms - -[0m
2023-04-18 00:33:51 info: =================================
2023-04-18 00:33:51 info: ======= ENV: development =======
2023-04-18 00:33:51 info: 🚀 App listening on the port 8000
2023-04-18 00:33:51 info: =================================
2023-04-18 00:33:52 info: [0mGET /jobs/show/4 [32m200[0m 130.015 ms - 248[0m
2023-04-18 00:33:52 info: [0mGET /jobs/show/4 [32m200[0m 9.611 ms - 248[0m
2023-04-18 00:33:52 info: [0mGET /jobs/show/4 [36m304[0m 10.789 ms - -[0m
2023-04-18 00:33:55 info: [0mGET /jobs/show/4 [36m304[0m 29.135 ms - -[0m
2023-04-18 00:34:09 info: [0mGET /jobs/show/5 [32m200[0m 34.175 ms - 247[0m
2023-04-18 00:34:11 info: [0mGET /jobs/show/5 [36m304[0m 9.474 ms - -[0m
2023-04-18 00:34:23 info: [0mOPTIONS /admins/profile [32m204[0m 0.702 ms - 0[0m
2023-04-18 00:34:23 info: [0mGET /jobs/show/3 [36m304[0m 176.454 ms - -[0m
2023-04-18 00:34:23 info: [0mGET /admins/profile [36m304[0m 172.934 ms - -[0m
2023-04-18 00:34:23 info: [0mGET /jobs? [32m200[0m 200.797 ms - -[0m
2023-04-18 00:34:23 info: [0mGET /jobs?page=1&page_size=10 [36m304[0m 26.456 ms - -[0m
2023-04-18 00:34:25 info: [0mGET /jobs/show/5 [32m200[0m 34.176 ms - 259[0m
2023-04-18 00:34:25 info: [0mGET /admins/profile [36m304[0m 102.478 ms - -[0m
2023-04-18 00:34:26 info: [0mGET /jobs?[object%20Object] [36m304[0m 11.409 ms - -[0m
2023-04-18 00:35:24 info: =================================
2023-04-18 00:35:24 info: ======= ENV: development =======
2023-04-18 00:35:24 info: 🚀 App listening on the port 8000
2023-04-18 00:35:24 info: =================================
2023-04-18 00:35:57 info: =================================
2023-04-18 00:35:57 info: ======= ENV: development =======
2023-04-18 00:35:57 info: 🚀 App listening on the port 8000
2023-04-18 00:35:57 info: =================================
2023-04-18 00:36:21 info: =================================
2023-04-18 00:36:21 info: ======= ENV: development =======
2023-04-18 00:36:21 info: 🚀 App listening on the port 8000
2023-04-18 00:36:21 info: =================================
2023-04-18 00:36:33 info: =================================
2023-04-18 00:36:33 info: ======= ENV: development =======
2023-04-18 00:36:33 info: 🚀 App listening on the port 8000
2023-04-18 00:36:33 info: =================================
2023-04-18 00:36:34 info: [0mGET /jobs/show/5 [32m200[0m 96.701 ms - 247[0m
2023-04-18 00:36:38 info: [0mGET /jobs/show/4 [32m200[0m 10.260 ms - 238[0m
2023-04-18 00:36:45 info: [0mGET /jobs/getListFeatured [32m200[0m 27.302 ms - -[0m
2023-04-18 00:36:53 info: [0mOPTIONS /admins/profile [32m204[0m 27.352 ms - 0[0m
2023-04-18 00:36:53 info: [0mGET /jobs?[object%20Object] [36m304[0m 156.170 ms - -[0m
2023-04-18 00:36:53 info: [0mGET /admins/profile [36m304[0m 225.429 ms - -[0m
2023-04-18 00:36:53 info: [0mGET /jobs/show/5 [32m200[0m 7.624 ms - 259[0m
2023-04-18 00:36:54 info: [0mGET /jobs?[object%20Object] [36m304[0m 23.960 ms - -[0m
2023-04-18 00:37:06 info: [0mOPTIONS /admins/profile [32m204[0m 0.711 ms - 0[0m
2023-04-18 00:37:06 info: [0mGET /jobs?[object%20Object] [36m304[0m 188.273 ms - -[0m
2023-04-18 00:37:06 info: [0mGET /admins/profile [36m304[0m 245.248 ms - -[0m
2023-04-18 00:37:06 info: [0mGET /jobs/show/5 [36m304[0m 16.288 ms - -[0m
2023-04-18 00:37:07 info: [0mGET /jobs?[object%20Object] [36m304[0m 43.359 ms - -[0m
2023-04-18 00:37:11 info: [0mOPTIONS /jobs/update/5 [32m204[0m 0.729 ms - 0[0m
2023-04-18 00:37:11 info: [0mPUT /jobs/update/5 [32m200[0m 160.439 ms - 16[0m
2023-04-18 00:37:11 info: [0mGET /jobs/show/5 [36m304[0m 23.596 ms - -[0m
2023-04-18 00:37:12 info: [0mGET /jobs?[object%20Object] [36m304[0m 36.394 ms - -[0m
2023-04-18 00:38:12 info: =================================
2023-04-18 00:38:12 info: ======= ENV: development =======
2023-04-18 00:38:12 info: 🚀 App listening on the port 8000
2023-04-18 00:38:12 info: =================================
2023-04-18 00:38:13 info: [0mOPTIONS /admins/profile [32m204[0m 2.028 ms - 0[0m
2023-04-18 00:38:13 info: [0mGET /jobs?[object%20Object] [36m304[0m 382.273 ms - -[0m
2023-04-18 00:38:13 info: [0mGET /jobs/show/5 [32m200[0m 90.060 ms - 209[0m
2023-04-18 00:38:13 info: [0mGET /admins/profile [36m304[0m 465.297 ms - -[0m
2023-04-18 00:38:14 info: [0mGET /jobs?[object%20Object] [36m304[0m 44.536 ms - -[0m
2023-04-18 00:38:20 info: [0mOPTIONS /jobs/update/5 [32m204[0m 0.182 ms - 0[0m
2023-04-18 00:38:21 info: [0mPUT /jobs/update/5 [32m200[0m 172.245 ms - 16[0m
2023-04-18 00:38:21 info: [0mGET /jobs/show/5 [36m304[0m 5.137 ms - -[0m
2023-04-18 00:38:21 info: [0mGET /jobs?[object%20Object] [36m304[0m 11.965 ms - -[0m
2023-04-18 00:39:18 info: =================================
2023-04-18 00:39:18 info: ======= ENV: development =======
2023-04-18 00:39:18 info: 🚀 App listening on the port 8000
2023-04-18 00:39:18 info: =================================
2023-04-18 00:39:21 info: [0mOPTIONS /jobs/update/5 [32m204[0m 2.029 ms - 0[0m
2023-04-18 00:39:22 info: [0mPUT /jobs/update/5 [32m200[0m 421.975 ms - 16[0m
2023-04-18 00:39:22 info: [0mGET /jobs/show/5 [36m304[0m 64.143 ms - -[0m
2023-04-18 00:39:23 info: [0mGET /jobs?[object%20Object] [36m304[0m 65.668 ms - -[0m
2023-04-18 00:40:19 info: =================================
2023-04-18 00:40:19 info: ======= ENV: development =======
2023-04-18 00:40:19 info: 🚀 App listening on the port 8000
2023-04-18 00:40:19 info: =================================
2023-04-18 00:40:26 info: =================================
2023-04-18 00:40:26 info: ======= ENV: development =======
2023-04-18 00:40:26 info: 🚀 App listening on the port 8000
2023-04-18 00:40:26 info: =================================
2023-04-18 00:41:44 info: =================================
2023-04-18 00:41:44 info: ======= ENV: development =======
2023-04-18 00:41:44 info: 🚀 App listening on the port 8000
2023-04-18 00:41:44 info: =================================
2023-04-18 00:44:27 info: =================================
2023-04-18 00:44:27 info: ======= ENV: development =======
2023-04-18 00:44:27 info: 🚀 App listening on the port 8000
2023-04-18 00:44:27 info: =================================
2023-04-18 00:44:28 info: [0mOPTIONS /admins/profile [32m204[0m 2.599 ms - 0[0m
2023-04-18 00:44:28 info: [0mGET /admins/profile [36m304[0m 222.921 ms - -[0m
2023-04-18 00:44:28 info: [0mGET /jobs?page=1&page_size=10 [36m304[0m 68.038 ms - -[0m
2023-04-18 00:44:29 info: [0mGET /jobs?page=1&page_size=10 [36m304[0m 72.837 ms - -[0m
2023-04-18 00:44:32 info: [0mGET /admins/profile [36m304[0m 162.028 ms - -[0m
2023-04-18 00:44:32 info: [0mGET /jobs?page=1&page_size=10 [36m304[0m 31.446 ms - -[0m
2023-04-18 00:44:32 info: [0mGET /jobs?page=1&page_size=10 [36m304[0m 92.009 ms - -[0m
2023-04-18 00:44:38 info: [0mOPTIONS /admins/profile [32m204[0m 0.640 ms - 0[0m
2023-04-18 00:44:38 info: [0mGET /admins/profile [36m304[0m 116.018 ms - -[0m
2023-04-18 00:44:38 info: [0mGET /jobs?[object%20Object] [32m200[0m 110.032 ms - -[0m
2023-04-18 00:44:43 info: [0mOPTIONS /jobs/create [32m204[0m 0.144 ms - 0[0m
2023-04-18 00:44:43 info: [0mPOST /jobs/create [32m200[0m 77.434 ms - 16[0m
2023-04-18 00:44:43 info: [0mOPTIONS /admins/profile [32m204[0m 0.677 ms - 0[0m
2023-04-18 00:44:43 info: [0mGET /jobs?page=1&page_size=10 [32m200[0m 38.604 ms - -[0m
2023-04-18 00:44:43 info: [0mGET /admins/profile [36m304[0m 73.092 ms - -[0m
2023-04-18 00:44:43 info: [0mGET /jobs?page=1&page_size=10 [32m200[0m 12.334 ms - -[0m
2023-04-18 00:44:45 info: [0mGET /jobs/show/6 [32m200[0m 23.813 ms - 199[0m
2023-04-18 00:44:45 info: [0mGET /admins/profile [36m304[0m 63.410 ms - -[0m
2023-04-18 00:44:46 info: [0mGET /jobs?[object%20Object] [32m200[0m 12.398 ms - -[0m
2023-04-18 00:44:49 info: [0mOPTIONS /jobs/update/6 [32m204[0m 0.400 ms - 0[0m
2023-04-18 00:44:49 info: [0mPUT /jobs/update/6 [32m200[0m 78.195 ms - 16[0m
2023-04-18 00:44:49 info: [0mGET /jobs/show/6 [36m304[0m 4.646 ms - -[0m
2023-04-18 00:44:50 info: [0mGET /jobs?[object%20Object] [36m304[0m 8.832 ms - -[0m
2023-04-18 00:44:53 info: [0mPUT /jobs/update/6 [32m200[0m 18.820 ms - 16[0m
2023-04-18 00:44:53 info: [0mGET /jobs/show/6 [36m304[0m 3.831 ms - -[0m
2023-04-18 00:44:54 info: [0mGET /jobs?[object%20Object] [36m304[0m 5.156 ms - -[0m
2023-04-18 00:45:03 info: [0mOPTIONS /jobs/update/6 [32m204[0m 0.573 ms - 0[0m
2023-04-18 00:45:03 info: [0mPUT /jobs/update/6 [32m200[0m 38.530 ms - 16[0m
2023-04-18 00:45:03 info: [0mGET /jobs/show/6 [36m304[0m 22.745 ms - -[0m
2023-04-18 00:45:04 info: [0mGET /jobs?[object%20Object] [36m304[0m 6.218 ms - -[0m
2023-04-18 00:48:06 info: =================================
2023-04-18 00:48:06 info: ======= ENV: development =======
2023-04-18 00:48:06 info: 🚀 App listening on the port 8000
2023-04-18 00:48:06 info: =================================
2023-04-18 00:48:35 info: =================================
2023-04-18 00:48:35 info: ======= ENV: development =======
2023-04-18 00:48:35 info: 🚀 App listening on the port 8000
2023-04-18 00:48:35 info: =================================
2023-04-18 00:48:37 info: [0mOPTIONS /admins/profile [32m204[0m 2.116 ms - 0[0m
2023-04-18 00:48:37 info: [0mGET /jobs/show/6 [36m304[0m 126.226 ms - -[0m
2023-04-18 00:48:37 info: [0mGET /jobs?[object%20Object] [36m304[0m 291.668 ms - -[0m
2023-04-18 00:48:37 info: [0mGET /admins/profile [36m304[0m 370.258 ms - -[0m
2023-04-18 00:48:38 info: [0mGET /jobs?[object%20Object] [36m304[0m 38.696 ms - -[0m
2023-04-18 00:48:41 info: [0mOPTIONS /jobs/update/6 [32m204[0m 0.370 ms - 0[0m
2023-04-18 00:48:41 info: [0mPUT /jobs/update/6 [32m200[0m 52.028 ms - 16[0m
2023-04-18 00:48:41 info: [0mGET /jobs/show/6 [32m200[0m 3.734 ms - 215[0m
2023-04-18 00:48:42 info: [0mGET /jobs?[object%20Object] [32m200[0m 50.547 ms - -[0m
2023-04-18 00:48:48 info: [0mOPTIONS /jobs/update/6 [32m204[0m 0.791 ms - 0[0m
2023-04-18 00:48:48 info: [0mPUT /jobs/update/6 [32m200[0m 38.607 ms - 16[0m
2023-04-18 00:48:48 info: [0mGET /jobs/show/6 [36m304[0m 33.982 ms - -[0m
2023-04-18 00:48:48 info: [0mGET /jobs?[object%20Object] [36m304[0m 33.820 ms - -[0m
2023-04-18 00:48:54 info: [0mOPTIONS /admins/profile [32m204[0m 1.663 ms - 0[0m
2023-04-18 00:48:55 info: [0mGET /admins/profile [36m304[0m 163.230 ms - -[0m
2023-04-18 00:48:55 info: [0mGET /jobs?[object%20Object] [36m304[0m 157.653 ms - -[0m
2023-04-18 00:48:55 info: [0mGET /jobs/show/6 [36m304[0m 26.214 ms - -[0m
2023-04-18 00:48:56 info: [0mGET /jobs?[object%20Object] [36m304[0m 47.919 ms - -[0m
2023-04-18 00:49:01 info: [0mOPTIONS /jobs/update/6 [32m204[0m 0.695 ms - 0[0m
2023-04-18 00:49:01 info: [0mPUT /jobs/update/6 [32m200[0m 57.414 ms - 16[0m
2023-04-18 00:49:01 info: [0mGET /jobs/show/6 [32m200[0m 12.909 ms - 223[0m
2023-04-18 00:49:01 info: [0mGET /jobs?[object%20Object] [32m200[0m 14.589 ms - -[0m
2023-04-18 00:49:18 info: [0mOPTIONS /jobs/update/6 [32m204[0m 0.511 ms - 0[0m
2023-04-18 00:49:18 info: [0mPUT /jobs/update/6 [32m200[0m 76.220 ms - 16[0m
2023-04-18 00:49:18 info: [0mGET /jobs/show/6 [32m200[0m 17.995 ms - 247[0m
2023-04-18 00:49:19 info: [0mGET /jobs?[object%20Object] [32m200[0m 9.733 ms - -[0m
2023-04-18 00:49:23 info: [0mPUT /jobs/update/6 [32m200[0m 21.364 ms - 16[0m
2023-04-18 00:49:23 info: [0mGET /jobs/show/6 [36m304[0m 23.483 ms - -[0m
2023-04-18 00:49:23 info: [0mGET /jobs?[object%20Object] [36m304[0m 8.618 ms - -[0m
2023-04-18 00:49:48 info: =================================
2023-04-18 00:49:48 info: ======= ENV: development =======
2023-04-18 00:49:48 info: 🚀 App listening on the port 8000
2023-04-18 00:49:48 info: =================================
2023-04-18 00:50:25 info: =================================
2023-04-18 00:50:25 info: ======= ENV: development =======
2023-04-18 00:50:25 info: 🚀 App listening on the port 8000
2023-04-18 00:50:25 info: =================================
2023-04-18 00:50:25 info: [0mOPTIONS /jobs/update/6 [32m204[0m 1.535 ms - 0[0m
2023-04-18 00:50:25 info: [0mPUT /jobs/update/6 [32m200[0m 128.849 ms - 16[0m
2023-04-18 00:50:25 info: [0mGET /jobs/show/6 [32m200[0m 27.366 ms - 211[0m
2023-04-18 00:50:26 info: [0mGET /jobs?[object%20Object] [32m200[0m 35.845 ms - -[0m
2023-04-18 00:50:30 info: [0mPUT /jobs/update/6 [32m200[0m 14.843 ms - 16[0m
2023-04-18 00:50:30 info: [0mGET /jobs/show/6 [36m304[0m 17.975 ms - -[0m
2023-04-18 00:50:30 info: [0mGET /jobs?[object%20Object] [36m304[0m 10.276 ms - -[0m
2023-04-18 00:51:12 info: =================================
2023-04-18 00:51:12 info: ======= ENV: development =======
2023-04-18 00:51:12 info: 🚀 App listening on the port 8000
2023-04-18 00:51:12 info: =================================
2023-04-18 00:51:13 info: [0mOPTIONS /admins/profile [32m204[0m 23.434 ms - 0[0m
2023-04-18 00:51:13 info: [0mGET /jobs/show/6 [32m200[0m 141.450 ms - 247[0m
2023-04-18 00:51:14 info: [0mGET /jobs?[object%20Object] [36m304[0m 344.413 ms - -[0m
2023-04-18 00:51:14 info: [0mGET /admins/profile [36m304[0m 501.717 ms - -[0m
2023-04-18 00:51:14 info: [0mGET /jobs?[object%20Object] [36m304[0m 71.778 ms - -[0m
2023-04-18 00:51:17 info: [0mOPTIONS /jobs/update/6 [32m204[0m 0.467 ms - 0[0m
2023-04-18 00:51:17 info: [0mPUT /jobs/update/6 [32m200[0m 74.540 ms - 16[0m
2023-04-18 00:51:17 info: [0mGET /jobs/show/6 [36m304[0m 27.070 ms - -[0m
2023-04-18 00:51:18 info: [0mGET /jobs?[object%20Object] [36m304[0m 33.115 ms - -[0m
2023-04-18 00:51:33 info: [0mOPTIONS /jobs/update/6 [32m204[0m 0.453 ms - 0[0m
2023-04-18 00:51:33 info: [0mPUT /jobs/update/6 [32m200[0m 41.527 ms - 16[0m
2023-04-18 00:51:33 info: [0mGET /jobs/show/6 [32m200[0m 29.960 ms - 255[0m
2023-04-18 00:51:33 info: [0mGET /jobs?[object%20Object] [36m304[0m 28.038 ms - -[0m
2023-04-18 00:51:35 info: [0mOPTIONS /admins/profile [32m204[0m 0.187 ms - 0[0m
2023-04-18 00:51:35 info: [0mGET /jobs?[object%20Object] [36m304[0m 129.821 ms - -[0m
2023-04-18 00:51:35 info: [0mGET /admins/profile [36m304[0m 170.488 ms - -[0m
2023-04-18 00:51:35 info: [0mGET /jobs/show/6 [36m304[0m 52.544 ms - -[0m
2023-04-18 00:51:36 info: [0mGET /jobs?[object%20Object] [36m304[0m 24.593 ms - -[0m
2023-04-18 00:52:02 info: [0mOPTIONS /jobs/update/6 [32m204[0m 0.608 ms - 0[0m
2023-04-18 00:52:02 info: [0mPUT /jobs/update/6 [32m200[0m 64.820 ms - 16[0m
2023-04-18 00:52:02 info: [0mGET /jobs/show/6 [36m304[0m 6.130 ms - -[0m
2023-04-18 00:52:03 info: [0mGET /jobs?[object%20Object] [36m304[0m 16.818 ms - -[0m
2023-04-18 00:52:37 info: =================================
2023-04-18 00:52:37 info: ======= ENV: development =======
2023-04-18 00:52:37 info: 🚀 App listening on the port 8000
2023-04-18 00:52:37 info: =================================
2023-04-18 00:52:39 info: [0mOPTIONS /admins/profile [32m204[0m 2.785 ms - 0[0m
2023-04-18 00:52:39 info: [0mGET /jobs?[object%20Object] [36m304[0m 214.809 ms - -[0m
2023-04-18 00:52:39 info: [0mGET /admins/profile [36m304[0m 294.792 ms - -[0m
2023-04-18 00:52:40 info: [0mGET /jobs/show/6 [36m304[0m 95.933 ms - -[0m
2023-04-18 00:52:40 info: [0mGET /jobs?[object%20Object] [36m304[0m 31.000 ms - -[0m
2023-04-18 00:52:45 info: [0mOPTIONS /jobs/update/6 [32m204[0m 0.344 ms - 0[0m
2023-04-18 00:52:45 info: [0mPUT /jobs/update/6 [32m200[0m 43.945 ms - 16[0m
2023-04-18 00:52:45 info: [0mGET /jobs/show/6 [32m200[0m 5.526 ms - 351[0m
2023-04-18 00:52:46 info: [0mGET /jobs?[object%20Object] [36m304[0m 29.897 ms - -[0m
2023-04-18 00:52:55 info: [0mOPTIONS /jobs/update/6 [32m204[0m 2.655 ms - 0[0m
2023-04-18 00:52:55 info: [0mPUT /jobs/update/6 [32m200[0m 40.615 ms - 16[0m
2023-04-18 00:52:55 info: [0mGET /jobs/show/6 [32m200[0m 17.527 ms - 389[0m
2023-04-18 00:52:56 info: [0mGET /jobs?[object%20Object] [32m200[0m 57.524 ms - -[0m
2023-04-18 00:53:01 info: [0mOPTIONS /jobs/update/6 [32m204[0m 1.010 ms - 0[0m
2023-04-18 00:53:01 info: [0mPUT /jobs/update/6 [32m200[0m 15.534 ms - 16[0m
2023-04-18 00:53:01 info: [0mGET /jobs/show/6 [32m200[0m 4.320 ms - 394[0m
2023-04-18 00:53:02 info: [0mGET /jobs?[object%20Object] [36m304[0m 11.731 ms - -[0m
2023-04-18 00:53:38 info: =================================
2023-04-18 00:53:38 info: ======= ENV: development =======
2023-04-18 00:53:38 info: 🚀 App listening on the port 8000
2023-04-18 00:53:38 info: =================================
2023-04-18 00:53:45 info: [0mGET /jobs/show/6 [32m200[0m 404.254 ms - 403[0m
2023-04-18 00:53:45 info: [0mGET /jobs/show/6 [36m304[0m 40.824 ms - -[0m
2023-04-18 00:53:46 info: [0mGET /jobs?[object%20Object] [36m304[0m 209.942 ms - -[0m
2023-04-18 00:53:47 info: [0mGET /jobs/show/6 [36m304[0m 56.732 ms - -[0m
2023-04-18 00:53:47 info: [0mGET /jobs/show/6 [36m304[0m 6.564 ms - -[0m
2023-04-18 00:53:48 info: [0mGET /jobs?[object%20Object] [36m304[0m 70.383 ms - -[0m
2023-04-18 00:54:38 info: =================================
2023-04-18 00:54:38 info: ======= ENV: development =======
2023-04-18 00:54:38 info: 🚀 App listening on the port 8000
2023-04-18 00:54:38 info: =================================
2023-04-18 00:54:59 info: =================================
2023-04-18 00:54:59 info: ======= ENV: development =======
2023-04-18 00:54:59 info: 🚀 App listening on the port 8000
2023-04-18 00:54:59 info: =================================
2023-04-18 00:55:23 info: =================================
2023-04-18 00:55:23 info: ======= ENV: development =======
2023-04-18 00:55:23 info: 🚀 App listening on the port 8000
2023-04-18 00:55:23 info: =================================
2023-04-18 00:55:47 info: =================================
2023-04-18 00:55:47 info: ======= ENV: development =======
2023-04-18 00:55:47 info: 🚀 App listening on the port 8000
2023-04-18 00:55:47 info: =================================
2023-04-18 00:55:50 info: [0mOPTIONS /admins/profile [32m204[0m 7.965 ms - 0[0m
2023-04-18 00:55:51 info: [0mGET /jobs?[object%20Object] [36m304[0m 222.829 ms - -[0m
2023-04-18 00:55:51 info: [0mGET /jobs/show/6 [36m304[0m 79.207 ms - -[0m
2023-04-18 00:55:51 info: [0mGET /admins/profile [36m304[0m 308.758 ms - -[0m
2023-04-18 00:55:51 info: [0mGET /jobs?[object%20Object] [36m304[0m 11.711 ms - -[0m
2023-04-18 00:56:00 info: [0mOPTIONS /jobs/update/6 [32m204[0m 1.496 ms - 0[0m
2023-04-18 00:56:00 info: [0mPUT /jobs/update/6 [32m200[0m 72.825 ms - 16[0m
2023-04-18 00:56:00 info: [0mGET /jobs/show/6 [36m304[0m 8.991 ms - -[0m
2023-04-18 00:56:00 info: [0mGET /jobs?[object%20Object] [36m304[0m 16.985 ms - -[0m
2023-04-18 00:56:05 info: [0mOPTIONS /admins/profile [32m204[0m 0.932 ms - 0[0m
2023-04-18 00:56:05 info: [0mGET /jobs?[object%20Object] [36m304[0m 124.386 ms - -[0m
2023-04-18 00:56:05 info: [0mGET /admins/profile [36m304[0m 163.944 ms - -[0m
2023-04-18 00:56:05 info: [0mGET /jobs/show/6 [36m304[0m 5.342 ms - -[0m
2023-04-18 00:56:06 info: [0mGET /jobs?[object%20Object] [36m304[0m 7.898 ms - -[0m
2023-04-18 00:56:16 info: [0mOPTIONS /jobs/update/6 [32m204[0m 0.852 ms - 0[0m
2023-04-18 00:56:16 info: [0mPUT /jobs/update/6 [32m200[0m 93.669 ms - 16[0m
2023-04-18 00:56:16 info: [0mGET /jobs/show/6 [36m304[0m 11.230 ms - -[0m
2023-04-18 00:56:17 info: [0mGET /jobs?[object%20Object] [36m304[0m 32.594 ms - -[0m
2023-04-18 00:56:29 info: [0mOPTIONS /jobs/update/6 [32m204[0m 0.529 ms - 0[0m
2023-04-18 00:56:29 info: [0mPUT /jobs/update/6 [32m200[0m 45.405 ms - 16[0m
2023-04-18 00:56:29 info: [0mGET /jobs/show/6 [36m304[0m 18.105 ms - -[0m
2023-04-18 00:56:30 info: [0mGET /jobs?[object%20Object] [36m304[0m 24.524 ms - -[0m
2023-04-18 00:58:11 info: =================================
2023-04-18 00:58:11 info: ======= ENV: development =======
2023-04-18 00:58:11 info: 🚀 App listening on the port 8000
2023-04-18 00:58:11 info: =================================
2023-04-18 00:59:20 info: =================================
2023-04-18 00:59:20 info: ======= ENV: development =======
2023-04-18 00:59:20 info: 🚀 App listening on the port 8000
2023-04-18 00:59:20 info: =================================
2023-04-18 00:59:22 info: [0mOPTIONS /admins/profile [32m204[0m 3.870 ms - 0[0m
2023-04-18 00:59:23 info: [0mGET /jobs/show/6 [36m304[0m 291.421 ms - -[0m
2023-04-18 00:59:23 info: [0mGET /jobs?[object%20Object] [36m304[0m 696.192 ms - -[0m
2023-04-18 00:59:23 info: [0mGET /admins/profile [36m304[0m 812.378 ms - -[0m
2023-04-18 00:59:24 info: [0mGET /jobs?[object%20Object] [36m304[0m 167.684 ms - -[0m
2023-04-18 00:59:33 info: [0mOPTIONS /jobs/update/6 [32m204[0m 0.278 ms - 0[0m
2023-04-18 00:59:33 info: [0mPUT /jobs/update/6 [32m200[0m 113.483 ms - 16[0m
2023-04-18 00:59:33 info: [0mGET /jobs/show/6 [32m200[0m 5.856 ms - 311[0m
2023-04-18 00:59:34 info: [0mGET /jobs?[object%20Object] [36m304[0m 9.415 ms - -[0m
2023-04-18 00:59:38 info: [0mOPTIONS /jobs/update/6 [32m204[0m 0.220 ms - 0[0m
2023-04-18 00:59:38 info: [0mPUT /jobs/update/6 [32m200[0m 22.577 ms - 16[0m
2023-04-18 00:59:38 info: [0mGET /jobs/show/6 [36m304[0m 8.120 ms - -[0m
2023-04-18 00:59:39 info: [0mGET /jobs?[object%20Object] [36m304[0m 37.040 ms - -[0m
2023-04-18 00:59:41 info: [0mOPTIONS /admins/profile [32m204[0m 0.221 ms - 0[0m
2023-04-18 00:59:41 info: [0mGET /jobs?[object%20Object] [36m304[0m 115.394 ms - -[0m
2023-04-18 00:59:41 info: [0mGET /admins/profile [36m304[0m 135.053 ms - -[0m
2023-04-18 00:59:41 info: [0mGET /jobs/show/6 [36m304[0m 14.840 ms - -[0m
2023-04-18 00:59:42 info: [0mGET /jobs?[object%20Object] [36m304[0m 21.166 ms - -[0m
2023-04-18 01:00:27 info: =================================
2023-04-18 01:00:27 info: ======= ENV: development =======
2023-04-18 01:00:27 info: 🚀 App listening on the port 8000
2023-04-18 01:00:27 info: =================================
2023-04-18 01:00:30 info: [0mOPTIONS /admins/profile [32m204[0m 2.691 ms - 0[0m
2023-04-18 01:00:30 info: [0mGET /jobs/show/6 [32m200[0m 70.846 ms - 268[0m
2023-04-18 01:00:30 info: [0mGET /jobs?[object%20Object] [36m304[0m 218.166 ms - -[0m
2023-04-18 01:00:30 info: [0mGET /admins/profile [36m304[0m 303.678 ms - -[0m
2023-04-18 01:00:31 info: [0mGET /jobs?[object%20Object] [36m304[0m 23.933 ms - -[0m
2023-04-18 01:00:36 info: [0mOPTIONS /jobs/update/6 [32m204[0m 0.150 ms - 0[0m
2023-04-18 01:00:36 info: [0mPUT /jobs/update/6 [32m200[0m 65.758 ms - 16[0m
2023-04-18 01:00:36 info: [0mGET /jobs/show/6 [36m304[0m 12.542 ms - -[0m
2023-04-18 01:00:37 info: [0mGET /jobs?[object%20Object] [32m200[0m 85.472 ms - -[0m
2023-04-18 01:02:05 info: [0mOPTIONS /admins/profile [32m204[0m 3.102 ms - 0[0m
2023-04-18 01:02:05 info: [0mGET /jobs/show/6 [36m304[0m 79.226 ms - -[0m
2023-04-18 01:02:05 info: [0mGET /jobs?[object%20Object] [36m304[0m 166.264 ms - -[0m
2023-04-18 01:02:05 info: [0mGET /admins/profile [36m304[0m 222.324 ms - -[0m
2023-04-18 01:02:05 info: [0mGET /jobs?[object%20Object] [36m304[0m 29.221 ms - -[0m
2023-04-18 01:02:13 info: [0mOPTIONS /jobs/update/6 [32m204[0m 0.354 ms - 0[0m
2023-04-18 01:02:13 info: [0mPUT /jobs/update/6 [32m200[0m 38.721 ms - 16[0m
2023-04-18 01:02:13 info: [0mGET /jobs/show/6 [36m304[0m 7.207 ms - -[0m
2023-04-18 01:02:14 info: [0mGET /jobs?[object%20Object] [36m304[0m 24.297 ms - -[0m
2023-04-18 01:03:01 info: [0mOPTIONS /jobs/update/6 [32m204[0m 0.813 ms - 0[0m
2023-04-18 01:03:02 info: [0mPUT /jobs/update/6 [32m200[0m 79.677 ms - 16[0m
2023-04-18 01:03:02 info: [0mGET /jobs/show/6 [36m304[0m 25.472 ms - -[0m
2023-04-18 01:03:02 info: [0mGET /jobs?[object%20Object] [36m304[0m 21.243 ms - -[0m
2023-04-18 01:04:15 info: =================================
2023-04-18 01:04:15 info: ======= ENV: development =======
2023-04-18 01:04:15 info: 🚀 App listening on the port 8000
2023-04-18 01:04:15 info: =================================
2023-04-18 01:04:24 info: =================================
2023-04-18 01:04:24 info: ======= ENV: development =======
2023-04-18 01:04:24 info: 🚀 App listening on the port 8000
2023-04-18 01:04:24 info: =================================
2023-04-18 01:04:28 info: [0mOPTIONS /admins/profile [32m204[0m 5.574 ms - 0[0m
2023-04-18 01:04:28 info: [0mGET /jobs/show/6 [36m304[0m 73.340 ms - -[0m
2023-04-18 01:04:28 info: [0mGET /jobs?[object%20Object] [36m304[0m 210.355 ms - -[0m
2023-04-18 01:04:28 info: [0mGET /admins/profile [36m304[0m 291.647 ms - -[0m
2023-04-18 01:04:29 info: [0mGET /jobs?[object%20Object] [36m304[0m 37.314 ms - -[0m
2023-04-18 01:04:31 info: [0mOPTIONS /jobs/update/6 [32m204[0m 0.965 ms - 0[0m
2023-04-18 01:04:32 info: [0mPUT /jobs/update/6 [32m200[0m 133.800 ms - 16[0m
2023-04-18 01:04:32 info: [0mGET /jobs/show/6 [36m304[0m 31.793 ms - -[0m
2023-04-18 01:04:32 info: [0mGET /jobs?[object%20Object] [36m304[0m 38.797 ms - -[0m
2023-04-18 01:05:17 info: [0mOPTIONS /jobs/update/6 [32m204[0m 0.535 ms - 0[0m
2023-04-18 01:05:17 info: [0mPUT /jobs/update/6 [32m200[0m 80.261 ms - 16[0m
2023-04-18 01:05:17 info: [0mGET /jobs/show/6 [32m200[0m 27.211 ms - 276[0m
2023-04-18 01:05:18 info: [0mGET /jobs?[object%20Object] [32m200[0m 25.088 ms - -[0m
2023-04-18 01:05:20 info: [0mOPTIONS /admins/profile [32m204[0m 0.140 ms - 0[0m
2023-04-18 01:05:20 info: [0mGET /jobs?[object%20Object] [32m200[0m 22.720 ms - -[0m
2023-04-18 01:05:20 info: [0mGET /admins/profile [36m304[0m 153.116 ms - -[0m
2023-04-18 01:05:20 info: [0mGET /jobs/show/6 [36m304[0m 5.308 ms - -[0m
2023-04-18 01:05:20 info: [0mGET /jobs?[object%20Object] [32m200[0m 16.744 ms - -[0m
2023-04-18 01:05:24 info: [0mOPTIONS /jobs/update/6 [32m204[0m 0.482 ms - 0[0m
2023-04-18 01:05:24 info: [0mPUT /jobs/update/6 [32m200[0m 22.145 ms - 16[0m
2023-04-18 01:05:24 info: [0mGET /jobs/show/6 [32m200[0m 46.413 ms - 284[0m
2023-04-18 01:05:24 info: [0mGET /jobs?[object%20Object] [36m304[0m 6.926 ms - -[0m
2023-04-18 01:05:28 info: [0mPUT /jobs/update/6 [32m200[0m 15.308 ms - 16[0m
2023-04-18 01:05:28 info: [0mGET /jobs/show/6 [32m200[0m 49.167 ms - 320[0m
2023-04-18 01:05:29 info: [0mGET /jobs?[object%20Object] [36m304[0m 11.505 ms - -[0m
2023-04-18 01:05:31 info: [0mOPTIONS /jobs/update/6 [32m204[0m 0.254 ms - 0[0m
2023-04-18 01:05:31 info: [0mPUT /jobs/update/6 [32m200[0m 15.224 ms - 16[0m
2023-04-18 01:05:31 info: [0mGET /jobs/show/6 [32m200[0m 4.060 ms - 356[0m
2023-04-18 01:05:32 info: [0mGET /jobs?[object%20Object] [32m200[0m 9.750 ms - -[0m
2023-04-18 01:05:33 info: [0mPUT /jobs/update/6 [32m200[0m 38.155 ms - 16[0m
2023-04-18 01:05:33 info: [0mGET /jobs/show/6 [32m200[0m 5.106 ms - 358[0m
2023-04-18 01:05:33 info: [0mGET /jobs?[object%20Object] [32m200[0m 13.689 ms - -[0m
2023-04-18 01:05:35 info: [0mOPTIONS /admins/profile [32m204[0m 1.159 ms - 0[0m
2023-04-18 01:05:35 info: [0mGET /jobs?[object%20Object] [36m304[0m 38.915 ms - -[0m
2023-04-18 01:05:35 info: [0mGET /admins/profile [36m304[0m 61.720 ms - -[0m
2023-04-18 01:05:35 info: [0mGET /jobs/show/6 [36m304[0m 11.703 ms - -[0m
2023-04-18 01:05:36 info: [0mGET /jobs?[object%20Object] [36m304[0m 10.440 ms - -[0m
2023-04-18 01:05:53 info: [0mOPTIONS /jobs/update/6 [32m204[0m 0.579 ms - 0[0m
2023-04-18 01:05:53 info: [0mPUT /jobs/update/6 [32m200[0m 62.676 ms - 16[0m
2023-04-18 01:05:53 info: [0mGET /jobs/show/6 [32m200[0m 4.672 ms - 354[0m
2023-04-18 01:05:54 info: [0mGET /jobs?[object%20Object] [36m304[0m 6.742 ms - -[0m
2023-04-18 01:05:59 info: [0mOPTIONS /admins/profile [32m204[0m 0.771 ms - 0[0m
2023-04-18 01:05:59 info: [0mGET /jobs?[object%20Object] [36m304[0m 154.105 ms - -[0m
2023-04-18 01:05:59 info: [0mGET /admins/profile [36m304[0m 169.109 ms - -[0m
2023-04-18 01:05:59 info: [0mGET /jobs/show/6 [36m304[0m 12.804 ms - -[0m
2023-04-18 01:06:00 info: [0mGET /jobs?[object%20Object] [36m304[0m 14.174 ms - -[0m
2023-04-18 01:06:07 info: [0mOPTIONS /jobs/update/6 [32m204[0m 0.738 ms - 0[0m
2023-04-18 01:06:07 info: [0mPUT /jobs/update/6 [32m200[0m 55.454 ms - 16[0m
2023-04-18 01:06:07 info: [0mGET /jobs/show/6 [36m304[0m 44.918 ms - -[0m
2023-04-18 01:06:07 info: [0mGET /jobs?[object%20Object] [36m304[0m 28.126 ms - -[0m
2023-04-18 01:06:21 info: [0mOPTIONS /admins/profile [32m204[0m 3.240 ms - 0[0m
2023-04-18 01:06:22 info: [0mGET /jobs/show/6 [36m304[0m 59.181 ms - -[0m
2023-04-18 01:06:22 info: [0mGET /jobs?[object%20Object] [36m304[0m 232.000 ms - -[0m
2023-04-18 01:06:22 info: [0mGET /admins/profile [36m304[0m 381.156 ms - -[0m
2023-04-18 01:06:22 info: [0mGET /jobs?[object%20Object] [36m304[0m 5.550 ms - -[0m
2023-04-18 01:06:26 info: [0mOPTIONS /jobs/update/6 [32m204[0m 0.720 ms - 0[0m
2023-04-18 01:06:26 info: [0mPUT /jobs/update/6 [32m200[0m 35.494 ms - 16[0m
2023-04-18 01:06:26 info: [0mGET /jobs/show/6 [36m304[0m 6.541 ms - -[0m
2023-04-18 01:06:27 info: [0mGET /jobs?[object%20Object] [36m304[0m 33.083 ms - -[0m
2023-04-18 01:06:48 info: [0mGET /jobs/show/6 [32m200[0m 66.444 ms - 220[0m
2023-04-18 01:06:50 info: [0mGET /jobs/show/6 [36m304[0m 4.011 ms - -[0m
2023-04-18 01:07:48 info: =================================
2023-04-18 01:07:48 info: ======= ENV: development =======
2023-04-18 01:07:48 info: 🚀 App listening on the port 8000
2023-04-18 01:07:48 info: =================================
2023-04-18 01:07:50 info: [0mGET /jobs/show/6 [36m304[0m 120.392 ms - -[0m
2023-04-18 01:07:51 info: [0mGET /jobs/show/6 [36m304[0m 9.661 ms - -[0m
2023-04-18 01:09:10 info: =================================
2023-04-18 01:09:10 info: ======= ENV: development =======
2023-04-18 01:09:10 info: 🚀 App listening on the port 8000
2023-04-18 01:09:10 info: =================================
2023-04-18 01:09:11 info: [0mGET /jobs/show/6 [36m304[0m 93.188 ms - -[0m
2023-04-18 01:09:12 info: [0mGET /jobs/show/6 [36m304[0m 17.338 ms - -[0m
2023-04-18 01:09:12 info: [0mGET /jobs/show/6 [36m304[0m 12.947 ms - -[0m
2023-04-18 01:09:51 info: =================================
2023-04-18 01:09:51 info: ======= ENV: development =======
2023-04-18 01:09:51 info: 🚀 App listening on the port 8000
2023-04-18 01:09:51 info: =================================
2023-04-18 01:10:25 info: =================================
2023-04-18 01:10:25 info: ======= ENV: development =======
2023-04-18 01:10:25 info: 🚀 App listening on the port 8000
2023-04-18 01:10:25 info: =================================
2023-04-18 01:13:58 info: =================================
2023-04-18 01:13:58 info: ======= ENV: development =======
2023-04-18 01:13:58 info: 🚀 App listening on the port 8000
2023-04-18 01:13:58 info: =================================
2023-04-18 01:13:58 info: [0mGET /jobs/show/6 [32m200[0m 137.146 ms - 179[0m
2023-04-18 01:14:38 info: =================================
2023-04-18 01:14:38 info: ======= ENV: development =======
2023-04-18 01:14:38 info: 🚀 App listening on the port 8000
2023-04-18 01:14:38 info: =================================
2023-04-18 01:14:38 info: [0mGET /jobs/show/6 [32m200[0m 96.378 ms - 26[0m
2023-04-18 01:14:38 info: [0mGET /jobs/show/6 [36m304[0m 14.580 ms - -[0m
2023-04-18 01:14:39 info: [0mGET /jobs/show/6 [36m304[0m 6.387 ms - -[0m
2023-04-18 01:15:04 info: =================================
2023-04-18 01:15:04 info: ======= ENV: development =======
2023-04-18 01:15:04 info: 🚀 App listening on the port 8000
2023-04-18 01:15:04 info: =================================
2023-04-18 01:15:25 info: =================================
2023-04-18 01:15:25 info: ======= ENV: development =======
2023-04-18 01:15:25 info: 🚀 App listening on the port 8000
2023-04-18 01:15:25 info: =================================
2023-04-18 01:15:29 info: [0mGET /jobs/show/6 [32m200[0m 99.620 ms - 229[0m
2023-04-18 01:15:30 info: [0mGET /jobs/show/6 [36m304[0m 26.320 ms - -[0m
2023-04-18 01:15:30 info: [0mGET /jobs/show/6 [36m304[0m 4.764 ms - -[0m
2023-04-18 01:15:30 info: [0mGET /jobs/show/6 [36m304[0m 6.615 ms - -[0m
2023-04-18 01:16:02 info: =================================
2023-04-18 01:16:02 info: ======= ENV: development =======
2023-04-18 01:16:02 info: 🚀 App listening on the port 8000
2023-04-18 01:16:02 info: =================================
2023-04-18 01:16:03 info: [0mGET /jobs/show/6 [36m304[0m 161.372 ms - -[0m
2023-04-18 01:16:27 info: =================================
2023-04-18 01:16:27 info: ======= ENV: development =======
2023-04-18 01:16:27 info: 🚀 App listening on the port 8000
2023-04-18 01:16:27 info: =================================
2023-04-18 01:16:27 info: [0mGET /jobs/show/6 [32m200[0m 239.747 ms - 179[0m
2023-04-18 01:16:28 info: [0mGET /jobs/show/6 [36m304[0m 101.988 ms - -[0m
2023-04-18 01:16:52 info: =================================
2023-04-18 01:16:52 info: ======= ENV: development =======
2023-04-18 01:16:52 info: 🚀 App listening on the port 8000
2023-04-18 01:16:52 info: =================================
2023-04-18 01:16:53 info: [0mGET /jobs/show/6 [32m200[0m 139.834 ms - 229[0m
2023-04-18 01:17:05 info: =================================
2023-04-18 01:17:05 info: ======= ENV: development =======
2023-04-18 01:17:05 info: 🚀 App listening on the port 8000
2023-04-18 01:17:05 info: =================================
2023-04-18 01:17:27 info: =================================
2023-04-18 01:17:27 info: ======= ENV: development =======
2023-04-18 01:17:27 info: 🚀 App listening on the port 8000
2023-04-18 01:17:27 info: =================================
2023-04-18 01:17:32 info: [0mGET /jobs/show/6 [32m200[0m 118.780 ms - 374[0m
2023-04-18 01:17:41 info: [0mGET /admin/login [33m404[0m 6.286 ms - 150[0m
2023-04-18 01:17:51 info: [0mOPTIONS /admins/login [32m204[0m 1.472 ms - 0[0m
2023-04-18 01:17:51 info: [0mPOST /admins/login [32m200[0m 126.134 ms - 928[0m
2023-04-18 01:17:52 info: [0mOPTIONS /admins/profile [32m204[0m 0.191 ms - 0[0m
2023-04-18 01:17:52 info: [0mGET /admins/profile [36m304[0m 34.692 ms - -[0m
2023-04-18 01:17:55 info: [0mGET /admins/profile [36m304[0m 246.914 ms - -[0m
2023-04-18 01:17:55 info: [0mGET /jobs? [32m200[0m 216.797 ms - -[0m
2023-04-18 01:17:55 info: [0mGET /jobs?page=1&page_size=10 [32m200[0m 66.584 ms - -[0m
2023-04-18 01:17:57 info: [0mOPTIONS /admins/profile [32m204[0m 0.423 ms - 0[0m
2023-04-18 01:17:57 info: [0mGET /jobs/show/6 [36m304[0m 9.986 ms - -[0m
2023-04-18 01:17:57 info: [0mGET /admins/profile [36m304[0m 64.677 ms - -[0m
2023-04-18 01:17:58 info: [0mGET /jobs?[object%20Object] [36m304[0m 12.219 ms - -[0m
2023-04-18 01:18:05 info: [0mOPTIONS /jobs/update/6 [32m204[0m 0.183 ms - 0[0m
2023-04-18 01:18:05 info: [0mPUT /jobs/update/6 [32m200[0m 36.569 ms - 16[0m
2023-04-18 01:18:05 info: [0mGET /jobs/show/6 [32m200[0m 9.266 ms - 390[0m
2023-04-18 01:18:05 info: [0mGET /jobs?[object%20Object] [32m200[0m 7.138 ms - -[0m
2023-04-18 01:18:13 info: [0mOPTIONS /jobs/update/6 [32m204[0m 0.285 ms - 0[0m
2023-04-18 01:18:13 info: [0mPUT /jobs/update/6 [32m200[0m 12.383 ms - 16[0m
2023-04-18 01:18:13 info: [0mGET /jobs/show/6 [32m200[0m 3.130 ms - 428[0m
2023-04-18 01:18:13 info: [0mGET /jobs?[object%20Object] [32m200[0m 6.313 ms - -[0m
2023-04-18 01:18:33 info: [0mOPTIONS /jobs/update/6 [32m204[0m 0.561 ms - 0[0m
2023-04-18 01:18:33 info: [0mPUT /jobs/update/6 [32m200[0m 66.832 ms - 16[0m
2023-04-18 01:18:33 info: [0mGET /jobs/show/6 [36m304[0m 6.841 ms - -[0m
2023-04-18 01:18:33 info: [0mGET /jobs?[object%20Object] [36m304[0m 31.242 ms - -[0m
2023-04-18 01:18:40 info: [0mGET /jobs/show/6 [32m200[0m 9.005 ms - 374[0m
2023-04-18 01:19:29 info: =================================
2023-04-18 01:19:29 info: ======= ENV: development =======
2023-04-18 01:19:29 info: 🚀 App listening on the port 8000
2023-04-18 01:19:29 info: =================================
2023-04-18 01:19:40 info: [0mOPTIONS /jobs/update/6 [32m204[0m 1.543 ms - 0[0m
2023-04-18 01:19:40 info: [0mPUT /jobs/update/6 [32m200[0m 135.316 ms - 16[0m
2023-04-18 01:19:40 info: [0mGET /jobs/show/6 [32m200[0m 75.231 ms - 428[0m
2023-04-18 01:19:41 info: [0mGET /jobs?[object%20Object] [36m304[0m 41.211 ms - -[0m
2023-04-18 01:19:52 info: [0mOPTIONS /admins/profile [32m204[0m 0.486 ms - 0[0m
2023-04-18 01:19:52 info: [0mGET /jobs?[object%20Object] [36m304[0m 162.297 ms - -[0m
2023-04-18 01:19:52 info: [0mGET /admins/profile [36m304[0m 234.436 ms - -[0m
2023-04-18 01:19:53 info: [0mGET /jobs/show/6 [36m304[0m 102.502 ms - -[0m
2023-04-18 01:19:53 info: [0mGET /jobs?[object%20Object] [36m304[0m 50.500 ms - -[0m
2023-04-18 01:21:17 info: =================================
2023-04-18 01:21:17 info: ======= ENV: development =======
2023-04-18 01:21:17 info: 🚀 App listening on the port 8000
2023-04-18 01:21:17 info: =================================
2023-04-18 01:21:43 info: [0mOPTIONS /jobs/update/6 [32m204[0m 3.042 ms - 0[0m
2023-04-18 01:21:43 info: [0mPUT /jobs/update/6 [32m200[0m 161.099 ms - 16[0m
2023-04-18 01:21:43 info: [0mGET /jobs/show/6 [36m304[0m 62.595 ms - -[0m
2023-04-18 01:21:44 info: [0mGET /jobs?[object%20Object] [36m304[0m 39.520 ms - -[0m
2023-04-18 01:22:47 info: =================================
2023-04-18 01:22:47 info: ======= ENV: development =======
2023-04-18 01:22:47 info: 🚀 App listening on the port 8000
2023-04-18 01:22:47 info: =================================
2023-04-18 01:23:34 info: =================================
2023-04-18 01:23:34 info: ======= ENV: development =======
2023-04-18 01:23:34 info: 🚀 App listening on the port 8000
2023-04-18 01:23:35 info: =================================
2023-04-18 01:23:38 info: [0mOPTIONS /jobs/update/6 [32m204[0m 2.016 ms - 0[0m
2023-04-18 01:23:39 info: [0mPUT /jobs/update/6 [32m200[0m 102.806 ms - 16[0m
2023-04-18 01:23:39 info: [0mGET /jobs/show/6 [36m304[0m 28.103 ms - -[0m
2023-04-18 01:23:39 info: [0mGET /jobs?[object%20Object] [36m304[0m 51.528 ms - -[0m
2023-04-18 01:23:48 info: [0mOPTIONS /jobs/update/6 [32m204[0m 0.281 ms - 0[0m
2023-04-18 01:23:48 info: [0mPUT /jobs/update/6 [32m200[0m 34.208 ms - 16[0m
2023-04-18 01:23:48 info: [0mGET /jobs/show/6 [36m304[0m 9.827 ms - -[0m
2023-04-18 01:23:48 info: [0mGET /jobs?[object%20Object] [36m304[0m 27.555 ms - -[0m
2023-04-18 01:24:39 info: =================================
2023-04-18 01:24:39 info: ======= ENV: development =======
2023-04-18 01:24:39 info: 🚀 App listening on the port 8000
2023-04-18 01:24:39 info: =================================
2023-04-18 01:24:40 info: [0mOPTIONS /admins/profile [32m204[0m 2.899 ms - 0[0m
2023-04-18 01:24:40 info: [0mGET /jobs/show/6 [36m304[0m 75.976 ms - -[0m
2023-04-18 01:24:40 info: [0mGET /jobs?[object%20Object] [36m304[0m 206.041 ms - -[0m
2023-04-18 01:24:40 info: [0mGET /admins/profile [36m304[0m 283.996 ms - -[0m
2023-04-18 01:24:41 info: [0mGET /jobs?[object%20Object] [36m304[0m 9.263 ms - -[0m
2023-04-18 01:24:45 info: [0mOPTIONS /jobs/update/6 [32m204[0m 0.528 ms - 0[0m
2023-04-18 01:24:45 info: [0mPUT /jobs/update/6 [32m200[0m 66.862 ms - 16[0m
2023-04-18 01:24:45 info: [0mGET /jobs/show/6 [36m304[0m 9.970 ms - -[0m
2023-04-18 01:24:45 info: [0mGET /jobs?[object%20Object] [36m304[0m 36.951 ms - -[0m
2023-04-18 01:24:49 info: [0mPUT /jobs/update/6 [32m200[0m 11.320 ms - 16[0m
2023-04-18 01:24:49 info: [0mGET /jobs/show/6 [36m304[0m 10.232 ms - -[0m
2023-04-18 01:24:50 info: [0mGET /jobs?[object%20Object] [36m304[0m 12.159 ms - -[0m
2023-04-18 01:25:01 info: [0mGET /jobs/show/6 [32m200[0m 27.910 ms - 374[0m
2023-04-18 01:25:28 info: =================================
2023-04-18 01:25:28 info: ======= ENV: development =======
2023-04-18 01:25:28 info: 🚀 App listening on the port 8000
2023-04-18 01:25:28 info: =================================
2023-04-18 01:25:34 info: [0mOPTIONS /jobs/update/6 [32m204[0m 1.638 ms - 0[0m
2023-04-18 01:25:34 info: [0mPUT /jobs/update/6 [32m200[0m 122.696 ms - 16[0m
2023-04-18 01:25:34 info: [0mGET /jobs/show/6 [32m200[0m 26.054 ms - 428[0m
2023-04-18 01:25:35 info: [0mGET /jobs?[object%20Object] [36m304[0m 40.846 ms - -[0m
2023-04-18 01:26:44 info: =================================
2023-04-18 01:26:44 info: ======= ENV: development =======
2023-04-18 01:26:44 info: 🚀 App listening on the port 8000
2023-04-18 01:26:44 info: =================================
2023-04-18 01:26:47 info: [0mGET /jobs/show/6 [32m200[0m 105.991 ms - 374[0m
2023-04-18 01:26:48 info: [0mGET /jobs/show/6 [36m304[0m 8.717 ms - -[0m
2023-04-18 01:26:48 info: [0mGET /jobs/show/6 [36m304[0m 5.692 ms - -[0m
2023-04-18 01:26:49 info: [0mGET /jobs/show/6 [36m304[0m 5.736 ms - -[0m
2023-04-18 01:27:16 info: =================================
2023-04-18 01:27:16 info: ======= ENV: development =======
2023-04-18 01:27:16 info: 🚀 App listening on the port 8000
2023-04-18 01:27:16 info: =================================
2023-04-18 01:27:16 info: [0mGET /jobs/show/6 [36m304[0m 85.465 ms - -[0m
2023-04-18 01:27:19 info: [0mGET /jobs/show/6 [36m304[0m 11.790 ms - -[0m
2023-04-18 01:27:20 info: [0mGET /jobs/show/6 [36m304[0m 6.056 ms - -[0m
2023-04-18 01:27:40 info: [0mOPTIONS /admins/profile [32m204[0m 2.972 ms - 0[0m
2023-04-18 01:27:40 info: [0mGET /jobs?[object%20Object] [36m304[0m 149.908 ms - -[0m
2023-04-18 01:27:40 info: [0mGET /jobs/show/6 [32m200[0m 29.321 ms - 435[0m
2023-04-18 01:27:40 info: [0mGET /admins/profile [36m304[0m 230.017 ms - -[0m
2023-04-18 01:27:41 info: [0mGET /jobs?[object%20Object] [36m304[0m 37.500 ms - -[0m
2023-04-18 01:27:47 info: [0mOPTIONS /jobs/update/6 [32m204[0m 0.385 ms - 0[0m
2023-04-18 01:27:47 info: [0mPUT /jobs/update/6 [32m200[0m 184.202 ms - 16[0m
2023-04-18 01:27:47 info: [0mGET /jobs/show/6 [32m200[0m 9.550 ms - 450[0m
2023-04-18 01:27:48 info: [0mGET /jobs?[object%20Object] [36m304[0m 43.080 ms - -[0m
2023-04-18 01:27:54 info: [0mOPTIONS /admins/profile [32m204[0m 0.893 ms - 0[0m
2023-04-18 01:27:54 info: [0mGET /jobs?[object%20Object] [36m304[0m 205.683 ms - -[0m
2023-04-18 01:27:54 info: [0mGET /admins/profile [36m304[0m 246.083 ms - -[0m
2023-04-18 01:27:54 info: [0mGET /jobs/show/6 [36m304[0m 58.907 ms - -[0m
2023-04-18 01:27:55 info: [0mGET /jobs?[object%20Object] [36m304[0m 11.416 ms - -[0m
2023-04-18 01:28:01 info: [0mOPTIONS /jobs/update/6 [32m204[0m 0.558 ms - 0[0m
2023-04-18 01:28:02 info: [0mPUT /jobs/update/6 [32m200[0m 49.280 ms - 16[0m
2023-04-18 01:28:02 info: [0mGET /jobs/show/6 [32m200[0m 5.312 ms - 510[0m
2023-04-18 01:28:02 info: [0mGET /jobs?[object%20Object] [36m304[0m 7.838 ms - -[0m
2023-04-18 01:28:04 info: [0mOPTIONS /admins/profile [32m204[0m 0.836 ms - 0[0m
2023-04-18 01:28:04 info: [0mGET /jobs?[object%20Object] [36m304[0m 21.304 ms - -[0m
2023-04-18 01:28:04 info: [0mGET /admins/profile [36m304[0m 68.662 ms - -[0m
2023-04-18 01:28:04 info: [0mGET /jobs/show/6 [36m304[0m 23.261 ms - -[0m
2023-04-18 01:28:05 info: [0mGET /jobs?[object%20Object] [36m304[0m 47.541 ms - -[0m
2023-04-18 01:28:13 info: [0mOPTIONS /admins/profile [32m204[0m 0.474 ms - 0[0m
2023-04-18 01:28:13 info: [0mGET /jobs/show/6 [36m304[0m 14.250 ms - -[0m
2023-04-18 01:28:13 info: [0mGET /admins/profile [36m304[0m 11.663 ms - -[0m
2023-04-18 01:28:13 info: [0mGET /jobs?page=1&page_size=10 [32m200[0m 32.597 ms - -[0m
2023-04-18 01:28:13 info: [0mGET /jobs?page=1&page_size=10 [32m200[0m 8.138 ms - -[0m
2023-04-18 01:28:18 info: [0mOPTIONS /jobs/deleteMultipleIds [32m204[0m 0.238 ms - 0[0m
2023-04-18 01:28:18 info: [0mPOST /jobs/deleteMultipleIds [33m404[0m 1.996 ms - 162[0m
2023-04-18 01:28:21 info: [0mOPTIONS /admins/profile [32m204[0m 0.206 ms - 0[0m
2023-04-18 01:28:22 info: [0mGET /admins/profile [36m304[0m 85.231 ms - -[0m
2023-04-18 01:28:22 info: [0mGET /jobs?page=1&page_size=10 [36m304[0m 27.073 ms - -[0m
2023-04-18 01:28:22 info: [0mGET /jobs?page=1&page_size=10 [36m304[0m 22.025 ms - -[0m
2023-04-18 01:28:31 info: [0mOPTIONS /admins/profile [32m204[0m 1.020 ms - 0[0m
2023-04-18 01:28:31 info: [0mGET /jobs/show/6 [32m200[0m 36.742 ms - 374[0m
2023-04-18 01:28:31 info: [0mGET /admins/profile [36m304[0m 42.280 ms - -[0m
2023-04-18 01:28:32 info: [0mGET /jobs?[object%20Object] [36m304[0m 56.043 ms - -[0m
2023-04-18 01:28:48 info: [0mOPTIONS /admins/profile [32m204[0m 0.973 ms - 0[0m
2023-04-18 01:28:48 info: [0mGET /jobs/show/6 [32m200[0m 141.899 ms - 510[0m
2023-04-18 01:28:48 info: [0mGET /jobs?page=1&page_size=10 [32m200[0m 143.400 ms - -[0m
2023-04-18 01:28:48 info: [0mGET /admins/profile [36m304[0m 124.723 ms - -[0m
2023-04-18 01:28:48 info: [0mGET /jobs?page=1&page_size=10 [32m200[0m 28.094 ms - -[0m
2023-04-18 01:28:49 info: [0mGET /jobs/show/6 [36m304[0m 26.196 ms - -[0m
2023-04-18 01:28:49 info: [0mGET /admins/profile [36m304[0m 51.266 ms - -[0m
2023-04-18 01:28:50 info: [0mGET /jobs?[object%20Object] [36m304[0m 7.877 ms - -[0m
2023-04-18 01:28:53 info: [0mOPTIONS /jobs/update/6 [32m204[0m 1.066 ms - 0[0m
2023-04-18 01:28:53 info: [0mPUT /jobs/update/6 [32m200[0m 87.972 ms - 16[0m
2023-04-18 01:28:53 info: [0mGET /jobs/show/6 [32m200[0m 4.755 ms - 526[0m
2023-04-18 01:28:53 info: [0mGET /jobs/show/6 [36m304[0m 30.806 ms - -[0m
2023-04-18 01:28:54 info: [0mGET /jobs?[object%20Object] [32m200[0m 52.188 ms - -[0m
2023-04-18 01:28:56 info: [0mPUT /jobs/update/6 [32m200[0m 30.958 ms - 16[0m
2023-04-18 01:28:56 info: [0mGET /jobs/show/6 [32m200[0m 3.158 ms - 524[0m
2023-04-18 01:28:56 info: [0mGET /jobs/show/6 [36m304[0m 5.214 ms - -[0m
2023-04-18 01:28:57 info: [0mGET /jobs?[object%20Object] [32m200[0m 7.697 ms - -[0m
2023-04-18 01:29:06 info: [0mOPTIONS /jobs/update/6 [32m204[0m 0.477 ms - 0[0m
2023-04-18 01:29:06 info: [0mPUT /jobs/update/6 [32m200[0m 29.036 ms - 16[0m
2023-04-18 01:29:06 info: [0mGET /jobs/show/6 [32m200[0m 11.754 ms - 556[0m
2023-04-18 01:29:06 info: [0mGET /jobs/show/6 [36m304[0m 3.341 ms - -[0m
2023-04-18 01:29:07 info: [0mGET /jobs?[object%20Object] [32m200[0m 11.796 ms - -[0m
2023-04-18 01:29:10 info: [0mOPTIONS /admins/profile [32m204[0m 0.284 ms - 0[0m
2023-04-18 01:29:10 info: [0mGET /jobs?[object%20Object] [32m200[0m 36.086 ms - -[0m
2023-04-18 01:29:10 info: [0mGET /admins/profile [36m304[0m 80.454 ms - -[0m
2023-04-18 01:29:10 info: [0mGET /jobs/show/6 [36m304[0m 5.737 ms - -[0m
2023-04-18 01:29:11 info: [0mGET /jobs?[object%20Object] [32m200[0m 6.185 ms - -[0m
2023-04-18 01:29:21 info: [0mOPTIONS /jobs/update/6 [32m204[0m 0.673 ms - 0[0m
2023-04-18 01:29:21 info: [0mPUT /jobs/update/6 [32m200[0m 30.187 ms - 16[0m
2023-04-18 01:29:21 info: [0mGET /jobs/show/6 [32m200[0m 4.232 ms - 556[0m
2023-04-18 01:29:21 info: [0mGET /jobs?[object%20Object] [36m304[0m 8.939 ms - -[0m
2023-04-18 01:29:25 info: [0mPUT /jobs/update/6 [32m200[0m 11.442 ms - 16[0m
2023-04-18 01:29:25 info: [0mGET /jobs/show/6 [32m200[0m 5.202 ms - 554[0m
2023-04-18 01:29:26 info: [0mGET /jobs?[object%20Object] [36m304[0m 4.378 ms - -[0m
