2023-06-24 14:07:23 info: =================================
2023-06-24 14:07:23 info: ======= ENV: development =======
2023-06-24 14:07:23 info: 🚀 App listening on the port 8000
2023-06-24 14:07:23 info: =================================
2023-06-24 14:07:48 info: [0mGET /services/nav [32m200[0m 490.596 ms - -[0m
2023-06-24 14:07:48 info: [0mGET /banners/getListBanner [32m200[0m 457.008 ms - -[0m
2023-06-24 14:07:48 info: [0mGET /posts/getListFeatured [32m200[0m 488.265 ms - -[0m
2023-06-24 14:07:48 info: [0mGET /services/nav [36m304[0m 31.789 ms - -[0m
2023-06-24 14:12:04 info: [0mGET /banners/getListBanner [36m304[0m 807.029 ms - -[0m
2023-06-24 14:12:18 info: [0mGET /banners/getListBanner [36m304[0m 108.030 ms - -[0m
2023-06-24 14:18:02 info: [0mOPTIONS /admins/login [32m204[0m 14.436 ms - 0[0m
2023-06-24 14:18:03 info: [0mPOST /admins/login [32m200[0m 533.596 ms - -[0m
2023-06-24 14:18:07 info: [0mOPTIONS /admins/profile [32m204[0m 1.659 ms - 0[0m
2023-06-24 14:18:07 info: [0mGET /admins/profile [32m200[0m 610.912 ms - 268[0m
2023-06-24 14:18:07 info: [0mGET /banners? [32m200[0m 495.266 ms - -[0m
2023-06-24 14:18:07 info: [0mGET /banners?page=1&page_size=10 [32m200[0m 223.418 ms - -[0m
2023-06-24 14:18:25 info: [0mOPTIONS /admins/profile [32m204[0m 1.084 ms - 0[0m
2023-06-24 14:18:26 info: [0mGET /admins/profile [36m304[0m 101.925 ms - -[0m
2023-06-24 14:18:26 info: [0mGET /services/nav [36m304[0m 186.679 ms - -[0m
2023-06-24 14:18:28 info: [0mGET /banners? [36m304[0m 137.895 ms - -[0m
2023-06-24 14:18:28 info: [0mGET /banners?page=1&page_size=10 [36m304[0m 48.789 ms - -[0m
2023-06-24 14:18:28 info: [0mGET /admins/profile [36m304[0m 263.493 ms - -[0m
2023-06-24 14:18:31 info: [0mOPTIONS /admins/profile [32m204[0m 30.398 ms - 0[0m
2023-06-24 14:18:31 info: [0mGET /admins/profile [36m304[0m 158.190 ms - -[0m
2023-06-24 14:18:31 info: [0mGET /branchs?page=1&page_size=10 [32m200[0m 46.548 ms - 157[0m
2023-06-24 14:18:31 info: [0mGET /branchs? [32m200[0m 85.149 ms - 157[0m
2023-06-24 14:18:34 info: [0mGET /admins/profile [36m304[0m 133.273 ms - -[0m
2023-06-24 14:18:34 info: [0mGET /projects? [32m200[0m 214.623 ms - -[0m
2023-06-24 14:18:34 info: [0mGET /projects?page=1&page_size=10 [32m200[0m 119.652 ms - -[0m
2023-06-24 14:18:35 info: [0mGET /admins/profile [36m304[0m 156.960 ms - -[0m
2023-06-24 14:18:36 info: [0mGET /posts? [32m200[0m 696.717 ms - -[0m
2023-06-24 14:18:36 info: [0mGET /posts?page=1&page_size=10 [32m200[0m 385.646 ms - -[0m
2023-06-24 14:18:41 info: [0mOPTIONS /admins/profile [32m204[0m 0.532 ms - 0[0m
2023-06-24 14:18:41 info: [0mGET /admins/profile [36m304[0m 169.957 ms - -[0m
2023-06-24 14:18:41 info: [0mGET /categories? [32m200[0m 163.334 ms - 592[0m
2023-06-24 14:18:41 info: [0mGET /categories?page=1&page_size=10 [32m200[0m 50.915 ms - 592[0m
2023-06-24 14:18:51 info: [0mOPTIONS /admins/profile [32m204[0m 0.338 ms - 0[0m
2023-06-24 14:18:51 info: [0mGET /admins/profile [36m304[0m 106.960 ms - -[0m
2023-06-24 14:18:51 info: [0mGET /posts? [36m304[0m 297.017 ms - -[0m
2023-06-24 14:18:52 info: [0mGET /posts?page=1&page_size=10 [36m304[0m 378.024 ms - -[0m
2023-06-24 14:18:56 info: [0mOPTIONS /admins/profile [32m204[0m 1.120 ms - 0[0m
2023-06-24 14:18:56 info: [0mGET /categories?[object%20Object] [32m200[0m 94.930 ms - 592[0m
2023-06-24 14:18:57 info: [0mGET /ceos?[object%20Object] [32m200[0m 114.498 ms - 751[0m
2023-06-24 14:18:57 info: [0mGET /admins/profile [36m304[0m 147.253 ms - -[0m
2023-06-24 14:18:57 info: [0mGET /posts?[object%20Object] [32m200[0m 254.875 ms - -[0m
2023-06-24 14:21:30 info: [0mOPTIONS /posts/create [32m204[0m 0.910 ms - 0[0m
2023-06-24 14:21:30 info: [0mPOST /posts/create [32m200[0m 119.226 ms - 16[0m
2023-06-24 14:21:31 info: [0mOPTIONS /admins/profile [32m204[0m 0.209 ms - 0[0m
2023-06-24 14:21:31 info: [0mGET /admins/profile [36m304[0m 187.367 ms - -[0m
2023-06-24 14:21:31 info: [0mGET /posts?page=1&page_size=10 [36m304[0m 188.750 ms - -[0m
2023-06-24 14:21:32 info: [0mGET /posts?page=1&page_size=10 [32m200[0m 369.664 ms - -[0m
2023-06-24 14:21:36 info: [0mOPTIONS /admins/profile [32m204[0m 2.117 ms - 0[0m
2023-06-24 14:21:36 info: [0mGET /admins/profile [36m304[0m 98.664 ms - -[0m
2023-06-24 14:21:37 info: [0mGET /posts/show/14 [32m200[0m 90.904 ms - 485[0m
2023-06-24 14:21:37 info: [0mGET /ceos?[object%20Object] [36m304[0m 44.770 ms - -[0m
2023-06-24 14:21:37 info: [0mGET /categories?[object%20Object] [36m304[0m 48.421 ms - -[0m
2023-06-24 14:21:38 info: [0mGET /posts?[object%20Object] [32m200[0m 191.532 ms - -[0m
2023-06-24 14:21:49 info: [0mOPTIONS /posts/update/14 [32m204[0m 1.155 ms - 0[0m
2023-06-24 14:21:49 info: [0mPUT /posts/update/14 [32m200[0m 60.326 ms - 16[0m
2023-06-24 14:21:49 info: [0mGET /posts/show/14 [32m200[0m 38.139 ms - 480[0m
2023-06-24 14:21:50 info: [0mGET /categories?[object%20Object] [36m304[0m 36.052 ms - -[0m
2023-06-24 14:21:50 info: [0mGET /ceos?[object%20Object] [36m304[0m 36.785 ms - -[0m
2023-06-24 14:21:50 info: [0mGET /posts?[object%20Object] [36m304[0m 208.824 ms - -[0m
2023-06-24 14:22:00 info: [0mOPTIONS /admins/profile [32m204[0m 0.178 ms - 0[0m
2023-06-24 14:22:00 info: [0mGET /posts/show/14 [32m200[0m 147.232 ms - 480[0m
2023-06-24 14:22:00 info: [0mGET /banners?page=1&page_size=10 [36m304[0m 21.401 ms - -[0m
2023-06-24 14:22:00 info: [0mGET /admins/profile [36m304[0m 134.012 ms - -[0m
2023-06-24 14:22:00 info: [0mGET /banners? [32m200[0m 155.452 ms - -[0m
2023-06-24 14:22:05 info: [0mOPTIONS /admins/profile [32m204[0m 0.569 ms - 0[0m
2023-06-24 14:22:05 info: [0mGET /banners/show/1 [32m200[0m 58.364 ms - 831[0m
2023-06-24 14:22:05 info: [0mGET /admins/profile [36m304[0m 62.704 ms - -[0m
2023-06-24 14:22:10 info: [0mGET /banners/show/1 [32m200[0m 113.505 ms - 825[0m
2023-06-24 14:22:10 info: [0mGET /admins/profile [36m304[0m 108.579 ms - -[0m
2023-06-24 14:22:10 info: [0mGET /services/nav [36m304[0m 138.325 ms - -[0m
2023-06-24 14:22:14 info: [0mOPTIONS /admins/profile [32m204[0m 5.537 ms - 0[0m
2023-06-24 14:22:14 info: [0mGET /branchs? [36m304[0m 93.037 ms - -[0m
2023-06-24 14:22:14 info: [0mGET /admins/profile [36m304[0m 78.970 ms - -[0m
2023-06-24 14:22:14 info: [0mGET /branchs?page=1&page_size=10 [36m304[0m 17.340 ms - -[0m
2023-06-24 14:22:18 info: [0mGET /branchs/show/4 [32m200[0m 9.632 ms - 44[0m
2023-06-24 14:22:18 info: [0mGET /admins/profile [36m304[0m 24.730 ms - -[0m
2023-06-24 14:22:22 info: [0mOPTIONS /admins/profile [32m204[0m 1.242 ms - 0[0m
2023-06-24 14:22:22 info: [0mGET /branchs/show/4 [36m304[0m 60.949 ms - -[0m
2023-06-24 14:22:22 info: [0mGET /jobs? [32m200[0m 123.773 ms - 776[0m
2023-06-24 14:22:22 info: [0mGET /admins/profile [36m304[0m 97.079 ms - -[0m
2023-06-24 14:22:22 info: [0mGET /jobs?page=1&page_size=10 [32m200[0m 78.308 ms - 776[0m
2023-06-24 14:22:27 info: [0mGET /jobs/show/2 [32m200[0m 111.301 ms - 419[0m
2023-06-24 14:22:27 info: [0mGET /admins/profile [36m304[0m 140.878 ms - -[0m
2023-06-24 14:22:27 info: [0mGET /jobs?[object%20Object] [32m200[0m 16.839 ms - 776[0m
2023-06-24 14:23:02 info: [0mGET /jobs/show/2 [36m304[0m 164.043 ms - -[0m
2023-06-24 14:23:02 info: [0mGET /jobs/show/2 [36m304[0m 31.308 ms - -[0m
2023-06-24 14:23:03 info: [0mGET /jobs?[object%20Object] [36m304[0m 57.845 ms - -[0m
2023-06-24 14:23:03 info: [0mGET /jobs/show/2 [36m304[0m 20.182 ms - -[0m
2023-06-24 14:23:03 info: [0mGET /jobs/show/2 [36m304[0m 16.288 ms - -[0m
2023-06-24 14:23:04 info: [0mGET /jobs?[object%20Object] [36m304[0m 16.026 ms - -[0m
2023-06-24 14:23:14 info: [0mOPTIONS /admins/profile [32m204[0m 3.604 ms - 0[0m
2023-06-24 14:23:14 info: [0mGET /jobs/show/2 [36m304[0m 42.947 ms - -[0m
2023-06-24 14:23:14 info: [0mGET /admins/profile [36m304[0m 101.750 ms - -[0m
2023-06-24 14:23:14 info: [0mGET /contacts? [32m200[0m 142.924 ms - 252[0m
2023-06-24 14:23:16 info: [0mGET /admins/profile [36m304[0m 101.887 ms - -[0m
2023-06-24 14:23:16 info: [0mGET /projects? [32m200[0m 137.328 ms - -[0m
2023-06-24 14:23:16 info: [0mGET /projects?page=1&page_size=10 [36m304[0m 80.737 ms - -[0m
2023-06-24 14:23:20 info: [0mOPTIONS /admins/profile [32m204[0m 0.683 ms - 0[0m
2023-06-24 14:23:20 info: [0mGET /admins/profile [36m304[0m 91.688 ms - -[0m
2023-06-24 14:23:21 info: [0mGET /projects/show/1 [32m200[0m 223.749 ms - -[0m
2023-06-24 14:23:21 info: [0mGET /branchs?[object%20Object] [32m200[0m 21.903 ms - 157[0m
2023-06-24 14:23:21 info: [0mGET /projects?[object%20Object] [32m200[0m 26.661 ms - -[0m
2023-06-24 14:23:21 info: [0mGET /services?[object%20Object] [32m200[0m 46.431 ms - -[0m
2023-06-24 14:24:17 info: [0mGET /projects/show/1 [36m304[0m 407.277 ms - -[0m
2023-06-24 14:24:18 info: [0mGET /projects/show/1 [36m304[0m 284.377 ms - -[0m
2023-06-24 14:24:20 info: [0mGET /branchs?[object%20Object] [36m304[0m 28.732 ms - -[0m
2023-06-24 14:24:20 info: [0mGET /projects?[object%20Object] [36m304[0m 129.516 ms - -[0m
2023-06-24 14:24:20 info: [0mGET /services?[object%20Object] [36m304[0m 89.830 ms - -[0m
2023-06-24 14:24:23 info: [0mGET /projects/show/1 [36m304[0m 181.344 ms - -[0m
2023-06-24 14:24:23 info: [0mGET /projects/show/1 [36m304[0m 109.219 ms - -[0m
2023-06-24 14:24:25 info: [0mGET /branchs?[object%20Object] [36m304[0m 92.703 ms - -[0m
2023-06-24 14:24:25 info: [0mGET /projects?[object%20Object] [36m304[0m 104.516 ms - -[0m
2023-06-24 14:24:25 info: [0mGET /services?[object%20Object] [36m304[0m 102.861 ms - -[0m
2023-06-24 14:24:31 info: [0mOPTIONS /projects/update/1 [32m204[0m 0.969 ms - 0[0m
2023-06-24 14:24:31 info: [0mPUT /projects/update/1 [32m200[0m 395.423 ms - 2[0m
2023-06-24 14:24:31 info: [0mGET /jobs/show/2 [36m304[0m 16.913 ms - -[0m
2023-06-24 14:24:31 info: [0mGET /branchs/show/4 [36m304[0m 28.092 ms - -[0m
2023-06-24 14:24:31 info: [0mGET /jobs/show/2 [36m304[0m 7.909 ms - -[0m
2023-06-24 14:24:31 info: [0mGET /banners/show/1 [32m200[0m 62.818 ms - 831[0m
2023-06-24 14:24:31 info: [0mGET /jobs/show/2 [36m304[0m 21.272 ms - -[0m
2023-06-24 14:24:32 info: [0mGET /posts/show/14 [32m200[0m 101.129 ms - 480[0m
2023-06-24 14:24:32 info: [0mGET /projects/show/1 [36m304[0m 165.969 ms - -[0m
2023-06-24 14:24:32 info: [0mGET /projects/show/1 [36m304[0m 96.767 ms - -[0m
2023-06-24 14:24:32 info: [0mGET /projects/show/1 [32m200[0m 159.325 ms - -[0m
2023-06-24 14:24:34 info: [0mGET /branchs?[object%20Object] [36m304[0m 6.243 ms - -[0m
2023-06-24 14:24:34 info: [0mGET /projects?[object%20Object] [32m200[0m 40.611 ms - -[0m
2023-06-24 14:24:34 info: [0mGET /services?[object%20Object] [36m304[0m 49.342 ms - -[0m
2023-06-24 14:24:42 info: [0mOPTIONS /admins/profile [32m204[0m 1.932 ms - 0[0m
2023-06-24 14:24:42 info: [0mGET /admins/profile [36m304[0m 188.168 ms - -[0m
2023-06-24 14:24:42 info: [0mGET /services/nav [36m304[0m 130.382 ms - -[0m
2023-06-24 14:24:42 info: [0mGET /projects/show/1 [36m304[0m 489.477 ms - -[0m
2023-06-24 14:42:50 info: =================================
2023-06-24 14:42:50 info: ======= ENV: development =======
2023-06-24 14:42:50 info: 🚀 App listening on the port 8000
2023-06-24 14:42:50 info: =================================
2023-06-24 14:43:55 info: [0mOPTIONS /admins/login [32m204[0m 2.411 ms - 0[0m
2023-06-24 14:43:56 info: [0mPOST /admins/login [32m200[0m 246.939 ms - -[0m
2023-06-24 14:43:57 info: [0mOPTIONS /admins/profile [32m204[0m 0.914 ms - 0[0m
2023-06-24 14:43:57 info: [0mGET /banners? [36m304[0m 308.684 ms - -[0m
2023-06-24 14:43:57 info: [0mGET /admins/profile [36m304[0m 295.664 ms - -[0m
2023-06-24 14:43:57 info: [0mGET /banners?page=1&page_size=10 [36m304[0m 105.026 ms - -[0m
2023-06-24 14:44:02 info: [0mOPTIONS /admins/profile [32m204[0m 0.715 ms - 0[0m
2023-06-24 14:44:02 info: [0mGET /categories? [36m304[0m 164.769 ms - -[0m
2023-06-24 14:44:02 info: [0mGET /admins/profile [36m304[0m 200.435 ms - -[0m
2023-06-24 14:44:02 info: [0mGET /categories?page=1&page_size=10 [36m304[0m 109.573 ms - -[0m
2023-06-24 14:44:05 info: [0mGET /admins/profile [36m304[0m 131.789 ms - -[0m
2023-06-24 14:44:06 info: [0mGET /posts? [32m200[0m 578.682 ms - -[0m
2023-06-24 14:44:06 info: [0mGET /posts?page=1&page_size=10 [32m200[0m 459.799 ms - -[0m
2023-06-24 14:44:11 info: [0mOPTIONS /admins/profile [32m204[0m 0.748 ms - 0[0m
2023-06-24 14:44:11 info: [0mGET /categories?[object%20Object] [36m304[0m 129.308 ms - -[0m
2023-06-24 14:44:11 info: [0mGET /ceos?[object%20Object] [36m304[0m 158.763 ms - -[0m
2023-06-24 14:44:11 info: [0mGET /admins/profile [36m304[0m 137.183 ms - -[0m
2023-06-24 14:44:11 info: [0mGET /posts?[object%20Object] [32m200[0m 298.262 ms - -[0m
2023-06-24 14:44:18 info: [0mOPTIONS /posts/create [32m204[0m 0.498 ms - 0[0m
2023-06-24 14:44:18 info: [0mPOST /posts/create [32m200[0m 146.162 ms - 16[0m
2023-06-24 14:44:19 info: [0mOPTIONS /admins/profile [32m204[0m 5.658 ms - 0[0m
2023-06-24 14:44:19 info: [0mGET /admins/profile [36m304[0m 419.041 ms - -[0m
2023-06-24 14:44:19 info: [0mGET /posts?page=1&page_size=10 [36m304[0m 235.706 ms - -[0m
2023-06-24 14:44:19 info: [0mGET /posts?page=1&page_size=10 [32m200[0m 332.936 ms - -[0m
2023-06-24 14:44:30 info: [0mGET /posts/getListFeatured [36m304[0m 40.633 ms - -[0m
2023-06-24 14:44:30 info: [0mGET /banners/getListBanner [36m304[0m 87.066 ms - -[0m
2023-06-24 14:44:30 info: [0mGET /services/nav [36m304[0m 164.254 ms - -[0m
2023-06-24 14:44:30 info: [0mGET /services/nav [36m304[0m 18.515 ms - -[0m
2023-06-24 14:44:33 info: [0mGET /jobs/getListFeatured [32m200[0m 53.707 ms - -[0m
2023-06-24 14:44:35 info: [0mGET /categories/getListCategories [32m200[0m 25.847 ms - 218[0m
2023-06-24 14:44:36 info: [0mGET /posts/getPageAll [32m200[0m 236.108 ms - -[0m
2023-06-24 14:44:50 info: [0mGET /posts/findByIdClient/15 [32m200[0m 50.385 ms - -[0m
2023-06-24 14:44:59 info: [0mGET /categories/getListCategories [36m304[0m 11.681 ms - -[0m
2023-06-24 14:44:59 info: [0mGET /posts/getPageAll [36m304[0m 144.312 ms - -[0m
2023-06-24 14:51:07 info: =================================
2023-06-24 14:51:07 info: ======= ENV: development =======
2023-06-24 14:51:07 info: 🚀 App listening on the port 8000
2023-06-24 14:51:07 info: =================================
2023-06-24 14:53:27 info: =================================
2023-06-24 14:53:27 info: ======= ENV: development =======
2023-06-24 14:53:27 info: 🚀 App listening on the port 8000
2023-06-24 14:53:27 info: =================================
2023-06-24 14:53:51 info: =================================
2023-06-24 14:53:51 info: ======= ENV: development =======
2023-06-24 14:53:51 info: 🚀 App listening on the port 8000
2023-06-24 14:53:51 info: =================================
2023-06-24 14:54:05 info: [0mOPTIONS /admins/login [32m204[0m 2.258 ms - 0[0m
2023-06-24 14:54:05 info: [0mPOST /admins/login [32m200[0m 539.142 ms - -[0m
2023-06-24 14:54:10 info: [0mOPTIONS /admins/profile [32m204[0m 7.897 ms - 0[0m
2023-06-24 14:54:10 info: [0mGET /admins/profile [36m304[0m 450.592 ms - -[0m
2023-06-24 14:54:10 info: [0mGET /banners?page=1&page_size=10 [36m304[0m 141.766 ms - -[0m
2023-06-24 14:54:10 info: [0mGET /banners? [32m200[0m 408.465 ms - -[0m
2023-06-24 14:54:12 info: [0mGET /admins/profile [36m304[0m 128.862 ms - -[0m
2023-06-24 14:54:13 info: [0mGET /posts?page=1&page_size=10 [32m200[0m 576.532 ms - -[0m
2023-06-24 14:54:13 info: [0mGET /posts? [32m200[0m 724.541 ms - -[0m
2023-06-24 14:54:18 info: [0mOPTIONS /admins/profile [32m204[0m 0.695 ms - 0[0m
2023-06-24 14:54:18 info: [0mGET /admins/profile [36m304[0m 100.435 ms - -[0m
2023-06-24 14:54:19 info: [0mGET /posts/show/15 [32m200[0m 214.523 ms - 606[0m
2023-06-24 14:54:19 info: [0mGET /categories?[object%20Object] [36m304[0m 97.472 ms - -[0m
2023-06-24 14:54:19 info: [0mGET /ceos?[object%20Object] [36m304[0m 121.270 ms - -[0m
2023-06-24 14:54:20 info: [0mGET /posts?[object%20Object] [32m200[0m 229.176 ms - -[0m
2023-06-24 14:54:21 info: [0mOPTIONS /posts/update/15 [32m204[0m 0.274 ms - 0[0m
2023-06-24 14:54:22 info: [0mPUT /posts/update/15 [32m200[0m 54.122 ms - 16[0m
2023-06-24 14:54:22 info: [0mGET /posts/show/15 [32m200[0m 26.821 ms - 614[0m
2023-06-24 14:54:22 info: [0mGET /categories?[object%20Object] [36m304[0m 71.479 ms - -[0m
2023-06-24 14:54:22 info: [0mGET /ceos?[object%20Object] [36m304[0m 70.163 ms - -[0m
2023-06-24 14:54:23 info: [0mGET /posts?[object%20Object] [32m200[0m 200.409 ms - -[0m
2023-06-24 14:56:17 info: [0mGET /posts/getListFeatured [36m304[0m 25.407 ms - -[0m
2023-06-24 14:56:17 info: [0mGET /banners/getListBanner [36m304[0m 47.576 ms - -[0m
2023-06-24 14:56:17 info: [0mGET /posts/show/15 [36m304[0m 85.440 ms - -[0m
2023-06-24 14:56:17 info: [0mGET /services/nav [36m304[0m 270.856 ms - -[0m
2023-06-24 14:56:17 info: [0mGET /services/nav [36m304[0m 20.670 ms - -[0m
2023-06-24 14:56:19 info: [0mGET /categories/getListCategories [36m304[0m 13.227 ms - -[0m
2023-06-24 14:56:19 info: [0mGET /posts/getPageAll [32m200[0m 190.841 ms - -[0m
2023-06-24 14:56:22 info: [0mGET /posts/findByIdClient/15 [32m200[0m 55.530 ms - -[0m
2023-06-24 15:01:07 info: =================================
2023-06-24 15:01:07 info: ======= ENV: development =======
2023-06-24 15:01:07 info: 🚀 App listening on the port 8000
2023-06-24 15:01:07 info: =================================
2023-06-24 15:01:21 info: [0mOPTIONS /admins/login [32m204[0m 3.657 ms - 0[0m
2023-06-24 15:01:22 info: [0mPOST /admins/login [32m200[0m 1083.666 ms - -[0m
2023-06-24 15:01:23 info: [0mOPTIONS /admins/profile [32m204[0m 0.886 ms - 0[0m
2023-06-24 15:01:24 info: [0mGET /banners? [36m304[0m 611.654 ms - -[0m
2023-06-24 15:01:24 info: [0mGET /admins/profile [36m304[0m 699.497 ms - -[0m
2023-06-24 15:01:24 info: [0mGET /banners?page=1&page_size=10 [36m304[0m 302.841 ms - -[0m
2023-06-24 15:01:27 info: [0mGET /admins/profile [36m304[0m 202.365 ms - -[0m
2023-06-24 15:01:28 info: [0mGET /posts?page=1&page_size=10 [32m200[0m 695.432 ms - -[0m
2023-06-24 15:01:28 info: [0mGET /posts? [32m200[0m 769.061 ms - -[0m
2023-06-24 15:01:32 info: [0mOPTIONS /admins/profile [32m204[0m 2.324 ms - 0[0m
2023-06-24 15:01:32 info: [0mGET /posts/show/15 [32m200[0m 187.075 ms - 606[0m
2023-06-24 15:01:32 info: [0mGET /admins/profile [36m304[0m 179.846 ms - -[0m
2023-06-24 15:01:33 info: [0mGET /categories?[object%20Object] [36m304[0m 36.055 ms - -[0m
2023-06-24 15:01:33 info: [0mGET /ceos?[object%20Object] [36m304[0m 129.934 ms - -[0m
2023-06-24 15:01:33 info: [0mGET /posts?[object%20Object] [36m304[0m 292.399 ms - -[0m
2023-06-24 15:01:35 info: [0mOPTIONS /posts/update/15 [32m204[0m 0.376 ms - 0[0m
2023-06-24 15:01:35 info: [0mPUT /posts/update/15 [32m200[0m 66.296 ms - 16[0m
2023-06-24 15:01:35 info: [0mGET /posts/show/15 [32m200[0m 21.081 ms - 613[0m
2023-06-24 15:01:35 info: [0mGET /categories?[object%20Object] [36m304[0m 16.246 ms - -[0m
2023-06-24 15:01:35 info: [0mGET /ceos?[object%20Object] [36m304[0m 54.381 ms - -[0m
2023-06-24 15:01:36 info: [0mGET /posts?[object%20Object] [32m200[0m 212.010 ms - -[0m
2023-06-24 15:01:39 info: [0mGET /services/nav [36m304[0m 74.130 ms - -[0m
2023-06-24 15:01:40 info: [0mGET /posts/findByIdClient/15 [32m200[0m 51.705 ms - -[0m
2023-06-24 15:01:44 info: [0mGET /services/nav [36m304[0m 52.491 ms - -[0m
2023-06-24 15:01:45 info: [0mGET /posts/findByIdClient/15 [36m304[0m 80.613 ms - -[0m
2023-06-24 15:01:58 info: [0mGET /categories/getListCategories [36m304[0m 17.110 ms - -[0m
2023-06-24 15:01:58 info: [0mGET /posts/getPageAll [32m200[0m 352.581 ms - -[0m
2023-06-24 15:02:00 info: [0mGET /posts/findByIdClient/15 [36m304[0m 133.545 ms - -[0m
2023-06-24 15:04:15 info: =================================
2023-06-24 15:04:15 info: ======= ENV: development =======
2023-06-24 15:04:15 info: 🚀 App listening on the port 8000
2023-06-24 15:04:15 info: =================================
2023-06-24 15:05:22 info: =================================
2023-06-24 15:05:22 info: ======= ENV: development =======
2023-06-24 15:05:22 info: 🚀 App listening on the port 8000
2023-06-24 15:05:22 info: =================================
2023-06-24 15:06:03 info: [0mGET /banners/getListBanner [36m304[0m 617.222 ms - -[0m
2023-06-24 15:06:03 info: [0mGET /posts/getListFeatured [36m304[0m 420.057 ms - -[0m
2023-06-24 15:06:03 info: [0mGET /posts/show/15 [36m304[0m 747.524 ms - -[0m
2023-06-24 15:06:03 info: [0mGET /services/nav [36m304[0m 1037.443 ms - -[0m
2023-06-24 15:06:03 info: [0mGET /services/nav [36m304[0m 20.020 ms - -[0m
