2023-07-12 17:14:32 info: =================================
2023-07-12 17:14:32 info: ======= ENV: development =======
2023-07-12 17:14:32 info: 🚀 App listening on the port 8000
2023-07-12 17:14:32 info: =================================
2023-07-12 17:14:38 info: [0mGET /banners/getListBanner [32m200[0m 470.199 ms - 3100[0m
2023-07-12 17:14:38 info: [0mGET /services/nav [32m200[0m 443.895 ms - 1882[0m
2023-07-12 17:14:38 info: [0mGET /posts/getListFeatured [32m200[0m 575.740 ms - 4011[0m
2023-07-12 17:14:41 info: [0mGET /services/nav [32m200[0m 229.933 ms - -[0m
2023-07-12 17:14:50 info: [0mGET /services/show/5 [32m200[0m 129.913 ms - -[0m
2023-07-12 17:15:03 info: [0mGET /services/nav [36m304[0m 389.253 ms - -[0m
2023-07-12 17:15:03 info: [0mGET /services/show/undefined [36m304[0m 275.507 ms - -[0m
2023-07-12 17:15:26 info: [0mGET /services/show/6 [32m200[0m 112.712 ms - -[0m
2023-07-12 17:16:43 info: [0mGET /services/nav [36m304[0m 465.002 ms - -[0m
2023-07-12 17:16:43 info: [0mGET /services/show/undefined [36m304[0m 338.466 ms - -[0m
2023-07-12 17:16:45 info: [0mGET /services/show/undefined [36m304[0m 38.427 ms - -[0m
2023-07-12 17:16:46 info: [0mGET /services/show/undefined [36m304[0m 54.959 ms - -[0m
2023-07-12 17:16:48 info: [0mGET /services/show/undefined [36m304[0m 14.643 ms - -[0m
2023-07-12 17:16:51 info: [0mGET /ceos/getlistCeo [32m200[0m 234.457 ms - 536[0m
2023-07-12 17:16:51 info: [0mGET /services/show/5 [36m304[0m 23.543 ms - -[0m
2023-07-12 17:25:48 info: [0mGET /services/getListService [32m200[0m 819.342 ms - -[0m
2023-07-12 17:25:48 info: [0mGET /projects/getProjectsClient [32m200[0m 886.209 ms - -[0m
2023-07-12 17:25:48 info: [0mGET /branchs/getListBranch [32m200[0m 1097.801 ms - 717[0m
2023-07-12 17:29:54 info: [0mGET /ceos/getlistCeo [36m304[0m 1337.177 ms - -[0m
2023-07-12 17:38:05 info: [0mGET /projects/getProjectsClient [36m304[0m 940.264 ms - -[0m
2023-07-12 17:38:05 info: [0mGET /branchs/getListBranch [36m304[0m 1041.618 ms - -[0m
2023-07-12 17:38:05 info: [0mGET /services/getListService [36m304[0m 1037.378 ms - -[0m
2023-07-12 17:38:16 info: [0mGET /projects/findByIdClient/19 [32m200[0m 287.369 ms - -[0m
2023-07-12 17:39:34 info: [0mGET /projects/getProjectsClient [36m304[0m 965.375 ms - -[0m
2023-07-12 17:39:34 info: [0mGET /services/getListService [36m304[0m 1072.979 ms - -[0m
2023-07-12 17:39:34 info: [0mGET /branchs/getListBranch [36m304[0m 1116.057 ms - -[0m
2023-07-12 23:27:21 info: [0mGET /banners/getListBanner [32m200[0m 420.701 ms - 3100[0m
2023-07-12 23:27:21 info: [0mGET /services/nav [32m200[0m 341.018 ms - 1882[0m
2023-07-12 23:27:21 info: [0mGET /posts/getListFeatured [32m200[0m 739.284 ms - 4011[0m
2023-07-12 23:27:30 info: [0mGET /jobs/getListFeatured [32m200[0m 151.683 ms - -[0m
2023-07-12 23:28:13 info: [0mGET /services/show/5 [36m304[0m 809.819 ms - -[0m
2023-07-12 23:28:27 info: [0mGET /banners/getListBanner [32m200[0m 39.139 ms - 3100[0m
2023-07-12 23:28:27 info: [0mGET /services/nav [32m200[0m 82.381 ms - 1882[0m
2023-07-12 23:28:27 info: [0mGET /posts/getListFeatured [32m200[0m 318.865 ms - 4011[0m
2023-07-12 23:28:38 info: [0mGET /categories/getListCategories [32m200[0m 86.763 ms - 441[0m
2023-07-12 23:28:38 info: [0mGET /posts/category/tuong-lai-e-commerce-cho-cac-mat-hang-san-xuat-tieu-dung [32m200[0m 152.788 ms - 59[0m
2023-07-12 23:32:35 info: [0mGET /ceos/getlistCeo [36m304[0m 1303.302 ms - -[0m
2023-07-12 23:32:46 info: [0mGET /banners/getListBanner [32m200[0m 43.877 ms - 3100[0m
2023-07-12 23:32:46 info: [0mGET /services/nav [32m200[0m 63.785 ms - 1882[0m
2023-07-12 23:32:46 info: [0mGET /posts/getListFeatured [32m200[0m 336.641 ms - 4011[0m
2023-07-12 23:32:51 info: [0mGET /ceos/getlistCeo [36m304[0m 24.662 ms - -[0m
2023-07-12 23:32:57 info: [0mGET /branchs/getListBranch [36m304[0m 44.495 ms - -[0m
2023-07-12 23:32:57 info: [0mGET /services/getListService [36m304[0m 52.426 ms - -[0m
2023-07-12 23:32:57 info: [0mGET /projects/getProjectsClient [36m304[0m 69.771 ms - -[0m
2023-07-12 23:33:01 info: [0mGET /categories/getListCategories [32m200[0m 34.474 ms - 441[0m
2023-07-12 23:33:01 info: [0mGET /posts/getPageAll [32m200[0m 364.435 ms - 10136[0m
2023-07-12 23:33:03 info: [0mGET /categories/getListCategories [36m304[0m 158.161 ms - -[0m
2023-07-12 23:33:03 info: [0mGET /posts/category/tin-tuc [32m200[0m 396.717 ms - -[0m
2023-07-12 23:33:09 info: [0mGET /posts/findByIdClient/9 [32m200[0m 163.827 ms - -[0m
2023-07-12 23:37:34 info: [0mGET /ceos/getlistCeo [36m304[0m 458.698 ms - -[0m
2023-07-12 23:37:35 info: [0mGET /banners/getListBanner [32m200[0m 145.404 ms - 3100[0m
2023-07-12 23:37:35 info: [0mGET /services/nav [32m200[0m 169.478 ms - 1882[0m
2023-07-12 23:37:35 info: [0mGET /posts/getListFeatured [32m200[0m 276.805 ms - 4011[0m
2023-07-12 23:37:36 info: [0mGET /branchs/getListBranch [36m304[0m 85.047 ms - -[0m
2023-07-12 23:37:36 info: [0mGET /services/getListService [36m304[0m 106.534 ms - -[0m
2023-07-12 23:37:36 info: [0mGET /projects/getProjectsClient [36m304[0m 109.923 ms - -[0m
2023-07-12 23:37:37 info: [0mGET /categories/getListCategories [32m200[0m 38.528 ms - 441[0m
2023-07-12 23:37:38 info: [0mGET /posts/getPageAll [32m200[0m 333.008 ms - 10136[0m
2023-07-12 23:37:40 info: [0mGET /jobs/getListFeatured [36m304[0m 65.600 ms - -[0m
2023-07-12 23:44:04 info: [0mGET /jobs/getListFeatured [36m304[0m 346.073 ms - -[0m
2023-07-12 23:44:04 info: [0mGET /services/nav [36m304[0m 409.445 ms - -[0m
2023-07-12 23:44:30 info: [0mGET /jobs/find/3 [32m200[0m 361.027 ms - -[0m
2023-07-12 23:44:33 info: [0mOPTIONS /admins/login [32m204[0m 1.711 ms - 0[0m
2023-07-12 23:44:34 info: [0mPOST /admins/login [32m200[0m 288.274 ms - -[0m
2023-07-12 23:44:36 info: [0mOPTIONS /admins/profile [32m204[0m 1.417 ms - 0[0m
2023-07-12 23:44:37 info: [0mGET /admins/profile [32m200[0m 246.983 ms - 268[0m
2023-07-12 23:44:37 info: [0mGET /banners? [32m200[0m 211.554 ms - -[0m
2023-07-12 23:44:37 info: [0mGET /banners?page=1&page_size=10 [32m200[0m 26.850 ms - -[0m
2023-07-12 23:44:43 info: [0mOPTIONS /admins/profile [32m204[0m 2.895 ms - 0[0m
2023-07-12 23:44:43 info: [0mGET /admins/profile [36m304[0m 154.979 ms - -[0m
2023-07-12 23:44:43 info: [0mGET /jobs?page=1&page_size=10 [32m200[0m 100.098 ms - -[0m
2023-07-12 23:44:43 info: [0mGET /jobs? [32m200[0m 188.019 ms - -[0m
2023-07-12 23:44:48 info: [0mOPTIONS /admins/profile [32m204[0m 4.792 ms - 0[0m
2023-07-12 23:44:48 info: [0mGET /jobs/show/6 [32m200[0m 67.152 ms - -[0m
2023-07-12 23:44:48 info: [0mGET /admins/profile [36m304[0m 122.519 ms - -[0m
2023-07-12 23:44:49 info: [0mGET /jobs?[object%20Object] [32m200[0m 38.719 ms - -[0m
2023-07-12 23:44:54 info: [0mGET /jobs/getListFeatured [36m304[0m 31.182 ms - -[0m
2023-07-12 23:45:02 info: [0mGET /jobs/find/6 [32m200[0m 51.362 ms - -[0m
2023-07-12 23:45:18 info: [0mGET /jobs/ [32m200[0m 448.163 ms - -[0m
2023-07-12 23:46:27 info: =================================
2023-07-12 23:46:27 info: ======= ENV: development =======
2023-07-12 23:46:27 info: 🚀 App listening on the port 8000
2023-07-12 23:46:27 info: =================================
2023-07-12 23:47:48 info: =================================
2023-07-12 23:47:48 info: ======= ENV: development =======
2023-07-12 23:47:48 info: 🚀 App listening on the port 8000
2023-07-12 23:47:48 info: =================================
2023-07-12 23:48:08 info: [0mGET /jobs/show/6 [36m304[0m 362.800 ms - -[0m
2023-07-12 23:48:52 info: [0mGET /jobs/find/6 [32m200[0m 143.893 ms - -[0m
2023-07-12 23:49:42 info: =================================
2023-07-12 23:49:42 info: ======= ENV: development =======
2023-07-12 23:49:42 info: 🚀 App listening on the port 8000
2023-07-12 23:49:42 info: =================================
2023-07-12 23:49:44 info: [0mGET /jobs/find/6 [36m304[0m 378.825 ms - -[0m
2023-07-12 23:50:06 info: =================================
2023-07-12 23:50:06 info: ======= ENV: development =======
2023-07-12 23:50:06 info: 🚀 App listening on the port 8000
2023-07-12 23:50:06 info: =================================
2023-07-12 23:50:20 info: =================================
2023-07-12 23:50:20 info: ======= ENV: development =======
2023-07-12 23:50:20 info: 🚀 App listening on the port 8000
2023-07-12 23:50:20 info: =================================
2023-07-12 23:50:23 info: [0mGET /jobs/find/6 [36m304[0m 1406.690 ms - -[0m
2023-07-12 23:50:58 info: =================================
2023-07-12 23:50:58 info: ======= ENV: development =======
2023-07-12 23:50:58 info: 🚀 App listening on the port 8000
2023-07-12 23:50:58 info: =================================
2023-07-12 23:50:59 info: [0mGET /jobs/find/6 [0m-[0m - ms - -[0m
2023-07-12 23:50:59 info: [0mGET /jobs/find/6 [31m500[0m 169.174 ms - 54[0m
2023-07-12 23:51:44 info: =================================
2023-07-12 23:51:44 info: ======= ENV: development =======
2023-07-12 23:51:44 info: 🚀 App listening on the port 8000
2023-07-12 23:51:44 info: =================================
2023-07-12 23:51:45 info: [0mGET /jobs/find/6 [32m200[0m 298.439 ms - -[0m
2023-07-12 23:52:06 info: =================================
2023-07-12 23:52:06 info: ======= ENV: development =======
2023-07-12 23:52:06 info: 🚀 App listening on the port 8000
2023-07-12 23:52:06 info: =================================
2023-07-12 23:53:29 info: =================================
2023-07-12 23:53:29 info: ======= ENV: development =======
2023-07-12 23:53:29 info: 🚀 App listening on the port 8000
2023-07-12 23:53:29 info: =================================
2023-07-12 23:53:55 info: [0mGET /services/nav [36m304[0m 598.781 ms - -[0m
2023-07-12 23:53:57 info: [0mGET /jobs/getListFeatured [36m304[0m 96.955 ms - -[0m
2023-07-12 23:54:00 info: [0mGET /jobs/getListFeatured [36m304[0m 35.153 ms - -[0m
2023-07-12 23:54:02 info: [0mGET /jobs/find/6 [32m200[0m 63.758 ms - -[0m
