2023-04-28 00:00:44 info: [0mGET /services/nav [36m304[0m 368.173 ms - -[0m
2023-04-28 00:00:44 info: [0mGET /posts/findByIdClient/4 [32m200[0m 170.496 ms - 600[0m
2023-04-28 00:00:57 info: [0mGET /services/nav [36m304[0m 447.681 ms - -[0m
2023-04-28 00:00:57 info: [0mGET /posts/findByIdClient/4 [36m304[0m 120.270 ms - -[0m
2023-04-28 00:01:30 info: =================================
2023-04-28 00:01:30 info: ======= ENV: development =======
2023-04-28 00:01:30 info: 🚀 App listening on the port 8000
2023-04-28 00:01:30 info: =================================
2023-04-28 00:01:41 info: =================================
2023-04-28 00:01:41 info: ======= ENV: development =======
2023-04-28 00:01:41 info: 🚀 App listening on the port 8000
2023-04-28 00:01:41 info: =================================
2023-04-28 00:03:23 info: [0mGET /ceos/getlistCeo [36m304[0m 219.881 ms - -[0m
2023-04-28 00:03:32 info: [0mGET /branchs/getListBranch [36m304[0m 25.611 ms - -[0m
2023-04-28 00:03:32 info: [0mGET /projects [32m200[0m 128.249 ms - 672[0m
2023-04-28 00:03:39 info: [0mGET /services/nav [36m304[0m 68.671 ms - -[0m
2023-04-28 00:03:41 info: [0mGET /services/nav [36m304[0m 106.014 ms - -[0m
2023-04-28 00:03:41 info: [0mGET /projects [36m304[0m 130.429 ms - -[0m
2023-04-28 00:03:41 info: [0mGET /branchs/getListBranch [36m304[0m 107.032 ms - -[0m
2023-04-28 00:04:30 info: [0mGET /categories/post [36m304[0m 57.402 ms - -[0m
2023-04-28 00:04:39 info: [0mGET /categories/post [36m304[0m 31.176 ms - -[0m
2023-04-28 00:04:39 info: [0mGET /posts/category/website [36m304[0m 37.291 ms - -[0m
2023-04-28 00:04:48 info: [0mGET /posts/category/android [32m200[0m 36.228 ms - -[0m
2023-04-28 00:05:13 info: [0mGET /posts/category/all [32m200[0m 32.266 ms - 262[0m
2023-04-28 00:05:14 info: [0mGET /posts/category/website [36m304[0m 13.552 ms - -[0m
2023-04-28 00:05:23 info: [0mGET /posts/category/all [36m304[0m 41.066 ms - -[0m
2023-04-28 00:05:28 info: [0mGET /services/nav [36m304[0m 66.825 ms - -[0m
2023-04-28 00:05:28 info: [0mGET /categories/post [36m304[0m 65.248 ms - -[0m
2023-04-28 00:05:31 info: [0mGET /categories/post [36m304[0m 17.480 ms - -[0m
2023-04-28 00:05:31 info: [0mGET /posts/category/website [36m304[0m 31.664 ms - -[0m
2023-04-28 00:05:42 info: [0mGET /posts/category/all [36m304[0m 48.251 ms - -[0m
2023-04-28 00:05:52 info: [0mGET /categories/post [36m304[0m 21.150 ms - -[0m
2023-04-28 00:05:52 info: [0mGET /posts/category/all [36m304[0m 28.719 ms - -[0m
2023-04-28 00:05:53 info: [0mGET /posts/category/website [36m304[0m 12.282 ms - -[0m
2023-04-28 00:05:54 info: [0mGET /posts/category/android [36m304[0m 14.792 ms - -[0m
2023-04-28 00:05:55 info: [0mGET /categories/post [36m304[0m 23.403 ms - -[0m
2023-04-28 00:06:08 info: [0mGET /categories/post [36m304[0m 44.009 ms - -[0m
2023-04-28 00:06:08 info: [0mGET /posts/category/website [36m304[0m 38.065 ms - -[0m
2023-04-28 00:06:14 info: [0mGET /posts/category/android [36m304[0m 13.343 ms - -[0m
2023-04-28 00:06:16 info: [0mGET /posts/category/website [36m304[0m 6.950 ms - -[0m
2023-04-28 00:07:06 info: [0mGET /categories/post [36m304[0m 47.453 ms - -[0m
2023-04-28 00:07:06 info: [0mGET /posts/category/website [36m304[0m 45.656 ms - -[0m
2023-04-28 00:07:11 info: [0mGET /posts/category/android [36m304[0m 137.723 ms - -[0m
2023-04-28 00:08:05 info: =================================
2023-04-28 00:08:05 info: ======= ENV: development =======
2023-04-28 00:08:05 info: 🚀 App listening on the port 8000
2023-04-28 00:08:05 info: =================================
2023-04-28 00:12:53 info: [0mGET /posts/category/website [36m304[0m 253.661 ms - -[0m
2023-04-28 00:15:26 info: =================================
2023-04-28 00:15:26 info: ======= ENV: development =======
2023-04-28 00:15:26 info: 🚀 App listening on the port 8000
2023-04-28 00:15:26 info: =================================
2023-04-28 00:15:30 info: [0mGET /categories/post [36m304[0m 172.441 ms - -[0m
2023-04-28 00:15:34 info: [0mGET /categories/post [36m304[0m 34.364 ms - -[0m
2023-04-28 00:15:34 info: [0mGET /posts/category/website [36m304[0m 64.284 ms - -[0m
2023-04-28 00:15:35 info: [0mGET /posts/category/android [32m200[0m 28.801 ms - -[0m
2023-04-28 00:15:39 info: [0mGET /posts/category/website [36m304[0m 13.335 ms - -[0m
2023-04-28 00:15:40 info: [0mGET /categories/post [36m304[0m 13.987 ms - -[0m
2023-04-28 00:15:51 info: [0mGET /categories/post [36m304[0m 69.121 ms - -[0m
2023-04-28 00:15:51 info: [0mGET /posts/category/website [36m304[0m 40.476 ms - -[0m
2023-04-28 00:15:55 info: [0mGET /posts/category/android [36m304[0m 18.153 ms - -[0m
2023-04-28 00:15:57 info: [0mGET /posts/category/website [36m304[0m 13.836 ms - -[0m
2023-04-28 00:15:57 info: [0mGET /posts/category/android [36m304[0m 10.857 ms - -[0m
2023-04-28 00:16:07 info: [0mGET /posts/findByIdClient/4 [32m200[0m 175.783 ms - 572[0m
2023-04-28 00:16:10 info: [0mGET /categories/post [36m304[0m 24.918 ms - -[0m
2023-04-28 00:16:10 info: [0mGET /posts/category/android [36m304[0m 46.053 ms - -[0m
2023-04-28 00:16:12 info: [0mGET /posts/findByIdClient/3 [32m200[0m 88.179 ms - 590[0m
2023-04-28 00:16:15 info: [0mGET /categories/post [36m304[0m 22.840 ms - -[0m
2023-04-28 00:16:15 info: [0mGET /posts/category/android [36m304[0m 34.604 ms - -[0m
2023-04-28 00:16:23 info: [0mGET /jobs/getListFeatured [36m304[0m 88.586 ms - -[0m
2023-04-28 00:16:27 info: [0mGET /jobs/find/1 [36m304[0m 73.477 ms - -[0m
2023-04-28 00:16:45 info: [0mGET /jobs/getListFeatured [36m304[0m 70.140 ms - -[0m
2023-04-28 00:16:48 info: [0mGET /categories/post [36m304[0m 138.446 ms - -[0m
2023-04-28 00:17:58 info: [0mGET /categories/post [36m304[0m 72.439 ms - -[0m
2023-04-28 00:17:58 info: [0mGET /posts/category/android [36m304[0m 114.810 ms - -[0m
2023-04-28 00:20:09 info: [0mGET /posts/findByIdClient/4 [36m304[0m 243.085 ms - -[0m
2023-04-28 00:20:24 info: [0mGET /jobs/getListFeatured [36m304[0m 79.797 ms - -[0m
2023-04-28 00:20:28 info: [0mGET /ceos/getlistCeo [36m304[0m 76.675 ms - -[0m
2023-04-28 00:20:37 info: [0mGET /services/nav [36m304[0m 141.724 ms - -[0m
2023-04-28 00:20:42 info: [0mGET /services/nav [36m304[0m 104.912 ms - -[0m
2023-04-28 00:20:42 info: [0mGET /ceos/getlistCeo [36m304[0m 99.650 ms - -[0m
2023-04-28 00:20:46 info: [0mGET /services/nav [36m304[0m 109.129 ms - -[0m
2023-04-28 00:20:56 info: [0mGET /services/nav [36m304[0m 114.056 ms - -[0m
2023-04-28 00:21:05 info: [0mGET /services/nav [36m304[0m 52.473 ms - -[0m
2023-04-28 00:21:05 info: [0mGET /ceos/getlistCeo [36m304[0m 103.649 ms - -[0m
2023-04-28 00:21:34 info: [0mOPTIONS /admins/logout [32m204[0m 1.654 ms - 0[0m
2023-04-28 00:21:34 info: [0mPOST /admins/logout [32m200[0m 118.918 ms - 33[0m
2023-04-28 00:21:35 info: [0mGET /posts/show/4 [32m200[0m 97.486 ms - 785[0m
2023-04-28 00:21:36 info: [0mOPTIONS /admins/login [32m204[0m 0.174 ms - 0[0m
2023-04-28 00:21:36 info: [0mPOST /admins/login [32m200[0m 10.538 ms - 744[0m
2023-04-28 00:21:37 info: [0mOPTIONS /admins/profile [32m204[0m 0.425 ms - 0[0m
2023-04-28 00:21:37 info: [0mGET /admins/profile [36m304[0m 115.442 ms - -[0m
2023-04-28 00:21:43 info: [0mOPTIONS /admins/profile [32m204[0m 1.548 ms - 0[0m
2023-04-28 00:21:43 info: [0mGET /ceos? [32m200[0m 191.411 ms - 390[0m
2023-04-28 00:21:43 info: [0mGET /admins/profile [36m304[0m 140.369 ms - -[0m
2023-04-28 00:21:43 info: [0mGET /ceos?page=1&page_size=10 [32m200[0m 93.841 ms - 390[0m
2023-04-28 00:21:45 info: [0mGET /admins/profile [36m304[0m 20.425 ms - -[0m
2023-04-28 00:21:46 info: [0mGET /ceos?page=1&page_size=10 [32m200[0m 85.091 ms - 390[0m
2023-04-28 00:21:46 info: [0mGET /ceos?page=1&page_size=10 [36m304[0m 31.402 ms - -[0m
2023-04-28 00:21:49 info: [0mOPTIONS /admins/profile [32m204[0m 0.875 ms - 0[0m
2023-04-28 00:21:49 info: [0mGET /admins/profile [36m304[0m 80.884 ms - -[0m
2023-04-28 00:21:49 info: [0mGET /ceos/show/1 [32m200[0m 64.619 ms - -[0m
2023-04-28 00:21:51 info: [0mOPTIONS /ceos/update/1 [32m204[0m 0.191 ms - 0[0m
2023-04-28 00:21:51 info: [0mPUT /ceos/update/1 [32m200[0m 66.980 ms - 16[0m
2023-04-28 00:21:51 info: [0mGET /ceos/show/1 [32m200[0m 7.649 ms - -[0m
2023-04-28 00:21:53 info: [0mGET /ceos?page=1&page_size=10 [32m200[0m 130.604 ms - 390[0m
2023-04-28 00:21:53 info: [0mGET /ceos/show/1 [32m200[0m 135.722 ms - -[0m
2023-04-28 00:21:53 info: [0mGET /admins/profile [36m304[0m 164.821 ms - -[0m
2023-04-28 00:21:53 info: [0mGET /ceos?page=1&page_size=10 [36m304[0m 22.225 ms - -[0m
2023-04-28 00:21:54 info: [0mGET /ceos/show/2 [32m200[0m 13.296 ms - -[0m
2023-04-28 00:21:54 info: [0mGET /admins/profile [36m304[0m 22.016 ms - -[0m
2023-04-28 00:21:55 info: [0mOPTIONS /ceos/update/2 [32m204[0m 0.186 ms - 0[0m
2023-04-28 00:21:55 info: [0mPUT /ceos/update/2 [32m200[0m 143.843 ms - 16[0m
2023-04-28 00:21:55 info: [0mGET /ceos/show/1 [32m200[0m 113.622 ms - -[0m
2023-04-28 00:21:55 info: [0mGET /ceos/show/2 [32m200[0m 112.256 ms - -[0m
2023-04-28 00:22:01 info: [0mGET /services/nav [36m304[0m 48.996 ms - -[0m
2023-04-28 00:22:01 info: [0mGET /ceos/getlistCeo [32m200[0m 49.907 ms - 329[0m
2023-04-28 00:22:06 info: [0mGET /services/nav [36m304[0m 56.594 ms - -[0m
2023-04-28 00:22:09 info: [0mGET /services/nav [36m304[0m 52.096 ms - -[0m
2023-04-28 00:22:09 info: [0mGET /ceos/getlistCeo [36m304[0m 64.004 ms - -[0m
2023-04-28 00:23:24 info: [0mOPTIONS /admins/profile [32m204[0m 1.414 ms - 0[0m
2023-04-28 00:23:25 info: [0mGET /banners? [32m200[0m 105.027 ms - 308[0m
2023-04-28 00:23:25 info: [0mGET /banners?page=1&page_size=10 [36m304[0m 82.429 ms - -[0m
2023-04-28 00:23:25 info: [0mGET /ceos/show/2 [32m200[0m 191.402 ms - -[0m
2023-04-28 00:23:25 info: [0mGET /admins/profile [36m304[0m 138.965 ms - -[0m
2023-04-28 00:23:26 info: [0mGET /admins/profile [36m304[0m 44.788 ms - -[0m
2023-04-28 00:23:26 info: [0mGET /services/nav [36m304[0m 56.493 ms - -[0m
2023-04-28 00:23:28 info: [0mGET /admins/profile [36m304[0m 85.080 ms - -[0m
2023-04-28 00:23:28 info: [0mGET /branchs? [36m304[0m 82.853 ms - -[0m
2023-04-28 00:23:28 info: [0mGET /branchs?page=1&page_size=10 [36m304[0m 63.903 ms - -[0m
2023-04-28 00:23:29 info: [0mGET /admins/profile [36m304[0m 15.737 ms - -[0m
2023-04-28 00:23:29 info: [0mGET /services/nav [36m304[0m 40.614 ms - -[0m
2023-04-28 00:23:31 info: [0mGET /services/show/4 [36m304[0m 8.285 ms - -[0m
2023-04-28 00:23:31 info: [0mGET /services/show/5 [36m304[0m 4.670 ms - -[0m
2023-04-28 00:23:32 info: [0mGET /services/show/2 [36m304[0m 8.431 ms - -[0m
2023-04-28 00:23:33 info: [0mGET /services/show/7 [36m304[0m 6.637 ms - -[0m
2023-04-28 00:23:33 info: [0mGET /services/show/8 [36m304[0m 4.090 ms - -[0m
2023-04-28 00:23:34 info: [0mGET /services/show/7 [36m304[0m 5.916 ms - -[0m
2023-04-28 00:23:35 info: [0mGET /services/show/2 [36m304[0m 3.806 ms - -[0m
2023-04-28 00:23:36 info: [0mGET /services/show/5 [36m304[0m 3.484 ms - -[0m
2023-04-28 00:23:44 info: [0mGET /posts/getListFeatured [32m200[0m 201.075 ms - -[0m
2023-04-28 00:23:44 info: [0mGET /services/nav [36m304[0m 223.043 ms - -[0m
2023-04-28 00:23:59 info: [0mGET /categories/post [36m304[0m 58.611 ms - -[0m
2023-04-28 00:24:10 info: [0mGET /categories/post [36m304[0m 62.253 ms - -[0m
2023-04-28 00:24:10 info: [0mGET /posts/category/website [36m304[0m 28.230 ms - -[0m
2023-04-28 00:24:29 info: [0mGET /posts/category/website [36m304[0m 68.322 ms - -[0m
2023-04-28 00:25:53 info: [0mGET /categories/post [36m304[0m 490.286 ms - -[0m
2023-04-28 00:25:53 info: [0mGET /posts/category/website [36m304[0m 547.923 ms - -[0m
2023-04-28 00:27:38 info: =================================
2023-04-28 00:27:38 info: ======= ENV: development =======
2023-04-28 00:27:38 info: 🚀 App listening on the port 8000
2023-04-28 00:27:38 info: =================================
2023-04-28 00:28:24 info: =================================
2023-04-28 00:28:24 info: ======= ENV: development =======
2023-04-28 00:28:24 info: 🚀 App listening on the port 8000
2023-04-28 00:28:24 info: =================================
2023-04-28 00:28:24 info: [0mGET /posts/category/website [32m200[0m 235.347 ms - 290[0m
2023-04-28 00:29:15 info: =================================
2023-04-28 00:29:15 info: ======= ENV: development =======
2023-04-28 00:29:15 info: 🚀 App listening on the port 8000
2023-04-28 00:29:15 info: =================================
2023-04-28 00:30:11 info: [0mGET /categories/post [36m304[0m 252.291 ms - -[0m
2023-04-28 00:30:11 info: [0mGET /services/nav [36m304[0m 376.343 ms - -[0m
2023-04-28 00:30:11 info: [0mGET /posts/category/website [32m200[0m 114.266 ms - 317[0m
2023-04-28 00:30:11 info: [0mGET /posts/category/undefined [32m200[0m 272.202 ms - 317[0m
2023-04-28 00:30:14 info: [0mGET /posts/category/android [32m200[0m 56.532 ms - -[0m
2023-04-28 00:30:22 info: [0mGET /categories/post [36m304[0m 49.270 ms - -[0m
2023-04-28 00:30:22 info: [0mGET /posts/category/android [36m304[0m 61.418 ms - -[0m
2023-04-28 00:30:31 info: [0mGET /categories/post [36m304[0m 18.333 ms - -[0m
2023-04-28 00:30:31 info: [0mGET /posts/category/android [36m304[0m 63.571 ms - -[0m
2023-04-28 00:30:40 info: [0mGET /categories/post [36m304[0m 12.842 ms - -[0m
2023-04-28 00:30:40 info: [0mGET /posts/category/android [36m304[0m 20.210 ms - -[0m
2023-04-28 00:30:49 info: [0mGET /categories/post [36m304[0m 34.711 ms - -[0m
2023-04-28 00:30:49 info: [0mGET /posts/category/android [36m304[0m 67.858 ms - -[0m
2023-04-28 00:30:56 info: [0mGET /posts/category/website [36m304[0m 92.082 ms - -[0m
2023-04-28 00:30:57 info: [0mGET /posts/category/android [36m304[0m 26.729 ms - -[0m
2023-04-28 00:30:59 info: [0mGET /posts/category/website [36m304[0m 13.951 ms - -[0m
2023-04-28 00:31:02 info: [0mGET /categories/post [36m304[0m 43.976 ms - -[0m
2023-04-28 00:31:31 info: [0mGET /categories/post [36m304[0m 75.451 ms - -[0m
2023-04-28 00:31:31 info: [0mGET /services/nav [36m304[0m 116.240 ms - -[0m
2023-04-28 00:31:31 info: [0mGET /posts/category/undefined [36m304[0m 128.936 ms - -[0m
2023-04-28 00:31:31 info: [0mGET /posts/category/website [36m304[0m 9.615 ms - -[0m
2023-04-28 00:31:34 info: [0mGET /posts/category/android [36m304[0m 14.308 ms - -[0m
2023-04-28 00:31:35 info: [0mGET /categories/post [36m304[0m 16.502 ms - -[0m
2023-04-28 00:31:36 info: [0mGET /categories/post [36m304[0m 23.587 ms - -[0m
2023-04-28 00:31:36 info: [0mGET /posts/category/website [36m304[0m 59.040 ms - -[0m
2023-04-28 00:31:36 info: [0mGET /posts/category/android [36m304[0m 12.254 ms - -[0m
2023-04-28 00:31:39 info: [0mGET /posts/category/website [36m304[0m 45.655 ms - -[0m
2023-04-28 00:31:50 info: [0mOPTIONS /admins/login [32m204[0m 4.515 ms - 0[0m
2023-04-28 00:31:50 info: [0mPOST /admins/login [32m200[0m 136.692 ms - 928[0m
2023-04-28 00:31:51 info: [0mOPTIONS /admins/profile [32m204[0m 2.078 ms - 0[0m
2023-04-28 00:31:51 info: [0mGET /admins/profile [36m304[0m 195.022 ms - -[0m
2023-04-28 00:31:54 info: [0mGET /categories? [36m304[0m 60.745 ms - -[0m
2023-04-28 00:31:54 info: [0mGET /admins/profile [36m304[0m 127.467 ms - -[0m
2023-04-28 00:31:55 info: [0mGET /categories?page=1&page_size=10 [36m304[0m 40.784 ms - -[0m
2023-04-28 00:31:57 info: [0mOPTIONS /admins/profile [32m204[0m 0.874 ms - 0[0m
2023-04-28 00:31:57 info: [0mGET /categories/show/1 [36m304[0m 37.812 ms - -[0m
2023-04-28 00:31:57 info: [0mGET /admins/profile [36m304[0m 114.148 ms - -[0m
2023-04-28 00:31:58 info: [0mOPTIONS /categories/update/1 [32m204[0m 0.194 ms - 0[0m
2023-04-28 00:31:58 error: {"name":"SequelizeDatabaseError","parent":{"code":"ER_TRUNCATED_WRONG_VALUE","errno":1292,"sqlState":"22007","sqlMessage":"Incorrect datetime value: 'Invalid date' for column 'createdAt' at row 1","sql":"UPDATE `categories` SET `type`=?,`status`=?,`id`=?,`createdAt`=?,`updatedAt`=? WHERE `id` = ?","parameters":["post","active",1,"Invalid date","2023-04-27 17:29:12","1"]},"original":{"code":"ER_TRUNCATED_WRONG_VALUE","errno":1292,"sqlState":"22007","sqlMessage":"Incorrect datetime value: 'Invalid date' for column 'createdAt' at row 1","sql":"UPDATE `categories` SET `type`=?,`status`=?,`id`=?,`createdAt`=?,`updatedAt`=? WHERE `id` = ?","parameters":["post","active",1,"Invalid date","2023-04-27 17:29:12","1"]},"sql":"UPDATE `categories` SET `type`=?,`status`=?,`id`=?,`createdAt`=?,`updatedAt`=? WHERE `id` = ?","parameters":["post","active",1,"Invalid date","2023-04-27 17:29:12","1"]}
2023-04-28 00:31:58 info: [0mPUT /categories/update/1 [31m500[0m 105.775 ms - 72[0m
2023-04-28 00:32:00 error: {"name":"SequelizeDatabaseError","parent":{"code":"ER_TRUNCATED_WRONG_VALUE","errno":1292,"sqlState":"22007","sqlMessage":"Incorrect datetime value: 'Invalid date' for column 'createdAt' at row 1","sql":"UPDATE `categories` SET `type`=?,`status`=?,`id`=?,`createdAt`=?,`updatedAt`=? WHERE `id` = ?","parameters":["post","active",1,"Invalid date","2023-04-27 17:29:12","1"]},"original":{"code":"ER_TRUNCATED_WRONG_VALUE","errno":1292,"sqlState":"22007","sqlMessage":"Incorrect datetime value: 'Invalid date' for column 'createdAt' at row 1","sql":"UPDATE `categories` SET `type`=?,`status`=?,`id`=?,`createdAt`=?,`updatedAt`=? WHERE `id` = ?","parameters":["post","active",1,"Invalid date","2023-04-27 17:29:12","1"]},"sql":"UPDATE `categories` SET `type`=?,`status`=?,`id`=?,`createdAt`=?,`updatedAt`=? WHERE `id` = ?","parameters":["post","active",1,"Invalid date","2023-04-27 17:29:12","1"]}
2023-04-28 00:32:00 info: [0mPUT /categories/update/1 [31m500[0m 7.006 ms - 72[0m
2023-04-28 00:32:01 info: [0mGET /categories/show/1 [36m304[0m 11.854 ms - -[0m
2023-04-28 00:32:01 info: [0mGET /categories?page=1&page_size=10 [36m304[0m 53.005 ms - -[0m
2023-04-28 00:32:01 info: [0mGET /admins/profile [36m304[0m 116.588 ms - -[0m
2023-04-28 00:32:01 info: [0mGET /categories?page=1&page_size=10 [36m304[0m 7.685 ms - -[0m
2023-04-28 00:32:02 info: [0mOPTIONS /admins/profile [32m204[0m 0.350 ms - 0[0m
2023-04-28 00:32:02 info: [0mGET /categories/show/2 [32m200[0m 8.919 ms - 174[0m
2023-04-28 00:32:02 info: [0mGET /admins/profile [36m304[0m 19.414 ms - -[0m
2023-04-28 00:32:03 info: [0mOPTIONS /categories/update/2 [32m204[0m 0.131 ms - 0[0m
2023-04-28 00:32:03 error: {"name":"SequelizeDatabaseError","parent":{"code":"ER_TRUNCATED_WRONG_VALUE","errno":1292,"sqlState":"22007","sqlMessage":"Incorrect datetime value: 'Invalid date' for column 'createdAt' at row 1","sql":"UPDATE `categories` SET `type`=?,`status`=?,`id`=?,`createdAt`=?,`updatedAt`=? WHERE `id` = ?","parameters":["post","active",2,"Invalid date","2023-04-27 17:29:12","2"]},"original":{"code":"ER_TRUNCATED_WRONG_VALUE","errno":1292,"sqlState":"22007","sqlMessage":"Incorrect datetime value: 'Invalid date' for column 'createdAt' at row 1","sql":"UPDATE `categories` SET `type`=?,`status`=?,`id`=?,`createdAt`=?,`updatedAt`=? WHERE `id` = ?","parameters":["post","active",2,"Invalid date","2023-04-27 17:29:12","2"]},"sql":"UPDATE `categories` SET `type`=?,`status`=?,`id`=?,`createdAt`=?,`updatedAt`=? WHERE `id` = ?","parameters":["post","active",2,"Invalid date","2023-04-27 17:29:12","2"]}
2023-04-28 00:32:03 info: [0mPUT /categories/update/2 [31m500[0m 8.189 ms - 72[0m
2023-04-28 00:32:04 info: [0mGET /categories/show/2 [36m304[0m 14.444 ms - -[0m
2023-04-28 00:32:04 info: [0mGET /categories?page=1&page_size=10 [36m304[0m 22.814 ms - -[0m
2023-04-28 00:32:04 info: [0mGET /admins/profile [36m304[0m 36.225 ms - -[0m
2023-04-28 00:32:04 info: [0mGET /categories?page=1&page_size=10 [36m304[0m 7.277 ms - -[0m
2023-04-28 00:32:07 info: [0mGET /categories/show/2 [36m304[0m 6.602 ms - -[0m
2023-04-28 00:32:07 info: [0mGET /admins/profile [36m304[0m 35.898 ms - -[0m
2023-04-28 00:32:10 info: [0mOPTIONS /admins/profile [32m204[0m 0.182 ms - 0[0m
2023-04-28 00:32:10 info: [0mGET /categories/show/2 [36m304[0m 109.437 ms - -[0m
2023-04-28 00:32:10 info: [0mGET /admins/profile [36m304[0m 174.796 ms - -[0m
2023-04-28 00:32:10 info: [0mGET /posts? [32m200[0m 195.731 ms - -[0m
2023-04-28 00:32:10 info: [0mGET /posts?page=1&page_size=10 [32m200[0m 65.432 ms - -[0m
2023-04-28 00:32:13 info: [0mGET /posts/show/3 [32m200[0m 58.127 ms - -[0m
2023-04-28 00:32:13 info: [0mGET /admins/profile [36m304[0m 102.051 ms - -[0m
2023-04-28 00:32:14 info: [0mGET /categories?[object%20Object] [32m200[0m 15.733 ms - 372[0m
2023-04-28 00:32:14 info: [0mGET /posts?[object%20Object] [32m200[0m 14.453 ms - -[0m
2023-04-28 00:32:14 info: [0mGET /ceos?[object%20Object] [32m200[0m 25.930 ms - 390[0m
2023-04-28 00:32:24 info: [0mGET /posts/category/website [32m200[0m 40.338 ms - 290[0m
2023-04-28 00:33:03 info: =================================
2023-04-28 00:33:03 info: ======= ENV: development =======
2023-04-28 00:33:03 info: 🚀 App listening on the port 8000
2023-04-28 00:33:03 info: =================================
2023-04-28 00:33:04 error: {}
2023-04-28 00:33:04 info: [0mGET /posts/category/website [32m200[0m 113.027 ms - 16[0m
2023-04-28 00:33:04 error: {}
2023-04-28 00:33:04 info: [0mGET /posts/category/website [36m304[0m 27.430 ms - -[0m
2023-04-28 00:33:05 error: {}
2023-04-28 00:33:05 info: [0mGET /posts/category/website [36m304[0m 16.995 ms - -[0m
2023-04-28 00:33:24 info: =================================
2023-04-28 00:33:24 info: ======= ENV: development =======
2023-04-28 00:33:24 info: 🚀 App listening on the port 8000
2023-04-28 00:33:24 info: =================================
2023-04-28 00:33:27 info: [0mGET /posts/category/website [32m200[0m 123.106 ms - 391[0m
2023-04-28 00:33:41 info: [0mGET /services/nav [36m304[0m 139.091 ms - -[0m
2023-04-28 00:33:41 info: [0mGET /categories/post [36m304[0m 85.599 ms - -[0m
2023-04-28 00:33:41 info: [0mGET /posts/category/undefined [32m200[0m 99.456 ms - 450[0m
2023-04-28 00:33:41 info: [0mGET /posts/category/website [32m200[0m 16.210 ms - 450[0m
2023-04-28 00:33:47 info: [0mGET /categories/post [32m200[0m 57.841 ms - 111[0m
2023-04-28 00:33:47 info: [0mGET /services/nav [32m200[0m 163.229 ms - 711[0m
2023-04-28 00:33:47 info: [0mGET /posts/category/undefined [32m200[0m 113.725 ms - 391[0m
2023-04-28 00:33:47 info: [0mGET /posts/category/website [32m200[0m 14.762 ms - 391[0m
2023-04-28 00:33:52 info: [0mGET /categories/post [32m200[0m 16.040 ms - 127[0m
2023-04-28 00:33:52 info: [0mGET /services/nav [32m200[0m 45.736 ms - 827[0m
2023-04-28 00:33:52 info: [0mGET /posts/category/undefined [32m200[0m 62.714 ms - 450[0m
2023-04-28 00:33:52 info: [0mGET /posts/category/website [32m200[0m 14.677 ms - 450[0m
2023-04-28 00:33:57 info: [0mGET /posts/category/android [32m200[0m 41.871 ms - -[0m
2023-04-28 00:34:00 info: [0mGET /posts/getListFeatured [36m304[0m 69.994 ms - -[0m
2023-04-28 00:34:00 info: [0mGET /services/nav [36m304[0m 128.047 ms - -[0m
2023-04-28 00:34:02 info: [0mGET /jobs/getListFeatured [36m304[0m 14.426 ms - -[0m
2023-04-28 00:34:02 info: [0mGET /categories/post [36m304[0m 35.338 ms - -[0m
2023-04-28 00:34:03 info: [0mGET /projects [36m304[0m 73.290 ms - -[0m
2023-04-28 00:34:03 info: [0mGET /branchs/getListBranch [36m304[0m 120.692 ms - -[0m
2023-04-28 00:36:36 info: =================================
2023-04-28 00:36:36 info: ======= ENV: development =======
2023-04-28 00:36:36 info: 🚀 App listening on the port 8000
2023-04-28 00:36:36 info: =================================
2023-04-28 00:36:39 info: [0mOPTIONS /admins/profile [32m204[0m 1.436 ms - 0[0m
2023-04-28 00:36:39 info: [0mGET /posts/show/3 [36m304[0m 345.179 ms - -[0m
2023-04-28 00:36:39 info: [0mGET /posts?page=1&page_size=10 [36m304[0m 209.769 ms - -[0m
2023-04-28 00:36:39 info: [0mGET /posts? [36m304[0m 247.613 ms - -[0m
2023-04-28 00:36:39 info: [0mGET /admins/profile [36m304[0m 239.250 ms - -[0m
2023-04-28 00:36:39 info: [0mGET /categories?[object%20Object] [36m304[0m 27.598 ms - -[0m
2023-04-28 00:36:39 info: [0mGET /admins/profile [36m304[0m 62.679 ms - -[0m
2023-04-28 00:36:39 info: [0mGET /ceos?[object%20Object] [36m304[0m 64.325 ms - -[0m
2023-04-28 00:36:39 info: [0mGET /posts?[object%20Object] [36m304[0m 67.174 ms - -[0m
2023-04-28 00:37:10 info: =================================
2023-04-28 00:37:10 info: ======= ENV: development =======
2023-04-28 00:37:10 info: 🚀 App listening on the port 8000
2023-04-28 00:37:10 info: =================================
2023-04-28 00:37:12 info: [0mOPTIONS /admins/profile [32m204[0m 2.115 ms - 0[0m
2023-04-28 00:37:13 info: [0mGET /posts? [36m304[0m 142.612 ms - -[0m
2023-04-28 00:37:13 info: [0mGET /posts?page=1&page_size=10 [36m304[0m 119.979 ms - -[0m
2023-04-28 00:37:13 info: [0mGET /admins/profile [36m304[0m 232.963 ms - -[0m
2023-04-28 00:37:14 info: [0mGET /categories?[object%20Object] [36m304[0m 54.261 ms - -[0m
2023-04-28 00:37:14 info: [0mGET /admins/profile [36m304[0m 126.912 ms - -[0m
2023-04-28 00:37:14 info: [0mGET /posts?[object%20Object] [36m304[0m 110.207 ms - -[0m
2023-04-28 00:37:14 info: [0mGET /ceos?[object%20Object] [36m304[0m 245.459 ms - -[0m
2023-04-28 00:38:00 info: =================================
2023-04-28 00:38:00 info: ======= ENV: development =======
2023-04-28 00:38:00 info: 🚀 App listening on the port 8000
2023-04-28 00:38:00 info: =================================
2023-04-28 00:38:09 info: [0mOPTIONS /admins/profile [32m204[0m 2.253 ms - 0[0m
2023-04-28 00:38:09 info: [0mGET /posts?page=1&page_size=10 [36m304[0m 282.279 ms - -[0m
2023-04-28 00:38:09 info: [0mGET /admins/profile [36m304[0m 393.215 ms - -[0m
2023-04-28 00:38:09 info: [0mGET /posts?page=1&page_size=10 [36m304[0m 53.932 ms - -[0m
2023-04-28 00:38:10 info: [0mGET /categories?[object%20Object] [36m304[0m 55.243 ms - -[0m
2023-04-28 00:38:10 info: [0mGET /admins/profile [36m304[0m 81.276 ms - -[0m
2023-04-28 00:38:10 info: [0mGET /ceos?[object%20Object] [36m304[0m 101.068 ms - -[0m
2023-04-28 00:38:10 info: [0mGET /posts?[object%20Object] [36m304[0m 97.838 ms - -[0m
2023-04-28 00:38:45 info: =================================
2023-04-28 00:38:45 info: ======= ENV: development =======
2023-04-28 00:38:45 info: 🚀 App listening on the port 8000
2023-04-28 00:38:45 info: =================================
2023-04-28 00:39:05 info: [0mOPTIONS /posts/create [32m204[0m 1.991 ms - 0[0m
2023-04-28 00:39:06 info: [0mPOST /posts/create [32m200[0m 217.877 ms - 16[0m
2023-04-28 00:39:06 info: [0mOPTIONS /admins/profile [32m204[0m 0.170 ms - 0[0m
2023-04-28 00:39:06 info: [0mGET /admins/profile [36m304[0m 188.993 ms - -[0m
2023-04-28 00:39:06 info: [0mGET /posts?page=1&page_size=10 [32m200[0m 161.877 ms - -[0m
2023-04-28 00:39:06 info: [0mGET /posts?page=1&page_size=10 [36m304[0m 60.970 ms - -[0m
2023-04-28 00:39:36 info: =================================
2023-04-28 00:39:36 info: ======= ENV: development =======
2023-04-28 00:39:36 info: 🚀 App listening on the port 8000
2023-04-28 00:39:36 info: =================================
2023-04-28 00:39:44 info: [0mOPTIONS /admins/profile [32m204[0m 24.818 ms - 0[0m
2023-04-28 00:39:44 info: [0mGET /posts/show/5 [32m200[0m 276.108 ms - 487[0m
2023-04-28 00:39:44 info: [0mGET /admins/profile [36m304[0m 215.563 ms - -[0m
2023-04-28 00:39:45 info: [0mGET /categories?[object%20Object] [36m304[0m 156.217 ms - -[0m
2023-04-28 00:39:45 info: [0mGET /ceos?[object%20Object] [36m304[0m 189.941 ms - -[0m
2023-04-28 00:39:45 info: [0mGET /posts?[object%20Object] [32m200[0m 176.482 ms - -[0m
2023-04-28 00:40:03 info: =================================
2023-04-28 00:40:03 info: ======= ENV: development =======
2023-04-28 00:40:03 info: 🚀 App listening on the port 8000
2023-04-28 00:40:03 info: =================================
2023-04-28 00:40:26 info: =================================
2023-04-28 00:40:26 info: ======= ENV: development =======
2023-04-28 00:40:26 info: 🚀 App listening on the port 8000
2023-04-28 00:40:26 info: =================================
2023-04-28 00:41:05 info: =================================
2023-04-28 00:41:05 info: ======= ENV: development =======
2023-04-28 00:41:05 info: 🚀 App listening on the port 8000
2023-04-28 00:41:05 info: =================================
2023-04-28 00:41:20 info: =================================
2023-04-28 00:41:20 info: ======= ENV: development =======
2023-04-28 00:41:20 info: 🚀 App listening on the port 8000
2023-04-28 00:41:20 info: =================================
2023-04-28 00:42:34 info: =================================
2023-04-28 00:42:34 info: ======= ENV: development =======
2023-04-28 00:42:34 info: 🚀 App listening on the port 8000
2023-04-28 00:42:34 info: =================================
2023-04-28 00:43:33 info: =================================
2023-04-28 00:43:33 info: ======= ENV: development =======
2023-04-28 00:43:33 info: 🚀 App listening on the port 8000
2023-04-28 00:43:33 info: =================================
2023-04-28 00:44:12 info: =================================
2023-04-28 00:44:12 info: ======= ENV: development =======
2023-04-28 00:44:12 info: 🚀 App listening on the port 8000
2023-04-28 00:44:12 info: =================================
2023-04-28 00:44:31 info: =================================
2023-04-28 00:44:31 info: ======= ENV: development =======
2023-04-28 00:44:31 info: 🚀 App listening on the port 8000
2023-04-28 00:44:31 info: =================================
2023-04-28 00:44:57 info: =================================
2023-04-28 00:44:57 info: ======= ENV: development =======
2023-04-28 00:44:57 info: 🚀 App listening on the port 8000
2023-04-28 00:44:57 info: =================================
2023-04-28 00:45:45 info: =================================
2023-04-28 00:45:45 info: ======= ENV: development =======
2023-04-28 00:45:45 info: 🚀 App listening on the port 8000
2023-04-28 00:45:45 info: =================================
2023-04-28 00:46:00 info: =================================
2023-04-28 00:46:00 info: ======= ENV: development =======
2023-04-28 00:46:00 info: 🚀 App listening on the port 8000
2023-04-28 00:46:00 info: =================================
2023-04-28 00:46:26 info: [0mOPTIONS /admins/profile [32m204[0m 6.498 ms - 0[0m
2023-04-28 00:46:27 info: [0mGET /categories?page=1&page_size=10 [36m304[0m 324.181 ms - -[0m
2023-04-28 00:46:27 info: [0mGET /categories? [32m200[0m 367.132 ms - 356[0m
2023-04-28 00:46:27 info: [0mGET /posts/show/5 [36m304[0m 510.317 ms - -[0m
2023-04-28 00:46:27 info: [0mGET /admins/profile [36m304[0m 386.087 ms - -[0m
2023-04-28 00:46:29 info: [0mGET /admins/profile [36m304[0m 93.672 ms - -[0m
2023-04-28 00:47:25 info: =================================
2023-04-28 00:47:25 info: ======= ENV: development =======
2023-04-28 00:47:25 info: 🚀 App listening on the port 8000
2023-04-28 00:47:25 info: =================================
2023-04-28 00:48:15 info: =================================
2023-04-28 00:48:15 info: ======= ENV: development =======
2023-04-28 00:48:15 info: 🚀 App listening on the port 8000
2023-04-28 00:48:15 info: =================================
2023-04-28 00:49:03 info: =================================
2023-04-28 00:49:03 info: ======= ENV: development =======
2023-04-28 00:49:03 info: 🚀 App listening on the port 8000
2023-04-28 00:49:03 info: =================================
2023-04-28 00:49:41 info: =================================
2023-04-28 00:49:41 info: ======= ENV: development =======
2023-04-28 00:49:41 info: 🚀 App listening on the port 8000
2023-04-28 00:49:41 info: =================================
2023-04-28 00:50:14 info: =================================
2023-04-28 00:50:14 info: ======= ENV: development =======
2023-04-28 00:50:14 info: 🚀 App listening on the port 8000
2023-04-28 00:50:14 info: =================================
2023-04-28 00:50:18 info: [0mOPTIONS /admins/profile [32m204[0m 2.371 ms - 0[0m
2023-04-28 00:50:19 info: [0mGET /admins/profile [36m304[0m 319.983 ms - -[0m
2023-04-28 00:50:23 info: [0mOPTIONS /categories/create [32m204[0m 0.309 ms - 0[0m
2023-04-28 00:50:23 info: [0mPOST /categories/create [32m200[0m 118.119 ms - 16[0m
2023-04-28 00:50:24 info: [0mGET /admins/profile [36m304[0m 221.609 ms - -[0m
2023-04-28 00:50:24 info: [0mGET /categories?page=1&page_size=10 [32m200[0m 217.300 ms - 500[0m
2023-04-28 00:50:24 info: [0mGET /categories?page=1&page_size=10 [36m304[0m 49.827 ms - -[0m
2023-04-28 00:50:27 info: [0mGET /categories?page=1&page_size=10&search=t [32m200[0m 49.196 ms - 349[0m
2023-04-28 00:50:27 info: [0mGET /categories?page=1&page_size=10&search=tes [32m200[0m 68.792 ms - 214[0m
2023-04-28 00:50:27 info: [0mGET /categories?page=1&page_size=10&search=test [32m200[0m 16.712 ms - 214[0m
2023-04-28 00:50:28 info: [0mGET /categories?page=1&page_size=10 [36m304[0m 11.252 ms - -[0m
2023-04-28 00:50:32 info: [0mGET /categories?page=2&page_size=10 [32m200[0m 9.199 ms - 87[0m
2023-04-28 00:50:34 info: [0mGET /categories?page=1&page_size=10 [36m304[0m 10.801 ms - -[0m
2023-04-28 00:50:36 info: [0mGET /categories?page=1&page_size=30 [32m200[0m 29.087 ms - 500[0m
2023-04-28 00:53:09 info: [0mGET /categories/post [36m304[0m 175.961 ms - -[0m
2023-04-28 00:53:12 info: [0mGET /branchs/getListBranch [36m304[0m 16.239 ms - -[0m
2023-04-28 00:53:12 info: [0mGET /projects [36m304[0m 76.532 ms - -[0m
2023-04-28 00:53:14 info: [0mGET /categories/post [36m304[0m 30.357 ms - -[0m
2023-04-28 00:53:14 info: [0mGET /branchs/getListBranch [36m304[0m 4.932 ms - -[0m
2023-04-28 00:53:14 info: [0mGET /projects [36m304[0m 31.662 ms - -[0m
2023-04-28 00:53:16 info: [0mGET /categories/post [36m304[0m 16.997 ms - -[0m
2023-04-28 00:53:17 info: [0mGET /projects [36m304[0m 26.473 ms - -[0m
2023-04-28 00:53:17 info: [0mGET /branchs/getListBranch [36m304[0m 32.704 ms - -[0m
2023-04-28 00:53:18 info: [0mGET /jobs/getListFeatured [36m304[0m 130.381 ms - -[0m
2023-04-28 00:53:21 info: [0mGET /services/nav [36m304[0m 43.518 ms - -[0m
2023-04-28 00:53:21 info: [0mGET /posts/getListFeatured [36m304[0m 60.085 ms - -[0m
2023-04-28 00:53:29 info: [0mOPTIONS /admins/profile [32m204[0m 5.536 ms - 0[0m
2023-04-28 00:53:30 info: [0mGET /services/nav [32m200[0m 69.329 ms - 711[0m
2023-04-28 00:53:30 info: [0mGET /admins/profile [36m304[0m 75.186 ms - -[0m
2023-04-28 00:53:31 info: [0mGET /posts/getListFeatured [36m304[0m 107.443 ms - -[0m
2023-04-28 00:53:31 info: [0mGET /services/nav [32m200[0m 145.283 ms - 827[0m
2023-04-28 00:53:31 info: [0mGET /services/nav [36m304[0m 14.844 ms - -[0m
2023-04-28 00:53:35 info: [0mOPTIONS /admins/profile [32m204[0m 1.051 ms - 0[0m
2023-04-28 00:53:35 info: [0mGET /admins/profile [36m304[0m 196.152 ms - -[0m
2023-04-28 00:53:35 info: [0mGET /services/nav [36m304[0m 169.420 ms - -[0m
2023-04-28 00:53:40 info: [0mOPTIONS /folders/get-medias [32m204[0m 7.735 ms - 0[0m
2023-04-28 00:53:40 info: [0mPOST /folders/get-medias [32m200[0m 41.019 ms - 595[0m
2023-04-28 00:53:41 info: [0mGET /folders [36m304[0m 117.001 ms - -[0m
2023-04-28 00:53:43 info: [0mGET /services/show/1 [36m304[0m 11.791 ms - -[0m
2023-04-28 00:53:46 info: [0mGET /services/show/2 [36m304[0m 26.357 ms - -[0m
2023-04-28 00:53:48 info: [0mGET /services/show/3 [36m304[0m 4.894 ms - -[0m
2023-04-28 00:53:49 info: [0mOPTIONS /folders/get-medias [32m204[0m 0.121 ms - 0[0m
2023-04-28 00:53:49 info: [0mPOST /folders/get-medias [32m200[0m 4.517 ms - 595[0m
2023-04-28 00:53:49 info: [0mGET /folders [36m304[0m 30.736 ms - -[0m
2023-04-28 00:53:51 info: [0mOPTIONS /services/update/3 [32m204[0m 0.682 ms - 0[0m
2023-04-28 00:53:51 info: [0mPUT /services/update/3 [32m200[0m 77.028 ms - 16[0m
2023-04-28 00:53:51 info: [0mGET /services/nav [32m200[0m 14.313 ms - 891[0m
2023-04-28 00:53:55 info: [0mOPTIONS /admins/profile [32m204[0m 0.168 ms - 0[0m
2023-04-28 00:53:55 info: [0mGET /services/nav [32m200[0m 73.492 ms - 749[0m
2023-04-28 00:53:55 info: [0mGET /admins/profile [36m304[0m 140.877 ms - -[0m
2023-04-28 00:53:57 info: [0mGET /services/show/3 [32m200[0m 55.889 ms - 539[0m
2023-04-28 00:53:58 info: [0mGET /services/show/2 [36m304[0m 62.281 ms - -[0m
2023-04-28 00:53:59 info: [0mGET /services/show/1 [36m304[0m 8.136 ms - -[0m
2023-04-28 00:53:59 info: [0mGET /services/show/3 [36m304[0m 3.681 ms - -[0m
2023-04-28 00:54:00 info: [0mGET /services/show/2 [36m304[0m 6.150 ms - -[0m
2023-04-28 00:54:00 info: [0mGET /services/show/1 [36m304[0m 6.013 ms - -[0m
2023-04-28 00:54:00 info: [0mGET /services/show/2 [36m304[0m 4.127 ms - -[0m
2023-04-28 00:54:02 info: [0mGET /services/show/10 [36m304[0m 4.903 ms - -[0m
2023-04-28 00:54:03 info: [0mOPTIONS /folders/get-medias [32m204[0m 0.235 ms - 0[0m
2023-04-28 00:54:03 info: [0mPOST /folders/get-medias [32m200[0m 10.493 ms - 595[0m
2023-04-28 00:54:04 info: [0mGET /folders [36m304[0m 61.330 ms - -[0m
2023-04-28 00:54:06 info: [0mOPTIONS /services/update/10 [32m204[0m 0.421 ms - 0[0m
2023-04-28 00:54:06 info: [0mPUT /services/update/10 [32m200[0m 19.544 ms - 16[0m
2023-04-28 00:54:06 info: [0mGET /services/nav [32m200[0m 33.773 ms - 946[0m
2023-04-28 00:54:11 info: [0mOPTIONS /services/update/10 [32m204[0m 0.165 ms - 0[0m
2023-04-28 00:54:11 info: [0mPUT /services/update/10 [32m200[0m 55.272 ms - 16[0m
2023-04-28 00:54:11 info: [0mGET /services/nav [32m200[0m 11.557 ms - 908[0m
2023-04-28 00:54:17 info: [0mGET /services/show/3 [36m304[0m 11.010 ms - -[0m
2023-04-28 00:54:18 info: [0mGET /services/show/2 [36m304[0m 18.616 ms - -[0m
2023-04-28 00:54:20 info: [0mGET /services/show/1 [36m304[0m 6.313 ms - -[0m
2023-04-28 00:55:03 info: [0mGET /services/show/3 [36m304[0m 65.809 ms - -[0m
2023-04-28 00:55:05 info: [0mGET /services/show/10 [32m200[0m 4.788 ms - 257[0m
2023-04-28 00:55:16 info: [0mGET /services/show/10 [36m304[0m 152.942 ms - -[0m
2023-04-28 00:55:16 info: [0mGET /services/nav [36m304[0m 105.282 ms - -[0m
2023-04-28 00:55:26 info: [0mOPTIONS /services/create [32m204[0m 0.561 ms - 0[0m
2023-04-28 00:55:26 info: [0mPOST /services/create [32m200[0m 34.628 ms - 16[0m
2023-04-28 00:55:26 info: [0mGET /services/nav [36m304[0m 8.746 ms - -[0m
2023-04-28 00:55:28 info: [0mGET /services/show/3 [36m304[0m 6.234 ms - -[0m
2023-04-28 00:55:28 info: [0mGET /services/show/10 [36m304[0m 15.757 ms - -[0m
2023-04-28 00:55:36 info: [0mGET /services/show/3 [36m304[0m 50.344 ms - -[0m
2023-04-28 00:55:39 info: [0mOPTIONS /services/create [32m204[0m 0.228 ms - 0[0m
2023-04-28 00:55:39 info: [0mPOST /services/create [32m200[0m 25.472 ms - 16[0m
2023-04-28 00:55:39 info: [0mGET /services/nav [36m304[0m 10.307 ms - -[0m
2023-04-28 00:55:42 info: [0mGET /services/show/2 [36m304[0m 6.028 ms - -[0m
2023-04-28 00:55:46 info: [0mGET /services/show/10 [36m304[0m 3.979 ms - -[0m
2023-04-28 00:55:49 info: [0mOPTIONS /folders/get-medias [32m204[0m 0.221 ms - 0[0m
2023-04-28 00:55:49 info: [0mPOST /folders/get-medias [32m200[0m 7.924 ms - 595[0m
2023-04-28 00:55:49 info: [0mGET /folders [36m304[0m 9.872 ms - -[0m
2023-04-28 00:55:51 info: [0mOPTIONS /services/update/10 [32m204[0m 0.289 ms - 0[0m
2023-04-28 00:55:51 info: [0mPUT /services/update/10 [32m200[0m 12.821 ms - 16[0m
2023-04-28 00:55:51 info: [0mGET /services/nav [32m200[0m 6.560 ms - 946[0m
2023-04-28 00:56:01 info: [0mGET /services/show/10 [32m200[0m 169.516 ms - 520[0m
2023-04-28 00:56:01 info: [0mGET /services/nav [36m304[0m 299.074 ms - -[0m
2023-04-28 00:56:05 info: [0mGET /services/show/3 [36m304[0m 39.559 ms - -[0m
2023-04-28 00:56:06 info: [0mGET /services/show/10 [36m304[0m 8.824 ms - -[0m
2023-04-28 00:56:06 info: [0mGET /services/show/8 [36m304[0m 10.113 ms - -[0m
2023-04-28 00:56:07 info: [0mGET /services/show/5 [36m304[0m 6.204 ms - -[0m
2023-04-28 00:56:07 info: [0mGET /services/show/4 [36m304[0m 8.651 ms - -[0m
2023-04-28 00:56:07 info: [0mGET /services/show/5 [36m304[0m 9.959 ms - -[0m
2023-04-28 00:56:08 info: [0mGET /services/show/7 [36m304[0m 27.923 ms - -[0m
2023-04-28 00:56:08 info: [0mGET /services/show/8 [36m304[0m 4.239 ms - -[0m
2023-04-28 00:56:09 info: [0mGET /services/show/7 [36m304[0m 13.223 ms - -[0m
2023-04-28 00:56:10 info: [0mGET /services/show/8 [36m304[0m 21.278 ms - -[0m
2023-04-28 00:56:10 info: [0mOPTIONS /services/delete/8 [32m204[0m 0.369 ms - 0[0m
2023-04-28 00:56:10 info: [0mDELETE /services/delete/8 [32m200[0m 7.950 ms - 25[0m
2023-04-28 00:56:11 info: [0mGET /services/nav [32m200[0m 16.872 ms - 895[0m
2023-04-28 00:56:17 info: [0mOPTIONS /admins/profile [32m204[0m 1.119 ms - 0[0m
2023-04-28 00:56:17 info: [0mGET /services/nav [36m304[0m 131.481 ms - -[0m
2023-04-28 00:56:17 info: [0mGET /admins/profile [36m304[0m 196.167 ms - -[0m
2023-04-28 00:56:18 info: [0mGET /services/show/3 [36m304[0m 41.146 ms - -[0m
2023-04-28 00:56:19 info: [0mGET /services/show/10 [36m304[0m 14.426 ms - -[0m
2023-04-28 00:56:20 info: [0mGET /services/show/3 [36m304[0m 7.095 ms - -[0m
2023-04-28 00:56:24 info: [0mOPTIONS /services/create [32m204[0m 0.318 ms - 0[0m
2023-04-28 00:56:24 info: [0mPOST /services/create [32m200[0m 18.691 ms - 16[0m
2023-04-28 00:56:24 info: [0mGET /services/nav [36m304[0m 9.945 ms - -[0m
2023-04-28 00:56:56 info: [0mGET /services/show/2 [36m304[0m 49.196 ms - -[0m
2023-04-28 00:56:57 info: [0mGET /services/show/1 [36m304[0m 5.451 ms - -[0m
2023-04-28 00:56:57 info: [0mGET /services/show/2 [36m304[0m 8.660 ms - -[0m
2023-04-28 00:56:57 info: [0mGET /services/show/3 [36m304[0m 6.253 ms - -[0m
2023-04-28 00:56:57 info: [0mGET /services/show/1 [36m304[0m 5.862 ms - -[0m
2023-04-28 00:56:58 info: [0mGET /services/show/3 [36m304[0m 3.735 ms - -[0m
2023-04-28 00:56:58 info: [0mGET /services/show/2 [36m304[0m 39.821 ms - -[0m
2023-04-28 00:56:58 info: [0mGET /services/show/1 [36m304[0m 6.246 ms - -[0m
2023-04-28 00:56:59 info: [0mGET /services/show/3 [36m304[0m 4.754 ms - -[0m
2023-04-28 00:57:09 info: [0mOPTIONS /services/create [32m204[0m 0.374 ms - 0[0m
2023-04-28 00:57:51 info: =================================
2023-04-28 00:57:51 info: ======= ENV: development =======
2023-04-28 00:57:51 info: 🚀 App listening on the port 8000
2023-04-28 00:57:51 info: =================================
2023-04-28 00:58:08 info: =================================
2023-04-28 00:58:08 info: ======= ENV: development =======
2023-04-28 00:58:08 info: 🚀 App listening on the port 8000
2023-04-28 00:58:08 info: =================================
2023-04-28 00:58:44 info: =================================
2023-04-28 00:58:44 info: ======= ENV: development =======
2023-04-28 00:58:44 info: 🚀 App listening on the port 8000
2023-04-28 00:58:44 info: =================================
2023-04-28 00:58:57 info: =================================
2023-04-28 00:58:58 info: ======= ENV: development =======
2023-04-28 00:58:58 info: 🚀 App listening on the port 8000
2023-04-28 00:58:58 info: =================================
2023-04-28 00:58:59 info: [0mOPTIONS /admins/profile [32m204[0m 2.163 ms - 0[0m
2023-04-28 00:59:00 info: [0mGET /services/nav [36m304[0m 413.939 ms - -[0m
2023-04-28 00:59:00 info: [0mGET /admins/profile [36m304[0m 761.501 ms - -[0m
2023-04-28 00:59:03 info: [0mOPTIONS /services/create [32m204[0m 1.919 ms - 0[0m
2023-04-28 00:59:04 info: [0mPOST /services/create [32m200[0m 137.229 ms - 16[0m
2023-04-28 00:59:04 info: [0mGET /services/nav [32m200[0m 40.030 ms - 960[0m
2023-04-28 00:59:05 info: [0mGET /services/show/16 [32m200[0m 20.383 ms - 218[0m
2023-04-28 00:59:11 info: [0mOPTIONS /services/create [32m204[0m 0.280 ms - 0[0m
2023-04-28 00:59:11 info: [0mPOST /services/create [32m200[0m 18.372 ms - 16[0m
2023-04-28 00:59:11 info: [0mGET /services/nav [32m200[0m 11.652 ms - 1014[0m
2023-04-28 00:59:13 info: [0mGET /services/show/3 [36m304[0m 9.656 ms - -[0m
2023-04-28 00:59:13 info: [0mGET /services/show/2 [36m304[0m 10.147 ms - -[0m
2023-04-28 00:59:13 info: [0mGET /services/show/1 [36m304[0m 5.865 ms - -[0m
2023-04-28 00:59:13 info: [0mGET /services/show/2 [36m304[0m 5.805 ms - -[0m
2023-04-28 01:00:12 info: =================================
2023-04-28 01:00:12 info: ======= ENV: development =======
2023-04-28 01:00:12 info: 🚀 App listening on the port 8000
2023-04-28 01:00:12 info: =================================
2023-04-28 01:00:42 info: =================================
2023-04-28 01:00:42 info: ======= ENV: development =======
2023-04-28 01:00:42 info: 🚀 App listening on the port 8000
2023-04-28 01:00:42 info: =================================
2023-04-28 01:01:30 info: =================================
2023-04-28 01:01:30 info: ======= ENV: development =======
2023-04-28 01:01:30 info: 🚀 App listening on the port 8000
2023-04-28 01:01:30 info: =================================
2023-04-28 01:01:36 info: [0mOPTIONS /admins/logout [32m204[0m 2.333 ms - 0[0m
2023-04-28 01:01:36 info: [0mPOST /admins/logout [32m200[0m 142.471 ms - 33[0m
2023-04-28 01:01:43 info: [0mOPTIONS /admins/login [32m204[0m 1.672 ms - 0[0m
2023-04-28 01:01:43 info: [0mPOST /admins/login [32m200[0m 43.173 ms - 928[0m
2023-04-28 01:01:44 info: [0mOPTIONS /admins/profile [32m204[0m 0.243 ms - 0[0m
2023-04-28 01:01:44 info: [0mGET /admins/profile [36m304[0m 64.608 ms - -[0m
2023-04-28 01:01:48 info: [0mGET /admins/profile [36m304[0m 446.130 ms - -[0m
2023-04-28 01:01:48 info: [0mGET /contacts? [36m304[0m 536.653 ms - -[0m
2023-04-28 01:01:49 info: [0mGET /contacts?page=1&page_size=10 [36m304[0m 36.167 ms - -[0m
2023-04-28 01:01:51 info: [0mOPTIONS /admins/profile [32m204[0m 0.779 ms - 0[0m
2023-04-28 01:01:51 info: [0mGET /admins/profile [36m304[0m 178.481 ms - -[0m
2023-04-28 01:01:51 info: [0mGET /branchs? [36m304[0m 100.136 ms - -[0m
2023-04-28 01:01:51 info: [0mGET /branchs?page=1&page_size=10 [36m304[0m 44.430 ms - -[0m
2023-04-28 01:01:55 info: [0mGET /banners? [32m200[0m 263.612 ms - 308[0m
2023-04-28 01:01:55 info: [0mGET /admins/profile [36m304[0m 317.651 ms - -[0m
2023-04-28 01:01:55 info: [0mGET /banners?page=1&page_size=10 [36m304[0m 29.534 ms - -[0m
2023-04-28 01:03:08 info: =================================
2023-04-28 01:03:08 info: ======= ENV: development =======
2023-04-28 01:03:08 info: 🚀 App listening on the port 8000
2023-04-28 01:03:08 info: =================================
2023-04-28 01:03:23 info: [0mOPTIONS /admins/profile [32m204[0m 2.810 ms - 0[0m
2023-04-28 01:03:24 info: [0mGET /services/nav [36m304[0m 368.048 ms - -[0m
2023-04-28 01:03:24 info: [0mGET /admins/profile [36m304[0m 520.265 ms - -[0m
2023-04-28 01:03:25 info: [0mGET /banners? [36m304[0m 443.066 ms - -[0m
2023-04-28 01:03:25 info: [0mGET /admins/profile [36m304[0m 549.462 ms - -[0m
2023-04-28 01:03:25 info: [0mGET /banners?page=1&page_size=10 [36m304[0m 270.447 ms - -[0m
2023-04-28 01:03:27 info: [0mGET /admins/profile [36m304[0m 100.172 ms - -[0m
2023-04-28 01:03:29 info: [0mOPTIONS /banners/create [32m204[0m 0.661 ms - 0[0m
2023-04-28 01:03:30 info: [0mPOST /banners/create [32m200[0m 134.330 ms - 16[0m
2023-04-28 01:03:30 info: [0mOPTIONS /admins/profile [32m204[0m 0.395 ms - 0[0m
2023-04-28 01:03:30 info: [0mGET /banners?page=1&page_size=10 [32m200[0m 161.128 ms - 308[0m
2023-04-28 01:03:30 info: [0mGET /admins/profile [36m304[0m 122.941 ms - -[0m
2023-04-28 01:03:30 info: [0mGET /banners?page=1&page_size=10 [32m200[0m 13.918 ms - 308[0m
2023-04-28 01:03:54 info: =================================
2023-04-28 01:03:54 info: ======= ENV: development =======
2023-04-28 01:03:54 info: 🚀 App listening on the port 8000
2023-04-28 01:03:54 info: =================================
2023-04-28 01:03:57 info: [0mOPTIONS /admins/profile [32m204[0m 5.890 ms - 0[0m
2023-04-28 01:03:57 info: [0mGET /banners?page=1&page_size=10 [36m304[0m 115.424 ms - -[0m
2023-04-28 01:03:57 info: [0mGET /admins/profile [36m304[0m 331.360 ms - -[0m
2023-04-28 01:03:57 info: [0mGET /banners?page=1&page_size=10 [36m304[0m 16.184 ms - -[0m
2023-04-28 01:03:58 info: [0mGET /admins/profile [36m304[0m 101.105 ms - -[0m
2023-04-28 01:04:01 info: [0mOPTIONS /banners/create [32m204[0m 0.501 ms - 0[0m
2023-04-28 01:04:01 info: [0mPOST /banners/create [32m200[0m 58.404 ms - 16[0m
2023-04-28 01:04:01 info: [0mGET /admins/profile [36m304[0m 23.569 ms - -[0m
2023-04-28 01:04:01 info: [0mGET /banners?page=1&page_size=10 [32m200[0m 31.724 ms - 420[0m
2023-04-28 01:04:01 info: [0mGET /banners?page=1&page_size=10 [36m304[0m 18.565 ms - -[0m
2023-04-28 01:04:06 info: [0mOPTIONS /admins/profile [32m204[0m 0.419 ms - 0[0m
2023-04-28 01:04:06 info: [0mGET /banners/show/4 [32m200[0m 82.380 ms - 100[0m
2023-04-28 01:04:06 info: [0mGET /admins/profile [36m304[0m 99.125 ms - -[0m
2023-04-28 01:04:07 info: [0mOPTIONS /banners/update/4 [32m204[0m 0.176 ms - 0[0m
2023-04-28 01:04:07 info: [0mPUT /banners/update/4 [32m200[0m 18.741 ms - 16[0m
2023-04-28 01:04:07 info: [0mGET /banners/show/4 [32m200[0m 6.559 ms - 101[0m
2023-04-28 01:04:09 info: [0mGET /banners/show/4 [36m304[0m 55.133 ms - -[0m
2023-04-28 01:04:09 info: [0mGET /banners?page=1&page_size=10 [32m200[0m 118.081 ms - 421[0m
2023-04-28 01:04:09 info: [0mGET /admins/profile [36m304[0m 133.283 ms - -[0m
2023-04-28 01:04:09 info: [0mGET /banners?page=1&page_size=10 [36m304[0m 16.556 ms - -[0m
2023-04-28 01:04:17 info: [0mOPTIONS /admins/profile [32m204[0m 5.158 ms - 0[0m
2023-04-28 01:04:17 info: [0mGET /banners/show/4 [36m304[0m 33.844 ms - -[0m
2023-04-28 01:04:17 info: [0mGET /admins/profile [36m304[0m 62.492 ms - -[0m
2023-04-28 01:04:42 info: =================================
2023-04-28 01:04:42 info: ======= ENV: development =======
2023-04-28 01:04:42 info: 🚀 App listening on the port 8000
2023-04-28 01:04:42 info: =================================
2023-04-28 01:04:47 info: [0mOPTIONS /admins/profile [32m204[0m 7.149 ms - 0[0m
2023-04-28 01:04:47 info: [0mGET /banners/show/4 [36m304[0m 283.958 ms - -[0m
2023-04-28 01:04:47 info: [0mGET /admins/profile [36m304[0m 555.675 ms - -[0m
2023-04-28 01:04:50 info: [0mOPTIONS /banners/update/4 [32m204[0m 1.073 ms - 0[0m
2023-04-28 01:04:50 info: [0mPUT /banners/update/4 [31m500[0m 117.814 ms - 72[0m
2023-04-28 01:05:07 info: =================================
2023-04-28 01:05:07 info: ======= ENV: development =======
2023-04-28 01:05:07 info: 🚀 App listening on the port 8000
2023-04-28 01:05:07 info: =================================
2023-04-28 01:05:09 info: [0mOPTIONS /admins/profile [32m204[0m 4.240 ms - 0[0m
2023-04-28 01:05:10 info: [0mGET /banners?page=1&page_size=10 [36m304[0m 154.148 ms - -[0m
2023-04-28 01:05:10 info: [0mGET /admins/profile [36m304[0m 358.524 ms - -[0m
2023-04-28 01:05:10 info: [0mGET /banners?page=1&page_size=10 [36m304[0m 26.932 ms - -[0m
2023-04-28 01:05:12 info: [0mGET /banners/show/4 [36m304[0m 18.677 ms - -[0m
2023-04-28 01:05:12 info: [0mGET /admins/profile [36m304[0m 47.822 ms - -[0m
2023-04-28 01:05:14 info: [0mOPTIONS /banners/update/4 [32m204[0m 0.480 ms - 0[0m
2023-04-28 01:05:14 info: [0mPUT /banners/update/4 [32m200[0m 37.769 ms - 16[0m
2023-04-28 01:05:14 info: [0mGET /banners/show/4 [36m304[0m 6.751 ms - -[0m
2023-04-28 01:05:15 info: [0mOPTIONS /folders/get-medias [32m204[0m 0.287 ms - 0[0m
2023-04-28 01:05:15 info: [0mPOST /folders/get-medias [32m200[0m 12.264 ms - 595[0m
2023-04-28 01:05:15 info: [0mGET /folders [36m304[0m 40.242 ms - -[0m
2023-04-28 01:05:16 info: [0mOPTIONS /admins/profile [32m204[0m 0.506 ms - 0[0m
2023-04-28 01:05:16 info: [0mGET /banners/show/4 [32m200[0m 15.685 ms - 100[0m
2023-04-28 01:05:16 info: [0mGET /banners?page=1&page_size=10 [32m200[0m 24.985 ms - 423[0m
2023-04-28 01:05:16 info: [0mGET /admins/profile [36m304[0m 66.885 ms - -[0m
2023-04-28 01:05:16 info: [0mGET /banners?page=1&page_size=10 [36m304[0m 22.430 ms - -[0m
2023-04-28 01:05:19 info: [0mGET /banners/show/4 [32m200[0m 16.313 ms - 101[0m
2023-04-28 01:05:19 info: [0mGET /admins/profile [36m304[0m 43.890 ms - -[0m
2023-04-28 01:05:38 info: [0mGET /banners/show/4 [36m304[0m 298.403 ms - -[0m
2023-04-28 01:05:38 info: [0mGET /banners/show/4 [36m304[0m 27.981 ms - -[0m
2023-04-28 01:05:47 info: [0mGET /banners/show/4 [36m304[0m 210.315 ms - -[0m
2023-04-28 01:05:47 info: [0mGET /banners/show/4 [36m304[0m 7.865 ms - -[0m
2023-04-28 01:06:02 info: =================================
2023-04-28 01:06:02 info: ======= ENV: development =======
2023-04-28 01:06:02 info: 🚀 App listening on the port 8000
2023-04-28 01:06:02 info: =================================
2023-04-28 01:06:09 info: [0mOPTIONS /admins/profile [32m204[0m 2.233 ms - 0[0m
2023-04-28 01:06:09 info: [0mGET /banners/show/4 [36m304[0m 121.794 ms - -[0m
2023-04-28 01:06:09 info: [0mGET /admins/profile [36m304[0m 252.664 ms - -[0m
2023-04-28 01:06:43 info: [0mGET /banners/show/4 [36m304[0m 40.225 ms - -[0m
2023-04-28 01:06:43 info: [0mGET /banners/show/4 [36m304[0m 42.936 ms - -[0m
2023-04-28 01:06:55 info: [0mGET /banners/show/4 [36m304[0m 77.961 ms - -[0m
2023-04-28 01:06:55 info: [0mGET /banners/show/4 [36m304[0m 12.072 ms - -[0m
2023-04-28 01:07:14 info: [0mOPTIONS /admins/profile [32m204[0m 0.843 ms - 0[0m
2023-04-28 01:07:15 info: [0mGET /banners/show/4 [36m304[0m 149.950 ms - -[0m
2023-04-28 01:07:15 info: [0mGET /banners?page=1&page_size=10 [36m304[0m 121.572 ms - -[0m
2023-04-28 01:07:15 info: [0mGET /admins/profile [36m304[0m 172.275 ms - -[0m
2023-04-28 01:07:15 info: [0mGET /banners?page=1&page_size=10 [36m304[0m 28.895 ms - -[0m
2023-04-28 01:07:17 info: [0mGET /banners/show/4 [36m304[0m 69.719 ms - -[0m
2023-04-28 01:07:17 info: [0mGET /admins/profile [36m304[0m 125.326 ms - -[0m
2023-04-28 01:07:19 info: [0mGET /banners/show/4 [36m304[0m 25.198 ms - -[0m
2023-04-28 01:07:19 info: [0mGET /admins/profile [36m304[0m 124.918 ms - -[0m
2023-04-28 01:07:19 info: [0mGET /banners?page=1&page_size=10 [36m304[0m 123.835 ms - -[0m
2023-04-28 01:07:19 info: [0mGET /banners?page=1&page_size=10 [36m304[0m 10.479 ms - -[0m
2023-04-28 01:07:22 info: [0mOPTIONS /admins/profile [32m204[0m 21.122 ms - 0[0m
2023-04-28 01:07:22 info: [0mGET /admins/profile [36m304[0m 161.868 ms - -[0m
2023-04-28 01:07:22 info: [0mGET /projects? [32m200[0m 122.392 ms - 672[0m
2023-04-28 01:07:22 info: [0mGET /projects?page=1&page_size=10 [36m304[0m 120.034 ms - -[0m
2023-04-28 01:07:24 info: [0mGET /admins/profile [36m304[0m 29.249 ms - -[0m
2023-04-28 01:07:24 info: [0mGET /projects/show/3 [36m304[0m 37.214 ms - -[0m
2023-04-28 01:07:25 info: [0mGET /projects?[object%20Object] [36m304[0m 36.032 ms - -[0m
2023-04-28 01:07:25 info: [0mGET /branchs?[object%20Object] [36m304[0m 25.161 ms - -[0m
2023-04-28 01:07:25 info: [0mGET /services?[object%20Object] [32m200[0m 27.367 ms - 622[0m
2023-04-28 01:07:26 info: [0mOPTIONS /projects/update/3 [32m204[0m 0.314 ms - 0[0m
2023-04-28 01:07:26 info: [0mPUT /projects/update/3 [32m200[0m 232.043 ms - 2[0m
2023-04-28 01:07:26 info: [0mGET /banners/show/4 [36m304[0m 29.461 ms - -[0m
2023-04-28 01:07:26 info: [0mGET /banners/show/4 [36m304[0m 17.959 ms - -[0m
2023-04-28 01:07:26 info: [0mGET /banners/show/4 [36m304[0m 12.330 ms - -[0m
2023-04-28 01:07:26 info: [0mGET /projects/show/3 [32m200[0m 75.802 ms - 413[0m
2023-04-28 01:07:26 info: [0mGET /banners/show/4 [36m304[0m 10.338 ms - -[0m
2023-04-28 01:07:27 info: [0mGET /branchs?[object%20Object] [36m304[0m 13.595 ms - -[0m
2023-04-28 01:07:27 info: [0mGET /projects?[object%20Object] [32m200[0m 29.988 ms - 674[0m
2023-04-28 01:07:27 info: [0mGET /services?[object%20Object] [36m304[0m 26.461 ms - -[0m
2023-04-28 01:07:31 info: [0mOPTIONS /admins/profile [32m204[0m 3.339 ms - 0[0m
2023-04-28 01:07:31 info: [0mGET /admins/profile [36m304[0m 178.754 ms - -[0m
2023-04-28 01:07:31 info: [0mGET /branchs?[object%20Object] [36m304[0m 136.663 ms - -[0m
2023-04-28 01:07:31 info: [0mGET /services?[object%20Object] [36m304[0m 121.583 ms - -[0m
2023-04-28 01:07:31 info: [0mGET /projects?[object%20Object] [36m304[0m 184.780 ms - -[0m
2023-04-28 01:07:31 info: [0mGET /projects/show/3 [36m304[0m 56.220 ms - -[0m
2023-04-28 01:07:32 info: [0mGET /projects?[object%20Object] [36m304[0m 18.047 ms - -[0m
2023-04-28 01:07:32 info: [0mGET /branchs?[object%20Object] [36m304[0m 20.832 ms - -[0m
2023-04-28 01:07:32 info: [0mGET /services?[object%20Object] [36m304[0m 21.521 ms - -[0m
2023-04-28 01:07:36 info: [0mGET /services?[object%20Object] [36m304[0m 14.025 ms - -[0m
2023-04-28 01:07:36 info: [0mGET /branchs?[object%20Object] [36m304[0m 56.091 ms - -[0m
2023-04-28 01:07:36 info: [0mGET /projects?[object%20Object] [36m304[0m 92.879 ms - -[0m
2023-04-28 01:07:36 info: [0mGET /admins/profile [36m304[0m 209.216 ms - -[0m
2023-04-28 01:07:36 info: [0mGET /projects/show/3 [36m304[0m 97.895 ms - -[0m
2023-04-28 01:07:36 info: [0mGET /projects?[object%20Object] [36m304[0m 18.136 ms - -[0m
2023-04-28 01:07:36 info: [0mGET /branchs?[object%20Object] [36m304[0m 11.971 ms - -[0m
2023-04-28 01:07:37 info: [0mGET /services?[object%20Object] [36m304[0m 15.522 ms - -[0m
2023-04-28 01:07:38 info: [0mOPTIONS /admins/profile [32m204[0m 0.336 ms - 0[0m
2023-04-28 01:07:38 info: [0mGET /projects/show/3 [36m304[0m 162.053 ms - -[0m
2023-04-28 01:07:38 info: [0mGET /projects?page=1&page_size=10 [32m200[0m 147.070 ms - 674[0m
2023-04-28 01:07:38 info: [0mGET /admins/profile [36m304[0m 168.253 ms - -[0m
2023-04-28 01:07:38 info: [0mGET /projects?page=1&page_size=10 [32m200[0m 7.654 ms - 674[0m
2023-04-28 01:08:07 info: =================================
2023-04-28 01:08:07 info: ======= ENV: development =======
2023-04-28 01:08:07 info: 🚀 App listening on the port 8000
2023-04-28 01:08:07 info: =================================
2023-04-28 01:08:26 info: =================================
2023-04-28 01:08:26 info: ======= ENV: development =======
2023-04-28 01:08:26 info: 🚀 App listening on the port 8000
2023-04-28 01:08:26 info: =================================
2023-04-28 01:08:31 info: [0mOPTIONS /admins/profile [32m204[0m 13.724 ms - 0[0m
2023-04-28 01:08:31 info: [0mGET /banners?page=1&page_size=10 [36m304[0m 174.473 ms - -[0m
2023-04-28 01:08:31 info: [0mGET /admins/profile [36m304[0m 382.125 ms - -[0m
2023-04-28 01:08:31 info: [0mGET /banners?page=1&page_size=10 [36m304[0m 27.008 ms - -[0m
2023-04-28 01:08:33 info: [0mGET /banners/show/4 [32m200[0m 22.929 ms - 138[0m
2023-04-28 01:08:33 info: [0mGET /admins/profile [36m304[0m 51.302 ms - -[0m
2023-04-28 01:08:56 info: [0mOPTIONS /folders/get-medias [32m204[0m 0.664 ms - 0[0m
2023-04-28 01:08:56 info: [0mPOST /folders/get-medias [32m200[0m 57.001 ms - 595[0m
2023-04-28 01:08:57 info: [0mGET /folders [36m304[0m 30.831 ms - -[0m
2023-04-28 01:08:58 info: [0mOPTIONS /banners/update/4 [32m204[0m 0.332 ms - 0[0m
2023-04-28 01:08:58 info: [0mPUT /banners/update/4 [32m200[0m 23.877 ms - 16[0m
2023-04-28 01:08:58 info: [0mGET /banners/show/4 [32m200[0m 21.109 ms - 401[0m
2023-04-28 01:09:04 info: [0mOPTIONS /admins/profile [32m204[0m 1.209 ms - 0[0m
2023-04-28 01:09:04 info: [0mGET /admins/profile [36m304[0m 67.131 ms - -[0m
2023-04-28 01:09:05 info: [0mGET /banners/show/4 [36m304[0m 29.080 ms - -[0m
2023-04-28 01:10:06 info: =================================
2023-04-28 01:10:06 info: ======= ENV: development =======
2023-04-28 01:10:06 info: 🚀 App listening on the port 8000
2023-04-28 01:10:06 info: =================================
2023-04-28 01:10:06 info: [0mOPTIONS /banners/update/4 [32m204[0m 2.108 ms - 0[0m
2023-04-28 01:10:07 info: [0mPUT /banners/update/4 [32m200[0m 115.227 ms - 16[0m
2023-04-28 01:10:07 info: [0mGET /banners/show/4 [32m200[0m 46.924 ms - 185[0m
2023-04-28 01:10:09 info: [0mOPTIONS /admins/profile [32m204[0m 0.365 ms - 0[0m
2023-04-28 01:10:10 info: [0mGET /admins/profile [36m304[0m 60.856 ms - -[0m
2023-04-28 01:10:10 info: [0mGET /banners/show/4 [36m304[0m 10.466 ms - -[0m
2023-04-28 01:10:15 info: [0mGET /services/nav [36m304[0m 36.516 ms - -[0m
2023-04-28 01:10:15 info: [0mGET /posts/getListFeatured [36m304[0m 107.726 ms - -[0m
2023-04-28 01:10:15 info: [0mGET /services/nav [36m304[0m 110.073 ms - -[0m
2023-04-28 01:10:17 info: [0mGET /services/nav [36m304[0m 19.701 ms - -[0m
2023-04-28 01:10:17 info: [0mGET /posts/getListFeatured [36m304[0m 62.948 ms - -[0m
