2023-05-23 22:36:54 info: =================================
2023-05-23 22:36:54 info: ======= ENV: development =======
2023-05-23 22:36:54 info: 🚀 App listening on the port 8000
2023-05-23 22:36:54 info: =================================
2023-05-23 22:37:42 info: [0mGET /services/nav [32m200[0m 844.136 ms - 26[0m
2023-05-23 22:37:42 info: [0mGET /banners/getListBanner [32m200[0m 765.105 ms - 26[0m
2023-05-23 22:37:42 info: [0mGET /services/nav [36m304[0m 26.747 ms - -[0m
2023-05-23 22:37:42 info: [0mGET /posts/getListFeatured [32m200[0m 810.586 ms - 26[0m
2023-05-23 22:39:02 info: [0mGET /banners/getListBanner [32m200[0m 104.614 ms - -[0m
2023-05-23 22:39:02 info: [0mGET /services/nav [32m200[0m 156.396 ms - -[0m
2023-05-23 22:39:02 info: [0mGET /posts/getListFeatured [32m200[0m 142.475 ms - -[0m
2023-05-23 22:39:02 info: [0mGET /services/nav [36m304[0m 220.566 ms - -[0m
2023-05-23 22:39:03 info: [0mGET /uploads/files-1684855816243.png [33m404[0m 5.129 ms - 170[0m
2023-05-23 22:39:04 info: [0mGET /uploads/files-1684855815034.jpg [33m404[0m 1.582 ms - 170[0m
2023-05-23 22:39:32 info: [0mGET /uploads/files-1684855816243.png [33m404[0m 1.524 ms - 170[0m
2023-05-23 22:40:25 info: [0mGET /services/show/7 [32m200[0m 108.025 ms - -[0m
2023-05-23 22:40:35 info: [0mGET /banners/getListBanner [36m304[0m 67.648 ms - -[0m
2023-05-23 22:40:35 info: [0mGET /services/nav [36m304[0m 58.872 ms - -[0m
2023-05-23 22:40:35 info: [0mGET /posts/getListFeatured [36m304[0m 88.130 ms - -[0m
2023-05-23 22:41:14 info: [0mGET /uploads/files-1684855815034.jpg [33m404[0m 2.028 ms - 170[0m
2023-05-23 22:41:17 info: [0mGET /uploads/files-1684855816243.png [33m404[0m 0.804 ms - 170[0m
2023-05-23 22:41:23 info: [0mGET /uploads/files-1684855815034.jpg [33m404[0m 0.789 ms - 170[0m
2023-05-23 22:41:26 info: [0mGET /uploads/files-1684855816243.png [33m404[0m 2.885 ms - 170[0m
2023-05-23 22:41:32 info: [0mGET /uploads/files-1684855815034.jpg [33m404[0m 36.260 ms - 170[0m
2023-05-23 22:41:36 info: [0mGET /services/nav [36m304[0m 144.937 ms - -[0m
2023-05-23 22:41:56 info: [0mGET /services/nav [36m304[0m 93.977 ms - -[0m
2023-05-23 22:41:58 info: [0mGET /services/nav [36m304[0m 53.676 ms - -[0m
2023-05-23 22:42:22 info: [0mGET /services/nav [36m304[0m 49.572 ms - -[0m
2023-05-23 22:42:38 info: [0mGET /services/nav [36m304[0m 56.377 ms - -[0m
2023-05-23 22:42:44 info: [0mGET /services/nav [36m304[0m 85.202 ms - -[0m
2023-05-23 22:42:54 info: [0mGET /services/nav [36m304[0m 137.235 ms - -[0m
2023-05-23 22:42:56 info: [0mGET /uploads/files-1684855816243.png [33m404[0m 6.497 ms - 170[0m
2023-05-23 22:43:14 info: [0mGET /services/nav [36m304[0m 153.327 ms - -[0m
2023-05-23 22:43:20 info: [0mGET /uploads/files-1684855815034.jpg [33m404[0m 2.224 ms - 170[0m
2023-05-23 22:43:59 info: [0mGET /branchs/getListBranch [32m200[0m 131.822 ms - 297[0m
2023-05-23 22:43:59 info: [0mGET /services/getListService [32m200[0m 123.685 ms - 902[0m
2023-05-23 22:43:59 info: [0mGET /projects/getProjectsClient [32m200[0m 122.674 ms - 395[0m
2023-05-23 22:44:00 info: [0mGET /jobs/getListFeatured [32m200[0m 50.337 ms - -[0m
2023-05-23 22:44:02 info: [0mGET /banners/getListBanner [36m304[0m 20.806 ms - -[0m
2023-05-23 22:44:02 info: [0mGET /posts/getListFeatured [36m304[0m 37.866 ms - -[0m
2023-05-23 22:44:02 info: [0mGET /services/nav [36m304[0m 37.838 ms - -[0m
2023-05-23 22:44:17 info: [0mGET /ceos/getlistCeo [32m200[0m 66.998 ms - 353[0m
2023-05-23 22:44:18 info: [0mGET /banners/getListBanner [36m304[0m 13.833 ms - -[0m
2023-05-23 22:44:18 info: [0mGET /posts/getListFeatured [36m304[0m 17.221 ms - -[0m
2023-05-23 22:44:18 info: [0mGET /services/nav [36m304[0m 23.960 ms - -[0m
2023-05-23 22:44:20 info: [0mGET /categories/getListCategories [32m200[0m 16.685 ms - 179[0m
2023-05-23 22:44:20 info: [0mGET /posts/getPageAll [32m200[0m 74.054 ms - -[0m
2023-05-23 22:44:20 info: [0mGET /jobs/getListFeatured [36m304[0m 38.843 ms - -[0m
2023-05-23 22:44:22 info: [0mGET /branchs/getListBranch [36m304[0m 19.380 ms - -[0m
2023-05-23 22:44:22 info: [0mGET /projects/getProjectsClient [36m304[0m 12.371 ms - -[0m
2023-05-23 22:44:22 info: [0mGET /services/getListService [36m304[0m 21.738 ms - -[0m
2023-05-23 22:44:22 info: [0mGET /ceos/getlistCeo [36m304[0m 16.740 ms - -[0m
2023-05-23 22:44:25 info: [0mGET /branchs/getListBranch [36m304[0m 11.637 ms - -[0m
2023-05-23 22:44:25 info: [0mGET /projects/getProjectsClient [36m304[0m 17.128 ms - -[0m
2023-05-23 22:44:26 info: [0mGET /services/getListService [36m304[0m 30.200 ms - -[0m
2023-05-23 22:44:27 info: [0mGET /categories/getListCategories [36m304[0m 5.648 ms - -[0m
2023-05-23 22:44:27 info: [0mGET /posts/getPageAll [36m304[0m 42.221 ms - -[0m
2023-05-23 22:44:28 info: [0mGET /jobs/getListFeatured [36m304[0m 12.967 ms - -[0m
2023-05-23 22:45:02 info: [0mGET /banners/getListBanner [36m304[0m 51.228 ms - -[0m
2023-05-23 22:45:02 info: [0mGET /posts/getListFeatured [36m304[0m 43.277 ms - -[0m
2023-05-23 22:45:02 info: [0mGET /services/nav [36m304[0m 69.823 ms - -[0m
2023-05-23 22:45:05 info: [0mGET /uploads/files-1684855815034.jpg [33m404[0m 1.030 ms - 170[0m
2023-05-23 22:45:08 info: [0mGET /uploads/files-1684855816243.png [33m404[0m 1.739 ms - 170[0m
2023-05-23 22:46:24 info: [0mGET /services/show/4 [32m200[0m 157.566 ms - -[0m
2023-05-23 22:47:10 info: [0mGET /services/show/4 [36m304[0m 65.250 ms - -[0m
2023-05-23 22:47:15 info: [0mGET /services/show/4 [36m304[0m 14.426 ms - -[0m
2023-05-23 22:47:21 info: [0mGET /banners/getListBanner [36m304[0m 35.332 ms - -[0m
2023-05-23 22:47:21 info: [0mGET /posts/getListFeatured [36m304[0m 31.127 ms - -[0m
2023-05-23 22:47:21 info: [0mGET /services/nav [36m304[0m 40.466 ms - -[0m
2023-05-23 22:47:23 info: [0mGET /ceos/getlistCeo [36m304[0m 21.643 ms - -[0m
2023-05-23 22:47:29 info: [0mGET /services/show/4 [36m304[0m 38.643 ms - -[0m
2023-05-23 22:47:30 info: [0mGET /services/show/5 [32m200[0m 24.751 ms - -[0m
2023-05-23 22:47:38 info: [0mGET /services/show/11 [32m200[0m 17.793 ms - -[0m
2023-05-23 22:47:40 info: [0mGET /services/show/15 [32m200[0m 12.985 ms - -[0m
2023-05-23 22:47:43 info: [0mGET /services/show/14 [32m200[0m 40.192 ms - -[0m
2023-05-23 22:47:58 info: [0mGET /services/nav [36m304[0m 85.587 ms - -[0m
2023-05-23 22:47:58 info: [0mGET /services/show/14 [36m304[0m 15.893 ms - -[0m
2023-05-23 22:48:14 info: [0mGET /services/nav [36m304[0m 109.351 ms - -[0m
2023-05-23 22:48:14 info: [0mGET /services/show/14 [36m304[0m 84.511 ms - -[0m
2023-05-23 22:48:26 info: [0mGET /services/show/15 [36m304[0m 40.299 ms - -[0m
2023-05-23 22:57:40 info: [0mGET /services/getListService [36m304[0m 470.180 ms - -[0m
2023-05-23 22:57:40 info: [0mGET /projects/getProjectsClient [36m304[0m 471.129 ms - -[0m
2023-05-23 22:57:40 info: [0mGET /branchs/getListBranch [36m304[0m 591.984 ms - -[0m
2023-05-23 22:57:44 info: [0mGET /jobs/getListFeatured [36m304[0m 59.847 ms - -[0m
2023-05-23 22:57:44 info: [0mGET /categories/getListCategories [36m304[0m 73.737 ms - -[0m
2023-05-23 22:57:44 info: [0mGET /posts/getPageAll [36m304[0m 132.635 ms - -[0m
2023-05-23 22:57:49 info: [0mGET /posts/findByIdClient/1 [32m200[0m 103.718 ms - -[0m
2023-05-23 22:58:05 info: [0mGET /banners/getListBanner [36m304[0m 134.787 ms - -[0m
2023-05-23 22:58:05 info: [0mGET /services/nav [36m304[0m 116.997 ms - -[0m
2023-05-23 22:58:05 info: [0mGET /posts/getListFeatured [36m304[0m 127.076 ms - -[0m
2023-05-23 22:58:08 info: [0mGET /uploads/files-1684855815034.jpg [33m404[0m 1.511 ms - 170[0m
2023-05-23 22:58:10 info: [0mGET /services/show/15 [36m304[0m 61.879 ms - -[0m
2023-05-23 23:02:24 info: [0mGET /services/show/15 [36m304[0m 109.108 ms - -[0m
2023-05-23 23:02:46 info: [0mGET /services/show/4 [36m304[0m 82.289 ms - -[0m
2023-05-23 23:03:27 info: [0mGET /services/show/4 [36m304[0m 87.412 ms - -[0m
2023-05-23 23:03:27 info: [0mGET /services/nav [36m304[0m 82.554 ms - -[0m
2023-05-23 23:03:30 info: [0mGET /services/show/4 [36m304[0m 53.112 ms - -[0m
2023-05-23 23:03:30 info: [0mGET /services/nav [36m304[0m 81.488 ms - -[0m
2023-05-23 23:03:39 info: [0mGET /services/nav [36m304[0m 27.432 ms - -[0m
2023-05-23 23:03:39 info: [0mGET /services/show/4 [36m304[0m 35.020 ms - -[0m
2023-05-23 23:03:49 info: [0mGET /services/nav [36m304[0m 28.354 ms - -[0m
2023-05-23 23:03:49 info: [0mGET /services/show/4 [36m304[0m 32.494 ms - -[0m
2023-05-23 23:03:54 info: [0mGET /services/nav [36m304[0m 58.624 ms - -[0m
2023-05-23 23:03:58 info: [0mGET /services/nav [36m304[0m 106.725 ms - -[0m
2023-05-23 23:03:59 info: [0mGET /services/show/4 [36m304[0m 9.631 ms - -[0m
2023-05-23 23:04:40 info: [0mGET /services/show/14 [36m304[0m 42.408 ms - -[0m
2023-05-23 23:04:55 info: [0mGET /jobs/getListFeatured [36m304[0m 81.057 ms - -[0m
2023-05-23 23:06:38 info: [0mGET /categories/getListCategories [36m304[0m 12.749 ms - -[0m
2023-05-23 23:06:38 info: [0mGET /posts/getPageAll [36m304[0m 90.672 ms - -[0m
2023-05-23 23:06:39 info: [0mGET /jobs/getListFeatured [36m304[0m 8.931 ms - -[0m
2023-05-23 23:06:43 info: [0mGET /ceos/getlistCeo [36m304[0m 130.304 ms - -[0m
2023-05-23 23:06:44 info: [0mGET /jobs/getListFeatured [36m304[0m 25.249 ms - -[0m
2023-05-23 23:06:51 info: [0mGET /jobs/find/1 [32m200[0m 73.839 ms - -[0m
2023-05-23 23:07:12 info: [0mOPTIONS /contacts/create [32m204[0m 0.637 ms - 0[0m
2023-05-23 23:07:13 info: [0mPOST /contacts/create [32m200[0m 114.637 ms - 208[0m
2023-05-23 23:08:34 info: [0mGET /jobs/find/1 [36m304[0m 14.934 ms - -[0m
2023-05-23 23:12:47 info: [0mGET /services/nav [36m304[0m 299.649 ms - -[0m
2023-05-23 23:12:47 info: [0mGET /jobs/find/1 [36m304[0m 128.320 ms - -[0m
2023-05-23 23:14:31 info: [0mGET /services/nav [36m304[0m 114.663 ms - -[0m
2023-05-23 23:14:32 info: [0mGET /jobs/find/1 [36m304[0m 22.761 ms - -[0m
2023-05-23 23:15:52 info: [0mGET /ceos/getlistCeo [36m304[0m 69.511 ms - -[0m
2023-05-23 23:15:56 info: [0mGET /services/show/7 [36m304[0m 43.438 ms - -[0m
2023-05-23 23:16:00 info: [0mGET /services/getListService [36m304[0m 56.193 ms - -[0m
2023-05-23 23:16:00 info: [0mGET /branchs/getListBranch [36m304[0m 68.330 ms - -[0m
2023-05-23 23:16:00 info: [0mGET /projects/getProjectsClient [36m304[0m 49.787 ms - -[0m
2023-05-23 23:16:02 info: [0mGET /projects/findByIdClient/1 [32m200[0m 204.645 ms - 678[0m
2023-05-23 23:16:10 info: [0mGET /services/nav [36m304[0m 40.499 ms - -[0m
2023-05-23 23:16:11 info: [0mGET /projects/findByIdClient/1 [36m304[0m 16.147 ms - -[0m
2023-05-23 23:16:19 info: [0mGET /services/show/11 [36m304[0m 18.416 ms - -[0m
2023-05-23 23:16:20 info: [0mGET /ceos/getlistCeo [36m304[0m 60.941 ms - -[0m
2023-05-23 23:16:23 info: [0mGET /services/show/4 [36m304[0m 11.033 ms - -[0m
2023-05-23 23:16:25 info: [0mGET /branchs/getListBranch [36m304[0m 40.985 ms - -[0m
2023-05-23 23:16:25 info: [0mGET /projects/getProjectsClient [36m304[0m 52.751 ms - -[0m
2023-05-23 23:16:25 info: [0mGET /services/getListService [36m304[0m 54.436 ms - -[0m
2023-05-23 23:16:26 info: [0mGET /projects/findByIdClient/2 [32m200[0m 61.891 ms - 598[0m
2023-05-23 23:16:27 info: [0mGET /branchs/getListBranch [36m304[0m 5.583 ms - -[0m
2023-05-23 23:16:27 info: [0mGET /projects/getProjectsClient [36m304[0m 10.318 ms - -[0m
2023-05-23 23:16:27 info: [0mGET /services/getListService [36m304[0m 19.929 ms - -[0m
2023-05-23 23:16:28 info: [0mGET /projects/findByIdClient/1 [36m304[0m 12.070 ms - -[0m
2023-05-23 23:22:51 info: [0mGET /jobs/getListFeatured [36m304[0m 88.248 ms - -[0m
2023-05-23 23:24:48 info: [0mGET /jobs/getListFeatured [36m304[0m 39.878 ms - -[0m
2023-05-23 23:25:47 info: [0mGET /jobs/getListFeatured [36m304[0m 62.851 ms - -[0m
2023-05-23 23:25:47 info: [0mGET /services/nav [36m304[0m 156.648 ms - -[0m
2023-05-23 23:26:01 info: [0mGET /jobs/find/1 [36m304[0m 35.179 ms - -[0m
2023-05-23 23:26:04 info: [0mGET /jobs/getListFeatured [36m304[0m 6.649 ms - -[0m
2023-05-23 23:26:05 info: [0mGET /jobs/find/1 [36m304[0m 11.378 ms - -[0m
2023-05-23 23:27:16 info: [0mGET /services/nav [36m304[0m 19.405 ms - -[0m
2023-05-23 23:27:16 info: [0mGET /jobs/find/1 [36m304[0m 32.245 ms - -[0m
2023-05-23 23:27:23 info: [0mGET /banners/getListBanner [36m304[0m 150.356 ms - -[0m
2023-05-23 23:27:23 info: [0mGET /posts/getListFeatured [36m304[0m 179.653 ms - -[0m
2023-05-23 23:27:23 info: [0mGET /services/nav [36m304[0m 248.492 ms - -[0m
2023-05-23 23:27:26 info: [0mGET /uploads/files-1684855815034.jpg [33m404[0m 3.329 ms - 170[0m
2023-05-23 23:27:29 info: [0mGET /uploads/files-1684855816243.png [33m404[0m 1.315 ms - 170[0m
2023-05-23 23:27:48 info: [0mGET /jobs/getListFeatured [36m304[0m 93.340 ms - -[0m
2023-05-23 23:28:28 info: [0mGET /banners/getListBanner [36m304[0m 77.058 ms - -[0m
2023-05-23 23:28:28 info: [0mGET /services/nav [36m304[0m 23.325 ms - -[0m
2023-05-23 23:28:28 info: [0mGET /posts/getListFeatured [36m304[0m 87.483 ms - -[0m
2023-05-23 23:28:28 info: [0mGET /jobs/getListFeatured [36m304[0m 19.841 ms - -[0m
2023-05-23 23:29:05 info: =================================
2023-05-23 23:29:05 info: ======= ENV: development =======
2023-05-23 23:29:05 info: 🚀 App listening on the port 8000
2023-05-23 23:29:05 info: =================================
