2023-06-21 12:52:24 info: =================================
2023-06-21 12:52:24 info: ======= ENV: development =======
2023-06-21 12:52:24 info: 🚀 App listening on the port 8000
2023-06-21 12:52:24 info: =================================
2023-06-21 12:54:41 info: [0mGET /banners/getListBanner [36m304[0m 842.916 ms - -[0m
2023-06-21 12:54:41 info: [0mGET /services/nav [36m304[0m 947.322 ms - -[0m
2023-06-21 12:54:41 info: [0mGET /posts/getListFeatured [32m200[0m 925.781 ms - -[0m
2023-06-21 12:54:41 info: [0mGET /services/nav [36m304[0m 105.096 ms - -[0m
2023-06-21 12:54:50 info: [0mGET /services/show/4 [32m200[0m 147.953 ms - -[0m
2023-06-21 12:54:59 info: [0mGET /categories/getListCategories [36m304[0m 14.546 ms - -[0m
2023-06-21 12:54:59 info: [0mGET /posts/getPageAll [32m200[0m 514.093 ms - -[0m
2023-06-21 12:55:03 info: [0mGET /posts/findByIdClient/10 [32m200[0m 207.839 ms - -[0m
2023-06-21 12:55:10 info: [0mGET /banners/getListBanner [36m304[0m 21.412 ms - -[0m
2023-06-21 12:55:10 info: [0mGET /posts/getListFeatured [36m304[0m 30.144 ms - -[0m
2023-06-21 12:55:10 info: [0mGET /services/nav [36m304[0m 42.963 ms - -[0m
2023-06-21 12:55:17 info: [0mOPTIONS /admins/login [32m204[0m 1.323 ms - 0[0m
2023-06-21 12:55:17 info: [0mPOST /admins/login [32m200[0m 105.133 ms - -[0m
2023-06-21 12:55:19 info: [0mOPTIONS /admins/profile [32m204[0m 1.214 ms - 0[0m
2023-06-21 12:55:19 info: [0mGET /admins/profile [36m304[0m 162.321 ms - -[0m
2023-06-21 12:55:19 info: [0mGET /banners? [32m200[0m 175.086 ms - -[0m
2023-06-21 12:55:20 info: [0mGET /banners?page=1&page_size=10 [32m200[0m 59.550 ms - -[0m
2023-06-21 12:55:26 info: [0mOPTIONS /admins/profile [32m204[0m 0.873 ms - 0[0m
2023-06-21 12:55:26 info: [0mGET /admins/profile [36m304[0m 230.251 ms - -[0m
2023-06-21 12:55:27 info: [0mGET /posts?page=1&page_size=10 [32m200[0m 503.686 ms - -[0m
2023-06-21 12:55:27 info: [0mGET /posts? [32m200[0m 796.269 ms - -[0m
2023-06-21 12:55:31 info: [0mGET /admins/profile [36m304[0m 124.244 ms - -[0m
2023-06-21 12:55:31 info: [0mGET /posts/show/11 [32m200[0m 177.308 ms - -[0m
2023-06-21 12:55:32 info: [0mGET /ceos?[object%20Object] [36m304[0m 250.893 ms - -[0m
2023-06-21 12:55:32 info: [0mGET /categories?[object%20Object] [32m200[0m 282.957 ms - 592[0m
2023-06-21 12:55:32 info: [0mGET /posts?[object%20Object] [32m200[0m 258.455 ms - -[0m
2023-06-21 12:57:07 info: [0mOPTIONS /admins/profile [32m204[0m 4.273 ms - 0[0m
2023-06-21 12:57:07 info: [0mGET /ceos?[object%20Object] [36m304[0m 211.573 ms - -[0m
2023-06-21 12:57:07 info: [0mGET /categories?[object%20Object] [36m304[0m 249.093 ms - -[0m
2023-06-21 12:57:07 info: [0mGET /admins/profile [36m304[0m 416.658 ms - -[0m
2023-06-21 12:57:07 info: [0mGET /posts/show/11 [36m304[0m 163.645 ms - -[0m
2023-06-21 12:57:08 info: [0mGET /posts?[object%20Object] [36m304[0m 1136.155 ms - -[0m
2023-06-21 12:57:09 info: [0mGET /categories?[object%20Object] [36m304[0m 93.131 ms - -[0m
2023-06-21 12:57:09 info: [0mGET /ceos?[object%20Object] [36m304[0m 153.778 ms - -[0m
2023-06-21 12:57:09 info: [0mGET /posts?[object%20Object] [36m304[0m 399.484 ms - -[0m
2023-06-21 12:57:26 info: [0mOPTIONS /admins/profile [32m204[0m 0.590 ms - 0[0m
2023-06-21 12:57:26 info: [0mGET /categories?[object%20Object] [36m304[0m 109.997 ms - -[0m
2023-06-21 12:57:26 info: [0mGET /ceos?[object%20Object] [36m304[0m 99.357 ms - -[0m
2023-06-21 12:57:26 info: [0mGET /admins/profile [36m304[0m 175.419 ms - -[0m
2023-06-21 12:57:26 info: [0mGET /posts?[object%20Object] [36m304[0m 365.353 ms - -[0m
2023-06-21 12:57:26 info: [0mGET /posts/show/11 [36m304[0m 82.086 ms - -[0m
2023-06-21 12:57:27 info: [0mGET /categories?[object%20Object] [36m304[0m 99.470 ms - -[0m
2023-06-21 12:57:27 info: [0mGET /ceos?[object%20Object] [36m304[0m 195.064 ms - -[0m
2023-06-21 12:57:27 info: [0mGET /posts?[object%20Object] [36m304[0m 333.495 ms - -[0m
2023-06-21 13:00:42 info: [0mGET /posts/show/11 [36m304[0m 121.866 ms - -[0m
2023-06-21 13:00:42 info: [0mGET /posts/show/11 [36m304[0m 29.822 ms - -[0m
2023-06-21 13:00:45 info: [0mGET /categories?[object%20Object] [36m304[0m 61.528 ms - -[0m
2023-06-21 13:00:45 info: [0mGET /ceos?[object%20Object] [36m304[0m 53.212 ms - -[0m
2023-06-21 13:00:46 info: [0mGET /posts?[object%20Object] [36m304[0m 410.769 ms - -[0m
2023-06-21 13:01:01 info: [0mGET /posts/show/11 [36m304[0m 109.961 ms - -[0m
2023-06-21 13:01:01 info: [0mGET /posts/show/11 [36m304[0m 85.614 ms - -[0m
2023-06-21 13:01:03 info: [0mGET /categories?[object%20Object] [36m304[0m 73.010 ms - -[0m
2023-06-21 13:01:03 info: [0mGET /ceos?[object%20Object] [36m304[0m 99.214 ms - -[0m
2023-06-21 13:01:03 info: [0mGET /posts?[object%20Object] [36m304[0m 474.945 ms - -[0m
2023-06-21 13:02:43 info: [0mGET /posts/show/11 [36m304[0m 118.474 ms - -[0m
2023-06-21 13:03:05 info: [0mOPTIONS /admins/profile [32m204[0m 0.764 ms - 0[0m
2023-06-21 13:03:05 info: [0mGET /admins/profile [36m304[0m 252.418 ms - -[0m
2023-06-21 13:03:05 info: [0mGET /posts/show/11 [36m304[0m 208.197 ms - -[0m
2023-06-21 13:03:07 info: [0mGET /categories?[object%20Object] [36m304[0m 94.753 ms - -[0m
2023-06-21 13:03:07 info: [0mGET /ceos?[object%20Object] [36m304[0m 240.946 ms - -[0m
2023-06-21 13:03:07 info: [0mGET /posts?[object%20Object] [36m304[0m 681.170 ms - -[0m
2023-06-21 13:07:09 info: [0mOPTIONS /admins/profile [32m204[0m 1.303 ms - 0[0m
2023-06-21 13:07:10 info: [0mGET /categories?[object%20Object] [36m304[0m 797.972 ms - -[0m
2023-06-21 13:07:10 info: [0mGET /ceos?[object%20Object] [36m304[0m 625.154 ms - -[0m
2023-06-21 13:07:10 info: [0mGET /posts/show/11 [36m304[0m 373.795 ms - -[0m
2023-06-21 13:07:10 info: [0mGET /admins/profile [36m304[0m 737.835 ms - -[0m
2023-06-21 13:07:11 info: [0mGET /posts?[object%20Object] [36m304[0m 1145.797 ms - -[0m
2023-06-21 13:07:11 info: [0mGET /ceos?[object%20Object] [36m304[0m 15.929 ms - -[0m
2023-06-21 13:07:11 info: [0mGET /categories?[object%20Object] [36m304[0m 23.245 ms - -[0m
2023-06-21 13:07:11 info: [0mGET /posts?[object%20Object] [36m304[0m 233.759 ms - -[0m
2023-06-21 13:09:46 info: [0mOPTIONS /admins/profile [32m204[0m 3.384 ms - 0[0m
2023-06-21 13:09:46 info: [0mGET /categories?[object%20Object] [36m304[0m 335.549 ms - -[0m
2023-06-21 13:09:47 info: [0mGET /ceos?[object%20Object] [36m304[0m 440.267 ms - -[0m
2023-06-21 13:09:47 info: [0mGET /admins/profile [36m304[0m 586.802 ms - -[0m
2023-06-21 13:09:48 info: [0mGET /posts?[object%20Object] [36m304[0m 1249.225 ms - -[0m
2023-06-21 13:09:52 info: [0mGET /posts/show/11 [36m304[0m 161.353 ms - -[0m
2023-06-21 13:09:53 info: [0mGET /categories?[object%20Object] [36m304[0m 76.436 ms - -[0m
2023-06-21 13:09:53 info: [0mGET /ceos?[object%20Object] [36m304[0m 156.418 ms - -[0m
2023-06-21 13:09:54 info: [0mGET /posts?[object%20Object] [36m304[0m 629.965 ms - -[0m
2023-06-21 13:10:03 info: [0mGET /posts/show/11 [36m304[0m 108.157 ms - -[0m
2023-06-21 13:10:19 info: [0mOPTIONS /admins/profile [32m204[0m 0.696 ms - 0[0m
2023-06-21 13:10:20 info: [0mGET /posts/show/11 [36m304[0m 292.568 ms - -[0m
2023-06-21 13:10:20 info: [0mGET /admins/profile [36m304[0m 318.332 ms - -[0m
2023-06-21 13:10:22 info: [0mGET /categories?[object%20Object] [36m304[0m 144.373 ms - -[0m
2023-06-21 13:10:22 info: [0mGET /ceos?[object%20Object] [36m304[0m 323.667 ms - -[0m
2023-06-21 13:10:22 info: [0mGET /posts?[object%20Object] [36m304[0m 538.526 ms - -[0m
2023-06-21 13:10:46 info: [0mGET /posts/show/11 [36m304[0m 174.925 ms - -[0m
2023-06-21 13:10:46 info: [0mGET /posts/show/11 [36m304[0m 50.734 ms - -[0m
2023-06-21 13:10:47 info: [0mGET /categories?[object%20Object] [36m304[0m 223.859 ms - -[0m
2023-06-21 13:10:47 info: [0mGET /ceos?[object%20Object] [36m304[0m 222.086 ms - -[0m
2023-06-21 13:10:47 info: [0mGET /posts?[object%20Object] [36m304[0m 355.688 ms - -[0m
2023-06-21 13:10:53 info: [0mOPTIONS /admins/profile [32m204[0m 0.633 ms - 0[0m
2023-06-21 13:10:53 info: [0mGET /categories?[object%20Object] [36m304[0m 162.972 ms - -[0m
2023-06-21 13:10:53 info: [0mGET /ceos?[object%20Object] [36m304[0m 160.117 ms - -[0m
2023-06-21 13:10:53 info: [0mGET /admins/profile [36m304[0m 174.516 ms - -[0m
2023-06-21 13:10:54 info: [0mGET /posts?[object%20Object] [36m304[0m 502.721 ms - -[0m
2023-06-21 13:10:54 info: [0mGET /posts/show/11 [36m304[0m 28.341 ms - -[0m
2023-06-21 13:10:55 info: [0mGET /ceos?[object%20Object] [36m304[0m 88.116 ms - -[0m
2023-06-21 13:10:56 info: [0mGET /categories?[object%20Object] [36m304[0m 112.924 ms - -[0m
2023-06-21 13:10:56 info: [0mGET /posts?[object%20Object] [36m304[0m 298.241 ms - -[0m
2023-06-21 13:11:51 info: [0mOPTIONS /admins/profile [32m204[0m 0.690 ms - 0[0m
2023-06-21 13:11:52 info: [0mGET /ceos?[object%20Object] [36m304[0m 131.107 ms - -[0m
2023-06-21 13:11:52 info: [0mGET /categories?[object%20Object] [36m304[0m 205.629 ms - -[0m
2023-06-21 13:11:52 info: [0mGET /admins/profile [36m304[0m 269.008 ms - -[0m
2023-06-21 13:11:52 info: [0mGET /posts?[object%20Object] [36m304[0m 625.617 ms - -[0m
2023-06-21 13:11:52 info: [0mGET /posts/show/11 [36m304[0m 79.302 ms - -[0m
2023-06-21 13:11:54 info: [0mGET /ceos?[object%20Object] [36m304[0m 252.186 ms - -[0m
2023-06-21 13:11:54 info: [0mGET /categories?[object%20Object] [36m304[0m 278.895 ms - -[0m
2023-06-21 13:11:54 info: [0mGET /posts?[object%20Object] [36m304[0m 533.684 ms - -[0m
2023-06-21 13:12:26 info: [0mOPTIONS /admins/profile [32m204[0m 1.316 ms - 0[0m
2023-06-21 13:12:26 info: [0mGET /categories?[object%20Object] [36m304[0m 115.388 ms - -[0m
2023-06-21 13:12:26 info: [0mGET /ceos?[object%20Object] [36m304[0m 139.064 ms - -[0m
2023-06-21 13:12:26 info: [0mGET /admins/profile [36m304[0m 194.720 ms - -[0m
2023-06-21 13:12:26 info: [0mGET /posts?[object%20Object] [36m304[0m 386.119 ms - -[0m
2023-06-21 13:12:26 info: [0mGET /posts/show/11 [36m304[0m 70.732 ms - -[0m
2023-06-21 13:12:28 info: [0mGET /categories?[object%20Object] [36m304[0m 23.787 ms - -[0m
2023-06-21 13:12:28 info: [0mGET /ceos?[object%20Object] [36m304[0m 73.919 ms - -[0m
2023-06-21 13:12:28 info: [0mGET /posts?[object%20Object] [36m304[0m 405.871 ms - -[0m
2023-06-21 13:14:42 info: [0mOPTIONS /admins/profile [32m204[0m 1.068 ms - 0[0m
2023-06-21 13:14:42 info: [0mGET /categories?[object%20Object] [36m304[0m 182.664 ms - -[0m
2023-06-21 13:14:42 info: [0mGET /ceos?[object%20Object] [36m304[0m 132.021 ms - -[0m
2023-06-21 13:14:42 info: [0mGET /admins/profile [36m304[0m 184.379 ms - -[0m
2023-06-21 13:14:43 info: [0mGET /posts?[object%20Object] [36m304[0m 875.821 ms - -[0m
2023-06-21 13:14:44 info: [0mGET /posts/show/11 [36m304[0m 127.019 ms - -[0m
2023-06-21 13:14:45 info: [0mGET /categories?[object%20Object] [36m304[0m 77.107 ms - -[0m
2023-06-21 13:14:45 info: [0mGET /ceos?[object%20Object] [36m304[0m 69.666 ms - -[0m
2023-06-21 13:14:45 info: [0mGET /posts?[object%20Object] [36m304[0m 218.356 ms - -[0m
2023-06-21 13:14:57 info: [0mOPTIONS /admins/profile [32m204[0m 1.083 ms - 0[0m
2023-06-21 13:14:57 info: [0mGET /categories?[object%20Object] [36m304[0m 117.893 ms - -[0m
2023-06-21 13:14:57 info: [0mGET /ceos?[object%20Object] [36m304[0m 113.644 ms - -[0m
2023-06-21 13:14:57 info: [0mGET /admins/profile [36m304[0m 295.535 ms - -[0m
2023-06-21 13:14:57 info: [0mGET /posts?[object%20Object] [36m304[0m 496.582 ms - -[0m
2023-06-21 13:14:58 info: [0mGET /posts/show/11 [36m304[0m 179.859 ms - -[0m
2023-06-21 13:14:59 info: [0mGET /ceos?[object%20Object] [36m304[0m 40.264 ms - -[0m
2023-06-21 13:14:59 info: [0mGET /categories?[object%20Object] [36m304[0m 72.259 ms - -[0m
2023-06-21 13:14:59 info: [0mGET /posts?[object%20Object] [36m304[0m 169.389 ms - -[0m
2023-06-21 13:15:50 info: [0mGET /posts/show/11 [36m304[0m 115.521 ms - -[0m
2023-06-21 13:15:50 info: [0mGET /posts/show/11 [36m304[0m 29.310 ms - -[0m
2023-06-21 13:15:51 info: [0mGET /categories?[object%20Object] [36m304[0m 150.662 ms - -[0m
2023-06-21 13:15:51 info: [0mGET /ceos?[object%20Object] [36m304[0m 162.683 ms - -[0m
2023-06-21 13:15:51 info: [0mGET /posts?[object%20Object] [36m304[0m 490.448 ms - -[0m
2023-06-21 13:16:06 info: [0mOPTIONS /posts/update/11 [32m204[0m 0.989 ms - 0[0m
2023-06-21 13:16:06 info: [0mPUT /posts/update/11 [32m200[0m 162.937 ms - 16[0m
2023-06-21 13:16:06 info: [0mGET /posts/show/11 [36m304[0m 58.569 ms - -[0m
2023-06-21 13:16:06 info: [0mGET /posts/show/11 [36m304[0m 60.402 ms - -[0m
2023-06-21 13:16:07 info: [0mGET /categories?[object%20Object] [36m304[0m 12.017 ms - -[0m
2023-06-21 13:16:07 info: [0mGET /ceos?[object%20Object] [36m304[0m 12.284 ms - -[0m
2023-06-21 13:16:07 info: [0mGET /posts?[object%20Object] [36m304[0m 284.273 ms - -[0m
2023-06-21 13:16:50 info: [0mOPTIONS /admins/profile [32m204[0m 1.328 ms - 0[0m
2023-06-21 13:16:50 info: [0mGET /categories?[object%20Object] [36m304[0m 161.343 ms - -[0m
2023-06-21 13:16:50 info: [0mGET /ceos?[object%20Object] [36m304[0m 151.714 ms - -[0m
2023-06-21 13:16:50 info: [0mGET /admins/profile [36m304[0m 234.317 ms - -[0m
2023-06-21 13:16:50 info: [0mGET /posts?[object%20Object] [36m304[0m 487.301 ms - -[0m
2023-06-21 13:16:51 info: [0mGET /posts/show/11 [36m304[0m 136.367 ms - -[0m
2023-06-21 13:16:53 info: [0mGET /categories?[object%20Object] [36m304[0m 95.519 ms - -[0m
2023-06-21 13:16:53 info: [0mGET /ceos?[object%20Object] [36m304[0m 157.101 ms - -[0m
2023-06-21 13:16:53 info: [0mGET /posts?[object%20Object] [36m304[0m 632.495 ms - -[0m
2023-06-21 13:16:57 info: [0mOPTIONS /posts/update/11 [32m204[0m 0.897 ms - 0[0m
2023-06-21 13:16:57 info: [0mPUT /posts/update/11 [32m200[0m 51.549 ms - 16[0m
2023-06-21 13:16:57 info: [0mGET /posts/show/11 [36m304[0m 58.204 ms - -[0m
2023-06-21 13:16:58 info: [0mGET /categories?[object%20Object] [36m304[0m 93.143 ms - -[0m
2023-06-21 13:16:59 info: [0mGET /ceos?[object%20Object] [36m304[0m 146.679 ms - -[0m
2023-06-21 13:16:59 info: [0mGET /posts?[object%20Object] [36m304[0m 250.333 ms - -[0m
2023-06-21 13:17:30 info: [0mGET /posts/show/11 [36m304[0m 96.912 ms - -[0m
2023-06-21 13:17:30 info: [0mGET /posts/show/11 [36m304[0m 83.126 ms - -[0m
2023-06-21 13:17:32 info: [0mGET /categories?[object%20Object] [36m304[0m 172.556 ms - -[0m
2023-06-21 13:17:32 info: [0mGET /ceos?[object%20Object] [36m304[0m 168.086 ms - -[0m
2023-06-21 13:17:32 info: [0mGET /posts?[object%20Object] [36m304[0m 444.772 ms - -[0m
2023-06-21 13:18:17 info: [0mGET /posts/show/11 [36m304[0m 232.322 ms - -[0m
2023-06-21 13:18:17 info: [0mGET /posts/show/11 [36m304[0m 72.185 ms - -[0m
2023-06-21 13:18:18 info: [0mGET /categories?[object%20Object] [36m304[0m 37.401 ms - -[0m
2023-06-21 13:18:18 info: [0mGET /ceos?[object%20Object] [36m304[0m 48.441 ms - -[0m
2023-06-21 13:18:18 info: [0mGET /posts?[object%20Object] [36m304[0m 272.870 ms - -[0m
2023-06-21 13:18:27 info: [0mOPTIONS /admins/profile [32m204[0m 0.478 ms - 0[0m
2023-06-21 13:18:27 info: [0mGET /categories?[object%20Object] [36m304[0m 30.549 ms - -[0m
2023-06-21 13:18:27 info: [0mGET /ceos?[object%20Object] [36m304[0m 59.479 ms - -[0m
2023-06-21 13:18:27 info: [0mGET /admins/profile [36m304[0m 77.328 ms - -[0m
2023-06-21 13:18:27 info: [0mGET /posts?[object%20Object] [36m304[0m 278.341 ms - -[0m
2023-06-21 13:18:27 info: [0mGET /posts/show/11 [36m304[0m 45.323 ms - -[0m
2023-06-21 13:18:29 info: [0mGET /ceos?[object%20Object] [36m304[0m 25.895 ms - -[0m
2023-06-21 13:18:29 info: [0mGET /categories?[object%20Object] [36m304[0m 38.897 ms - -[0m
2023-06-21 13:18:29 info: [0mGET /posts?[object%20Object] [36m304[0m 161.050 ms - -[0m
2023-06-21 13:19:08 info: [0mGET /posts/show/11 [36m304[0m 282.425 ms - -[0m
2023-06-21 13:19:08 info: [0mGET /posts/show/11 [36m304[0m 77.639 ms - -[0m
2023-06-21 13:19:10 info: [0mGET /categories?[object%20Object] [36m304[0m 104.825 ms - -[0m
2023-06-21 13:19:10 info: [0mGET /ceos?[object%20Object] [36m304[0m 86.211 ms - -[0m
2023-06-21 13:19:12 info: [0mGET /posts?[object%20Object] [36m304[0m 1604.454 ms - -[0m
2023-06-21 13:19:20 info: [0mGET /posts/show/11 [36m304[0m 209.387 ms - -[0m
2023-06-21 13:19:20 info: [0mGET /posts/show/11 [36m304[0m 66.313 ms - -[0m
2023-06-21 13:19:20 info: [0mGET /posts/show/11 [36m304[0m 31.355 ms - -[0m
2023-06-21 13:19:20 info: [0mGET /posts/show/11 [36m304[0m 59.665 ms - -[0m
2023-06-21 13:19:21 info: [0mGET /categories?[object%20Object] [36m304[0m 41.286 ms - -[0m
2023-06-21 13:19:21 info: [0mGET /ceos?[object%20Object] [36m304[0m 40.642 ms - -[0m
2023-06-21 13:19:22 info: [0mGET /posts?[object%20Object] [36m304[0m 551.166 ms - -[0m
2023-06-21 13:19:53 info: [0mOPTIONS /admins/profile [32m204[0m 1.302 ms - 0[0m
2023-06-21 13:19:53 info: [0mGET /categories?[object%20Object] [36m304[0m 161.818 ms - -[0m
2023-06-21 13:19:53 info: [0mGET /ceos?[object%20Object] [36m304[0m 176.773 ms - -[0m
2023-06-21 13:19:53 info: [0mGET /admins/profile [36m304[0m 207.466 ms - -[0m
2023-06-21 13:19:53 info: [0mGET /posts?[object%20Object] [36m304[0m 390.775 ms - -[0m
2023-06-21 13:19:54 info: [0mGET /posts/show/11 [36m304[0m 71.751 ms - -[0m
2023-06-21 13:19:56 info: [0mGET /categories?[object%20Object] [36m304[0m 26.789 ms - -[0m
2023-06-21 13:19:56 info: [0mGET /ceos?[object%20Object] [36m304[0m 26.238 ms - -[0m
2023-06-21 13:19:57 info: [0mGET /posts?[object%20Object] [36m304[0m 482.260 ms - -[0m
2023-06-21 13:21:03 info: [0mOPTIONS /posts/update/11 [32m204[0m 1.321 ms - 0[0m
2023-06-21 13:21:03 info: [0mPUT /posts/update/11 [32m200[0m 146.047 ms - 16[0m
2023-06-21 13:21:03 info: [0mGET /posts/show/11 [36m304[0m 150.000 ms - -[0m
2023-06-21 13:21:04 info: [0mGET /categories?[object%20Object] [36m304[0m 27.914 ms - -[0m
2023-06-21 13:21:04 info: [0mGET /ceos?[object%20Object] [36m304[0m 27.377 ms - -[0m
2023-06-21 13:21:05 info: [0mGET /posts?[object%20Object] [36m304[0m 388.572 ms - -[0m
2023-06-21 13:22:07 info: [0mGET /posts/show/11 [36m304[0m 1069.186 ms - -[0m
2023-06-21 13:22:11 info: [0mOPTIONS /admins/profile [32m204[0m 1.359 ms - 0[0m
2023-06-21 13:22:11 info: [0mGET /categories?[object%20Object] [36m304[0m 171.020 ms - -[0m
2023-06-21 13:22:11 info: [0mGET /ceos?[object%20Object] [36m304[0m 175.489 ms - -[0m
2023-06-21 13:22:11 info: [0mGET /admins/profile [36m304[0m 338.733 ms - -[0m
2023-06-21 13:22:11 info: [0mGET /posts?[object%20Object] [36m304[0m 547.608 ms - -[0m
2023-06-21 13:22:12 info: [0mGET /posts/show/11 [32m200[0m 87.607 ms - -[0m
2023-06-21 13:22:14 info: [0mGET /categories?[object%20Object] [36m304[0m 119.378 ms - -[0m
2023-06-21 13:22:14 info: [0mGET /ceos?[object%20Object] [36m304[0m 105.000 ms - -[0m
2023-06-21 13:22:14 info: [0mGET /posts?[object%20Object] [36m304[0m 286.131 ms - -[0m
2023-06-21 13:22:27 info: [0mOPTIONS /posts/update/11 [32m204[0m 1.042 ms - 0[0m
2023-06-21 13:22:27 info: [0mPUT /posts/update/11 [32m200[0m 29.468 ms - 16[0m
2023-06-21 13:22:28 info: [0mGET /posts/show/11 [36m304[0m 38.213 ms - -[0m
2023-06-21 13:22:29 info: [0mGET /categories?[object%20Object] [36m304[0m 49.083 ms - -[0m
2023-06-21 13:22:29 info: [0mGET /ceos?[object%20Object] [36m304[0m 93.955 ms - -[0m
2023-06-21 13:22:29 info: [0mGET /posts?[object%20Object] [36m304[0m 361.009 ms - -[0m
2023-06-21 13:23:01 info: [0mOPTIONS /posts/update/11 [32m204[0m 0.739 ms - 0[0m
2023-06-21 13:23:02 info: [0mPUT /posts/update/11 [32m200[0m 63.615 ms - 16[0m
2023-06-21 13:23:02 info: [0mGET /posts/show/11 [36m304[0m 73.452 ms - -[0m
2023-06-21 13:23:03 info: [0mGET /categories?[object%20Object] [36m304[0m 34.554 ms - -[0m
2023-06-21 13:23:03 info: [0mGET /ceos?[object%20Object] [36m304[0m 71.082 ms - -[0m
2023-06-21 13:23:03 info: [0mGET /posts?[object%20Object] [36m304[0m 233.207 ms - -[0m
2023-06-21 13:23:08 info: [0mOPTIONS /admins/profile [32m204[0m 1.030 ms - 0[0m
2023-06-21 13:23:09 info: [0mGET /categories?[object%20Object] [36m304[0m 162.077 ms - -[0m
2023-06-21 13:23:09 info: [0mGET /ceos?[object%20Object] [36m304[0m 151.277 ms - -[0m
2023-06-21 13:23:09 info: [0mGET /admins/profile [36m304[0m 185.375 ms - -[0m
2023-06-21 13:23:09 info: [0mGET /posts?[object%20Object] [36m304[0m 568.724 ms - -[0m
2023-06-21 13:23:09 info: [0mGET /posts/show/11 [36m304[0m 130.667 ms - -[0m
2023-06-21 13:23:11 info: [0mGET /categories?[object%20Object] [36m304[0m 83.282 ms - -[0m
2023-06-21 13:23:11 info: [0mGET /ceos?[object%20Object] [36m304[0m 76.740 ms - -[0m
2023-06-21 13:23:11 info: [0mGET /posts?[object%20Object] [36m304[0m 255.580 ms - -[0m
2023-06-21 13:23:26 info: [0mGET /posts/show/11 [36m304[0m 181.828 ms - -[0m
2023-06-21 13:23:26 info: [0mGET /posts/show/11 [36m304[0m 56.310 ms - -[0m
2023-06-21 13:23:28 info: [0mGET /categories?[object%20Object] [36m304[0m 74.824 ms - -[0m
2023-06-21 13:23:28 info: [0mGET /ceos?[object%20Object] [36m304[0m 78.627 ms - -[0m
2023-06-21 13:23:28 info: [0mGET /posts?[object%20Object] [36m304[0m 685.321 ms - -[0m
2023-06-21 13:23:36 info: [0mOPTIONS /admins/profile [32m204[0m 6.510 ms - 0[0m
2023-06-21 13:23:36 info: [0mGET /categories?[object%20Object] [36m304[0m 61.935 ms - -[0m
2023-06-21 13:23:36 info: [0mGET /ceos?[object%20Object] [36m304[0m 60.403 ms - -[0m
2023-06-21 13:23:36 info: [0mGET /admins/profile [36m304[0m 153.818 ms - -[0m
2023-06-21 13:23:36 info: [0mGET /posts?[object%20Object] [36m304[0m 365.453 ms - -[0m
2023-06-21 13:23:38 info: [0mGET /posts/show/11 [36m304[0m 163.006 ms - -[0m
2023-06-21 13:23:40 info: [0mGET /categories?[object%20Object] [36m304[0m 195.505 ms - -[0m
2023-06-21 13:23:40 info: [0mGET /ceos?[object%20Object] [36m304[0m 186.947 ms - -[0m
2023-06-21 13:23:40 info: [0mGET /posts?[object%20Object] [36m304[0m 434.626 ms - -[0m
2023-06-21 13:25:18 info: [0mOPTIONS /admins/profile [32m204[0m 8.205 ms - 0[0m
2023-06-21 13:25:18 info: [0mGET /categories?[object%20Object] [36m304[0m 180.667 ms - -[0m
2023-06-21 13:25:18 info: [0mGET /ceos?[object%20Object] [36m304[0m 141.155 ms - -[0m
2023-06-21 13:25:18 info: [0mGET /admins/profile [36m304[0m 249.917 ms - -[0m
2023-06-21 13:25:19 info: [0mGET /posts?[object%20Object] [36m304[0m 494.590 ms - -[0m
2023-06-21 13:25:19 info: [0mGET /posts/show/11 [36m304[0m 85.653 ms - -[0m
2023-06-21 13:25:20 info: [0mGET /categories?[object%20Object] [36m304[0m 71.042 ms - -[0m
2023-06-21 13:25:20 info: [0mGET /ceos?[object%20Object] [36m304[0m 73.392 ms - -[0m
2023-06-21 13:25:21 info: [0mGET /posts?[object%20Object] [36m304[0m 201.367 ms - -[0m
2023-06-21 13:26:36 info: [0mOPTIONS /admins/profile [32m204[0m 2.160 ms - 0[0m
2023-06-21 13:26:36 info: [0mGET /categories?[object%20Object] [36m304[0m 80.366 ms - -[0m
2023-06-21 13:26:36 info: [0mGET /ceos?[object%20Object] [36m304[0m 70.910 ms - -[0m
2023-06-21 13:26:36 info: [0mGET /admins/profile [36m304[0m 174.794 ms - -[0m
2023-06-21 13:26:37 info: [0mGET /posts?[object%20Object] [36m304[0m 582.964 ms - -[0m
2023-06-21 13:26:37 info: [0mGET /posts/show/11 [36m304[0m 53.067 ms - -[0m
2023-06-21 13:26:39 info: [0mGET /categories?[object%20Object] [36m304[0m 78.907 ms - -[0m
2023-06-21 13:26:39 info: [0mGET /ceos?[object%20Object] [36m304[0m 66.639 ms - -[0m
2023-06-21 13:26:39 info: [0mGET /posts?[object%20Object] [36m304[0m 221.303 ms - -[0m
2023-06-21 13:27:19 info: [0mGET /posts/show/11 [36m304[0m 347.310 ms - -[0m
2023-06-21 13:27:19 info: [0mGET /posts/show/11 [36m304[0m 162.093 ms - -[0m
2023-06-21 13:27:20 info: [0mGET /categories?[object%20Object] [36m304[0m 77.610 ms - -[0m
2023-06-21 13:27:20 info: [0mGET /ceos?[object%20Object] [36m304[0m 103.541 ms - -[0m
2023-06-21 13:27:20 info: [0mGET /posts?[object%20Object] [36m304[0m 585.206 ms - -[0m
2023-06-21 13:28:20 info: [0mOPTIONS /admins/profile [32m204[0m 1.140 ms - 0[0m
2023-06-21 13:28:20 info: [0mGET /categories?[object%20Object] [36m304[0m 99.845 ms - -[0m
2023-06-21 13:28:20 info: [0mGET /ceos?[object%20Object] [36m304[0m 71.028 ms - -[0m
2023-06-21 13:28:20 info: [0mGET /admins/profile [36m304[0m 127.796 ms - -[0m
2023-06-21 13:28:21 info: [0mGET /posts?[object%20Object] [36m304[0m 381.617 ms - -[0m
2023-06-21 13:28:21 info: [0mGET /posts/show/11 [36m304[0m 60.157 ms - -[0m
2023-06-21 13:28:23 info: [0mGET /categories?[object%20Object] [36m304[0m 280.325 ms - -[0m
2023-06-21 13:28:23 info: [0mGET /ceos?[object%20Object] [36m304[0m 291.009 ms - -[0m
2023-06-21 13:28:23 info: [0mGET /posts?[object%20Object] [36m304[0m 487.745 ms - -[0m
2023-06-21 13:35:15 info: [0mOPTIONS /admins/profile [32m204[0m 2.935 ms - 0[0m
2023-06-21 13:35:16 info: [0mGET /ceos?[object%20Object] [36m304[0m 1279.390 ms - -[0m
2023-06-21 13:35:16 info: [0mGET /categories?[object%20Object] [36m304[0m 1651.206 ms - -[0m
2023-06-21 13:35:16 info: [0mGET /posts/show/11 [36m304[0m 378.206 ms - -[0m
2023-06-21 13:35:17 info: [0mGET /admins/profile [36m304[0m 1377.306 ms - -[0m
2023-06-21 13:35:17 info: [0mGET /posts?[object%20Object] [36m304[0m 1714.849 ms - -[0m
2023-06-21 13:35:18 info: [0mGET /categories?[object%20Object] [36m304[0m 105.190 ms - -[0m
2023-06-21 13:35:18 info: [0mGET /ceos?[object%20Object] [36m304[0m 106.750 ms - -[0m
2023-06-21 13:35:18 info: [0mGET /posts?[object%20Object] [36m304[0m 265.642 ms - -[0m
2023-06-21 13:38:51 info: [0mGET /posts/show/11 [36m304[0m 335.238 ms - -[0m
2023-06-21 13:38:52 info: [0mGET /posts/show/11 [36m304[0m 89.445 ms - -[0m
2023-06-21 13:38:53 info: [0mGET /categories?[object%20Object] [36m304[0m 303.660 ms - -[0m
2023-06-21 13:38:54 info: [0mGET /ceos?[object%20Object] [36m304[0m 358.426 ms - -[0m
2023-06-21 13:38:54 info: [0mGET /posts?[object%20Object] [36m304[0m 1051.508 ms - -[0m
2023-06-21 13:38:56 info: [0mGET /posts/show/11 [36m304[0m 97.235 ms - -[0m
2023-06-21 13:38:56 info: [0mGET /posts/show/11 [36m304[0m 38.695 ms - -[0m
2023-06-21 13:38:58 info: [0mGET /categories?[object%20Object] [36m304[0m 84.187 ms - -[0m
2023-06-21 13:38:58 info: [0mGET /ceos?[object%20Object] [36m304[0m 35.636 ms - -[0m
2023-06-21 13:38:58 info: [0mGET /posts?[object%20Object] [36m304[0m 340.754 ms - -[0m
2023-06-21 13:42:05 info: [0mGET /posts/show/11 [36m304[0m 159.420 ms - -[0m
2023-06-21 13:43:08 info: [0mOPTIONS /admins/profile [32m204[0m 1.402 ms - 0[0m
2023-06-21 13:43:09 info: [0mGET /posts/show/11 [36m304[0m 294.254 ms - -[0m
2023-06-21 13:43:09 info: [0mGET /admins/profile [36m304[0m 379.620 ms - -[0m
2023-06-21 13:43:10 info: [0mGET /categories?[object%20Object] [36m304[0m 64.147 ms - -[0m
2023-06-21 13:43:10 info: [0mGET /ceos?[object%20Object] [36m304[0m 98.080 ms - -[0m
2023-06-21 13:43:11 info: [0mGET /posts?[object%20Object] [36m304[0m 556.008 ms - -[0m
2023-06-21 13:43:31 info: [0mGET /posts/show/11 [36m304[0m 283.976 ms - -[0m
2023-06-21 13:43:32 info: [0mGET /posts/show/11 [36m304[0m 142.431 ms - -[0m
2023-06-21 13:43:33 info: [0mGET /categories?[object%20Object] [36m304[0m 107.918 ms - -[0m
2023-06-21 13:43:33 info: [0mGET /ceos?[object%20Object] [36m304[0m 92.206 ms - -[0m
2023-06-21 13:43:34 info: [0mGET /posts?[object%20Object] [36m304[0m 688.855 ms - -[0m
2023-06-21 13:43:40 info: [0mGET /posts/show/11 [36m304[0m 360.353 ms - -[0m
2023-06-21 13:43:41 info: [0mGET /posts/show/11 [36m304[0m 317.298 ms - -[0m
2023-06-21 13:43:44 info: [0mGET /ceos?[object%20Object] [36m304[0m 203.403 ms - -[0m
2023-06-21 13:43:44 info: [0mGET /categories?[object%20Object] [36m304[0m 185.072 ms - -[0m
2023-06-21 13:43:45 info: [0mGET /posts?[object%20Object] [36m304[0m 1052.412 ms - -[0m
2023-06-21 13:43:56 info: [0mOPTIONS /admins/profile [32m204[0m 4.324 ms - 0[0m
2023-06-21 13:43:57 info: [0mGET /categories?[object%20Object] [36m304[0m 325.519 ms - -[0m
2023-06-21 13:43:57 info: [0mGET /ceos?[object%20Object] [36m304[0m 239.820 ms - -[0m
2023-06-21 13:43:57 info: [0mGET /admins/profile [36m304[0m 590.498 ms - -[0m
2023-06-21 13:43:58 info: [0mGET /posts?[object%20Object] [36m304[0m 1156.341 ms - -[0m
2023-06-21 13:43:59 info: [0mGET /posts/show/11 [36m304[0m 218.855 ms - -[0m
2023-06-21 13:44:01 info: [0mGET /categories?[object%20Object] [36m304[0m 97.055 ms - -[0m
2023-06-21 13:44:01 info: [0mGET /ceos?[object%20Object] [36m304[0m 99.910 ms - -[0m
2023-06-21 13:44:01 info: [0mGET /posts?[object%20Object] [36m304[0m 366.299 ms - -[0m
2023-06-21 13:44:28 info: [0mGET /posts/show/11 [36m304[0m 660.053 ms - -[0m
2023-06-21 13:44:28 info: [0mGET /posts/show/11 [36m304[0m 88.019 ms - -[0m
2023-06-21 13:44:29 info: [0mGET /categories?[object%20Object] [36m304[0m 63.594 ms - -[0m
2023-06-21 13:44:29 info: [0mGET /ceos?[object%20Object] [36m304[0m 78.003 ms - -[0m
2023-06-21 13:44:30 info: [0mGET /posts?[object%20Object] [36m304[0m 418.131 ms - -[0m
2023-06-21 13:44:48 info: [0mOPTIONS /posts/update/11 [32m204[0m 1.047 ms - 0[0m
2023-06-21 13:44:48 info: [0mPUT /posts/update/11 [32m200[0m 100.136 ms - 16[0m
2023-06-21 13:44:49 info: [0mGET /posts/show/11 [36m304[0m 69.844 ms - -[0m
2023-06-21 13:44:49 info: [0mGET /posts/show/11 [36m304[0m 78.283 ms - -[0m
2023-06-21 13:44:50 info: [0mGET /categories?[object%20Object] [36m304[0m 21.643 ms - -[0m
2023-06-21 13:44:50 info: [0mGET /ceos?[object%20Object] [36m304[0m 30.756 ms - -[0m
2023-06-21 13:44:50 info: [0mGET /posts?[object%20Object] [36m304[0m 265.340 ms - -[0m
2023-06-21 13:45:07 info: [0mGET /posts/show/11 [36m304[0m 367.056 ms - -[0m
2023-06-21 13:45:07 info: [0mGET /posts/show/11 [36m304[0m 98.027 ms - -[0m
2023-06-21 13:45:08 info: [0mGET /categories?[object%20Object] [36m304[0m 94.041 ms - -[0m
2023-06-21 13:45:08 info: [0mGET /ceos?[object%20Object] [36m304[0m 85.214 ms - -[0m
2023-06-21 13:45:09 info: [0mGET /posts?[object%20Object] [36m304[0m 1262.712 ms - -[0m
2023-06-21 13:45:10 info: [0mGET /posts/show/11 [36m304[0m 74.275 ms - -[0m
2023-06-21 13:45:10 info: [0mGET /posts/show/11 [36m304[0m 125.320 ms - -[0m
2023-06-21 13:45:11 info: [0mGET /categories?[object%20Object] [36m304[0m 88.315 ms - -[0m
2023-06-21 13:45:11 info: [0mGET /ceos?[object%20Object] [36m304[0m 147.023 ms - -[0m
2023-06-21 13:45:12 info: [0mGET /posts?[object%20Object] [36m304[0m 700.613 ms - -[0m
2023-06-21 13:46:23 info: =================================
2023-06-21 13:46:23 info: ======= ENV: development =======
2023-06-21 13:46:23 info: 🚀 App listening on the port 8000
2023-06-21 13:46:23 info: =================================
2023-06-21 13:46:26 info: [0mOPTIONS /posts/update/11 [32m204[0m 2.017 ms - 0[0m
2023-06-21 13:46:26 info: [0mPUT /posts/update/11 [32m200[0m 265.607 ms - 16[0m
2023-06-21 13:46:26 info: [0mGET /posts/show/11 [36m304[0m 114.834 ms - -[0m
2023-06-21 13:46:26 info: [0mGET /posts/show/11 [36m304[0m 78.963 ms - -[0m
2023-06-21 13:46:26 info: [0mGET /posts/show/11 [36m304[0m 41.784 ms - -[0m
2023-06-21 13:46:26 info: [0mGET /posts/show/11 [36m304[0m 101.303 ms - -[0m
2023-06-21 13:46:28 info: [0mGET /categories?[object%20Object] [36m304[0m 308.873 ms - -[0m
2023-06-21 13:46:28 info: [0mGET /ceos?[object%20Object] [36m304[0m 244.969 ms - -[0m
2023-06-21 13:46:28 info: [0mGET /posts?[object%20Object] [36m304[0m 537.600 ms - -[0m
2023-06-21 13:47:25 info: =================================
2023-06-21 13:47:25 info: ======= ENV: development =======
2023-06-21 13:47:25 info: 🚀 App listening on the port 8000
2023-06-21 13:47:25 info: =================================
2023-06-21 13:47:40 info: [0mOPTIONS /posts/update/11 [32m204[0m 2.403 ms - 0[0m
2023-06-21 13:47:40 info: [0mPUT /posts/update/11 [32m200[0m 260.726 ms - 16[0m
2023-06-21 13:47:40 info: [0mGET /posts/show/11 [36m304[0m 151.810 ms - -[0m
2023-06-21 13:47:40 info: [0mGET /posts/show/11 [36m304[0m 75.105 ms - -[0m
2023-06-21 13:47:41 info: [0mGET /posts/show/11 [36m304[0m 314.573 ms - -[0m
2023-06-21 13:47:41 info: [0mGET /posts/show/11 [36m304[0m 119.535 ms - -[0m
2023-06-21 13:47:42 info: [0mGET /categories?[object%20Object] [36m304[0m 142.616 ms - -[0m
2023-06-21 13:47:42 info: [0mGET /ceos?[object%20Object] [36m304[0m 252.518 ms - -[0m
2023-06-21 13:47:42 info: [0mGET /posts?[object%20Object] [36m304[0m 519.306 ms - -[0m
2023-06-21 13:48:08 info: [0mOPTIONS /posts/update/11 [32m204[0m 0.605 ms - 0[0m
2023-06-21 13:48:08 info: [0mPUT /posts/update/11 [32m200[0m 97.686 ms - 16[0m
2023-06-21 13:48:09 info: [0mGET /posts/show/11 [36m304[0m 180.242 ms - -[0m
2023-06-21 13:48:09 info: [0mGET /posts/show/11 [36m304[0m 48.897 ms - -[0m
2023-06-21 13:48:09 info: [0mGET /posts/show/11 [36m304[0m 118.010 ms - -[0m
2023-06-21 13:48:09 info: [0mGET /posts/show/11 [36m304[0m 49.103 ms - -[0m
2023-06-21 13:48:10 info: [0mGET /categories?[object%20Object] [36m304[0m 39.226 ms - -[0m
2023-06-21 13:48:10 info: [0mGET /ceos?[object%20Object] [36m304[0m 81.348 ms - -[0m
2023-06-21 13:48:10 info: [0mGET /posts?[object%20Object] [36m304[0m 300.004 ms - -[0m
2023-06-21 13:48:18 info: [0mOPTIONS /posts/update/11 [32m204[0m 1.462 ms - 0[0m
2023-06-21 13:48:18 info: [0mPUT /posts/update/11 [32m200[0m 238.813 ms - 16[0m
2023-06-21 13:48:18 info: [0mGET /posts/show/11 [36m304[0m 92.293 ms - -[0m
2023-06-21 13:48:19 info: [0mGET /posts/show/11 [36m304[0m 38.750 ms - -[0m
2023-06-21 13:48:19 info: [0mGET /posts/show/11 [36m304[0m 23.762 ms - -[0m
2023-06-21 13:48:19 info: [0mGET /posts/show/11 [36m304[0m 56.049 ms - -[0m
2023-06-21 13:48:20 info: [0mGET /categories?[object%20Object] [36m304[0m 54.979 ms - -[0m
2023-06-21 13:48:20 info: [0mGET /ceos?[object%20Object] [36m304[0m 86.087 ms - -[0m
2023-06-21 13:48:20 info: [0mGET /posts?[object%20Object] [36m304[0m 273.868 ms - -[0m
2023-06-21 13:48:23 info: [0mOPTIONS /admins/profile [32m204[0m 55.053 ms - 0[0m
2023-06-21 13:48:23 info: [0mGET /posts/show/11 [36m304[0m 220.164 ms - -[0m
2023-06-21 13:48:23 info: [0mGET /banners? [32m200[0m 172.956 ms - -[0m
2023-06-21 13:48:23 info: [0mGET /admins/profile [36m304[0m 278.471 ms - -[0m
2023-06-21 13:48:23 info: [0mGET /banners?page=1&page_size=10 [36m304[0m 78.016 ms - -[0m
2023-06-21 13:48:26 info: [0mGET /banners/show/1 [32m200[0m 62.490 ms - 825[0m
2023-06-21 13:48:26 info: [0mGET /admins/profile [36m304[0m 49.704 ms - -[0m
2023-06-21 13:48:28 info: [0mOPTIONS /banners/update/1 [32m204[0m 0.679 ms - 0[0m
2023-06-21 13:48:28 info: [0mPUT /banners/update/1 [32m200[0m 131.984 ms - 27[0m
2023-06-21 13:48:29 info: [0mGET /posts/show/11 [36m304[0m 250.342 ms - -[0m
2023-06-21 13:48:29 info: [0mGET /banners/show/1 [32m200[0m 227.346 ms - 831[0m
2023-06-21 13:48:29 info: [0mGET /posts/show/11 [36m304[0m 155.650 ms - -[0m
2023-06-21 13:48:29 info: [0mGET /posts/show/11 [36m304[0m 151.104 ms - -[0m
2023-06-21 13:48:29 info: [0mGET /posts/show/11 [36m304[0m 65.688 ms - -[0m
2023-06-21 13:48:32 info: [0mOPTIONS /admins/profile [32m204[0m 0.657 ms - 0[0m
2023-06-21 13:48:32 info: [0mGET /banners/show/1 [32m200[0m 216.785 ms - 825[0m
2023-06-21 13:48:32 info: [0mGET /admins/profile [36m304[0m 303.035 ms - -[0m
2023-06-21 13:48:33 info: [0mGET /posts?page=1&page_size=10 [32m200[0m 630.577 ms - -[0m
2023-06-21 13:48:33 info: [0mGET /posts? [32m200[0m 601.196 ms - -[0m
2023-06-21 13:48:37 info: [0mGET /admins/profile [36m304[0m 93.763 ms - -[0m
2023-06-21 13:48:37 info: [0mGET /posts/show/11 [36m304[0m 102.166 ms - -[0m
2023-06-21 13:48:38 info: [0mGET /categories?[object%20Object] [36m304[0m 58.965 ms - -[0m
2023-06-21 13:48:38 info: [0mGET /ceos?[object%20Object] [36m304[0m 67.687 ms - -[0m
2023-06-21 13:48:38 info: [0mGET /posts?[object%20Object] [36m304[0m 272.772 ms - -[0m
2023-06-21 13:48:40 info: [0mOPTIONS /posts/update/11 [32m204[0m 0.201 ms - 0[0m
2023-06-21 13:48:40 info: [0mPUT /posts/update/11 [32m200[0m 47.242 ms - 16[0m
2023-06-21 13:48:40 info: [0mGET /banners/show/1 [32m200[0m 67.419 ms - 831[0m
2023-06-21 13:48:40 info: [0mGET /posts/show/11 [36m304[0m 99.506 ms - -[0m
2023-06-21 13:48:40 info: [0mGET /posts/show/11 [36m304[0m 52.521 ms - -[0m
2023-06-21 13:48:40 info: [0mGET /posts/show/11 [36m304[0m 27.449 ms - -[0m
2023-06-21 13:48:40 info: [0mGET /posts/show/11 [36m304[0m 52.861 ms - -[0m
2023-06-21 13:48:40 info: [0mGET /posts/show/11 [36m304[0m 27.086 ms - -[0m
2023-06-21 13:48:41 info: [0mGET /categories?[object%20Object] [36m304[0m 38.208 ms - -[0m
2023-06-21 13:48:41 info: [0mGET /ceos?[object%20Object] [36m304[0m 79.734 ms - -[0m
2023-06-21 13:48:42 info: [0mGET /posts?[object%20Object] [36m304[0m 199.565 ms - -[0m
2023-06-21 13:48:51 info: [0mOPTIONS /admins/profile [32m204[0m 0.299 ms - 0[0m
2023-06-21 13:48:51 info: [0mGET /posts/show/11 [36m304[0m 164.936 ms - -[0m
2023-06-21 13:48:51 info: [0mGET /admins/profile [36m304[0m 170.210 ms - -[0m
2023-06-21 13:48:52 info: [0mGET /posts?page=1&page_size=10 [36m304[0m 438.406 ms - -[0m
2023-06-21 13:48:52 info: [0mGET /posts?page=1&page_size=10 [36m304[0m 391.467 ms - -[0m
2023-06-21 13:48:54 info: [0mGET /ceos?[object%20Object] [36m304[0m 38.592 ms - -[0m
2023-06-21 13:48:54 info: [0mGET /categories?[object%20Object] [36m304[0m 119.864 ms - -[0m
2023-06-21 13:48:54 info: [0mGET /admins/profile [36m304[0m 156.874 ms - -[0m
2023-06-21 13:48:54 info: [0mGET /posts?[object%20Object] [36m304[0m 357.568 ms - -[0m
2023-06-21 13:49:00 info: [0mOPTIONS /posts/create [32m204[0m 0.933 ms - 0[0m
2023-06-21 13:49:00 info: [0mPOST /posts/create [32m200[0m 64.759 ms - 16[0m
2023-06-21 13:49:01 info: [0mOPTIONS /admins/profile [32m204[0m 0.591 ms - 0[0m
2023-06-21 13:49:01 info: [0mGET /admins/profile [36m304[0m 140.727 ms - -[0m
2023-06-21 13:49:01 info: [0mGET /posts?page=1&page_size=10 [32m200[0m 231.721 ms - -[0m
2023-06-21 13:49:02 info: [0mGET /posts?page=1&page_size=10 [32m200[0m 125.704 ms - -[0m
2023-06-21 13:49:04 info: [0mGET /posts/show/13 [32m200[0m 48.314 ms - 482[0m
2023-06-21 13:49:04 info: [0mGET /admins/profile [36m304[0m 61.898 ms - -[0m
2023-06-21 13:49:04 info: [0mGET /categories?[object%20Object] [36m304[0m 39.485 ms - -[0m
2023-06-21 13:49:04 info: [0mGET /ceos?[object%20Object] [36m304[0m 63.332 ms - -[0m
2023-06-21 13:49:05 info: [0mGET /posts?[object%20Object] [32m200[0m 291.580 ms - -[0m
2023-06-21 13:49:06 info: [0mOPTIONS /posts/update/13 [32m204[0m 0.162 ms - 0[0m
2023-06-21 13:49:06 info: [0mPUT /posts/update/13 [32m200[0m 16.660 ms - 16[0m
2023-06-21 13:49:06 info: [0mGET /banners/show/1 [36m304[0m 46.589 ms - -[0m
2023-06-21 13:49:06 info: [0mGET /posts/show/13 [36m304[0m 55.489 ms - -[0m
2023-06-21 13:49:06 info: [0mGET /posts/show/11 [36m304[0m 88.049 ms - -[0m
2023-06-21 13:49:06 info: [0mGET /posts/show/11 [36m304[0m 42.165 ms - -[0m
2023-06-21 13:49:06 info: [0mGET /posts/show/11 [36m304[0m 30.484 ms - -[0m
2023-06-21 13:49:06 info: [0mGET /posts/show/11 [36m304[0m 36.452 ms - -[0m
2023-06-21 13:49:06 info: [0mGET /posts/show/11 [36m304[0m 28.637 ms - -[0m
2023-06-21 13:49:06 info: [0mGET /categories?[object%20Object] [36m304[0m 13.704 ms - -[0m
2023-06-21 13:49:06 info: [0mGET /ceos?[object%20Object] [36m304[0m 15.045 ms - -[0m
2023-06-21 13:49:07 info: [0mGET /posts?[object%20Object] [36m304[0m 177.165 ms - -[0m
2023-06-21 13:49:34 info: =================================
2023-06-21 13:49:34 info: ======= ENV: development =======
2023-06-21 13:49:34 info: 🚀 App listening on the port 8000
2023-06-21 13:49:34 info: =================================
2023-06-21 13:49:58 info: =================================
2023-06-21 13:49:58 info: ======= ENV: development =======
2023-06-21 13:49:58 info: 🚀 App listening on the port 8000
2023-06-21 13:49:58 info: =================================
2023-06-21 13:50:07 info: [0mOPTIONS /admins/profile [32m204[0m 2.163 ms - 0[0m
2023-06-21 13:50:08 info: [0mGET /admins/profile [36m304[0m 815.695 ms - -[0m
2023-06-21 13:50:08 info: [0mGET /posts?page=1&page_size=10 [36m304[0m 554.537 ms - -[0m
2023-06-21 13:50:09 info: [0mGET /posts?page=1&page_size=10 [36m304[0m 281.072 ms - -[0m
2023-06-21 13:50:11 info: [0mGET /admins/profile [36m304[0m 168.285 ms - -[0m
2023-06-21 13:50:11 info: [0mGET /posts/show/13 [36m304[0m 164.496 ms - -[0m
2023-06-21 13:50:12 info: [0mGET /ceos?[object%20Object] [36m304[0m 122.822 ms - -[0m
2023-06-21 13:50:12 info: [0mGET /categories?[object%20Object] [36m304[0m 164.479 ms - -[0m
2023-06-21 13:50:13 info: [0mGET /posts?[object%20Object] [36m304[0m 635.501 ms - -[0m
2023-06-21 13:50:16 info: [0mOPTIONS /posts/update/13 [32m204[0m 1.464 ms - 0[0m
2023-06-21 13:50:17 info: [0mPUT /posts/update/13 [32m200[0m 179.268 ms - 16[0m
2023-06-21 13:50:17 info: [0mGET /posts/show/13 [36m304[0m 60.783 ms - -[0m
2023-06-21 13:50:18 info: [0mGET /ceos?[object%20Object] [36m304[0m 60.840 ms - -[0m
2023-06-21 13:50:18 info: [0mGET /categories?[object%20Object] [36m304[0m 98.039 ms - -[0m
2023-06-21 13:50:18 info: [0mGET /posts?[object%20Object] [36m304[0m 257.951 ms - -[0m
2023-06-21 13:50:50 info: [0mOPTIONS /posts/update/13 [32m204[0m 3.742 ms - 0[0m
2023-06-21 13:50:50 info: [0mPUT /posts/update/13 [32m200[0m 45.955 ms - 16[0m
2023-06-21 13:50:50 info: [0mGET /posts/show/13 [36m304[0m 71.645 ms - -[0m
2023-06-21 13:50:51 info: [0mGET /categories?[object%20Object] [36m304[0m 49.665 ms - -[0m
2023-06-21 13:50:51 info: [0mGET /ceos?[object%20Object] [36m304[0m 27.126 ms - -[0m
2023-06-21 13:50:51 info: [0mGET /posts?[object%20Object] [36m304[0m 292.496 ms - -[0m
2023-06-21 13:52:54 info: [0mGET /posts/show/13 [36m304[0m 190.034 ms - -[0m
2023-06-21 13:52:54 info: [0mGET /posts/show/13 [36m304[0m 17.026 ms - -[0m
2023-06-21 13:52:55 info: [0mGET /categories?[object%20Object] [36m304[0m 242.206 ms - -[0m
2023-06-21 13:52:55 info: [0mGET /ceos?[object%20Object] [36m304[0m 192.054 ms - -[0m
2023-06-21 13:52:56 info: [0mGET /posts?[object%20Object] [36m304[0m 834.955 ms - -[0m
2023-06-21 13:53:02 info: [0mOPTIONS /admins/profile [32m204[0m 0.586 ms - 0[0m
2023-06-21 13:53:02 info: [0mGET /categories?[object%20Object] [36m304[0m 57.730 ms - -[0m
2023-06-21 13:53:02 info: [0mGET /ceos?[object%20Object] [36m304[0m 113.726 ms - -[0m
2023-06-21 13:53:02 info: [0mGET /admins/profile [36m304[0m 108.213 ms - -[0m
2023-06-21 13:53:02 info: [0mGET /posts/show/13 [36m304[0m 50.863 ms - -[0m
2023-06-21 13:53:02 info: [0mGET /posts?[object%20Object] [32m200[0m 278.066 ms - -[0m
2023-06-21 13:53:03 info: [0mGET /categories?[object%20Object] [36m304[0m 120.221 ms - -[0m
2023-06-21 13:53:03 info: [0mGET /ceos?[object%20Object] [36m304[0m 127.592 ms - -[0m
2023-06-21 13:53:04 info: [0mGET /posts?[object%20Object] [32m200[0m 357.661 ms - -[0m
2023-06-21 13:53:05 info: [0mOPTIONS /posts/update/13 [32m204[0m 1.340 ms - 0[0m
2023-06-21 13:53:05 info: [0mPUT /posts/update/13 [32m200[0m 237.971 ms - 16[0m
2023-06-21 13:53:06 info: [0mGET /posts/show/13 [36m304[0m 35.351 ms - -[0m
2023-06-21 13:53:06 info: [0mGET /categories?[object%20Object] [36m304[0m 24.037 ms - -[0m
2023-06-21 13:53:06 info: [0mGET /ceos?[object%20Object] [36m304[0m 31.587 ms - -[0m
2023-06-21 13:53:06 info: [0mGET /posts?[object%20Object] [36m304[0m 285.817 ms - -[0m
2023-06-21 13:53:14 info: [0mGET /posts/show/13 [36m304[0m 398.439 ms - -[0m
2023-06-21 13:53:14 info: [0mGET /posts/show/13 [36m304[0m 34.224 ms - -[0m
2023-06-21 13:53:15 info: [0mGET /categories?[object%20Object] [36m304[0m 149.425 ms - -[0m
2023-06-21 13:53:15 info: [0mGET /ceos?[object%20Object] [36m304[0m 160.203 ms - -[0m
2023-06-21 13:53:15 info: [0mGET /posts?[object%20Object] [36m304[0m 518.934 ms - -[0m
2023-06-21 13:53:20 info: [0mOPTIONS /admins/profile [32m204[0m 6.796 ms - 0[0m
2023-06-21 13:53:21 info: [0mGET /categories?[object%20Object] [36m304[0m 301.924 ms - -[0m
2023-06-21 13:53:21 info: [0mGET /ceos?[object%20Object] [36m304[0m 249.235 ms - -[0m
2023-06-21 13:53:21 info: [0mGET /admins/profile [36m304[0m 521.678 ms - -[0m
2023-06-21 13:53:21 info: [0mGET /posts?[object%20Object] [36m304[0m 695.655 ms - -[0m
2023-06-21 13:53:21 info: [0mGET /posts/show/13 [36m304[0m 25.253 ms - -[0m
2023-06-21 13:53:22 info: [0mGET /categories?[object%20Object] [36m304[0m 89.828 ms - -[0m
2023-06-21 13:53:22 info: [0mGET /ceos?[object%20Object] [36m304[0m 83.839 ms - -[0m
2023-06-21 13:53:23 info: [0mGET /posts?[object%20Object] [36m304[0m 343.587 ms - -[0m
2023-06-21 13:53:25 info: [0mOPTIONS /posts/update/13 [32m204[0m 0.218 ms - 0[0m
2023-06-21 13:53:25 info: [0mPUT /posts/update/13 [32m200[0m 56.632 ms - 16[0m
2023-06-21 13:53:25 info: [0mGET /posts/show/13 [36m304[0m 219.039 ms - -[0m
2023-06-21 13:53:26 info: [0mGET /ceos?[object%20Object] [36m304[0m 48.665 ms - -[0m
2023-06-21 13:53:26 info: [0mGET /categories?[object%20Object] [36m304[0m 55.536 ms - -[0m
2023-06-21 13:53:26 info: [0mGET /posts?[object%20Object] [36m304[0m 198.556 ms - -[0m
2023-06-21 13:53:31 info: [0mOPTIONS /posts/update/13 [32m204[0m 0.555 ms - 0[0m
2023-06-21 13:53:31 info: [0mPUT /posts/update/13 [32m200[0m 207.327 ms - 16[0m
2023-06-21 13:53:32 info: [0mGET /posts/show/13 [36m304[0m 98.959 ms - -[0m
2023-06-21 13:53:32 info: [0mGET /categories?[object%20Object] [36m304[0m 41.730 ms - -[0m
2023-06-21 13:53:32 info: [0mGET /ceos?[object%20Object] [36m304[0m 83.921 ms - -[0m
2023-06-21 13:53:33 info: [0mGET /posts?[object%20Object] [36m304[0m 481.026 ms - -[0m
2023-06-21 13:54:48 info: [0mGET /categories?[object%20Object] [36m304[0m 59.579 ms - -[0m
2023-06-21 13:54:48 info: [0mGET /posts/show/13 [36m304[0m 55.560 ms - -[0m
2023-06-21 13:54:48 info: [0mGET /posts/show/13 [36m304[0m 8.564 ms - -[0m
2023-06-21 13:54:49 info: [0mGET /categories?[object%20Object] [36m304[0m 53.872 ms - -[0m
2023-06-21 13:54:49 info: [0mGET /ceos?[object%20Object] [36m304[0m 119.419 ms - -[0m
2023-06-21 13:54:49 info: [0mGET /posts?[object%20Object] [36m304[0m 307.191 ms - -[0m
2023-06-21 13:54:57 info: [0mOPTIONS /admins/profile [32m204[0m 0.959 ms - 0[0m
2023-06-21 13:54:57 info: [0mGET /categories?[object%20Object] [36m304[0m 58.154 ms - -[0m
2023-06-21 13:54:57 info: [0mGET /ceos?[object%20Object] [36m304[0m 36.131 ms - -[0m
2023-06-21 13:54:57 info: [0mGET /admins/profile [36m304[0m 199.911 ms - -[0m
2023-06-21 13:54:57 info: [0mGET /posts?[object%20Object] [36m304[0m 338.023 ms - -[0m
2023-06-21 13:54:57 info: [0mGET /posts/show/13 [36m304[0m 93.489 ms - -[0m
2023-06-21 13:54:58 info: [0mGET /categories?[object%20Object] [36m304[0m 126.642 ms - -[0m
2023-06-21 13:54:58 info: [0mGET /ceos?[object%20Object] [36m304[0m 124.248 ms - -[0m
2023-06-21 13:54:58 info: [0mGET /posts?[object%20Object] [36m304[0m 309.724 ms - -[0m
2023-06-21 13:55:00 info: [0mOPTIONS /posts/update/13 [32m204[0m 1.053 ms - 0[0m
2023-06-21 13:55:00 info: [0mPUT /posts/update/13 [32m200[0m 58.843 ms - 16[0m
2023-06-21 13:55:00 info: [0mGET /posts/show/13 [36m304[0m 11.610 ms - -[0m
2023-06-21 13:55:01 info: [0mGET /categories?[object%20Object] [36m304[0m 17.168 ms - -[0m
2023-06-21 13:55:01 info: [0mGET /ceos?[object%20Object] [36m304[0m 34.885 ms - -[0m
2023-06-21 13:55:01 info: [0mGET /posts?[object%20Object] [36m304[0m 157.419 ms - -[0m
2023-06-21 13:55:06 info: [0mOPTIONS /posts/update/13 [32m204[0m 3.200 ms - 0[0m
2023-06-21 13:55:06 info: [0mPUT /posts/update/13 [32m200[0m 64.026 ms - 16[0m
2023-06-21 13:55:06 info: [0mGET /posts/show/13 [36m304[0m 12.944 ms - -[0m
2023-06-21 13:55:06 info: [0mGET /categories?[object%20Object] [36m304[0m 55.082 ms - -[0m
2023-06-21 13:55:06 info: [0mGET /ceos?[object%20Object] [36m304[0m 57.066 ms - -[0m
2023-06-21 13:55:07 info: [0mGET /posts?[object%20Object] [36m304[0m 266.277 ms - -[0m
2023-06-21 13:55:09 info: [0mPUT /posts/update/13 [32m200[0m 321.161 ms - 16[0m
2023-06-21 13:55:10 info: [0mGET /posts/show/13 [36m304[0m 159.535 ms - -[0m
2023-06-21 13:55:10 info: [0mGET /categories?[object%20Object] [36m304[0m 86.999 ms - -[0m
2023-06-21 13:55:10 info: [0mGET /ceos?[object%20Object] [36m304[0m 91.822 ms - -[0m
2023-06-21 13:55:10 info: [0mGET /posts?[object%20Object] [36m304[0m 217.676 ms - -[0m
2023-06-21 14:00:01 info: [0mGET /posts/show/13 [36m304[0m 370.146 ms - -[0m
2023-06-21 14:00:01 info: [0mGET /posts/show/13 [36m304[0m 40.615 ms - -[0m
2023-06-21 14:00:01 info: [0mGET /posts?[object%20Object] [36m304[0m 533.941 ms - -[0m
2023-06-21 14:00:02 info: [0mGET /categories?[object%20Object] [36m304[0m 174.410 ms - -[0m
2023-06-21 14:00:02 info: [0mGET /ceos?[object%20Object] [36m304[0m 131.245 ms - -[0m
2023-06-21 14:00:02 info: [0mGET /posts?[object%20Object] [36m304[0m 526.280 ms - -[0m
2023-06-21 14:00:24 info: =================================
2023-06-21 14:00:24 info: ======= ENV: development =======
2023-06-21 14:00:24 info: 🚀 App listening on the port 8000
2023-06-21 14:00:24 info: =================================
2023-06-21 14:00:39 info: =================================
2023-06-21 14:00:39 info: ======= ENV: development =======
2023-06-21 14:00:39 info: 🚀 App listening on the port 8000
2023-06-21 14:00:39 info: =================================
2023-06-21 14:00:41 info: [0mOPTIONS /admins/profile [32m204[0m 3.068 ms - 0[0m
2023-06-21 14:00:41 info: [0mGET /categories?[object%20Object] [36m304[0m 396.628 ms - -[0m
2023-06-21 14:00:42 info: [0mGET /ceos?[object%20Object] [36m304[0m 436.838 ms - -[0m
2023-06-21 14:00:42 info: [0mGET /admins/profile [36m304[0m 535.072 ms - -[0m
2023-06-21 14:00:42 info: [0mGET /posts?[object%20Object] [36m304[0m 595.532 ms - -[0m
2023-06-21 14:00:42 info: [0mGET /posts/show/13 [36m304[0m 71.165 ms - -[0m
2023-06-21 14:00:43 info: [0mGET /categories?[object%20Object] [36m304[0m 89.035 ms - -[0m
2023-06-21 14:00:43 info: [0mGET /posts?[object%20Object] [36m304[0m 193.470 ms - -[0m
2023-06-21 14:00:43 info: [0mGET /ceos?[object%20Object] [36m304[0m 211.376 ms - -[0m
2023-06-21 14:00:46 info: [0mOPTIONS /posts/update/13 [32m204[0m 0.838 ms - 0[0m
2023-06-21 14:00:46 info: [0mPUT /posts/update/13 [32m200[0m 138.936 ms - 16[0m
2023-06-21 14:00:46 info: [0mGET /posts/show/13 [32m200[0m 21.426 ms - 480[0m
2023-06-21 14:00:47 info: [0mGET /categories?[object%20Object] [36m304[0m 42.989 ms - -[0m
2023-06-21 14:00:47 info: [0mGET /ceos?[object%20Object] [36m304[0m 45.291 ms - -[0m
2023-06-21 14:00:47 info: [0mGET /posts?[object%20Object] [32m200[0m 191.830 ms - -[0m
2023-06-21 14:00:56 info: [0mOPTIONS /posts/update/13 [32m204[0m 0.623 ms - 0[0m
2023-06-21 14:00:56 info: [0mPUT /posts/update/13 [32m200[0m 67.611 ms - 16[0m
2023-06-21 14:00:56 info: [0mGET /posts/show/13 [32m200[0m 49.105 ms - 485[0m
2023-06-21 14:00:57 info: [0mGET /categories?[object%20Object] [36m304[0m 26.109 ms - -[0m
2023-06-21 14:00:57 info: [0mGET /ceos?[object%20Object] [36m304[0m 27.251 ms - -[0m
2023-06-21 14:00:57 info: [0mGET /posts?[object%20Object] [32m200[0m 219.896 ms - -[0m
2023-06-21 14:01:01 info: [0mPUT /posts/update/13 [32m200[0m 61.565 ms - 16[0m
2023-06-21 14:01:01 info: [0mGET /posts/show/13 [32m200[0m 22.526 ms - 487[0m
2023-06-21 14:01:02 info: [0mGET /categories?[object%20Object] [36m304[0m 49.985 ms - -[0m
2023-06-21 14:01:02 info: [0mGET /ceos?[object%20Object] [36m304[0m 77.967 ms - -[0m
2023-06-21 14:01:02 info: [0mGET /posts?[object%20Object] [32m200[0m 253.653 ms - -[0m
2023-06-21 14:01:07 info: [0mOPTIONS /posts/update/13 [32m204[0m 0.271 ms - 0[0m
2023-06-21 14:01:07 info: [0mPUT /posts/update/13 [32m200[0m 83.873 ms - 16[0m
2023-06-21 14:01:07 info: [0mGET /posts/show/13 [32m200[0m 47.523 ms - 501[0m
2023-06-21 14:01:08 info: [0mGET /categories?[object%20Object] [36m304[0m 15.638 ms - -[0m
2023-06-21 14:01:08 info: [0mGET /ceos?[object%20Object] [36m304[0m 19.119 ms - -[0m
2023-06-21 14:01:09 info: [0mGET /posts?[object%20Object] [32m200[0m 184.021 ms - -[0m
2023-06-21 14:01:32 info: [0mOPTIONS /admins/profile [32m204[0m 1.056 ms - 0[0m
2023-06-21 14:01:32 info: [0mGET /categories?[object%20Object] [36m304[0m 110.481 ms - -[0m
2023-06-21 14:01:32 info: [0mGET /ceos?[object%20Object] [36m304[0m 107.082 ms - -[0m
2023-06-21 14:01:32 info: [0mGET /admins/profile [36m304[0m 166.720 ms - -[0m
2023-06-21 14:01:33 info: [0mGET /posts?[object%20Object] [36m304[0m 466.030 ms - -[0m
2023-06-21 14:01:33 info: [0mGET /posts/show/13 [36m304[0m 42.516 ms - -[0m
2023-06-21 14:01:34 info: [0mGET /categories?[object%20Object] [36m304[0m 49.289 ms - -[0m
2023-06-21 14:01:34 info: [0mGET /ceos?[object%20Object] [36m304[0m 28.102 ms - -[0m
2023-06-21 14:01:34 info: [0mGET /posts?[object%20Object] [36m304[0m 294.721 ms - -[0m
2023-06-21 14:02:19 info: [0mOPTIONS /admins/profile [32m204[0m 1.959 ms - 0[0m
2023-06-21 14:02:19 info: [0mGET /ceos?[object%20Object] [36m304[0m 190.292 ms - -[0m
2023-06-21 14:02:19 info: [0mGET /categories?[object%20Object] [36m304[0m 215.328 ms - -[0m
2023-06-21 14:02:19 info: [0mGET /admins/profile [36m304[0m 253.109 ms - -[0m
2023-06-21 14:02:20 info: [0mGET /posts?[object%20Object] [36m304[0m 669.254 ms - -[0m
2023-06-21 14:02:20 info: [0mGET /posts/show/13 [36m304[0m 79.714 ms - -[0m
2023-06-21 14:02:21 info: [0mGET /categories?[object%20Object] [36m304[0m 72.699 ms - -[0m
2023-06-21 14:02:21 info: [0mGET /ceos?[object%20Object] [36m304[0m 111.768 ms - -[0m
2023-06-21 14:02:21 info: [0mGET /posts?[object%20Object] [36m304[0m 411.001 ms - -[0m
