2023-05-01 14:19:26 info: [0mGET /posts/getListFeatured [32m200[0m 846.247 ms - 519[0m
2023-05-01 14:19:26 info: [0mGET /services/nav [36m304[0m 776.525 ms - -[0m
2023-05-01 14:19:26 info: [0mGET /ceos/getlistCeo [36m304[0m 315.861 ms - -[0m
2023-05-01 14:19:30 info: [0mGET /branchs/getListBranch [36m304[0m 51.265 ms - -[0m
2023-05-01 14:19:30 info: [0mGET /projects [36m304[0m 87.889 ms - -[0m
2023-05-01 14:19:30 info: [0mGET /services/getListService [36m304[0m 86.355 ms - -[0m
2023-05-01 14:19:34 info: [0mGET /categories/post [36m304[0m 84.804 ms - -[0m
2023-05-01 14:19:34 info: [0mGET /posts/getPageAll [36m304[0m 210.975 ms - -[0m
2023-05-01 14:19:37 info: [0mGET /jobs/getListFeatured [36m304[0m 139.792 ms - -[0m
2023-05-01 14:19:40 info: [0mGET /ceos/getlistCeo [36m304[0m 20.050 ms - -[0m
2023-05-01 14:19:42 info: [0mGET /posts/getListFeatured [36m304[0m 20.182 ms - -[0m
2023-05-01 14:19:42 info: [0mGET /services/nav [36m304[0m 17.857 ms - -[0m
2023-05-01 14:19:48 info: [0mGET /categories/post [36m304[0m 65.849 ms - -[0m
2023-05-01 14:19:48 info: [0mGET /posts/category/1 [36m304[0m 80.700 ms - -[0m
2023-05-01 14:19:49 info: [0mGET /posts/getListFeatured [36m304[0m 10.848 ms - -[0m
2023-05-01 14:19:49 info: [0mGET /services/nav [36m304[0m 17.414 ms - -[0m
2023-05-01 15:07:55 info: [0mGET /ceos/getlistCeo [36m304[0m 523.890 ms - -[0m
2023-05-01 15:07:57 info: [0mGET /branchs/getListBranch [36m304[0m 190.381 ms - -[0m
2023-05-01 15:07:57 info: [0mGET /services/getListService [36m304[0m 242.612 ms - -[0m
2023-05-01 15:07:57 info: [0mGET /projects [36m304[0m 310.497 ms - -[0m
2023-05-01 15:07:58 info: [0mGET /categories/post [36m304[0m 22.013 ms - -[0m
2023-05-01 15:07:58 info: [0mGET /posts/getPageAll [36m304[0m 83.439 ms - -[0m
2023-05-01 15:08:00 info: [0mGET /jobs/getListFeatured [36m304[0m 39.360 ms - -[0m
2023-05-01 15:08:03 info: [0mGET /ceos/getlistCeo [36m304[0m 61.001 ms - -[0m
2023-05-01 15:11:15 info: [0mGET /branchs/getListBranch [36m304[0m 45.874 ms - -[0m
2023-05-01 15:11:15 info: [0mGET /projects [36m304[0m 184.668 ms - -[0m
2023-05-01 15:11:15 info: [0mGET /services/getListService [36m304[0m 83.318 ms - -[0m
2023-05-01 15:11:16 info: [0mGET /categories/post [36m304[0m 5.307 ms - -[0m
2023-05-01 15:11:16 info: [0mGET /posts/getPageAll [36m304[0m 59.127 ms - -[0m
2023-05-01 15:11:17 info: [0mGET /jobs/getListFeatured [36m304[0m 10.890 ms - -[0m
2023-05-01 15:11:18 info: [0mGET /categories/post [36m304[0m 12.532 ms - -[0m
2023-05-01 15:11:18 info: [0mGET /posts/getPageAll [36m304[0m 42.599 ms - -[0m
2023-05-01 15:11:18 info: [0mGET /branchs/getListBranch [36m304[0m 48.606 ms - -[0m
2023-05-01 15:11:18 info: [0mGET /projects [36m304[0m 62.014 ms - -[0m
2023-05-01 15:11:18 info: [0mGET /services/getListService [36m304[0m 58.884 ms - -[0m
2023-05-01 15:11:19 info: [0mGET /ceos/getlistCeo [36m304[0m 16.165 ms - -[0m
2023-05-01 15:11:21 info: [0mGET /posts/getListFeatured [36m304[0m 157.380 ms - -[0m
2023-05-01 15:11:21 info: [0mGET /services/nav [36m304[0m 150.483 ms - -[0m
2023-05-01 15:11:28 info: [0mOPTIONS /admins/login [32m204[0m 1.281 ms - 0[0m
2023-05-01 15:11:29 info: [0mPOST /admins/login [32m200[0m 162.119 ms - 744[0m
2023-05-01 15:11:30 info: [0mOPTIONS /admins/profile [32m204[0m 1.015 ms - 0[0m
2023-05-01 15:11:30 info: [0mGET /admins/profile [36m304[0m 129.977 ms - -[0m
2023-05-01 15:11:33 info: [0mGET /admins/profile [36m304[0m 132.982 ms - -[0m
2023-05-01 15:11:33 info: [0mGET /banners? [32m200[0m 206.114 ms - 308[0m
2023-05-01 15:11:34 info: [0mGET /banners?page=1&page_size=10 [32m200[0m 56.190 ms - 308[0m
2023-05-01 15:11:35 info: [0mOPTIONS /admins/profile [32m204[0m 1.034 ms - 0[0m
2023-05-01 15:11:35 info: [0mGET /services/nav [36m304[0m 116.281 ms - -[0m
2023-05-01 15:11:35 info: [0mGET /admins/profile [36m304[0m 216.318 ms - -[0m
2023-05-01 15:11:36 info: [0mGET /services/show/1 [32m200[0m 8.839 ms - 259[0m
2023-05-01 15:11:36 info: [0mGET /services/show/2 [32m200[0m 9.901 ms - 255[0m
2023-05-01 15:11:38 info: [0mGET /branchs? [36m304[0m 80.555 ms - -[0m
2023-05-01 15:11:38 info: [0mGET /branchs?page=1&page_size=10 [36m304[0m 72.717 ms - -[0m
2023-05-01 15:11:39 info: [0mGET /admins/profile [36m304[0m 157.801 ms - -[0m
2023-05-01 15:11:40 info: [0mOPTIONS /admins/profile [32m204[0m 0.312 ms - 0[0m
2023-05-01 15:11:41 info: [0mGET /admins/profile [36m304[0m 140.386 ms - -[0m
2023-05-01 15:11:41 info: [0mGET /projects? [32m200[0m 194.097 ms - 710[0m
2023-05-01 15:11:41 info: [0mGET /projects?page=1&page_size=10 [36m304[0m 84.303 ms - -[0m
2023-05-01 15:11:41 info: [0mGET /branchs? [36m304[0m 50.425 ms - -[0m
2023-05-01 15:11:41 info: [0mGET /admins/profile [36m304[0m 73.038 ms - -[0m
2023-05-01 15:11:42 info: [0mGET /branchs?page=1&page_size=10 [36m304[0m 15.194 ms - -[0m
2023-05-01 15:11:44 info: [0mGET /admins/profile [36m304[0m 111.685 ms - -[0m
2023-05-01 15:11:45 info: [0mGET /admins/profile [36m304[0m 37.726 ms - -[0m
2023-05-01 15:11:45 info: [0mGET /branchs?page=1&page_size=10 [36m304[0m 85.841 ms - -[0m
2023-05-01 15:11:45 info: [0mGET /branchs?page=1&page_size=10 [36m304[0m 40.673 ms - -[0m
2023-05-01 15:11:46 info: [0mOPTIONS /admins/profile [32m204[0m 3.048 ms - 0[0m
2023-05-01 15:11:46 info: [0mGET /categories? [32m200[0m 112.757 ms - 372[0m
2023-05-01 15:11:46 info: [0mGET /admins/profile [36m304[0m 134.562 ms - -[0m
2023-05-01 15:11:47 info: [0mGET /categories?page=1&page_size=10 [32m200[0m 34.609 ms - 372[0m
2023-05-01 15:11:48 info: [0mGET /projects? [36m304[0m 64.027 ms - -[0m
2023-05-01 15:11:48 info: [0mGET /admins/profile [36m304[0m 76.499 ms - -[0m
2023-05-01 15:11:48 info: [0mGET /projects?page=1&page_size=10 [36m304[0m 11.538 ms - -[0m
2023-05-01 15:11:51 info: [0mGET /admins/profile [36m304[0m 24.310 ms - -[0m
2023-05-01 15:11:51 info: [0mGET /projects/show/6 [32m200[0m 161.862 ms - 473[0m
2023-05-01 15:11:51 info: [0mGET /branchs?[object%20Object] [36m304[0m 47.703 ms - -[0m
2023-05-01 15:11:51 info: [0mGET /projects?[object%20Object] [36m304[0m 57.173 ms - -[0m
2023-05-01 15:11:51 info: [0mGET /services?[object%20Object] [36m304[0m 52.427 ms - -[0m
2023-05-01 17:59:06 error: {"name":"SequelizeDatabaseError","parent":{"code":"ER_NO_SUCH_TABLE","errno":1146,"sqlState":"42S02","sqlMessage":"Table 'tn-uptech-backend.posts' doesn't exist","sql":"SELECT `posts`.`id`, `posts`.`thumbnail`, `posts`.`category_id`, `posts`.`ceo_id`, `posts`.`related`, `posts`.`banner`, `posts`.`isFeatured`, `posts`.`status`, `posts`.`posted_at`, `posts`.`view`, `posts`.`createdAt`, `posts`.`updatedAt`, `posts`.`deletedAt`, `image`.`id` AS `image.id`, `image`.`filename` AS `image.filename`, `image`.`disk` AS `image.disk`, `image`.`folder_id` AS `image.folder_id`, `image`.`path` AS `image.path`, `image`.`extension` AS `image.extension`, `image`.`mime` AS `image.mime`, `image`.`size` AS `image.size`, `image`.`width` AS `image.width`, `image`.`height` AS `image.height`, `image`.`alt` AS `image.alt`, `image`.`creator` AS `image.creator`, `image`.`editor` AS `image.editor`, `image`.`createdAt` AS `image.createdAt`, `image`.`updatedAt` AS `image.updatedAt`, `category`.`id` AS `category.id`, `category`.`status` AS `category.status`, `category`.`type` AS `category.type`, `category`.`createdAt` AS `category.createdAt`, `category`.`updatedAt` AS `category.updatedAt`, `category->translations`.`id` AS `category.translations.id`, `category->translations`.`slug` AS `category.translations.slug`, `category->translations`.`category_id` AS `category.translations.category_id`, `category->translations`.`locale` AS `category.translations.locale`, `category->translations`.`name` AS `category.translations.name`, `category->translations`.`description` AS `category.translations.description`, `translations`.`id` AS `translations.id`, `translations`.`post_id` AS `translations.post_id`, `translations`.`locale` AS `translations.locale`, `translations`.`name` AS `translations.name`, `translations`.`content` AS `translations.content`, `translations`.`description` AS `translations.description`, `translations`.`slug` AS `translations.slug`, `translations`.`custom_slug` AS `translations.custom_slug`, `translations`.`meta_title` AS `translations.meta_title`, `translations`.`meta_description` AS `translations.meta_description`, `translations`.`meta_keyword` AS `translations.meta_keyword`, `translations`.`meta_robots` AS `translations.meta_robots`, `translations`.`canonica_link` AS `translations.canonica_link`, `translations`.`meta_image` AS `translations.meta_image`, `translations`.`meta_viewport` AS `translations.meta_viewport` FROM `posts` AS `posts` LEFT OUTER JOIN `medias` AS `image` ON `posts`.`thumbnail` = `image`.`id` LEFT OUTER JOIN ( `categories` AS `category` INNER JOIN `category_translation` AS `category->translations` ON `category`.`id` = `category->translations`.`category_id` AND `category->translations`.`locale` = 'vi' ) ON `posts`.`category_id` = `category`.`id` INNER JOIN `post_translation` AS `translations` ON `posts`.`id` = `translations`.`post_id` AND `translations`.`locale` = 'vi' WHERE (`posts`.`deletedAt` IS NULL AND (`posts`.`isFeatured` = true AND `posts`.`status` = 'active'));"},"original":{"code":"ER_NO_SUCH_TABLE","errno":1146,"sqlState":"42S02","sqlMessage":"Table 'tn-uptech-backend.posts' doesn't exist","sql":"SELECT `posts`.`id`, `posts`.`thumbnail`, `posts`.`category_id`, `posts`.`ceo_id`, `posts`.`related`, `posts`.`banner`, `posts`.`isFeatured`, `posts`.`status`, `posts`.`posted_at`, `posts`.`view`, `posts`.`createdAt`, `posts`.`updatedAt`, `posts`.`deletedAt`, `image`.`id` AS `image.id`, `image`.`filename` AS `image.filename`, `image`.`disk` AS `image.disk`, `image`.`folder_id` AS `image.folder_id`, `image`.`path` AS `image.path`, `image`.`extension` AS `image.extension`, `image`.`mime` AS `image.mime`, `image`.`size` AS `image.size`, `image`.`width` AS `image.width`, `image`.`height` AS `image.height`, `image`.`alt` AS `image.alt`, `image`.`creator` AS `image.creator`, `image`.`editor` AS `image.editor`, `image`.`createdAt` AS `image.createdAt`, `image`.`updatedAt` AS `image.updatedAt`, `category`.`id` AS `category.id`, `category`.`status` AS `category.status`, `category`.`type` AS `category.type`, `category`.`createdAt` AS `category.createdAt`, `category`.`updatedAt` AS `category.updatedAt`, `category->translations`.`id` AS `category.translations.id`, `category->translations`.`slug` AS `category.translations.slug`, `category->translations`.`category_id` AS `category.translations.category_id`, `category->translations`.`locale` AS `category.translations.locale`, `category->translations`.`name` AS `category.translations.name`, `category->translations`.`description` AS `category.translations.description`, `translations`.`id` AS `translations.id`, `translations`.`post_id` AS `translations.post_id`, `translations`.`locale` AS `translations.locale`, `translations`.`name` AS `translations.name`, `translations`.`content` AS `translations.content`, `translations`.`description` AS `translations.description`, `translations`.`slug` AS `translations.slug`, `translations`.`custom_slug` AS `translations.custom_slug`, `translations`.`meta_title` AS `translations.meta_title`, `translations`.`meta_description` AS `translations.meta_description`, `translations`.`meta_keyword` AS `translations.meta_keyword`, `translations`.`meta_robots` AS `translations.meta_robots`, `translations`.`canonica_link` AS `translations.canonica_link`, `translations`.`meta_image` AS `translations.meta_image`, `translations`.`meta_viewport` AS `translations.meta_viewport` FROM `posts` AS `posts` LEFT OUTER JOIN `medias` AS `image` ON `posts`.`thumbnail` = `image`.`id` LEFT OUTER JOIN ( `categories` AS `category` INNER JOIN `category_translation` AS `category->translations` ON `category`.`id` = `category->translations`.`category_id` AND `category->translations`.`locale` = 'vi' ) ON `posts`.`category_id` = `category`.`id` INNER JOIN `post_translation` AS `translations` ON `posts`.`id` = `translations`.`post_id` AND `translations`.`locale` = 'vi' WHERE (`posts`.`deletedAt` IS NULL AND (`posts`.`isFeatured` = true AND `posts`.`status` = 'active'));"},"sql":"SELECT `posts`.`id`, `posts`.`thumbnail`, `posts`.`category_id`, `posts`.`ceo_id`, `posts`.`related`, `posts`.`banner`, `posts`.`isFeatured`, `posts`.`status`, `posts`.`posted_at`, `posts`.`view`, `posts`.`createdAt`, `posts`.`updatedAt`, `posts`.`deletedAt`, `image`.`id` AS `image.id`, `image`.`filename` AS `image.filename`, `image`.`disk` AS `image.disk`, `image`.`folder_id` AS `image.folder_id`, `image`.`path` AS `image.path`, `image`.`extension` AS `image.extension`, `image`.`mime` AS `image.mime`, `image`.`size` AS `image.size`, `image`.`width` AS `image.width`, `image`.`height` AS `image.height`, `image`.`alt` AS `image.alt`, `image`.`creator` AS `image.creator`, `image`.`editor` AS `image.editor`, `image`.`createdAt` AS `image.createdAt`, `image`.`updatedAt` AS `image.updatedAt`, `category`.`id` AS `category.id`, `category`.`status` AS `category.status`, `category`.`type` AS `category.type`, `category`.`createdAt` AS `category.createdAt`, `category`.`updatedAt` AS `category.updatedAt`, `category->translations`.`id` AS `category.translations.id`, `category->translations`.`slug` AS `category.translations.slug`, `category->translations`.`category_id` AS `category.translations.category_id`, `category->translations`.`locale` AS `category.translations.locale`, `category->translations`.`name` AS `category.translations.name`, `category->translations`.`description` AS `category.translations.description`, `translations`.`id` AS `translations.id`, `translations`.`post_id` AS `translations.post_id`, `translations`.`locale` AS `translations.locale`, `translations`.`name` AS `translations.name`, `translations`.`content` AS `translations.content`, `translations`.`description` AS `translations.description`, `translations`.`slug` AS `translations.slug`, `translations`.`custom_slug` AS `translations.custom_slug`, `translations`.`meta_title` AS `translations.meta_title`, `translations`.`meta_description` AS `translations.meta_description`, `translations`.`meta_keyword` AS `translations.meta_keyword`, `translations`.`meta_robots` AS `translations.meta_robots`, `translations`.`canonica_link` AS `translations.canonica_link`, `translations`.`meta_image` AS `translations.meta_image`, `translations`.`meta_viewport` AS `translations.meta_viewport` FROM `posts` AS `posts` LEFT OUTER JOIN `medias` AS `image` ON `posts`.`thumbnail` = `image`.`id` LEFT OUTER JOIN ( `categories` AS `category` INNER JOIN `category_translation` AS `category->translations` ON `category`.`id` = `category->translations`.`category_id` AND `category->translations`.`locale` = 'vi' ) ON `posts`.`category_id` = `category`.`id` INNER JOIN `post_translation` AS `translations` ON `posts`.`id` = `translations`.`post_id` AND `translations`.`locale` = 'vi' WHERE (`posts`.`deletedAt` IS NULL AND (`posts`.`isFeatured` = true AND `posts`.`status` = 'active'));","parameters":{}}
2023-05-01 17:59:06 info: [0mGET /posts/getListFeatured [32m200[0m 1552.911 ms - 16[0m
2023-05-01 17:59:06 info: [0mGET /services/nav [32m200[0m 1872.623 ms - 16[0m
2023-05-01 17:59:06 info: [0mGET /services/nav [36m304[0m 105.131 ms - -[0m
2023-05-01 17:59:12 info: [0mGET /services/nav [36m304[0m 102.327 ms - -[0m
2023-05-01 17:59:12 error: {"name":"SequelizeDatabaseError","parent":{"code":"ER_NO_SUCH_TABLE","errno":1146,"sqlState":"42S02","sqlMessage":"Table 'tn-uptech-backend.posts' doesn't exist","sql":"SELECT `posts`.`id`, `posts`.`thumbnail`, `posts`.`category_id`, `posts`.`ceo_id`, `posts`.`related`, `posts`.`banner`, `posts`.`isFeatured`, `posts`.`status`, `posts`.`posted_at`, `posts`.`view`, `posts`.`createdAt`, `posts`.`updatedAt`, `posts`.`deletedAt`, `image`.`id` AS `image.id`, `image`.`filename` AS `image.filename`, `image`.`disk` AS `image.disk`, `image`.`folder_id` AS `image.folder_id`, `image`.`path` AS `image.path`, `image`.`extension` AS `image.extension`, `image`.`mime` AS `image.mime`, `image`.`size` AS `image.size`, `image`.`width` AS `image.width`, `image`.`height` AS `image.height`, `image`.`alt` AS `image.alt`, `image`.`creator` AS `image.creator`, `image`.`editor` AS `image.editor`, `image`.`createdAt` AS `image.createdAt`, `image`.`updatedAt` AS `image.updatedAt`, `category`.`id` AS `category.id`, `category`.`status` AS `category.status`, `category`.`type` AS `category.type`, `category`.`createdAt` AS `category.createdAt`, `category`.`updatedAt` AS `category.updatedAt`, `category->translations`.`id` AS `category.translations.id`, `category->translations`.`slug` AS `category.translations.slug`, `category->translations`.`category_id` AS `category.translations.category_id`, `category->translations`.`locale` AS `category.translations.locale`, `category->translations`.`name` AS `category.translations.name`, `category->translations`.`description` AS `category.translations.description`, `translations`.`id` AS `translations.id`, `translations`.`post_id` AS `translations.post_id`, `translations`.`locale` AS `translations.locale`, `translations`.`name` AS `translations.name`, `translations`.`content` AS `translations.content`, `translations`.`description` AS `translations.description`, `translations`.`slug` AS `translations.slug`, `translations`.`custom_slug` AS `translations.custom_slug`, `translations`.`meta_title` AS `translations.meta_title`, `translations`.`meta_description` AS `translations.meta_description`, `translations`.`meta_keyword` AS `translations.meta_keyword`, `translations`.`meta_robots` AS `translations.meta_robots`, `translations`.`canonica_link` AS `translations.canonica_link`, `translations`.`meta_image` AS `translations.meta_image`, `translations`.`meta_viewport` AS `translations.meta_viewport` FROM `posts` AS `posts` LEFT OUTER JOIN `medias` AS `image` ON `posts`.`thumbnail` = `image`.`id` LEFT OUTER JOIN ( `categories` AS `category` INNER JOIN `category_translation` AS `category->translations` ON `category`.`id` = `category->translations`.`category_id` AND `category->translations`.`locale` = 'vi' ) ON `posts`.`category_id` = `category`.`id` INNER JOIN `post_translation` AS `translations` ON `posts`.`id` = `translations`.`post_id` AND `translations`.`locale` = 'vi' WHERE (`posts`.`deletedAt` IS NULL AND (`posts`.`isFeatured` = true AND `posts`.`status` = 'active'));"},"original":{"code":"ER_NO_SUCH_TABLE","errno":1146,"sqlState":"42S02","sqlMessage":"Table 'tn-uptech-backend.posts' doesn't exist","sql":"SELECT `posts`.`id`, `posts`.`thumbnail`, `posts`.`category_id`, `posts`.`ceo_id`, `posts`.`related`, `posts`.`banner`, `posts`.`isFeatured`, `posts`.`status`, `posts`.`posted_at`, `posts`.`view`, `posts`.`createdAt`, `posts`.`updatedAt`, `posts`.`deletedAt`, `image`.`id` AS `image.id`, `image`.`filename` AS `image.filename`, `image`.`disk` AS `image.disk`, `image`.`folder_id` AS `image.folder_id`, `image`.`path` AS `image.path`, `image`.`extension` AS `image.extension`, `image`.`mime` AS `image.mime`, `image`.`size` AS `image.size`, `image`.`width` AS `image.width`, `image`.`height` AS `image.height`, `image`.`alt` AS `image.alt`, `image`.`creator` AS `image.creator`, `image`.`editor` AS `image.editor`, `image`.`createdAt` AS `image.createdAt`, `image`.`updatedAt` AS `image.updatedAt`, `category`.`id` AS `category.id`, `category`.`status` AS `category.status`, `category`.`type` AS `category.type`, `category`.`createdAt` AS `category.createdAt`, `category`.`updatedAt` AS `category.updatedAt`, `category->translations`.`id` AS `category.translations.id`, `category->translations`.`slug` AS `category.translations.slug`, `category->translations`.`category_id` AS `category.translations.category_id`, `category->translations`.`locale` AS `category.translations.locale`, `category->translations`.`name` AS `category.translations.name`, `category->translations`.`description` AS `category.translations.description`, `translations`.`id` AS `translations.id`, `translations`.`post_id` AS `translations.post_id`, `translations`.`locale` AS `translations.locale`, `translations`.`name` AS `translations.name`, `translations`.`content` AS `translations.content`, `translations`.`description` AS `translations.description`, `translations`.`slug` AS `translations.slug`, `translations`.`custom_slug` AS `translations.custom_slug`, `translations`.`meta_title` AS `translations.meta_title`, `translations`.`meta_description` AS `translations.meta_description`, `translations`.`meta_keyword` AS `translations.meta_keyword`, `translations`.`meta_robots` AS `translations.meta_robots`, `translations`.`canonica_link` AS `translations.canonica_link`, `translations`.`meta_image` AS `translations.meta_image`, `translations`.`meta_viewport` AS `translations.meta_viewport` FROM `posts` AS `posts` LEFT OUTER JOIN `medias` AS `image` ON `posts`.`thumbnail` = `image`.`id` LEFT OUTER JOIN ( `categories` AS `category` INNER JOIN `category_translation` AS `category->translations` ON `category`.`id` = `category->translations`.`category_id` AND `category->translations`.`locale` = 'vi' ) ON `posts`.`category_id` = `category`.`id` INNER JOIN `post_translation` AS `translations` ON `posts`.`id` = `translations`.`post_id` AND `translations`.`locale` = 'vi' WHERE (`posts`.`deletedAt` IS NULL AND (`posts`.`isFeatured` = true AND `posts`.`status` = 'active'));"},"sql":"SELECT `posts`.`id`, `posts`.`thumbnail`, `posts`.`category_id`, `posts`.`ceo_id`, `posts`.`related`, `posts`.`banner`, `posts`.`isFeatured`, `posts`.`status`, `posts`.`posted_at`, `posts`.`view`, `posts`.`createdAt`, `posts`.`updatedAt`, `posts`.`deletedAt`, `image`.`id` AS `image.id`, `image`.`filename` AS `image.filename`, `image`.`disk` AS `image.disk`, `image`.`folder_id` AS `image.folder_id`, `image`.`path` AS `image.path`, `image`.`extension` AS `image.extension`, `image`.`mime` AS `image.mime`, `image`.`size` AS `image.size`, `image`.`width` AS `image.width`, `image`.`height` AS `image.height`, `image`.`alt` AS `image.alt`, `image`.`creator` AS `image.creator`, `image`.`editor` AS `image.editor`, `image`.`createdAt` AS `image.createdAt`, `image`.`updatedAt` AS `image.updatedAt`, `category`.`id` AS `category.id`, `category`.`status` AS `category.status`, `category`.`type` AS `category.type`, `category`.`createdAt` AS `category.createdAt`, `category`.`updatedAt` AS `category.updatedAt`, `category->translations`.`id` AS `category.translations.id`, `category->translations`.`slug` AS `category.translations.slug`, `category->translations`.`category_id` AS `category.translations.category_id`, `category->translations`.`locale` AS `category.translations.locale`, `category->translations`.`name` AS `category.translations.name`, `category->translations`.`description` AS `category.translations.description`, `translations`.`id` AS `translations.id`, `translations`.`post_id` AS `translations.post_id`, `translations`.`locale` AS `translations.locale`, `translations`.`name` AS `translations.name`, `translations`.`content` AS `translations.content`, `translations`.`description` AS `translations.description`, `translations`.`slug` AS `translations.slug`, `translations`.`custom_slug` AS `translations.custom_slug`, `translations`.`meta_title` AS `translations.meta_title`, `translations`.`meta_description` AS `translations.meta_description`, `translations`.`meta_keyword` AS `translations.meta_keyword`, `translations`.`meta_robots` AS `translations.meta_robots`, `translations`.`canonica_link` AS `translations.canonica_link`, `translations`.`meta_image` AS `translations.meta_image`, `translations`.`meta_viewport` AS `translations.meta_viewport` FROM `posts` AS `posts` LEFT OUTER JOIN `medias` AS `image` ON `posts`.`thumbnail` = `image`.`id` LEFT OUTER JOIN ( `categories` AS `category` INNER JOIN `category_translation` AS `category->translations` ON `category`.`id` = `category->translations`.`category_id` AND `category->translations`.`locale` = 'vi' ) ON `posts`.`category_id` = `category`.`id` INNER JOIN `post_translation` AS `translations` ON `posts`.`id` = `translations`.`post_id` AND `translations`.`locale` = 'vi' WHERE (`posts`.`deletedAt` IS NULL AND (`posts`.`isFeatured` = true AND `posts`.`status` = 'active'));","parameters":{}}
2023-05-01 17:59:12 info: [0mGET /posts/getListFeatured [36m304[0m 99.792 ms - -[0m
2023-05-01 17:59:12 info: [0mGET /services/nav [36m304[0m 60.806 ms - -[0m
2023-05-01 17:59:21 info: [0mGET /services/nav [36m304[0m 124.789 ms - -[0m
2023-05-01 17:59:21 error: {"name":"SequelizeDatabaseError","parent":{"code":"ER_NO_SUCH_TABLE","errno":1146,"sqlState":"42S02","sqlMessage":"Table 'tn-uptech-backend.posts' doesn't exist","sql":"SELECT `posts`.`id`, `posts`.`thumbnail`, `posts`.`category_id`, `posts`.`ceo_id`, `posts`.`related`, `posts`.`banner`, `posts`.`isFeatured`, `posts`.`status`, `posts`.`posted_at`, `posts`.`view`, `posts`.`createdAt`, `posts`.`updatedAt`, `posts`.`deletedAt`, `image`.`id` AS `image.id`, `image`.`filename` AS `image.filename`, `image`.`disk` AS `image.disk`, `image`.`folder_id` AS `image.folder_id`, `image`.`path` AS `image.path`, `image`.`extension` AS `image.extension`, `image`.`mime` AS `image.mime`, `image`.`size` AS `image.size`, `image`.`width` AS `image.width`, `image`.`height` AS `image.height`, `image`.`alt` AS `image.alt`, `image`.`creator` AS `image.creator`, `image`.`editor` AS `image.editor`, `image`.`createdAt` AS `image.createdAt`, `image`.`updatedAt` AS `image.updatedAt`, `category`.`id` AS `category.id`, `category`.`status` AS `category.status`, `category`.`type` AS `category.type`, `category`.`createdAt` AS `category.createdAt`, `category`.`updatedAt` AS `category.updatedAt`, `category->translations`.`id` AS `category.translations.id`, `category->translations`.`slug` AS `category.translations.slug`, `category->translations`.`category_id` AS `category.translations.category_id`, `category->translations`.`locale` AS `category.translations.locale`, `category->translations`.`name` AS `category.translations.name`, `category->translations`.`description` AS `category.translations.description`, `translations`.`id` AS `translations.id`, `translations`.`post_id` AS `translations.post_id`, `translations`.`locale` AS `translations.locale`, `translations`.`name` AS `translations.name`, `translations`.`content` AS `translations.content`, `translations`.`description` AS `translations.description`, `translations`.`slug` AS `translations.slug`, `translations`.`custom_slug` AS `translations.custom_slug`, `translations`.`meta_title` AS `translations.meta_title`, `translations`.`meta_description` AS `translations.meta_description`, `translations`.`meta_keyword` AS `translations.meta_keyword`, `translations`.`meta_robots` AS `translations.meta_robots`, `translations`.`canonica_link` AS `translations.canonica_link`, `translations`.`meta_image` AS `translations.meta_image`, `translations`.`meta_viewport` AS `translations.meta_viewport` FROM `posts` AS `posts` LEFT OUTER JOIN `medias` AS `image` ON `posts`.`thumbnail` = `image`.`id` LEFT OUTER JOIN ( `categories` AS `category` INNER JOIN `category_translation` AS `category->translations` ON `category`.`id` = `category->translations`.`category_id` AND `category->translations`.`locale` = 'vi' ) ON `posts`.`category_id` = `category`.`id` INNER JOIN `post_translation` AS `translations` ON `posts`.`id` = `translations`.`post_id` AND `translations`.`locale` = 'vi' WHERE (`posts`.`deletedAt` IS NULL AND (`posts`.`isFeatured` = true AND `posts`.`status` = 'active'));"},"original":{"code":"ER_NO_SUCH_TABLE","errno":1146,"sqlState":"42S02","sqlMessage":"Table 'tn-uptech-backend.posts' doesn't exist","sql":"SELECT `posts`.`id`, `posts`.`thumbnail`, `posts`.`category_id`, `posts`.`ceo_id`, `posts`.`related`, `posts`.`banner`, `posts`.`isFeatured`, `posts`.`status`, `posts`.`posted_at`, `posts`.`view`, `posts`.`createdAt`, `posts`.`updatedAt`, `posts`.`deletedAt`, `image`.`id` AS `image.id`, `image`.`filename` AS `image.filename`, `image`.`disk` AS `image.disk`, `image`.`folder_id` AS `image.folder_id`, `image`.`path` AS `image.path`, `image`.`extension` AS `image.extension`, `image`.`mime` AS `image.mime`, `image`.`size` AS `image.size`, `image`.`width` AS `image.width`, `image`.`height` AS `image.height`, `image`.`alt` AS `image.alt`, `image`.`creator` AS `image.creator`, `image`.`editor` AS `image.editor`, `image`.`createdAt` AS `image.createdAt`, `image`.`updatedAt` AS `image.updatedAt`, `category`.`id` AS `category.id`, `category`.`status` AS `category.status`, `category`.`type` AS `category.type`, `category`.`createdAt` AS `category.createdAt`, `category`.`updatedAt` AS `category.updatedAt`, `category->translations`.`id` AS `category.translations.id`, `category->translations`.`slug` AS `category.translations.slug`, `category->translations`.`category_id` AS `category.translations.category_id`, `category->translations`.`locale` AS `category.translations.locale`, `category->translations`.`name` AS `category.translations.name`, `category->translations`.`description` AS `category.translations.description`, `translations`.`id` AS `translations.id`, `translations`.`post_id` AS `translations.post_id`, `translations`.`locale` AS `translations.locale`, `translations`.`name` AS `translations.name`, `translations`.`content` AS `translations.content`, `translations`.`description` AS `translations.description`, `translations`.`slug` AS `translations.slug`, `translations`.`custom_slug` AS `translations.custom_slug`, `translations`.`meta_title` AS `translations.meta_title`, `translations`.`meta_description` AS `translations.meta_description`, `translations`.`meta_keyword` AS `translations.meta_keyword`, `translations`.`meta_robots` AS `translations.meta_robots`, `translations`.`canonica_link` AS `translations.canonica_link`, `translations`.`meta_image` AS `translations.meta_image`, `translations`.`meta_viewport` AS `translations.meta_viewport` FROM `posts` AS `posts` LEFT OUTER JOIN `medias` AS `image` ON `posts`.`thumbnail` = `image`.`id` LEFT OUTER JOIN ( `categories` AS `category` INNER JOIN `category_translation` AS `category->translations` ON `category`.`id` = `category->translations`.`category_id` AND `category->translations`.`locale` = 'vi' ) ON `posts`.`category_id` = `category`.`id` INNER JOIN `post_translation` AS `translations` ON `posts`.`id` = `translations`.`post_id` AND `translations`.`locale` = 'vi' WHERE (`posts`.`deletedAt` IS NULL AND (`posts`.`isFeatured` = true AND `posts`.`status` = 'active'));"},"sql":"SELECT `posts`.`id`, `posts`.`thumbnail`, `posts`.`category_id`, `posts`.`ceo_id`, `posts`.`related`, `posts`.`banner`, `posts`.`isFeatured`, `posts`.`status`, `posts`.`posted_at`, `posts`.`view`, `posts`.`createdAt`, `posts`.`updatedAt`, `posts`.`deletedAt`, `image`.`id` AS `image.id`, `image`.`filename` AS `image.filename`, `image`.`disk` AS `image.disk`, `image`.`folder_id` AS `image.folder_id`, `image`.`path` AS `image.path`, `image`.`extension` AS `image.extension`, `image`.`mime` AS `image.mime`, `image`.`size` AS `image.size`, `image`.`width` AS `image.width`, `image`.`height` AS `image.height`, `image`.`alt` AS `image.alt`, `image`.`creator` AS `image.creator`, `image`.`editor` AS `image.editor`, `image`.`createdAt` AS `image.createdAt`, `image`.`updatedAt` AS `image.updatedAt`, `category`.`id` AS `category.id`, `category`.`status` AS `category.status`, `category`.`type` AS `category.type`, `category`.`createdAt` AS `category.createdAt`, `category`.`updatedAt` AS `category.updatedAt`, `category->translations`.`id` AS `category.translations.id`, `category->translations`.`slug` AS `category.translations.slug`, `category->translations`.`category_id` AS `category.translations.category_id`, `category->translations`.`locale` AS `category.translations.locale`, `category->translations`.`name` AS `category.translations.name`, `category->translations`.`description` AS `category.translations.description`, `translations`.`id` AS `translations.id`, `translations`.`post_id` AS `translations.post_id`, `translations`.`locale` AS `translations.locale`, `translations`.`name` AS `translations.name`, `translations`.`content` AS `translations.content`, `translations`.`description` AS `translations.description`, `translations`.`slug` AS `translations.slug`, `translations`.`custom_slug` AS `translations.custom_slug`, `translations`.`meta_title` AS `translations.meta_title`, `translations`.`meta_description` AS `translations.meta_description`, `translations`.`meta_keyword` AS `translations.meta_keyword`, `translations`.`meta_robots` AS `translations.meta_robots`, `translations`.`canonica_link` AS `translations.canonica_link`, `translations`.`meta_image` AS `translations.meta_image`, `translations`.`meta_viewport` AS `translations.meta_viewport` FROM `posts` AS `posts` LEFT OUTER JOIN `medias` AS `image` ON `posts`.`thumbnail` = `image`.`id` LEFT OUTER JOIN ( `categories` AS `category` INNER JOIN `category_translation` AS `category->translations` ON `category`.`id` = `category->translations`.`category_id` AND `category->translations`.`locale` = 'vi' ) ON `posts`.`category_id` = `category`.`id` INNER JOIN `post_translation` AS `translations` ON `posts`.`id` = `translations`.`post_id` AND `translations`.`locale` = 'vi' WHERE (`posts`.`deletedAt` IS NULL AND (`posts`.`isFeatured` = true AND `posts`.`status` = 'active'));","parameters":{}}
2023-05-01 17:59:21 info: [0mGET /posts/getListFeatured [36m304[0m 167.967 ms - -[0m
2023-05-01 17:59:21 info: [0mGET /services/nav [36m304[0m 99.155 ms - -[0m
2023-05-01 18:00:07 info: [0mGET /services/nav [36m304[0m 325.469 ms - -[0m
2023-05-01 18:00:11 info: [0mGET /services/nav [36m304[0m 46.656 ms - -[0m
2023-05-01 18:00:27 info: [0mGET /services/nav [32m200[0m 109.497 ms - 621[0m
2023-05-01 18:00:33 info: [0mGET /services/nav [32m200[0m 64.232 ms - 677[0m
2023-05-01 18:00:34 info: [0mGET /posts/getListFeatured [32m200[0m 286.023 ms - 519[0m
2023-05-01 18:00:34 info: [0mGET /services/nav [36m304[0m 244.941 ms - -[0m
2023-05-01 18:00:59 info: [0mGET /services/nav [36m304[0m 66.638 ms - -[0m
2023-05-01 18:01:02 info: [0mGET /branchs/getListBranch [32m200[0m 40.840 ms - 205[0m
2023-05-01 18:01:02 info: [0mGET /services/getListService [36m304[0m 93.240 ms - -[0m
2023-05-01 18:01:02 info: [0mGET /projects [32m200[0m 183.880 ms - 529[0m
2023-05-01 18:01:12 info: [0mGET /posts/getListFeatured [36m304[0m 62.555 ms - -[0m
2023-05-01 18:01:12 info: [0mGET /services/nav [36m304[0m 64.830 ms - -[0m
2023-05-01 18:01:13 info: [0mGET /projects [36m304[0m 33.199 ms - -[0m
2023-05-01 18:01:13 info: [0mGET /branchs/getListBranch [36m304[0m 32.551 ms - -[0m
2023-05-01 18:01:13 info: [0mGET /services/getListService [36m304[0m 70.538 ms - -[0m
2023-05-01 18:01:30 info: [0mGET /branchs/getListBranch [36m304[0m 53.770 ms - -[0m
2023-05-01 18:01:30 info: [0mGET /services/getListService [36m304[0m 60.197 ms - -[0m
2023-05-01 18:01:30 info: [0mGET /projects [36m304[0m 140.058 ms - -[0m
2023-05-01 18:03:46 info: =================================
2023-05-01 18:03:46 info: ======= ENV: development =======
2023-05-01 18:03:46 info: 🚀 App listening on the port 8000
2023-05-01 18:03:46 info: =================================
2023-05-01 18:05:49 info: =================================
2023-05-01 18:05:49 info: ======= ENV: development =======
2023-05-01 18:05:49 info: 🚀 App listening on the port 8000
2023-05-01 18:05:49 info: =================================
2023-05-01 18:18:37 info: =================================
2023-05-01 18:18:37 info: ======= ENV: development =======
2023-05-01 18:18:37 info: 🚀 App listening on the port 8000
2023-05-01 18:18:37 info: =================================
2023-05-01 18:18:39 info: [0mOPTIONS /admins/login [32m204[0m 2.126 ms - 0[0m
2023-05-01 18:18:39 info: [0mPOST /admins/login [32m200[0m 205.264 ms - 560[0m
2023-05-01 18:18:41 info: [0mOPTIONS /admins/profile [32m204[0m 1.090 ms - 0[0m
2023-05-01 18:18:41 info: [0mGET /admins/profile [36m304[0m 96.871 ms - -[0m
2023-05-01 18:19:46 info: [0mOPTIONS /admins/profile [32m204[0m 0.813 ms - 0[0m
2023-05-01 18:19:47 info: [0mGET /admins/profile [36m304[0m 392.283 ms - -[0m
2023-05-01 18:19:47 info: [0mGET /projects? [32m200[0m 332.837 ms - 529[0m
2023-05-01 18:19:47 info: [0mGET /projects?page=1&page_size=10 [32m200[0m 159.985 ms - 529[0m
2023-05-01 18:19:49 info: [0mGET /admins/profile [36m304[0m 139.743 ms - -[0m
2023-05-01 18:19:49 info: [0mGET /projects/show/1 [32m200[0m 276.799 ms - 458[0m
2023-05-01 18:19:50 info: [0mGET /projects?[object%20Object] [32m200[0m 48.571 ms - 529[0m
2023-05-01 18:19:50 info: [0mGET /branchs?[object%20Object] [32m200[0m 54.405 ms - 266[0m
2023-05-01 18:19:50 info: [0mGET /services?[object%20Object] [32m200[0m 61.615 ms - 446[0m
2023-05-01 18:19:57 info: [0mOPTIONS /projects/update/1 [32m204[0m 0.824 ms - 0[0m
2023-05-01 18:19:57 info: [0mPUT /projects/update/1 [32m200[0m 100.273 ms - 2[0m
2023-05-01 18:19:57 info: [0mGET /projects/show/1 [32m200[0m 17.892 ms - 459[0m
2023-05-01 18:19:58 info: [0mGET /projects?[object%20Object] [32m200[0m 48.564 ms - 522[0m
2023-05-01 18:19:58 info: [0mGET /branchs?[object%20Object] [36m304[0m 45.038 ms - -[0m
2023-05-01 18:19:58 info: [0mGET /services?[object%20Object] [36m304[0m 46.821 ms - -[0m
2023-05-01 18:20:04 info: [0mOPTIONS /projects/update/1 [32m204[0m 4.860 ms - 0[0m
2023-05-01 18:20:04 info: [0mPUT /projects/update/1 [32m200[0m 72.488 ms - 2[0m
2023-05-01 18:20:04 info: [0mGET /projects/show/1 [32m200[0m 19.494 ms - 460[0m
2023-05-01 18:20:05 info: [0mGET /branchs?[object%20Object] [36m304[0m 14.358 ms - -[0m
2023-05-01 18:20:05 info: [0mGET /services?[object%20Object] [36m304[0m 15.460 ms - -[0m
2023-05-01 18:20:05 info: [0mGET /projects?[object%20Object] [36m304[0m 51.124 ms - -[0m
2023-05-01 18:26:33 info: =================================
2023-05-01 18:26:33 info: ======= ENV: development =======
2023-05-01 18:26:33 info: 🚀 App listening on the port 8000
2023-05-01 18:26:33 info: =================================
2023-05-01 18:27:50 info: [0mGET /posts/getListFeatured [36m304[0m 1513.858 ms - -[0m
2023-05-01 18:27:50 info: [0mGET /services/nav [36m304[0m 2824.050 ms - -[0m
2023-05-01 18:27:50 info: [0mGET /services/nav [36m304[0m 373.981 ms - -[0m
2023-05-01 18:28:27 info: [0mGET /branchs/getListBranch [36m304[0m 439.778 ms - -[0m
2023-05-01 18:28:27 info: [0mGET /services/getListService [36m304[0m 469.583 ms - -[0m
2023-05-01 18:28:27 info: [0mGET /projects [32m200[0m 757.299 ms - 522[0m
2023-05-01 18:29:36 info: [0mGET /branchs/getListBranch [36m304[0m 339.560 ms - -[0m
2023-05-01 18:29:36 info: [0mGET /services/getListService [36m304[0m 360.394 ms - -[0m
2023-05-01 18:29:36 info: [0mGET /services/nav [36m304[0m 471.539 ms - -[0m
2023-05-01 18:29:36 info: [0mGET /projects [36m304[0m 419.584 ms - -[0m
2023-05-01 18:30:01 info: [0mGET /branchs/getListBranch [36m304[0m 116.458 ms - -[0m
2023-05-01 18:30:01 info: [0mGET /services/nav [36m304[0m 284.703 ms - -[0m
2023-05-01 18:30:01 info: [0mGET /projects [36m304[0m 167.018 ms - -[0m
2023-05-01 18:30:01 info: [0mGET /services/getListService [36m304[0m 141.403 ms - -[0m
2023-05-01 18:30:24 info: [0mGET /branchs/getListBranch [36m304[0m 52.697 ms - -[0m
2023-05-01 18:30:24 info: [0mGET /projects [36m304[0m 156.534 ms - -[0m
2023-05-01 18:30:24 info: [0mGET /services/getListService [36m304[0m 80.219 ms - -[0m
2023-05-01 18:30:32 info: [0mGET /services/nav [36m304[0m 70.654 ms - -[0m
2023-05-01 18:30:46 info: [0mGET /branchs/getListBranch [36m304[0m 127.523 ms - -[0m
2023-05-01 18:30:46 info: [0mGET /services/getListService [36m304[0m 130.105 ms - -[0m
2023-05-01 18:30:46 info: [0mGET /projects [36m304[0m 183.758 ms - -[0m
2023-05-01 18:30:46 info: [0mGET /services/nav [36m304[0m 217.219 ms - -[0m
2023-05-01 18:30:52 info: [0mGET /projects [36m304[0m 57.618 ms - -[0m
2023-05-01 18:30:52 info: [0mGET /branchs/getListBranch [36m304[0m 18.852 ms - -[0m
2023-05-01 18:30:52 info: [0mGET /services/getListService [36m304[0m 24.484 ms - -[0m
2023-05-01 18:31:49 info: [0mGET /branchs/getListBranch [36m304[0m 67.951 ms - -[0m
2023-05-01 18:31:49 info: [0mGET /services/getListService [36m304[0m 69.351 ms - -[0m
2023-05-01 18:31:49 info: [0mGET /projects [36m304[0m 332.933 ms - -[0m
2023-05-01 18:41:59 info: [0mGET /services/nav [36m304[0m 269.145 ms - -[0m
2023-05-01 18:51:29 info: [0mGET /posts/getListFeatured [36m304[0m 441.597 ms - -[0m
2023-05-01 18:51:29 info: [0mGET /services/nav [36m304[0m 502.650 ms - -[0m
2023-05-01 18:51:29 info: [0mGET /services/nav [36m304[0m 57.374 ms - -[0m
2023-05-01 18:52:24 info: [0mGET /branchs/getListBranch [36m304[0m 84.576 ms - -[0m
2023-05-01 18:52:24 info: [0mGET /services/getListService [36m304[0m 215.429 ms - -[0m
2023-05-01 18:52:24 info: [0mGET /projects [36m304[0m 106.599 ms - -[0m
2023-05-01 18:53:02 info: [0mGET /services/nav [36m304[0m 77.046 ms - -[0m
2023-05-01 18:53:43 info: [0mGET /services/nav [36m304[0m 105.524 ms - -[0m
2023-05-01 19:09:03 info: [0mGET /services/nav [36m304[0m 248.712 ms - -[0m
2023-05-01 19:10:39 info: [0mGET /branchs/getListBranch [36m304[0m 539.238 ms - -[0m
2023-05-01 19:10:39 info: [0mGET /services/getListService [36m304[0m 661.921 ms - -[0m
2023-05-01 19:10:39 info: [0mGET /projects [36m304[0m 829.682 ms - -[0m
2023-05-01 19:12:27 info: [0mGET /services/nav [36m304[0m 1466.602 ms - -[0m
2023-05-01 19:12:27 info: [0mGET /posts/getListFeatured [36m304[0m 1719.373 ms - -[0m
2023-05-01 19:13:15 info: [0mGET /branchs/getListBranch [36m304[0m 486.141 ms - -[0m
2023-05-01 19:13:15 info: [0mGET /services/getListService [36m304[0m 491.998 ms - -[0m
2023-05-01 19:13:15 info: [0mGET /projects [36m304[0m 690.029 ms - -[0m
2023-05-01 19:13:18 info: [0mGET /categories/post [36m304[0m 122.244 ms - -[0m
2023-05-01 19:13:19 info: [0mGET /posts/getPageAll [32m200[0m 587.993 ms - 245[0m
2023-05-01 19:13:23 info: [0mGET /jobs/getListFeatured [36m304[0m 90.588 ms - -[0m
2023-05-01 19:13:27 info: [0mGET /services/nav [36m304[0m 64.157 ms - -[0m
2023-05-01 19:13:27 info: [0mGET /posts/getListFeatured [36m304[0m 113.205 ms - -[0m
2023-05-01 19:13:38 info: [0mGET /branchs/getListBranch [36m304[0m 43.495 ms - -[0m
2023-05-01 19:13:38 info: [0mGET /projects [36m304[0m 154.369 ms - -[0m
2023-05-01 19:13:38 info: [0mGET /services/getListService [36m304[0m 68.784 ms - -[0m
2023-05-01 19:13:44 info: [0mGET /categories/post [36m304[0m 38.512 ms - -[0m
2023-05-01 19:13:44 info: [0mGET /posts/getPageAll [36m304[0m 229.830 ms - -[0m
2023-05-01 19:13:46 info: [0mGET /jobs/getListFeatured [36m304[0m 121.455 ms - -[0m
2023-05-01 19:13:48 info: [0mGET /posts/getListFeatured [36m304[0m 53.497 ms - -[0m
2023-05-01 19:13:48 info: [0mGET /services/nav [36m304[0m 46.802 ms - -[0m
2023-05-01 19:21:59 info: =================================
2023-05-01 19:21:59 info: ======= ENV: development =======
2023-05-01 19:21:59 info: 🚀 App listening on the port 8000
2023-05-01 19:21:59 info: =================================
2023-05-01 19:23:08 info: [0mGET /categories/post [36m304[0m 634.925 ms - -[0m
2023-05-01 19:23:08 info: [0mGET /services/nav [36m304[0m 859.461 ms - -[0m
2023-05-01 19:23:08 info: [0mGET /posts/getPageAll [36m304[0m 822.223 ms - -[0m
2023-05-01 19:23:11 info: [0mGET /branchs/getListBranch [36m304[0m 21.407 ms - -[0m
2023-05-01 19:23:11 info: [0mGET /projects [36m304[0m 93.113 ms - -[0m
2023-05-01 19:23:11 info: [0mGET /services/getListService [36m304[0m 74.502 ms - -[0m
2023-05-01 19:23:14 info: [0mGET /projects/findByIdClient/1 [31m500[0m 237.393 ms - 2[0m
2023-05-01 19:23:25 info: [0mGET /projects/findByIdClient/1 [31m500[0m 229.577 ms - 2[0m
2023-05-01 19:23:54 info: [0mGET /services/nav [36m304[0m 69.765 ms - -[0m
2023-05-01 19:23:55 info: [0mGET /projects/findByIdClient/1 [31m500[0m 24.269 ms - 2[0m
2023-05-01 19:23:58 info: [0mGET /projects/findByIdClient/1 [31m500[0m 50.614 ms - 2[0m
2023-05-01 19:25:12 info: =================================
2023-05-01 19:25:12 info: ======= ENV: development =======
2023-05-01 19:25:12 info: 🚀 App listening on the port 8000
2023-05-01 19:25:12 info: =================================
2023-05-01 19:25:13 info: [0mGET /projects/findByIdClient/1 [32m200[0m 121.416 ms - 371[0m
2023-05-01 19:25:42 info: =================================
2023-05-01 19:25:42 info: ======= ENV: development =======
2023-05-01 19:25:42 info: 🚀 App listening on the port 8000
2023-05-01 19:25:42 info: =================================
2023-05-01 19:26:43 info: =================================
2023-05-01 19:26:43 info: ======= ENV: development =======
2023-05-01 19:26:43 info: 🚀 App listening on the port 8000
2023-05-01 19:26:43 info: =================================
2023-05-01 19:26:44 info: [0mGET /projects/findByIdClient/1 [31m500[0m 205.327 ms - 2[0m
2023-05-01 19:27:14 info: =================================
2023-05-01 19:27:14 info: ======= ENV: development =======
2023-05-01 19:27:14 info: 🚀 App listening on the port 8000
2023-05-01 19:27:14 info: =================================
2023-05-01 19:27:15 info: [0mGET /projects/findByIdClient/1 [32m200[0m 214.957 ms - 561[0m
2023-05-01 19:27:30 info: [0mGET /services/nav [36m304[0m 104.254 ms - -[0m
2023-05-01 19:27:30 info: [0mGET /projects/findByIdClient/1 [32m200[0m 64.682 ms - 519[0m
2023-05-01 19:28:11 info: [0mGET /projects/findByIdClient/1 [36m304[0m 128.271 ms - -[0m
2023-05-01 19:28:21 info: [0mGET /projects/findByIdClient/1 [36m304[0m 84.836 ms - -[0m
2023-05-01 19:28:28 info: [0mGET /projects/findByIdClient/1 [36m304[0m 86.013 ms - -[0m
2023-05-01 19:28:33 info: [0mGET /projects/findByIdClient/1 [36m304[0m 118.712 ms - -[0m
2023-05-01 19:28:40 info: [0mGET /projects/findByIdClient/1 [36m304[0m 114.666 ms - -[0m
2023-05-01 19:28:47 info: [0mGET /services/nav [36m304[0m 162.838 ms - -[0m
2023-05-01 19:28:47 info: [0mGET /projects/findByIdClient/1 [36m304[0m 62.636 ms - -[0m
2023-05-01 19:29:23 info: [0mGET /services/nav [36m304[0m 154.393 ms - -[0m
2023-05-01 19:29:23 info: [0mGET /projects/findByIdClient/1 [36m304[0m 22.124 ms - -[0m
2023-05-01 19:30:02 info: =================================
2023-05-01 19:30:02 info: ======= ENV: development =======
2023-05-01 19:30:02 info: 🚀 App listening on the port 8000
2023-05-01 19:30:02 info: =================================
2023-05-01 19:30:21 info: =================================
2023-05-01 19:30:21 info: ======= ENV: development =======
2023-05-01 19:30:21 info: 🚀 App listening on the port 8000
2023-05-01 19:30:21 info: =================================
2023-05-01 19:30:21 info: [0mGET /projects/findByIdClient/1 [32m200[0m 217.489 ms - 561[0m
2023-05-01 19:30:29 info: [0mGET /services/nav [36m304[0m 156.108 ms - -[0m
2023-05-01 19:30:30 info: [0mGET /projects/findByIdClient/1 [32m200[0m 42.817 ms - 600[0m
2023-05-01 19:31:13 info: =================================
2023-05-01 19:31:13 info: ======= ENV: development =======
2023-05-01 19:31:13 info: 🚀 App listening on the port 8000
2023-05-01 19:31:13 info: =================================
2023-05-01 19:31:25 info: =================================
2023-05-01 19:31:25 info: ======= ENV: development =======
2023-05-01 19:31:25 info: 🚀 App listening on the port 8000
2023-05-01 19:31:25 info: =================================
2023-05-01 19:32:25 info: =================================
2023-05-01 19:32:25 info: ======= ENV: development =======
2023-05-01 19:32:25 info: 🚀 App listening on the port 8000
2023-05-01 19:32:25 info: =================================
2023-05-01 19:32:40 info: =================================
2023-05-01 19:32:40 info: ======= ENV: development =======
2023-05-01 19:32:40 info: 🚀 App listening on the port 8000
2023-05-01 19:32:40 info: =================================
2023-05-01 19:32:45 info: [0mGET /projects/findByIdClient/1 [32m200[0m 194.168 ms - 775[0m
2023-05-01 19:33:11 info: [0mGET /projects/findByIdClient/1 [32m200[0m 229.146 ms - 807[0m
2023-05-01 19:33:48 info: [0mGET /services/nav [36m304[0m 46.157 ms - -[0m
2023-05-01 19:33:48 info: [0mGET /projects/findByIdClient/1 [36m304[0m 48.532 ms - -[0m
2023-05-01 19:33:53 info: [0mGET /services/nav [36m304[0m 168.527 ms - -[0m
2023-05-01 19:33:53 info: [0mGET /projects/findByIdClient/1 [36m304[0m 194.759 ms - -[0m
2023-05-01 19:34:03 info: [0mGET /services/nav [36m304[0m 45.406 ms - -[0m
2023-05-01 19:34:03 info: [0mGET /projects/findByIdClient/1 [36m304[0m 38.365 ms - -[0m
2023-05-01 19:34:07 info: [0mGET /services/nav [36m304[0m 115.840 ms - -[0m
2023-05-01 19:34:07 info: [0mGET /projects/findByIdClient/1 [36m304[0m 218.898 ms - -[0m
2023-05-01 19:34:37 info: [0mGET /services/nav [36m304[0m 291.748 ms - -[0m
2023-05-01 19:34:37 info: [0mGET /projects/findByIdClient/1 [36m304[0m 324.630 ms - -[0m
2023-05-01 19:34:45 info: [0mGET /services/nav [36m304[0m 122.351 ms - -[0m
2023-05-01 19:34:45 info: [0mGET /projects/findByIdClient/1 [36m304[0m 28.467 ms - -[0m
2023-05-01 19:35:06 info: [0mGET /services/nav [36m304[0m 310.458 ms - -[0m
2023-05-01 19:35:06 info: [0mGET /projects/findByIdClient/1 [36m304[0m 37.615 ms - -[0m
2023-05-01 19:35:18 info: [0mGET /services/nav [36m304[0m 190.712 ms - -[0m
2023-05-01 19:35:18 info: [0mGET /projects/findByIdClient/1 [36m304[0m 44.850 ms - -[0m
2023-05-01 19:37:09 info: [0mGET /services/nav [36m304[0m 220.237 ms - -[0m
2023-05-01 19:37:09 info: [0mGET /projects/findByIdClient/1 [36m304[0m 92.779 ms - -[0m
2023-05-01 19:38:23 info: =================================
2023-05-01 19:38:23 info: ======= ENV: development =======
2023-05-01 19:38:23 info: 🚀 App listening on the port 8000
2023-05-01 19:38:23 info: =================================
2023-05-01 19:38:35 info: =================================
2023-05-01 19:38:35 info: ======= ENV: development =======
2023-05-01 19:38:35 info: 🚀 App listening on the port 8000
2023-05-01 19:38:35 info: =================================
2023-05-01 19:39:21 info: [0mGET /services/nav [36m304[0m 366.818 ms - -[0m
2023-05-01 19:39:21 info: [0mGET /projects/findByIdClient/1 [36m304[0m 371.804 ms - -[0m
2023-05-01 19:39:29 info: [0mGET /services/nav [36m304[0m 125.048 ms - -[0m
2023-05-01 19:39:29 info: [0mGET /projects/findByIdClient/1 [36m304[0m 183.856 ms - -[0m
2023-05-01 19:39:39 info: [0mGET /projects/findByIdClient/1 [36m304[0m 61.679 ms - -[0m
2023-05-01 19:39:56 info: [0mGET /projects/findByIdClient/1 [36m304[0m 93.852 ms - -[0m
2023-05-01 19:40:15 info: [0mOPTIONS /projects/update/1 [32m204[0m 2.765 ms - 0[0m
2023-05-01 19:40:16 info: [0mPUT /projects/update/1 [32m200[0m 206.559 ms - 2[0m
2023-05-01 19:40:16 info: [0mGET /projects/show/1 [32m200[0m 98.848 ms - -[0m
2023-05-01 19:40:17 info: [0mGET /projects?[object%20Object] [36m304[0m 232.226 ms - -[0m
2023-05-01 19:40:17 info: [0mGET /branchs?[object%20Object] [36m304[0m 229.050 ms - -[0m
2023-05-01 19:40:17 info: [0mGET /services?[object%20Object] [36m304[0m 224.002 ms - -[0m
2023-05-01 19:40:21 info: [0mGET /services/nav [36m304[0m 123.809 ms - -[0m
2023-05-01 19:40:21 info: [0mGET /projects/findByIdClient/1 [32m200[0m 82.380 ms - -[0m
2023-05-01 19:40:46 info: [0mGET /projects/findByIdClient/1 [36m304[0m 105.912 ms - -[0m
2023-05-01 19:41:12 info: [0mGET /projects/findByIdClient/1 [36m304[0m 366.857 ms - -[0m
2023-05-01 19:41:33 info: [0mGET /projects/findByIdClient/1 [36m304[0m 158.675 ms - -[0m
2023-05-01 19:41:43 info: [0mGET /projects/findByIdClient/1 [36m304[0m 522.701 ms - -[0m
2023-05-01 19:41:55 info: [0mGET /projects/findByIdClient/1 [36m304[0m 81.185 ms - -[0m
2023-05-01 19:41:59 info: [0mGET /projects/findByIdClient/1 [36m304[0m 323.254 ms - -[0m
2023-05-01 19:42:03 info: [0mGET /projects/findByIdClient/1 [36m304[0m 111.931 ms - -[0m
2023-05-01 19:42:35 info: [0mOPTIONS /projects/update/1 [32m204[0m 0.715 ms - 0[0m
2023-05-01 19:42:35 info: [0mPUT /projects/update/1 [32m200[0m 103.100 ms - 2[0m
2023-05-01 19:42:35 info: [0mGET /projects/show/1 [32m200[0m 36.380 ms - -[0m
2023-05-01 19:42:36 info: [0mGET /projects?[object%20Object] [36m304[0m 198.726 ms - -[0m
2023-05-01 19:42:36 info: [0mGET /branchs?[object%20Object] [36m304[0m 198.699 ms - -[0m
2023-05-01 19:42:36 info: [0mGET /services?[object%20Object] [36m304[0m 128.069 ms - -[0m
2023-05-01 19:42:42 info: [0mGET /services/nav [36m304[0m 98.497 ms - -[0m
2023-05-01 19:42:42 info: [0mGET /projects/findByIdClient/1 [32m200[0m 57.719 ms - -[0m
2023-05-01 19:42:57 info: [0mGET /services/nav [36m304[0m 567.756 ms - -[0m
2023-05-01 19:42:58 info: [0mGET /posts/getListFeatured [36m304[0m 855.293 ms - -[0m
