2023-04-23 01:09:46 info: [0mOPTIONS /admins/profile [32m204[0m 11.238 ms - 0[0m
2023-04-23 01:09:47 info: [0mGET /banners? [36m304[0m 242.391 ms - -[0m
2023-04-23 01:09:47 info: [0mGET /banners?page=1&page_size=10 [36m304[0m 189.520 ms - -[0m
2023-04-23 01:09:47 info: [0mGET /admins/profile [36m304[0m 304.114 ms - -[0m
2023-04-23 01:09:47 info: [0mGET /services? [36m304[0m 23.780 ms - -[0m
2023-04-23 01:09:47 info: [0mGET /admins/profile [36m304[0m 45.548 ms - -[0m
2023-04-23 01:09:48 info: [0mGET /services?page=1&page_size=10 [36m304[0m 23.213 ms - -[0m
2023-04-23 10:28:09 info: =================================
2023-04-23 10:28:09 info: ======= ENV: development =======
2023-04-23 10:28:09 info: 🚀 App listening on the port 8000
2023-04-23 10:28:09 info: =================================
2023-04-23 10:28:24 info: =================================
2023-04-23 10:28:24 info: ======= ENV: development =======
2023-04-23 10:28:24 info: 🚀 App listening on the port 8000
2023-04-23 10:28:24 info: =================================
2023-04-23 10:29:20 info: =================================
2023-04-23 10:29:20 info: ======= ENV: development =======
2023-04-23 10:29:20 info: 🚀 App listening on the port 8000
2023-04-23 10:29:20 info: =================================
2023-04-23 10:29:38 info: =================================
2023-04-23 10:29:38 info: ======= ENV: development =======
2023-04-23 10:29:38 info: 🚀 App listening on the port 8000
2023-04-23 10:29:38 info: =================================
2023-04-23 10:35:46 info: =================================
2023-04-23 10:35:46 info: ======= ENV: development =======
2023-04-23 10:35:46 info: 🚀 App listening on the port 8000
2023-04-23 10:35:46 info: =================================
2023-04-23 10:36:29 info: =================================
2023-04-23 10:36:29 info: ======= ENV: development =======
2023-04-23 10:36:29 info: 🚀 App listening on the port 8000
2023-04-23 10:36:29 info: =================================
2023-04-23 10:42:27 info: [0mOPTIONS /admins/profile [32m204[0m 3.589 ms - 0[0m
2023-04-23 10:42:28 info: [0mGET /services?page=1&page_size=10 [36m304[0m 177.347 ms - -[0m
2023-04-23 10:42:28 info: [0mGET /services?page=1&page_size=10 [36m304[0m 90.387 ms - -[0m
2023-04-23 10:42:28 info: [0mGET /admins/profile [36m304[0m 820.512 ms - -[0m
2023-04-23 10:42:33 info: [0mGET /services/nav [36m304[0m 76.709 ms - -[0m
2023-04-23 10:42:33 info: [0mGET /posts/getListFeatured [36m304[0m 66.354 ms - -[0m
2023-04-23 10:42:33 info: [0mGET /services/nav [36m304[0m 202.913 ms - -[0m
2023-04-23 10:42:40 info: [0mGET /services/nav [36m304[0m 31.009 ms - -[0m
2023-04-23 10:42:53 info: [0mGET /services/nav [36m304[0m 64.282 ms - -[0m
2023-04-23 10:42:55 info: [0mGET /services/nav [36m304[0m 16.238 ms - -[0m
2023-04-23 10:43:54 info: [0mGET /services/nav [36m304[0m 73.764 ms - -[0m
2023-04-23 10:44:00 info: [0mGET /services/nav [36m304[0m 38.447 ms - -[0m
2023-04-23 10:44:00 info: [0mGET /services/nav [36m304[0m 98.626 ms - -[0m
2023-04-23 10:44:00 info: [0mGET /posts/getListFeatured [36m304[0m 141.273 ms - -[0m
2023-04-23 10:44:07 info: [0mGET /services/nav [36m304[0m 14.494 ms - -[0m
2023-04-23 10:44:07 info: [0mGET /services/nav [36m304[0m 60.410 ms - -[0m
2023-04-23 10:44:07 info: [0mGET /posts/getListFeatured [36m304[0m 162.640 ms - -[0m
2023-04-23 10:44:45 info: [0mGET /services/nav [36m304[0m 155.590 ms - -[0m
2023-04-23 11:45:59 info: [0mGET /services/nav [36m304[0m 596.211 ms - -[0m
2023-04-23 11:45:59 info: [0mGET /posts/getListFeatured [36m304[0m 577.483 ms - -[0m
2023-04-23 11:45:59 info: [0mGET /services/nav [36m304[0m 95.723 ms - -[0m
2023-04-23 11:46:07 info: [0mGET /services/nav [36m304[0m 277.444 ms - -[0m
2023-04-23 11:46:07 info: [0mGET /posts/getListFeatured [36m304[0m 338.003 ms - -[0m
2023-04-23 11:46:07 info: [0mGET /services/nav [36m304[0m 39.908 ms - -[0m
2023-04-23 11:46:12 info: [0mGET /services/nav [36m304[0m 34.888 ms - -[0m
2023-04-23 11:46:12 info: [0mGET /posts/getListFeatured [36m304[0m 56.470 ms - -[0m
2023-04-23 11:46:12 info: [0mGET /services/nav [36m304[0m 22.585 ms - -[0m
2023-04-23 11:47:03 info: [0mOPTIONS /admins/login [32m204[0m 2.188 ms - 0[0m
2023-04-23 11:47:03 info: [0mPOST /admins/login [32m200[0m 173.700 ms - -[0m
2023-04-23 11:47:04 info: [0mOPTIONS /admins/profile [32m204[0m 0.181 ms - 0[0m
2023-04-23 11:47:04 info: [0mGET /admins/profile [36m304[0m 85.162 ms - -[0m
2023-04-23 11:47:17 info: [0mOPTIONS /admins/profile [32m204[0m 5.284 ms - 0[0m
2023-04-23 11:47:17 info: [0mGET /banners?page=1&page_size=10 [36m304[0m 127.959 ms - -[0m
2023-04-23 11:47:17 info: [0mGET /banners? [36m304[0m 341.072 ms - -[0m
2023-04-23 11:47:17 info: [0mGET /admins/profile [36m304[0m 384.269 ms - -[0m
2023-04-23 11:47:47 info: [0mOPTIONS /admins/profile [32m204[0m 1.569 ms - 0[0m
2023-04-23 11:47:47 info: [0mGET /admins/profile [36m304[0m 191.274 ms - -[0m
2023-04-23 11:47:50 info: [0mGET /admins/profile [36m304[0m 50.091 ms - -[0m
2023-04-23 11:48:16 info: [0mOPTIONS /admins/profile [32m204[0m 13.589 ms - 0[0m
2023-04-23 11:48:17 info: [0mGET /services? [36m304[0m 136.203 ms - -[0m
2023-04-23 11:48:17 info: [0mGET /services?page=1&page_size=10 [36m304[0m 102.199 ms - -[0m
2023-04-23 11:48:17 info: [0mGET /admins/profile [36m304[0m 370.946 ms - -[0m
2023-04-23 11:48:17 info: [0mGET /admins/profile [36m304[0m 38.621 ms - -[0m
2023-04-23 11:48:17 info: [0mGET /branchs? [36m304[0m 52.724 ms - -[0m
2023-04-23 11:48:17 info: [0mGET /branchs?page=1&page_size=10 [36m304[0m 23.173 ms - -[0m
2023-04-23 11:48:19 info: [0mGET /admins/profile [36m304[0m 37.519 ms - -[0m
2023-04-23 11:48:20 info: [0mGET /admins/profile [36m304[0m 33.871 ms - -[0m
2023-04-23 11:48:20 info: [0mGET /branchs?page=1&page_size=10 [36m304[0m 119.972 ms - -[0m
2023-04-23 11:48:20 info: [0mGET /branchs?page=1&page_size=10 [36m304[0m 14.412 ms - -[0m
2023-04-23 11:48:22 info: [0mOPTIONS /admins/profile [32m204[0m 2.068 ms - 0[0m
2023-04-23 11:48:22 info: [0mGET /admins/profile [36m304[0m 71.796 ms - -[0m
2023-04-23 11:48:22 info: [0mGET /projects? [36m304[0m 73.977 ms - -[0m
2023-04-23 11:48:23 info: [0mGET /projects?page=1&page_size=10 [36m304[0m 45.537 ms - -[0m
2023-04-23 11:48:25 info: [0mGET /admins/profile [36m304[0m 75.472 ms - -[0m
2023-04-23 11:48:25 info: [0mGET /posts? [36m304[0m 62.045 ms - -[0m
2023-04-23 11:48:25 info: [0mGET /posts?page=1&page_size=10 [36m304[0m 58.453 ms - -[0m
2023-04-23 11:48:27 info: [0mGET /categories?[object%20Object] [36m304[0m 108.466 ms - -[0m
2023-04-23 11:48:27 info: [0mGET /ceos?[object%20Object] [36m304[0m 118.724 ms - -[0m
2023-04-23 11:48:27 info: [0mGET /admins/profile [36m304[0m 151.646 ms - -[0m
2023-04-23 11:48:27 info: [0mGET /posts?[object%20Object] [36m304[0m 133.395 ms - -[0m
2023-04-23 11:48:30 info: [0mOPTIONS /admins/profile [32m204[0m 0.553 ms - 0[0m
2023-04-23 11:48:30 info: [0mGET /posts?page=1&page_size=10 [36m304[0m 32.070 ms - -[0m
2023-04-23 11:48:30 info: [0mGET /admins/profile [36m304[0m 43.619 ms - -[0m
2023-04-23 11:48:30 info: [0mGET /posts?page=1&page_size=10 [36m304[0m 31.373 ms - -[0m
2023-04-23 11:48:37 info: [0mGET /services/nav [36m304[0m 55.499 ms - -[0m
2023-04-23 11:48:37 info: [0mGET /posts/getListFeatured [36m304[0m 36.697 ms - -[0m
2023-04-23 11:48:37 info: [0mGET /services/nav [36m304[0m 38.805 ms - -[0m
2023-04-23 11:48:39 info: [0mGET /posts/getListFeatured [36m304[0m 14.041 ms - -[0m
2023-04-23 11:48:39 info: [0mGET /services/nav [36m304[0m 26.681 ms - -[0m
2023-04-23 11:48:39 info: [0mGET /services/nav [36m304[0m 10.853 ms - -[0m
2023-04-23 11:50:55 info: [0mGET /services/nav [36m304[0m 112.035 ms - -[0m
2023-04-23 11:50:57 info: [0mGET /ceos/getlistCeo [36m304[0m 123.211 ms - -[0m
2023-04-23 11:51:01 info: [0mGET /jobs/getListFeatured [36m304[0m 154.632 ms - -[0m
2023-04-23 11:51:07 info: [0mGET /posts/getListFeatured [36m304[0m 124.319 ms - -[0m
2023-04-23 11:51:07 info: [0mGET /services/nav [36m304[0m 128.385 ms - -[0m
2023-04-23 11:51:10 info: [0mOPTIONS /admins/profile [32m204[0m 1.038 ms - 0[0m
2023-04-23 11:51:10 info: [0mGET /admins/profile [36m304[0m 70.639 ms - -[0m
2023-04-23 11:51:10 info: [0mGET /posts?page=1&page_size=10 [36m304[0m 48.898 ms - -[0m
2023-04-23 11:51:10 info: [0mGET /posts?page=1&page_size=10 [36m304[0m 46.039 ms - -[0m
2023-04-23 11:51:21 info: [0mGET /services/nav [36m304[0m 158.833 ms - -[0m
2023-04-23 11:51:24 info: [0mGET /services/nav [36m304[0m 41.804 ms - -[0m
2023-04-23 11:51:38 info: [0mOPTIONS /admins/profile [32m204[0m 1.427 ms - 0[0m
2023-04-23 11:51:39 info: [0mGET /admins/profile [36m304[0m 97.689 ms - -[0m
2023-04-23 11:51:42 info: [0mGET /admins/profile [36m304[0m 81.720 ms - -[0m
2023-04-23 11:52:01 info: [0mOPTIONS /admins/profile [32m204[0m 0.905 ms - 0[0m
2023-04-23 11:52:01 info: [0mGET /banners? [32m200[0m 142.687 ms - 308[0m
2023-04-23 11:52:01 info: [0mGET /banners?page=1&page_size=10 [36m304[0m 56.329 ms - -[0m
2023-04-23 11:52:01 info: [0mGET /admins/profile [36m304[0m 139.861 ms - -[0m
2023-04-23 11:52:03 info: [0mGET /admins/profile [36m304[0m 22.788 ms - -[0m
2023-04-23 11:52:06 info: [0mOPTIONS /folders/get-medias [32m204[0m 1.029 ms - 0[0m
2023-04-23 11:52:06 info: [0mPOST /folders/get-medias [32m200[0m 37.535 ms - 31[0m
2023-04-23 11:52:06 info: [0mGET /folders [36m304[0m 44.104 ms - -[0m
2023-04-23 11:52:07 info: [0mPOST /folders/get-medias [32m200[0m 3.925 ms - 31[0m
2023-04-23 11:52:07 info: [0mPOST /folders/get-medias [32m200[0m 3.002 ms - 31[0m
2023-04-23 11:52:08 info: [0mPOST /folders/get-medias [32m200[0m 3.125 ms - 31[0m
2023-04-23 11:52:10 info: [0mOPTIONS /admins/profile [32m204[0m 2.745 ms - 0[0m
2023-04-23 11:52:10 info: [0mGET /services? [32m200[0m 87.709 ms - 411[0m
2023-04-23 11:52:10 info: [0mGET /admins/profile [36m304[0m 100.750 ms - -[0m
2023-04-23 11:52:10 info: [0mGET /services?page=1&page_size=10 [36m304[0m 25.164 ms - -[0m
2023-04-23 11:52:11 info: [0mGET /admins/profile [36m304[0m 28.618 ms - -[0m
2023-04-23 11:52:11 info: [0mGET /branchs? [36m304[0m 31.875 ms - -[0m
2023-04-23 11:52:11 info: [0mGET /branchs?page=1&page_size=10 [36m304[0m 9.091 ms - -[0m
2023-04-23 11:52:11 info: [0mGET /admins/profile [36m304[0m 21.590 ms - -[0m
2023-04-23 11:52:11 info: [0mGET /services? [32m200[0m 24.775 ms - 446[0m
2023-04-23 11:52:11 info: [0mGET /services?page=1&page_size=10 [36m304[0m 9.871 ms - -[0m
2023-04-23 11:52:13 info: [0mGET /admins/profile [36m304[0m 44.005 ms - -[0m
2023-04-23 11:52:13 info: [0mGET /services/show/1 [36m304[0m 84.684 ms - -[0m
2023-04-23 11:52:16 info: [0mGET /services/nav [36m304[0m 44.518 ms - -[0m
2023-04-23 11:52:16 info: [0mGET /services/show/1 [36m304[0m 66.568 ms - -[0m
2023-04-23 11:52:16 info: [0mGET /posts/getListFeatured [36m304[0m 57.573 ms - -[0m
2023-04-23 11:52:16 info: [0mGET /services/nav [36m304[0m 21.947 ms - -[0m
2023-04-23 11:53:57 info: [0mGET /jobs/getListFeatured [36m304[0m 60.615 ms - -[0m
2023-04-23 11:54:20 info: [0mGET /services/nav [36m304[0m 59.778 ms - -[0m
2023-04-23 11:54:24 info: [0mGET /posts/getListFeatured [36m304[0m 128.857 ms - -[0m
2023-04-23 11:54:24 info: [0mGET /services/nav [36m304[0m 184.553 ms - -[0m
2023-04-23 11:54:26 info: [0mGET /services/nav [36m304[0m 6.663 ms - -[0m
2023-04-23 11:54:51 info: [0mGET /services/nav [36m304[0m 80.033 ms - -[0m
2023-04-23 11:54:51 info: [0mGET /posts/getListFeatured [36m304[0m 117.950 ms - -[0m
2023-04-23 11:54:51 info: [0mGET /services/nav [36m304[0m 43.842 ms - -[0m
2023-04-23 11:54:59 info: [0mGET /posts/getListFeatured [36m304[0m 13.678 ms - -[0m
2023-04-23 11:54:59 info: [0mGET /services/nav [36m304[0m 33.819 ms - -[0m
2023-04-23 11:54:59 info: [0mGET /services/nav [36m304[0m 18.106 ms - -[0m
2023-04-23 11:55:02 info: [0mGET /services/nav [36m304[0m 7.342 ms - -[0m
2023-04-23 11:55:02 info: [0mGET /posts/getListFeatured [36m304[0m 11.364 ms - -[0m
2023-04-23 11:55:02 info: [0mGET /services/nav [36m304[0m 8.108 ms - -[0m
2023-04-23 11:56:22 info: [0mGET /services/nav [36m304[0m 79.465 ms - -[0m
2023-04-23 11:57:52 info: [0mGET /services/nav [36m304[0m 68.066 ms - -[0m
2023-04-23 11:58:04 info: [0mGET /services/nav [36m304[0m 77.803 ms - -[0m
2023-04-23 11:58:04 info: [0mGET /posts/getListFeatured [36m304[0m 67.100 ms - -[0m
2023-04-23 11:58:04 info: [0mGET /services/nav [36m304[0m 6.062 ms - -[0m
2023-04-23 11:58:08 info: [0mGET /services/nav [36m304[0m 8.518 ms - -[0m
2023-04-23 11:58:08 info: [0mGET /posts/getListFeatured [32m200[0m 18.472 ms - 519[0m
2023-04-23 11:58:08 info: [0mGET /services/nav [36m304[0m 12.035 ms - -[0m
2023-04-23 11:58:11 info: [0mGET /services/nav [36m304[0m 106.419 ms - -[0m
2023-04-23 11:58:11 info: [0mGET /posts/getListFeatured [32m200[0m 107.302 ms - 519[0m
2023-04-23 11:58:11 info: [0mGET /services/nav [36m304[0m 27.209 ms - -[0m
2023-04-23 11:59:06 info: [0mGET /ceos/getlistCeo [36m304[0m 89.928 ms - -[0m
2023-04-23 11:59:08 info: [0mGET /branchs/getListBranch [36m304[0m 78.958 ms - -[0m
2023-04-23 11:59:08 info: [0mGET /banners [36m304[0m 154.721 ms - -[0m
2023-04-23 11:59:08 info: [0mGET /projects [36m304[0m 122.302 ms - -[0m
2023-04-23 11:59:09 info: [0mGET /jobs/getListFeatured [36m304[0m 170.915 ms - -[0m
2023-04-23 11:59:09 info: [0mGET /banners [36m304[0m 30.607 ms - -[0m
2023-04-23 11:59:09 info: [0mGET /categories/post [36m304[0m 26.683 ms - -[0m
2023-04-23 11:59:10 info: [0mGET /banners [36m304[0m 14.641 ms - -[0m
2023-04-23 11:59:10 info: [0mGET /branchs/getListBranch [36m304[0m 12.416 ms - -[0m
2023-04-23 11:59:10 info: [0mGET /projects [36m304[0m 21.097 ms - -[0m
2023-04-23 11:59:10 info: [0mGET /banners [36m304[0m 10.965 ms - -[0m
2023-04-23 11:59:10 info: [0mGET /categories/post [36m304[0m 8.784 ms - -[0m
2023-04-23 11:59:11 info: [0mGET /jobs/getListFeatured [36m304[0m 13.116 ms - -[0m
2023-04-23 12:00:57 info: [0mOPTIONS /admins/login [32m204[0m 0.542 ms - 0[0m
2023-04-23 12:00:57 info: [0mPOST /admins/login [32m200[0m 42.310 ms - -[0m
2023-04-23 12:00:58 info: [0mOPTIONS /admins/profile [32m204[0m 15.016 ms - 0[0m
2023-04-23 12:00:58 info: [0mGET /admins/profile [36m304[0m 79.762 ms - -[0m
2023-04-23 12:01:03 info: [0mOPTIONS /admins/profile [32m204[0m 3.751 ms - 0[0m
2023-04-23 12:01:03 info: [0mGET /admins/profile [36m304[0m 82.911 ms - -[0m
2023-04-23 12:01:03 info: [0mGET /banners? [32m200[0m 78.155 ms - 308[0m
2023-04-23 12:01:03 info: [0mGET /banners?page=1&page_size=10 [36m304[0m 24.503 ms - -[0m
2023-04-23 12:01:26 info: [0mOPTIONS /admins/profile [32m204[0m 0.823 ms - 0[0m
2023-04-23 12:01:26 info: [0mGET /admins/profile [36m304[0m 75.865 ms - -[0m
2023-04-23 12:01:58 info: [0mOPTIONS /admins/profile [32m204[0m 5.350 ms - 0[0m
2023-04-23 12:01:58 info: [0mGET /admins/profile [36m304[0m 66.144 ms - -[0m
2023-04-23 12:02:02 info: [0mGET /admins/profile [36m304[0m 33.995 ms - -[0m
2023-04-23 12:02:09 info: [0mOPTIONS /admins/profile [32m204[0m 0.627 ms - 0[0m
2023-04-23 12:02:09 info: [0mGET /admins/profile [36m304[0m 31.729 ms - -[0m
2023-04-23 12:02:09 info: [0mGET /banners?page=1&page_size=10 [36m304[0m 26.081 ms - -[0m
2023-04-23 12:02:09 info: [0mGET /banners?page=1&page_size=10 [36m304[0m 22.600 ms - -[0m
2023-04-23 12:02:30 info: [0mOPTIONS /admins/profile [32m204[0m 1.400 ms - 0[0m
2023-04-23 12:02:30 info: [0mGET /admins/profile [36m304[0m 151.190 ms - -[0m
2023-04-23 12:02:53 info: [0mOPTIONS /admins/profile [32m204[0m 0.767 ms - 0[0m
2023-04-23 12:02:54 info: [0mGET /admins/profile [36m304[0m 27.889 ms - -[0m
2023-04-23 12:03:00 info: [0mOPTIONS /admins/profile [32m204[0m 1.156 ms - 0[0m
2023-04-23 12:03:00 info: [0mGET /admins/profile [36m304[0m 31.055 ms - -[0m
2023-04-23 12:03:09 info: [0mOPTIONS /admins/profile [32m204[0m 0.955 ms - 0[0m
2023-04-23 12:03:09 info: [0mGET /admins/profile [36m304[0m 49.349 ms - -[0m
2023-04-23 12:03:11 info: [0mGET /admins/profile [36m304[0m 19.407 ms - -[0m
2023-04-23 12:03:23 info: [0mOPTIONS /admins/profile [32m204[0m 0.604 ms - 0[0m
2023-04-23 12:03:23 info: [0mGET /admins/profile [36m304[0m 78.644 ms - -[0m
2023-04-23 12:03:39 info: [0mOPTIONS /admins/profile [32m204[0m 0.555 ms - 0[0m
2023-04-23 12:03:39 info: [0mGET /admins/profile [36m304[0m 29.437 ms - -[0m
2023-04-23 12:03:42 info: [0mGET /admins/profile [36m304[0m 13.833 ms - -[0m
2023-04-23 12:03:43 info: [0mGET /admins/profile [36m304[0m 52.274 ms - -[0m
2023-04-23 12:03:57 info: [0mOPTIONS /admins/profile [32m204[0m 1.212 ms - 0[0m
2023-04-23 12:03:57 info: [0mGET /admins/profile [36m304[0m 49.033 ms - -[0m
2023-04-23 12:04:04 info: [0mOPTIONS /admins/profile [32m204[0m 0.587 ms - 0[0m
2023-04-23 12:04:04 info: [0mGET /admins/profile [36m304[0m 32.851 ms - -[0m
2023-04-23 12:04:10 info: [0mOPTIONS /admins/profile [32m204[0m 4.221 ms - 0[0m
2023-04-23 12:04:10 info: [0mOPTIONS /folders/get-medias [32m204[0m 0.176 ms - 0[0m
2023-04-23 12:04:10 info: [0mPOST /folders/get-medias [32m200[0m 67.314 ms - 31[0m
2023-04-23 12:04:10 info: [0mGET /admins/profile [36m304[0m 76.497 ms - -[0m
2023-04-23 12:04:10 info: [0mGET /folders [36m304[0m 98.939 ms - -[0m
2023-04-23 12:04:11 info: [0mPOST /folders/get-medias [32m200[0m 3.179 ms - 31[0m
2023-04-23 12:04:11 info: [0mPOST /folders/get-medias [32m200[0m 3.614 ms - 31[0m
2023-04-23 12:04:12 info: [0mPOST /folders/get-medias [32m200[0m 2.509 ms - 31[0m
2023-04-23 12:04:13 info: [0mPOST /folders/get-medias [32m200[0m 2.190 ms - 31[0m
2023-04-23 12:04:13 info: [0mPOST /folders/get-medias [32m200[0m 1.894 ms - 31[0m
2023-04-23 12:04:14 info: [0mPOST /folders/get-medias [32m200[0m 2.588 ms - 31[0m
2023-04-23 12:04:14 info: [0mPOST /folders/get-medias [32m200[0m 2.440 ms - 31[0m
2023-04-23 12:04:14 info: [0mPOST /folders/get-medias [32m200[0m 2.209 ms - 31[0m
2023-04-23 12:04:19 info: [0mOPTIONS /admins/profile [32m204[0m 0.754 ms - 0[0m
2023-04-23 12:04:19 info: [0mGET /admins/profile [36m304[0m 124.943 ms - -[0m
2023-04-23 12:04:19 info: [0mGET /roles? [36m304[0m 178.427 ms - -[0m
2023-04-23 12:04:19 info: [0mGET /roles?page=1&page_size=10 [36m304[0m 107.603 ms - -[0m
2023-04-23 12:04:20 info: [0mGET /admins/profile [36m304[0m 90.279 ms - -[0m
2023-04-23 12:04:20 info: [0mGET /admins? [32m200[0m 119.675 ms - -[0m
2023-04-23 12:04:20 info: [0mGET /admins?page=1&page_size=10 [32m200[0m 7.115 ms - -[0m
2023-04-23 12:04:22 info: [0mGET /roles?[object%20Object] [36m304[0m 17.745 ms - -[0m
2023-04-23 12:04:22 info: [0mGET /admins/profile [36m304[0m 45.732 ms - -[0m
2023-04-23 12:04:24 info: [0mOPTIONS /admins/profile [32m204[0m 1.032 ms - 0[0m
2023-04-23 12:04:24 info: [0mGET /admins/profile [36m304[0m 170.336 ms - -[0m
2023-04-23 12:04:26 info: [0mGET /banners? [36m304[0m 105.130 ms - -[0m
2023-04-23 12:04:26 info: [0mGET /admins/profile [36m304[0m 161.041 ms - -[0m
2023-04-23 12:04:26 info: [0mGET /banners?page=1&page_size=10 [36m304[0m 56.018 ms - -[0m
2023-04-23 12:04:30 info: [0mOPTIONS /admins/profile [32m204[0m 1.026 ms - 0[0m
2023-04-23 12:04:30 info: [0mGET /admins/profile [36m304[0m 38.889 ms - -[0m
2023-04-23 12:04:31 info: [0mOPTIONS /folders/get-medias [32m204[0m 0.154 ms - 0[0m
2023-04-23 12:04:31 info: [0mPOST /folders/get-medias [32m200[0m 8.915 ms - 31[0m
2023-04-23 12:04:31 info: [0mGET /folders [36m304[0m 23.051 ms - -[0m
2023-04-23 12:05:34 info: [0mGET /jobs/getListFeatured [36m304[0m 64.390 ms - -[0m
2023-04-23 12:05:34 info: [0mGET /services/nav [36m304[0m 185.776 ms - -[0m
2023-04-23 12:05:38 info: [0mGET /services/nav [36m304[0m 6.992 ms - -[0m
2023-04-23 12:05:38 info: [0mGET /posts/getListFeatured [36m304[0m 15.928 ms - -[0m
2023-04-23 12:05:46 info: [0mGET /banners [36m304[0m 50.491 ms - -[0m
2023-04-23 12:05:46 info: [0mGET /branchs/getListBranch [36m304[0m 29.934 ms - -[0m
2023-04-23 12:05:46 info: [0mGET /projects [36m304[0m 64.251 ms - -[0m
2023-04-23 12:05:49 info: [0mGET /categories/post [36m304[0m 30.972 ms - -[0m
2023-04-23 12:05:49 info: [0mGET /banners [36m304[0m 52.099 ms - -[0m
2023-04-23 12:05:54 info: [0mGET /jobs/getListFeatured [36m304[0m 34.433 ms - -[0m
2023-04-23 12:05:58 info: [0mGET /jobs/find/1 [36m304[0m 14.558 ms - -[0m
2023-04-23 12:12:17 info: [0mGET /services/nav [36m304[0m 199.130 ms - -[0m
2023-04-23 12:12:17 info: [0mGET /posts/getListFeatured [36m304[0m 222.994 ms - -[0m
2023-04-23 12:12:20 info: [0mGET /banners [36m304[0m 79.497 ms - -[0m
2023-04-23 12:12:41 info: [0mGET /services/nav [36m304[0m 39.643 ms - -[0m
2023-04-23 12:12:41 info: [0mGET /posts/getListFeatured [36m304[0m 60.547 ms - -[0m
2023-04-23 12:23:49 info: [0mGET /ceos/getlistCeo [36m304[0m 98.816 ms - -[0m
2023-04-23 12:23:50 info: [0mGET /branchs/getListBranch [36m304[0m 54.136 ms - -[0m
2023-04-23 12:23:50 info: [0mGET /banners [36m304[0m 87.319 ms - -[0m
2023-04-23 12:23:50 info: [0mGET /projects [36m304[0m 77.230 ms - -[0m
2023-04-23 12:23:52 info: [0mGET /banners [36m304[0m 28.850 ms - -[0m
2023-04-23 12:23:52 info: [0mGET /categories/post [36m304[0m 36.684 ms - -[0m
2023-04-23 12:23:52 info: [0mGET /jobs/getListFeatured [36m304[0m 11.744 ms - -[0m
2023-04-23 12:23:53 info: [0mGET /categories/post [36m304[0m 6.265 ms - -[0m
2023-04-23 12:23:53 info: [0mGET /banners [36m304[0m 29.962 ms - -[0m
2023-04-23 12:23:56 info: [0mGET /banners [36m304[0m 28.812 ms - -[0m
2023-04-23 12:23:56 info: [0mGET /branchs/getListBranch [36m304[0m 12.882 ms - -[0m
2023-04-23 12:23:56 info: [0mGET /projects [36m304[0m 29.847 ms - -[0m
2023-04-23 12:23:58 info: [0mGET /ceos/getlistCeo [36m304[0m 9.768 ms - -[0m
2023-04-23 12:23:59 info: [0mGET /posts/getListFeatured [36m304[0m 87.024 ms - -[0m
2023-04-23 12:23:59 info: [0mGET /services/nav [36m304[0m 94.905 ms - -[0m
2023-04-23 12:24:10 info: [0mOPTIONS /admins/profile [32m204[0m 0.607 ms - 0[0m
2023-04-23 12:24:10 info: [0mGET /services?page=1&page_size=10 [36m304[0m 66.788 ms - -[0m
2023-04-23 12:24:10 info: [0mGET /admins/profile [36m304[0m 200.265 ms - -[0m
2023-04-23 12:24:10 info: [0mGET /services? [36m304[0m 182.150 ms - -[0m
2023-04-23 12:24:10 info: [0mGET /branchs? [36m304[0m 43.828 ms - -[0m
2023-04-23 12:24:10 info: [0mGET /admins/profile [36m304[0m 69.263 ms - -[0m
2023-04-23 12:24:10 info: [0mGET /branchs?page=1&page_size=10 [36m304[0m 11.979 ms - -[0m
2023-04-23 12:24:11 info: [0mGET /admins/profile [36m304[0m 16.452 ms - -[0m
2023-04-23 12:24:14 info: [0mGET /admins/profile [36m304[0m 87.593 ms - -[0m
2023-04-23 12:24:14 info: [0mGET /projects? [36m304[0m 92.189 ms - -[0m
2023-04-23 12:24:14 info: [0mGET /projects?page=1&page_size=10 [36m304[0m 47.420 ms - -[0m
2023-04-23 12:24:15 info: [0mOPTIONS /admins/profile [32m204[0m 0.684 ms - 0[0m
2023-04-23 12:24:15 info: [0mGET /admins/profile [36m304[0m 34.973 ms - -[0m
2023-04-23 12:24:15 info: [0mGET /posts? [32m200[0m 51.809 ms - 580[0m
2023-04-23 12:24:15 info: [0mGET /posts?page=1&page_size=10 [36m304[0m 40.102 ms - -[0m
2023-04-23 12:24:17 info: [0mGET /admins/profile [36m304[0m 37.934 ms - -[0m
2023-04-23 12:24:17 info: [0mGET /categories?[object%20Object] [36m304[0m 52.670 ms - -[0m
2023-04-23 12:24:17 info: [0mGET /ceos?[object%20Object] [36m304[0m 52.951 ms - -[0m
2023-04-23 12:24:17 info: [0mGET /posts?[object%20Object] [36m304[0m 71.944 ms - -[0m
2023-04-23 12:30:09 info: [0mOPTIONS /admins/profile [32m204[0m 0.931 ms - 0[0m
2023-04-23 12:30:10 info: [0mGET /banners?page=1&page_size=10 [36m304[0m 76.000 ms - -[0m
2023-04-23 12:30:10 info: [0mGET /banners? [36m304[0m 211.137 ms - -[0m
2023-04-23 12:30:10 info: [0mGET /admins/profile [36m304[0m 237.006 ms - -[0m
2023-04-23 12:30:12 info: [0mGET /admins/profile [36m304[0m 40.000 ms - -[0m
2023-04-23 12:30:12 info: [0mGET /services? [36m304[0m 37.506 ms - -[0m
2023-04-23 12:30:13 info: [0mGET /services?page=1&page_size=10 [36m304[0m 19.293 ms - -[0m
2023-04-23 12:30:18 info: [0mOPTIONS /admins/profile [32m204[0m 0.348 ms - 0[0m
2023-04-23 12:30:18 info: [0mGET /branchs? [32m200[0m 65.497 ms - 255[0m
2023-04-23 12:30:18 info: [0mGET /admins/profile [36m304[0m 69.034 ms - -[0m
2023-04-23 12:30:18 info: [0mGET /branchs?page=1&page_size=10 [36m304[0m 35.952 ms - -[0m
2023-04-23 12:30:18 info: [0mGET /services? [36m304[0m 15.070 ms - -[0m
2023-04-23 12:30:19 info: [0mGET /admins/profile [36m304[0m 54.677 ms - -[0m
2023-04-23 12:30:19 info: [0mGET /services?page=1&page_size=10 [36m304[0m 15.106 ms - -[0m
2023-04-23 12:30:21 info: [0mGET /admins/profile [36m304[0m 51.014 ms - -[0m
2023-04-23 12:30:21 info: [0mGET /services/show/1 [36m304[0m 62.187 ms - -[0m
2023-04-23 12:30:32 info: [0mOPTIONS /admins/profile [32m204[0m 0.241 ms - 0[0m
2023-04-23 12:30:32 info: [0mGET /services/show/1 [36m304[0m 11.717 ms - -[0m
2023-04-23 12:30:32 info: [0mGET /services?page=1&page_size=10 [32m200[0m 76.622 ms - 411[0m
2023-04-23 12:30:32 info: [0mGET /admins/profile [36m304[0m 170.802 ms - -[0m
2023-04-23 12:30:32 info: [0mGET /services?page=1&page_size=10 [32m200[0m 58.414 ms - 446[0m
2023-04-23 12:32:13 info: =================================
2023-04-23 12:32:13 info: ======= ENV: development =======
2023-04-23 12:32:13 info: 🚀 App listening on the port 8000
2023-04-23 12:32:13 info: =================================
2023-04-23 12:32:41 info: =================================
2023-04-23 12:32:41 info: ======= ENV: development =======
2023-04-23 12:32:41 info: 🚀 App listening on the port 8000
2023-04-23 12:32:41 info: =================================
2023-04-23 12:33:12 info: [0mGET /services/nav [36m304[0m 579.439 ms - -[0m
2023-04-23 12:33:12 info: [0mGET /posts/getListFeatured [32m200[0m 604.306 ms - 519[0m
2023-04-23 12:33:12 info: [0mGET /services/nav [36m304[0m 33.089 ms - -[0m
2023-04-23 12:33:23 info: [0mOPTIONS /admins/profile [32m204[0m 1.332 ms - 0[0m
2023-04-23 12:33:23 info: [0mGET /admins/profile [33m401[0m 51.573 ms - 39[0m
2023-04-23 12:33:23 info: [0mGET /services/show/1 [36m304[0m 41.434 ms - -[0m
2023-04-23 12:34:09 info: [0mGET /services/show/1 [36m304[0m 62.460 ms - -[0m
2023-04-23 12:34:09 info: [0mGET /services/show/1 [36m304[0m 12.100 ms - -[0m
2023-04-23 12:34:21 info: [0mGET /services/show/1 [36m304[0m 38.044 ms - -[0m
2023-04-23 12:34:21 info: [0mGET /services/show/1 [36m304[0m 8.957 ms - -[0m
2023-04-23 12:34:21 info: [0mGET /services/show/1 [36m304[0m 7.658 ms - -[0m
2023-04-23 12:34:29 info: [0mOPTIONS /admins/profile [32m204[0m 0.487 ms - 0[0m
2023-04-23 12:34:29 info: [0mGET /admins/profile [33m401[0m 34.727 ms - 39[0m
2023-04-23 12:34:29 info: [0mGET /services/show/1 [36m304[0m 59.892 ms - -[0m
2023-04-23 12:35:41 info: [0mGET /services/show/1 [36m304[0m 41.219 ms - -[0m
2023-04-23 12:37:03 info: [0mOPTIONS /admins/profile [32m204[0m 0.561 ms - 0[0m
2023-04-23 12:37:03 info: [0mGET /admins/profile [33m401[0m 138.170 ms - 39[0m
2023-04-23 12:37:03 info: [0mGET /services/nav [36m304[0m 130.831 ms - -[0m
2023-04-23 12:37:15 info: [0mGET /services/nav [36m304[0m 42.388 ms - -[0m
2023-04-23 12:37:25 info: [0mOPTIONS /admins/profile [32m204[0m 0.590 ms - 0[0m
2023-04-23 12:37:25 info: [0mGET /admins/profile [33m401[0m 129.573 ms - 39[0m
2023-04-23 12:37:25 info: [0mGET /services/nav [36m304[0m 133.741 ms - -[0m
2023-04-23 12:37:31 info: [0mOPTIONS /admins/profile [32m204[0m 0.977 ms - 0[0m
2023-04-23 12:37:31 info: [0mGET /admins/profile [33m401[0m 14.850 ms - 39[0m
2023-04-23 12:37:31 info: [0mGET /services/nav [36m304[0m 89.066 ms - -[0m
2023-04-23 12:37:41 info: [0mOPTIONS /admins/profile [32m204[0m 0.804 ms - 0[0m
2023-04-23 12:37:41 info: [0mGET /admins/profile [33m401[0m 40.514 ms - 39[0m
2023-04-23 12:37:41 info: [0mGET /services?page=1&page_size=10 [32m200[0m 108.145 ms - 446[0m
2023-04-23 12:37:41 info: [0mGET /services?page=1&page_size=10 [36m304[0m 11.353 ms - -[0m
2023-04-23 12:37:47 info: [0mOPTIONS /admins/login [32m204[0m 0.675 ms - 0[0m
2023-04-23 12:37:47 info: [0mPOST /admins/login [32m200[0m 58.024 ms - 560[0m
2023-04-23 12:37:48 info: [0mOPTIONS /admins/profile [32m204[0m 0.832 ms - 0[0m
2023-04-23 12:37:48 info: [0mGET /admins/profile [36m304[0m 94.105 ms - -[0m
2023-04-23 12:37:51 info: [0mGET /services? [32m200[0m 16.025 ms - 446[0m
2023-04-23 12:37:51 info: [0mGET /admins/profile [36m304[0m 28.010 ms - -[0m
2023-04-23 12:37:51 info: [0mGET /services?page=1&page_size=10 [36m304[0m 27.743 ms - -[0m
2023-04-23 12:37:53 info: [0mOPTIONS /admins/profile [32m204[0m 0.868 ms - 0[0m
2023-04-23 12:37:54 info: [0mGET /services/nav [36m304[0m 24.106 ms - -[0m
2023-04-23 12:37:54 info: [0mGET /admins/profile [36m304[0m 106.176 ms - -[0m
2023-04-23 12:38:01 info: [0mOPTIONS /admins/profile [32m204[0m 0.821 ms - 0[0m
2023-04-23 12:38:01 info: [0mGET /services/nav [36m304[0m 132.535 ms - -[0m
2023-04-23 12:38:01 info: [0mGET /admins/profile [36m304[0m 161.546 ms - -[0m
2023-04-23 12:38:27 info: [0mGET /services/nav [36m304[0m 60.342 ms - -[0m
2023-04-23 12:38:29 info: [0mGET /projects/nav [33m404[0m 8.526 ms - 151[0m
2023-04-23 12:38:42 info: [0mGET /services/nav [36m304[0m 18.655 ms - -[0m
2023-04-23 12:39:10 info: [0mGET /services/nav [36m304[0m 205.404 ms - -[0m
2023-04-23 12:39:10 info: [0mGET /posts/getListFeatured [36m304[0m 193.085 ms - -[0m
2023-04-23 12:39:10 info: [0mGET /services/nav [36m304[0m 16.060 ms - -[0m
2023-04-23 12:39:35 info: [0mGET /services/nav [36m304[0m 46.365 ms - -[0m
2023-04-23 12:40:42 info: [0mOPTIONS /admins/profile [32m204[0m 1.131 ms - 0[0m
2023-04-23 12:40:42 info: [0mGET /services/nav [36m304[0m 73.019 ms - -[0m
2023-04-23 12:40:42 info: [0mGET /admins/profile [36m304[0m 108.027 ms - -[0m
2023-04-23 12:40:50 info: [0mGET /services/nav [36m304[0m 44.396 ms - -[0m
2023-04-23 12:41:01 info: [0mOPTIONS /admins/profile [32m204[0m 1.675 ms - 0[0m
2023-04-23 12:41:01 info: [0mGET /services/nav [36m304[0m 38.350 ms - -[0m
2023-04-23 12:41:01 info: [0mGET /admins/profile [36m304[0m 47.646 ms - -[0m
2023-04-23 12:41:09 info: [0mGET /services/nav [36m304[0m 28.682 ms - -[0m
2023-04-23 12:41:11 info: [0mGET /services/nav [36m304[0m 44.571 ms - -[0m
2023-04-23 12:41:16 info: [0mGET /services/nav [36m304[0m 143.994 ms - -[0m
2023-04-23 12:41:47 info: [0mGET /services/show/1 [36m304[0m 62.605 ms - -[0m
2023-04-23 12:42:02 info: [0mGET /services/show/1 [32m200[0m 21.058 ms - 330[0m
2023-04-23 12:42:16 info: [0mOPTIONS /admins/profile [32m204[0m 2.871 ms - 0[0m
2023-04-23 12:42:16 info: [0mGET /services/show/1 [36m304[0m 87.725 ms - -[0m
2023-04-23 12:42:17 info: [0mGET /admins/profile [36m304[0m 99.019 ms - -[0m
2023-04-23 12:42:20 info: [0mGET /services/show/1 [32m200[0m 46.251 ms - 353[0m
2023-04-23 12:42:22 info: [0mOPTIONS /admins/profile [32m204[0m 0.645 ms - 0[0m
2023-04-23 12:42:22 info: [0mGET /services/show/1 [36m304[0m 70.174 ms - -[0m
2023-04-23 12:42:22 info: [0mGET /admins/profile [36m304[0m 95.037 ms - -[0m
2023-04-23 12:42:39 info: [0mGET /services/show/1 [36m304[0m 175.664 ms - -[0m
2023-04-23 12:42:45 info: [0mGET /services/show/1 [36m304[0m 32.452 ms - -[0m
2023-04-23 12:42:59 info: [0mGET /services/show/1 [36m304[0m 248.379 ms - -[0m
2023-04-23 12:44:18 info: [0mOPTIONS /admins/profile [32m204[0m 1.018 ms - 0[0m
2023-04-23 12:44:18 info: [0mGET /services/show/1 [32m200[0m 48.358 ms - 330[0m
2023-04-23 12:44:18 info: [0mGET /admins/profile [36m304[0m 59.671 ms - -[0m
2023-04-23 12:45:41 info: =================================
2023-04-23 12:45:41 info: ======= ENV: development =======
2023-04-23 12:45:41 info: 🚀 App listening on the port 8000
2023-04-23 12:45:41 info: =================================
2023-04-23 12:46:45 info: =================================
2023-04-23 12:46:45 info: ======= ENV: development =======
2023-04-23 12:46:45 info: 🚀 App listening on the port 8000
2023-04-23 12:46:45 info: =================================
2023-04-23 12:46:46 info: [0mGET /services/show/1 [32m200[0m 134.338 ms - 341[0m
2023-04-23 12:46:59 info: [0mGET /services/show/1 [32m200[0m 140.160 ms - 364[0m
2023-04-23 12:47:03 info: [0mOPTIONS /admins/profile [32m204[0m 1.257 ms - 0[0m
2023-04-23 12:47:03 info: [0mGET /services/show/1 [36m304[0m 68.826 ms - -[0m
2023-04-23 12:47:03 info: [0mGET /admins/profile [36m304[0m 130.132 ms - -[0m
2023-04-23 12:47:06 info: [0mGET /services/show/1 [36m304[0m 40.513 ms - -[0m
2023-04-23 12:47:06 info: [0mGET /admins/profile [36m304[0m 68.597 ms - -[0m
2023-04-23 12:47:18 info: [0mGET /services/show/1 [36m304[0m 115.291 ms - -[0m
2023-04-23 12:47:21 info: [0mGET /services/show/1 [36m304[0m 18.879 ms - -[0m
2023-04-23 12:47:26 info: [0mOPTIONS /admins/profile [32m204[0m 1.158 ms - 0[0m
2023-04-23 12:47:26 info: [0mGET /services? [36m304[0m 225.293 ms - -[0m
2023-04-23 12:47:26 info: [0mGET /services?page=1&page_size=10 [36m304[0m 78.691 ms - -[0m
2023-04-23 12:47:26 info: [0mGET /admins/profile [36m304[0m 260.309 ms - -[0m
2023-04-23 12:47:29 info: [0mGET /services/show/1 [36m304[0m 55.109 ms - -[0m
2023-04-23 12:47:29 info: [0mGET /admins/profile [36m304[0m 81.551 ms - -[0m
2023-04-23 12:47:32 info: [0mOPTIONS /admins/profile [32m204[0m 0.456 ms - 0[0m
2023-04-23 12:47:32 info: [0mGET /services/show/1 [36m304[0m 42.249 ms - -[0m
2023-04-23 12:47:32 info: [0mGET /admins/profile [36m304[0m 67.991 ms - -[0m
2023-04-23 12:48:24 info: [0mOPTIONS /admins/profile [32m204[0m 1.259 ms - 0[0m
2023-04-23 12:48:24 info: [0mGET /services/show/1 [32m200[0m 166.031 ms - 341[0m
2023-04-23 12:48:24 info: [0mGET /admins/profile [36m304[0m 248.292 ms - -[0m
2023-04-23 12:48:31 info: [0mGET /services/show/undefined [32m200[0m 23.034 ms - 26[0m
2023-04-23 12:48:33 info: [0mGET /services/show/2 [32m200[0m 16.943 ms - 381[0m
2023-04-23 12:48:34 info: [0mOPTIONS /admins/profile [32m204[0m 0.906 ms - 0[0m
2023-04-23 12:48:35 info: [0mGET /services?page=1&page_size=10 [36m304[0m 194.721 ms - -[0m
2023-04-23 12:48:35 info: [0mGET /admins/profile [36m304[0m 283.382 ms - -[0m
2023-04-23 12:48:35 info: [0mGET /services?page=1&page_size=10 [36m304[0m 25.695 ms - -[0m
2023-04-23 12:48:39 info: [0mGET /services/show/3 [32m200[0m 27.185 ms - 315[0m
2023-04-23 12:48:39 info: [0mGET /admins/profile [36m304[0m 57.688 ms - -[0m
2023-04-23 12:48:40 info: [0mOPTIONS /admins/profile [32m204[0m 0.209 ms - 0[0m
2023-04-23 12:48:40 info: [0mGET /services?page=1&page_size=10 [32m200[0m 66.792 ms - 411[0m
2023-04-23 12:48:40 info: [0mGET /admins/profile [36m304[0m 71.631 ms - -[0m
2023-04-23 12:48:40 info: [0mGET /services?page=1&page_size=10 [32m200[0m 9.813 ms - 446[0m
2023-04-23 12:48:41 info: [0mGET /services/show/1 [32m200[0m 6.686 ms - 364[0m
2023-04-23 12:48:41 info: [0mGET /admins/profile [36m304[0m 20.865 ms - -[0m
2023-04-23 12:48:57 info: [0mOPTIONS /admins/profile [32m204[0m 0.541 ms - 0[0m
2023-04-23 12:48:57 info: [0mGET /services?page=1&page_size=10 [36m304[0m 65.375 ms - -[0m
2023-04-23 12:48:57 info: [0mGET /admins/profile [36m304[0m 81.736 ms - -[0m
2023-04-23 12:48:57 info: [0mGET /services?page=1&page_size=10 [36m304[0m 5.897 ms - -[0m
2023-04-23 12:48:59 info: [0mGET /services/show/2 [36m304[0m 19.275 ms - -[0m
2023-04-23 12:48:59 info: [0mGET /admins/profile [36m304[0m 41.767 ms - -[0m
2023-04-23 12:49:03 info: [0mOPTIONS /admins/profile [32m204[0m 0.172 ms - 0[0m
2023-04-23 12:49:03 info: [0mGET /services?page=1&page_size=10 [32m200[0m 26.594 ms - 411[0m
2023-04-23 12:49:03 info: [0mGET /services?page=1&page_size=10 [32m200[0m 25.250 ms - 446[0m
2023-04-23 12:49:03 info: [0mGET /admins/profile [36m304[0m 111.369 ms - -[0m
2023-04-23 12:49:04 info: [0mGET /services/show/3 [36m304[0m 7.657 ms - -[0m
2023-04-23 12:49:04 info: [0mGET /admins/profile [36m304[0m 16.186 ms - -[0m
2023-04-23 12:49:42 info: [0mOPTIONS /admins/profile [32m204[0m 0.605 ms - 0[0m
2023-04-23 12:49:43 info: [0mGET /services? [36m304[0m 144.430 ms - -[0m
2023-04-23 12:49:43 info: [0mGET /services?page=1&page_size=10 [36m304[0m 48.011 ms - -[0m
2023-04-23 12:49:43 info: [0mGET /admins/profile [36m304[0m 192.303 ms - -[0m
2023-04-23 12:49:43 info: [0mGET /services/show/undefined [36m304[0m 7.732 ms - -[0m
2023-04-23 12:49:43 info: [0mGET /admins/profile [36m304[0m 26.512 ms - -[0m
2023-04-23 12:50:19 info: [0mOPTIONS /admins/profile [32m204[0m 4.884 ms - 0[0m
2023-04-23 12:50:19 info: [0mGET /services/show/undefined [36m304[0m 42.986 ms - -[0m
2023-04-23 12:50:19 info: [0mGET /admins/profile [36m304[0m 182.416 ms - -[0m
2023-04-23 12:50:33 info: [0mOPTIONS /admins/profile [32m204[0m 0.381 ms - 0[0m
2023-04-23 12:50:33 info: [0mGET /services/show/undefined [36m304[0m 28.681 ms - -[0m
2023-04-23 12:50:33 info: [0mGET /admins/profile [36m304[0m 42.396 ms - -[0m
2023-04-23 12:50:37 info: [0mGET /services/show/undefined [36m304[0m 43.048 ms - -[0m
2023-04-23 12:51:03 info: =================================
2023-04-23 12:51:03 info: ======= ENV: development =======
2023-04-23 12:51:03 info: 🚀 App listening on the port 8000
2023-04-23 12:51:03 info: =================================
2023-04-23 12:51:30 info: =================================
2023-04-23 12:51:30 info: ======= ENV: development =======
2023-04-23 12:51:30 info: 🚀 App listening on the port 8000
2023-04-23 12:51:30 info: =================================
2023-04-23 12:52:48 info: =================================
2023-04-23 12:52:48 info: ======= ENV: development =======
2023-04-23 12:52:48 info: 🚀 App listening on the port 8000
2023-04-23 12:52:48 info: =================================
2023-04-23 12:53:18 info: =================================
2023-04-23 12:53:18 info: ======= ENV: development =======
2023-04-23 12:53:18 info: 🚀 App listening on the port 8000
2023-04-23 12:53:18 info: =================================
2023-04-23 12:53:30 info: =================================
2023-04-23 12:53:30 info: ======= ENV: development =======
2023-04-23 12:53:30 info: 🚀 App listening on the port 8000
2023-04-23 12:53:30 info: =================================
2023-04-23 12:53:42 info: =================================
2023-04-23 12:53:42 info: ======= ENV: development =======
2023-04-23 12:53:42 info: 🚀 App listening on the port 8000
2023-04-23 12:53:42 info: =================================
2023-04-23 12:54:14 info: =================================
2023-04-23 12:54:14 info: ======= ENV: development =======
2023-04-23 12:54:14 info: 🚀 App listening on the port 8000
2023-04-23 12:54:14 info: =================================
2023-04-23 12:54:43 info: [0mOPTIONS /admins/profile [32m204[0m 3.755 ms - 0[0m
2023-04-23 12:54:43 info: [0mGET /services?page=1&page_size=10 [36m304[0m 152.583 ms - -[0m
2023-04-23 12:54:43 info: [0mGET /admins/profile [36m304[0m 228.123 ms - -[0m
2023-04-23 12:54:43 info: [0mGET /services?page=1&page_size=10 [36m304[0m 38.974 ms - -[0m
2023-04-23 12:54:43 info: [0mGET /services? [36m304[0m 33.814 ms - -[0m
2023-04-23 12:54:51 info: [0mGET /services?search=g [32m200[0m 18.389 ms - 321[0m
2023-04-23 12:54:51 info: [0mGET /services?search=gi [32m200[0m 12.175 ms - 200[0m
2023-04-23 12:54:51 info: [0mGET /services?search=gia [32m200[0m 17.911 ms - 200[0m
2023-04-23 12:54:51 info: [0mGET /services? [36m304[0m 6.550 ms - -[0m
2023-04-23 12:54:52 info: [0mGET /services?search=t [32m200[0m 13.160 ms - 446[0m
2023-04-23 12:54:52 info: [0mGET /services?search=tu [32m200[0m 9.378 ms - 207[0m
2023-04-23 12:54:52 info: [0mGET /services? [36m304[0m 6.968 ms - -[0m
2023-04-23 12:54:54 info: [0mOPTIONS /admins/profile [32m204[0m 0.180 ms - 0[0m
2023-04-23 12:54:54 info: [0mGET /services/show/1 [36m304[0m 86.771 ms - -[0m
2023-04-23 12:54:54 info: [0mGET /admins/profile [36m304[0m 108.015 ms - -[0m
2023-04-23 12:56:07 info: [0mGET /services/show/1 [36m304[0m 81.280 ms - -[0m
2023-04-23 12:56:36 info: [0mGET /services/show/1 [36m304[0m 38.282 ms - -[0m
2023-04-23 12:56:41 info: [0mGET /services/show/1 [36m304[0m 88.827 ms - -[0m
2023-04-23 12:57:49 info: [0mOPTIONS /admins/profile [32m204[0m 0.865 ms - 0[0m
2023-04-23 12:57:49 info: [0mGET /services/show/1 [36m304[0m 180.241 ms - -[0m
2023-04-23 12:57:49 info: [0mGET /admins/profile [36m304[0m 270.835 ms - -[0m
2023-04-23 12:57:57 info: [0mOPTIONS /admins/profile [32m204[0m 1.467 ms - 0[0m
2023-04-23 12:57:57 info: [0mGET /services/show/1 [36m304[0m 29.736 ms - -[0m
2023-04-23 12:57:57 info: [0mGET /admins/profile [36m304[0m 65.740 ms - -[0m
2023-04-23 12:58:01 info: [0mGET /admins/profile [36m304[0m 32.697 ms - -[0m
2023-04-23 12:58:01 info: [0mGET /services/show/undefined [36m304[0m 20.623 ms - -[0m
2023-04-23 12:58:06 info: [0mOPTIONS /admins/profile [32m204[0m 5.583 ms - 0[0m
2023-04-23 12:58:06 info: [0mGET /services/show/undefined [36m304[0m 11.867 ms - -[0m
2023-04-23 12:58:06 info: [0mGET /admins/profile [36m304[0m 82.624 ms - -[0m
2023-04-23 12:58:13 info: [0mOPTIONS /admins/profile [32m204[0m 1.664 ms - 0[0m
2023-04-23 12:58:13 info: [0mGET /services/show/1 [36m304[0m 70.489 ms - -[0m
2023-04-23 12:58:13 info: [0mGET /admins/profile [36m304[0m 127.253 ms - -[0m
2023-04-23 12:59:12 info: [0mGET /services/show/2 [32m200[0m 65.112 ms - 372[0m
2023-04-23 12:59:16 info: [0mOPTIONS /admins/profile [32m204[0m 0.327 ms - 0[0m
2023-04-23 12:59:16 info: [0mGET /services? [36m304[0m 111.096 ms - -[0m
2023-04-23 12:59:16 info: [0mGET /admins/profile [36m304[0m 141.405 ms - -[0m
2023-04-23 12:59:16 info: [0mGET /services?page=1&page_size=10 [36m304[0m 38.036 ms - -[0m
2023-04-23 12:59:18 info: [0mGET /services/show/2 [32m200[0m 49.316 ms - 381[0m
2023-04-23 12:59:18 info: [0mGET /admins/profile [36m304[0m 86.544 ms - -[0m
2023-04-23 12:59:29 info: [0mOPTIONS /admins/profile [32m204[0m 1.060 ms - 0[0m
2023-04-23 12:59:29 info: [0mGET /services/show/2 [36m304[0m 51.432 ms - -[0m
2023-04-23 12:59:29 info: [0mGET /admins/profile [36m304[0m 52.891 ms - -[0m
2023-04-23 12:59:33 info: [0mGET /services?page=1&page_size=10 [36m304[0m 66.449 ms - -[0m
2023-04-23 12:59:33 info: [0mGET /admins/profile [36m304[0m 78.015 ms - -[0m
2023-04-23 12:59:33 info: [0mGET /services?page=1&page_size=10 [36m304[0m 13.421 ms - -[0m
2023-04-23 12:59:35 info: [0mOPTIONS /admins/profile [32m204[0m 0.536 ms - 0[0m
2023-04-23 12:59:35 info: [0mGET /services/show/1 [32m200[0m 15.325 ms - 341[0m
2023-04-23 12:59:35 info: [0mGET /admins/profile [36m304[0m 20.766 ms - -[0m
2023-04-23 13:00:27 info: [0mOPTIONS /admins/profile [32m204[0m 1.585 ms - 0[0m
2023-04-23 13:00:27 info: [0mGET /admins/profile [36m304[0m 120.712 ms - -[0m
2023-04-23 13:00:37 info: [0mOPTIONS /admins/profile [32m204[0m 0.583 ms - 0[0m
2023-04-23 13:00:37 info: [0mOPTIONS /folders/get-medias [32m204[0m 0.123 ms - 0[0m
2023-04-23 13:00:37 error: [POST] /folders/get-medias >> StatusCode:: 500, Message:: WHERE parameter "folder_id" has invalid "undefined" value
2023-04-23 13:00:37 info: [0mPOST /folders/get-medias [31m500[0m 96.954 ms - 75[0m
2023-04-23 13:00:37 info: [0mGET /services/show/1 [36m304[0m 102.415 ms - -[0m
2023-04-23 13:00:37 info: [0mGET /admins/profile [36m304[0m 255.136 ms - -[0m
2023-04-23 13:01:18 info: [0mGET /services/show/1 [32m200[0m 32.048 ms - 364[0m
2023-04-23 13:01:18 info: [0mGET /services/show/1 [36m304[0m 23.232 ms - -[0m
2023-04-23 13:01:19 info: [0mGET /services/show/1 [36m304[0m 20.776 ms - -[0m
2023-04-23 13:01:20 info: [0mGET /services/show/1 [36m304[0m 7.134 ms - -[0m
2023-04-23 13:02:26 info: [0mOPTIONS /admins/profile [32m204[0m 0.498 ms - 0[0m
2023-04-23 13:02:26 info: [0mGET /services/show/1 [36m304[0m 44.348 ms - -[0m
2023-04-23 13:02:26 info: [0mGET /admins/profile [36m304[0m 61.295 ms - -[0m
2023-04-23 13:02:46 info: [0mGET /services/show/1 [36m304[0m 94.135 ms - -[0m
2023-04-23 13:02:50 info: [0mOPTIONS /admins/profile [32m204[0m 0.645 ms - 0[0m
2023-04-23 13:02:50 info: [0mGET /admins/profile [36m304[0m 32.888 ms - -[0m
2023-04-23 13:03:19 info: [0mOPTIONS /admins/profile [32m204[0m 1.508 ms - 0[0m
2023-04-23 13:03:19 info: [0mGET /services/show/1 [36m304[0m 41.835 ms - -[0m
2023-04-23 13:03:19 info: [0mGET /admins/profile [36m304[0m 52.950 ms - -[0m
2023-04-23 13:03:19 info: [0mGET /services/show/1 [36m304[0m 5.738 ms - -[0m
2023-04-23 13:03:32 info: [0mGET /services/show/1 [36m304[0m 77.047 ms - -[0m
2023-04-23 13:03:33 info: [0mGET /services/show/1 [36m304[0m 54.242 ms - -[0m
2023-04-23 13:03:33 info: [0mGET /services/show/1 [36m304[0m 17.856 ms - -[0m
2023-04-23 13:03:35 info: [0mGET /services/show/1 [36m304[0m 35.585 ms - -[0m
2023-04-23 13:03:36 info: [0mGET /services/show/1 [36m304[0m 4.202 ms - -[0m
2023-04-23 13:03:36 info: [0mGET /services/show/1 [36m304[0m 28.416 ms - -[0m
2023-04-23 13:03:37 info: [0mGET /services/show/1 [36m304[0m 3.570 ms - -[0m
2023-04-23 13:03:38 info: [0mGET /services/show/1 [36m304[0m 5.307 ms - -[0m
2023-04-23 13:03:38 info: [0mGET /services/show/1 [36m304[0m 6.105 ms - -[0m
2023-04-23 13:03:42 info: [0mGET /services/show/1 [36m304[0m 3.616 ms - -[0m
2023-04-23 13:03:43 info: [0mGET /services/show/1 [36m304[0m 3.663 ms - -[0m
2023-04-23 13:03:44 info: [0mGET /services/show/1 [36m304[0m 3.828 ms - -[0m
2023-04-23 13:03:45 info: [0mGET /services/show/1 [36m304[0m 3.868 ms - -[0m
2023-04-23 13:04:01 info: [0mGET /services/show/1 [36m304[0m 46.505 ms - -[0m
2023-04-23 13:04:27 info: [0mGET /services/show/1 [36m304[0m 47.107 ms - -[0m
2023-04-23 13:04:27 info: [0mGET /services/show/1 [36m304[0m 11.368 ms - -[0m
2023-04-23 13:04:29 info: [0mGET /services/show/1 [36m304[0m 7.941 ms - -[0m
2023-04-23 13:05:14 info: [0mGET /services/show/1 [36m304[0m 60.255 ms - -[0m
2023-04-23 13:05:14 info: [0mGET /services/show/1 [36m304[0m 14.207 ms - -[0m
2023-04-23 13:05:22 info: [0mGET /services/show/1 [36m304[0m 41.880 ms - -[0m
2023-04-23 13:05:22 info: [0mGET /services/show/1 [36m304[0m 51.382 ms - -[0m
2023-04-23 13:05:41 info: [0mGET /services/show/5 [32m200[0m 32.313 ms - 246[0m
2023-04-23 13:05:41 info: [0mGET /services/show/1 [36m304[0m 27.220 ms - -[0m
2023-04-23 13:05:50 info: [0mGET /services/show/5 [36m304[0m 34.698 ms - -[0m
2023-04-23 13:05:50 info: [0mGET /services/show/1 [36m304[0m 28.264 ms - -[0m
2023-04-23 13:07:30 info: [0mGET /services/show/5 [36m304[0m 19.517 ms - -[0m
2023-04-23 13:07:30 info: [0mGET /services/show/1 [36m304[0m 38.626 ms - -[0m
2023-04-23 13:07:58 info: [0mOPTIONS /admins/profile [32m204[0m 3.607 ms - 0[0m
2023-04-23 13:07:58 info: [0mGET /services/show/1 [36m304[0m 71.454 ms - -[0m
2023-04-23 13:07:58 info: [0mGET /admins/profile [36m304[0m 37.487 ms - -[0m
2023-04-23 13:08:11 info: [0mGET /services/show/1 [36m304[0m 27.220 ms - -[0m
2023-04-23 13:10:17 info: =================================
2023-04-23 13:10:17 info: ======= ENV: development =======
2023-04-23 13:10:17 info: 🚀 App listening on the port 8000
2023-04-23 13:10:17 info: =================================
2023-04-23 13:10:28 info: =================================
2023-04-23 13:10:28 info: ======= ENV: development =======
2023-04-23 13:10:28 info: 🚀 App listening on the port 8000
2023-04-23 13:10:28 info: =================================
2023-04-23 13:10:37 info: [0mOPTIONS /admins/profile [32m204[0m 3.249 ms - 0[0m
2023-04-23 13:10:37 info: [0mGET /admins/profile [36m304[0m 173.147 ms - -[0m
2023-04-23 13:10:39 info: [0mGET /services/show/2 [32m200[0m 34.005 ms - 372[0m
2023-04-23 13:11:10 info: =================================
2023-04-23 13:11:10 info: ======= ENV: development =======
2023-04-23 13:11:10 info: 🚀 App listening on the port 8000
2023-04-23 13:11:10 info: =================================
2023-04-23 13:11:19 info: =================================
2023-04-23 13:11:19 info: ======= ENV: development =======
2023-04-23 13:11:19 info: 🚀 App listening on the port 8000
2023-04-23 13:11:19 info: =================================
2023-04-23 13:11:19 info: [0mGET /services/show/2 [32m200[0m 76.666 ms - 656[0m
2023-04-23 13:12:30 info: [0mGET /services/show/1 [32m200[0m 67.428 ms - 648[0m
2023-04-23 13:12:58 info: =================================
2023-04-23 13:12:58 info: ======= ENV: development =======
2023-04-23 13:12:58 info: 🚀 App listening on the port 8000
2023-04-23 13:12:58 info: =================================
2023-04-23 13:13:02 info: [0mGET /services/show/2 [32m200[0m 73.860 ms - 647[0m
2023-04-23 13:13:42 info: [0mOPTIONS /admins/profile [32m204[0m 2.018 ms - 0[0m
2023-04-23 13:13:43 info: [0mGET /services/show/undefined [36m304[0m 75.385 ms - -[0m
2023-04-23 13:13:43 info: [0mGET /admins/profile [36m304[0m 115.400 ms - -[0m
2023-04-23 13:14:40 info: [0mOPTIONS /admins/profile [32m204[0m 1.799 ms - 0[0m
2023-04-23 13:14:40 info: [0mGET /services/show/undefined [36m304[0m 78.524 ms - -[0m
2023-04-23 13:14:40 info: [0mGET /admins/profile [36m304[0m 125.828 ms - -[0m
2023-04-23 13:14:52 info: [0mGET /services/show/1 [32m200[0m 156.674 ms - 639[0m
2023-04-23 13:14:55 info: [0mGET /services/show/1 [36m304[0m 52.132 ms - -[0m
2023-04-23 13:15:05 info: [0mGET /services/show/1 [36m304[0m 32.679 ms - -[0m
2023-04-23 13:15:12 info: [0mOPTIONS /admins/profile [32m204[0m 0.841 ms - 0[0m
2023-04-23 13:15:12 info: [0mGET /admins/profile [36m304[0m 122.596 ms - -[0m
2023-04-23 13:15:12 info: [0mGET /services?page=1&page_size=10 [36m304[0m 93.337 ms - -[0m
2023-04-23 13:15:12 info: [0mGET /services?page=1&page_size=10 [36m304[0m 11.990 ms - -[0m
2023-04-23 13:15:16 info: [0mGET /services/show/1 [36m304[0m 30.851 ms - -[0m
2023-04-23 13:15:16 info: [0mGET /admins/profile [36m304[0m 48.702 ms - -[0m
2023-04-23 13:15:59 info: [0mGET /services/show/1 [36m304[0m 80.845 ms - -[0m
2023-04-23 13:17:20 info: [0mGET /services/show/1 [36m304[0m 42.112 ms - -[0m
2023-04-23 13:17:26 info: [0mOPTIONS /admins/profile [32m204[0m 1.135 ms - 0[0m
2023-04-23 13:17:26 info: [0mGET /services/show/1 [36m304[0m 51.967 ms - -[0m
2023-04-23 13:17:26 info: [0mGET /admins/profile [36m304[0m 74.388 ms - -[0m
2023-04-23 13:17:30 info: [0mGET /services/show/1 [36m304[0m 50.533 ms - -[0m
2023-04-23 13:17:30 info: [0mGET /admins/profile [36m304[0m 144.656 ms - -[0m
2023-04-23 13:17:48 info: [0mGET /services/show/1 [36m304[0m 57.816 ms - -[0m
2023-04-23 13:17:51 info: [0mGET /services/show/1 [36m304[0m 32.124 ms - -[0m
2023-04-23 13:17:52 info: [0mGET /services/show/1 [36m304[0m 19.218 ms - -[0m
2023-04-23 13:18:08 info: [0mOPTIONS /admins/profile [32m204[0m 1.010 ms - 0[0m
2023-04-23 13:18:08 info: [0mGET /services/show/1 [36m304[0m 38.174 ms - -[0m
2023-04-23 13:18:08 info: [0mGET /admins/profile [36m304[0m 57.960 ms - -[0m
2023-04-23 13:18:36 info: [0mGET /services/show/1 [36m304[0m 46.476 ms - -[0m
2023-04-23 13:19:45 info: [0mGET /services/show/1 [36m304[0m 31.625 ms - -[0m
2023-04-23 13:19:48 info: [0mGET /services/show/1 [36m304[0m 42.837 ms - -[0m
2023-04-23 13:21:21 info: [0mOPTIONS /admins/profile [32m204[0m 3.421 ms - 0[0m
2023-04-23 13:21:21 info: [0mGET /services/show/undefined [36m304[0m 141.486 ms - -[0m
2023-04-23 13:21:21 info: [0mGET /admins/profile [36m304[0m 227.280 ms - -[0m
2023-04-23 13:21:23 info: [0mGET /services/show/undefined [36m304[0m 97.137 ms - -[0m
2023-04-23 13:21:23 info: [0mGET /admins/profile [36m304[0m 153.636 ms - -[0m
2023-04-23 13:21:27 info: [0mOPTIONS /admins/profile [32m204[0m 0.868 ms - 0[0m
2023-04-23 13:21:27 info: [0mGET /services/show/undefined [36m304[0m 40.177 ms - -[0m
2023-04-23 13:21:27 info: [0mGET /admins/profile [36m304[0m 83.443 ms - -[0m
2023-04-23 13:21:56 info: [0mOPTIONS /admins/profile [32m204[0m 0.823 ms - 0[0m
2023-04-23 13:21:56 info: [0mGET /services/show/undefined [36m304[0m 75.866 ms - -[0m
2023-04-23 13:21:56 info: [0mGET /admins/profile [36m304[0m 120.671 ms - -[0m
2023-04-23 13:22:08 info: [0mOPTIONS /admins/profile [32m204[0m 4.110 ms - 0[0m
2023-04-23 13:22:08 info: [0mGET /services/show/undefined [36m304[0m 141.624 ms - -[0m
2023-04-23 13:22:08 info: [0mGET /admins/profile [36m304[0m 161.000 ms - -[0m
2023-04-23 13:22:12 info: [0mGET /services/show/undefined [36m304[0m 7.372 ms - -[0m
2023-04-23 13:22:12 info: [0mGET /admins/profile [36m304[0m 20.449 ms - -[0m
2023-04-23 13:22:34 info: [0mOPTIONS /admins/profile [32m204[0m 1.533 ms - 0[0m
2023-04-23 13:22:34 info: [0mGET /services/show/undefined [36m304[0m 87.845 ms - -[0m
2023-04-23 13:22:34 info: [0mGET /admins/profile [36m304[0m 104.297 ms - -[0m
2023-04-23 13:22:46 info: [0mGET /services/show/2 [36m304[0m 17.498 ms - -[0m
2023-04-23 13:23:14 info: [0mOPTIONS /admins/profile [32m204[0m 1.228 ms - 0[0m
2023-04-23 13:23:14 info: [0mGET /services/show/undefined [36m304[0m 61.664 ms - -[0m
2023-04-23 13:23:14 info: [0mGET /admins/profile [36m304[0m 100.593 ms - -[0m
2023-04-23 13:23:25 info: [0mOPTIONS /admins/profile [32m204[0m 1.322 ms - 0[0m
2023-04-23 13:23:25 info: [0mGET /services/show/undefined [36m304[0m 111.763 ms - -[0m
2023-04-23 13:23:25 info: [0mGET /admins/profile [36m304[0m 128.511 ms - -[0m
2023-04-23 13:23:34 info: [0mGET /services/show/2 [36m304[0m 10.522 ms - -[0m
2023-04-23 13:23:36 info: [0mGET /services/show/1 [32m200[0m 5.027 ms - 616[0m
2023-04-23 13:23:38 info: [0mGET /services/show/1 [36m304[0m 6.953 ms - -[0m
2023-04-23 13:25:29 info: [0mOPTIONS /admins/profile [32m204[0m 1.188 ms - 0[0m
2023-04-23 13:25:29 info: [0mGET /admins/profile [36m304[0m 172.281 ms - -[0m
2023-04-23 13:25:29 info: [0mGET /services/show/1 [32m200[0m 15.273 ms - 639[0m
2023-04-23 13:25:40 info: [0mOPTIONS /admins/profile [32m204[0m 1.217 ms - 0[0m
2023-04-23 13:25:40 info: [0mGET /services/show/1 [36m304[0m 34.174 ms - -[0m
2023-04-23 13:25:40 info: [0mGET /admins/profile [36m304[0m 55.809 ms - -[0m
2023-04-23 13:25:56 info: [0mGET /services/show/1 [36m304[0m 62.015 ms - -[0m
2023-04-23 13:26:03 info: [0mGET /services/show/1 [36m304[0m 32.288 ms - -[0m
2023-04-23 13:26:13 info: [0mGET /services/show/1 [36m304[0m 139.558 ms - -[0m
2023-04-23 13:26:15 info: [0mGET /services/show/1 [36m304[0m 17.344 ms - -[0m
2023-04-23 13:26:39 info: [0mOPTIONS /admins/profile [32m204[0m 0.921 ms - 0[0m
2023-04-23 13:26:39 info: [0mGET /admins/profile [36m304[0m 71.901 ms - -[0m
2023-04-23 13:26:39 info: [0mGET /services?page=1&page_size=10 [36m304[0m 79.927 ms - -[0m
2023-04-23 13:26:39 info: [0mGET /services?page=1&page_size=10 [36m304[0m 14.378 ms - -[0m
2023-04-23 13:26:41 info: [0mGET /services/show/2 [32m200[0m 10.958 ms - 656[0m
2023-04-23 13:26:41 info: [0mGET /admins/profile [36m304[0m 25.257 ms - -[0m
2023-04-23 13:26:45 info: [0mOPTIONS /admins/profile [32m204[0m 0.147 ms - 0[0m
2023-04-23 13:26:45 info: [0mGET /services?page=1&page_size=10 [36m304[0m 7.950 ms - -[0m
2023-04-23 13:26:45 info: [0mGET /admins/profile [36m304[0m 8.603 ms - -[0m
2023-04-23 13:26:45 info: [0mGET /services?page=1&page_size=10 [36m304[0m 8.160 ms - -[0m
