2023-04-07 00:00:36 info: =================================
2023-04-07 00:00:36 info: ======= ENV: development =======
2023-04-07 00:00:36 info: 🚀 App listening on the port 8000
2023-04-07 00:00:36 info: =================================
2023-04-07 00:00:46 info: =================================
2023-04-07 00:00:46 info: ======= ENV: development =======
2023-04-07 00:00:46 info: 🚀 App listening on the port 8000
2023-04-07 00:00:46 info: =================================
2023-04-07 00:00:59 info: =================================
2023-04-07 00:00:59 info: ======= ENV: development =======
2023-04-07 00:00:59 info: 🚀 App listening on the port 8000
2023-04-07 00:00:59 info: =================================
2023-04-07 00:01:17 info: =================================
2023-04-07 00:01:17 info: ======= ENV: development =======
2023-04-07 00:01:17 info: 🚀 App listening on the port 8000
2023-04-07 00:01:17 info: =================================
2023-04-07 00:01:41 info: =================================
2023-04-07 00:01:41 info: ======= ENV: development =======
2023-04-07 00:01:41 info: 🚀 App listening on the port 8000
2023-04-07 00:01:41 info: =================================
2023-04-07 00:01:50 info: =================================
2023-04-07 00:01:50 info: ======= ENV: development =======
2023-04-07 00:01:50 info: 🚀 App listening on the port 8000
2023-04-07 00:01:50 info: =================================
2023-04-07 00:01:51 info: [0mGET /posts [36m304[0m 94.232 ms - -[0m
2023-04-07 00:01:55 error: categories is not associated to posts!
2023-04-07 00:01:55 info: [0mGET /posts/show/1 [31m500[0m 10.026 ms - 87[0m
2023-04-07 00:02:02 error: categories is not associated to posts!
2023-04-07 00:02:02 info: [0mGET /posts/show/1 [31m500[0m 13.804 ms - 87[0m
2023-04-07 00:02:31 info: =================================
2023-04-07 00:02:31 info: ======= ENV: development =======
2023-04-07 00:02:31 info: 🚀 App listening on the port 8000
2023-04-07 00:02:31 info: =================================
2023-04-07 00:04:27 info: [0mGET /posts/show/1 [32m200[0m 110.639 ms - 316[0m
2023-04-07 00:04:31 info: [0mGET /posts?[object%20Object] [36m304[0m 57.059 ms - -[0m
2023-04-07 00:04:31 info: [0mGET /ceos?[object%20Object] [36m304[0m 89.497 ms - -[0m
2023-04-07 00:04:34 info: [0mGET /posts?page=1&page_size=10 [36m304[0m 14.818 ms - -[0m
2023-04-07 00:04:35 info: [0mGET /posts?page=1&page_size=10 [36m304[0m 38.930 ms - -[0m
2023-04-07 00:04:36 info: [0mGET /posts/show/1 [32m200[0m 28.316 ms - 316[0m
2023-04-07 00:04:36 info: [0mGET /posts?[object%20Object] [36m304[0m 13.884 ms - -[0m
2023-04-07 00:04:36 info: [0mGET /ceos?[object%20Object] [36m304[0m 25.591 ms - -[0m
2023-04-07 00:05:11 info: [0mOPTIONS /posts/update/1 [32m204[0m 1.607 ms - 0[0m
2023-04-07 00:05:11 info: [0mPUT /posts/update/1 [32m200[0m 76.074 ms - 16[0m
2023-04-07 00:05:11 info: [0mGET /posts/show/1 [32m200[0m 20.704 ms - 331[0m
2023-04-07 00:05:12 info: [0mGET /posts?[object%20Object] [32m200[0m 28.750 ms - 476[0m
2023-04-07 00:05:12 info: [0mGET /ceos?[object%20Object] [36m304[0m 28.601 ms - -[0m
2023-04-07 00:05:16 info: [0mPUT /posts/update/1 [32m200[0m 9.294 ms - 16[0m
2023-04-07 00:05:16 info: [0mGET /posts/show/1 [32m200[0m 12.632 ms - -[0m
2023-04-07 00:05:16 info: [0mGET /posts?[object%20Object] [36m304[0m 9.293 ms - -[0m
2023-04-07 00:05:16 info: [0mGET /ceos?[object%20Object] [36m304[0m 9.045 ms - -[0m
2023-04-07 00:05:19 info: [0mGET /posts?[object%20Object] [36m304[0m 7.344 ms - -[0m
2023-04-07 00:05:19 info: [0mGET /ceos?[object%20Object] [36m304[0m 11.022 ms - -[0m
2023-04-07 00:05:19 info: [0mGET /posts/show/1 [36m304[0m 10.259 ms - -[0m
2023-04-07 00:05:20 info: [0mGET /posts?[object%20Object] [36m304[0m 11.472 ms - -[0m
2023-04-07 00:05:20 info: [0mGET /ceos?[object%20Object] [36m304[0m 11.995 ms - -[0m
2023-04-07 00:05:38 info: [0mGET /posts/show/1 [36m304[0m 57.038 ms - -[0m
2023-04-07 00:05:38 info: [0mGET /posts?page=1&page_size=10 [32m200[0m 48.135 ms - 476[0m
2023-04-07 00:05:38 info: [0mGET /posts?page=1&page_size=10 [36m304[0m 8.334 ms - -[0m
2023-04-07 00:05:41 info: [0mGET /posts/show/1 [36m304[0m 20.013 ms - -[0m
2023-04-07 00:05:41 info: [0mGET /posts?[object%20Object] [36m304[0m 11.921 ms - -[0m
2023-04-07 00:05:41 info: [0mGET /ceos?[object%20Object] [36m304[0m 12.358 ms - -[0m
2023-04-07 00:06:00 info: [0mGET /posts/show/1 [36m304[0m 115.352 ms - -[0m
2023-04-07 00:06:00 info: [0mGET /posts/show/1 [36m304[0m 8.666 ms - -[0m
2023-04-07 00:06:00 info: [0mGET /ceos?[object%20Object] [36m304[0m 13.722 ms - -[0m
2023-04-07 00:06:00 info: [0mGET /posts?[object%20Object] [36m304[0m 32.175 ms - -[0m
2023-04-07 00:06:00 info: [0mGET /ceos?[object%20Object] [36m304[0m 27.408 ms - -[0m
2023-04-07 00:06:05 info: [0mGET /posts/show/1 [36m304[0m 41.555 ms - -[0m
2023-04-07 00:06:05 info: [0mGET /posts/show/1 [36m304[0m 46.784 ms - -[0m
2023-04-07 00:06:06 info: [0mGET /pots?[object%20Object] [33m404[0m 16.810 ms - 143[0m
2023-04-07 00:06:06 info: [0mGET /posts?[object%20Object] [36m304[0m 29.658 ms - -[0m
2023-04-07 00:06:06 info: [0mGET /ceos?[object%20Object] [36m304[0m 28.090 ms - -[0m
2023-04-07 00:06:10 info: [0mGET /pots?[object%20Object] [33m404[0m 14.317 ms - 143[0m
2023-04-07 00:06:10 info: [0mGET /posts?[object%20Object] [36m304[0m 53.907 ms - -[0m
2023-04-07 00:06:10 info: [0mGET /ceos?[object%20Object] [36m304[0m 90.000 ms - -[0m
2023-04-07 00:06:10 info: [0mGET /posts/show/1 [36m304[0m 75.332 ms - -[0m
2023-04-07 00:06:11 info: [0mGET /pots?[object%20Object] [33m404[0m 5.465 ms - 143[0m
2023-04-07 00:06:11 info: [0mGET /posts?[object%20Object] [36m304[0m 14.327 ms - -[0m
2023-04-07 00:06:11 info: [0mGET /ceos?[object%20Object] [36m304[0m 10.861 ms - -[0m
2023-04-07 00:06:21 info: [0mGET /posts/show/1 [36m304[0m 130.192 ms - -[0m
2023-04-07 00:06:21 info: [0mGET /posts/show/1 [36m304[0m 19.456 ms - -[0m
2023-04-07 00:06:22 info: [0mGET /ceos?[object%20Object] [36m304[0m 74.712 ms - -[0m
2023-04-07 00:06:22 info: [0mGET /posts?[object%20Object] [36m304[0m 75.797 ms - -[0m
2023-04-07 00:06:22 info: [0mGET /posts?[object%20Object] [36m304[0m 56.264 ms - -[0m
2023-04-07 00:06:27 info: [0mGET /posts/show/1 [36m304[0m 42.313 ms - -[0m
2023-04-07 00:06:27 info: [0mGET /posts/show/1 [36m304[0m 12.117 ms - -[0m
2023-04-07 00:06:27 info: [0mGET /ceos?[object%20Object] [36m304[0m 20.438 ms - -[0m
2023-04-07 00:06:27 info: [0mGET /posts?[object%20Object] [36m304[0m 25.847 ms - -[0m
2023-04-07 00:06:27 info: [0mGET /posts?[object%20Object] [36m304[0m 9.828 ms - -[0m
2023-04-07 00:06:38 info: [0mOPTIONS /posts/update/1 [32m204[0m 0.698 ms - 0[0m
2023-04-07 00:06:38 info: [0mPUT /posts/update/1 [32m200[0m 66.819 ms - 16[0m
2023-04-07 00:06:38 info: [0mGET /posts/show/1 [32m200[0m 13.823 ms - 325[0m
2023-04-07 00:06:38 info: [0mGET /posts/show/1 [36m304[0m 9.661 ms - -[0m
2023-04-07 00:06:38 info: [0mGET /posts/show/1 [36m304[0m 7.106 ms - -[0m
2023-04-07 00:06:39 info: [0mGET /posts?[object%20Object] [36m304[0m 58.834 ms - -[0m
2023-04-07 00:06:39 info: [0mGET /ceos?[object%20Object] [36m304[0m 63.462 ms - -[0m
2023-04-07 00:06:39 info: [0mGET /posts?[object%20Object] [36m304[0m 15.483 ms - -[0m
2023-04-07 00:06:45 info: [0mOPTIONS /posts/update/1 [32m204[0m 2.060 ms - 0[0m
2023-04-07 00:06:45 info: [0mPUT /posts/update/1 [32m200[0m 6.377 ms - 16[0m
2023-04-07 00:06:45 info: [0mGET /posts/show/1 [32m200[0m 6.892 ms - -[0m
2023-04-07 00:06:45 info: [0mGET /posts/show/1 [36m304[0m 14.721 ms - -[0m
2023-04-07 00:06:45 info: [0mGET /posts/show/1 [36m304[0m 8.524 ms - -[0m
2023-04-07 00:06:46 info: [0mGET /posts?[object%20Object] [36m304[0m 9.380 ms - -[0m
2023-04-07 00:06:46 info: [0mGET /ceos?[object%20Object] [36m304[0m 7.470 ms - -[0m
2023-04-07 00:06:46 info: [0mGET /posts?[object%20Object] [36m304[0m 6.934 ms - -[0m
2023-04-07 00:07:08 info: [0mGET /posts/show/1 [36m304[0m 111.278 ms - -[0m
2023-04-07 00:07:08 info: [0mGET /banners? [36m304[0m 102.840 ms - -[0m
2023-04-07 00:07:08 info: [0mGET /banners?page=1&page_size=10 [36m304[0m 57.388 ms - -[0m
2023-04-07 00:07:09 info: [0mGET /projects? [36m304[0m 14.098 ms - -[0m
2023-04-07 00:07:09 info: [0mGET /projects?page=1&page_size=10 [36m304[0m 11.442 ms - -[0m
2023-04-07 00:07:10 info: [0mGET /posts? [32m200[0m 51.118 ms - 476[0m
2023-04-07 00:07:10 info: [0mGET /posts?page=1&page_size=10 [36m304[0m 60.213 ms - -[0m
2023-04-07 00:07:10 info: [0mGET /jobs? [36m304[0m 55.910 ms - -[0m
2023-04-07 00:07:10 info: [0mGET /jobs?page=1&page_size=10 [36m304[0m 52.231 ms - -[0m
2023-04-07 00:07:11 info: [0mGET /categories? [32m200[0m 10.402 ms - 372[0m
2023-04-07 00:07:11 info: [0mGET /categories?page=1&page_size=10 [32m200[0m 17.522 ms - 372[0m
2023-04-07 00:07:11 info: [0mGET /posts? [36m304[0m 20.184 ms - -[0m
2023-04-07 00:07:11 info: [0mGET /posts?page=1&page_size=10 [36m304[0m 48.559 ms - -[0m
2023-04-07 00:07:11 info: [0mGET /projects? [36m304[0m 16.813 ms - -[0m
2023-04-07 00:07:11 info: [0mGET /projects?page=1&page_size=10 [36m304[0m 51.210 ms - -[0m
2023-04-07 00:07:11 info: [0mGET /banners? [36m304[0m 18.814 ms - -[0m
2023-04-07 00:07:12 info: [0mGET /banners?page=1&page_size=10 [36m304[0m 41.256 ms - -[0m
2023-04-07 00:07:12 info: [0mGET /posts? [36m304[0m 21.556 ms - -[0m
2023-04-07 00:07:12 info: [0mGET /posts?page=1&page_size=10 [36m304[0m 10.675 ms - -[0m
2023-04-07 00:07:15 info: [0mGET /categories? [36m304[0m 10.899 ms - -[0m
2023-04-07 00:07:15 info: [0mGET /categories?page=1&page_size=10 [36m304[0m 8.329 ms - -[0m
2023-04-07 00:07:15 info: [0mGET /jobs? [36m304[0m 5.828 ms - -[0m
2023-04-07 00:07:15 info: [0mGET /jobs?page=1&page_size=10 [36m304[0m 4.830 ms - -[0m
2023-04-07 00:07:17 info: [0mGET /jobs?page=1&page_size=10 [36m304[0m 43.739 ms - -[0m
2023-04-07 00:07:18 info: [0mGET /jobs?page=1&page_size=10 [36m304[0m 10.218 ms - -[0m
2023-04-07 00:07:18 info: [0mGET /jobs? [36m304[0m 6.301 ms - -[0m
2023-04-07 00:07:22 info: [0mOPTIONS /folders/get-medias [32m204[0m 0.698 ms - 0[0m
2023-04-07 00:07:22 info: [0mPOST /folders/get-medias [32m200[0m 15.999 ms - 31[0m
2023-04-07 00:07:22 info: [0mGET /folders [36m304[0m 16.413 ms - -[0m
2023-04-07 00:07:25 info: [0mPOST /folders/get-medias [32m200[0m 36.891 ms - 31[0m
2023-04-07 00:07:25 info: [0mGET /folders [36m304[0m 17.614 ms - -[0m
2023-04-07 00:07:25 info: [0mGET /posts? [36m304[0m 29.454 ms - -[0m
2023-04-07 00:07:25 info: [0mGET /posts?page=1&page_size=10 [36m304[0m 10.032 ms - -[0m
2023-04-07 00:07:26 info: [0mGET /projects? [36m304[0m 13.577 ms - -[0m
2023-04-07 00:07:26 info: [0mGET /projects?page=1&page_size=10 [36m304[0m 19.701 ms - -[0m
2023-04-07 00:07:26 info: [0mGET /banners? [36m304[0m 38.458 ms - -[0m
2023-04-07 00:07:26 info: [0mGET /banners?page=1&page_size=10 [36m304[0m 33.013 ms - -[0m
2023-04-07 00:07:28 info: [0mGET /projects? [36m304[0m 95.563 ms - -[0m
2023-04-07 00:07:28 info: [0mGET /projects?page=1&page_size=10 [36m304[0m 51.519 ms - -[0m
2023-04-07 00:07:28 info: [0mGET /posts? [36m304[0m 5.709 ms - -[0m
2023-04-07 00:07:29 info: [0mGET /posts?page=1&page_size=10 [36m304[0m 6.094 ms - -[0m
2023-04-07 00:07:29 info: [0mGET /banners? [36m304[0m 6.115 ms - -[0m
2023-04-07 00:07:29 info: [0mGET /banners?page=1&page_size=10 [36m304[0m 9.427 ms - -[0m
2023-04-07 00:07:29 info: [0mGET /projects? [36m304[0m 9.036 ms - -[0m
2023-04-07 00:07:29 info: [0mGET /projects?page=1&page_size=10 [36m304[0m 10.292 ms - -[0m
2023-04-07 00:07:31 info: [0mGET /banners? [36m304[0m 10.120 ms - -[0m
2023-04-07 00:07:31 info: [0mGET /banners?page=1&page_size=10 [36m304[0m 9.375 ms - -[0m
2023-04-07 00:07:31 info: [0mGET /projects? [36m304[0m 11.145 ms - -[0m
2023-04-07 00:07:31 info: [0mGET /projects?page=1&page_size=10 [36m304[0m 19.934 ms - -[0m
2023-04-07 00:07:31 info: [0mGET /posts? [36m304[0m 9.227 ms - -[0m
2023-04-07 00:07:31 info: [0mGET /posts?page=1&page_size=10 [36m304[0m 5.453 ms - -[0m
2023-04-07 00:07:32 info: [0mGET /categories? [36m304[0m 9.259 ms - -[0m
2023-04-07 00:07:32 info: [0mGET /categories?page=1&page_size=10 [36m304[0m 11.681 ms - -[0m
2023-04-07 00:07:32 info: [0mGET /jobs? [36m304[0m 5.182 ms - -[0m
2023-04-07 00:07:33 info: [0mGET /jobs?page=1&page_size=10 [36m304[0m 13.565 ms - -[0m
2023-04-07 00:07:35 info: [0mGET /jobs?page=1&page_size=10 [36m304[0m 57.725 ms - -[0m
2023-04-07 00:07:35 info: [0mGET /jobs?page=1&page_size=10 [36m304[0m 18.768 ms - -[0m
2023-04-07 00:07:35 info: [0mGET /jobs?page=1&page_size=10 [36m304[0m 8.545 ms - -[0m
2023-04-07 00:07:35 info: [0mGET /jobs? [36m304[0m 10.895 ms - -[0m
2023-04-07 00:07:39 info: [0mGET /categories? [36m304[0m 87.881 ms - -[0m
2023-04-07 00:07:39 info: [0mGET /categories?page=1&page_size=10 [36m304[0m 80.058 ms - -[0m
2023-04-07 00:07:40 info: [0mGET /posts? [36m304[0m 15.963 ms - -[0m
2023-04-07 00:07:40 info: [0mGET /posts?page=1&page_size=10 [36m304[0m 14.903 ms - -[0m
2023-04-07 00:07:42 info: [0mGET /posts?[object%20Object] [36m304[0m 24.770 ms - -[0m
2023-04-07 00:07:42 info: [0mGET /ceos?[object%20Object] [36m304[0m 91.810 ms - -[0m
2023-04-07 00:07:42 info: [0mGET /posts?[object%20Object] [36m304[0m 76.978 ms - -[0m
2023-04-07 00:07:43 info: [0mGET /posts?page=1&page_size=10 [36m304[0m 15.715 ms - -[0m
2023-04-07 00:07:43 info: [0mGET /posts?page=1&page_size=10 [36m304[0m 7.173 ms - -[0m
2023-04-07 00:07:44 info: [0mGET /posts?[object%20Object] [36m304[0m 8.214 ms - -[0m
2023-04-07 00:07:44 info: [0mGET /ceos?[object%20Object] [36m304[0m 17.949 ms - -[0m
2023-04-07 00:07:44 info: [0mGET /posts?[object%20Object] [36m304[0m 13.987 ms - -[0m
2023-04-07 00:07:48 info: [0mOPTIONS /folders/get-medias [32m204[0m 0.330 ms - 0[0m
2023-04-07 00:07:48 info: [0mPOST /folders/get-medias [32m200[0m 52.483 ms - 31[0m
2023-04-07 00:07:48 info: [0mGET /folders [36m304[0m 53.746 ms - -[0m
2023-04-07 00:07:56 info: [0mGET /posts? [36m304[0m 11.859 ms - -[0m
2023-04-07 00:07:56 info: [0mGET /posts?page=1&page_size=10 [36m304[0m 21.992 ms - -[0m
2023-04-07 00:07:58 info: [0mGET /posts?[object%20Object] [36m304[0m 31.221 ms - -[0m
2023-04-07 00:07:58 info: [0mGET /ceos?[object%20Object] [36m304[0m 47.345 ms - -[0m
2023-04-07 00:07:58 info: [0mGET /posts?[object%20Object] [36m304[0m 25.085 ms - -[0m
2023-04-07 00:07:59 info: [0mGET /posts?page=1&page_size=10 [36m304[0m 46.863 ms - -[0m
2023-04-07 00:07:59 info: [0mGET /posts?page=1&page_size=10 [36m304[0m 53.984 ms - -[0m
2023-04-07 00:08:28 info: =================================
2023-04-07 00:08:28 info: ======= ENV: development =======
2023-04-07 00:08:28 info: 🚀 App listening on the port 8000
2023-04-07 00:08:28 info: =================================
2023-04-07 00:08:54 info: =================================
2023-04-07 00:08:54 info: ======= ENV: development =======
2023-04-07 00:08:54 info: 🚀 App listening on the port 8000
2023-04-07 00:08:54 info: =================================
2023-04-07 00:09:42 info: =================================
2023-04-07 00:09:42 info: ======= ENV: development =======
2023-04-07 00:09:42 info: 🚀 App listening on the port 8000
2023-04-07 00:09:42 info: =================================
2023-04-07 00:09:57 info: =================================
2023-04-07 00:09:57 info: ======= ENV: development =======
2023-04-07 00:09:57 info: 🚀 App listening on the port 8000
2023-04-07 00:09:57 info: =================================
2023-04-07 00:10:05 info: =================================
2023-04-07 00:10:05 info: ======= ENV: development =======
2023-04-07 00:10:05 info: 🚀 App listening on the port 8000
2023-04-07 00:10:05 info: =================================
2023-04-07 00:10:17 info: =================================
2023-04-07 00:10:17 info: ======= ENV: development =======
2023-04-07 00:10:17 info: 🚀 App listening on the port 8000
2023-04-07 00:10:17 info: =================================
2023-04-07 00:10:27 info: =================================
2023-04-07 00:10:27 info: ======= ENV: development =======
2023-04-07 00:10:27 info: 🚀 App listening on the port 8000
2023-04-07 00:10:27 info: =================================
2023-04-07 00:10:42 info: [0mGET /posts?page=1&page_size=10 [36m304[0m 184.776 ms - -[0m
2023-04-07 00:10:42 info: [0mGET /posts?page=1&page_size=10 [36m304[0m 21.356 ms - -[0m
2023-04-07 00:10:42 info: [0mGET /posts?page=1&page_size=10 [36m304[0m 16.720 ms - -[0m
2023-04-07 00:10:45 info: [0mGET /posts/show/1 [32m200[0m 22.770 ms - -[0m
2023-04-07 00:10:49 info: [0mGET /posts/show/1 [32m200[0m 43.295 ms - -[0m
2023-04-07 00:10:50 info: [0mGET /ceos?[object%20Object] [36m304[0m 37.843 ms - -[0m
2023-04-07 00:10:50 info: [0mGET /posts?[object%20Object] [36m304[0m 45.574 ms - -[0m
2023-04-07 00:10:50 info: [0mGET /posts?[object%20Object] [36m304[0m 11.552 ms - -[0m
2023-04-07 00:10:50 info: [0mGET /posts/show/1 [36m304[0m 18.292 ms - -[0m
2023-04-07 00:10:50 info: [0mGET /posts? [36m304[0m 32.975 ms - -[0m
2023-04-07 00:10:50 info: [0mGET /posts?page=1&page_size=10 [36m304[0m 39.893 ms - -[0m
2023-04-07 00:10:52 info: [0mGET /posts?[object%20Object] [36m304[0m 10.003 ms - -[0m
2023-04-07 00:10:52 info: [0mGET /ceos?[object%20Object] [36m304[0m 8.607 ms - -[0m
2023-04-07 00:10:52 info: [0mGET /posts?[object%20Object] [36m304[0m 6.790 ms - -[0m
2023-04-07 00:11:05 info: [0mOPTIONS /posts/create [32m204[0m 0.462 ms - 0[0m
2023-04-07 00:11:05 info: [0mPOST /posts/create [32m200[0m 58.698 ms - 16[0m
2023-04-07 00:11:05 info: [0mGET /posts?page=1&page_size=10 [32m200[0m 13.271 ms - 678[0m
2023-04-07 00:11:05 info: [0mGET /posts?page=1&page_size=10 [36m304[0m 24.594 ms - -[0m
2023-04-07 00:11:09 info: [0mGET /posts/show/1 [36m304[0m 17.385 ms - -[0m
2023-04-07 00:11:10 info: [0mGET /posts?[object%20Object] [32m200[0m 14.409 ms - 678[0m
2023-04-07 00:11:10 info: [0mGET /ceos?[object%20Object] [36m304[0m 14.730 ms - -[0m
2023-04-07 00:11:10 info: [0mGET /posts?[object%20Object] [36m304[0m 10.070 ms - -[0m
2023-04-07 00:11:13 info: [0mGET /posts/show/1 [36m304[0m 46.596 ms - -[0m
2023-04-07 00:11:13 info: [0mGET /posts?page=1&page_size=10 [36m304[0m 45.927 ms - -[0m
2023-04-07 00:11:13 info: [0mGET /posts?page=1&page_size=10 [36m304[0m 24.821 ms - -[0m
2023-04-07 00:11:14 info: [0mGET /posts/show/3 [32m200[0m 15.854 ms - 329[0m
2023-04-07 00:11:15 info: [0mGET /posts/show/3 [36m304[0m 14.769 ms - -[0m
2023-04-07 00:11:19 info: [0mGET /posts?[object%20Object] [36m304[0m 121.850 ms - -[0m
2023-04-07 00:11:19 info: [0mGET /ceos?[object%20Object] [36m304[0m 182.921 ms - -[0m
2023-04-07 00:11:19 info: [0mGET /posts?[object%20Object] [36m304[0m 60.979 ms - -[0m
2023-04-07 00:11:19 info: [0mGET /posts/show/3 [36m304[0m 49.214 ms - -[0m
2023-04-07 00:11:19 info: [0mGET /posts/show/3 [36m304[0m 24.637 ms - -[0m
2023-04-07 00:11:28 info: [0mGET /posts?page=1&page_size=10 [36m304[0m 14.780 ms - -[0m
2023-04-07 00:11:28 info: [0mGET /posts?page=1&page_size=10 [36m304[0m 18.482 ms - -[0m
2023-04-07 00:11:30 info: [0mGET /posts/show/2 [32m200[0m 18.972 ms - 316[0m
2023-04-07 00:11:30 info: [0mGET /posts?[object%20Object] [36m304[0m 25.740 ms - -[0m
2023-04-07 00:11:31 info: [0mGET /posts?[object%20Object] [36m304[0m 22.077 ms - -[0m
2023-04-07 00:11:31 info: [0mGET /ceos?[object%20Object] [36m304[0m 55.262 ms - -[0m
2023-04-07 00:11:32 info: [0mGET /posts/show/2 [36m304[0m 11.278 ms - -[0m
2023-04-07 00:11:32 info: [0mGET /posts?page=1&page_size=10 [36m304[0m 9.809 ms - -[0m
2023-04-07 00:11:32 info: [0mGET /posts?page=1&page_size=10 [36m304[0m 26.967 ms - -[0m
2023-04-07 00:11:35 info: [0mGET /posts/show/3 [36m304[0m 7.277 ms - -[0m
2023-04-07 00:11:35 info: [0mGET /posts/show/3 [36m304[0m 20.421 ms - -[0m
2023-04-07 00:12:12 info: =================================
2023-04-07 00:12:12 info: ======= ENV: development =======
2023-04-07 00:12:12 info: 🚀 App listening on the port 8000
2023-04-07 00:12:12 info: =================================
2023-04-07 00:12:22 info: [0mGET /posts?[object%20Object] [36m304[0m 254.180 ms - -[0m
2023-04-07 00:12:22 info: [0mGET /ceos?[object%20Object] [36m304[0m 169.803 ms - -[0m
2023-04-07 00:12:22 info: [0mGET /posts?[object%20Object] [36m304[0m 12.907 ms - -[0m
2023-04-07 00:12:22 info: [0mGET /posts/show/3 [36m304[0m 34.536 ms - -[0m
2023-04-07 00:12:23 info: [0mGET /posts/show/3 [36m304[0m 21.867 ms - -[0m
2023-04-07 00:12:24 info: [0mGET /posts/show/1 [32m200[0m 22.743 ms - -[0m
2023-04-07 00:12:33 info: [0mGET /posts?[object%20Object] [36m304[0m 41.575 ms - -[0m
2023-04-07 00:12:33 info: [0mGET /ceos?[object%20Object] [36m304[0m 37.087 ms - -[0m
2023-04-07 00:12:33 info: [0mGET /posts?[object%20Object] [36m304[0m 89.446 ms - -[0m
2023-04-07 00:12:33 info: [0mGET /posts/show/3 [36m304[0m 11.835 ms - -[0m
2023-04-07 00:12:33 info: [0mGET /posts/show/3 [36m304[0m 14.138 ms - -[0m
2023-04-07 00:12:36 info: [0mGET /posts/show/3 [32m200[0m 17.446 ms - 335[0m
2023-04-07 00:13:12 info: =================================
2023-04-07 00:13:12 info: ======= ENV: development =======
2023-04-07 00:13:12 info: 🚀 App listening on the port 8000
2023-04-07 00:13:12 info: =================================
2023-04-07 00:13:14 info: [0mGET /posts/show/3 [32m200[0m 77.770 ms - 326[0m
2023-04-07 00:13:15 info: [0mGET /posts/show/3 [36m304[0m 9.692 ms - -[0m
2023-04-07 00:13:18 info: [0mGET /posts?[object%20Object] [36m304[0m 60.833 ms - -[0m
2023-04-07 00:13:18 info: [0mGET /ceos?[object%20Object] [36m304[0m 64.415 ms - -[0m
2023-04-07 00:13:18 info: [0mGET /posts?[object%20Object] [36m304[0m 49.212 ms - -[0m
2023-04-07 00:13:18 info: [0mGET /posts/show/3 [32m200[0m 20.901 ms - 320[0m
2023-04-07 00:13:18 info: [0mGET /posts/show/3 [36m304[0m 12.597 ms - -[0m
2023-04-07 00:13:21 info: [0mGET /posts?[object%20Object] [36m304[0m 13.569 ms - -[0m
2023-04-07 00:13:21 info: [0mGET /ceos?[object%20Object] [36m304[0m 16.951 ms - -[0m
2023-04-07 00:13:21 info: [0mGET /posts?[object%20Object] [36m304[0m 19.298 ms - -[0m
2023-04-07 00:13:21 info: [0mGET /posts/show/3 [36m304[0m 16.801 ms - -[0m
2023-04-07 00:13:21 info: [0mGET /posts/show/3 [36m304[0m 19.822 ms - -[0m
2023-04-07 00:13:59 info: [0mGET /posts?[object%20Object] [36m304[0m 147.446 ms - -[0m
2023-04-07 00:13:59 info: [0mGET /ceos?[object%20Object] [36m304[0m 129.373 ms - -[0m
2023-04-07 00:13:59 info: [0mGET /posts?[object%20Object] [36m304[0m 40.923 ms - -[0m
2023-04-07 00:13:59 info: [0mGET /posts/show/3 [36m304[0m 47.907 ms - -[0m
2023-04-07 00:14:00 info: [0mGET /posts/show/3 [36m304[0m 15.489 ms - -[0m
2023-04-07 00:14:03 info: [0mGET /posts/show/3 [32m200[0m 24.238 ms - 326[0m
2023-04-07 00:14:05 info: [0mGET /posts?page=1&page_size=10 [36m304[0m 17.963 ms - -[0m
2023-04-07 00:14:05 info: [0mGET /posts?page=1&page_size=10 [36m304[0m 216.003 ms - -[0m
2023-04-07 00:14:05 info: [0mGET /posts?page=1&page_size=10 [36m304[0m 50.274 ms - -[0m
2023-04-07 00:14:06 info: [0mGET /posts/show/2 [32m200[0m 8.615 ms - 307[0m
2023-04-07 00:14:09 info: [0mGET /posts/show/3 [36m304[0m 68.204 ms - -[0m
2023-04-07 00:14:14 info: [0mGET /posts/show/2 [36m304[0m 7.018 ms - -[0m
2023-04-07 00:14:16 info: [0mGET /posts/show/3 [36m304[0m 19.767 ms - -[0m
2023-04-07 00:14:29 info: [0mGET /posts/show/1 [32m200[0m 20.394 ms - 304[0m
2023-04-07 00:14:50 info: [0mGET /posts?page=1&page_size=10 [32m200[0m 138.045 ms - 476[0m
2023-04-07 00:14:50 info: [0mGET /posts?page=1&page_size=10 [36m304[0m 47.595 ms - -[0m
2023-04-07 00:14:50 info: [0mGET /posts?page=1&page_size=10 [36m304[0m 24.544 ms - -[0m
2023-04-07 00:14:56 info: [0mGET /posts?[object%20Object] [32m200[0m 62.653 ms - 476[0m
2023-04-07 00:14:56 info: [0mGET /posts?[object%20Object] [36m304[0m 28.763 ms - -[0m
2023-04-07 00:14:56 info: [0mGET /ceos?[object%20Object] [36m304[0m 92.120 ms - -[0m
2023-04-07 00:15:01 info: [0mOPTIONS /posts/create [32m204[0m 0.342 ms - 0[0m
2023-04-07 00:15:01 error: Incorrect integer value: '' for column 'category_id' at row 1
2023-04-07 00:15:01 info: [0mPOST /posts/create [31m500[0m 80.071 ms - 61[0m
2023-04-07 00:16:21 info: [0mGET /posts/show/1 [36m304[0m 34.299 ms - -[0m
2023-04-07 00:16:25 info: [0mGET /posts/show/3 [32m200[0m 5.367 ms - 26[0m
2023-04-07 00:16:27 info: [0mGET /posts/show/3 [36m304[0m 7.160 ms - -[0m
2023-04-07 00:16:33 info: [0mGET /posts?page=1&page_size=10 [36m304[0m 71.402 ms - -[0m
2023-04-07 00:16:33 info: [0mGET /posts?page=1&page_size=10 [36m304[0m 39.732 ms - -[0m
2023-04-07 00:16:34 info: [0mGET /posts?page=1&page_size=10 [36m304[0m 45.194 ms - -[0m
2023-04-07 00:16:34 info: [0mGET /posts?page=1&page_size=10 [36m304[0m 20.271 ms - -[0m
2023-04-07 00:16:34 info: [0mGET /posts?page=1&page_size=10 [36m304[0m 22.784 ms - -[0m
2023-04-07 00:17:22 info: [0mGET /posts/show/1 [32m200[0m 97.273 ms - 319[0m
2023-04-07 00:17:22 info: [0mGET /posts?[object%20Object] [36m304[0m 76.380 ms - -[0m
2023-04-07 00:17:23 info: [0mGET /ceos?[object%20Object] [36m304[0m 302.005 ms - -[0m
2023-04-07 00:17:23 info: [0mGET /posts?[object%20Object] [36m304[0m 247.311 ms - -[0m
2023-04-07 00:17:28 info: [0mGET /posts/show/1 [36m304[0m 17.571 ms - -[0m
2023-04-07 00:17:28 info: [0mGET /posts?page=1&page_size=10 [36m304[0m 15.314 ms - -[0m
2023-04-07 00:17:28 info: [0mGET /posts?page=1&page_size=10 [36m304[0m 55.918 ms - -[0m
2023-04-07 00:17:29 info: [0mGET /posts/show/2 [32m200[0m 17.160 ms - 307[0m
2023-04-07 00:17:30 info: [0mGET /posts?[object%20Object] [36m304[0m 29.795 ms - -[0m
2023-04-07 00:17:30 info: [0mGET /ceos?[object%20Object] [36m304[0m 30.017 ms - -[0m
2023-04-07 00:17:30 info: [0mGET /posts?[object%20Object] [36m304[0m 8.937 ms - -[0m
2023-04-07 00:17:40 info: [0mGET /posts/show/2 [36m304[0m 74.774 ms - -[0m
2023-04-07 00:17:40 info: [0mGET /posts/show/2 [36m304[0m 31.846 ms - -[0m
2023-04-07 00:17:42 info: [0mGET /posts?[object%20Object] [36m304[0m 127.300 ms - -[0m
2023-04-07 00:17:42 info: [0mGET /ceos?[object%20Object] [36m304[0m 138.516 ms - -[0m
2023-04-07 00:17:42 info: [0mGET /posts?[object%20Object] [36m304[0m 9.590 ms - -[0m
2023-04-07 00:17:47 info: [0mGET /posts?[object%20Object] [32m200[0m 18.477 ms - 87[0m
2023-04-07 00:17:47 info: [0mGET /ceos?[object%20Object] [36m304[0m 22.633 ms - -[0m
2023-04-07 00:17:47 info: [0mGET /posts?[object%20Object] [36m304[0m 9.660 ms - -[0m
2023-04-07 00:17:47 info: [0mGET /posts/show/2 [32m200[0m 9.270 ms - 26[0m
2023-04-07 00:17:48 info: [0mGET /posts?[object%20Object] [36m304[0m 6.375 ms - -[0m
2023-04-07 00:17:48 info: [0mGET /ceos?[object%20Object] [36m304[0m 9.789 ms - -[0m
2023-04-07 00:17:48 info: [0mGET /posts?[object%20Object] [36m304[0m 6.713 ms - -[0m
2023-04-07 00:17:49 info: [0mGET /posts/show/2 [36m304[0m 180.603 ms - -[0m
2023-04-07 00:17:49 info: [0mGET /posts?page=1&page_size=10 [32m200[0m 191.102 ms - 87[0m
2023-04-07 00:17:49 info: [0mGET /posts?page=1&page_size=10 [36m304[0m 14.811 ms - -[0m
2023-04-07 00:17:50 info: [0mGET /posts?[object%20Object] [36m304[0m 21.465 ms - -[0m
2023-04-07 00:17:50 info: [0mGET /ceos?[object%20Object] [36m304[0m 29.099 ms - -[0m
2023-04-07 00:17:50 info: [0mGET /posts?[object%20Object] [36m304[0m 7.371 ms - -[0m
2023-04-07 00:17:55 info: [0mOPTIONS /posts/create [32m204[0m 0.210 ms - 0[0m
2023-04-07 00:17:55 error: Incorrect integer value: '' for column 'category_id' at row 1
2023-04-07 00:17:55 info: [0mPOST /posts/create [31m500[0m 9.408 ms - 61[0m
2023-04-07 00:18:08 info: [0mOPTIONS /posts/create [32m204[0m 0.554 ms - 0[0m
2023-04-07 00:18:08 error: Incorrect integer value: '' for column 'category_id' at row 1
2023-04-07 00:18:08 info: [0mPOST /posts/create [31m500[0m 17.878 ms - 61[0m
2023-04-07 00:18:59 info: [0mOPTIONS /posts/create [32m204[0m 0.671 ms - 0[0m
2023-04-07 00:18:59 error: Incorrect integer value: '' for column 'category_id' at row 1
2023-04-07 00:18:59 info: [0mPOST /posts/create [31m500[0m 17.514 ms - 61[0m
2023-04-07 00:19:57 info: =================================
2023-04-07 00:19:57 info: ======= ENV: development =======
2023-04-07 00:19:57 info: 🚀 App listening on the port 8000
2023-04-07 00:19:57 info: =================================
2023-04-07 00:20:10 info: =================================
2023-04-07 00:20:10 info: ======= ENV: development =======
2023-04-07 00:20:10 info: 🚀 App listening on the port 8000
2023-04-07 00:20:10 info: =================================
2023-04-07 00:20:14 info: [0mGET /posts?[object%20Object] [36m304[0m 243.423 ms - -[0m
2023-04-07 00:20:14 info: [0mGET /ceos?[object%20Object] [36m304[0m 123.831 ms - -[0m
2023-04-07 00:20:14 info: [0mGET /posts?[object%20Object] [36m304[0m 7.218 ms - -[0m
2023-04-07 00:20:30 info: [0mGET /categories [32m200[0m 37.788 ms - 356[0m
2023-04-07 00:20:31 info: [0mGET /posts?[object%20Object] [36m304[0m 25.827 ms - -[0m
2023-04-07 00:20:31 info: [0mGET /ceos?[object%20Object] [36m304[0m 54.660 ms - -[0m
2023-04-07 00:20:31 info: [0mGET /posts?[object%20Object] [36m304[0m 44.749 ms - -[0m
2023-04-07 00:20:42 info: [0mGET /posts?page=1&page_size=10 [36m304[0m 21.407 ms - -[0m
2023-04-07 00:20:42 info: [0mGET /posts?page=1&page_size=10 [36m304[0m 18.883 ms - -[0m
2023-04-07 00:20:43 info: [0mGET /posts?[object%20Object] [36m304[0m 16.675 ms - -[0m
2023-04-07 00:20:43 info: [0mGET /ceos?[object%20Object] [36m304[0m 25.006 ms - -[0m
2023-04-07 00:20:43 info: [0mGET /posts?[object%20Object] [36m304[0m 7.482 ms - -[0m
2023-04-07 00:22:30 info: [0mGET /ce%C3%A9o [33m404[0m 7.893 ms - 148[0m
2023-04-07 00:22:34 info: [0mGET /ceos [32m200[0m 41.803 ms - 362[0m
2023-04-07 00:22:40 info: [0mGET /categories?[object%20Object] [32m200[0m 116.972 ms - 372[0m
2023-04-07 00:22:40 info: [0mGET /ceos?[object%20Object] [36m304[0m 94.044 ms - -[0m
2023-04-07 00:22:40 info: [0mGET /posts?[object%20Object] [36m304[0m 90.629 ms - -[0m
2023-04-07 00:22:51 info: [0mOPTIONS /posts/create [32m204[0m 0.905 ms - 0[0m
2023-04-07 00:22:51 error: Incorrect integer value: '' for column 'ceo_id' at row 1
2023-04-07 00:22:51 info: [0mPOST /posts/create [31m500[0m 160.705 ms - 56[0m
2023-04-07 00:27:26 info: [0mGET /posts?[object%20Object] [36m304[0m 160.961 ms - -[0m
2023-04-07 00:27:26 info: [0mGET /categories?[object%20Object] [36m304[0m 304.072 ms - -[0m
2023-04-07 00:27:26 info: [0mGET /ceos?[object%20Object] [36m304[0m 231.616 ms - -[0m
2023-04-07 00:27:29 info: [0mGET /ceos [36m304[0m 7.564 ms - -[0m
2023-04-07 00:27:48 info: [0mOPTIONS /posts/create [32m204[0m 0.535 ms - 0[0m
2023-04-07 00:27:48 error: Incorrect integer value: '' for column 'ceo_id' at row 1
2023-04-07 00:27:48 info: [0mPOST /posts/create [31m500[0m 46.807 ms - 56[0m
2023-04-07 00:28:25 info: =================================
2023-04-07 00:28:25 info: ======= ENV: development =======
2023-04-07 00:28:25 info: 🚀 App listening on the port 8000
2023-04-07 00:28:25 info: =================================
2023-04-07 00:28:28 info: [0mGET /categories?[object%20Object] [36m304[0m 231.587 ms - -[0m
2023-04-07 00:28:28 info: [0mGET /posts?[object%20Object] [36m304[0m 117.493 ms - -[0m
2023-04-07 00:28:28 info: [0mGET /ceos?[object%20Object] [36m304[0m 144.834 ms - -[0m
2023-04-07 00:28:30 info: [0mOPTIONS /posts/create [32m204[0m 0.727 ms - 0[0m
2023-04-07 00:28:30 error: Incorrect integer value: '' for column 'category_id' at row 1
2023-04-07 00:28:30 info: [0mPOST /posts/create [31m500[0m 72.576 ms - 61[0m
2023-04-07 00:29:05 info: =================================
2023-04-07 00:29:05 info: ======= ENV: development =======
2023-04-07 00:29:05 info: 🚀 App listening on the port 8000
2023-04-07 00:29:05 info: =================================
2023-04-07 00:29:07 info: [0mOPTIONS /posts/create [32m204[0m 2.157 ms - 0[0m
2023-04-07 00:29:07 error: Incorrect integer value: '' for column 'category_id' at row 1
2023-04-07 00:29:07 info: [0mPOST /posts/create [31m500[0m 165.458 ms - 61[0m
2023-04-07 00:29:11 error: Incorrect integer value: '' for column 'category_id' at row 1
2023-04-07 00:29:11 info: [0mPOST /posts/create [31m500[0m 48.472 ms - 61[0m
2023-04-07 00:29:27 info: =================================
2023-04-07 00:29:27 info: ======= ENV: development =======
2023-04-07 00:29:27 info: 🚀 App listening on the port 8000
2023-04-07 00:29:27 info: =================================
2023-04-07 00:29:39 info: =================================
2023-04-07 00:29:39 info: ======= ENV: development =======
2023-04-07 00:29:39 info: 🚀 App listening on the port 8000
2023-04-07 00:29:39 info: =================================
2023-04-07 00:29:49 info: [0mGET /categories?[object%20Object] [36m304[0m 276.427 ms - -[0m
2023-04-07 00:29:49 info: [0mGET /posts?[object%20Object] [36m304[0m 176.418 ms - -[0m
2023-04-07 00:29:49 info: [0mGET /ceos?[object%20Object] [36m304[0m 233.409 ms - -[0m
2023-04-07 00:29:57 info: =================================
2023-04-07 00:29:57 info: ======= ENV: development =======
2023-04-07 00:29:57 info: 🚀 App listening on the port 8000
2023-04-07 00:29:57 info: =================================
2023-04-07 00:29:59 info: [0mGET /categories?[object%20Object] [36m304[0m 374.266 ms - -[0m
2023-04-07 00:29:59 info: [0mGET /posts?[object%20Object] [36m304[0m 151.187 ms - -[0m
2023-04-07 00:29:59 info: [0mGET /ceos?[object%20Object] [36m304[0m 247.614 ms - -[0m
2023-04-07 00:30:01 info: [0mOPTIONS /posts/create [32m204[0m 0.743 ms - 0[0m
2023-04-07 00:30:01 error: Incorrect integer value: '' for column 'category_id' at row 1
2023-04-07 00:30:01 info: [0mPOST /posts/create [31m500[0m 93.323 ms - 61[0m
2023-04-07 00:30:43 info: =================================
2023-04-07 00:30:43 info: ======= ENV: development =======
2023-04-07 00:30:43 info: 🚀 App listening on the port 8000
2023-04-07 00:30:43 info: =================================
2023-04-07 00:30:50 info: [0mGET /categories?[object%20Object] [36m304[0m 305.812 ms - -[0m
2023-04-07 00:30:50 info: [0mGET /posts?[object%20Object] [36m304[0m 160.078 ms - -[0m
2023-04-07 00:30:50 info: [0mGET /ceos?[object%20Object] [36m304[0m 183.484 ms - -[0m
2023-04-07 00:30:54 info: [0mOPTIONS /posts/create [32m204[0m 0.760 ms - 0[0m
2023-04-07 00:30:54 error: Cannot add or update a child row: a foreign key constraint fails (`tn-uptech-backend`.`posts`, CONSTRAINT `posts_ibfk_2` FOREIGN KEY (`ceo_id`) REFERENCES `ceos` (`id`))
2023-04-07 00:30:54 info: [0mPOST /posts/create [31m500[0m 86.190 ms - 169[0m
2023-04-07 00:31:19 info: [0mOPTIONS /posts/create [32m204[0m 0.450 ms - 0[0m
2023-04-07 00:31:19 info: [0mPOST /posts/create [32m200[0m 54.696 ms - 16[0m
2023-04-07 00:31:19 info: [0mGET /posts?page=1&page_size=10 [32m200[0m 81.010 ms - 255[0m
2023-04-07 00:31:19 info: [0mGET /posts?page=1&page_size=10 [36m304[0m 54.604 ms - -[0m
2023-04-07 00:32:25 info: =================================
2023-04-07 00:32:25 info: ======= ENV: development =======
2023-04-07 00:32:25 info: 🚀 App listening on the port 8000
2023-04-07 00:32:25 info: =================================
2023-04-07 00:32:49 info: =================================
2023-04-07 00:32:49 info: ======= ENV: development =======
2023-04-07 00:32:49 info: 🚀 App listening on the port 8000
2023-04-07 00:32:49 info: =================================
2023-04-07 00:32:56 info: =================================
2023-04-07 00:32:56 info: ======= ENV: development =======
2023-04-07 00:32:56 info: 🚀 App listening on the port 8000
2023-04-07 00:32:56 info: =================================
2023-04-07 00:33:22 info: [0mGET /posts?page=1&page_size=10 [36m304[0m 216.521 ms - -[0m
2023-04-07 00:33:22 info: [0mGET /posts?page=1&page_size=10 [36m304[0m 49.253 ms - -[0m
2023-04-07 00:33:22 info: [0mGET /posts?page=1&page_size=10 [36m304[0m 29.437 ms - -[0m
2023-04-07 00:33:22 info: [0mGET /categories?[object%20Object] [36m304[0m 49.068 ms - -[0m
2023-04-07 00:33:22 info: [0mGET /ceos?[object%20Object] [36m304[0m 56.923 ms - -[0m
2023-04-07 00:33:22 info: [0mGET /posts?[object%20Object] [32m200[0m 50.284 ms - 255[0m
2023-04-07 00:33:24 info: [0mOPTIONS /posts/create [32m204[0m 0.420 ms - 0[0m
2023-04-07 00:33:24 error: Cannot add or update a child row: a foreign key constraint fails (`tn-uptech-backend`.`posts`, CONSTRAINT `posts_ibfk_2` FOREIGN KEY (`ceo_id`) REFERENCES `ceos` (`id`))
2023-04-07 00:33:24 info: [0mPOST /posts/create [31m500[0m 89.328 ms - 169[0m
2023-04-07 00:33:44 info: [0mOPTIONS /posts/create [32m204[0m 0.606 ms - 0[0m
2023-04-07 00:33:44 error: Cannot add or update a child row: a foreign key constraint fails (`tn-uptech-backend`.`posts`, CONSTRAINT `posts_ibfk_3` FOREIGN KEY (`category_id`) REFERENCES `categories` (`id`))
2023-04-07 00:33:44 info: [0mPOST /posts/create [31m500[0m 20.130 ms - 180[0m
2023-04-07 00:33:53 info: [0mOPTIONS /posts/create [32m204[0m 0.495 ms - 0[0m
2023-04-07 00:33:53 info: [0mPOST /posts/create [32m200[0m 20.933 ms - 16[0m
2023-04-07 00:33:54 info: [0mGET /posts?page=1&page_size=10 [32m200[0m 71.852 ms - 423[0m
2023-04-07 00:33:54 info: [0mGET /posts?page=1&page_size=10 [36m304[0m 26.768 ms - -[0m
2023-04-07 00:33:54 info: [0mGET /posts? [32m200[0m 11.719 ms - 423[0m
2023-04-07 00:33:56 info: [0mGET /posts/show/8 [32m200[0m 22.644 ms - 272[0m
2023-04-07 00:33:57 info: [0mGET /categories?[object%20Object] [36m304[0m 68.021 ms - -[0m
2023-04-07 00:33:57 info: [0mGET /ceos?[object%20Object] [36m304[0m 309.904 ms - -[0m
2023-04-07 00:33:57 info: [0mGET /posts?[object%20Object] [32m200[0m 310.208 ms - 423[0m
2023-04-07 00:33:58 info: [0mOPTIONS /folders/get-medias [32m204[0m 0.179 ms - 0[0m
2023-04-07 00:33:58 info: [0mPOST /folders/get-medias [32m200[0m 60.218 ms - 31[0m
2023-04-07 00:33:58 info: [0mGET /folders [36m304[0m 80.594 ms - -[0m
2023-04-07 00:33:59 info: [0mPOST /folders/get-medias [32m200[0m 7.940 ms - 31[0m
2023-04-07 00:34:00 info: [0mPOST /folders/get-medias [32m200[0m 4.310 ms - 31[0m
2023-04-07 00:37:11 info: =================================
2023-04-07 00:37:11 info: ======= ENV: development =======
2023-04-07 00:37:11 info: 🚀 App listening on the port 8000
2023-04-07 00:37:11 info: =================================
2023-04-07 00:37:14 info: [0mGET /ceos?[object%20Object] [36m304[0m 241.084 ms - -[0m
2023-04-07 00:37:14 info: [0mGET /categories?[object%20Object] [36m304[0m 402.611 ms - -[0m
2023-04-07 00:37:14 info: [0mGET /posts?[object%20Object] [36m304[0m 257.197 ms - -[0m
2023-04-07 00:37:15 info: [0mGET /posts/show/8 [36m304[0m 61.047 ms - -[0m
2023-04-07 00:37:15 info: [0mGET /categories?[object%20Object] [36m304[0m 48.842 ms - -[0m
2023-04-07 00:37:15 info: [0mGET /ceos?[object%20Object] [36m304[0m 81.787 ms - -[0m
2023-04-07 00:37:15 info: [0mGET /posts?[object%20Object] [36m304[0m 82.021 ms - -[0m
2023-04-07 00:37:17 info: [0mGET /posts/show/8 [36m304[0m 22.806 ms - -[0m
2023-04-07 00:37:17 info: [0mGET /posts? [36m304[0m 30.712 ms - -[0m
2023-04-07 00:37:18 info: [0mGET /posts?page=1&page_size=10 [36m304[0m 39.589 ms - -[0m
2023-04-07 00:37:19 info: [0mGET /ceos?[object%20Object] [36m304[0m 28.296 ms - -[0m
2023-04-07 00:37:19 info: [0mGET /categories?[object%20Object] [36m304[0m 22.940 ms - -[0m
2023-04-07 00:37:19 info: [0mGET /posts?[object%20Object] [36m304[0m 34.330 ms - -[0m
2023-04-07 00:37:21 info: [0mOPTIONS /posts/create [32m204[0m 1.140 ms - 0[0m
2023-04-07 00:37:21 error: {"name":"SequelizeUniqueConstraintError","errors":[{"message":"slug must be unique","type":"unique violation","path":"slug","value":"vsvsvs","origin":"DB","instance":{"id":null,"name":"vsvsvs","description":"","content":"","slug":"vsvsvs","custom_slug":"vsvsvs","post_id":9,"locale":"vi"},"validatorKey":"not_unique","validatorName":null,"validatorArgs":[]}],"parent":{"code":"ER_DUP_ENTRY","errno":1062,"sqlState":"23000","sqlMessage":"Duplicate entry 'vsvsvs' for key 'post_translation.slug'","sql":"INSERT INTO `post_translation` (`id`,`post_id`,`locale`,`name`,`content`,`description`,`slug`,`custom_slug`) VALUES (DEFAULT,?,?,?,?,?,?,?);","parameters":[9,"vi","vsvsvs","","","vsvsvs","vsvsvs"]},"original":{"code":"ER_DUP_ENTRY","errno":1062,"sqlState":"23000","sqlMessage":"Duplicate entry 'vsvsvs' for key 'post_translation.slug'","sql":"INSERT INTO `post_translation` (`id`,`post_id`,`locale`,`name`,`content`,`description`,`slug`,`custom_slug`) VALUES (DEFAULT,?,?,?,?,?,?,?);","parameters":[9,"vi","vsvsvs","","","vsvsvs","vsvsvs"]},"fields":{"slug":"vsvsvs"},"sql":"INSERT INTO `post_translation` (`id`,`post_id`,`locale`,`name`,`content`,`description`,`slug`,`custom_slug`) VALUES (DEFAULT,?,?,?,?,?,?,?);"}
2023-04-07 00:37:21 info: [0mPOST /posts/create [32m200[0m 161.766 ms - 16[0m
2023-04-07 00:37:21 info: [0mGET /posts?page=1&page_size=10 [36m304[0m 16.358 ms - -[0m
2023-04-07 00:37:22 info: [0mGET /posts?page=1&page_size=10 [36m304[0m 18.783 ms - -[0m
2023-04-07 00:37:23 info: [0mGET /categories?[object%20Object] [36m304[0m 28.036 ms - -[0m
2023-04-07 00:37:23 info: [0mGET /ceos?[object%20Object] [36m304[0m 58.220 ms - -[0m
2023-04-07 00:37:23 info: [0mGET /posts?[object%20Object] [36m304[0m 54.097 ms - -[0m
2023-04-07 00:37:25 info: [0mPOST /posts/create [32m200[0m 18.516 ms - 16[0m
2023-04-07 00:37:25 info: [0mGET /posts?page=1&page_size=10 [32m200[0m 20.496 ms - 593[0m
2023-04-07 00:37:25 info: [0mGET /posts?page=1&page_size=10 [36m304[0m 35.498 ms - -[0m
2023-04-07 00:37:29 info: [0mGET /ceos?[object%20Object] [36m304[0m 49.208 ms - -[0m
2023-04-07 00:37:29 info: [0mGET /categories?[object%20Object] [36m304[0m 69.099 ms - -[0m
2023-04-07 00:37:29 info: [0mGET /posts?[object%20Object] [32m200[0m 51.016 ms - 593[0m
2023-04-07 00:37:32 info: [0mOPTIONS /posts/create [32m204[0m 0.237 ms - 0[0m
2023-04-07 00:37:32 info: [0mPOST /posts/create [32m200[0m 30.624 ms - 16[0m
2023-04-07 00:37:33 info: [0mGET /posts?page=1&page_size=10 [32m200[0m 125.970 ms - 765[0m
2023-04-07 00:37:33 info: [0mGET /posts?page=1&page_size=10 [36m304[0m 27.734 ms - -[0m
2023-04-07 00:37:35 info: [0mGET /posts/show/5 [32m200[0m 23.028 ms - 275[0m
2023-04-07 00:37:36 info: [0mGET /categories?[object%20Object] [36m304[0m 15.986 ms - -[0m
2023-04-07 00:37:36 info: [0mGET /ceos?[object%20Object] [36m304[0m 14.829 ms - -[0m
2023-04-07 00:37:36 info: [0mGET /posts?[object%20Object] [32m200[0m 16.014 ms - 765[0m
2023-04-07 00:37:37 info: [0mGET /posts/show/5 [36m304[0m 91.031 ms - -[0m
2023-04-07 00:37:37 info: [0mGET /posts?page=1&page_size=10 [36m304[0m 80.550 ms - -[0m
2023-04-07 00:37:37 info: [0mGET /posts?page=1&page_size=10 [36m304[0m 17.216 ms - -[0m
2023-04-07 00:37:40 info: [0mGET /posts/show/8 [36m304[0m 58.357 ms - -[0m
2023-04-07 00:37:40 info: [0mGET /ceos?[object%20Object] [36m304[0m 35.603 ms - -[0m
2023-04-07 00:37:40 info: [0mGET /categories?[object%20Object] [36m304[0m 51.337 ms - -[0m
2023-04-07 00:37:41 info: [0mGET /posts?[object%20Object] [36m304[0m 96.468 ms - -[0m
2023-04-07 00:37:41 info: [0mGET /posts/show/8 [36m304[0m 45.333 ms - -[0m
2023-04-07 00:37:41 info: [0mGET /posts?page=1&page_size=10 [36m304[0m 72.666 ms - -[0m
2023-04-07 00:37:41 info: [0mGET /posts?page=1&page_size=10 [36m304[0m 17.952 ms - -[0m
2023-04-07 00:37:42 info: [0mGET /posts/show/8 [36m304[0m 79.504 ms - -[0m
2023-04-07 00:37:43 info: [0mGET /categories?[object%20Object] [36m304[0m 19.642 ms - -[0m
2023-04-07 00:37:43 info: [0mGET /posts?[object%20Object] [36m304[0m 12.187 ms - -[0m
2023-04-07 00:37:43 info: [0mGET /ceos?[object%20Object] [36m304[0m 40.435 ms - -[0m
2023-04-07 00:37:47 info: [0mOPTIONS /posts/update/8 [32m204[0m 0.376 ms - 0[0m
2023-04-07 00:37:47 info: [0mPUT /posts/update/8 [32m200[0m 63.415 ms - 16[0m
2023-04-07 00:37:47 info: [0mGET /posts/show/5 [36m304[0m 17.699 ms - -[0m
2023-04-07 00:37:47 info: [0mGET /posts/show/8 [32m200[0m 58.998 ms - 275[0m
2023-04-07 00:37:47 info: [0mGET /posts/show/8 [36m304[0m 11.623 ms - -[0m
2023-04-07 00:37:47 info: [0mGET /posts/show/8 [36m304[0m 17.467 ms - -[0m
2023-04-07 00:37:47 info: [0mGET /categories?[object%20Object] [36m304[0m 24.325 ms - -[0m
2023-04-07 00:37:47 info: [0mGET /ceos?[object%20Object] [36m304[0m 31.047 ms - -[0m
2023-04-07 00:37:47 info: [0mGET /posts?[object%20Object] [32m200[0m 31.725 ms - 765[0m
2023-04-07 00:37:55 info: [0mOPTIONS /posts/update/8 [32m204[0m 0.180 ms - 0[0m
2023-04-07 00:37:55 info: [0mPUT /posts/update/8 [32m200[0m 10.198 ms - 16[0m
2023-04-07 00:37:55 info: [0mGET /posts/show/5 [36m304[0m 14.113 ms - -[0m
2023-04-07 00:37:55 info: [0mGET /posts/show/8 [32m200[0m 25.155 ms - 276[0m
2023-04-07 00:37:55 info: [0mGET /posts/show/8 [36m304[0m 7.938 ms - -[0m
2023-04-07 00:37:55 info: [0mGET /posts/show/8 [36m304[0m 5.834 ms - -[0m
2023-04-07 00:37:56 info: [0mGET /ceos?[object%20Object] [36m304[0m 8.724 ms - -[0m
2023-04-07 00:37:56 info: [0mGET /categories?[object%20Object] [36m304[0m 10.594 ms - -[0m
2023-04-07 00:37:56 info: [0mGET /posts?[object%20Object] [32m200[0m 8.802 ms - 765[0m
2023-04-07 00:37:58 info: [0mOPTIONS /folders/get-medias [32m204[0m 0.314 ms - 0[0m
2023-04-07 00:37:58 info: [0mPOST /folders/get-medias [32m200[0m 16.293 ms - 31[0m
2023-04-07 00:37:58 info: [0mGET /folders [36m304[0m 36.818 ms - -[0m
2023-04-07 00:38:02 info: [0mGET /posts/show/8 [36m304[0m 48.720 ms - -[0m
2023-04-07 00:38:02 info: [0mGET /posts?page=1&page_size=10 [32m200[0m 46.566 ms - 765[0m
2023-04-07 00:38:02 info: [0mGET /posts?page=1&page_size=10 [36m304[0m 129.386 ms - -[0m
2023-04-07 00:38:34 info: [0mGET /posts/show/11 [32m200[0m 257.702 ms - 285[0m
2023-04-07 00:38:35 info: [0mGET /categories?[object%20Object] [36m304[0m 25.440 ms - -[0m
2023-04-07 00:38:35 info: [0mGET /ceos?[object%20Object] [36m304[0m 28.268 ms - -[0m
2023-04-07 00:38:35 info: [0mGET /posts?[object%20Object] [36m304[0m 31.037 ms - -[0m
2023-04-07 00:38:39 info: [0mOPTIONS /posts/update/11 [32m204[0m 0.237 ms - 0[0m
2023-04-07 00:38:39 info: [0mPUT /posts/update/11 [32m200[0m 18.547 ms - 16[0m
2023-04-07 00:38:39 info: [0mGET /posts/show/5 [36m304[0m 26.378 ms - -[0m
2023-04-07 00:38:40 info: [0mGET /posts/show/8 [36m304[0m 176.257 ms - -[0m
2023-04-07 00:38:40 info: [0mGET /posts/show/11 [32m200[0m 200.965 ms - 304[0m
2023-04-07 00:38:40 info: [0mGET /posts/show/8 [36m304[0m 29.335 ms - -[0m
2023-04-07 00:38:40 info: [0mGET /posts/show/8 [36m304[0m 10.081 ms - -[0m
2023-04-07 00:38:40 info: [0mGET /categories?[object%20Object] [36m304[0m 23.897 ms - -[0m
2023-04-07 00:38:40 info: [0mGET /posts?[object%20Object] [32m200[0m 17.639 ms - 784[0m
2023-04-07 00:38:40 info: [0mGET /ceos?[object%20Object] [36m304[0m 31.534 ms - -[0m
2023-04-07 00:38:43 info: [0mGET /categories?[object%20Object] [32m200[0m 29.776 ms - 356[0m
2023-04-07 00:38:43 info: [0mGET /ceos?[object%20Object] [32m200[0m 121.423 ms - 362[0m
2023-04-07 00:38:43 info: [0mGET /posts?[object%20Object] [32m200[0m 134.785 ms - 765[0m
2023-04-07 00:38:43 info: [0mGET /posts/show/11 [32m200[0m 12.850 ms - 291[0m
2023-04-07 00:38:44 info: [0mGET /categories?[object%20Object] [36m304[0m 7.882 ms - -[0m
2023-04-07 00:38:44 info: [0mGET /ceos?[object%20Object] [36m304[0m 8.564 ms - -[0m
2023-04-07 00:38:44 info: [0mGET /posts?[object%20Object] [36m304[0m 10.538 ms - -[0m
2023-04-07 00:38:49 info: [0mOPTIONS /posts/update/11 [32m204[0m 0.161 ms - 0[0m
2023-04-07 00:38:49 info: [0mPUT /posts/update/11 [32m200[0m 8.950 ms - 16[0m
2023-04-07 00:38:49 info: [0mGET /posts/show/11 [32m200[0m 5.891 ms - 304[0m
2023-04-07 00:38:50 info: [0mGET /categories?[object%20Object] [36m304[0m 7.962 ms - -[0m
2023-04-07 00:38:50 info: [0mGET /ceos?[object%20Object] [36m304[0m 8.526 ms - -[0m
2023-04-07 00:38:50 info: [0mGET /posts?[object%20Object] [32m200[0m 9.558 ms - 778[0m
2023-04-07 00:38:55 info: [0mGET /categories?[object%20Object] [32m200[0m 9.982 ms - 372[0m
2023-04-07 00:38:55 info: [0mGET /ceos?[object%20Object] [32m200[0m 10.678 ms - 362[0m
2023-04-07 00:38:55 info: [0mGET /posts?[object%20Object] [32m200[0m 11.417 ms - 784[0m
2023-04-07 00:38:55 info: [0mGET /posts/show/11 [32m200[0m 16.578 ms - 304[0m
2023-04-07 00:38:56 info: [0mGET /categories?[object%20Object] [36m304[0m 55.975 ms - -[0m
2023-04-07 00:38:56 info: [0mGET /posts?[object%20Object] [36m304[0m 73.365 ms - -[0m
2023-04-07 00:38:56 info: [0mGET /ceos?[object%20Object] [36m304[0m 126.965 ms - -[0m
2023-04-07 00:38:56 info: [0mGET /posts/show/11 [36m304[0m 20.307 ms - -[0m
2023-04-07 00:38:57 info: [0mGET /banners? [36m304[0m 147.615 ms - -[0m
2023-04-07 00:38:57 info: [0mGET /banners?page=1&page_size=10 [36m304[0m 59.680 ms - -[0m
2023-04-07 00:38:59 info: [0mGET /projects? [36m304[0m 13.307 ms - -[0m
2023-04-07 00:39:00 info: [0mGET /projects?page=1&page_size=10 [36m304[0m 13.412 ms - -[0m
2023-04-07 00:39:00 info: [0mGET /posts? [32m200[0m 10.883 ms - 784[0m
2023-04-07 00:39:00 info: [0mGET /posts?page=1&page_size=10 [32m200[0m 12.959 ms - 784[0m
2023-04-07 00:39:03 info: [0mGET /posts?page=1&page_size=10&search=v [32m200[0m 40.698 ms - 784[0m
2023-04-07 00:39:03 info: [0mGET /posts?page=1&page_size=10&search=vs [32m200[0m 7.851 ms - 784[0m
2023-04-07 00:39:04 info: [0mGET /posts?page=1&page_size=10&search=v [36m304[0m 57.803 ms - -[0m
2023-04-07 00:39:04 info: [0mGET /posts?page=1&page_size=10 [36m304[0m 21.150 ms - -[0m
2023-04-07 00:39:04 info: [0mGET /posts?page=1&page_size=10&search=v [36m304[0m 20.122 ms - -[0m
2023-04-07 00:39:05 info: [0mGET /posts?page=1&page_size=10&search=vs [36m304[0m 9.761 ms - -[0m
2023-04-07 00:39:05 info: [0mGET /posts?page=1&page_size=10&search=vsv [32m200[0m 9.283 ms - 784[0m
2023-04-07 00:39:05 info: [0mGET /posts?page=1&page_size=10&search=vsvs [32m200[0m 9.520 ms - 784[0m
2023-04-07 00:39:06 info: [0mGET /posts?page=1&page_size=10 [36m304[0m 9.592 ms - -[0m
2023-04-07 00:39:07 info: [0mGET /posts?page=1&page_size=10&search=t [32m200[0m 4.121 ms - 87[0m
2023-04-07 00:39:07 info: [0mGET /posts?page=1&page_size=10 [36m304[0m 41.452 ms - -[0m
2023-04-07 00:39:13 info: [0mGET /posts?page=1&page_size=10&search=vsvsvsvsvsvsv [32m200[0m 43.124 ms - 277[0m
2023-04-07 00:39:13 info: [0mGET /posts?page=1&page_size=10&search=vsvsvsvsvsvs [32m200[0m 16.625 ms - 277[0m
2023-04-07 00:39:13 info: [0mGET /posts?page=1&page_size=10 [36m304[0m 14.137 ms - -[0m
2023-04-07 00:39:16 info: [0mGET /banners? [36m304[0m 24.115 ms - -[0m
2023-04-07 00:39:16 info: [0mGET /banners?page=1&page_size=10 [36m304[0m 33.136 ms - -[0m
2023-04-07 00:39:41 info: [0mOPTIONS /folders/get-medias [32m204[0m 43.464 ms - 0[0m
2023-04-07 00:39:41 info: [0mPOST /folders/get-medias [32m200[0m 62.852 ms - 31[0m
2023-04-07 00:39:41 info: [0mGET /folders [36m304[0m 42.912 ms - -[0m
2023-04-07 00:39:44 info: [0mGET /roles? [36m304[0m 146.043 ms - -[0m
2023-04-07 00:39:44 info: [0mGET /roles?page=1&page_size=10 [36m304[0m 63.537 ms - -[0m
2023-04-07 00:39:48 info: [0mGET /roles?page=1&page_size=10 [36m304[0m 94.007 ms - -[0m
2023-04-07 00:39:48 info: [0mGET /roles?page=1&page_size=10 [36m304[0m 12.163 ms - -[0m
2023-04-07 00:44:08 info: [0mGET /roles?page=1&page_size=10 [36m304[0m 77.821 ms - -[0m
2023-04-07 00:44:08 info: [0mGET /roles?page=1&page_size=10 [36m304[0m 5.664 ms - -[0m
2023-04-07 00:44:11 info: [0mGET /projects/index [33m404[0m 14.080 ms - 153[0m
2023-04-07 00:44:13 info: [0mGET /roles? [36m304[0m 5.835 ms - -[0m
2023-04-07 00:44:13 info: [0mGET /roles?page=1&page_size=10 [36m304[0m 2.756 ms - -[0m
2023-04-07 00:44:37 info: [0mGET /projects/index [33m404[0m 2.700 ms - 153[0m
2023-04-07 00:45:03 info: [0mGET /projects/index [33m404[0m 2.567 ms - 153[0m
2023-04-07 00:45:50 info: [0mGET /accounts?page=1&page_size=10 [33m404[0m 5.520 ms - 147[0m
2023-04-07 00:45:50 info: [0mGET /accounts?page=1&page_size=10 [33m404[0m 0.835 ms - 147[0m
2023-04-07 00:45:50 info: [0mGET /accounts?page=1&page_size=10 [33m404[0m 1.641 ms - 147[0m
2023-04-07 00:45:51 info: [0mGET /roles? [36m304[0m 81.704 ms - -[0m
2023-04-07 00:45:51 info: [0mGET /roles?page=1&page_size=10 [36m304[0m 24.769 ms - -[0m
2023-04-07 00:46:33 info: [0mGET /roles?page=1&page_size=10 [36m304[0m 152.917 ms - -[0m
2023-04-07 00:46:33 info: [0mGET /roles?page=1&page_size=10 [36m304[0m 37.936 ms - -[0m
2023-04-07 00:46:44 info: [0mGET /roles/show/1 [32m200[0m 133.584 ms - 103[0m
2023-04-07 00:48:05 info: [0mGET /accounts? [33m404[0m 4.298 ms - 147[0m
2023-04-07 00:48:05 info: [0mGET /accounts?page=1&page_size=10 [33m404[0m 28.449 ms - 147[0m
2023-04-07 10:49:08 info: =================================
2023-04-07 10:49:08 info: ======= ENV: development =======
2023-04-07 10:49:08 info: 🚀 App listening on the port 8000
2023-04-07 10:49:08 info: =================================
