2023-05-02 10:31:36 info: [0mGET /services/nav [32m200[0m 217.870 ms - 677[0m
2023-05-02 10:31:36 info: [0mGET /posts/getListFeatured [36m304[0m 204.668 ms - -[0m
2023-05-02 11:58:25 info: =================================
2023-05-02 11:58:25 info: ======= ENV: development =======
2023-05-02 11:58:25 info: 🚀 App listening on the port 8000
2023-05-02 11:58:25 info: =================================
2023-05-02 11:59:36 info: [0mGET /branchs/getListBranch [36m304[0m 211.779 ms - -[0m
2023-05-02 11:59:36 info: [0mGET /services/getListService [36m304[0m 163.391 ms - -[0m
2023-05-02 11:59:36 info: [0mGET /projects/getProjectsClient [36m304[0m 185.292 ms - -[0m
2023-05-02 11:59:38 info: [0mGET /services/getListService [36m304[0m 26.957 ms - -[0m
2023-05-02 11:59:38 info: [0mGET /branchs/getListBranch [36m304[0m 31.981 ms - -[0m
2023-05-02 11:59:40 info: [0mGET /branchs/getListBranch [36m304[0m 9.043 ms - -[0m
2023-05-02 11:59:40 info: [0mGET /services/getListService [36m304[0m 28.567 ms - -[0m
2023-05-02 11:59:51 info: [0mGET /projects/findByIdClient/1 [36m304[0m 115.553 ms - -[0m
2023-05-02 12:00:00 info: [0mGET /ceos/getlistCeo [36m304[0m 76.048 ms - -[0m
2023-05-02 12:00:02 info: [0mGET /services/nav [36m304[0m 108.186 ms - -[0m
2023-05-02 12:00:02 info: [0mGET /posts/getListFeatured [36m304[0m 125.423 ms - -[0m
2023-05-02 12:00:25 info: [0mGET /branchs/getListBranch [36m304[0m 119.640 ms - -[0m
2023-05-02 12:00:25 info: [0mGET /projects/getProjectsClient [36m304[0m 85.224 ms - -[0m
2023-05-02 12:00:25 info: [0mGET /services/getListService [32m200[0m 129.601 ms - 920[0m
2023-05-02 12:01:57 info: [0mGET /branchs/getListBranch [36m304[0m 95.564 ms - -[0m
2023-05-02 12:01:57 info: [0mGET /services/getListService [32m200[0m 100.086 ms - 997[0m
2023-05-02 12:01:57 info: [0mGET /services/nav [36m304[0m 143.023 ms - -[0m
2023-05-02 12:01:57 info: [0mGET /projects/getProjectsClient [36m304[0m 90.608 ms - -[0m
2023-05-02 12:01:59 info: [0mGET /branchs/getListBranch [36m304[0m 33.189 ms - -[0m
2023-05-02 12:01:59 info: [0mGET /services/getListService [36m304[0m 39.300 ms - -[0m
2023-05-02 12:02:01 info: [0mGET /branchs/getListBranch [36m304[0m 12.763 ms - -[0m
2023-05-02 12:02:01 info: [0mGET /services/getListService [36m304[0m 17.110 ms - -[0m
2023-05-02 12:02:03 info: [0mGET /branchs/getListBranch [36m304[0m 11.197 ms - -[0m
2023-05-02 12:02:03 info: [0mGET /services/getListService [36m304[0m 13.337 ms - -[0m
2023-05-02 12:03:03 info: [0mGET /branchs/getListBranch [36m304[0m 234.330 ms - -[0m
2023-05-02 12:03:03 info: [0mGET /projects/getProjectsClient?service_id=1&branch_id=2 [32m200[0m 214.484 ms - 477[0m
2023-05-02 12:03:03 info: [0mGET /services/getListService [36m304[0m 206.176 ms - -[0m
2023-05-02 12:03:17 info: [0mGET /branchs/getListBranch [36m304[0m 47.589 ms - -[0m
2023-05-02 12:03:17 info: [0mGET /services/getListService [36m304[0m 40.864 ms - -[0m
2023-05-02 12:03:17 info: [0mGET /projects/getProjectsClient?service_id=1&branch_id=2 [36m304[0m 38.966 ms - -[0m
2023-05-02 12:03:20 info: [0mGET /branchs/getListBranch [36m304[0m 44.343 ms - -[0m
2023-05-02 12:03:20 info: [0mGET /services/getListService [36m304[0m 52.185 ms - -[0m
2023-05-02 12:03:20 info: [0mGET /projects/getProjectsClient?service_id=1&branch_id=2 [36m304[0m 57.606 ms - -[0m
2023-05-02 12:03:34 info: [0mGET /branchs/getListBranch [36m304[0m 47.403 ms - -[0m
2023-05-02 12:03:34 info: [0mGET /projects/getProjectsClient?service_id=1&branch_id=2 [36m304[0m 44.573 ms - -[0m
2023-05-02 12:03:34 info: [0mGET /services/getListService [36m304[0m 55.174 ms - -[0m
2023-05-02 12:03:37 info: [0mGET /branchs/getListBranch [36m304[0m 23.673 ms - -[0m
2023-05-02 12:03:37 info: [0mGET /services/getListService [36m304[0m 23.804 ms - -[0m
2023-05-02 12:03:37 info: [0mGET /projects/getProjectsClient?service_id=1&branch_id=2 [36m304[0m 74.535 ms - -[0m
2023-05-02 12:04:21 info: [0mGET /branchs/getListBranch [36m304[0m 70.132 ms - -[0m
2023-05-02 12:04:21 info: [0mGET /services/getListService [36m304[0m 63.414 ms - -[0m
2023-05-02 12:04:21 info: [0mGET /projects/getProjectsClient?service_id=1&branch_id=2 [36m304[0m 54.791 ms - -[0m
2023-05-02 12:04:27 info: [0mGET /branchs/getListBranch [36m304[0m 52.017 ms - -[0m
2023-05-02 12:04:27 info: [0mGET /services/getListService [36m304[0m 52.573 ms - -[0m
2023-05-02 12:04:29 info: [0mGET /branchs/getListBranch [36m304[0m 6.649 ms - -[0m
2023-05-02 12:04:29 info: [0mGET /services/getListService [36m304[0m 10.768 ms - -[0m
2023-05-02 12:04:55 info: [0mGET /projects/getProjectsClient?service_id=1&branch_id=2 [36m304[0m 34.669 ms - -[0m
2023-05-02 12:04:55 info: [0mGET /services/getListService [36m304[0m 50.744 ms - -[0m
2023-05-02 12:04:55 info: [0mGET /branchs/getListBranch [36m304[0m 64.878 ms - -[0m
2023-05-02 12:05:03 info: [0mGET /branchs/getListBranch [36m304[0m 26.944 ms - -[0m
2023-05-02 12:05:03 info: [0mGET /services/getListService [36m304[0m 44.557 ms - -[0m
2023-05-02 12:05:03 info: [0mGET /projects/getProjectsClient?service_id=1&branch_id=2 [36m304[0m 41.389 ms - -[0m
2023-05-02 12:05:05 info: [0mGET /branchs/getListBranch [36m304[0m 46.333 ms - -[0m
2023-05-02 12:05:05 info: [0mGET /services/getListService [36m304[0m 26.769 ms - -[0m
2023-05-02 12:05:07 info: [0mGET /branchs/getListBranch [36m304[0m 7.339 ms - -[0m
2023-05-02 12:05:07 info: [0mGET /services/getListService [36m304[0m 10.451 ms - -[0m
2023-05-02 12:05:07 info: [0mGET /branchs/getListBranch [36m304[0m 4.650 ms - -[0m
2023-05-02 12:05:07 info: [0mGET /services/getListService [36m304[0m 8.824 ms - -[0m
2023-05-02 12:05:10 info: [0mGET /branchs/getListBranch [36m304[0m 11.321 ms - -[0m
2023-05-02 12:05:10 info: [0mGET /services/getListService [36m304[0m 13.338 ms - -[0m
2023-05-02 12:05:10 info: [0mGET /branchs/getListBranch [36m304[0m 6.077 ms - -[0m
2023-05-02 12:05:10 info: [0mGET /services/getListService [36m304[0m 7.358 ms - -[0m
2023-05-02 12:05:11 info: [0mGET /branchs/getListBranch [36m304[0m 8.837 ms - -[0m
2023-05-02 12:05:11 info: [0mGET /services/getListService [36m304[0m 12.001 ms - -[0m
2023-05-02 12:05:59 info: [0mGET /branchs/getListBranch [36m304[0m 28.257 ms - -[0m
2023-05-02 12:05:59 info: [0mGET /services/getListService [36m304[0m 32.567 ms - -[0m
2023-05-02 12:05:59 info: [0mGET /services/nav [36m304[0m 62.004 ms - -[0m
2023-05-02 12:05:59 info: [0mGET /projects/getProjectsClient?service_id=1&branch_id=1 [32m200[0m 36.565 ms - 477[0m
2023-05-02 12:06:24 info: [0mGET /branchs/getListBranch [36m304[0m 45.503 ms - -[0m
2023-05-02 12:06:24 info: [0mGET /services/getListService [36m304[0m 34.319 ms - -[0m
2023-05-02 12:06:24 info: [0mGET /projects/getProjectsClient?service_id=1&branch_id=1 [36m304[0m 28.074 ms - -[0m
2023-05-02 12:06:31 info: [0mGET /branchs/getListBranch [36m304[0m 17.822 ms - -[0m
2023-05-02 12:06:31 info: [0mGET /projects/getProjectsClient?service_id=1&branch_id=1 [36m304[0m 16.457 ms - -[0m
2023-05-02 12:06:31 info: [0mGET /services/getListService [36m304[0m 13.920 ms - -[0m
2023-05-02 12:07:00 info: [0mGET /branchs/getListBranch [36m304[0m 89.274 ms - -[0m
2023-05-02 12:07:00 info: [0mGET /services/getListService [36m304[0m 94.644 ms - -[0m
2023-05-02 12:07:00 info: [0mGET /projects/getProjectsClient?service_id=1&branch_id=1 [36m304[0m 88.455 ms - -[0m
2023-05-02 12:07:05 info: [0mGET /branchs/getListBranch [36m304[0m 40.684 ms - -[0m
2023-05-02 12:07:05 info: [0mGET /projects/getProjectsClient?service_id=1&branch_id=1 [36m304[0m 45.465 ms - -[0m
2023-05-02 12:07:05 info: [0mGET /services/getListService [36m304[0m 55.777 ms - -[0m
2023-05-02 12:07:26 info: [0mGET /branchs/getListBranch [36m304[0m 62.098 ms - -[0m
2023-05-02 12:07:26 info: [0mGET /services/getListService [36m304[0m 79.597 ms - -[0m
2023-05-02 12:07:29 info: [0mGET /branchs/getListBranch [36m304[0m 20.396 ms - -[0m
2023-05-02 12:07:29 info: [0mGET /services/getListService [36m304[0m 30.273 ms - -[0m
2023-05-02 12:07:57 info: [0mGET /branchs/getListBranch [36m304[0m 130.904 ms - -[0m
2023-05-02 12:07:57 info: [0mGET /services/getListService [36m304[0m 136.425 ms - -[0m
2023-05-02 12:07:57 info: [0mGET /projects/getProjectsClient?service_id=1&branch_id=1 [36m304[0m 134.975 ms - -[0m
2023-05-02 12:08:08 info: [0mGET /branchs/getListBranch [36m304[0m 84.359 ms - -[0m
2023-05-02 12:08:08 info: [0mGET /services/getListService [36m304[0m 95.786 ms - -[0m
2023-05-02 12:08:18 info: [0mGET /branchs/getListBranch [36m304[0m 204.713 ms - -[0m
2023-05-02 12:08:18 info: [0mGET /services/getListService [36m304[0m 266.652 ms - -[0m
2023-05-02 12:08:18 info: [0mGET /projects/getProjectsClient?service_id=1&branch_id=2 [36m304[0m 296.750 ms - -[0m
2023-05-02 12:08:23 info: [0mGET /branchs/getListBranch [36m304[0m 28.932 ms - -[0m
2023-05-02 12:08:23 info: [0mGET /services/getListService [36m304[0m 26.525 ms - -[0m
2023-05-02 12:08:23 info: [0mGET /projects/getProjectsClient?service_id=1&branch_id=2 [36m304[0m 20.285 ms - -[0m
2023-05-02 12:08:24 info: [0mGET /branchs/getListBranch [36m304[0m 27.314 ms - -[0m
2023-05-02 12:08:24 info: [0mGET /services/getListService [36m304[0m 38.326 ms - -[0m
2023-05-02 12:08:27 info: [0mGET /branchs/getListBranch [36m304[0m 20.372 ms - -[0m
2023-05-02 12:08:27 info: [0mGET /services/getListService [36m304[0m 19.014 ms - -[0m
2023-05-02 12:08:28 info: [0mGET /branchs/getListBranch [36m304[0m 9.025 ms - -[0m
2023-05-02 12:08:28 info: [0mGET /services/getListService [36m304[0m 10.932 ms - -[0m
2023-05-02 12:12:21 info: [0mGET /services/getListService [36m304[0m 77.375 ms - -[0m
2023-05-02 12:12:21 info: [0mGET /branchs/getListBranch [36m304[0m 95.848 ms - -[0m
2023-05-02 12:12:22 info: [0mGET /branchs/getListBranch [36m304[0m 5.442 ms - -[0m
2023-05-02 12:12:22 info: [0mGET /services/getListService [36m304[0m 8.159 ms - -[0m
2023-05-02 12:12:24 info: [0mGET /branchs/getListBranch [36m304[0m 8.591 ms - -[0m
2023-05-02 12:12:24 info: [0mGET /services/getListService [36m304[0m 14.061 ms - -[0m
2023-05-02 12:12:25 info: [0mGET /branchs/getListBranch [36m304[0m 9.750 ms - -[0m
2023-05-02 12:12:25 info: [0mGET /services/getListService [36m304[0m 5.399 ms - -[0m
2023-05-02 12:12:37 info: [0mGET /branchs/getListBranch [36m304[0m 27.739 ms - -[0m
2023-05-02 12:12:37 info: [0mGET /services/getListService [36m304[0m 36.575 ms - -[0m
2023-05-02 12:12:37 info: [0mGET /branchs/getListBranch [36m304[0m 6.412 ms - -[0m
2023-05-02 12:12:37 info: [0mGET /services/getListService [36m304[0m 9.647 ms - -[0m
2023-05-02 12:12:38 info: [0mGET /branchs/getListBranch [36m304[0m 18.932 ms - -[0m
2023-05-02 12:12:38 info: [0mGET /services/getListService [36m304[0m 20.293 ms - -[0m
2023-05-02 12:12:38 info: [0mGET /branchs/getListBranch [36m304[0m 2.454 ms - -[0m
2023-05-02 12:12:38 info: [0mGET /services/getListService [36m304[0m 4.941 ms - -[0m
2023-05-02 12:12:38 info: [0mGET /branchs/getListBranch [36m304[0m 8.545 ms - -[0m
2023-05-02 12:12:38 info: [0mGET /services/getListService [36m304[0m 8.855 ms - -[0m
2023-05-02 12:12:39 info: [0mGET /branchs/getListBranch [36m304[0m 6.558 ms - -[0m
2023-05-02 12:12:39 info: [0mGET /services/getListService [36m304[0m 10.293 ms - -[0m
2023-05-02 12:12:39 info: [0mGET /branchs/getListBranch [36m304[0m 6.421 ms - -[0m
2023-05-02 12:12:39 info: [0mGET /services/getListService [36m304[0m 10.755 ms - -[0m
2023-05-02 12:12:39 info: [0mGET /branchs/getListBranch [36m304[0m 7.992 ms - -[0m
2023-05-02 12:12:39 info: [0mGET /services/getListService [36m304[0m 8.541 ms - -[0m
2023-05-02 12:12:40 info: [0mGET /branchs/getListBranch [36m304[0m 9.163 ms - -[0m
2023-05-02 12:12:40 info: [0mGET /services/getListService [36m304[0m 16.945 ms - -[0m
2023-05-02 12:12:41 info: [0mGET /branchs/getListBranch [36m304[0m 6.961 ms - -[0m
2023-05-02 12:12:41 info: [0mGET /services/getListService [36m304[0m 16.193 ms - -[0m
2023-05-02 12:12:41 info: [0mGET /branchs/getListBranch [36m304[0m 5.027 ms - -[0m
2023-05-02 12:12:41 info: [0mGET /services/getListService [36m304[0m 9.093 ms - -[0m
2023-05-02 12:12:41 info: [0mGET /branchs/getListBranch [36m304[0m 8.318 ms - -[0m
2023-05-02 12:12:41 info: [0mGET /services/getListService [36m304[0m 8.986 ms - -[0m
2023-05-02 12:12:41 info: [0mGET /branchs/getListBranch [36m304[0m 9.100 ms - -[0m
2023-05-02 12:12:41 info: [0mGET /services/getListService [36m304[0m 11.942 ms - -[0m
2023-05-02 12:12:42 info: [0mGET /branchs/getListBranch [36m304[0m 6.235 ms - -[0m
2023-05-02 12:12:42 info: [0mGET /services/getListService [36m304[0m 7.238 ms - -[0m
2023-05-02 12:12:42 info: [0mGET /branchs/getListBranch [36m304[0m 4.905 ms - -[0m
2023-05-02 12:12:42 info: [0mGET /services/getListService [36m304[0m 6.987 ms - -[0m
2023-05-02 12:12:42 info: [0mGET /branchs/getListBranch [36m304[0m 3.967 ms - -[0m
2023-05-02 12:12:42 info: [0mGET /services/getListService [36m304[0m 8.103 ms - -[0m
2023-05-02 12:12:43 info: [0mGET /branchs/getListBranch [36m304[0m 5.928 ms - -[0m
2023-05-02 12:12:43 info: [0mGET /services/getListService [36m304[0m 7.233 ms - -[0m
2023-05-02 12:12:43 info: [0mGET /branchs/getListBranch [36m304[0m 2.585 ms - -[0m
2023-05-02 12:12:43 info: [0mGET /services/getListService [36m304[0m 9.678 ms - -[0m
2023-05-02 12:12:44 info: [0mGET /branchs/getListBranch [36m304[0m 5.398 ms - -[0m
2023-05-02 12:12:44 info: [0mGET /services/getListService [36m304[0m 7.610 ms - -[0m
2023-05-02 12:12:44 info: [0mGET /branchs/getListBranch [36m304[0m 4.129 ms - -[0m
2023-05-02 12:12:44 info: [0mGET /services/getListService [36m304[0m 7.002 ms - -[0m
2023-05-02 12:12:45 info: [0mGET /branchs/getListBranch [36m304[0m 6.118 ms - -[0m
2023-05-02 12:12:45 info: [0mGET /services/getListService [36m304[0m 11.565 ms - -[0m
2023-05-02 12:12:46 info: [0mGET /branchs/getListBranch [36m304[0m 6.294 ms - -[0m
2023-05-02 12:12:46 info: [0mGET /services/getListService [36m304[0m 9.191 ms - -[0m
2023-05-02 12:12:48 info: [0mGET /branchs/getListBranch [36m304[0m 5.141 ms - -[0m
2023-05-02 12:12:48 info: [0mGET /services/getListService [36m304[0m 11.174 ms - -[0m
2023-05-02 12:12:51 info: [0mGET /branchs/getListBranch [36m304[0m 8.307 ms - -[0m
2023-05-02 12:12:51 info: [0mGET /services/getListService [36m304[0m 12.173 ms - -[0m
2023-05-02 12:12:52 info: [0mGET /branchs/getListBranch [36m304[0m 8.641 ms - -[0m
2023-05-02 12:12:52 info: [0mGET /services/getListService [36m304[0m 7.041 ms - -[0m
2023-05-02 12:12:57 info: [0mGET /projects/findByIdClient/2 [36m304[0m 68.626 ms - -[0m
2023-05-02 12:14:12 info: =================================
2023-05-02 12:14:12 info: ======= ENV: development =======
2023-05-02 12:14:12 info: 🚀 App listening on the port 8000
2023-05-02 12:14:12 info: =================================
2023-05-02 12:14:48 info: =================================
2023-05-02 12:14:48 info: ======= ENV: development =======
2023-05-02 12:14:48 info: 🚀 App listening on the port 8000
2023-05-02 12:14:48 info: =================================
2023-05-02 12:15:17 info: =================================
2023-05-02 12:15:17 info: ======= ENV: development =======
2023-05-02 12:15:17 info: 🚀 App listening on the port 8000
2023-05-02 12:15:17 info: =================================
2023-05-02 12:15:29 info: [0mGET /branchs/getListBranch [36m304[0m 208.754 ms - -[0m
2023-05-02 12:15:29 info: [0mGET /services/getListService [36m304[0m 221.535 ms - -[0m
2023-05-02 12:15:29 info: [0mGET /services/nav [36m304[0m 283.844 ms - -[0m
2023-05-02 12:15:29 info: [0mGET /branchs/getListBranch [36m304[0m 16.090 ms - -[0m
2023-05-02 12:15:29 info: [0mGET /services/getListService [36m304[0m 19.079 ms - -[0m
2023-05-02 12:15:29 info: [0mGET /projects/getProjectsClient [36m304[0m 265.887 ms - -[0m
2023-05-02 12:15:43 info: [0mGET /branchs/getListBranch [36m304[0m 44.924 ms - -[0m
2023-05-02 12:15:43 info: [0mGET /services/getListService [36m304[0m 40.577 ms - -[0m
2023-05-02 12:15:48 info: [0mGET /branchs/getListBranch [36m304[0m 24.481 ms - -[0m
2023-05-02 12:15:48 info: [0mGET /services/getListService [36m304[0m 31.392 ms - -[0m
2023-05-02 12:16:20 info: [0mGET /branchs/getListBranch [36m304[0m 45.595 ms - -[0m
2023-05-02 12:16:20 info: [0mGET /services/getListService [36m304[0m 51.775 ms - -[0m
2023-05-02 12:16:22 info: [0mGET /branchs/getListBranch [36m304[0m 9.076 ms - -[0m
2023-05-02 12:16:22 info: [0mGET /services/getListService [36m304[0m 12.860 ms - -[0m
2023-05-02 12:17:38 info: [0mGET /branchs/getListBranch [36m304[0m 61.740 ms - -[0m
2023-05-02 12:17:38 info: [0mGET /services/getListService [36m304[0m 62.632 ms - -[0m
2023-05-02 12:17:56 info: [0mGET /branchs/getListBranch [36m304[0m 85.428 ms - -[0m
2023-05-02 12:17:56 info: [0mGET /services/getListService [36m304[0m 98.439 ms - -[0m
2023-05-02 12:17:56 info: [0mGET /projects/getProjectsClient?service_id=3&branch_id=2 [32m200[0m 93.234 ms - 477[0m
2023-05-02 12:18:02 info: [0mGET /projects/getProjectsClient?service_id=2&branch_id=2 [32m200[0m 42.781 ms - 477[0m
2023-05-02 12:18:06 info: [0mGET /projects/getProjectsClient?service_id=2&branch_id=1 [32m200[0m 33.046 ms - 477[0m
2023-05-02 12:18:48 info: =================================
2023-05-02 12:18:48 info: ======= ENV: development =======
2023-05-02 12:18:48 info: 🚀 App listening on the port 8000
2023-05-02 12:18:48 info: =================================
2023-05-02 12:19:11 info: [0mGET /projects/getProjectsClient?service_id=3&branch_id=1 [32m200[0m 161.205 ms - 477[0m
2023-05-02 12:19:14 info: [0mGET /projects/getProjectsClient?service_id=3&branch_id=2 [36m304[0m 38.727 ms - -[0m
2023-05-02 12:20:00 info: =================================
2023-05-02 12:20:00 info: ======= ENV: development =======
2023-05-02 12:20:00 info: 🚀 App listening on the port 8000
2023-05-02 12:20:00 info: =================================
2023-05-02 12:22:59 info: =================================
2023-05-02 12:22:59 info: ======= ENV: development =======
2023-05-02 12:22:59 info: 🚀 App listening on the port 8000
2023-05-02 12:22:59 info: =================================
2023-05-02 12:23:15 info: [0mGET /branchs/getListBranch [36m304[0m 332.411 ms - -[0m
2023-05-02 12:23:15 info: [0mGET /services/getListService [36m304[0m 339.054 ms - -[0m
2023-05-02 12:23:15 info: [0mGET /projects/getProjectsClient?service_id=3&branch_id=2 [32m200[0m 64.498 ms - 470[0m
2023-05-02 12:23:15 info: [0mGET /projects/getProjectsClient [32m200[0m 351.699 ms - 470[0m
2023-05-02 12:23:15 info: [0mGET /services/nav [36m304[0m 457.625 ms - -[0m
2023-05-02 12:23:32 info: [0mGET /posts/getProjectsClient [33m404[0m 7.191 ms - 162[0m
2023-05-02 12:23:38 info: [0mGET /posts/getProjectsClient [33m404[0m 14.215 ms - 162[0m
2023-05-02 12:23:50 info: [0mGET /projects/getProjectsClient [36m304[0m 36.340 ms - -[0m
2023-05-02 12:24:41 info: =================================
2023-05-02 12:24:41 info: ======= ENV: development =======
2023-05-02 12:24:41 info: 🚀 App listening on the port 8000
2023-05-02 12:24:41 info: =================================
2023-05-02 12:24:49 info: =================================
2023-05-02 12:24:49 info: ======= ENV: development =======
2023-05-02 12:24:49 info: 🚀 App listening on the port 8000
2023-05-02 12:24:49 info: =================================
2023-05-02 12:25:20 info: =================================
2023-05-02 12:25:20 info: ======= ENV: development =======
2023-05-02 12:25:20 info: 🚀 App listening on the port 8000
2023-05-02 12:25:20 info: =================================
2023-05-02 12:25:49 info: =================================
2023-05-02 12:25:49 info: ======= ENV: development =======
2023-05-02 12:25:49 info: 🚀 App listening on the port 8000
2023-05-02 12:25:49 info: =================================
2023-05-02 12:26:05 info: =================================
2023-05-02 12:26:05 info: ======= ENV: development =======
2023-05-02 12:26:05 info: 🚀 App listening on the port 8000
2023-05-02 12:26:05 info: =================================
2023-05-02 12:26:14 info: =================================
2023-05-02 12:26:14 info: ======= ENV: development =======
2023-05-02 12:26:14 info: 🚀 App listening on the port 8000
2023-05-02 12:26:14 info: =================================
2023-05-02 12:26:18 info: [0mGET /projects/getProjectsClient [32m200[0m 43.393 ms - 2[0m
2023-05-02 12:26:44 info: =================================
2023-05-02 12:26:44 info: ======= ENV: development =======
2023-05-02 12:26:44 info: 🚀 App listening on the port 8000
2023-05-02 12:26:44 info: =================================
2023-05-02 12:26:45 info: [0mGET /projects/getProjectsClient [36m304[0m 94.713 ms - -[0m
2023-05-02 12:27:15 info: [0mGET /projects/getProjectsClient [36m304[0m 14.274 ms - -[0m
2023-05-02 12:27:15 info: [0mGET /branchs/getListBranch [36m304[0m 301.732 ms - -[0m
2023-05-02 12:27:15 info: [0mGET /services/getListService [36m304[0m 311.637 ms - -[0m
2023-05-02 12:27:15 info: [0mGET /projects/getProjectsClient?service_id=3&branch_id=2 [36m304[0m 164.544 ms - -[0m
2023-05-02 12:27:15 info: [0mGET /services/nav [36m304[0m 451.757 ms - -[0m
2023-05-02 12:27:17 info: [0mGET /projects/getProjectsClient?service_id=4&branch_id=2 [32m200[0m 79.664 ms - 470[0m
2023-05-02 12:32:12 info: =================================
2023-05-02 12:32:12 info: ======= ENV: development =======
2023-05-02 12:32:12 info: 🚀 App listening on the port 8000
2023-05-02 12:32:12 info: =================================
2023-05-02 12:32:20 info: [0mGET /projects/getProjectsClient [32m200[0m 118.830 ms - 470[0m
2023-05-02 12:34:07 info: [0mGET /projects/getProjectsClient [32m200[0m 71.961 ms - 470[0m
2023-05-02 12:34:26 info: [0mGET /projects/getProjectsClient?branch_id=1&service_id=1 [32m200[0m 18.741 ms - 470[0m
2023-05-02 12:34:32 info: [0mGET /projects/getProjectsClient?branch_id=1&service_id=1 [32m200[0m 19.923 ms - 470[0m
2023-05-02 12:34:54 info: =================================
2023-05-02 12:34:54 info: ======= ENV: development =======
2023-05-02 12:34:54 info: 🚀 App listening on the port 8000
2023-05-02 12:34:54 info: =================================
2023-05-02 12:36:02 info: [0mGET /projects/getProjectsClient?branch_id=1&service_id=1 [32m200[0m 142.738 ms - 470[0m
2023-05-02 12:36:42 info: =================================
2023-05-02 12:36:42 info: ======= ENV: development =======
2023-05-02 12:36:42 info: 🚀 App listening on the port 8000
2023-05-02 12:36:42 info: =================================
2023-05-02 12:36:45 info: [0mGET /projects/getProjectsClient?branch_id=1&service_id=1 [32m200[0m 233.443 ms - 470[0m
2023-05-02 12:37:43 info: =================================
2023-05-02 12:37:43 info: ======= ENV: development =======
2023-05-02 12:37:43 info: 🚀 App listening on the port 8000
2023-05-02 12:37:43 info: =================================
2023-05-02 12:37:47 info: [0mGET /projects/getProjectsClient?branch_id=1&service_id=1 [32m200[0m 63.563 ms - 2[0m
2023-05-02 12:38:14 info: =================================
2023-05-02 12:38:14 info: ======= ENV: development =======
2023-05-02 12:38:14 info: 🚀 App listening on the port 8000
2023-05-02 12:38:14 info: =================================
2023-05-02 12:38:18 info: [0mGET /projects/getProjectsClient?branch_id=1&service_id=1 [32m200[0m 135.723 ms - 470[0m
2023-05-02 12:38:21 info: [0mGET /projects/getProjectsClient?branch_id=1&service_id=1 [32m200[0m 14.996 ms - 470[0m
2023-05-02 12:38:41 info: =================================
2023-05-02 12:38:41 info: ======= ENV: development =======
2023-05-02 12:38:41 info: 🚀 App listening on the port 8000
2023-05-02 12:38:41 info: =================================
2023-05-02 12:38:48 info: [0mGET /projects/getProjectsClient?branch_id=1&service_id=1 [32m200[0m 134.175 ms - 470[0m
2023-05-02 12:39:05 info: [0mOPTIONS /admins/login [32m204[0m 1.135 ms - 0[0m
2023-05-02 12:39:05 info: [0mPOST /admins/login [32m200[0m 217.432 ms - 744[0m
2023-05-02 12:39:06 info: [0mOPTIONS /admins/profile [32m204[0m 0.319 ms - 0[0m
2023-05-02 12:39:06 info: [0mGET /admins/profile [36m304[0m 114.377 ms - -[0m
2023-05-02 12:39:15 info: [0mOPTIONS /admins/profile [32m204[0m 0.483 ms - 0[0m
2023-05-02 12:39:15 info: [0mGET /projects? [36m304[0m 563.165 ms - -[0m
2023-05-02 12:39:15 info: [0mGET /admins/profile [36m304[0m 602.239 ms - -[0m
2023-05-02 12:39:15 info: [0mGET /projects?page=1&page_size=10 [36m304[0m 348.751 ms - -[0m
2023-05-02 12:39:17 info: [0mGET /admins/profile [36m304[0m 60.675 ms - -[0m
2023-05-02 12:39:17 info: [0mGET /projects/show/1 [36m304[0m 72.161 ms - -[0m
2023-05-02 12:39:18 info: [0mGET /services?[object%20Object] [36m304[0m 87.259 ms - -[0m
2023-05-02 12:39:18 info: [0mGET /projects?[object%20Object] [36m304[0m 106.489 ms - -[0m
2023-05-02 12:39:18 info: [0mGET /branchs?[object%20Object] [36m304[0m 101.650 ms - -[0m
2023-05-02 12:39:30 info: [0mGET /projects/getProjectsClient?branch_id=4&service_id=2 [32m200[0m 54.782 ms - 470[0m
2023-05-02 12:39:35 info: [0mGET /projects/getProjectsClient?branch_id=10&service_id=2 [32m200[0m 34.207 ms - 470[0m
2023-05-02 12:39:39 info: [0mGET /projects/getProjectsClient?branch_id=10&service_id=3 [32m200[0m 14.096 ms - 470[0m
2023-05-02 12:41:36 info: =================================
2023-05-02 12:41:36 info: ======= ENV: development =======
2023-05-02 12:41:36 info: 🚀 App listening on the port 8000
2023-05-02 12:41:36 info: =================================
2023-05-02 12:41:55 info: =================================
2023-05-02 12:41:55 info: ======= ENV: development =======
2023-05-02 12:41:55 info: 🚀 App listening on the port 8000
2023-05-02 12:41:55 info: =================================
2023-05-02 12:42:05 info: =================================
2023-05-02 12:42:05 info: ======= ENV: development =======
2023-05-02 12:42:05 info: 🚀 App listening on the port 8000
2023-05-02 12:42:05 info: =================================
2023-05-02 12:42:31 info: =================================
2023-05-02 12:42:31 info: ======= ENV: development =======
2023-05-02 12:42:31 info: 🚀 App listening on the port 8000
2023-05-02 12:42:31 info: =================================
2023-05-02 12:42:34 info: [0mGET /projects/getProjectsClient?branch_id=10&service_id=3 [32m200[0m 134.586 ms - 2[0m
2023-05-02 12:44:22 info: =================================
2023-05-02 12:44:22 info: ======= ENV: development =======
2023-05-02 12:44:22 info: 🚀 App listening on the port 8000
2023-05-02 12:44:22 info: =================================
2023-05-02 12:44:24 info: [0mGET /projects/getProjectsClient?service_id=3 [32m200[0m 129.383 ms - 2[0m
2023-05-02 12:46:10 info: [0mGET /projects/getProjectsClient?service_id=2&branch_id=2 [32m200[0m 137.568 ms - 2[0m
2023-05-02 12:47:39 info: =================================
2023-05-02 12:47:39 info: ======= ENV: development =======
2023-05-02 12:47:39 info: 🚀 App listening on the port 8000
2023-05-02 12:47:39 info: =================================
2023-05-02 12:47:47 info: [0mGET /projects/getProjectsClient?service_id=3 [32m200[0m 173.754 ms - 2[0m
2023-05-02 12:47:51 info: [0mGET /projects/getProjectsClient [32m200[0m 37.239 ms - 470[0m
2023-05-02 12:47:57 info: [0mGET /projects/getProjectsClient?branch_id=10 [32m200[0m 52.431 ms - 2[0m
2023-05-02 12:50:37 info: [0mGET /projects/getProjectsClient?service_id=1 [32m200[0m 44.666 ms - 2[0m
2023-05-02 12:51:34 info: =================================
2023-05-02 12:51:34 info: ======= ENV: development =======
2023-05-02 12:51:34 info: 🚀 App listening on the port 8000
2023-05-02 12:51:34 info: =================================
2023-05-02 12:51:40 info: [0mGET /projects/getProjectsClient?service_id=1 [32m200[0m 53.085 ms - 2[0m
2023-05-02 12:51:57 info: =================================
2023-05-02 12:51:57 info: ======= ENV: development =======
2023-05-02 12:51:57 info: 🚀 App listening on the port 8000
2023-05-02 12:51:57 info: =================================
2023-05-02 12:53:42 info: [0mGET /projects/getProjectsClient?service_id=1 [32m200[0m 197.257 ms - 2[0m
2023-05-02 12:55:54 info: =================================
2023-05-02 12:55:54 info: ======= ENV: development =======
2023-05-02 12:55:54 info: 🚀 App listening on the port 8000
2023-05-02 12:55:54 info: =================================
2023-05-02 12:55:57 info: [0mGET /projects/getProjectsClient?service_id=1 [32m200[0m 150.487 ms - 470[0m
2023-05-02 12:56:14 info: [0mOPTIONS /projects/update/1 [32m204[0m 0.753 ms - 0[0m
2023-05-02 12:56:14 info: [0mPUT /projects/update/1 [32m200[0m 169.609 ms - 2[0m
2023-05-02 12:56:14 info: [0mGET /projects/show/1 [36m304[0m 124.090 ms - -[0m
2023-05-02 12:56:15 info: [0mGET /branchs?[object%20Object] [36m304[0m 82.253 ms - -[0m
2023-05-02 12:56:15 info: [0mGET /projects?[object%20Object] [32m200[0m 80.290 ms - 522[0m
2023-05-02 12:56:15 info: [0mGET /services?[object%20Object] [36m304[0m 81.472 ms - -[0m
2023-05-02 12:56:18 info: [0mGET /projects/getProjectsClient?service_id=1 [32m200[0m 55.366 ms - 470[0m
2023-05-02 12:56:28 info: [0mOPTIONS /admins/profile [32m204[0m 0.231 ms - 0[0m
2023-05-02 12:56:28 info: [0mGET /projects/show/1 [36m304[0m 158.796 ms - -[0m
2023-05-02 12:56:28 info: [0mGET /admins/profile [36m304[0m 200.814 ms - -[0m
2023-05-02 12:56:28 info: [0mGET /projects?page=1&page_size=10 [32m200[0m 198.457 ms - 522[0m
2023-05-02 12:56:28 info: [0mGET /projects?page=1&page_size=10 [36m304[0m 57.694 ms - -[0m
2023-05-02 12:56:31 info: [0mGET /projects/show/2 [32m200[0m 35.805 ms - 458[0m
2023-05-02 12:56:31 info: [0mGET /admins/profile [36m304[0m 49.808 ms - -[0m
2023-05-02 12:56:31 info: [0mGET /projects?[object%20Object] [36m304[0m 39.482 ms - -[0m
2023-05-02 12:56:31 info: [0mGET /branchs?[object%20Object] [36m304[0m 35.470 ms - -[0m
2023-05-02 12:56:31 info: [0mGET /services?[object%20Object] [36m304[0m 25.305 ms - -[0m
2023-05-02 12:56:37 info: [0mOPTIONS /admins/profile [32m204[0m 0.171 ms - 0[0m
2023-05-02 12:56:37 info: [0mGET /projects/show/2 [32m200[0m 40.234 ms - 458[0m
2023-05-02 12:56:37 info: [0mGET /projects?page=1&page_size=10 [36m304[0m 43.553 ms - -[0m
2023-05-02 12:56:37 info: [0mGET /admins/profile [36m304[0m 204.281 ms - -[0m
2023-05-02 12:56:37 info: [0mGET /projects?page=1&page_size=10 [36m304[0m 109.305 ms - -[0m
2023-05-02 12:56:38 info: [0mGET /projects/show/1 [36m304[0m 20.033 ms - -[0m
2023-05-02 12:56:39 info: [0mGET /admins/profile [36m304[0m 56.755 ms - -[0m
2023-05-02 12:56:39 info: [0mGET /projects?[object%20Object] [36m304[0m 19.834 ms - -[0m
2023-05-02 12:56:39 info: [0mGET /services?[object%20Object] [36m304[0m 44.964 ms - -[0m
2023-05-02 12:56:39 info: [0mGET /branchs?[object%20Object] [36m304[0m 57.234 ms - -[0m
2023-05-02 12:56:45 info: [0mOPTIONS /projects/update/1 [32m204[0m 0.946 ms - 0[0m
2023-05-02 12:56:45 info: [0mPUT /projects/update/1 [32m200[0m 523.722 ms - 2[0m
2023-05-02 12:56:45 info: [0mGET /projects/show/1 [36m304[0m 186.515 ms - -[0m
2023-05-02 12:56:45 info: [0mGET /projects/show/2 [36m304[0m 204.536 ms - -[0m
2023-05-02 12:56:45 info: [0mGET /projects/show/1 [36m304[0m 36.529 ms - -[0m
2023-05-02 12:56:46 info: [0mGET /branchs?[object%20Object] [36m304[0m 65.840 ms - -[0m
2023-05-02 12:56:46 info: [0mGET /services?[object%20Object] [36m304[0m 77.530 ms - -[0m
2023-05-02 12:56:46 info: [0mGET /projects?[object%20Object] [36m304[0m 108.570 ms - -[0m
2023-05-02 12:57:04 info: [0mOPTIONS /projects/update/1 [32m204[0m 1.144 ms - 0[0m
2023-05-02 12:57:04 info: [0mPUT /projects/update/1 [32m200[0m 178.775 ms - 2[0m
2023-05-02 12:57:04 info: [0mGET /projects/show/1 [36m304[0m 74.545 ms - -[0m
2023-05-02 12:57:04 info: [0mGET /projects/show/2 [36m304[0m 68.648 ms - -[0m
2023-05-02 12:57:04 info: [0mGET /projects/show/1 [36m304[0m 15.419 ms - -[0m
2023-05-02 12:57:05 info: [0mGET /projects?[object%20Object] [36m304[0m 101.398 ms - -[0m
2023-05-02 12:57:05 info: [0mGET /branchs?[object%20Object] [36m304[0m 144.967 ms - -[0m
2023-05-02 12:57:05 info: [0mGET /services?[object%20Object] [36m304[0m 165.454 ms - -[0m
2023-05-02 12:57:19 info: [0mGET /projects/getProjectsClient?service_id=1 [32m200[0m 69.323 ms - 470[0m
2023-05-02 12:57:23 info: [0mGET /projects/getProjectsClient [32m200[0m 198.203 ms - 470[0m
2023-05-02 12:57:26 info: [0mGET /projects/getProjectsClient?branch_id=10 [32m200[0m 14.669 ms - 470[0m
2023-05-02 12:57:51 info: =================================
2023-05-02 12:57:51 info: ======= ENV: development =======
2023-05-02 12:57:51 info: 🚀 App listening on the port 8000
2023-05-02 12:57:51 info: =================================
2023-05-02 12:57:57 info: [0mGET /projects/getProjectsClient?branch_id=10 [32m200[0m 156.906 ms - 470[0m
2023-05-02 13:00:17 info: [0mOPTIONS /admins/profile [32m204[0m 1.794 ms - 0[0m
2023-05-02 13:00:17 info: [0mGET /services?[object%20Object] [36m304[0m 179.491 ms - -[0m
2023-05-02 13:00:17 info: [0mGET /branchs?[object%20Object] [36m304[0m 193.525 ms - -[0m
2023-05-02 13:00:17 info: [0mGET /projects?[object%20Object] [36m304[0m 243.626 ms - -[0m
2023-05-02 13:00:17 info: [0mGET /admins/profile [36m304[0m 318.601 ms - -[0m
2023-05-02 13:00:17 info: [0mGET /projects/show/1 [32m200[0m 67.916 ms - -[0m
2023-05-02 13:00:18 info: [0mGET /branchs?[object%20Object] [36m304[0m 15.885 ms - -[0m
2023-05-02 13:00:18 info: [0mGET /services?[object%20Object] [36m304[0m 16.148 ms - -[0m
2023-05-02 13:00:18 info: [0mGET /projects?[object%20Object] [36m304[0m 32.282 ms - -[0m
2023-05-02 13:00:23 info: [0mOPTIONS /projects/update/1 [32m204[0m 0.436 ms - 0[0m
2023-05-02 13:00:23 info: [0mPUT /projects/update/1 [32m200[0m 74.100 ms - 2[0m
2023-05-02 13:00:23 info: [0mGET /projects/show/1 [32m200[0m 35.424 ms - -[0m
2023-05-02 13:00:24 info: [0mGET /projects?[object%20Object] [36m304[0m 25.254 ms - -[0m
2023-05-02 13:00:24 info: [0mGET /branchs?[object%20Object] [36m304[0m 24.258 ms - -[0m
2023-05-02 13:00:24 info: [0mGET /services?[object%20Object] [36m304[0m 24.760 ms - -[0m
2023-05-02 13:00:34 info: [0mOPTIONS /projects/update/1 [32m204[0m 0.400 ms - 0[0m
2023-05-02 13:00:34 info: [0mPUT /projects/update/1 [32m200[0m 48.685 ms - 2[0m
2023-05-02 13:00:34 info: [0mGET /projects/show/1 [32m200[0m 11.427 ms - -[0m
2023-05-02 13:00:35 info: [0mGET /projects?[object%20Object] [36m304[0m 38.653 ms - -[0m
2023-05-02 13:00:35 info: [0mGET /branchs?[object%20Object] [36m304[0m 37.644 ms - -[0m
2023-05-02 13:00:35 info: [0mGET /services?[object%20Object] [36m304[0m 31.066 ms - -[0m
2023-05-02 13:00:43 info: [0mOPTIONS /projects/update/1 [32m204[0m 0.421 ms - 0[0m
2023-05-02 13:00:43 info: [0mPUT /projects/update/1 [32m200[0m 39.924 ms - 2[0m
2023-05-02 13:00:43 info: [0mGET /projects/show/1 [36m304[0m 14.495 ms - -[0m
2023-05-02 13:00:44 info: [0mGET /projects?[object%20Object] [36m304[0m 52.754 ms - -[0m
2023-05-02 13:00:44 info: [0mGET /branchs?[object%20Object] [36m304[0m 50.824 ms - -[0m
2023-05-02 13:00:44 info: [0mGET /services?[object%20Object] [36m304[0m 49.485 ms - -[0m
2023-05-02 13:02:26 info: =================================
2023-05-02 13:02:26 info: ======= ENV: development =======
2023-05-02 13:02:26 info: 🚀 App listening on the port 8000
2023-05-02 13:02:26 info: =================================
2023-05-02 13:02:29 info: [0mOPTIONS /admins/profile [32m204[0m 3.367 ms - 0[0m
2023-05-02 13:02:29 info: [0mGET /branchs?[object%20Object] [36m304[0m 187.658 ms - -[0m
2023-05-02 13:02:29 info: [0mGET /services?[object%20Object] [36m304[0m 180.170 ms - -[0m
2023-05-02 13:02:29 info: [0mGET /projects?[object%20Object] [36m304[0m 253.502 ms - -[0m
2023-05-02 13:02:29 info: [0mGET /admins/profile [36m304[0m 349.383 ms - -[0m
2023-05-02 13:02:30 info: [0mGET /projects/show/1 [36m304[0m 20.621 ms - -[0m
2023-05-02 13:02:30 info: [0mGET /branchs?[object%20Object] [36m304[0m 11.060 ms - -[0m
2023-05-02 13:02:30 info: [0mGET /projects?[object%20Object] [36m304[0m 30.613 ms - -[0m
2023-05-02 13:02:30 info: [0mGET /services?[object%20Object] [36m304[0m 25.124 ms - -[0m
2023-05-02 13:02:34 info: [0mOPTIONS /projects/update/1 [32m204[0m 0.454 ms - 0[0m
2023-05-02 13:02:34 info: [0mPUT /projects/update/1 [32m200[0m 49.828 ms - 2[0m
2023-05-02 13:02:34 info: [0mGET /projects/show/1 [32m200[0m 24.638 ms - -[0m
2023-05-02 13:02:35 info: [0mGET /branchs?[object%20Object] [36m304[0m 13.835 ms - -[0m
2023-05-02 13:02:35 info: [0mGET /projects?[object%20Object] [36m304[0m 17.766 ms - -[0m
2023-05-02 13:02:35 info: [0mGET /services?[object%20Object] [36m304[0m 17.668 ms - -[0m
2023-05-02 13:02:43 info: [0mOPTIONS /projects/update/1 [32m204[0m 0.307 ms - 0[0m
2023-05-02 13:02:43 info: [0mPUT /projects/update/1 [32m200[0m 32.929 ms - 2[0m
2023-05-02 13:02:43 info: [0mGET /projects/show/1 [32m200[0m 18.437 ms - -[0m
2023-05-02 13:02:44 info: [0mGET /projects?[object%20Object] [36m304[0m 38.956 ms - -[0m
2023-05-02 13:02:44 info: [0mGET /branchs?[object%20Object] [36m304[0m 43.619 ms - -[0m
2023-05-02 13:02:44 info: [0mGET /services?[object%20Object] [36m304[0m 47.960 ms - -[0m
2023-05-02 13:02:52 info: [0mOPTIONS /projects/update/1 [32m204[0m 0.187 ms - 0[0m
2023-05-02 13:02:52 info: [0mPUT /projects/update/1 [32m200[0m 23.897 ms - 2[0m
2023-05-02 13:02:52 info: [0mGET /projects/show/1 [32m200[0m 30.482 ms - -[0m
2023-05-02 13:02:52 info: [0mGET /branchs?[object%20Object] [36m304[0m 9.502 ms - -[0m
2023-05-02 13:02:52 info: [0mGET /projects?[object%20Object] [36m304[0m 17.403 ms - -[0m
2023-05-02 13:02:52 info: [0mGET /services?[object%20Object] [36m304[0m 15.076 ms - -[0m
2023-05-02 13:03:53 info: [0mOPTIONS /admins/profile [32m204[0m 0.504 ms - 0[0m
2023-05-02 13:03:54 info: [0mGET /branchs? [36m304[0m 87.495 ms - -[0m
2023-05-02 13:03:54 info: [0mGET /admins/profile [36m304[0m 137.686 ms - -[0m
2023-05-02 13:03:54 info: [0mGET /projects/show/1 [36m304[0m 227.605 ms - -[0m
2023-05-02 13:03:54 info: [0mGET /branchs?page=1&page_size=10 [36m304[0m 43.659 ms - -[0m
2023-05-02 13:05:06 info: =================================
2023-05-02 13:05:06 info: ======= ENV: development =======
2023-05-02 13:05:06 info: 🚀 App listening on the port 8000
2023-05-02 13:05:06 info: =================================
2023-05-02 13:07:18 info: =================================
2023-05-02 13:07:18 info: ======= ENV: development =======
2023-05-02 13:07:18 info: 🚀 App listening on the port 8000
2023-05-02 13:07:18 info: =================================
2023-05-02 13:07:33 info: =================================
2023-05-02 13:07:33 info: ======= ENV: development =======
2023-05-02 13:07:33 info: 🚀 App listening on the port 8000
2023-05-02 13:07:33 info: =================================
2023-05-02 13:07:41 info: =================================
2023-05-02 13:07:41 info: ======= ENV: development =======
2023-05-02 13:07:41 info: 🚀 App listening on the port 8000
2023-05-02 13:07:41 info: =================================
2023-05-02 13:07:44 info: [0mGET /projects/getProjectsClient?branch_id=10 [32m200[0m 161.204 ms - 470[0m
2023-05-02 13:07:51 info: [0mGET /projects/getProjectsClient?service_id=1 [32m200[0m 27.076 ms - 470[0m
2023-05-02 13:08:19 info: =================================
2023-05-02 13:08:19 info: ======= ENV: development =======
2023-05-02 13:08:19 info: 🚀 App listening on the port 8000
2023-05-02 13:08:19 info: =================================
2023-05-02 13:08:25 info: [0mGET /projects/getProjectsClient?service_id=1 [32m200[0m 106.486 ms - 251[0m
2023-05-02 13:08:28 info: [0mGET /projects/getProjectsClient [32m200[0m 48.067 ms - 470[0m
2023-05-02 13:08:31 info: [0mGET /projects/getProjectsClient?branch_id=10 [32m200[0m 9.833 ms - 40[0m
2023-05-02 13:08:37 info: [0mGET /projects/getProjectsClient?branch_id=1 [32m200[0m 73.105 ms - 251[0m
2023-05-02 13:08:41 info: [0mGET /projects/getProjectsClient?branch_id=1&service_id=1 [32m200[0m 15.403 ms - 251[0m
2023-05-02 13:09:06 info: [0mGET /projects/getProjectsClient?branch_id=1&service_id=1 [32m200[0m 77.244 ms - 251[0m
2023-05-02 13:09:12 info: [0mOPTIONS /admins/profile [32m204[0m 8.584 ms - 0[0m
2023-05-02 13:09:12 info: [0mGET /branchs/show/2 [32m200[0m 63.873 ms - 61[0m
2023-05-02 13:09:12 info: [0mGET /admins/profile [36m304[0m 107.137 ms - -[0m
2023-05-02 13:09:14 info: [0mGET /branchs/show/2 [36m304[0m 43.605 ms - -[0m
2023-05-02 13:09:14 info: [0mGET /admins/profile [36m304[0m 122.289 ms - -[0m
2023-05-02 13:09:14 info: [0mGET /branchs?page=1&page_size=10 [36m304[0m 201.573 ms - -[0m
2023-05-02 13:09:14 info: [0mGET /branchs?page=1&page_size=10 [36m304[0m 42.321 ms - -[0m
2023-05-02 13:09:16 info: [0mGET /projects? [32m200[0m 83.295 ms - 522[0m
2023-05-02 13:09:16 info: [0mGET /admins/profile [36m304[0m 114.620 ms - -[0m
2023-05-02 13:09:16 info: [0mGET /projects?page=1&page_size=10 [36m304[0m 11.540 ms - -[0m
2023-05-02 13:09:18 info: [0mOPTIONS /admins/profile [32m204[0m 1.277 ms - 0[0m
2023-05-02 13:09:18 info: [0mGET /projects/show/2 [32m200[0m 48.764 ms - 458[0m
2023-05-02 13:09:18 info: [0mGET /admins/profile [36m304[0m 59.459 ms - -[0m
2023-05-02 13:09:19 info: [0mGET /projects?[object%20Object] [36m304[0m 54.226 ms - -[0m
2023-05-02 13:09:19 info: [0mGET /services?[object%20Object] [36m304[0m 49.597 ms - -[0m
2023-05-02 13:09:19 info: [0mGET /branchs?[object%20Object] [36m304[0m 61.553 ms - -[0m
2023-05-02 13:09:24 info: [0mOPTIONS /projects/update/2 [32m204[0m 0.247 ms - 0[0m
2023-05-02 13:09:25 info: [0mPUT /projects/update/2 [32m200[0m 135.581 ms - 2[0m
2023-05-02 13:09:25 info: [0mGET /branchs/show/2 [36m304[0m 16.853 ms - -[0m
2023-05-02 13:09:25 info: [0mGET /projects/show/1 [36m304[0m 63.745 ms - -[0m
2023-05-02 13:09:25 info: [0mGET /projects/show/2 [32m200[0m 65.983 ms - 459[0m
2023-05-02 13:09:25 info: [0mGET /branchs?[object%20Object] [36m304[0m 6.172 ms - -[0m
2023-05-02 13:09:25 info: [0mGET /projects?[object%20Object] [32m200[0m 14.783 ms - 515[0m
2023-05-02 13:09:25 info: [0mGET /services?[object%20Object] [36m304[0m 14.611 ms - -[0m
2023-05-02 13:09:30 info: [0mGET /projects/getProjectsClient?branch_id=1&service_id=1 [32m200[0m 37.369 ms - 463[0m
2023-05-02 13:10:07 info: [0mGET /projects/getProjectsClient?service_id=1&branch_id=2 [32m200[0m 70.939 ms - 463[0m
2023-05-02 13:10:08 info: [0mGET /projects/getProjectsClient?service_id=2&branch_id=2 [32m200[0m 38.301 ms - 463[0m
2023-05-02 13:10:10 info: [0mGET /projects/getProjectsClient?service_id=2&branch_id=1 [32m200[0m 16.325 ms - 463[0m
2023-05-02 13:10:10 info: [0mGET /projects/getProjectsClient?service_id=3&branch_id=1 [32m200[0m 23.762 ms - 463[0m
2023-05-02 13:10:11 info: [0mGET /projects/getProjectsClient?service_id=2&branch_id=1 [36m304[0m 31.637 ms - -[0m
2023-05-02 13:10:12 info: [0mGET /projects/getProjectsClient?service_id=1&branch_id=1 [32m200[0m 26.509 ms - 463[0m
2023-05-02 13:10:13 info: [0mGET /projects/getProjectsClient?service_id=2&branch_id=1 [36m304[0m 17.779 ms - -[0m
2023-05-02 13:10:18 info: [0mGET /projects/getProjectsClient?service_id=3&branch_id=1 [36m304[0m 50.462 ms - -[0m
2023-05-02 13:10:20 info: [0mGET /projects/getProjectsClient?service_id=3&branch_id=2 [32m200[0m 10.370 ms - 463[0m
2023-05-02 13:10:35 info: [0mGET /projects/getProjectsClient?service_id=4&branch_id=2 [32m200[0m 34.448 ms - 40[0m
2023-05-02 13:10:37 info: [0mGET /projects/getProjectsClient?service_id=1&branch_id=2 [36m304[0m 10.224 ms - -[0m
2023-05-02 13:10:48 info: [0mGET /projects/getProjectsClient?service_id=2&branch_id=2 [36m304[0m 11.836 ms - -[0m
2023-05-02 13:10:50 info: [0mGET /projects/getProjectsClient?service_id=3&branch_id=2 [36m304[0m 36.395 ms - -[0m
2023-05-02 13:10:52 info: [0mGET /projects/getProjectsClient?service_id=4&branch_id=2 [36m304[0m 24.753 ms - -[0m
2023-05-02 13:10:53 info: [0mGET /projects/getProjectsClient?service_id=5&branch_id=2 [32m200[0m 8.242 ms - 40[0m
2023-05-02 13:11:44 info: [0mGET /projects/getProjectsClient?service_id=7&branch_id=2 [32m200[0m 71.104 ms - 40[0m
2023-05-02 13:11:45 info: [0mGET /projects/getProjectsClient?service_id=8&branch_id=2 [32m200[0m 26.407 ms - 40[0m
2023-05-02 13:11:45 info: [0mGET /projects/getProjectsClient?service_id=10&branch_id=2 [32m200[0m 11.326 ms - 40[0m
2023-05-02 13:11:46 info: [0mGET /projects/getProjectsClient?service_id=8&branch_id=2 [36m304[0m 11.362 ms - -[0m
2023-05-02 13:11:46 info: [0mGET /projects/getProjectsClient?service_id=7&branch_id=2 [36m304[0m 5.656 ms - -[0m
2023-05-02 13:11:47 info: [0mGET /projects/getProjectsClient?service_id=4&branch_id=2 [36m304[0m 6.594 ms - -[0m
2023-05-02 13:11:47 info: [0mGET /projects/getProjectsClient?service_id=3&branch_id=2 [36m304[0m 9.746 ms - -[0m
2023-05-02 13:11:48 info: [0mGET /projects/getProjectsClient?service_id=2&branch_id=2 [36m304[0m 23.108 ms - -[0m
2023-05-02 13:11:50 info: [0mGET /projects/getProjectsClient?service_id=2&branch_id=1 [36m304[0m 7.279 ms - -[0m
2023-05-02 13:11:51 info: [0mGET /projects/getProjectsClient?service_id=2&branch_id=2 [36m304[0m 12.543 ms - -[0m
2023-05-02 13:11:53 info: [0mGET /projects/getProjectsClient?service_id=2&branch_id=1 [36m304[0m 6.346 ms - -[0m
2023-05-02 13:11:58 info: [0mGET /projects/getProjectsClient?service_id=1&branch_id=1 [36m304[0m 6.065 ms - -[0m
2023-05-02 13:11:59 info: [0mGET /projects/getProjectsClient?service_id=2&branch_id=1 [36m304[0m 7.361 ms - -[0m
2023-05-02 13:12:00 info: [0mGET /projects/getProjectsClient?service_id=3&branch_id=1 [36m304[0m 15.657 ms - -[0m
2023-05-02 13:12:00 info: [0mGET /projects/getProjectsClient?service_id=4&branch_id=1 [32m200[0m 10.777 ms - 40[0m
2023-05-02 13:12:00 info: [0mGET /projects/getProjectsClient?service_id=5&branch_id=1 [32m200[0m 9.615 ms - 40[0m
2023-05-02 13:12:02 info: [0mGET /projects/getProjectsClient?service_id=2&branch_id=1 [36m304[0m 15.200 ms - -[0m
2023-05-02 13:12:02 info: [0mGET /projects/getProjectsClient?service_id=1&branch_id=1 [36m304[0m 12.576 ms - -[0m
2023-05-02 13:12:03 info: [0mGET /projects/getProjectsClient?service_id=2&branch_id=1 [36m304[0m 8.761 ms - -[0m
2023-05-02 13:12:04 info: [0mGET /projects/getProjectsClient?service_id=3&branch_id=1 [36m304[0m 9.064 ms - -[0m
2023-05-02 13:12:05 info: [0mGET /projects/getProjectsClient?service_id=5&branch_id=1 [36m304[0m 7.699 ms - -[0m
2023-05-02 13:12:05 info: [0mGET /projects/getProjectsClient?service_id=4&branch_id=1 [36m304[0m 8.961 ms - -[0m
2023-05-02 13:12:05 info: [0mGET /projects/getProjectsClient?service_id=5&branch_id=1 [36m304[0m 8.629 ms - -[0m
2023-05-02 13:12:06 info: [0mGET /projects/getProjectsClient?service_id=4&branch_id=1 [36m304[0m 7.182 ms - -[0m
2023-05-02 13:12:06 info: [0mGET /projects/getProjectsClient?service_id=3&branch_id=1 [36m304[0m 16.698 ms - -[0m
2023-05-02 13:12:06 info: [0mGET /projects/getProjectsClient?service_id=2&branch_id=1 [36m304[0m 9.463 ms - -[0m
2023-05-02 13:12:06 info: [0mGET /projects/getProjectsClient?service_id=2&branch_id=1 [36m304[0m 9.796 ms - -[0m
2023-05-02 13:12:07 info: [0mGET /projects/getProjectsClient?service_id=1&branch_id=1 [36m304[0m 10.001 ms - -[0m
2023-05-02 13:12:07 info: [0mGET /projects/getProjectsClient?service_id=2&branch_id=1 [36m304[0m 8.305 ms - -[0m
2023-05-02 13:12:07 info: [0mGET /projects/getProjectsClient?service_id=3&branch_id=1 [36m304[0m 8.300 ms - -[0m
2023-05-02 13:12:07 info: [0mGET /projects/getProjectsClient?service_id=3&branch_id=1 [36m304[0m 7.769 ms - -[0m
2023-05-02 13:12:08 info: [0mGET /projects/getProjectsClient?service_id=7&branch_id=1 [32m200[0m 7.689 ms - 40[0m
2023-05-02 13:12:08 info: [0mGET /projects/getProjectsClient?service_id=7&branch_id=1 [36m304[0m 8.747 ms - -[0m
2023-05-02 13:12:09 info: [0mGET /projects/getProjectsClient?service_id=7&branch_id=1 [36m304[0m 5.171 ms - -[0m
2023-05-02 13:12:09 info: [0mGET /projects/getProjectsClient?service_id=8&branch_id=1 [32m200[0m 9.473 ms - 40[0m
2023-05-02 13:12:09 info: [0mGET /projects/getProjectsClient?service_id=10&branch_id=1 [32m200[0m 9.640 ms - 40[0m
2023-05-02 13:12:09 info: [0mGET /projects/getProjectsClient?service_id=7&branch_id=1 [36m304[0m 11.863 ms - -[0m
2023-05-02 13:12:10 info: [0mGET /projects/getProjectsClient?service_id=7&branch_id=1 [36m304[0m 7.964 ms - -[0m
2023-05-02 13:12:10 info: [0mGET /projects/getProjectsClient?service_id=5&branch_id=1 [36m304[0m 17.306 ms - -[0m
2023-05-02 13:12:10 info: [0mGET /projects/getProjectsClient?service_id=3&branch_id=1 [36m304[0m 12.752 ms - -[0m
2023-05-02 13:12:11 info: [0mGET /projects/getProjectsClient?service_id=4&branch_id=1 [36m304[0m 6.187 ms - -[0m
2023-05-02 13:12:11 info: [0mGET /projects/getProjectsClient?service_id=3&branch_id=1 [36m304[0m 10.563 ms - -[0m
2023-05-02 13:12:12 info: [0mGET /projects/getProjectsClient?service_id=4&branch_id=1 [36m304[0m 6.677 ms - -[0m
2023-05-02 13:12:12 info: [0mGET /projects/getProjectsClient?service_id=3&branch_id=1 [36m304[0m 8.632 ms - -[0m
2023-05-02 13:12:13 info: [0mGET /projects/getProjectsClient?service_id=4&branch_id=1 [36m304[0m 11.019 ms - -[0m
2023-05-02 13:12:13 info: [0mGET /projects/getProjectsClient?service_id=3&branch_id=1 [36m304[0m 10.637 ms - -[0m
2023-05-02 13:12:17 info: [0mGET /projects/getProjectsClient?service_id=4&branch_id=1 [36m304[0m 9.566 ms - -[0m
2023-05-02 13:12:18 info: [0mGET /projects/getProjectsClient?service_id=3&branch_id=1 [36m304[0m 7.864 ms - -[0m
2023-05-02 13:12:25 info: [0mGET /projects/findByIdClient/1 [32m200[0m 79.284 ms - -[0m
2023-05-02 13:13:43 info: [0mGET /services/nav [36m304[0m 365.248 ms - -[0m
2023-05-02 13:13:43 info: [0mGET /projects/findByIdClient/1 [36m304[0m 343.631 ms - -[0m
2023-05-02 13:13:49 info: [0mGET /projects/findByIdClient/1 [36m304[0m 84.673 ms - -[0m
2023-05-02 13:18:29 info: =================================
2023-05-02 13:18:29 info: ======= ENV: development =======
2023-05-02 13:18:29 info: 🚀 App listening on the port 8000
2023-05-02 13:18:29 info: =================================
2023-05-02 13:19:37 info: =================================
2023-05-02 13:19:37 info: ======= ENV: development =======
2023-05-02 13:19:37 info: 🚀 App listening on the port 8000
2023-05-02 13:19:37 info: =================================
2023-05-02 13:19:56 info: =================================
2023-05-02 13:19:56 info: ======= ENV: development =======
2023-05-02 13:19:56 info: 🚀 App listening on the port 8000
2023-05-02 13:19:56 info: =================================
2023-05-02 13:22:21 info: =================================
2023-05-02 13:22:21 info: ======= ENV: development =======
2023-05-02 13:22:21 info: 🚀 App listening on the port 8000
2023-05-02 13:22:21 info: =================================
2023-05-02 13:22:35 info: =================================
2023-05-02 13:22:35 info: ======= ENV: development =======
2023-05-02 13:22:35 info: 🚀 App listening on the port 8000
2023-05-02 13:22:35 info: =================================
2023-05-02 13:23:39 info: [0mOPTIONS /admins/profile [32m204[0m 9.313 ms - 0[0m
2023-05-02 13:23:39 info: [0mGET /admins/profile [33m401[0m 116.202 ms - 39[0m
2023-05-02 13:23:39 info: [0mGET /projects? [32m200[0m 200.270 ms - 529[0m
2023-05-02 13:23:39 info: [0mGET /projects?page=1&page_size=10 [32m200[0m 182.454 ms - 529[0m
2023-05-02 13:23:39 info: [0mGET /projects/show/2 [32m200[0m 363.238 ms - 473[0m
2023-05-02 13:23:47 info: [0mOPTIONS /admins/profile [32m204[0m 1.575 ms - 0[0m
2023-05-02 13:23:47 info: [0mGET /admins/profile [33m401[0m 83.336 ms - 39[0m
2023-05-02 13:23:47 info: [0mGET /projects/show/1 [32m200[0m 113.162 ms - 473[0m
2023-05-02 13:23:48 info: [0mGET /projects?[object%20Object] [32m200[0m 101.201 ms - 529[0m
2023-05-02 13:23:48 info: [0mGET /branchs?[object%20Object] [32m200[0m 110.559 ms - 266[0m
2023-05-02 13:23:48 info: [0mGET /services?[object%20Object] [32m200[0m 115.256 ms - 446[0m
2023-05-02 13:26:59 info: [0mGET /projects/show/1 [32m200[0m 284.463 ms - 473[0m
2023-05-02 13:27:40 info: [0mOPTIONS /admins/profile [32m204[0m 0.954 ms - 0[0m
2023-05-02 13:27:40 info: [0mGET /admins/profile [33m401[0m 260.703 ms - 39[0m
2023-05-02 13:27:40 info: [0mGET /projects/show/1 [36m304[0m 83.608 ms - -[0m
2023-05-02 13:27:40 info: [0mGET /services?[object%20Object] [36m304[0m 201.491 ms - -[0m
2023-05-02 13:27:40 info: [0mGET /branchs?[object%20Object] [36m304[0m 221.886 ms - -[0m
2023-05-02 13:27:40 info: [0mGET /projects?[object%20Object] [36m304[0m 245.684 ms - -[0m
2023-05-02 13:27:41 info: [0mGET /services?[object%20Object] [36m304[0m 50.561 ms - -[0m
2023-05-02 13:27:41 info: [0mGET /branchs?[object%20Object] [36m304[0m 63.613 ms - -[0m
2023-05-02 13:27:41 info: [0mGET /projects?[object%20Object] [36m304[0m 76.879 ms - -[0m
2023-05-02 13:28:56 info: [0mGET /projects/show/1 [36m304[0m 106.266 ms - -[0m
2023-05-02 13:29:01 info: [0mOPTIONS /admins/profile [32m204[0m 0.690 ms - 0[0m
2023-05-02 13:29:01 info: [0mGET /admins/profile [33m401[0m 42.409 ms - 39[0m
2023-05-02 13:29:01 info: [0mGET /projects/show/1 [36m304[0m 51.557 ms - -[0m
2023-05-02 13:29:02 info: [0mGET /branchs?[object%20Object] [36m304[0m 149.825 ms - -[0m
2023-05-02 13:29:02 info: [0mGET /services?[object%20Object] [36m304[0m 150.260 ms - -[0m
2023-05-02 13:29:02 info: [0mGET /projects?[object%20Object] [36m304[0m 170.166 ms - -[0m
2023-05-02 13:40:26 info: [0mOPTIONS /admins/profile [32m204[0m 2.135 ms - 0[0m
2023-05-02 13:40:26 info: [0mGET /admins/profile [33m401[0m 304.253 ms - 39[0m
2023-05-02 13:40:26 info: [0mGET /branchs?[object%20Object] [36m304[0m 258.416 ms - -[0m
2023-05-02 13:40:26 info: [0mGET /services?[object%20Object] [36m304[0m 254.530 ms - -[0m
2023-05-02 13:40:26 info: [0mGET /projects?[object%20Object] [36m304[0m 293.308 ms - -[0m
2023-05-02 13:40:26 info: [0mGET /projects/show/1 [36m304[0m 32.831 ms - -[0m
2023-05-02 13:40:27 info: [0mGET /projects?[object%20Object] [36m304[0m 22.436 ms - -[0m
2023-05-02 13:40:27 info: [0mGET /branchs?[object%20Object] [36m304[0m 26.890 ms - -[0m
2023-05-02 13:40:27 info: [0mGET /services?[object%20Object] [36m304[0m 33.297 ms - -[0m
2023-05-02 13:42:21 info: [0mOPTIONS /admins/profile [32m204[0m 0.813 ms - 0[0m
2023-05-02 13:42:21 info: [0mGET /admins/profile [33m401[0m 129.976 ms - 39[0m
2023-05-02 13:42:21 info: [0mGET /branchs?[object%20Object] [36m304[0m 90.872 ms - -[0m
2023-05-02 13:42:21 info: [0mGET /services?[object%20Object] [36m304[0m 82.250 ms - -[0m
2023-05-02 13:42:21 info: [0mGET /projects?[object%20Object] [36m304[0m 115.810 ms - -[0m
2023-05-02 13:42:21 info: [0mGET /projects/show/1 [36m304[0m 29.289 ms - -[0m
2023-05-02 13:42:22 info: [0mGET /projects?[object%20Object] [36m304[0m 12.048 ms - -[0m
2023-05-02 13:42:22 info: [0mGET /branchs?[object%20Object] [36m304[0m 13.428 ms - -[0m
2023-05-02 13:42:22 info: [0mGET /services?[object%20Object] [36m304[0m 20.534 ms - -[0m
2023-05-02 13:47:59 info: [0mGET /services/nav [36m304[0m 549.221 ms - -[0m
2023-05-02 13:48:00 info: [0mGET /projects/findByIdClient/1 [32m200[0m 196.100 ms - 376[0m
2023-05-02 13:49:11 info: [0mGET /projects/show/1 [36m304[0m 625.044 ms - -[0m
2023-05-02 13:49:11 info: [0mGET /projects/show/1 [36m304[0m 35.837 ms - -[0m
2023-05-02 13:49:12 info: [0mGET /services?[object%20Object] [36m304[0m 136.517 ms - -[0m
2023-05-02 13:49:12 info: [0mGET /branchs?[object%20Object] [36m304[0m 159.174 ms - -[0m
2023-05-02 13:49:12 info: [0mGET /projects?[object%20Object] [36m304[0m 170.503 ms - -[0m
2023-05-02 13:49:13 info: [0mGET /projects/show/1 [36m304[0m 132.880 ms - -[0m
2023-05-02 13:49:13 info: [0mGET /projects/show/1 [36m304[0m 25.018 ms - -[0m
2023-05-02 13:49:14 info: [0mGET /projects?[object%20Object] [36m304[0m 59.351 ms - -[0m
2023-05-02 13:49:14 info: [0mGET /branchs?[object%20Object] [36m304[0m 28.060 ms - -[0m
2023-05-02 13:49:14 info: [0mGET /services?[object%20Object] [36m304[0m 11.747 ms - -[0m
2023-05-02 13:52:23 info: [0mOPTIONS /admins/profile [32m204[0m 0.779 ms - 0[0m
2023-05-02 13:52:23 info: [0mGET /admins/profile [33m401[0m 292.909 ms - 39[0m
2023-05-02 13:52:23 info: [0mGET /branchs?[object%20Object] [36m304[0m 279.040 ms - -[0m
2023-05-02 13:52:23 info: [0mGET /services?[object%20Object] [36m304[0m 277.309 ms - -[0m
2023-05-02 13:52:23 info: [0mGET /projects?[object%20Object] [36m304[0m 297.044 ms - -[0m
2023-05-02 13:52:23 info: [0mGET /projects/show/1 [36m304[0m 161.535 ms - -[0m
2023-05-02 13:52:24 info: [0mGET /branchs?[object%20Object] [36m304[0m 20.396 ms - -[0m
2023-05-02 13:52:24 info: [0mGET /projects?[object%20Object] [36m304[0m 31.512 ms - -[0m
2023-05-02 13:52:24 info: [0mGET /services?[object%20Object] [36m304[0m 13.415 ms - -[0m
2023-05-02 13:57:49 info: [0mOPTIONS /admins/profile [32m204[0m 1.062 ms - 0[0m
2023-05-02 13:57:49 info: [0mGET /admins/profile [33m401[0m 215.216 ms - 39[0m
2023-05-02 13:57:49 info: [0mGET /services?[object%20Object] [36m304[0m 146.582 ms - -[0m
2023-05-02 13:57:49 info: [0mGET /branchs?[object%20Object] [36m304[0m 156.090 ms - -[0m
2023-05-02 13:57:49 info: [0mGET /projects?[object%20Object] [36m304[0m 197.897 ms - -[0m
2023-05-02 13:57:50 info: [0mGET /projects/show/1 [36m304[0m 28.892 ms - -[0m
2023-05-02 13:57:50 info: [0mGET /branchs?[object%20Object] [36m304[0m 22.817 ms - -[0m
2023-05-02 13:57:50 info: [0mGET /projects?[object%20Object] [36m304[0m 39.477 ms - -[0m
2023-05-02 13:57:50 info: [0mGET /services?[object%20Object] [36m304[0m 66.124 ms - -[0m
2023-05-02 14:05:51 info: [0mOPTIONS /admins/profile [32m204[0m 22.225 ms - 0[0m
2023-05-02 14:05:51 info: [0mGET /admins/profile [33m401[0m 346.053 ms - 39[0m
2023-05-02 14:05:51 info: [0mGET /branchs?[object%20Object] [36m304[0m 379.371 ms - -[0m
2023-05-02 14:05:51 info: [0mGET /services?[object%20Object] [36m304[0m 389.920 ms - -[0m
2023-05-02 14:05:51 info: [0mGET /projects?[object%20Object] [36m304[0m 410.150 ms - -[0m
2023-05-02 14:05:52 info: [0mGET /projects/show/1 [36m304[0m 41.023 ms - -[0m
2023-05-02 14:05:52 info: [0mGET /projects?[object%20Object] [36m304[0m 13.845 ms - -[0m
2023-05-02 14:05:52 info: [0mGET /services?[object%20Object] [36m304[0m 11.107 ms - -[0m
2023-05-02 14:05:52 info: [0mGET /branchs?[object%20Object] [36m304[0m 19.167 ms - -[0m
2023-05-02 14:06:23 info: [0mOPTIONS /admins/profile [32m204[0m 1.923 ms - 0[0m
2023-05-02 14:06:24 info: [0mGET /admins/profile [33m401[0m 214.320 ms - 39[0m
2023-05-02 14:06:24 info: [0mGET /branchs?[object%20Object] [36m304[0m 183.478 ms - -[0m
2023-05-02 14:06:24 info: [0mGET /projects?[object%20Object] [36m304[0m 249.206 ms - -[0m
2023-05-02 14:06:24 info: [0mGET /services?[object%20Object] [36m304[0m 156.618 ms - -[0m
2023-05-02 14:06:24 info: [0mGET /projects/show/1 [36m304[0m 48.670 ms - -[0m
2023-05-02 14:06:25 info: [0mGET /branchs?[object%20Object] [36m304[0m 13.038 ms - -[0m
2023-05-02 14:06:25 info: [0mGET /services?[object%20Object] [36m304[0m 14.774 ms - -[0m
2023-05-02 14:06:25 info: [0mGET /projects?[object%20Object] [36m304[0m 28.453 ms - -[0m
2023-05-02 14:06:40 info: [0mOPTIONS /admins/profile [32m204[0m 2.107 ms - 0[0m
2023-05-02 14:06:41 info: [0mGET /admins/profile [33m401[0m 97.371 ms - 39[0m
2023-05-02 14:06:41 info: [0mGET /branchs?[object%20Object] [36m304[0m 59.642 ms - -[0m
2023-05-02 14:06:41 info: [0mGET /projects?[object%20Object] [36m304[0m 114.559 ms - -[0m
2023-05-02 14:06:41 info: [0mGET /services?[object%20Object] [36m304[0m 60.971 ms - -[0m
2023-05-02 14:06:41 info: [0mGET /projects/show/1 [36m304[0m 9.899 ms - -[0m
2023-05-02 14:06:42 info: [0mGET /projects?[object%20Object] [36m304[0m 17.313 ms - -[0m
2023-05-02 14:06:42 info: [0mGET /branchs?[object%20Object] [36m304[0m 23.359 ms - -[0m
2023-05-02 14:06:42 info: [0mGET /services?[object%20Object] [36m304[0m 28.096 ms - -[0m
2023-05-02 14:08:00 info: [0mOPTIONS /admins/profile [32m204[0m 54.894 ms - 0[0m
2023-05-02 14:08:00 info: [0mGET /admins/profile [33m401[0m 559.895 ms - 39[0m
2023-05-02 14:08:00 info: [0mGET /branchs?[object%20Object] [36m304[0m 556.192 ms - -[0m
2023-05-02 14:08:01 info: [0mGET /projects?[object%20Object] [36m304[0m 703.341 ms - -[0m
2023-05-02 14:08:01 info: [0mGET /services?[object%20Object] [36m304[0m 691.098 ms - -[0m
2023-05-02 14:08:01 info: [0mGET /projects/show/1 [36m304[0m 288.695 ms - -[0m
2023-05-02 14:08:02 info: [0mGET /branchs?[object%20Object] [36m304[0m 19.211 ms - -[0m
2023-05-02 14:08:02 info: [0mGET /projects?[object%20Object] [36m304[0m 45.509 ms - -[0m
2023-05-02 14:08:02 info: [0mGET /services?[object%20Object] [36m304[0m 32.377 ms - -[0m
2023-05-02 14:08:58 info: [0mOPTIONS /admins/profile [32m204[0m 3.744 ms - 0[0m
2023-05-02 14:08:58 info: [0mGET /admins/profile [33m401[0m 77.984 ms - 39[0m
2023-05-02 14:08:58 info: [0mGET /branchs?[object%20Object] [36m304[0m 88.447 ms - -[0m
2023-05-02 14:08:58 info: [0mGET /projects?[object%20Object] [36m304[0m 115.246 ms - -[0m
2023-05-02 14:08:58 info: [0mGET /services?[object%20Object] [36m304[0m 89.057 ms - -[0m
2023-05-02 14:08:59 info: [0mGET /projects/show/1 [36m304[0m 97.285 ms - -[0m
2023-05-02 14:09:00 info: [0mGET /branchs?[object%20Object] [36m304[0m 10.161 ms - -[0m
2023-05-02 14:09:00 info: [0mGET /projects?[object%20Object] [36m304[0m 22.076 ms - -[0m
2023-05-02 14:09:00 info: [0mGET /services?[object%20Object] [36m304[0m 19.579 ms - -[0m
2023-05-02 14:11:13 info: [0mOPTIONS /admins/profile [32m204[0m 1.350 ms - 0[0m
2023-05-02 14:11:13 info: [0mGET /services?[object%20Object] [36m304[0m 134.833 ms - -[0m
2023-05-02 14:11:13 info: [0mGET /admins/profile [33m401[0m 219.223 ms - 39[0m
2023-05-02 14:11:13 info: [0mGET /branchs?[object%20Object] [36m304[0m 146.666 ms - -[0m
2023-05-02 14:11:13 info: [0mGET /projects?[object%20Object] [36m304[0m 176.273 ms - -[0m
2023-05-02 14:11:13 info: [0mGET /projects/show/1 [36m304[0m 19.995 ms - -[0m
2023-05-02 14:11:14 info: [0mGET /branchs?[object%20Object] [36m304[0m 36.249 ms - -[0m
2023-05-02 14:11:14 info: [0mGET /projects?[object%20Object] [36m304[0m 61.450 ms - -[0m
2023-05-02 14:11:14 info: [0mGET /services?[object%20Object] [36m304[0m 52.595 ms - -[0m
2023-05-02 14:20:19 info: [0mGET /services/nav [36m304[0m 281.261 ms - -[0m
2023-05-02 14:20:19 info: [0mGET /projects/findByIdClient/1 [36m304[0m 44.604 ms - -[0m
2023-05-02 14:20:24 info: [0mGET /branchs/getListBranch [32m200[0m 51.506 ms - 205[0m
2023-05-02 14:20:24 info: [0mGET /services/getListService [36m304[0m 47.779 ms - -[0m
2023-05-02 14:20:24 info: [0mGET /projects/getProjectsClient [32m200[0m 47.733 ms - 477[0m
2023-05-02 14:21:37 info: [0mGET /projects/show/1 [36m304[0m 130.230 ms - -[0m
2023-05-02 14:21:37 info: [0mGET /projects/show/1 [36m304[0m 56.828 ms - -[0m
2023-05-02 14:21:39 info: [0mGET /projects?[object%20Object] [36m304[0m 428.899 ms - -[0m
2023-05-02 14:21:39 info: [0mGET /services?[object%20Object] [36m304[0m 345.552 ms - -[0m
2023-05-02 14:21:39 info: [0mGET /branchs?[object%20Object] [36m304[0m 366.387 ms - -[0m
2023-05-02 14:22:54 info: [0mOPTIONS /admins/profile [32m204[0m 0.483 ms - 0[0m
2023-05-02 14:22:54 info: [0mGET /admins/profile [33m401[0m 112.752 ms - 39[0m
2023-05-02 14:22:54 info: [0mGET /projects?page=1&page_size=10 [32m200[0m 158.309 ms - 529[0m
2023-05-02 14:22:54 info: [0mGET /projects/show/1 [36m304[0m 180.958 ms - -[0m
2023-05-02 14:22:54 info: [0mGET /projects?page=1&page_size=10 [32m200[0m 17.556 ms - 529[0m
2023-05-02 14:22:55 info: [0mOPTIONS /admins/logout [32m204[0m 0.325 ms - 0[0m
2023-05-02 14:22:56 info: [0mPOST /admins/logout [33m401[0m 26.922 ms - 39[0m
2023-05-02 14:22:57 info: [0mOPTIONS /admins/login [32m204[0m 0.380 ms - 0[0m
2023-05-02 14:22:57 info: [0mPOST /admins/login [32m200[0m 17.519 ms - 560[0m
2023-05-02 14:22:58 info: [0mGET /admins/profile [36m304[0m 75.260 ms - -[0m
2023-05-02 14:22:59 info: [0mOPTIONS /admins/profile [32m204[0m 0.638 ms - 0[0m
2023-05-02 14:23:00 info: [0mGET /services/nav [32m200[0m 118.981 ms - 621[0m
2023-05-02 14:23:00 info: [0mGET /admins/profile [36m304[0m 346.862 ms - -[0m
2023-05-02 14:23:00 info: [0mGET /projects? [32m200[0m 73.211 ms - 529[0m
2023-05-02 14:23:00 info: [0mGET /admins/profile [36m304[0m 51.499 ms - -[0m
2023-05-02 14:23:00 info: [0mGET /projects?page=1&page_size=10 [36m304[0m 65.919 ms - -[0m
2023-05-02 14:23:02 info: [0mGET /admins/profile [36m304[0m 38.809 ms - -[0m
2023-05-02 14:23:02 info: [0mGET /projects/show/1 [36m304[0m 49.848 ms - -[0m
2023-05-02 14:23:03 info: [0mGET /projects?[object%20Object] [36m304[0m 10.610 ms - -[0m
2023-05-02 14:23:03 info: [0mGET /branchs?[object%20Object] [36m304[0m 9.583 ms - -[0m
2023-05-02 14:23:03 info: [0mGET /services?[object%20Object] [36m304[0m 39.586 ms - -[0m
2023-05-02 14:23:32 info: [0mGET /projects/show/1 [36m304[0m 46.968 ms - -[0m
2023-05-02 14:23:32 info: [0mGET /projects/show/1 [36m304[0m 10.446 ms - -[0m
2023-05-02 14:23:33 info: [0mGET /projects?[object%20Object] [36m304[0m 91.765 ms - -[0m
2023-05-02 14:23:33 info: [0mGET /branchs?[object%20Object] [36m304[0m 101.452 ms - -[0m
2023-05-02 14:23:33 info: [0mGET /services?[object%20Object] [36m304[0m 99.038 ms - -[0m
2023-05-02 14:23:39 info: [0mGET /projects/show/1 [36m304[0m 44.439 ms - -[0m
2023-05-02 14:23:39 info: [0mGET /projects/show/1 [36m304[0m 9.988 ms - -[0m
2023-05-02 14:23:40 info: [0mGET /branchs?[object%20Object] [36m304[0m 69.271 ms - -[0m
2023-05-02 14:23:40 info: [0mGET /projects?[object%20Object] [36m304[0m 84.344 ms - -[0m
2023-05-02 14:23:40 info: [0mGET /services?[object%20Object] [36m304[0m 78.197 ms - -[0m
2023-05-02 14:23:43 info: [0mGET /projects/show/1 [36m304[0m 57.118 ms - -[0m
2023-05-02 14:23:43 info: [0mGET /projects/show/1 [36m304[0m 9.136 ms - -[0m
2023-05-02 14:23:43 info: [0mGET /projects?[object%20Object] [36m304[0m 107.705 ms - -[0m
2023-05-02 14:23:43 info: [0mGET /services?[object%20Object] [36m304[0m 92.680 ms - -[0m
2023-05-02 14:23:43 info: [0mGET /branchs?[object%20Object] [36m304[0m 98.303 ms - -[0m
2023-05-02 14:23:50 info: [0mGET /projects/show/1 [36m304[0m 88.796 ms - -[0m
2023-05-02 14:23:52 info: [0mOPTIONS /admins/profile [32m204[0m 0.741 ms - 0[0m
2023-05-02 14:23:52 info: [0mGET /projects/show/1 [36m304[0m 53.917 ms - -[0m
2023-05-02 14:23:52 info: [0mGET /admins/profile [36m304[0m 108.301 ms - -[0m
2023-05-02 14:23:52 info: [0mGET /projects/show/1 [36m304[0m 25.135 ms - -[0m
2023-05-02 14:24:00 info: [0mOPTIONS /admins/profile [32m204[0m 5.041 ms - 0[0m
2023-05-02 14:24:00 info: [0mGET /projects/show/1 [36m304[0m 37.902 ms - -[0m
2023-05-02 14:24:00 info: [0mGET /admins/profile [36m304[0m 63.125 ms - -[0m
2023-05-02 14:24:01 info: [0mGET /projects/show/1 [36m304[0m 55.458 ms - -[0m
2023-05-02 14:24:17 info: [0mOPTIONS /admins/profile [32m204[0m 0.649 ms - 0[0m
2023-05-02 14:24:17 info: [0mGET /projects/show/1 [36m304[0m 50.078 ms - -[0m
2023-05-02 14:24:17 info: [0mGET /admins/profile [36m304[0m 59.997 ms - -[0m
2023-05-02 14:24:19 info: [0mGET /projects/show/1 [36m304[0m 26.802 ms - -[0m
2023-05-02 14:24:55 info: [0mOPTIONS /admins/profile [32m204[0m 0.723 ms - 0[0m
2023-05-02 14:24:55 info: [0mGET /projects/show/1 [36m304[0m 77.334 ms - -[0m
2023-05-02 14:24:55 info: [0mGET /admins/profile [36m304[0m 104.912 ms - -[0m
2023-05-02 14:24:55 info: [0mGET /projects?[object%20Object] [36m304[0m 26.563 ms - -[0m
2023-05-02 14:24:55 info: [0mGET /branchs?[object%20Object] [36m304[0m 68.183 ms - -[0m
2023-05-02 14:24:55 info: [0mGET /services?[object%20Object] [36m304[0m 62.093 ms - -[0m
