2023-05-29 09:33:39 info: =================================
2023-05-29 09:33:39 info: ======= ENV: development =======
2023-05-29 09:33:39 info: 🚀 App listening on the port 8000
2023-05-29 09:33:39 info: =================================
2023-05-29 09:36:35 info: [0mGET /posts/getListFeatured [32m200[0m 1176.500 ms - 480[0m
2023-05-29 09:36:35 info: [0mGET /services/nav [32m200[0m 1330.311 ms - -[0m
2023-05-29 09:36:35 info: [0mGET /banners/getListBanner [32m200[0m 1263.585 ms - -[0m
2023-05-29 09:36:35 info: [0mGET /services/nav [36m304[0m 61.329 ms - -[0m
2023-05-29 09:36:36 info: [0mGET /ceos/getlistCeo [32m200[0m 101.433 ms - 353[0m
2023-05-29 09:41:06 info: [0mGET /jobs/getListFeatured [32m200[0m 200.692 ms - -[0m
2023-05-29 09:41:22 info: [0mGET /jobs/find/1 [32m200[0m 164.727 ms - -[0m
2023-05-29 09:41:30 info: [0mGET /banners/getListBanner [36m304[0m 199.837 ms - -[0m
2023-05-29 09:41:30 info: [0mGET /posts/getListFeatured [36m304[0m 258.081 ms - -[0m
2023-05-29 09:41:30 info: [0mGET /services/nav [36m304[0m 263.340 ms - -[0m
2023-05-29 09:42:52 info: [0mGET /jobs/getListFeatured [36m304[0m 211.190 ms - -[0m
2023-05-29 09:43:26 info: [0mGET /jobs/getListFeatured [36m304[0m 96.493 ms - -[0m
2023-05-29 09:43:43 info: [0mGET /jobs/getListFeatured [36m304[0m 19.872 ms - -[0m
2023-05-29 09:43:51 info: [0mGET /jobs/getListFeatured [36m304[0m 136.910 ms - -[0m
2023-05-29 09:44:00 info: [0mGET /jobs/getListFeatured [36m304[0m 50.356 ms - -[0m
2023-05-29 09:45:41 info: [0mGET /services/nav [36m304[0m 181.405 ms - -[0m
2023-05-29 09:47:58 info: [0mGET /banners/getListBanner [36m304[0m 194.534 ms - -[0m
2023-05-29 09:47:58 info: [0mGET /services/nav [36m304[0m 148.335 ms - -[0m
2023-05-29 09:47:58 info: [0mGET /posts/getListFeatured [36m304[0m 170.634 ms - -[0m
2023-05-29 09:53:09 info: [0mGET /branchs/getListBranch [32m200[0m 445.247 ms - 297[0m
2023-05-29 09:53:09 info: [0mGET /projects/getProjectsClient [32m200[0m 352.779 ms - 395[0m
2023-05-29 09:53:09 info: [0mGET /services/getListService [32m200[0m 384.319 ms - 904[0m
2023-05-29 09:53:12 info: [0mGET /projects/getProjectsClient?service_id=4 [32m200[0m 61.946 ms - 252[0m
2023-05-29 09:53:16 info: [0mGET /projects/getProjectsClient [36m304[0m 19.464 ms - -[0m
2023-05-29 09:53:19 info: [0mGET /projects/getProjectsClient?service_id=4 [36m304[0m 42.458 ms - -[0m
2023-05-29 09:53:22 info: [0mGET /projects/getProjectsClient?service_id=5 [32m200[0m 12.592 ms - 513[0m
2023-05-29 09:53:25 info: [0mGET /projects/getProjectsClient?service_id=5 [36m304[0m 17.528 ms - -[0m
2023-05-29 09:53:25 info: [0mGET /projects/getProjectsClient?service_id=6 [32m200[0m 14.493 ms - 260[0m
2023-05-29 09:53:27 info: [0mGET /projects/getProjectsClient [36m304[0m 32.964 ms - -[0m
2023-05-29 09:53:50 info: [0mGET /jobs/getListFeatured [36m304[0m 261.941 ms - -[0m
2023-05-29 09:54:27 info: [0mGET /jobs/getListFeatured [36m304[0m 68.652 ms - -[0m
2023-05-29 09:54:43 info: [0mGET /jobs/getListFeatured [36m304[0m 47.900 ms - -[0m
2023-05-29 09:55:02 info: [0mGET /jobs/getListFeatured [36m304[0m 16.227 ms - -[0m
2023-05-29 09:55:54 info: [0mGET /jobs/getListFeatured [36m304[0m 89.252 ms - -[0m
2023-05-29 09:55:54 info: [0mGET /services/nav [36m304[0m 336.480 ms - -[0m
2023-05-29 09:56:31 info: [0mGET /jobs/getListFeatured [36m304[0m 54.422 ms - -[0m
2023-05-29 09:56:41 info: [0mGET /jobs/getListFeatured [36m304[0m 12.800 ms - -[0m
2023-05-29 09:56:50 info: [0mGET /jobs/getListFeatured [36m304[0m 41.636 ms - -[0m
2023-05-29 09:57:48 info: [0mGET /ceos/getlistCeo [36m304[0m 341.699 ms - -[0m
2023-05-29 10:03:00 info: [0mGET /services/nav [36m304[0m 414.954 ms - -[0m
2023-05-29 10:03:04 info: [0mGET /services/nav [36m304[0m 194.911 ms - -[0m
2023-05-29 10:03:04 info: [0mGET /services/nav [36m304[0m 101.227 ms - -[0m
2023-05-29 10:03:05 info: [0mGET /banners/getListBanner [36m304[0m 374.205 ms - -[0m
2023-05-29 10:03:05 info: [0mGET /posts/getListFeatured [36m304[0m 397.528 ms - -[0m
2023-05-29 10:03:15 info: [0mGET /banners/getListBanner [36m304[0m 60.308 ms - -[0m
2023-05-29 10:03:15 info: [0mGET /posts/getListFeatured [36m304[0m 47.404 ms - -[0m
2023-05-29 10:03:15 info: [0mGET /services/nav [36m304[0m 48.078 ms - -[0m
2023-05-29 10:04:04 info: [0mGET /ceos/getlistCeo [36m304[0m 264.755 ms - -[0m
2023-05-29 10:06:22 info: [0mGET /services/nav [36m304[0m 375.621 ms - -[0m
2023-05-29 10:06:26 info: [0mGET /services/nav [36m304[0m 91.686 ms - -[0m
2023-05-29 10:06:27 info: [0mGET /services/nav [36m304[0m 111.376 ms - -[0m
2023-05-29 10:06:31 info: [0mGET /services/nav [36m304[0m 51.843 ms - -[0m
2023-05-29 10:06:34 info: [0mGET /services/nav [36m304[0m 23.701 ms - -[0m
2023-05-29 10:06:37 info: [0mGET /services/nav [36m304[0m 54.126 ms - -[0m
2023-05-29 10:07:23 info: [0mGET /services/nav [36m304[0m 270.305 ms - -[0m
2023-05-29 10:07:27 info: [0mGET /services/nav [36m304[0m 25.492 ms - -[0m
2023-05-29 10:07:36 info: [0mGET /services/nav [36m304[0m 44.846 ms - -[0m
2023-05-29 10:08:17 info: [0mGET /services/nav [36m304[0m 69.467 ms - -[0m
2023-05-29 10:08:29 info: [0mGET /services/nav [36m304[0m 60.938 ms - -[0m
2023-05-29 10:08:47 info: [0mGET /services/nav [36m304[0m 43.024 ms - -[0m
2023-05-29 10:09:08 info: [0mGET /services/nav [36m304[0m 52.412 ms - -[0m
2023-05-29 10:09:10 info: [0mGET /services/nav [36m304[0m 105.025 ms - -[0m
2023-05-29 10:09:12 info: [0mGET /services/nav [36m304[0m 57.369 ms - -[0m
2023-05-29 10:09:30 info: [0mGET /services/nav [36m304[0m 59.092 ms - -[0m
2023-05-29 10:11:00 info: [0mGET /services/nav [36m304[0m 497.837 ms - -[0m
2023-05-29 10:11:23 info: [0mGET /services/nav [36m304[0m 137.337 ms - -[0m
2023-05-29 10:11:38 info: [0mGET /services/nav [36m304[0m 18.214 ms - -[0m
2023-05-29 10:11:56 info: [0mGET /services/nav [36m304[0m 64.944 ms - -[0m
2023-05-29 10:12:03 info: [0mGET /services/nav [36m304[0m 19.128 ms - -[0m
2023-05-29 10:12:05 info: [0mGET /services/nav [36m304[0m 26.431 ms - -[0m
2023-05-29 10:12:14 info: [0mGET /services/nav [36m304[0m 51.778 ms - -[0m
2023-05-29 10:12:20 info: [0mGET /services/nav [36m304[0m 78.810 ms - -[0m
2023-05-29 10:12:56 info: [0mGET /banners/getListBanner [36m304[0m 153.743 ms - -[0m
2023-05-29 10:12:56 info: [0mGET /posts/getListFeatured [36m304[0m 221.367 ms - -[0m
2023-05-29 10:12:56 info: [0mGET /services/nav [36m304[0m 151.282 ms - -[0m
2023-05-29 10:17:28 info: [0mGET /branchs/getListBranch [36m304[0m 116.406 ms - -[0m
2023-05-29 10:17:28 info: [0mGET /projects/getProjectsClient [36m304[0m 88.276 ms - -[0m
2023-05-29 10:17:28 info: [0mGET /services/getListService [36m304[0m 104.791 ms - -[0m
2023-05-29 10:17:30 info: [0mGET /categories/getListCategories [32m200[0m 19.038 ms - 179[0m
2023-05-29 10:17:30 info: [0mGET /posts/getPageAll [32m200[0m 183.248 ms - -[0m
2023-05-29 10:22:18 info: [0mGET /banners/getListBanner [36m304[0m 150.020 ms - -[0m
2023-05-29 10:22:18 info: [0mGET /services/nav [36m304[0m 222.812 ms - -[0m
2023-05-29 10:22:18 info: [0mGET /posts/getListFeatured [36m304[0m 162.692 ms - -[0m
2023-05-29 10:22:18 info: [0mGET /services/nav [36m304[0m 103.188 ms - -[0m
2023-05-29 10:22:21 info: [0mGET /ceos/getlistCeo [36m304[0m 133.165 ms - -[0m
2023-05-29 10:23:08 info: [0mGET /ceos/getlistCeo [36m304[0m 34.796 ms - -[0m
2023-05-29 10:23:21 info: [0mGET /ceos/getlistCeo [36m304[0m 11.839 ms - -[0m
2023-05-29 10:24:19 info: [0mGET /banners/getListBanner [36m304[0m 123.868 ms - -[0m
2023-05-29 10:24:19 info: [0mGET /posts/getListFeatured [36m304[0m 161.461 ms - -[0m
2023-05-29 10:24:19 info: [0mGET /services/nav [36m304[0m 198.351 ms - -[0m
2023-05-29 10:27:26 info: [0mGET /services/nav [36m304[0m 45.827 ms - -[0m
2023-05-29 10:27:26 info: [0mGET /ceos/getlistCeo [36m304[0m 23.958 ms - -[0m
2023-05-29 10:30:42 info: [0mGET /ceos/getlistCeo [36m304[0m 72.584 ms - -[0m
2023-05-29 10:31:47 info: [0mGET /branchs/getListBranch [36m304[0m 216.414 ms - -[0m
2023-05-29 10:31:47 info: [0mGET /projects/getProjectsClient [36m304[0m 188.612 ms - -[0m
2023-05-29 10:31:47 info: [0mGET /services/getListService [36m304[0m 234.942 ms - -[0m
2023-05-29 10:31:47 info: [0mGET /jobs/getListFeatured [36m304[0m 34.437 ms - -[0m
2023-05-29 10:32:00 info: [0mGET /categories/getListCategories [36m304[0m 22.086 ms - -[0m
2023-05-29 10:32:00 info: [0mGET /posts/getPageAll [36m304[0m 135.705 ms - -[0m
2023-05-29 10:32:04 info: [0mGET /ceos/getlistCeo [36m304[0m 39.362 ms - -[0m
2023-05-29 10:32:09 info: [0mGET /ceos/show/2 [32m200[0m 51.953 ms - -[0m
2023-05-29 10:32:13 info: [0mGET /services/nav [36m304[0m 38.657 ms - -[0m
2023-05-29 10:32:13 info: [0mGET /banners/getListBanner [36m304[0m 67.971 ms - -[0m
2023-05-29 10:32:13 info: [0mGET /posts/getListFeatured [36m304[0m 62.293 ms - -[0m
2023-05-29 10:32:33 info: [0mGET /jobs/getListFeatured [36m304[0m 34.496 ms - -[0m
2023-05-29 10:41:35 info: [0mGET /services/nav [36m304[0m 298.805 ms - -[0m
2023-05-29 10:41:35 info: [0mGET /jobs/getListFeatured [36m304[0m 280.073 ms - -[0m
2023-05-29 10:42:14 info: [0mGET /categories/getListCategories [36m304[0m 15.554 ms - -[0m
2023-05-29 10:42:14 info: [0mGET /posts/getPageAll [36m304[0m 137.762 ms - -[0m
2023-05-29 10:42:15 info: [0mGET /branchs/getListBranch [36m304[0m 75.353 ms - -[0m
2023-05-29 10:42:15 info: [0mGET /projects/getProjectsClient [36m304[0m 79.195 ms - -[0m
2023-05-29 10:42:15 info: [0mGET /services/getListService [36m304[0m 91.761 ms - -[0m
2023-05-29 10:42:16 info: [0mGET /categories/getListCategories [36m304[0m 10.746 ms - -[0m
2023-05-29 10:42:16 info: [0mGET /posts/getPageAll [36m304[0m 35.690 ms - -[0m
2023-05-29 10:42:16 info: [0mGET /jobs/getListFeatured [36m304[0m 10.104 ms - -[0m
2023-05-29 10:42:18 info: [0mGET /ceos/getlistCeo [36m304[0m 40.797 ms - -[0m
2023-05-29 10:42:19 info: [0mGET /banners/getListBanner [36m304[0m 9.255 ms - -[0m
2023-05-29 10:42:19 info: [0mGET /posts/getListFeatured [36m304[0m 30.982 ms - -[0m
2023-05-29 10:42:19 info: [0mGET /services/nav [36m304[0m 42.958 ms - -[0m
2023-05-29 10:42:24 info: [0mGET /jobs/getListFeatured [36m304[0m 62.592 ms - -[0m
2023-05-29 10:42:24 info: [0mGET /categories/getListCategories [36m304[0m 4.742 ms - -[0m
2023-05-29 10:42:25 info: [0mGET /posts/getPageAll [36m304[0m 64.007 ms - -[0m
2023-05-29 10:42:26 info: [0mGET /jobs/getListFeatured [36m304[0m 7.192 ms - -[0m
2023-05-29 10:42:30 info: [0mGET /jobs/find/1 [36m304[0m 17.131 ms - -[0m
2023-05-29 10:44:18 info: [0mGET /jobs/find/1 [36m304[0m 115.260 ms - -[0m
2023-05-29 10:45:10 info: [0mGET /banners/getListBanner [36m304[0m 44.615 ms - -[0m
2023-05-29 10:45:10 info: [0mGET /services/nav [36m304[0m 20.703 ms - -[0m
2023-05-29 10:45:10 info: [0mGET /posts/getListFeatured [36m304[0m 34.978 ms - -[0m
2023-05-29 10:45:46 info: [0mGET /posts/getListFeatured [36m304[0m 40.857 ms - -[0m
2023-05-29 10:45:46 info: [0mGET /services/nav [36m304[0m 16.216 ms - -[0m
2023-05-29 10:46:25 info: [0mGET /services/nav [36m304[0m 40.681 ms - -[0m
2023-05-29 10:46:25 info: [0mGET /posts/getListFeatured [36m304[0m 35.628 ms - -[0m
2023-05-29 10:46:44 info: [0mGET /posts/getListFeatured [36m304[0m 14.563 ms - -[0m
2023-05-29 10:46:44 info: [0mGET /services/nav [36m304[0m 43.804 ms - -[0m
2023-05-29 10:54:08 info: [0mGET /posts/findByIdClient/1 [32m200[0m 338.792 ms - 890[0m
2023-05-29 10:54:49 info: [0mGET /posts/findByIdClient/1 [36m304[0m 245.273 ms - -[0m
2023-05-29 10:55:25 info: [0mGET /posts/findByIdClient/1 [36m304[0m 63.933 ms - -[0m
2023-05-29 10:55:31 info: [0mGET /posts/findByIdClient/1 [36m304[0m 142.465 ms - -[0m
2023-05-29 10:55:34 info: [0mGET /posts/findByIdClient/1 [36m304[0m 47.289 ms - -[0m
2023-05-29 10:56:36 info: [0mGET /banners/getListBanner [36m304[0m 111.175 ms - -[0m
2023-05-29 10:56:36 info: [0mGET /posts/getListFeatured [36m304[0m 97.653 ms - -[0m
2023-05-29 10:56:36 info: [0mGET /services/nav [36m304[0m 135.175 ms - -[0m
2023-05-29 11:00:26 info: [0mGET /services/nav [36m304[0m 355.233 ms - -[0m
2023-05-29 11:00:26 info: [0mGET /banners/getListBanner [36m304[0m 336.120 ms - -[0m
2023-05-29 11:00:26 info: [0mGET /posts/getListFeatured [36m304[0m 299.716 ms - -[0m
2023-05-29 11:00:26 info: [0mGET /services/nav [36m304[0m 79.477 ms - -[0m
2023-05-29 11:01:45 info: [0mGET /services/nav [36m304[0m 175.633 ms - -[0m
2023-05-29 11:01:47 info: [0mGET /banners/getListBanner [36m304[0m 49.817 ms - -[0m
2023-05-29 11:01:47 info: [0mGET /services/nav [36m304[0m 119.703 ms - -[0m
2023-05-29 11:01:47 info: [0mGET /posts/getListFeatured [36m304[0m 112.744 ms - -[0m
2023-05-29 11:01:47 info: [0mGET /services/nav [36m304[0m 13.779 ms - -[0m
2023-05-29 11:02:38 info: [0mGET /services/nav [36m304[0m 88.495 ms - -[0m
2023-05-29 11:15:01 info: [0mGET /posts/getListFeatured [36m304[0m 294.416 ms - -[0m
2023-05-29 11:15:01 info: [0mGET /services/nav [36m304[0m 229.061 ms - -[0m
2023-05-29 11:15:01 info: [0mGET /services/nav [36m304[0m 15.478 ms - -[0m
2023-05-29 11:15:03 info: [0mGET /posts/getListFeatured [36m304[0m 74.501 ms - -[0m
2023-05-29 11:15:03 info: [0mGET /services/nav [36m304[0m 87.575 ms - -[0m
2023-05-29 11:15:03 info: [0mGET /services/nav [36m304[0m 14.396 ms - -[0m
2023-05-29 11:16:37 info: [0mGET /ceos/getlistCeo [36m304[0m 901.071 ms - -[0m
2023-05-29 11:16:37 info: [0mGET /branchs/getListBranch [36m304[0m 67.819 ms - -[0m
2023-05-29 11:16:37 info: [0mGET /services/getListService [36m304[0m 45.091 ms - -[0m
2023-05-29 11:16:38 info: [0mGET /projects/getProjectsClient [36m304[0m 63.216 ms - -[0m
2023-05-29 11:19:36 info: [0mGET /jobs/getListFeatured [36m304[0m 142.949 ms - -[0m
2023-05-29 11:30:21 info: [0mGET /ceos/getlistCeo [36m304[0m 191.563 ms - -[0m
2023-05-29 11:30:52 info: [0mGET /ceos/getlistCeo [36m304[0m 15.663 ms - -[0m
2023-05-29 11:30:54 info: [0mGET /branchs/getListBranch [36m304[0m 70.144 ms - -[0m
2023-05-29 11:30:54 info: [0mGET /services/getListService [36m304[0m 64.828 ms - -[0m
2023-05-29 11:30:54 info: [0mGET /projects/getProjectsClient [36m304[0m 60.775 ms - -[0m
2023-05-29 11:31:04 info: [0mGET /projects/getProjectsClient [36m304[0m 12.526 ms - -[0m
2023-05-29 11:31:07 info: [0mGET /projects/getProjectsClient [36m304[0m 11.359 ms - -[0m
2023-05-29 11:31:09 info: [0mGET /projects/getProjectsClient [36m304[0m 34.170 ms - -[0m
2023-05-29 11:31:13 info: [0mGET /categories/getListCategories [36m304[0m 10.366 ms - -[0m
2023-05-29 11:31:13 info: [0mGET /posts/getPageAll [36m304[0m 121.240 ms - -[0m
2023-05-29 11:31:22 info: [0mGET /jobs/getListFeatured [36m304[0m 24.047 ms - -[0m
2023-05-29 11:31:27 info: [0mGET /banners/getListBanner [36m304[0m 80.966 ms - -[0m
2023-05-29 11:31:27 info: [0mGET /posts/getListFeatured [36m304[0m 112.029 ms - -[0m
2023-05-29 11:31:27 info: [0mGET /services/nav [36m304[0m 102.690 ms - -[0m
2023-05-29 11:31:47 info: [0mGET /ceos/getlistCeo [36m304[0m 48.213 ms - -[0m
2023-05-29 11:31:56 info: [0mGET /banners/getListBanner [36m304[0m 42.016 ms - -[0m
2023-05-29 11:31:56 info: [0mGET /posts/getListFeatured [36m304[0m 42.222 ms - -[0m
2023-05-29 11:31:56 info: [0mGET /services/nav [36m304[0m 39.468 ms - -[0m
2023-05-29 11:39:09 info: [0mGET /services/show/5 [32m200[0m 323.641 ms - -[0m
2023-05-29 11:39:14 info: [0mGET /services/show/8 [32m200[0m 21.068 ms - -[0m
2023-05-29 11:39:20 info: [0mGET /banners/getListBanner [36m304[0m 32.993 ms - -[0m
2023-05-29 11:39:20 info: [0mGET /services/nav [36m304[0m 70.017 ms - -[0m
2023-05-29 11:39:20 info: [0mGET /posts/getListFeatured [36m304[0m 83.090 ms - -[0m
2023-05-29 11:46:21 info: [0mGET /banners/getListBanner [36m304[0m 264.731 ms - -[0m
2023-05-29 11:46:21 info: [0mGET /posts/getListFeatured [36m304[0m 265.578 ms - -[0m
2023-05-29 11:46:21 info: [0mGET /services/nav [36m304[0m 446.522 ms - -[0m
2023-05-29 11:46:21 info: [0mGET /services/nav [36m304[0m 33.357 ms - -[0m
2023-05-29 11:51:19 info: [0mGET /banners/getListBanner [36m304[0m 279.304 ms - -[0m
2023-05-29 11:51:19 info: [0mGET /posts/getListFeatured [36m304[0m 279.864 ms - -[0m
2023-05-29 11:51:19 info: [0mGET /services/nav [36m304[0m 346.717 ms - -[0m
2023-05-29 11:51:19 info: [0mGET /services/nav [36m304[0m 23.995 ms - -[0m
2023-05-29 11:57:37 info: [0mGET /branchs/getListBranch [36m304[0m 423.165 ms - -[0m
2023-05-29 11:57:37 info: [0mGET /projects/getProjectsClient [36m304[0m 396.083 ms - -[0m
2023-05-29 11:57:37 info: [0mGET /services/getListService [36m304[0m 429.034 ms - -[0m
2023-05-29 11:57:40 info: [0mGET /categories/getListCategories [36m304[0m 7.461 ms - -[0m
2023-05-29 11:57:40 info: [0mGET /posts/getPageAll [36m304[0m 103.640 ms - -[0m
2023-05-29 11:57:41 info: [0mGET /jobs/getListFeatured [36m304[0m 67.810 ms - -[0m
2023-05-29 11:57:42 info: [0mGET /ceos/getlistCeo [36m304[0m 11.938 ms - -[0m
2023-05-29 11:57:45 info: [0mGET /services/show/4 [32m200[0m 186.401 ms - -[0m
2023-05-29 11:57:50 info: [0mGET /banners/getListBanner [36m304[0m 91.045 ms - -[0m
2023-05-29 11:57:50 info: [0mGET /services/nav [36m304[0m 112.650 ms - -[0m
2023-05-29 11:57:50 info: [0mGET /posts/getListFeatured [36m304[0m 122.012 ms - -[0m
2023-05-29 11:58:02 info: [0mOPTIONS /admins/login [32m204[0m 1.242 ms - 0[0m
2023-05-29 11:58:02 info: [0mPOST /admins/login [32m200[0m 95.502 ms - -[0m
2023-05-29 11:58:04 info: [0mOPTIONS /admins/profile [32m204[0m 1.469 ms - 0[0m
2023-05-29 11:58:04 info: [0mGET /admins/profile [32m200[0m 365.732 ms - 268[0m
2023-05-29 11:58:11 info: [0mOPTIONS /admins/profile [32m204[0m 1.633 ms - 0[0m
2023-05-29 11:58:11 info: [0mOPTIONS /folders/get-medias [32m204[0m 0.152 ms - 0[0m
2023-05-29 11:58:11 info: [0mPOST /folders/get-medias [32m200[0m 144.733 ms - -[0m
2023-05-29 11:58:11 info: [0mGET /admins/profile [36m304[0m 135.674 ms - -[0m
2023-05-29 11:58:11 info: [0mGET /folders [32m200[0m 818.106 ms - 291[0m
2023-05-29 11:58:14 info: [0mPOST /folders/get-medias [32m200[0m 20.894 ms - -[0m
2023-05-29 11:58:14 info: [0mGET /folders [36m304[0m 19.780 ms - -[0m
2023-05-29 11:58:18 info: [0mOPTIONS /admins/profile [32m204[0m 1.443 ms - 0[0m
2023-05-29 11:58:18 info: [0mOPTIONS /folders/get-medias [32m204[0m 0.157 ms - 0[0m
2023-05-29 11:58:18 info: [0mGET /admins/profile [36m304[0m 153.026 ms - -[0m
2023-05-29 11:58:18 info: [0mGET /folders [36m304[0m 151.460 ms - -[0m
2023-05-29 11:58:18 info: [0mPOST /folders/get-medias [32m200[0m 128.861 ms - -[0m
2023-05-29 11:58:34 info: [0mOPTIONS /folders/get-medias [32m204[0m 0.640 ms - 0[0m
2023-05-29 11:58:34 info: [0mGET /folders [36m304[0m 13.485 ms - -[0m
2023-05-29 11:58:34 info: [0mPOST /folders/get-medias [32m200[0m 46.008 ms - -[0m
2023-05-29 11:58:38 info: [0mGET /folders [36m304[0m 31.631 ms - -[0m
2023-05-29 11:58:38 info: [0mPOST /folders/get-medias [32m200[0m 63.180 ms - -[0m
2023-05-29 11:58:55 info: [0mOPTIONS /folders/get-medias [32m204[0m 0.733 ms - 0[0m
2023-05-29 11:58:55 info: [0mPOST /folders/get-medias [32m200[0m 11.694 ms - -[0m
2023-05-29 11:58:55 info: [0mGET /folders [36m304[0m 35.620 ms - -[0m
2023-05-29 11:59:02 info: [0mOPTIONS /folders/get-medias [32m204[0m 0.955 ms - 0[0m
2023-05-29 11:59:02 info: [0mGET /folders [36m304[0m 11.979 ms - -[0m
2023-05-29 11:59:02 info: [0mPOST /folders/get-medias [32m200[0m 54.680 ms - -[0m
2023-05-29 11:59:09 info: [0mOPTIONS /folders/get-medias [32m204[0m 0.635 ms - 0[0m
2023-05-29 11:59:09 info: [0mPOST /folders/get-medias [32m200[0m 18.087 ms - -[0m
2023-05-29 11:59:09 info: [0mGET /folders [36m304[0m 34.318 ms - -[0m
2023-05-29 11:59:13 info: [0mOPTIONS /admins/profile [32m204[0m 0.975 ms - 0[0m
2023-05-29 11:59:13 info: [0mGET /folders [36m304[0m 51.712 ms - -[0m
2023-05-29 11:59:13 info: [0mPOST /folders/get-medias [32m200[0m 37.462 ms - -[0m
2023-05-29 11:59:13 info: [0mGET /admins/profile [36m304[0m 77.584 ms - -[0m
2023-05-29 11:59:43 info: [0mOPTIONS /folders/get-medias [32m204[0m 0.657 ms - 0[0m
2023-05-29 11:59:43 info: [0mPOST /folders/get-medias [32m200[0m 43.367 ms - -[0m
2023-05-29 11:59:43 info: [0mGET /folders [36m304[0m 52.462 ms - -[0m
2023-05-29 11:59:48 info: [0mOPTIONS /folders/get-medias [32m204[0m 0.596 ms - 0[0m
2023-05-29 11:59:48 info: [0mPOST /folders/get-medias [32m200[0m 39.763 ms - -[0m
2023-05-29 11:59:48 info: [0mGET /folders [36m304[0m 13.863 ms - -[0m
2023-05-29 11:59:58 info: [0mOPTIONS /folders/get-medias [32m204[0m 0.671 ms - 0[0m
2023-05-29 11:59:58 info: [0mGET /folders [36m304[0m 12.920 ms - -[0m
2023-05-29 11:59:58 info: [0mPOST /folders/get-medias [32m200[0m 20.905 ms - -[0m
2023-05-29 12:00:01 info: [0mOPTIONS /admins/profile [32m204[0m 1.448 ms - 0[0m
2023-05-29 12:00:01 info: [0mPOST /folders/get-medias [32m200[0m 173.849 ms - -[0m
2023-05-29 12:00:01 info: [0mGET /folders [36m304[0m 233.176 ms - -[0m
2023-05-29 12:00:01 info: [0mGET /admins/profile [36m304[0m 255.504 ms - -[0m
2023-05-29 12:00:14 info: [0mOPTIONS /folders/get-medias [32m204[0m 0.493 ms - 0[0m
2023-05-29 12:00:14 info: [0mGET /folders [36m304[0m 39.176 ms - -[0m
2023-05-29 12:00:14 info: [0mPOST /folders/get-medias [32m200[0m 12.243 ms - -[0m
2023-05-29 12:00:32 info: [0mOPTIONS /folders/get-medias [32m204[0m 2.122 ms - 0[0m
2023-05-29 12:00:32 info: [0mPOST /folders/get-medias [32m200[0m 47.055 ms - -[0m
2023-05-29 12:00:32 info: [0mGET /folders [36m304[0m 48.012 ms - -[0m
2023-05-29 12:00:57 info: [0mOPTIONS /folders/get-medias [32m204[0m 0.550 ms - 0[0m
2023-05-29 12:00:57 info: [0mPOST /folders/get-medias [32m200[0m 18.762 ms - -[0m
2023-05-29 12:00:57 info: [0mGET /folders [36m304[0m 26.498 ms - -[0m
2023-05-29 12:01:00 info: [0mPOST /folders/get-medias [32m200[0m 50.823 ms - -[0m
2023-05-29 12:01:00 info: [0mGET /folders [36m304[0m 46.960 ms - -[0m
2023-05-29 12:01:03 info: [0mOPTIONS /folders/get-medias [32m204[0m 5.018 ms - 0[0m
2023-05-29 12:01:03 info: [0mGET /folders [36m304[0m 25.908 ms - -[0m
2023-05-29 12:01:03 info: [0mPOST /folders/get-medias [32m200[0m 32.525 ms - -[0m
2023-05-29 12:01:19 info: [0mOPTIONS /folders/get-medias [32m204[0m 0.533 ms - 0[0m
2023-05-29 12:01:20 info: [0mPOST /folders/get-medias [32m200[0m 18.907 ms - -[0m
2023-05-29 12:01:20 info: [0mGET /folders [36m304[0m 37.251 ms - -[0m
2023-05-29 12:01:26 info: [0mOPTIONS /folders/get-medias [32m204[0m 0.307 ms - 0[0m
2023-05-29 12:01:26 info: [0mGET /folders [36m304[0m 98.961 ms - -[0m
2023-05-29 12:01:26 info: [0mPOST /folders/get-medias [32m200[0m 26.075 ms - -[0m
2023-05-29 12:01:44 info: [0mOPTIONS /folders/get-medias [32m204[0m 0.999 ms - 0[0m
2023-05-29 12:01:45 info: [0mGET /folders [36m304[0m 15.661 ms - -[0m
2023-05-29 12:01:45 info: [0mPOST /folders/get-medias [32m200[0m 22.208 ms - -[0m
2023-05-29 12:02:08 info: [0mOPTIONS /folders/get-medias [32m204[0m 0.544 ms - 0[0m
2023-05-29 12:02:08 info: [0mPOST /folders/get-medias [32m200[0m 10.706 ms - -[0m
2023-05-29 12:02:08 info: [0mGET /folders [36m304[0m 12.397 ms - -[0m
2023-05-29 12:02:25 info: [0mOPTIONS /folders/get-medias [32m204[0m 1.016 ms - 0[0m
2023-05-29 12:02:25 info: [0mPOST /folders/get-medias [32m200[0m 18.583 ms - -[0m
2023-05-29 12:02:25 info: [0mGET /folders [36m304[0m 14.691 ms - -[0m
2023-05-29 12:02:38 info: [0mPOST /medias/create [32m200[0m 3671.172 ms - 31[0m
2023-05-29 12:02:38 info: [0mOPTIONS /folders/get-medias [32m204[0m 0.128 ms - 0[0m
2023-05-29 12:02:38 info: [0mPOST /folders/get-medias [32m200[0m 20.020 ms - -[0m
2023-05-29 12:03:20 info: [0mOPTIONS /medias/delete/3 [32m204[0m 1.731 ms - 0[0m
2023-05-29 12:03:20 info: [0mDELETE /medias/delete/3 [32m200[0m 35.755 ms - 30[0m
2023-05-29 12:03:20 info: [0mOPTIONS /folders/get-medias [32m204[0m 0.120 ms - 0[0m
2023-05-29 12:03:20 info: [0mPOST /folders/get-medias [32m200[0m 63.438 ms - -[0m
2023-05-29 12:03:21 info: [0mOPTIONS /medias/delete/4 [32m204[0m 0.108 ms - 0[0m
2023-05-29 12:03:21 info: [0mDELETE /medias/delete/4 [32m200[0m 2.291 ms - 30[0m
2023-05-29 12:03:21 info: [0mPOST /folders/get-medias [32m200[0m 2.750 ms - -[0m
2023-05-29 12:03:21 info: [0mOPTIONS /medias/delete/5 [32m204[0m 0.093 ms - 0[0m
2023-05-29 12:03:21 info: [0mDELETE /medias/delete/5 [32m200[0m 4.443 ms - 30[0m
2023-05-29 12:03:21 info: [0mPOST /folders/get-medias [32m200[0m 3.890 ms - 716[0m
2023-05-29 12:03:31 info: [0mOPTIONS /folders/get-medias [32m204[0m 0.711 ms - 0[0m
2023-05-29 12:03:31 info: [0mPOST /folders/get-medias [32m200[0m 6.502 ms - 31[0m
2023-05-29 12:03:32 info: [0mPOST /folders/get-medias [32m200[0m 2.369 ms - 31[0m
2023-05-29 12:03:32 info: [0mPOST /folders/get-medias [32m200[0m 4.230 ms - 31[0m
2023-05-29 12:03:33 info: [0mPOST /folders/get-medias [32m200[0m 7.292 ms - 716[0m
2023-05-29 12:03:34 info: [0mPOST /folders/get-medias [32m200[0m 1.945 ms - 31[0m
2023-05-29 12:03:35 info: [0mPOST /folders/get-medias [32m200[0m 1.824 ms - 31[0m
2023-05-29 12:03:35 info: [0mPOST /folders/get-medias [32m200[0m 2.187 ms - 31[0m
2023-05-29 12:03:36 info: [0mPOST /folders/get-medias [32m200[0m 2.265 ms - 716[0m
2023-05-29 12:03:36 info: [0mPOST /folders/get-medias [32m200[0m 1.517 ms - 31[0m
2023-05-29 12:03:36 info: [0mOPTIONS /folders/get-medias [32m204[0m 0.115 ms - 0[0m
2023-05-29 12:03:36 info: [0mPOST /folders/get-medias [32m200[0m 2.686 ms - 31[0m
2023-05-29 12:03:37 info: [0mPOST /folders/get-medias [32m200[0m 47.707 ms - 31[0m
2023-05-29 12:03:37 info: [0mPOST /folders/get-medias [32m200[0m 44.902 ms - 716[0m
2023-05-29 12:03:37 info: [0mPOST /folders/get-medias [32m200[0m 7.785 ms - 31[0m
2023-05-29 12:03:38 info: [0mPOST /folders/get-medias [32m200[0m 2.081 ms - 716[0m
2023-05-29 12:03:38 info: [0mPOST /folders/get-medias [32m200[0m 2.026 ms - 31[0m
2023-05-29 12:03:39 info: [0mPOST /folders/get-medias [32m200[0m 2.120 ms - 31[0m
2023-05-29 12:03:40 info: [0mPOST /folders/get-medias [32m200[0m 4.265 ms - 716[0m
2023-05-29 12:03:44 info: [0mOPTIONS /folders/get-medias [32m204[0m 0.484 ms - 0[0m
2023-05-29 12:03:44 info: [0mPOST /folders/get-medias [32m200[0m 29.273 ms - 31[0m
2023-05-29 12:03:46 info: [0mPOST /folders/get-medias [32m200[0m 2.622 ms - 31[0m
2023-05-29 12:03:46 info: [0mPOST /folders/get-medias [32m200[0m 1.771 ms - 31[0m
2023-05-29 12:03:46 info: [0mPOST /folders/get-medias [32m200[0m 2.880 ms - 716[0m
2023-05-29 12:06:36 info: [0mGET /services/nav [36m304[0m 309.586 ms - -[0m
2023-05-29 12:06:36 info: [0mGET /posts/getListFeatured [36m304[0m 267.402 ms - -[0m
2023-05-29 12:06:36 info: [0mGET /banners/getListBanner [32m200[0m 284.100 ms - -[0m
2023-05-29 12:06:36 info: [0mGET /services/nav [36m304[0m 35.355 ms - -[0m
2023-05-29 12:06:41 info: [0mGET /banners/getListBanner [36m304[0m 109.738 ms - -[0m
2023-05-29 12:06:41 info: [0mGET /services/nav [36m304[0m 173.277 ms - -[0m
2023-05-29 12:06:41 info: [0mGET /posts/getListFeatured [36m304[0m 237.533 ms - -[0m
2023-05-29 12:06:41 info: [0mGET /services/nav [36m304[0m 136.866 ms - -[0m
2023-05-29 12:10:21 info: [0mOPTIONS /admins/login [32m204[0m 3.035 ms - 0[0m
2023-05-29 12:10:21 info: [0mPOST /admins/login [32m200[0m 351.998 ms - -[0m
2023-05-29 12:10:22 info: [0mOPTIONS /admins/profile [32m204[0m 0.152 ms - 0[0m
2023-05-29 12:10:22 info: [0mGET /admins/profile [36m304[0m 155.758 ms - -[0m
2023-05-29 12:10:24 info: [0mOPTIONS /folders/get-medias [32m204[0m 1.189 ms - 0[0m
2023-05-29 12:10:24 info: [0mPOST /folders/get-medias [32m200[0m 78.154 ms - 716[0m
2023-05-29 12:10:24 info: [0mGET /folders [36m304[0m 139.666 ms - -[0m
2023-05-29 12:10:24 info: [0mGET /admins/profile [36m304[0m 160.124 ms - -[0m
2023-05-29 12:10:25 info: [0mPOST /folders/get-medias [32m200[0m 7.733 ms - 31[0m
2023-05-29 12:10:25 info: [0mPOST /folders/get-medias [32m200[0m 16.256 ms - 31[0m
2023-05-29 12:10:26 info: [0mPOST /folders/get-medias [32m200[0m 13.819 ms - 716[0m
2023-05-29 12:10:26 info: [0mPOST /folders/get-medias [32m200[0m 3.315 ms - 31[0m
2023-05-29 12:10:28 info: [0mPOST /folders/get-medias [32m200[0m 2.420 ms - 716[0m
2023-05-29 12:10:39 info: [0mPOST /medias/create [32m200[0m 8724.158 ms - 31[0m
2023-05-29 12:10:39 info: [0mOPTIONS /folders/get-medias [32m204[0m 0.164 ms - 0[0m
2023-05-29 12:10:39 info: [0mPOST /folders/get-medias [32m200[0m 3.104 ms - -[0m
2023-05-29 12:13:42 info: [0mOPTIONS /folders/get-medias [32m204[0m 0.707 ms - 0[0m
2023-05-29 12:13:42 info: [0mPOST /folders/get-medias [32m200[0m 63.249 ms - 31[0m
2023-05-29 12:13:42 info: [0mPOST /folders/get-medias [32m200[0m 2.822 ms - 31[0m
2023-05-29 12:13:42 info: [0mPOST /folders/get-medias [32m200[0m 13.936 ms - 31[0m
2023-05-29 12:13:43 info: [0mPOST /folders/get-medias [32m200[0m 3.237 ms - -[0m
2023-05-29 12:13:44 info: [0mOPTIONS /admins/profile [32m204[0m 0.123 ms - 0[0m
2023-05-29 12:13:44 info: [0mGET /admins/profile [36m304[0m 115.805 ms - -[0m
2023-05-29 12:13:47 info: [0mGET /admins/profile [36m304[0m 207.167 ms - -[0m
2023-05-29 12:13:47 info: [0mGET /banners? [32m200[0m 201.139 ms - -[0m
2023-05-29 12:13:47 info: [0mGET /banners?page=1&page_size=10 [32m200[0m 49.677 ms - -[0m
2023-05-29 12:13:49 info: [0mOPTIONS /admins/profile [32m204[0m 2.926 ms - 0[0m
2023-05-29 12:13:49 info: [0mGET /admins/profile [36m304[0m 90.138 ms - -[0m
2023-05-29 12:13:52 info: [0mGET /admins/profile [36m304[0m 19.480 ms - -[0m
2023-05-29 12:13:52 info: [0mGET /services/nav [36m304[0m 64.868 ms - -[0m
2023-05-29 12:13:54 info: [0mGET /categories? [32m200[0m 97.816 ms - 465[0m
2023-05-29 12:13:54 info: [0mGET /admins/profile [36m304[0m 149.445 ms - -[0m
2023-05-29 12:13:54 info: [0mGET /categories?page=1&page_size=10 [32m200[0m 16.479 ms - 465[0m
2023-05-29 12:13:57 info: [0mOPTIONS /admins/profile [32m204[0m 0.191 ms - 0[0m
2023-05-29 12:13:57 info: [0mGET /admins/profile [36m304[0m 80.479 ms - -[0m
2023-05-29 12:13:57 info: [0mGET /jobs? [32m200[0m 135.800 ms - 475[0m
2023-05-29 12:13:57 info: [0mGET /jobs?page=1&page_size=10 [32m200[0m 47.996 ms - 776[0m
2023-05-29 12:14:05 info: [0mOPTIONS /admins/profile [32m204[0m 0.543 ms - 0[0m
2023-05-29 12:14:05 info: [0mGET /contacts? [32m200[0m 100.874 ms - 414[0m
2023-05-29 12:14:05 info: [0mGET /admins/profile [36m304[0m 113.341 ms - -[0m
2023-05-29 12:14:05 info: [0mGET /contacts?page=1&page_size=10 [32m200[0m 49.362 ms - 414[0m
2023-05-29 12:14:10 info: [0mOPTIONS /admins/profile [32m204[0m 0.613 ms - 0[0m
2023-05-29 12:14:10 info: [0mGET /contacts? [36m304[0m 18.618 ms - -[0m
2023-05-29 12:14:10 info: [0mGET /admins/profile [36m304[0m 19.964 ms - -[0m
2023-05-29 12:14:10 info: [0mGET /contacts?page=1&page_size=10 [36m304[0m 13.807 ms - -[0m
2023-05-29 12:14:13 info: [0mGET /admins/profile [36m304[0m 14.664 ms - -[0m
2023-05-29 12:14:13 info: [0mGET /ceos? [32m200[0m 31.249 ms - 414[0m
2023-05-29 12:14:13 info: [0mGET /ceos?page=1&page_size=10 [32m200[0m 18.397 ms - 414[0m
2023-05-29 12:14:16 info: [0mOPTIONS /admins/profile [32m204[0m 2.721 ms - 0[0m
2023-05-29 12:14:16 info: [0mGET /admins/profile [36m304[0m 43.734 ms - -[0m
2023-05-29 12:14:20 info: [0mGET /admins/profile [36m304[0m 141.716 ms - -[0m
2023-05-29 12:14:20 info: [0mGET /ceos?page=1&page_size=10 [36m304[0m 135.763 ms - -[0m
2023-05-29 12:14:20 info: [0mGET /ceos?page=1&page_size=10 [36m304[0m 27.568 ms - -[0m
2023-05-29 12:14:50 info: [0mOPTIONS /admins/profile [32m204[0m 0.821 ms - 0[0m
2023-05-29 12:14:50 info: [0mGET /admins/profile [36m304[0m 64.788 ms - -[0m
2023-05-29 12:14:50 info: [0mGET /roles? [32m200[0m 276.821 ms - 313[0m
2023-05-29 12:14:50 info: [0mGET /roles?page=1&page_size=10 [32m200[0m 206.374 ms - 313[0m
2023-05-29 12:15:24 info: [0mOPTIONS /admins/profile [32m204[0m 0.806 ms - 0[0m
2023-05-29 12:15:24 info: [0mGET /banners? [36m304[0m 119.709 ms - -[0m
2023-05-29 12:15:24 info: [0mGET /admins/profile [36m304[0m 152.932 ms - -[0m
2023-05-29 12:15:24 info: [0mGET /banners?page=1&page_size=10 [36m304[0m 17.298 ms - -[0m
2023-05-29 12:15:35 info: [0mOPTIONS /admins/profile [32m204[0m 0.618 ms - 0[0m
2023-05-29 12:15:35 info: [0mGET /admins/profile [36m304[0m 31.734 ms - -[0m
2023-05-29 12:15:35 info: [0mGET /services/nav [36m304[0m 71.093 ms - -[0m
2023-05-29 12:16:27 info: [0mOPTIONS /admins/profile [32m204[0m 0.755 ms - 0[0m
2023-05-29 12:16:27 info: [0mGET /admins/profile [36m304[0m 52.816 ms - -[0m
2023-05-29 12:17:05 info: [0mGET /services/nav [36m304[0m 59.663 ms - -[0m
2023-05-29 12:17:20 info: [0mGET /banners/getListBanner [36m304[0m 90.496 ms - -[0m
2023-05-29 12:17:20 info: [0mGET /services/nav [36m304[0m 127.077 ms - -[0m
2023-05-29 12:17:20 info: [0mGET /posts/getListFeatured [36m304[0m 119.331 ms - -[0m
2023-05-29 12:17:36 info: [0mOPTIONS /admins/login [32m204[0m 0.531 ms - 0[0m
2023-05-29 12:17:37 info: [0mPOST /admins/login [32m200[0m 60.184 ms - -[0m
2023-05-29 12:17:37 info: [0mOPTIONS /admins/profile [32m204[0m 1.246 ms - 0[0m
2023-05-29 12:17:37 info: [0mGET /admins/profile [36m304[0m 66.412 ms - -[0m
2023-05-29 12:17:44 info: [0mOPTIONS /admins/profile [32m204[0m 0.355 ms - 0[0m
2023-05-29 12:17:44 info: [0mOPTIONS /folders/get-medias [32m204[0m 0.155 ms - 0[0m
2023-05-29 12:17:44 info: [0mGET /folders [36m304[0m 105.571 ms - -[0m
2023-05-29 12:17:44 info: [0mGET /admins/profile [36m304[0m 143.101 ms - -[0m
2023-05-29 12:17:44 info: [0mPOST /folders/get-medias [32m200[0m 71.345 ms - -[0m
2023-05-29 12:17:47 info: [0mGET /admins/profile [36m304[0m 35.625 ms - -[0m
2023-05-29 12:17:47 info: [0mGET /branchs? [32m200[0m 96.367 ms - 358[0m
2023-05-29 12:17:47 info: [0mGET /branchs?page=1&page_size=10 [32m200[0m 19.490 ms - 358[0m
2023-05-29 12:17:49 info: [0mGET /admins/profile [36m304[0m 25.869 ms - -[0m
2023-05-29 12:17:49 info: [0mGET /services/nav [36m304[0m 27.756 ms - -[0m
2023-05-29 12:18:31 info: [0mOPTIONS /admins/profile [32m204[0m 0.849 ms - 0[0m
2023-05-29 12:18:31 info: [0mGET /admins/profile [36m304[0m 125.078 ms - -[0m
2023-05-29 12:18:31 info: [0mGET /branchs?page=1&page_size=10 [36m304[0m 45.780 ms - -[0m
2023-05-29 12:18:31 info: [0mGET /branchs? [36m304[0m 132.223 ms - -[0m
2023-05-29 12:18:34 info: [0mGET /projects? [32m200[0m 18.043 ms - 665[0m
2023-05-29 12:18:34 info: [0mGET /admins/profile [36m304[0m 30.209 ms - -[0m
2023-05-29 12:18:34 info: [0mGET /projects?page=1&page_size=10 [32m200[0m 10.754 ms - 665[0m
2023-05-29 12:18:37 info: [0mOPTIONS /admins/profile [32m204[0m 0.825 ms - 0[0m
2023-05-29 12:18:37 info: [0mGET /admins/profile [36m304[0m 139.904 ms - -[0m
2023-05-29 12:18:37 info: [0mGET /posts? [32m200[0m 173.919 ms - 541[0m
2023-05-29 12:18:37 info: [0mGET /posts?page=1&page_size=10 [32m200[0m 94.534 ms - 541[0m
2023-05-29 12:18:39 info: [0mGET /categories?[object%20Object] [32m200[0m 39.796 ms - 465[0m
2023-05-29 12:18:39 info: [0mGET /ceos?[object%20Object] [32m200[0m 47.968 ms - 414[0m
2023-05-29 12:18:39 info: [0mGET /admins/profile [36m304[0m 109.327 ms - -[0m
2023-05-29 12:18:39 info: [0mGET /posts?[object%20Object] [32m200[0m 97.304 ms - 541[0m
2023-05-29 12:45:35 info: [0mOPTIONS /admins/profile [32m204[0m 14.131 ms - 0[0m
2023-05-29 12:45:35 info: [0mGET /banners?page=1&page_size=10 [36m304[0m 152.650 ms - -[0m
2023-05-29 12:45:35 info: [0mGET /banners? [36m304[0m 183.779 ms - -[0m
2023-05-29 12:45:35 info: [0mGET /admins/profile [36m304[0m 284.297 ms - -[0m
2023-05-29 12:45:37 info: [0mGET /admins/profile [36m304[0m 55.436 ms - -[0m
2023-05-29 12:45:43 info: [0mOPTIONS /admins/profile [32m204[0m 0.243 ms - 0[0m
2023-05-29 12:45:43 info: [0mGET /admins/profile [36m304[0m 17.083 ms - -[0m
2023-05-29 12:45:43 info: [0mGET /banners?page=1&page_size=10 [32m200[0m 18.904 ms - -[0m
2023-05-29 12:45:43 info: [0mGET /banners?page=1&page_size=10 [32m200[0m 17.891 ms - -[0m
2023-05-29 12:45:46 info: [0mGET /admins/profile [36m304[0m 18.322 ms - -[0m
2023-05-29 12:45:46 info: [0mGET /services/nav [36m304[0m 34.277 ms - -[0m
2023-05-29 12:45:47 info: [0mGET /services/show/4 [36m304[0m 22.018 ms - -[0m
2023-05-29 12:45:47 info: [0mGET /services/show/5 [36m304[0m 4.525 ms - -[0m
2023-05-29 12:45:48 info: [0mGET /services/show/6 [32m200[0m 6.784 ms - -[0m
2023-05-29 12:45:48 info: [0mGET /services/show/7 [32m200[0m 29.281 ms - -[0m
2023-05-29 12:45:48 info: [0mGET /services/show/8 [36m304[0m 3.571 ms - -[0m
2023-05-29 12:45:49 info: [0mGET /services/show/9 [32m200[0m 11.236 ms - -[0m
2023-05-29 12:45:53 info: [0mGET /services/show/15 [32m200[0m 5.628 ms - -[0m
2023-05-29 12:50:29 info: [0mGET /banners/getListBanner [36m304[0m 705.015 ms - -[0m
2023-05-29 12:50:29 info: [0mGET /services/nav [36m304[0m 740.729 ms - -[0m
2023-05-29 12:50:29 info: [0mGET /posts/getListFeatured [36m304[0m 707.559 ms - -[0m
2023-05-29 12:50:29 info: [0mGET /services/nav [36m304[0m 129.572 ms - -[0m
2023-05-29 12:50:59 info: [0mGET /services/nav [36m304[0m 19.389 ms - -[0m
2023-05-29 12:50:59 info: [0mGET /posts/getListFeatured [36m304[0m 97.924 ms - -[0m
2023-05-29 12:52:20 info: [0mGET /services/nav [36m304[0m 99.148 ms - -[0m
2023-05-29 12:52:20 info: [0mGET /posts/getListFeatured [36m304[0m 117.495 ms - -[0m
2023-05-29 12:52:48 info: [0mGET /posts/getListFeatured [36m304[0m 27.280 ms - -[0m
2023-05-29 12:52:48 info: [0mGET /services/nav [36m304[0m 31.390 ms - -[0m
2023-05-29 12:52:57 info: [0mGET /services/nav [36m304[0m 137.224 ms - -[0m
2023-05-29 12:52:57 info: [0mGET /posts/getListFeatured [36m304[0m 205.174 ms - -[0m
2023-05-29 12:53:30 info: [0mGET /posts/getListFeatured [36m304[0m 97.532 ms - -[0m
2023-05-29 12:53:30 info: [0mGET /services/nav [36m304[0m 161.293 ms - -[0m
2023-05-29 12:54:35 info: [0mGET /services/nav [36m304[0m 76.668 ms - -[0m
2023-05-29 12:54:35 info: [0mGET /posts/getListFeatured [36m304[0m 164.982 ms - -[0m
2023-05-29 12:55:38 info: [0mGET /services/nav [36m304[0m 162.439 ms - -[0m
2023-05-29 12:55:38 info: [0mGET /posts/getListFeatured [36m304[0m 227.540 ms - -[0m
2023-05-29 12:55:46 info: [0mGET /services/nav [36m304[0m 39.932 ms - -[0m
2023-05-29 12:55:46 info: [0mGET /posts/getListFeatured [36m304[0m 32.419 ms - -[0m
2023-05-29 12:55:46 info: [0mGET /services/nav [36m304[0m 51.212 ms - -[0m
2023-05-29 12:55:46 info: [0mGET /banners/getListBanner [36m304[0m 94.057 ms - -[0m
2023-05-29 12:56:34 info: [0mGET /services/nav [36m304[0m 66.090 ms - -[0m
2023-05-29 12:56:34 info: [0mGET /posts/getListFeatured [36m304[0m 88.656 ms - -[0m
2023-05-29 13:21:06 info: =================================
2023-05-29 13:21:06 info: ======= ENV: development =======
2023-05-29 13:21:06 info: 🚀 App listening on the port 8000
2023-05-29 13:21:06 info: =================================
2023-05-29 13:21:48 info: [0mGET /services/nav [36m304[0m 485.682 ms - -[0m
2023-05-29 13:21:48 info: [0mGET /banners/getListBanner [36m304[0m 465.331 ms - -[0m
2023-05-29 13:21:48 info: [0mGET /posts/getListFeatured [36m304[0m 471.839 ms - -[0m
2023-05-29 13:21:48 info: [0mGET /services/nav [36m304[0m 52.576 ms - -[0m
2023-05-29 13:41:11 info: [0mGET /banners/getListBanner [36m304[0m 437.462 ms - -[0m
2023-05-29 13:41:11 info: [0mGET /posts/getListFeatured [36m304[0m 359.636 ms - -[0m
2023-05-29 13:41:11 info: [0mGET /services/nav [36m304[0m 455.302 ms - -[0m
2023-05-29 13:41:11 info: [0mGET /services/nav [36m304[0m 26.068 ms - -[0m
2023-05-29 13:42:06 info: [0mGET /banners/getListBanner [36m304[0m 35.531 ms - -[0m
2023-05-29 13:42:06 info: [0mGET /posts/getListFeatured [36m304[0m 40.137 ms - -[0m
2023-05-29 13:42:07 info: [0mGET /services/nav [36m304[0m 56.472 ms - -[0m
2023-05-29 13:42:24 info: [0mGET /posts/getListFeatured [36m304[0m 40.184 ms - -[0m
2023-05-29 13:42:24 info: [0mGET /services/nav [36m304[0m 41.555 ms - -[0m
2023-05-29 13:42:35 info: [0mGET /services/nav [36m304[0m 48.194 ms - -[0m
2023-05-29 13:42:35 info: [0mGET /posts/getListFeatured [36m304[0m 26.625 ms - -[0m
2023-05-29 13:42:58 info: [0mGET /services/nav [36m304[0m 22.852 ms - -[0m
2023-05-29 13:42:58 info: [0mGET /posts/getListFeatured [36m304[0m 35.340 ms - -[0m
2023-05-29 13:43:06 info: [0mGET /posts/getListFeatured [36m304[0m 27.850 ms - -[0m
2023-05-29 13:43:06 info: [0mGET /services/nav [36m304[0m 31.176 ms - -[0m
2023-05-29 13:43:18 info: [0mGET /posts/getListFeatured [36m304[0m 23.382 ms - -[0m
2023-05-29 13:43:18 info: [0mGET /services/nav [36m304[0m 27.207 ms - -[0m
2023-05-29 13:43:32 info: [0mGET /services/nav [36m304[0m 90.711 ms - -[0m
2023-05-29 13:43:32 info: [0mGET /posts/getListFeatured [36m304[0m 110.071 ms - -[0m
2023-05-29 13:43:37 info: [0mGET /services/nav [36m304[0m 43.630 ms - -[0m
2023-05-29 13:43:37 info: [0mGET /posts/getListFeatured [36m304[0m 63.378 ms - -[0m
2023-05-29 13:43:44 info: [0mGET /services/nav [36m304[0m 47.525 ms - -[0m
2023-05-29 13:43:44 info: [0mGET /posts/getListFeatured [36m304[0m 62.827 ms - -[0m
2023-05-29 13:43:53 info: [0mGET /services/nav [36m304[0m 186.005 ms - -[0m
2023-05-29 13:43:53 info: [0mGET /banners/getListBanner [36m304[0m 151.109 ms - -[0m
2023-05-29 13:43:53 info: [0mGET /posts/getListFeatured [36m304[0m 298.743 ms - -[0m
2023-05-29 13:43:53 info: [0mGET /services/nav [36m304[0m 181.256 ms - -[0m
2023-05-29 13:44:19 info: [0mGET /posts/getListFeatured [36m304[0m 30.107 ms - -[0m
2023-05-29 13:44:19 info: [0mGET /services/nav [36m304[0m 31.520 ms - -[0m
2023-05-29 13:44:43 info: [0mGET /services/nav [36m304[0m 41.416 ms - -[0m
2023-05-29 13:44:43 info: [0mGET /posts/getListFeatured [36m304[0m 32.107 ms - -[0m
2023-05-29 13:45:25 info: [0mGET /services/nav [36m304[0m 80.119 ms - -[0m
2023-05-29 13:45:25 info: [0mGET /posts/getListFeatured [36m304[0m 104.861 ms - -[0m
2023-05-29 13:45:28 info: [0mGET /posts/getListFeatured [36m304[0m 40.860 ms - -[0m
2023-05-29 13:45:28 info: [0mGET /services/nav [36m304[0m 48.134 ms - -[0m
2023-05-29 13:45:31 info: [0mGET /posts/getListFeatured [36m304[0m 42.754 ms - -[0m
2023-05-29 13:45:31 info: [0mGET /services/nav [36m304[0m 21.694 ms - -[0m
2023-05-29 13:45:34 info: [0mGET /posts/getListFeatured [36m304[0m 98.594 ms - -[0m
2023-05-29 13:45:34 info: [0mGET /services/nav [36m304[0m 98.686 ms - -[0m
2023-05-29 13:46:00 info: [0mGET /posts/getListFeatured [36m304[0m 35.199 ms - -[0m
2023-05-29 13:46:00 info: [0mGET /services/nav [36m304[0m 19.309 ms - -[0m
2023-05-29 13:46:07 info: [0mGET /services/nav [36m304[0m 67.097 ms - -[0m
2023-05-29 13:46:07 info: [0mGET /banners/getListBanner [36m304[0m 48.628 ms - -[0m
2023-05-29 13:46:07 info: [0mGET /posts/getListFeatured [36m304[0m 20.795 ms - -[0m
2023-05-29 13:46:07 info: [0mGET /services/nav [36m304[0m 91.817 ms - -[0m
2023-05-29 13:47:08 info: [0mGET /posts/getListFeatured [36m304[0m 22.321 ms - -[0m
2023-05-29 13:47:08 info: [0mGET /services/nav [36m304[0m 31.504 ms - -[0m
2023-05-29 13:47:21 info: [0mGET /posts/getListFeatured [36m304[0m 20.058 ms - -[0m
2023-05-29 13:47:21 info: [0mGET /services/nav [36m304[0m 25.427 ms - -[0m
2023-05-29 13:47:36 info: [0mGET /posts/getListFeatured [36m304[0m 146.737 ms - -[0m
2023-05-29 13:47:37 info: [0mGET /services/nav [36m304[0m 165.185 ms - -[0m
2023-05-29 13:47:46 info: [0mGET /posts/getListFeatured [36m304[0m 24.377 ms - -[0m
2023-05-29 13:47:46 info: [0mGET /services/nav [36m304[0m 45.203 ms - -[0m
2023-05-29 13:49:28 info: [0mGET /services/nav [36m304[0m 52.242 ms - -[0m
2023-05-29 13:49:28 info: [0mGET /posts/getListFeatured [36m304[0m 73.357 ms - -[0m
2023-05-29 13:49:41 info: [0mGET /services/nav [36m304[0m 26.346 ms - -[0m
2023-05-29 13:49:41 info: [0mGET /posts/getListFeatured [36m304[0m 21.462 ms - -[0m
2023-05-29 13:49:49 info: [0mGET /posts/getListFeatured [36m304[0m 45.134 ms - -[0m
2023-05-29 13:49:49 info: [0mGET /services/nav [36m304[0m 21.916 ms - -[0m
2023-05-29 13:49:59 info: [0mGET /posts/getListFeatured [36m304[0m 58.852 ms - -[0m
2023-05-29 13:49:59 info: [0mGET /services/nav [36m304[0m 38.464 ms - -[0m
2023-05-29 13:50:03 info: [0mGET /services/nav [36m304[0m 63.692 ms - -[0m
2023-05-29 13:50:03 info: [0mGET /posts/getListFeatured [36m304[0m 82.090 ms - -[0m
2023-05-29 13:50:10 info: [0mGET /posts/getListFeatured [36m304[0m 72.614 ms - -[0m
2023-05-29 13:50:10 info: [0mGET /services/nav [36m304[0m 66.099 ms - -[0m
2023-05-29 13:50:37 info: [0mGET /posts/getListFeatured [36m304[0m 30.009 ms - -[0m
2023-05-29 13:50:37 info: [0mGET /services/nav [36m304[0m 42.792 ms - -[0m
2023-05-29 13:50:41 info: [0mGET /posts/getListFeatured [36m304[0m 17.816 ms - -[0m
2023-05-29 13:50:41 info: [0mGET /services/nav [36m304[0m 48.505 ms - -[0m
2023-05-29 13:50:46 info: [0mGET /posts/getListFeatured [36m304[0m 404.173 ms - -[0m
2023-05-29 13:50:47 info: [0mGET /services/nav [36m304[0m 450.293 ms - -[0m
2023-05-29 13:50:52 info: [0mGET /services/nav [36m304[0m 62.600 ms - -[0m
2023-05-29 13:50:52 info: [0mGET /posts/getListFeatured [36m304[0m 119.263 ms - -[0m
2023-05-29 13:50:59 info: [0mGET /posts/getListFeatured [36m304[0m 40.944 ms - -[0m
2023-05-29 13:50:59 info: [0mGET /services/nav [36m304[0m 37.762 ms - -[0m
2023-05-29 13:51:08 info: [0mGET /services/nav [36m304[0m 95.827 ms - -[0m
2023-05-29 13:51:08 info: [0mGET /banners/getListBanner [36m304[0m 90.266 ms - -[0m
2023-05-29 13:51:08 info: [0mGET /services/nav [36m304[0m 76.741 ms - -[0m
2023-05-29 13:51:08 info: [0mGET /posts/getListFeatured [36m304[0m 175.669 ms - -[0m
2023-05-29 13:51:40 info: [0mGET /services/nav [36m304[0m 39.191 ms - -[0m
2023-05-29 13:51:40 info: [0mGET /posts/getListFeatured [36m304[0m 55.814 ms - -[0m
2023-05-29 13:51:44 info: [0mGET /services/nav [36m304[0m 81.114 ms - -[0m
2023-05-29 13:51:44 info: [0mGET /posts/getListFeatured [36m304[0m 111.098 ms - -[0m
2023-05-29 13:51:48 info: [0mGET /posts/getListFeatured [36m304[0m 51.880 ms - -[0m
2023-05-29 13:51:48 info: [0mGET /services/nav [36m304[0m 252.597 ms - -[0m
2023-05-29 13:51:52 info: [0mGET /posts/getListFeatured [36m304[0m 53.610 ms - -[0m
2023-05-29 13:51:52 info: [0mGET /services/nav [36m304[0m 85.409 ms - -[0m
2023-05-29 13:51:54 info: [0mGET /posts/getListFeatured [36m304[0m 28.405 ms - -[0m
2023-05-29 13:51:54 info: [0mGET /services/nav [36m304[0m 33.127 ms - -[0m
2023-05-29 13:51:59 info: [0mGET /services/nav [36m304[0m 37.398 ms - -[0m
2023-05-29 13:51:59 info: [0mGET /posts/getListFeatured [36m304[0m 52.986 ms - -[0m
2023-05-29 13:52:02 info: [0mGET /services/nav [36m304[0m 44.826 ms - -[0m
2023-05-29 13:52:02 info: [0mGET /banners/getListBanner [36m304[0m 36.713 ms - -[0m
2023-05-29 13:52:02 info: [0mGET /posts/getListFeatured [36m304[0m 31.258 ms - -[0m
2023-05-29 13:52:02 info: [0mGET /services/nav [36m304[0m 41.365 ms - -[0m
2023-05-29 13:52:22 info: [0mGET /posts/getListFeatured [36m304[0m 48.281 ms - -[0m
2023-05-29 13:52:22 info: [0mGET /services/nav [36m304[0m 41.398 ms - -[0m
2023-05-29 13:52:30 info: [0mGET /banners/getListBanner [36m304[0m 20.198 ms - -[0m
2023-05-29 13:52:30 info: [0mGET /posts/getListFeatured [36m304[0m 16.809 ms - -[0m
2023-05-29 13:52:31 info: [0mGET /services/nav [36m304[0m 183.370 ms - -[0m
2023-05-29 13:52:31 info: [0mGET /services/nav [36m304[0m 68.091 ms - -[0m
2023-05-29 13:53:04 info: [0mGET /posts/getListFeatured [36m304[0m 124.393 ms - -[0m
2023-05-29 13:53:04 info: [0mGET /services/nav [36m304[0m 150.621 ms - -[0m
2023-05-29 13:53:16 info: [0mGET /posts/getListFeatured [36m304[0m 80.757 ms - -[0m
2023-05-29 13:53:16 info: [0mGET /services/nav [36m304[0m 27.766 ms - -[0m
2023-05-29 13:53:19 info: [0mGET /posts/getListFeatured [36m304[0m 44.142 ms - -[0m
2023-05-29 13:53:19 info: [0mGET /services/nav [36m304[0m 66.891 ms - -[0m
2023-05-29 13:53:24 info: [0mGET /posts/getListFeatured [36m304[0m 52.902 ms - -[0m
2023-05-29 13:53:24 info: [0mGET /services/nav [36m304[0m 39.313 ms - -[0m
2023-05-29 13:53:30 info: [0mGET /banners/getListBanner [36m304[0m 56.531 ms - -[0m
2023-05-29 13:53:30 info: [0mGET /services/nav [36m304[0m 86.338 ms - -[0m
2023-05-29 13:53:30 info: [0mGET /posts/getListFeatured [36m304[0m 72.416 ms - -[0m
2023-05-29 13:53:30 info: [0mGET /services/nav [36m304[0m 31.090 ms - -[0m
2023-05-29 13:53:38 info: [0mGET /services/nav [36m304[0m 69.374 ms - -[0m
2023-05-29 13:53:38 info: [0mGET /posts/getListFeatured [36m304[0m 99.245 ms - -[0m
2023-05-29 13:54:05 info: [0mGET /posts/getListFeatured [36m304[0m 43.204 ms - -[0m
2023-05-29 13:54:05 info: [0mGET /services/nav [36m304[0m 15.902 ms - -[0m
2023-05-29 13:54:10 info: [0mGET /banners/getListBanner [36m304[0m 54.097 ms - -[0m
2023-05-29 13:54:10 info: [0mGET /services/nav [36m304[0m 84.237 ms - -[0m
2023-05-29 13:54:10 info: [0mGET /posts/getListFeatured [36m304[0m 68.762 ms - -[0m
2023-05-29 13:54:10 info: [0mGET /services/nav [36m304[0m 107.741 ms - -[0m
2023-05-29 13:54:26 info: [0mGET /services/getListService [36m304[0m 100.668 ms - -[0m
2023-05-29 13:54:26 info: [0mGET /branchs/getListBranch [36m304[0m 117.498 ms - -[0m
2023-05-29 13:54:26 info: [0mGET /projects/getProjectsClient [36m304[0m 152.466 ms - -[0m
2023-05-29 13:54:31 info: [0mGET /categories/getListCategories [36m304[0m 13.638 ms - -[0m
2023-05-29 13:54:31 info: [0mGET /posts/getPageAll [36m304[0m 157.104 ms - -[0m
2023-05-29 13:54:40 info: [0mGET /jobs/getListFeatured [36m304[0m 80.218 ms - -[0m
2023-05-29 13:54:49 info: [0mGET /banners/getListBanner [36m304[0m 79.387 ms - -[0m
2023-05-29 13:54:49 info: [0mGET /services/nav [36m304[0m 50.983 ms - -[0m
2023-05-29 13:54:49 info: [0mGET /posts/getListFeatured [36m304[0m 62.154 ms - -[0m
2023-05-29 14:01:23 info: [0mGET /posts/getListFeatured [36m304[0m 715.166 ms - -[0m
2023-05-29 14:01:23 info: [0mGET /services/nav [36m304[0m 586.852 ms - -[0m
2023-05-29 14:01:28 info: [0mGET /services/nav [36m304[0m 93.851 ms - -[0m
2023-05-29 14:01:28 info: [0mGET /banners/getListBanner [36m304[0m 83.027 ms - -[0m
2023-05-29 14:01:28 info: [0mGET /posts/getListFeatured [36m304[0m 139.420 ms - -[0m
2023-05-29 14:01:29 info: [0mGET /services/nav [36m304[0m 102.979 ms - -[0m
2023-05-29 14:01:39 info: [0mGET /posts/getListFeatured [36m304[0m 43.927 ms - -[0m
2023-05-29 14:01:39 info: [0mGET /services/nav [36m304[0m 66.753 ms - -[0m
2023-05-29 14:01:41 info: [0mGET /posts/getListFeatured [36m304[0m 46.359 ms - -[0m
2023-05-29 14:01:41 info: [0mGET /services/nav [36m304[0m 46.448 ms - -[0m
2023-05-29 14:02:58 info: [0mGET /banners/getListBanner [36m304[0m 82.877 ms - -[0m
2023-05-29 14:02:58 info: [0mGET /posts/getListFeatured [36m304[0m 42.021 ms - -[0m
2023-05-29 14:02:58 info: [0mGET /services/nav [36m304[0m 83.063 ms - -[0m
2023-05-29 14:02:58 info: [0mGET /services/nav [36m304[0m 14.481 ms - -[0m
2023-05-29 14:03:19 info: [0mGET /banners/getListBanner [36m304[0m 35.271 ms - -[0m
2023-05-29 14:03:19 info: [0mGET /services/nav [36m304[0m 67.016 ms - -[0m
2023-05-29 14:03:19 info: [0mGET /posts/getListFeatured [36m304[0m 52.004 ms - -[0m
2023-05-29 14:03:19 info: [0mGET /services/nav [36m304[0m 93.953 ms - -[0m
2023-05-29 14:04:04 info: [0mGET /ceos/getlistCeo [36m304[0m 200.417 ms - -[0m
2023-05-29 14:04:12 info: [0mGET /branchs/getListBranch [36m304[0m 64.211 ms - -[0m
2023-05-29 14:04:12 info: [0mGET /services/getListService [36m304[0m 67.749 ms - -[0m
2023-05-29 14:04:12 info: [0mGET /projects/getProjectsClient [36m304[0m 41.223 ms - -[0m
2023-05-29 14:04:38 info: [0mGET /banners/getListBanner [36m304[0m 43.096 ms - -[0m
2023-05-29 14:04:38 info: [0mGET /posts/getListFeatured [36m304[0m 37.438 ms - -[0m
2023-05-29 14:04:38 info: [0mGET /services/nav [36m304[0m 61.144 ms - -[0m
2023-05-29 14:04:41 info: [0mGET /jobs/getListFeatured [36m304[0m 43.684 ms - -[0m
2023-05-29 14:04:47 info: [0mGET /categories/getListCategories [36m304[0m 62.051 ms - -[0m
2023-05-29 14:04:47 info: [0mGET /posts/getPageAll [36m304[0m 156.307 ms - -[0m
2023-05-29 14:04:50 info: [0mGET /branchs/getListBranch [36m304[0m 44.559 ms - -[0m
2023-05-29 14:04:50 info: [0mGET /services/getListService [36m304[0m 52.053 ms - -[0m
2023-05-29 14:04:50 info: [0mGET /projects/getProjectsClient [36m304[0m 30.100 ms - -[0m
2023-05-29 14:04:54 info: [0mGET /ceos/getlistCeo [36m304[0m 18.018 ms - -[0m
2023-05-29 14:04:56 info: [0mGET /banners/getListBanner [36m304[0m 30.476 ms - -[0m
2023-05-29 14:04:56 info: [0mGET /posts/getListFeatured [36m304[0m 29.528 ms - -[0m
2023-05-29 14:04:56 info: [0mGET /services/nav [36m304[0m 41.560 ms - -[0m
2023-05-29 14:06:00 info: [0mGET /services/nav [36m304[0m 491.230 ms - -[0m
2023-05-29 14:06:00 info: [0mGET /posts/getListFeatured [36m304[0m 512.562 ms - -[0m
2023-05-29 14:06:03 info: [0mGET /posts/getListFeatured [36m304[0m 84.194 ms - -[0m
2023-05-29 14:06:03 info: [0mGET /services/nav [36m304[0m 148.598 ms - -[0m
2023-05-29 14:06:23 info: [0mGET /banners/getListBanner [36m304[0m 30.654 ms - -[0m
2023-05-29 14:06:23 info: [0mGET /services/nav [36m304[0m 46.096 ms - -[0m
2023-05-29 14:06:23 info: [0mGET /posts/getListFeatured [36m304[0m 41.082 ms - -[0m
2023-05-29 14:06:23 info: [0mGET /services/nav [36m304[0m 41.731 ms - -[0m
2023-05-29 14:06:49 info: [0mGET /services/nav [36m304[0m 48.250 ms - -[0m
2023-05-29 14:06:49 info: [0mGET /posts/getListFeatured [36m304[0m 130.279 ms - -[0m
2023-05-29 14:07:20 info: [0mGET /posts/getListFeatured [36m304[0m 41.999 ms - -[0m
2023-05-29 14:07:20 info: [0mGET /services/nav [36m304[0m 43.089 ms - -[0m
2023-05-29 14:07:32 info: [0mGET /posts/getListFeatured [36m304[0m 44.189 ms - -[0m
2023-05-29 14:07:32 info: [0mGET /services/nav [36m304[0m 32.704 ms - -[0m
2023-05-29 14:07:40 info: [0mGET /services/nav [36m304[0m 33.214 ms - -[0m
2023-05-29 14:07:40 info: [0mGET /posts/getListFeatured [36m304[0m 57.082 ms - -[0m
2023-05-29 14:07:48 info: [0mGET /services/nav [36m304[0m 173.159 ms - -[0m
2023-05-29 14:07:48 info: [0mGET /posts/getListFeatured [36m304[0m 183.673 ms - -[0m
2023-05-29 14:07:50 info: [0mGET /services/nav [36m304[0m 117.589 ms - -[0m
2023-05-29 14:07:50 info: [0mGET /posts/getListFeatured [36m304[0m 132.475 ms - -[0m
2023-05-29 14:08:53 info: [0mGET /services/nav [36m304[0m 616.958 ms - -[0m
2023-05-29 14:08:53 info: [0mGET /posts/getListFeatured [36m304[0m 668.592 ms - -[0m
2023-05-29 14:10:14 info: [0mGET /services/nav [36m304[0m 858.603 ms - -[0m
2023-05-29 14:10:14 info: [0mGET /banners/getListBanner [36m304[0m 835.199 ms - -[0m
2023-05-29 14:10:15 info: [0mGET /posts/getListFeatured [36m304[0m 987.818 ms - -[0m
2023-05-29 14:10:15 info: [0mGET /services/nav [36m304[0m 253.607 ms - -[0m
2023-05-29 14:10:21 info: [0mGET /services/nav [36m304[0m 99.932 ms - -[0m
2023-05-29 14:10:21 info: [0mGET /posts/getListFeatured [36m304[0m 94.358 ms - -[0m
2023-05-29 14:10:21 info: [0mGET /banners/getListBanner [36m304[0m 99.749 ms - -[0m
2023-05-29 14:10:21 info: [0mGET /services/nav [36m304[0m 78.387 ms - -[0m
2023-05-29 14:10:59 info: [0mGET /banners/getListBanner [36m304[0m 37.160 ms - -[0m
2023-05-29 14:11:18 info: [0mGET /services/getListService [36m304[0m 111.003 ms - -[0m
2023-05-29 14:11:18 info: [0mGET /branchs/getListBranch [36m304[0m 138.501 ms - -[0m
2023-05-29 14:11:18 info: [0mGET /projects/getProjectsClient [36m304[0m 412.455 ms - -[0m
2023-05-29 14:11:24 info: [0mGET /services/show/5 [36m304[0m 104.053 ms - -[0m
2023-05-29 14:11:53 info: [0mGET /branchs/getListBranch [36m304[0m 40.230 ms - -[0m
2023-05-29 14:11:53 info: [0mGET /projects/getProjectsClient [36m304[0m 10.399 ms - -[0m
2023-05-29 14:11:53 info: [0mGET /services/getListService [36m304[0m 42.389 ms - -[0m
2023-05-29 14:11:58 info: [0mGET /jobs/getListFeatured [36m304[0m 66.585 ms - -[0m
2023-05-29 14:14:00 info: [0mOPTIONS /admins/login [32m204[0m 2.599 ms - 0[0m
2023-05-29 14:14:00 info: [0mPOST /admins/login [32m200[0m 115.124 ms - -[0m
2023-05-29 14:14:01 info: [0mOPTIONS /admins/profile [32m204[0m 0.815 ms - 0[0m
2023-05-29 14:14:01 info: [0mGET /admins/profile [36m304[0m 270.659 ms - -[0m
2023-05-29 14:14:06 info: [0mGET /services/nav [36m304[0m 27.351 ms - -[0m
2023-05-29 14:14:06 info: [0mGET /banners/getListBanner [36m304[0m 43.660 ms - -[0m
2023-05-29 14:14:06 info: [0mGET /services/nav [36m304[0m 28.516 ms - -[0m
2023-05-29 14:14:06 info: [0mGET /posts/getListFeatured [36m304[0m 38.618 ms - -[0m
2023-05-29 14:14:44 info: [0mGET /jobs/getListFeatured [36m304[0m 129.051 ms - -[0m
2023-05-29 14:14:49 info: [0mGET /jobs/find/1 [36m304[0m 41.908 ms - -[0m
2023-05-29 14:20:32 info: [0mGET /services/nav [36m304[0m 307.683 ms - -[0m
2023-05-29 14:20:32 info: [0mGET /jobs/find/1 [36m304[0m 181.019 ms - -[0m
2023-05-29 14:21:00 info: [0mGET /services/nav [36m304[0m 540.729 ms - -[0m
2023-05-29 14:21:00 info: [0mGET /jobs/find/1 [36m304[0m 32.658 ms - -[0m
2023-05-29 14:23:17 info: [0mGET /services/nav [36m304[0m 235.581 ms - -[0m
2023-05-29 14:23:17 info: [0mGET /jobs/find/1 [36m304[0m 68.653 ms - -[0m
2023-05-29 14:24:12 info: [0mGET /services/nav [36m304[0m 230.962 ms - -[0m
2023-05-29 14:24:12 info: [0mGET /jobs/find/1 [36m304[0m 75.371 ms - -[0m
2023-05-29 14:26:18 info: [0mGET /services/nav [36m304[0m 274.508 ms - -[0m
2023-05-29 14:26:18 info: [0mGET /jobs/find/1 [36m304[0m 86.319 ms - -[0m
2023-05-29 14:26:40 info: [0mGET /banners/getListBanner [36m304[0m 61.748 ms - -[0m
2023-05-29 14:26:40 info: [0mGET /services/nav [36m304[0m 71.431 ms - -[0m
2023-05-29 14:26:40 info: [0mGET /posts/getListFeatured [36m304[0m 88.347 ms - -[0m
2023-05-29 14:26:54 info: [0mGET /services/getListService [36m304[0m 92.920 ms - -[0m
2023-05-29 14:26:54 info: [0mGET /projects/getProjectsClient [36m304[0m 113.448 ms - -[0m
2023-05-29 14:26:54 info: [0mGET /branchs/getListBranch [36m304[0m 182.934 ms - -[0m
2023-05-29 14:27:35 info: [0mGET /branchs/getListBranch [36m304[0m 27.203 ms - -[0m
2023-05-29 14:27:35 info: [0mGET /services/getListService [36m304[0m 68.845 ms - -[0m
2023-05-29 14:27:35 info: [0mGET /projects/getProjectsClient [36m304[0m 77.622 ms - -[0m
2023-05-29 14:28:38 info: [0mGET /services/nav [36m304[0m 146.489 ms - -[0m
2023-05-29 14:28:38 info: [0mGET /branchs/getListBranch [36m304[0m 110.280 ms - -[0m
2023-05-29 14:28:38 info: [0mGET /services/getListService [36m304[0m 120.470 ms - -[0m
2023-05-29 14:28:38 info: [0mGET /projects/getProjectsClient [36m304[0m 146.328 ms - -[0m
2023-05-29 14:28:59 info: [0mGET /services/getListService [36m304[0m 186.773 ms - -[0m
2023-05-29 14:28:59 info: [0mGET /branchs/getListBranch [36m304[0m 225.553 ms - -[0m
2023-05-29 14:28:59 info: [0mGET /projects/getProjectsClient [36m304[0m 180.628 ms - -[0m
2023-05-29 14:29:16 info: [0mGET /branchs/getListBranch [36m304[0m 95.630 ms - -[0m
2023-05-29 14:29:16 info: [0mGET /projects/getProjectsClient [36m304[0m 42.287 ms - -[0m
2023-05-29 14:29:16 info: [0mGET /services/getListService [36m304[0m 79.257 ms - -[0m
2023-05-29 14:29:26 info: [0mGET /branchs/getListBranch [36m304[0m 52.274 ms - -[0m
2023-05-29 14:29:26 info: [0mGET /services/getListService [36m304[0m 46.744 ms - -[0m
2023-05-29 14:29:26 info: [0mGET /projects/getProjectsClient [36m304[0m 46.526 ms - -[0m
2023-05-29 14:29:48 info: [0mGET /services/getListService [36m304[0m 68.881 ms - -[0m
2023-05-29 14:29:48 info: [0mGET /projects/getProjectsClient [36m304[0m 63.150 ms - -[0m
2023-05-29 14:29:48 info: [0mGET /branchs/getListBranch [36m304[0m 88.309 ms - -[0m
2023-05-29 14:29:52 info: [0mGET /services/nav [36m304[0m 77.264 ms - -[0m
2023-05-29 14:29:52 info: [0mGET /banners/getListBanner [36m304[0m 179.165 ms - -[0m
2023-05-29 14:29:52 info: [0mGET /posts/getListFeatured [36m304[0m 373.423 ms - -[0m
2023-05-29 14:29:55 info: [0mGET /branchs/getListBranch [36m304[0m 62.058 ms - -[0m
2023-05-29 14:29:55 info: [0mGET /projects/getProjectsClient [36m304[0m 31.748 ms - -[0m
2023-05-29 14:29:56 info: [0mGET /services/getListService [36m304[0m 66.949 ms - -[0m
2023-05-29 14:30:04 info: [0mGET /branchs/getListBranch [36m304[0m 43.406 ms - -[0m
2023-05-29 14:30:04 info: [0mGET /projects/getProjectsClient [36m304[0m 26.797 ms - -[0m
2023-05-29 14:30:04 info: [0mGET /services/getListService [36m304[0m 46.948 ms - -[0m
2023-05-29 14:30:16 info: [0mGET /categories/getListCategories [36m304[0m 28.480 ms - -[0m
2023-05-29 14:30:16 info: [0mGET /posts/getPageAll [36m304[0m 83.644 ms - -[0m
2023-05-29 14:30:30 info: [0mGET /jobs/getListFeatured [36m304[0m 46.667 ms - -[0m
2023-05-29 14:31:18 info: [0mGET /jobs/find/1 [36m304[0m 525.619 ms - -[0m
2023-05-29 14:31:29 info: [0mGET /ceos/getlistCeo [36m304[0m 64.701 ms - -[0m
2023-05-29 14:31:30 info: [0mGET /banners/getListBanner [36m304[0m 79.303 ms - -[0m
2023-05-29 14:31:30 info: [0mGET /posts/getListFeatured [36m304[0m 137.957 ms - -[0m
2023-05-29 14:31:30 info: [0mGET /services/nav [36m304[0m 140.697 ms - -[0m
2023-05-29 14:31:50 info: [0mGET /services/show/15 [36m304[0m 15.848 ms - -[0m
2023-05-29 14:31:50 info: [0mGET /services/getListService [36m304[0m 46.412 ms - -[0m
2023-05-29 14:32:44 info: [0mGET /services/show/15 [36m304[0m 83.975 ms - -[0m
2023-05-29 14:32:55 info: [0mGET /services/show/15 [36m304[0m 37.980 ms - -[0m
2023-05-29 14:32:55 info: [0mGET /services/nav [36m304[0m 42.208 ms - -[0m
2023-05-29 14:32:55 info: [0mGET /services/getListService [36m304[0m 11.247 ms - -[0m
2023-05-29 14:33:14 info: [0mGET /services/show/15 [36m304[0m 63.572 ms - -[0m
2023-05-29 14:33:14 info: [0mGET /services/nav [36m304[0m 90.665 ms - -[0m
2023-05-29 14:33:14 info: [0mGET /services/getListService [36m304[0m 37.754 ms - -[0m
2023-05-29 14:33:33 info: [0mGET /ceos/getlistCeo [36m304[0m 60.929 ms - -[0m
2023-05-29 14:34:32 info: [0mGET /ceos/getlistCeo [36m304[0m 81.744 ms - -[0m
2023-05-29 14:35:41 info: [0mGET /ceos/getlistCeo [36m304[0m 699.661 ms - -[0m
2023-05-29 14:35:41 info: [0mGET /services/nav [36m304[0m 782.364 ms - -[0m
2023-05-29 14:35:53 info: [0mGET /ceos/getlistCeo [36m304[0m 63.196 ms - -[0m
2023-05-29 14:35:58 info: [0mGET /ceos/getlistCeo [36m304[0m 91.181 ms - -[0m
2023-05-29 14:36:01 info: [0mGET /ceos/getlistCeo [36m304[0m 32.929 ms - -[0m
2023-05-29 14:36:06 info: [0mGET /ceos/getlistCeo [36m304[0m 92.864 ms - -[0m
2023-05-29 14:36:08 info: [0mGET /ceos/getlistCeo [36m304[0m 17.073 ms - -[0m
2023-05-29 14:36:10 info: [0mGET /ceos/getlistCeo [36m304[0m 10.277 ms - -[0m
2023-05-29 14:36:31 info: [0mGET /ceos/getlistCeo [36m304[0m 67.402 ms - -[0m
2023-05-29 14:36:33 info: [0mGET /ceos/getlistCeo [36m304[0m 29.261 ms - -[0m
2023-05-29 14:36:37 info: [0mGET /ceos/getlistCeo [36m304[0m 36.164 ms - -[0m
2023-05-29 14:36:44 info: [0mGET /ceos/getlistCeo [36m304[0m 10.915 ms - -[0m
2023-05-29 14:36:48 info: [0mGET /ceos/getlistCeo [36m304[0m 59.374 ms - -[0m
2023-05-29 14:36:55 info: [0mGET /ceos/getlistCeo [36m304[0m 34.846 ms - -[0m
2023-05-29 14:37:01 info: [0mGET /ceos/getlistCeo [36m304[0m 107.078 ms - -[0m
2023-05-29 14:37:06 info: [0mGET /ceos/getlistCeo [36m304[0m 22.352 ms - -[0m
2023-05-29 14:37:19 info: [0mGET /ceos/getlistCeo [36m304[0m 36.143 ms - -[0m
2023-05-29 14:37:28 info: [0mGET /ceos/getlistCeo [36m304[0m 10.805 ms - -[0m
2023-05-29 14:37:32 info: [0mGET /ceos/getlistCeo [36m304[0m 35.784 ms - -[0m
2023-05-29 14:37:52 info: [0mGET /ceos/getlistCeo [36m304[0m 99.506 ms - -[0m
2023-05-29 14:37:58 info: [0mGET /banners/getListBanner [36m304[0m 39.747 ms - -[0m
2023-05-29 14:37:58 info: [0mGET /posts/getListFeatured [36m304[0m 49.988 ms - -[0m
2023-05-29 14:37:58 info: [0mGET /services/nav [36m304[0m 59.995 ms - -[0m
2023-05-29 14:38:06 info: [0mGET /services/getListService [36m304[0m 62.803 ms - -[0m
2023-05-29 14:38:06 info: [0mGET /projects/getProjectsClient [36m304[0m 60.298 ms - -[0m
2023-05-29 14:38:06 info: [0mGET /branchs/getListBranch [36m304[0m 93.161 ms - -[0m
2023-05-29 14:38:12 info: [0mGET /categories/getListCategories [36m304[0m 11.250 ms - -[0m
2023-05-29 14:38:12 info: [0mGET /posts/getPageAll [36m304[0m 105.256 ms - -[0m
2023-05-29 14:39:32 info: [0mGET /categories/getListCategories [36m304[0m 37.289 ms - -[0m
2023-05-29 14:39:32 info: [0mGET /services/nav [36m304[0m 147.910 ms - -[0m
2023-05-29 14:39:32 info: [0mGET /posts/getPageAll [36m304[0m 277.550 ms - -[0m
2023-05-29 14:39:51 info: [0mGET /categories/getListCategories [36m304[0m 9.697 ms - -[0m
2023-05-29 14:39:52 info: [0mGET /posts/getPageAll [36m304[0m 51.240 ms - -[0m
2023-05-29 14:39:57 info: [0mGET /categories/getListCategories [36m304[0m 62.123 ms - -[0m
2023-05-29 14:39:57 info: [0mGET /services/nav [36m304[0m 104.772 ms - -[0m
2023-05-29 14:39:57 info: [0mGET /posts/getPageAll [36m304[0m 217.986 ms - -[0m
2023-05-29 14:40:09 info: [0mGET /categories/getListCategories [36m304[0m 8.512 ms - -[0m
2023-05-29 14:40:09 info: [0mGET /posts/getPageAll [36m304[0m 62.577 ms - -[0m
2023-05-29 14:40:12 info: [0mGET /categories/getListCategories [36m304[0m 18.878 ms - -[0m
2023-05-29 14:40:12 info: [0mGET /posts/getPageAll [36m304[0m 121.837 ms - -[0m
2023-05-29 14:40:18 info: [0mGET /categories/getListCategories [36m304[0m 3.140 ms - -[0m
2023-05-29 14:40:18 info: [0mGET /posts/getPageAll [36m304[0m 86.590 ms - -[0m
2023-05-29 14:40:25 info: [0mGET /categories/getListCategories [36m304[0m 67.019 ms - -[0m
2023-05-29 14:40:25 info: [0mGET /services/nav [36m304[0m 176.883 ms - -[0m
2023-05-29 14:40:25 info: [0mGET /posts/getPageAll [36m304[0m 159.739 ms - -[0m
2023-05-29 14:44:20 info: [0mGET /categories/getListCategories [36m304[0m 404.495 ms - -[0m
2023-05-29 14:44:20 info: [0mGET /services/nav [36m304[0m 532.266 ms - -[0m
2023-05-29 14:44:20 info: [0mGET /posts/getPageAll [36m304[0m 546.140 ms - -[0m
2023-05-29 14:44:45 info: [0mGET /categories/getListCategories [36m304[0m 33.185 ms - -[0m
2023-05-29 14:44:45 info: [0mGET /posts/getPageAll [36m304[0m 97.104 ms - -[0m
2023-05-29 14:45:01 info: [0mGET /categories/getListCategories [36m304[0m 14.446 ms - -[0m
2023-05-29 14:45:01 info: [0mGET /posts/getPageAll [36m304[0m 162.149 ms - -[0m
2023-05-29 14:45:06 info: [0mGET /categories/getListCategories [36m304[0m 9.925 ms - -[0m
2023-05-29 14:45:06 info: [0mGET /posts/getPageAll [36m304[0m 215.003 ms - -[0m
2023-05-29 14:45:11 info: [0mGET /categories/getListCategories [36m304[0m 7.693 ms - -[0m
2023-05-29 14:45:11 info: [0mGET /posts/getPageAll [36m304[0m 138.308 ms - -[0m
2023-05-29 14:45:18 info: [0mGET /categories/getListCategories [36m304[0m 118.495 ms - -[0m
2023-05-29 14:45:18 info: [0mGET /services/nav [36m304[0m 143.087 ms - -[0m
2023-05-29 14:45:18 info: [0mGET /posts/getPageAll [36m304[0m 174.433 ms - -[0m
2023-05-29 14:45:46 info: [0mGET /categories/getListCategories [36m304[0m 3.730 ms - -[0m
2023-05-29 14:45:46 info: [0mGET /posts/getPageAll [36m304[0m 56.949 ms - -[0m
2023-05-29 14:45:47 info: [0mGET /categories/getListCategories [36m304[0m 69.995 ms - -[0m
2023-05-29 14:45:47 info: [0mGET /posts/getPageAll [36m304[0m 220.935 ms - -[0m
2023-05-29 14:45:54 info: [0mGET /categories/getListCategories [36m304[0m 49.528 ms - -[0m
2023-05-29 14:45:54 info: [0mGET /posts/getPageAll [36m304[0m 150.546 ms - -[0m
2023-05-29 14:46:00 info: [0mGET /categories/getListCategories [36m304[0m 37.751 ms - -[0m
2023-05-29 14:46:00 info: [0mGET /posts/getPageAll [36m304[0m 131.439 ms - -[0m
2023-05-29 14:46:05 info: [0mGET /categories/getListCategories [36m304[0m 15.805 ms - -[0m
2023-05-29 14:46:05 info: [0mGET /posts/getPageAll [36m304[0m 94.196 ms - -[0m
2023-05-29 14:46:12 info: [0mGET /jobs/getListFeatured [36m304[0m 232.802 ms - -[0m
2023-05-29 14:46:21 info: [0mGET /jobs/find/1 [36m304[0m 63.302 ms - -[0m
2023-05-29 14:48:20 info: [0mGET /categories/getListCategories [36m304[0m 110.931 ms - -[0m
2023-05-29 14:48:20 info: [0mGET /posts/getPageAll [36m304[0m 180.910 ms - -[0m
2023-05-29 14:48:24 info: [0mGET /posts/findByIdClient/1 [36m304[0m 91.422 ms - -[0m
2023-05-29 14:48:29 info: [0mGET /projects/getProjectsClient [36m304[0m 111.792 ms - -[0m
2023-05-29 14:48:29 info: [0mGET /branchs/getListBranch [36m304[0m 134.663 ms - -[0m
2023-05-29 14:48:29 info: [0mGET /services/getListService [36m304[0m 99.159 ms - -[0m
2023-05-29 14:48:32 info: [0mGET /projects/findByIdClient/1 [32m200[0m 57.833 ms - 678[0m
2023-05-29 14:48:35 info: [0mGET /branchs/getListBranch [36m304[0m 31.529 ms - -[0m
2023-05-29 14:48:35 info: [0mGET /projects/getProjectsClient [36m304[0m 21.937 ms - -[0m
2023-05-29 14:48:35 info: [0mGET /services/getListService [36m304[0m 35.854 ms - -[0m
2023-05-29 14:48:38 info: [0mGET /projects/findByIdClient/2 [32m200[0m 19.184 ms - 598[0m
2023-05-29 14:49:15 info: [0mGET /projects/findByIdClient/2 [36m304[0m 79.459 ms - -[0m
2023-05-29 14:52:35 info: [0mGET /posts/getListFeatured [36m304[0m 215.813 ms - -[0m
2023-05-29 14:52:35 info: [0mGET /banners/getListBanner [36m304[0m 206.480 ms - -[0m
2023-05-29 14:52:35 info: [0mGET /services/nav [36m304[0m 196.328 ms - -[0m
2023-05-29 14:52:41 info: [0mGET /jobs/getListFeatured [36m304[0m 74.146 ms - -[0m
2023-05-29 14:52:43 info: [0mGET /services/nav [36m304[0m 71.792 ms - -[0m
2023-05-29 14:52:43 info: [0mGET /banners/getListBanner [36m304[0m 116.673 ms - -[0m
2023-05-29 14:52:43 info: [0mGET /posts/getListFeatured [36m304[0m 127.016 ms - -[0m
2023-05-29 14:53:25 info: [0mGET /posts/getListFeatured [36m304[0m 61.436 ms - -[0m
2023-05-29 14:53:25 info: [0mGET /services/nav [36m304[0m 31.975 ms - -[0m
2023-05-29 14:53:32 info: [0mGET /posts/getListFeatured [36m304[0m 64.020 ms - -[0m
2023-05-29 14:53:32 info: [0mGET /services/nav [36m304[0m 41.313 ms - -[0m
2023-05-29 14:54:56 info: [0mGET /services/nav [36m304[0m 112.586 ms - -[0m
2023-05-29 14:56:08 info: [0mGET /jobs/getListFeatured [36m304[0m 443.816 ms - -[0m
2023-05-29 14:58:08 info: [0mGET /jobs/getListFeatured [36m304[0m 127.901 ms - -[0m
2023-05-29 14:58:12 info: [0mGET /jobs/getListFeatured [36m304[0m 26.120 ms - -[0m
2023-05-29 14:59:02 info: [0mGET /jobs/getListFeatured [36m304[0m 9.785 ms - -[0m
2023-05-29 15:01:40 info: [0mGET /jobs/getListFeatured [36m304[0m 271.546 ms - -[0m
2023-05-29 15:01:43 info: [0mGET /jobs/getListFeatured [36m304[0m 68.610 ms - -[0m
2023-05-29 15:01:44 info: [0mGET /jobs/getListFeatured [36m304[0m 8.349 ms - -[0m
2023-05-29 15:02:14 info: [0mGET /jobs/getListFeatured [36m304[0m 56.122 ms - -[0m
2023-05-29 15:02:20 info: [0mGET /jobs/getListFeatured [36m304[0m 73.296 ms - -[0m
2023-05-29 15:02:37 info: [0mGET /jobs/getListFeatured [36m304[0m 58.244 ms - -[0m
2023-05-29 15:02:40 info: [0mGET /jobs/getListFeatured [36m304[0m 66.579 ms - -[0m
2023-05-29 15:02:49 info: [0mGET /jobs/getListFeatured [36m304[0m 112.646 ms - -[0m
2023-05-29 15:02:49 info: [0mGET /services/nav [36m304[0m 222.618 ms - -[0m
2023-05-29 15:03:09 info: [0mGET /jobs/getListFeatured [36m304[0m 60.912 ms - -[0m
2023-05-29 15:03:21 info: [0mGET /jobs/getListFeatured [36m304[0m 62.988 ms - -[0m
2023-05-29 15:03:27 info: [0mGET /jobs/getListFeatured [36m304[0m 63.823 ms - -[0m
2023-05-29 15:04:59 info: [0mGET /jobs/getListFeatured [36m304[0m 49.007 ms - -[0m
2023-05-29 15:05:08 info: [0mGET /jobs/getListFeatured [36m304[0m 143.121 ms - -[0m
2023-05-29 15:05:49 info: [0mGET /jobs/getListFeatured [36m304[0m 118.353 ms - -[0m
2023-05-29 15:06:03 info: [0mGET /jobs/getListFeatured [36m304[0m 43.096 ms - -[0m
2023-05-29 15:06:09 info: [0mGET /jobs/getListFeatured [36m304[0m 60.627 ms - -[0m
2023-05-29 15:06:09 info: [0mGET /services/nav [36m304[0m 139.586 ms - -[0m
2023-05-29 15:06:35 info: [0mGET /jobs/getListFeatured [36m304[0m 17.054 ms - -[0m
2023-05-29 15:06:42 info: [0mGET /jobs/getListFeatured [36m304[0m 39.908 ms - -[0m
2023-05-29 15:07:04 info: [0mGET /jobs/getListFeatured [36m304[0m 42.727 ms - -[0m
2023-05-29 15:07:09 info: [0mGET /jobs/getListFeatured [36m304[0m 37.373 ms - -[0m
2023-05-29 15:08:05 info: [0mGET /jobs/getListFeatured [36m304[0m 67.273 ms - -[0m
2023-05-29 15:08:12 info: [0mGET /jobs/getListFeatured [36m304[0m 57.784 ms - -[0m
2023-05-29 15:08:12 info: [0mGET /services/nav [36m304[0m 46.619 ms - -[0m
2023-05-29 15:09:55 info: [0mGET /services/nav [36m304[0m 166.139 ms - -[0m
2023-05-29 15:09:55 info: [0mGET /jobs/getListFeatured [36m304[0m 126.245 ms - -[0m
2023-05-29 15:10:09 info: [0mGET /jobs/getListFeatured [36m304[0m 90.215 ms - -[0m
2023-05-29 15:10:15 info: [0mGET /jobs/getListFeatured [36m304[0m 28.135 ms - -[0m
2023-05-29 15:10:15 info: [0mGET /services/nav [36m304[0m 220.370 ms - -[0m
2023-05-29 15:10:33 info: [0mGET /jobs/getListFeatured [36m304[0m 54.940 ms - -[0m
2023-05-29 15:10:49 info: [0mGET /jobs/getListFeatured [36m304[0m 63.776 ms - -[0m
2023-05-29 15:10:56 info: [0mGET /jobs/getListFeatured [36m304[0m 337.261 ms - -[0m
2023-05-29 15:10:57 info: [0mGET /jobs/getListFeatured [36m304[0m 9.143 ms - -[0m
2023-05-29 15:11:27 info: [0mGET /jobs/getListFeatured [36m304[0m 44.553 ms - -[0m
2023-05-29 15:11:32 info: [0mGET /jobs/getListFeatured [36m304[0m 35.365 ms - -[0m
2023-05-29 15:11:34 info: [0mGET /jobs/getListFeatured [36m304[0m 12.600 ms - -[0m
2023-05-29 15:12:29 info: [0mGET /jobs/getListFeatured [36m304[0m 99.846 ms - -[0m
2023-05-29 15:12:40 info: [0mGET /jobs/getListFeatured [36m304[0m 56.029 ms - -[0m
2023-05-29 15:12:54 info: [0mGET /jobs/getListFeatured [36m304[0m 40.618 ms - -[0m
2023-05-29 15:12:59 info: [0mGET /jobs/getListFeatured [36m304[0m 18.567 ms - -[0m
2023-05-29 15:13:27 info: [0mGET /jobs/getListFeatured [36m304[0m 55.481 ms - -[0m
2023-05-29 15:13:36 info: [0mGET /jobs/getListFeatured [36m304[0m 34.787 ms - -[0m
2023-05-29 15:13:43 info: [0mGET /jobs/getListFeatured [36m304[0m 48.802 ms - -[0m
2023-05-29 15:14:09 info: [0mGET /jobs/getListFeatured [36m304[0m 69.695 ms - -[0m
2023-05-29 15:14:11 info: [0mGET /jobs/getListFeatured [36m304[0m 49.361 ms - -[0m
2023-05-29 15:14:34 info: [0mGET /jobs/getListFeatured [36m304[0m 76.809 ms - -[0m
2023-05-29 15:14:41 info: [0mGET /jobs/getListFeatured [36m304[0m 39.002 ms - -[0m
2023-05-29 15:15:10 info: [0mGET /jobs/getListFeatured [36m304[0m 22.654 ms - -[0m
2023-05-29 15:15:23 info: [0mGET /jobs/getListFeatured [36m304[0m 38.603 ms - -[0m
2023-05-29 15:15:35 info: [0mGET /jobs/getListFeatured [36m304[0m 21.168 ms - -[0m
2023-05-29 15:16:07 info: [0mGET /jobs/getListFeatured [36m304[0m 30.422 ms - -[0m
2023-05-29 15:16:12 info: [0mGET /jobs/getListFeatured [36m304[0m 76.627 ms - -[0m
2023-05-29 15:16:17 info: [0mGET /jobs/getListFeatured [36m304[0m 43.794 ms - -[0m
2023-05-29 15:16:21 info: [0mGET /jobs/getListFeatured [36m304[0m 90.558 ms - -[0m
2023-05-29 15:17:41 info: [0mGET /jobs/getListFeatured [36m304[0m 40.938 ms - -[0m
2023-05-29 15:18:32 info: [0mGET /jobs/getListFeatured [36m304[0m 63.670 ms - -[0m
2023-05-29 15:18:54 info: [0mGET /jobs/getListFeatured [36m304[0m 70.655 ms - -[0m
2023-05-29 15:19:09 info: [0mGET /jobs/getListFeatured [36m304[0m 226.253 ms - -[0m
2023-05-29 15:19:11 info: [0mGET /jobs/getListFeatured [36m304[0m 52.425 ms - -[0m
2023-05-29 15:19:39 info: [0mGET /jobs/getListFeatured [36m304[0m 48.682 ms - -[0m
2023-05-29 15:20:07 info: [0mGET /jobs/getListFeatured [36m304[0m 42.382 ms - -[0m
2023-05-29 15:20:16 info: [0mGET /jobs/getListFeatured [36m304[0m 108.533 ms - -[0m
2023-05-29 15:20:23 info: [0mGET /jobs/getListFeatured [36m304[0m 44.725 ms - -[0m
2023-05-29 15:21:10 info: [0mGET /jobs/getListFeatured [36m304[0m 101.540 ms - -[0m
2023-05-29 15:22:47 info: [0mGET /jobs/getListFeatured [36m304[0m 79.448 ms - -[0m
2023-05-29 15:23:40 info: [0mGET /jobs/getListFeatured [36m304[0m 71.879 ms - -[0m
2023-05-29 15:23:45 info: [0mGET /jobs/getListFeatured [36m304[0m 23.614 ms - -[0m
2023-05-29 15:23:50 info: [0mGET /jobs/getListFeatured [36m304[0m 408.855 ms - -[0m
2023-05-29 15:23:57 info: [0mGET /jobs/getListFeatured [36m304[0m 222.759 ms - -[0m
2023-05-29 15:24:15 info: [0mGET /jobs/getListFeatured [36m304[0m 59.973 ms - -[0m
2023-05-29 15:24:59 info: [0mGET /jobs/getListFeatured [36m304[0m 66.079 ms - -[0m
2023-05-29 15:25:37 info: [0mGET /jobs/getListFeatured [36m304[0m 23.041 ms - -[0m
2023-05-29 15:26:30 info: [0mGET /jobs/getListFeatured [36m304[0m 61.508 ms - -[0m
2023-05-29 15:27:01 info: [0mGET /jobs/getListFeatured [36m304[0m 67.578 ms - -[0m
2023-05-29 15:27:45 info: [0mGET /jobs/getListFeatured [36m304[0m 78.522 ms - -[0m
2023-05-29 15:28:13 info: [0mGET /jobs/getListFeatured [36m304[0m 25.815 ms - -[0m
2023-05-29 15:28:21 info: [0mGET /jobs/getListFeatured [36m304[0m 64.082 ms - -[0m
2023-05-29 15:31:56 info: [0mGET /jobs/getListFeatured [36m304[0m 186.166 ms - -[0m
2023-05-29 15:33:32 info: [0mGET /jobs/getListFeatured [36m304[0m 47.409 ms - -[0m
2023-05-29 15:35:04 info: [0mGET /banners/getListBanner [36m304[0m 1109.697 ms - -[0m
2023-05-29 15:35:04 info: [0mGET /posts/getListFeatured [36m304[0m 1141.491 ms - -[0m
2023-05-29 15:35:04 info: [0mGET /services/nav [36m304[0m 1097.827 ms - -[0m
2023-05-29 15:35:18 info: [0mGET /jobs/getListFeatured [36m304[0m 1876.850 ms - -[0m
2023-05-29 15:35:36 info: [0mGET /jobs/getListFeatured [36m304[0m 359.725 ms - -[0m
2023-05-29 15:35:46 info: [0mGET /jobs/getListFeatured [36m304[0m 104.614 ms - -[0m
2023-05-29 15:36:06 info: [0mGET /jobs/getListFeatured [36m304[0m 60.301 ms - -[0m
2023-05-29 15:36:09 info: [0mGET /jobs/getListFeatured [36m304[0m 11.319 ms - -[0m
2023-05-29 15:40:42 info: [0mGET /projects/getProjectsClient [36m304[0m 140.667 ms - -[0m
2023-05-29 15:40:42 info: [0mGET /services/getListService [36m304[0m 172.308 ms - -[0m
2023-05-29 15:40:42 info: [0mGET /branchs/getListBranch [36m304[0m 252.289 ms - -[0m
2023-05-29 15:41:13 info: [0mGET /branchs/getListBranch [36m304[0m 31.900 ms - -[0m
2023-05-29 15:41:13 info: [0mGET /projects/getProjectsClient [36m304[0m 36.240 ms - -[0m
2023-05-29 15:41:13 info: [0mGET /services/getListService [36m304[0m 60.827 ms - -[0m
2023-05-29 15:41:13 info: [0mGET /services/nav [36m304[0m 102.081 ms - -[0m
2023-05-29 15:41:20 info: [0mGET /projects/getProjectsClient?branch_id=1 [32m200[0m 73.562 ms - 40[0m
2023-05-29 15:41:41 info: [0mGET /branchs/getListBranch [36m304[0m 30.233 ms - -[0m
2023-05-29 15:41:41 info: [0mGET /services/getListService [36m304[0m 44.234 ms - -[0m
2023-05-29 15:41:41 info: [0mGET /projects/getProjectsClient?branch_id=1 [36m304[0m 41.274 ms - -[0m
2023-05-29 15:41:44 info: [0mGET /projects/getProjectsClient?branch_id=2 [32m200[0m 18.210 ms - 40[0m
2023-05-29 15:41:51 info: [0mGET /projects/getProjectsClient [36m304[0m 49.322 ms - -[0m
2023-05-29 15:41:57 info: [0mGET /projects/getProjectsClient?service_id=4 [36m304[0m 38.690 ms - -[0m
2023-05-29 15:42:34 info: [0mGET /branchs/getListBranch [36m304[0m 98.967 ms - -[0m
2023-05-29 15:42:34 info: [0mGET /services/nav [36m304[0m 156.706 ms - -[0m
2023-05-29 15:42:34 info: [0mGET /services/getListService [36m304[0m 218.283 ms - -[0m
2023-05-29 15:42:34 info: [0mGET /projects/getProjectsClient?service_id=4 [36m304[0m 269.867 ms - -[0m
2023-05-29 15:42:38 info: [0mGET /projects/getProjectsClient [36m304[0m 50.438 ms - -[0m
2023-05-29 15:42:50 info: [0mGET /banners/getListBanner [36m304[0m 40.097 ms - -[0m
2023-05-29 15:42:50 info: [0mGET /services/nav [36m304[0m 24.312 ms - -[0m
2023-05-29 15:42:50 info: [0mGET /posts/getListFeatured [36m304[0m 57.941 ms - -[0m
2023-05-29 15:43:26 info: [0mGET /banners/getListBanner [36m304[0m 122.481 ms - -[0m
2023-05-29 15:43:26 info: [0mGET /services/nav [36m304[0m 264.376 ms - -[0m
2023-05-29 15:43:26 info: [0mGET /posts/getListFeatured [36m304[0m 163.132 ms - -[0m
2023-05-29 15:43:26 info: [0mGET /services/nav [36m304[0m 67.420 ms - -[0m
2023-05-29 15:43:36 info: [0mGET /projects/getProjectsClient [36m304[0m 58.154 ms - -[0m
2023-05-29 15:43:36 info: [0mGET /services/getListService [36m304[0m 37.393 ms - -[0m
2023-05-29 15:43:36 info: [0mGET /branchs/getListBranch [36m304[0m 94.409 ms - -[0m
2023-05-29 15:43:38 info: [0mGET /banners/getListBanner [36m304[0m 14.797 ms - -[0m
2023-05-29 15:43:38 info: [0mGET /services/nav [36m304[0m 16.680 ms - -[0m
2023-05-29 15:43:38 info: [0mGET /posts/getListFeatured [36m304[0m 25.748 ms - -[0m
2023-05-29 15:43:41 info: [0mGET /jobs/getListFeatured [36m304[0m 19.930 ms - -[0m
2023-05-29 15:43:48 info: [0mGET /categories/getListCategories [36m304[0m 5.656 ms - -[0m
2023-05-29 15:43:48 info: [0mGET /posts/getPageAll [36m304[0m 90.819 ms - -[0m
2023-05-29 15:43:52 info: [0mGET /branchs/getListBranch [36m304[0m 31.436 ms - -[0m
2023-05-29 15:43:52 info: [0mGET /services/getListService [36m304[0m 44.651 ms - -[0m
2023-05-29 15:43:52 info: [0mGET /projects/getProjectsClient [36m304[0m 27.999 ms - -[0m
2023-05-29 15:43:54 info: [0mGET /projects/getProjectsClient?service_id=4 [36m304[0m 8.596 ms - -[0m
2023-05-29 15:43:59 info: [0mGET /projects/getProjectsClient [36m304[0m 8.036 ms - -[0m
2023-05-29 15:44:47 info: [0mGET /projects/getProjectsClient [32m200[0m 80.370 ms - 203[0m
2023-05-29 15:44:47 info: [0mGET /favicon.ico [33m404[0m 11.420 ms - 150[0m
2023-05-29 15:46:20 info: =================================
2023-05-29 15:46:20 info: ======= ENV: development =======
2023-05-29 15:46:20 info: 🚀 App listening on the port 8000
2023-05-29 15:46:20 info: =================================
2023-05-29 15:46:23 info: [0mGET /projects/getProjectsClient [32m200[0m 215.342 ms - 533[0m
2023-05-29 15:46:30 info: [0mGET /branchs/getListBranch [36m304[0m 115.986 ms - -[0m
2023-05-29 15:46:30 info: [0mGET /services/nav [36m304[0m 167.459 ms - -[0m
2023-05-29 15:46:30 info: [0mGET /services/getListService [36m304[0m 177.586 ms - -[0m
2023-05-29 15:46:30 info: [0mGET /projects/getProjectsClient [32m200[0m 180.541 ms - 725[0m
2023-05-29 15:46:34 info: [0mGET /projects/getProjectsClient?service_id=4 [36m304[0m 39.710 ms - -[0m
2023-05-29 15:46:36 info: [0mGET /projects/getProjectsClient?service_id=5 [36m304[0m 14.351 ms - -[0m
2023-05-29 15:46:48 info: [0mGET /projects/getProjectsClient?service_id=6 [36m304[0m 54.610 ms - -[0m
2023-05-29 15:46:50 info: [0mGET /projects/getProjectsClient [36m304[0m 16.358 ms - -[0m
2023-05-29 15:46:55 info: [0mGET /projects/getProjectsClient?service_id=8 [32m200[0m 34.679 ms - 40[0m
2023-05-29 15:46:57 info: [0mGET /projects/getProjectsClient?service_id=7 [32m200[0m 23.332 ms - 525[0m
2023-05-29 15:46:58 info: [0mGET /projects/getProjectsClient?service_id=6 [36m304[0m 14.418 ms - -[0m
2023-05-29 15:46:58 info: [0mGET /projects/getProjectsClient?service_id=5 [36m304[0m 11.948 ms - -[0m
2023-05-29 15:46:59 info: [0mGET /projects/getProjectsClient?service_id=4 [36m304[0m 9.449 ms - -[0m
2023-05-29 15:46:59 info: [0mGET /projects/getProjectsClient [36m304[0m 15.422 ms - -[0m
2023-05-29 15:48:08 info: [0mGET /ceos/getlistCeo [36m304[0m 99.816 ms - -[0m
2023-05-29 15:48:14 info: [0mGET /branchs/getListBranch [36m304[0m 50.532 ms - -[0m
2023-05-29 15:48:14 info: [0mGET /services/getListService [36m304[0m 46.624 ms - -[0m
2023-05-29 15:48:14 info: [0mGET /projects/getProjectsClient [36m304[0m 46.165 ms - -[0m
2023-05-29 15:48:16 info: [0mGET /ceos/getlistCeo [36m304[0m 19.472 ms - -[0m
2023-05-29 15:48:23 info: [0mGET /banners/getListBanner [36m304[0m 29.904 ms - -[0m
2023-05-29 15:48:23 info: [0mGET /services/nav [36m304[0m 58.794 ms - -[0m
2023-05-29 15:48:23 info: [0mGET /posts/getListFeatured [36m304[0m 73.779 ms - -[0m
2023-05-29 15:48:28 info: [0mGET /ceos/getlistCeo [36m304[0m 19.094 ms - -[0m
2023-05-29 15:48:34 info: [0mGET /branchs/getListBranch [36m304[0m 25.538 ms - -[0m
2023-05-29 15:48:34 info: [0mGET /services/getListService [36m304[0m 56.174 ms - -[0m
2023-05-29 15:48:34 info: [0mGET /projects/getProjectsClient [36m304[0m 56.274 ms - -[0m
2023-05-29 15:48:57 info: [0mGET /projects/getProjectsClient [36m304[0m 28.280 ms - -[0m
2023-05-29 15:49:00 info: [0mGET /categories/getListCategories [36m304[0m 25.121 ms - -[0m
2023-05-29 15:49:00 info: [0mGET /posts/getPageAll [36m304[0m 235.467 ms - -[0m
2023-05-29 15:49:02 info: [0mGET /jobs/getListFeatured [36m304[0m 43.891 ms - -[0m
2023-05-29 15:49:03 info: [0mGET /branchs/getListBranch [36m304[0m 21.482 ms - -[0m
2023-05-29 15:49:03 info: [0mGET /services/getListService [36m304[0m 58.843 ms - -[0m
2023-05-29 15:49:03 info: [0mGET /projects/getProjectsClient [36m304[0m 58.119 ms - -[0m
2023-05-29 15:49:04 info: [0mGET /ceos/getlistCeo [36m304[0m 49.761 ms - -[0m
2023-05-29 15:49:06 info: [0mGET /branchs/getListBranch [36m304[0m 19.111 ms - -[0m
2023-05-29 15:49:06 info: [0mGET /services/getListService [36m304[0m 26.522 ms - -[0m
2023-05-29 15:49:06 info: [0mGET /projects/getProjectsClient [36m304[0m 30.333 ms - -[0m
2023-05-29 15:49:28 info: [0mGET /branchs/getListBranch [36m304[0m 36.916 ms - -[0m
2023-05-29 15:49:28 info: [0mGET /services/getListService [36m304[0m 19.922 ms - -[0m
2023-05-29 15:49:28 info: [0mGET /projects/getProjectsClient [36m304[0m 25.569 ms - -[0m
2023-05-29 15:50:00 info: [0mGET /branchs/getListBranch [36m304[0m 135.635 ms - -[0m
2023-05-29 15:50:00 info: [0mGET /services/getListService [36m304[0m 115.619 ms - -[0m
2023-05-29 15:50:00 info: [0mGET /projects/getProjectsClient [36m304[0m 133.527 ms - -[0m
2023-05-29 15:50:13 info: [0mGET /branchs/getListBranch [36m304[0m 24.903 ms - -[0m
2023-05-29 15:50:13 info: [0mGET /services/getListService [36m304[0m 25.486 ms - -[0m
2023-05-29 15:50:13 info: [0mGET /projects/getProjectsClient [36m304[0m 26.640 ms - -[0m
2023-05-29 15:50:17 info: [0mGET /ceos/getlistCeo [36m304[0m 37.480 ms - -[0m
2023-05-29 15:50:19 info: [0mGET /branchs/getListBranch [36m304[0m 39.362 ms - -[0m
2023-05-29 15:50:19 info: [0mGET /services/getListService [36m304[0m 69.438 ms - -[0m
2023-05-29 15:50:19 info: [0mGET /projects/getProjectsClient [36m304[0m 132.912 ms - -[0m
2023-05-29 15:50:21 info: [0mGET /banners/getListBanner [36m304[0m 11.277 ms - -[0m
2023-05-29 15:50:21 info: [0mGET /services/nav [36m304[0m 21.396 ms - -[0m
2023-05-29 15:50:21 info: [0mGET /posts/getListFeatured [36m304[0m 31.019 ms - -[0m
2023-05-29 15:50:24 info: [0mGET /branchs/getListBranch [36m304[0m 34.983 ms - -[0m
2023-05-29 15:50:24 info: [0mGET /services/getListService [36m304[0m 42.480 ms - -[0m
2023-05-29 15:50:24 info: [0mGET /projects/getProjectsClient [36m304[0m 46.430 ms - -[0m
2023-05-29 15:50:41 info: [0mGET /branchs/getListBranch [36m304[0m 49.460 ms - -[0m
2023-05-29 15:50:41 info: [0mGET /services/nav [36m304[0m 73.988 ms - -[0m
2023-05-29 15:50:41 info: [0mGET /projects/getProjectsClient [36m304[0m 63.781 ms - -[0m
2023-05-29 15:50:41 info: [0mGET /services/getListService [36m304[0m 69.060 ms - -[0m
2023-05-29 15:50:44 info: [0mGET /branchs/getListBranch [36m304[0m 86.104 ms - -[0m
2023-05-29 15:50:44 info: [0mGET /services/getListService [36m304[0m 91.228 ms - -[0m
2023-05-29 15:50:44 info: [0mGET /projects/getProjectsClient [36m304[0m 97.737 ms - -[0m
2023-05-29 15:50:44 info: [0mGET /services/nav [36m304[0m 130.563 ms - -[0m
2023-05-29 15:51:58 info: [0mGET /services/getListService [36m304[0m 50.527 ms - -[0m
2023-05-29 15:51:58 info: [0mGET /projects/getProjectsClient [36m304[0m 61.279 ms - -[0m
2023-05-29 15:51:58 info: [0mGET /branchs/getListBranch [36m304[0m 213.628 ms - -[0m
2023-05-29 15:52:08 info: [0mGET /branchs/getListBranch [36m304[0m 39.415 ms - -[0m
2023-05-29 15:52:08 info: [0mGET /services/getListService [36m304[0m 65.015 ms - -[0m
2023-05-29 15:52:08 info: [0mGET /projects/getProjectsClient [36m304[0m 56.030 ms - -[0m
2023-05-29 15:52:13 info: [0mGET /branchs/getListBranch [36m304[0m 82.636 ms - -[0m
2023-05-29 15:52:13 info: [0mGET /projects/getProjectsClient [36m304[0m 36.304 ms - -[0m
2023-05-29 15:52:13 info: [0mGET /services/getListService [36m304[0m 35.380 ms - -[0m
2023-05-29 15:52:15 info: [0mGET /ceos/getlistCeo [36m304[0m 79.733 ms - -[0m
2023-05-29 15:52:18 info: [0mGET /services/nav [36m304[0m 59.374 ms - -[0m
2023-05-29 15:52:19 info: [0mGET /ceos/getlistCeo [36m304[0m 54.463 ms - -[0m
2023-05-29 15:52:22 info: [0mGET /branchs/getListBranch [36m304[0m 7.618 ms - -[0m
2023-05-29 15:52:22 info: [0mGET /services/getListService [36m304[0m 58.400 ms - -[0m
2023-05-29 15:52:22 info: [0mGET /projects/getProjectsClient [36m304[0m 29.750 ms - -[0m
2023-05-29 15:53:00 info: [0mGET /ceos/getlistCeo [36m304[0m 87.693 ms - -[0m
2023-05-29 15:53:05 info: [0mGET /ceos/getlistCeo [36m304[0m 59.103 ms - -[0m
2023-05-29 15:53:05 info: [0mGET /services/nav [36m304[0m 130.438 ms - -[0m
2023-05-29 15:53:07 info: [0mGET /branchs/getListBranch [36m304[0m 37.919 ms - -[0m
2023-05-29 15:53:07 info: [0mGET /services/getListService [36m304[0m 43.331 ms - -[0m
2023-05-29 15:53:07 info: [0mGET /projects/getProjectsClient [36m304[0m 52.916 ms - -[0m
2023-05-29 15:53:17 info: [0mGET /branchs/getListBranch [36m304[0m 12.052 ms - -[0m
2023-05-29 15:53:17 info: [0mGET /services/getListService [36m304[0m 27.312 ms - -[0m
2023-05-29 15:53:17 info: [0mGET /projects/getProjectsClient [36m304[0m 40.372 ms - -[0m
2023-05-29 15:53:26 info: [0mGET /branchs/getListBranch [36m304[0m 208.358 ms - -[0m
2023-05-29 15:53:26 info: [0mGET /services/getListService [36m304[0m 203.478 ms - -[0m
2023-05-29 15:53:26 info: [0mGET /projects/getProjectsClient [36m304[0m 163.835 ms - -[0m
2023-05-29 15:53:31 info: [0mGET /branchs/getListBranch [36m304[0m 25.392 ms - -[0m
2023-05-29 15:53:31 info: [0mGET /services/getListService [36m304[0m 28.782 ms - -[0m
2023-05-29 15:53:31 info: [0mGET /projects/getProjectsClient [36m304[0m 31.113 ms - -[0m
2023-05-29 15:53:33 info: [0mGET /projects/getProjectsClient [36m304[0m 35.248 ms - -[0m
2023-05-29 15:53:35 info: [0mGET /ceos/getlistCeo [36m304[0m 14.163 ms - -[0m
2023-05-29 15:53:37 info: [0mGET /branchs/getListBranch [36m304[0m 81.922 ms - -[0m
2023-05-29 15:53:37 info: [0mGET /services/getListService [36m304[0m 119.732 ms - -[0m
2023-05-29 15:53:37 info: [0mGET /projects/getProjectsClient [36m304[0m 142.824 ms - -[0m
2023-05-29 15:53:39 info: [0mGET /banners/getListBanner [36m304[0m 194.412 ms - -[0m
2023-05-29 15:53:39 info: [0mGET /posts/getListFeatured [36m304[0m 191.602 ms - -[0m
2023-05-29 15:53:39 info: [0mGET /services/nav [36m304[0m 199.016 ms - -[0m
2023-05-29 15:53:50 info: [0mGET /banners/getListBanner [36m304[0m 20.027 ms - -[0m
2023-05-29 15:53:50 info: [0mGET /services/nav [36m304[0m 53.336 ms - -[0m
2023-05-29 15:53:50 info: [0mGET /posts/getListFeatured [36m304[0m 29.230 ms - -[0m
2023-05-29 15:53:50 info: [0mGET /services/nav [36m304[0m 108.130 ms - -[0m
2023-05-29 15:53:53 info: [0mGET /ceos/getlistCeo [36m304[0m 21.425 ms - -[0m
2023-05-29 15:53:55 info: [0mGET /categories/getListCategories [36m304[0m 33.972 ms - -[0m
2023-05-29 15:53:55 info: [0mGET /posts/getPageAll [36m304[0m 83.827 ms - -[0m
2023-05-29 15:53:56 info: [0mGET /branchs/getListBranch [36m304[0m 11.168 ms - -[0m
2023-05-29 15:53:56 info: [0mGET /services/getListService [36m304[0m 41.119 ms - -[0m
2023-05-29 15:53:56 info: [0mGET /projects/getProjectsClient [36m304[0m 41.717 ms - -[0m
2023-05-29 15:54:09 info: [0mGET /branchs/getListBranch [36m304[0m 19.153 ms - -[0m
2023-05-29 15:54:09 info: [0mGET /services/getListService [36m304[0m 22.846 ms - -[0m
2023-05-29 15:54:09 info: [0mGET /projects/getProjectsClient [36m304[0m 27.588 ms - -[0m
2023-05-29 15:54:42 info: [0mGET /branchs/getListBranch [36m304[0m 39.792 ms - -[0m
2023-05-29 15:54:42 info: [0mGET /services/getListService [36m304[0m 29.364 ms - -[0m
2023-05-29 15:54:42 info: [0mGET /projects/getProjectsClient [36m304[0m 16.840 ms - -[0m
2023-05-29 15:54:45 info: [0mGET /banners/getListBanner [36m304[0m 58.825 ms - -[0m
2023-05-29 15:54:45 info: [0mGET /posts/getListFeatured [36m304[0m 77.681 ms - -[0m
2023-05-29 15:54:45 info: [0mGET /services/nav [36m304[0m 66.172 ms - -[0m
2023-05-29 15:54:48 info: [0mGET /branchs/getListBranch [36m304[0m 51.822 ms - -[0m
2023-05-29 15:54:48 info: [0mGET /services/getListService [36m304[0m 49.185 ms - -[0m
2023-05-29 15:54:48 info: [0mGET /projects/getProjectsClient [36m304[0m 49.465 ms - -[0m
2023-05-29 15:55:01 info: [0mGET /branchs/getListBranch [36m304[0m 17.109 ms - -[0m
2023-05-29 15:55:01 info: [0mGET /services/getListService [36m304[0m 20.368 ms - -[0m
2023-05-29 15:55:01 info: [0mGET /projects/getProjectsClient [36m304[0m 19.933 ms - -[0m
2023-05-29 15:55:04 info: [0mGET /branchs/getListBranch [36m304[0m 35.081 ms - -[0m
2023-05-29 15:55:04 info: [0mGET /services/getListService [36m304[0m 40.450 ms - -[0m
2023-05-29 15:55:04 info: [0mGET /projects/getProjectsClient [36m304[0m 40.015 ms - -[0m
2023-05-29 15:55:15 info: [0mGET /ceos/getlistCeo [36m304[0m 232.891 ms - -[0m
2023-05-29 15:55:17 info: [0mGET /banners/getListBanner [36m304[0m 7.368 ms - -[0m
2023-05-29 15:55:17 info: [0mGET /posts/getListFeatured [36m304[0m 17.737 ms - -[0m
2023-05-29 15:55:17 info: [0mGET /services/nav [36m304[0m 20.666 ms - -[0m
2023-05-29 15:55:19 info: [0mGET /branchs/getListBranch [36m304[0m 36.571 ms - -[0m
2023-05-29 15:55:19 info: [0mGET /services/getListService [36m304[0m 38.860 ms - -[0m
2023-05-29 15:55:19 info: [0mGET /projects/getProjectsClient [36m304[0m 31.078 ms - -[0m
2023-05-29 15:55:24 info: [0mGET /categories/getListCategories [36m304[0m 6.249 ms - -[0m
2023-05-29 15:55:24 info: [0mGET /posts/getPageAll [36m304[0m 81.660 ms - -[0m
2023-05-29 15:55:29 info: [0mGET /jobs/getListFeatured [36m304[0m 33.065 ms - -[0m
2023-05-29 15:55:35 info: [0mGET /ceos/getlistCeo [36m304[0m 18.215 ms - -[0m
2023-05-29 15:55:41 info: [0mGET /banners/getListBanner [36m304[0m 20.387 ms - -[0m
2023-05-29 15:55:41 info: [0mGET /posts/getListFeatured [36m304[0m 14.138 ms - -[0m
2023-05-29 15:55:41 info: [0mGET /services/nav [36m304[0m 18.891 ms - -[0m
