2023-06-02 10:35:23 info: [0mGET /banners/getListBanner [36m304[0m 525.700 ms - -[0m
2023-06-02 10:35:23 info: [0mGET /posts/getListFeatured [36m304[0m 286.229 ms - -[0m
2023-06-02 10:35:23 info: [0mGET /services/nav [36m304[0m 495.735 ms - -[0m
2023-06-02 10:35:24 info: [0mGET /services/nav [36m304[0m 152.093 ms - -[0m
2023-06-02 10:43:59 info: [0mGET /services/nav [36m304[0m 436.522 ms - -[0m
2023-06-02 10:43:59 info: [0mGET /banners/getListBanner [36m304[0m 417.670 ms - -[0m
2023-06-02 10:43:59 info: [0mGET /posts/getListFeatured [36m304[0m 367.635 ms - -[0m
2023-06-02 10:43:59 info: [0mGET /services/nav [36m304[0m 23.317 ms - -[0m
2023-06-02 10:44:07 info: [0mOPTIONS /admins/login [32m204[0m 0.530 ms - 0[0m
2023-06-02 10:44:07 info: [0mPOST /admins/login [32m200[0m 52.226 ms - -[0m
2023-06-02 10:44:09 info: [0mOPTIONS /admins/profile [32m204[0m 0.404 ms - 0[0m
2023-06-02 10:44:09 info: [0mGET /admins/profile [36m304[0m 170.144 ms - -[0m
2023-06-02 10:44:20 info: [0mOPTIONS /admins/profile [32m204[0m 1.841 ms - 0[0m
2023-06-02 10:44:20 info: [0mGET /admins/profile [36m304[0m 92.713 ms - -[0m
2023-06-02 10:44:20 info: [0mGET /banners? [32m200[0m 132.674 ms - -[0m
2023-06-02 10:44:20 info: [0mGET /banners?page=1&page_size=10 [32m200[0m 37.345 ms - -[0m
2023-06-02 10:44:25 info: [0mOPTIONS /admins/profile [32m204[0m 6.513 ms - 0[0m
2023-06-02 10:44:25 info: [0mGET /admins/profile [36m304[0m 177.480 ms - -[0m
2023-06-02 10:46:10 info: [0mOPTIONS /admins/profile [32m204[0m 1.340 ms - 0[0m
2023-06-02 10:46:10 info: [0mGET /admins/profile [36m304[0m 79.741 ms - -[0m
2023-06-02 10:47:43 info: [0mOPTIONS /admins/profile [32m204[0m 0.482 ms - 0[0m
2023-06-02 10:51:40 info: [0mOPTIONS /admins/profile [32m204[0m 1.188 ms - 0[0m
2023-06-02 12:00:54 info: [0mGET /banners/getListBanner [36m304[0m 332.219 ms - -[0m
2023-06-02 12:00:54 info: [0mGET /services/nav [36m304[0m 637.998 ms - -[0m
2023-06-02 12:00:54 info: [0mGET /posts/getListFeatured [36m304[0m 324.389 ms - -[0m
2023-06-02 12:00:54 info: [0mGET /services/nav [36m304[0m 86.529 ms - -[0m
2023-06-02 12:04:01 info: [0mGET /services/nav [36m304[0m 56.085 ms - -[0m
2023-06-02 12:04:01 info: [0mGET /posts/getListFeatured [36m304[0m 98.625 ms - -[0m
2023-06-02 12:04:10 info: [0mGET /posts/getListFeatured [36m304[0m 70.280 ms - -[0m
2023-06-02 12:04:10 info: [0mGET /services/nav [36m304[0m 65.271 ms - -[0m
2023-06-02 12:07:01 info: [0mOPTIONS /admins/login [32m204[0m 1.033 ms - 0[0m
2023-06-02 12:07:01 info: [0mPOST /admins/login [32m200[0m 120.784 ms - -[0m
2023-06-02 12:07:02 info: [0mOPTIONS /admins/profile [32m204[0m 0.139 ms - 0[0m
2023-06-02 12:07:03 info: [0mGET /admins/profile [36m304[0m 351.096 ms - -[0m
2023-06-02 12:07:17 info: [0mOPTIONS /admins/profile [32m204[0m 1.898 ms - 0[0m
2023-06-02 12:07:17 info: [0mGET /admins/profile [36m304[0m 100.953 ms - -[0m
2023-06-02 12:07:18 info: [0mGET /services/nav [36m304[0m 102.022 ms - -[0m
2023-06-02 12:07:20 info: [0mGET /admins/profile [36m304[0m 176.413 ms - -[0m
2023-06-02 12:07:20 info: [0mGET /branchs? [32m200[0m 221.146 ms - 358[0m
2023-06-02 12:07:20 info: [0mGET /branchs?page=1&page_size=10 [32m200[0m 71.700 ms - 358[0m
2023-06-02 12:08:06 info: [0mOPTIONS /admins/profile [32m204[0m 0.561 ms - 0[0m
2023-06-02 12:08:06 info: [0mGET /admins/profile [36m304[0m 19.905 ms - -[0m
2023-06-02 12:08:06 info: [0mGET /branchs?page=1&page_size=10 [32m200[0m 23.855 ms - 87[0m
2023-06-02 12:08:07 info: [0mGET /branchs?page=1&page_size=10 [36m304[0m 10.173 ms - -[0m
2023-06-02 12:08:09 info: [0mGET /admins/profile [36m304[0m 54.257 ms - -[0m
2023-06-02 12:08:19 info: [0mOPTIONS /branchs/create [32m204[0m 0.411 ms - 0[0m
2023-06-02 12:08:19 info: [0mPOST /branchs/create [32m200[0m 55.287 ms - 82[0m
2023-06-02 12:08:19 info: [0mOPTIONS /admins/profile [32m204[0m 0.136 ms - 0[0m
2023-06-02 12:08:20 info: [0mGET /admins/profile [36m304[0m 118.955 ms - -[0m
2023-06-02 12:08:20 info: [0mGET /branchs?page=1&page_size=10 [32m200[0m 118.419 ms - 159[0m
2023-06-02 12:08:20 info: [0mGET /branchs?page=1&page_size=10 [36m304[0m 9.185 ms - -[0m
2023-06-02 12:09:52 info: =================================
2023-06-02 12:09:52 info: ======= ENV: development =======
2023-06-02 12:09:52 info: 🚀 App listening on the port 8000
2023-06-02 12:09:52 info: =================================
2023-06-02 12:12:30 info: =================================
2023-06-02 12:12:30 info: ======= ENV: development =======
2023-06-02 12:12:30 info: 🚀 App listening on the port 8000
2023-06-02 12:12:30 info: =================================
2023-06-02 12:12:47 info: [0mOPTIONS /admins/profile [32m204[0m 8.503 ms - 0[0m
2023-06-02 12:12:48 info: [0mGET /branchs?page=1&page_size=10 [32m200[0m 308.549 ms - 87[0m
2023-06-02 12:12:48 info: [0mGET /admins/profile [36m304[0m 570.726 ms - -[0m
2023-06-02 12:12:48 info: [0mGET /branchs?page=1&page_size=10 [36m304[0m 70.942 ms - -[0m
2023-06-02 12:12:49 info: [0mGET /admins/profile [36m304[0m 67.168 ms - -[0m
2023-06-02 12:12:53 info: [0mOPTIONS /branchs/create [32m204[0m 0.525 ms - 0[0m
2023-06-02 12:12:54 info: [0mPOST /branchs/create [32m200[0m 64.910 ms - 16[0m
2023-06-02 12:12:54 info: [0mOPTIONS /admins/profile [32m204[0m 0.120 ms - 0[0m
2023-06-02 12:12:54 info: [0mGET /branchs?page=1&page_size=10 [36m304[0m 10.816 ms - -[0m
2023-06-02 12:12:54 info: [0mGET /admins/profile [36m304[0m 57.457 ms - -[0m
2023-06-02 12:12:54 info: [0mGET /branchs?page=1&page_size=10 [32m200[0m 8.315 ms - 159[0m
2023-06-02 12:14:59 info: =================================
2023-06-02 12:14:59 info: ======= ENV: development =======
2023-06-02 12:14:59 info: 🚀 App listening on the port 8000
2023-06-02 12:14:59 info: =================================
2023-06-02 12:15:02 info: [0mOPTIONS /admins/profile [32m204[0m 1.763 ms - 0[0m
2023-06-02 12:15:02 info: [0mGET /branchs?page=1&page_size=10 [36m304[0m 171.526 ms - -[0m
2023-06-02 12:15:02 info: [0mGET /admins/profile [36m304[0m 337.297 ms - -[0m
2023-06-02 12:15:02 info: [0mGET /branchs?page=1&page_size=10 [36m304[0m 22.280 ms - -[0m
2023-06-02 12:15:03 info: [0mGET /admins/profile [36m304[0m 39.535 ms - -[0m
2023-06-02 12:15:04 info: [0mOPTIONS /branchs/create [32m204[0m 0.258 ms - 0[0m
2023-06-02 12:15:04 info: [0mPOST /branchs/create [32m200[0m 38.013 ms - 16[0m
2023-06-02 12:15:05 info: [0mGET /branchs?page=1&page_size=10 [36m304[0m 15.008 ms - -[0m
2023-06-02 12:15:05 info: [0mGET /admins/profile [36m304[0m 26.663 ms - -[0m
2023-06-02 12:15:05 info: [0mGET /branchs?page=1&page_size=10 [36m304[0m 4.838 ms - -[0m
2023-06-02 12:15:32 info: =================================
2023-06-02 12:15:32 info: ======= ENV: development =======
2023-06-02 12:15:32 info: 🚀 App listening on the port 8000
2023-06-02 12:15:32 info: =================================
2023-06-02 12:15:40 info: =================================
2023-06-02 12:15:40 info: ======= ENV: development =======
2023-06-02 12:15:40 info: 🚀 App listening on the port 8000
2023-06-02 12:15:40 info: =================================
2023-06-02 12:16:34 info: =================================
2023-06-02 12:16:34 info: ======= ENV: development =======
2023-06-02 12:16:34 info: 🚀 App listening on the port 8000
2023-06-02 12:16:34 info: =================================
2023-06-02 12:17:39 info: =================================
2023-06-02 12:17:39 info: ======= ENV: development =======
2023-06-02 12:17:39 info: 🚀 App listening on the port 8000
2023-06-02 12:17:39 info: =================================
2023-06-02 12:17:54 info: =================================
2023-06-02 12:17:54 info: ======= ENV: development =======
2023-06-02 12:17:54 info: 🚀 App listening on the port 8000
2023-06-02 12:17:54 info: =================================
2023-06-02 12:18:18 info: =================================
2023-06-02 12:18:18 info: ======= ENV: development =======
2023-06-02 12:18:18 info: 🚀 App listening on the port 8000
2023-06-02 12:18:18 info: =================================
2023-06-02 12:18:23 info: [0mOPTIONS /admins/profile [32m204[0m 2.208 ms - 0[0m
2023-06-02 12:18:23 info: [0mGET /branchs?page=1&page_size=10 [36m304[0m 113.722 ms - -[0m
2023-06-02 12:18:23 info: [0mGET /admins/profile [36m304[0m 250.759 ms - -[0m
2023-06-02 12:18:24 info: [0mGET /branchs?page=1&page_size=10 [36m304[0m 58.921 ms - -[0m
2023-06-02 12:18:25 info: [0mGET /admins/profile [36m304[0m 36.033 ms - -[0m
2023-06-02 12:18:27 info: [0mOPTIONS /branchs/create [32m204[0m 0.283 ms - 0[0m
2023-06-02 12:18:27 info: [0mPOST /branchs/create [32m200[0m 17.201 ms - 16[0m
2023-06-02 12:18:27 info: [0mGET /branchs?page=1&page_size=10 [32m200[0m 146.606 ms - 233[0m
2023-06-02 12:18:27 info: [0mGET /admins/profile [36m304[0m 173.717 ms - -[0m
2023-06-02 12:18:27 info: [0mGET /branchs?page=1&page_size=10 [36m304[0m 23.538 ms - -[0m
2023-06-02 12:19:17 info: =================================
2023-06-02 12:19:17 info: ======= ENV: development =======
2023-06-02 12:19:17 info: 🚀 App listening on the port 8000
2023-06-02 12:19:17 info: =================================
2023-06-02 12:19:50 info: =================================
2023-06-02 12:19:50 info: ======= ENV: development =======
2023-06-02 12:19:50 info: 🚀 App listening on the port 8000
2023-06-02 12:19:50 info: =================================
2023-06-02 12:20:30 info: =================================
2023-06-02 12:20:30 info: ======= ENV: development =======
2023-06-02 12:20:30 info: 🚀 App listening on the port 8000
2023-06-02 12:20:30 info: =================================
2023-06-02 12:20:44 info: =================================
2023-06-02 12:20:44 info: ======= ENV: development =======
2023-06-02 12:20:44 info: 🚀 App listening on the port 8000
2023-06-02 12:20:44 info: =================================
2023-06-02 12:21:24 info: [0mOPTIONS /admins/profile [32m204[0m 9.284 ms - 0[0m
2023-06-02 12:21:24 info: [0mGET /admins/profile [36m304[0m 356.937 ms - -[0m
2023-06-02 12:21:27 info: [0mOPTIONS /branchs/create [32m204[0m 0.270 ms - 0[0m
2023-06-02 12:21:27 info: [0mPOST /branchs/create [32m200[0m 20.244 ms - 16[0m
2023-06-02 12:21:27 info: [0mGET /admins/profile [36m304[0m 37.660 ms - -[0m
2023-06-02 12:21:27 info: [0mGET /branchs?page=1&page_size=10 [32m200[0m 108.394 ms - 306[0m
2023-06-02 12:21:27 info: [0mGET /branchs?page=1&page_size=10 [36m304[0m 10.880 ms - -[0m
2023-06-02 12:22:16 info: =================================
2023-06-02 12:22:16 info: ======= ENV: development =======
2023-06-02 12:22:16 info: 🚀 App listening on the port 8000
2023-06-02 12:22:16 info: =================================
2023-06-02 12:22:32 info: =================================
2023-06-02 12:22:32 info: ======= ENV: development =======
2023-06-02 12:22:32 info: 🚀 App listening on the port 8000
2023-06-02 12:22:32 info: =================================
2023-06-02 12:22:41 info: [0mOPTIONS /admins/profile [32m204[0m 2.417 ms - 0[0m
2023-06-02 12:22:41 info: [0mGET /branchs?page=1&page_size=10 [32m200[0m 180.089 ms - 87[0m
2023-06-02 12:22:41 info: [0mGET /admins/profile [36m304[0m 471.389 ms - -[0m
2023-06-02 12:22:42 info: [0mGET /branchs?page=1&page_size=10 [36m304[0m 25.066 ms - -[0m
2023-06-02 12:22:43 info: [0mGET /admins/profile [36m304[0m 88.227 ms - -[0m
2023-06-02 12:22:48 info: [0mOPTIONS /branchs/create [32m204[0m 0.367 ms - 0[0m
2023-06-02 12:22:48 info: [0mPOST /branchs/create [32m200[0m 19.963 ms - 16[0m
2023-06-02 12:22:49 info: [0mOPTIONS /admins/profile [32m204[0m 0.156 ms - 0[0m
2023-06-02 12:22:49 info: [0mGET /admins/profile [36m304[0m 27.226 ms - -[0m
2023-06-02 12:22:49 info: [0mGET /branchs?page=1&page_size=10 [32m200[0m 33.247 ms - 166[0m
2023-06-02 12:22:49 info: [0mGET /branchs?page=1&page_size=10 [36m304[0m 5.429 ms - -[0m
2023-06-02 12:23:06 info: =================================
2023-06-02 12:23:06 info: ======= ENV: development =======
2023-06-02 12:23:06 info: 🚀 App listening on the port 8000
2023-06-02 12:23:06 info: =================================
2023-06-02 12:27:13 info: =================================
2023-06-02 12:27:13 info: ======= ENV: development =======
2023-06-02 12:27:13 info: 🚀 App listening on the port 8000
2023-06-02 12:27:13 info: =================================
2023-06-02 12:27:34 info: [0mOPTIONS /admins/profile [32m204[0m 2.152 ms - 0[0m
2023-06-02 12:27:35 info: [0mGET /branchs?page=1&page_size=10 [32m200[0m 223.632 ms - 87[0m
2023-06-02 12:27:35 info: [0mGET /admins/profile [36m304[0m 445.534 ms - -[0m
2023-06-02 12:27:35 info: [0mGET /branchs?page=1&page_size=10 [36m304[0m 6.639 ms - -[0m
2023-06-02 12:27:36 info: [0mGET /admins/profile [36m304[0m 133.424 ms - -[0m
2023-06-02 12:27:39 info: [0mOPTIONS /branchs/create [32m204[0m 0.715 ms - 0[0m
2023-06-02 12:27:39 info: [0mPOST /branchs/create [32m200[0m 30.968 ms - 16[0m
2023-06-02 12:27:39 info: [0mGET /branchs?page=1&page_size=10 [32m200[0m 38.201 ms - 160[0m
2023-06-02 12:27:39 info: [0mGET /admins/profile [36m304[0m 60.768 ms - -[0m
2023-06-02 12:27:39 info: [0mGET /branchs?page=1&page_size=10 [36m304[0m 13.851 ms - -[0m
2023-06-02 12:27:54 info: [0mOPTIONS /admins/profile [32m204[0m 3.046 ms - 0[0m
2023-06-02 12:27:55 info: [0mGET /admins/profile [36m304[0m 237.492 ms - -[0m
2023-06-02 12:27:56 info: [0mGET /branchs?page=1&page_size=10 [36m304[0m 158.081 ms - -[0m
2023-06-02 12:27:56 info: [0mGET /branchs?page=1&page_size=10 [36m304[0m 36.530 ms - -[0m
2023-06-02 12:43:34 info: =================================
2023-06-02 12:43:34 info: ======= ENV: development =======
2023-06-02 12:43:34 info: 🚀 App listening on the port 8000
2023-06-02 12:43:34 info: =================================
2023-06-02 12:43:52 info: [0mGET /banners/getListBanner [36m304[0m 543.284 ms - -[0m
2023-06-02 12:43:52 info: [0mGET /posts/getListFeatured [36m304[0m 549.861 ms - -[0m
2023-06-02 12:43:52 info: [0mGET /services/nav [36m304[0m 629.926 ms - -[0m
2023-06-02 12:43:52 info: [0mGET /services/nav [36m304[0m 57.316 ms - -[0m
2023-06-02 12:49:31 info: [0mOPTIONS /admins/profile [32m204[0m 2.450 ms - 0[0m
2023-06-02 12:49:31 info: [0mGET /admins/profile [36m304[0m 221.766 ms - -[0m
