2023-07-25 12:34:07 info: =================================
2023-07-25 12:34:07 info: ======= ENV: development =======
2023-07-25 12:34:07 info: 🚀 App listening on the port 8000
2023-07-25 12:34:07 info: =================================
2023-07-25 12:34:32 info: [0mGET /banners/getListBanner [32m200[0m 891.536 ms - 1404[0m
2023-07-25 12:34:32 info: [0mGET /posts/getListFeatured [32m200[0m 888.491 ms - 642[0m
2023-07-25 12:34:32 info: [0mGET /services/nav [32m200[0m 949.533 ms - 1603[0m
2023-07-25 12:34:35 info: [0mGET /services/nav [36m304[0m 37.175 ms - -[0m
2023-07-25 12:34:54 info: [0mGET /jobs/getListFeatured [36m304[0m 1332.954 ms - -[0m
2023-07-25 12:34:56 info: [0mGET /banners/getListBanner [32m200[0m 335.116 ms - 1404[0m
2023-07-25 12:34:56 info: [0mGET /services/nav [32m200[0m 442.946 ms - 1603[0m
2023-07-25 12:34:56 info: [0mGET /posts/getListFeatured [32m200[0m 473.899 ms - 642[0m
2023-07-25 12:35:49 info: [0mGET /branchs/getListBranch [36m304[0m 271.976 ms - -[0m
2023-07-25 12:35:49 info: [0mGET /services/getListService [36m304[0m 192.129 ms - -[0m
2023-07-25 12:35:49 info: [0mGET /projects/getProjectsClient [36m304[0m 157.303 ms - -[0m
2023-07-25 12:35:53 info: [0mGET /projects/findBySlug/he-thong-quan-tri-muc-tieu-okrs [32m200[0m 74.982 ms - 2935[0m
2023-07-25 12:36:00 info: [0mGET /banners/getListBanner [32m200[0m 52.622 ms - 1404[0m
2023-07-25 12:36:00 info: [0mGET /posts/getListFeatured [32m200[0m 58.706 ms - 642[0m
2023-07-25 12:36:00 info: [0mGET /services/nav [32m200[0m 54.064 ms - 1603[0m
2023-07-25 12:36:25 info: [0mGET /jobs/getListFeatured [36m304[0m 86.962 ms - -[0m
2023-07-25 12:36:55 info: [0mGET /jobs/getListFeatured [32m200[0m 429.422 ms - -[0m
2023-07-25 12:37:00 info: [0mGET /jobs/getListFeatured [36m304[0m 46.820 ms - -[0m
2023-07-25 12:37:50 info: =================================
2023-07-25 12:37:50 info: ======= ENV: development =======
2023-07-25 12:37:50 info: 🚀 App listening on the port 8000
2023-07-25 12:37:50 info: =================================
2023-07-25 12:37:56 info: [0mGET /jobs/getListFeatured [36m304[0m 297.083 ms - -[0m
2023-07-25 12:38:00 info: [0mGET /jobs/getListFeatured [36m304[0m 38.902 ms - -[0m
2023-07-25 12:39:03 info: =================================
2023-07-25 12:39:03 info: ======= ENV: development =======
2023-07-25 12:39:03 info: 🚀 App listening on the port 8000
2023-07-25 12:39:03 info: =================================
2023-07-25 12:39:08 info: [0mGET /jobs/getListFeatured [36m304[0m 163.846 ms - -[0m
2023-07-25 12:39:36 info: =================================
2023-07-25 12:39:36 info: ======= ENV: development =======
2023-07-25 12:39:36 info: 🚀 App listening on the port 8000
2023-07-25 12:39:36 info: =================================
2023-07-25 12:39:37 info: [0mGET /jobs/getListFeatured [32m200[0m 154.954 ms - -[0m
2023-07-25 12:40:17 info: =================================
2023-07-25 12:40:17 info: ======= ENV: development =======
2023-07-25 12:40:17 info: 🚀 App listening on the port 8000
2023-07-25 12:40:17 info: =================================
2023-07-25 12:40:19 info: [0mGET /categories/nav [33m404[0m 53.598 ms - 153[0m
2023-07-25 12:40:19 info: [0mGET /policy/get-list [33m404[0m 51.594 ms - 154[0m
2023-07-25 12:40:20 info: [0mGET /questions/get-list [33m404[0m 3.224 ms - 157[0m
2023-07-25 12:40:20 info: [0mGET /products/getProductByType/isNew [33m404[0m 4.329 ms - 170[0m
2023-07-25 12:40:20 info: [0mGET /products/getProductByType/isSale [33m404[0m 5.870 ms - 171[0m
2023-07-25 12:40:20 info: [0mGET /banners/get-list [33m404[0m 8.162 ms - 155[0m
2023-07-25 12:40:20 info: [0mGET /products/getProductByType/isTopSearch [33m404[0m 24.073 ms - 176[0m
2023-07-25 12:40:20 info: [0mGET /brands/get-list-featured [33m404[0m 25.963 ms - 163[0m
2023-07-25 12:40:20 info: [0mGET /products/getProductByType/isGift [33m404[0m 5.011 ms - 171[0m
2023-07-25 12:40:20 info: [0mGET /posts/get-list-featured [33m404[0m 9.244 ms - 162[0m
2023-07-25 12:40:20 info: [0mGET /categories/get-list-featured [33m404[0m 11.885 ms - 167[0m
2023-07-25 12:40:20 info: [0mGET /magazines/get-list [33m404[0m 14.403 ms - 157[0m
2023-07-25 12:40:20 info: [0mGET /products/getProductByType/isBodyCare [33m404[0m 2.549 ms - 175[0m
2023-07-25 12:40:22 info: [0mGET /categories/nav [33m404[0m 6.905 ms - 153[0m
2023-07-25 12:40:22 info: [0mGET /policy/get-list [33m404[0m 9.327 ms - 154[0m
2023-07-25 12:40:22 info: [0mGET /questions/get-list [33m404[0m 9.740 ms - 157[0m
2023-07-25 12:40:22 info: [0mGET /banners/get-list [33m404[0m 13.813 ms - 155[0m
2023-07-25 12:40:22 info: [0mGET /brands/get-list-featured [33m404[0m 15.775 ms - 163[0m
2023-07-25 12:40:22 info: [0mGET /magazines/get-list [33m404[0m 16.374 ms - 157[0m
2023-07-25 12:40:23 info: [0mGET /products/getProductByType/isNew [33m404[0m 13.504 ms - 170[0m
2023-07-25 12:40:23 info: [0mGET /products/getProductByType/isSale [33m404[0m 14.206 ms - 171[0m
2023-07-25 12:40:23 info: [0mGET /products/getProductByType/isTopSearch [33m404[0m 23.201 ms - 176[0m
2023-07-25 12:40:23 info: [0mGET /products/getProductByType/isGift [33m404[0m 7.215 ms - 171[0m
2023-07-25 12:40:23 info: [0mGET /posts/get-list-featured [33m404[0m 7.141 ms - 162[0m
2023-07-25 12:40:23 info: [0mGET /categories/get-list-featured [33m404[0m 6.242 ms - 167[0m
2023-07-25 12:40:23 info: [0mGET /products/getProductByType/isBodyCare [33m404[0m 0.617 ms - 175[0m
2023-07-25 12:40:25 info: [0mGET /categories/nav [33m404[0m 1.759 ms - 153[0m
2023-07-25 12:40:25 info: [0mGET /policy/get-list [33m404[0m 0.886 ms - 154[0m
2023-07-25 12:40:25 info: [0mGET /questions/get-list [33m404[0m 1.026 ms - 157[0m
2023-07-25 12:40:25 info: [0mGET /banners/get-list [33m404[0m 2.161 ms - 155[0m
2023-07-25 12:40:25 info: [0mGET /brands/get-list-featured [33m404[0m 6.272 ms - 163[0m
2023-07-25 12:40:25 info: [0mGET /magazines/get-list [33m404[0m 11.112 ms - 157[0m
2023-07-25 12:40:25 info: [0mGET /products/getProductByType/isNew [33m404[0m 5.405 ms - 170[0m
2023-07-25 12:40:25 info: [0mGET /products/getProductByType/isSale [33m404[0m 7.584 ms - 171[0m
2023-07-25 12:40:25 info: [0mGET /products/getProductByType/isTopSearch [33m404[0m 9.345 ms - 176[0m
2023-07-25 12:40:25 info: [0mGET /products/getProductByType/isGift [33m404[0m 10.881 ms - 171[0m
2023-07-25 12:40:25 info: [0mGET /posts/get-list-featured [33m404[0m 12.457 ms - 162[0m
2023-07-25 12:40:25 info: [0mGET /categories/get-list-featured [33m404[0m 15.651 ms - 167[0m
2023-07-25 12:40:25 info: [0mGET /products/getProductByType/isBodyCare [33m404[0m 0.840 ms - 175[0m
2023-07-25 12:40:30 info: [0mOPTIONS /admins/login [32m204[0m 3.825 ms - 0[0m
2023-07-25 12:40:31 info: [0mPOST /admins/login [32m200[0m 554.454 ms - -[0m
2023-07-25 12:40:33 info: [0mOPTIONS /admins/profile [32m204[0m 0.663 ms - 0[0m
2023-07-25 12:40:33 info: [0mGET /banners? [36m304[0m 115.421 ms - -[0m
2023-07-25 12:40:33 info: [0mGET /admins/profile [36m304[0m 184.740 ms - -[0m
2023-07-25 12:40:33 info: [0mGET /banners?page=1&page_size=10 [36m304[0m 25.399 ms - -[0m
2023-07-25 12:40:40 info: [0mOPTIONS /admins/profile [32m204[0m 0.884 ms - 0[0m
2023-07-25 12:40:40 info: [0mOPTIONS /folders/get-medias [32m204[0m 0.211 ms - 0[0m
2023-07-25 12:40:40 info: [0mPOST /folders/get-medias [32m200[0m 129.419 ms - 31[0m
2023-07-25 12:40:40 info: [0mGET /folders [32m200[0m 87.749 ms - 375[0m
2023-07-25 12:40:40 info: [0mGET /admins/profile [36m304[0m 117.774 ms - -[0m
2023-07-25 12:40:43 info: [0mGET /admins/profile [36m304[0m 67.882 ms - -[0m
2023-07-25 12:40:43 info: [0mGET /banners? [36m304[0m 55.045 ms - -[0m
2023-07-25 12:40:43 info: [0mGET /banners?page=1&page_size=10 [36m304[0m 30.140 ms - -[0m
2023-07-25 12:40:48 info: [0mOPTIONS /admins/profile [32m204[0m 1.098 ms - 0[0m
2023-07-25 12:40:48 info: [0mGET /jobs? [36m304[0m 39.208 ms - -[0m
2023-07-25 12:40:49 info: [0mGET /admins/profile [36m304[0m 75.012 ms - -[0m
2023-07-25 12:40:49 info: [0mGET /jobs?page=1&page_size=10 [36m304[0m 76.994 ms - -[0m
2023-07-25 12:40:57 info: [0mGET /jobs/getListFeatured [32m200[0m 31.199 ms - -[0m
2023-07-25 12:41:20 info: =================================
2023-07-25 12:41:20 info: ======= ENV: development =======
2023-07-25 12:41:20 info: 🚀 App listening on the port 8000
2023-07-25 12:41:20 info: =================================
2023-07-25 12:41:32 info: [0mGET /jobs/getListFeatured [32m200[0m 1628.191 ms - -[0m
2023-07-25 12:41:32 info: [0mGET /jobs/getListFeatured [36m304[0m 121.099 ms - -[0m
2023-07-25 12:41:34 info: [0mGET /jobs/getListFeatured [36m304[0m 20.948 ms - -[0m
2023-07-25 12:41:38 info: [0mOPTIONS /admins/profile [32m204[0m 1.077 ms - 0[0m
2023-07-25 12:41:39 info: [0mGET /admins/profile [36m304[0m 372.699 ms - -[0m
2023-07-25 12:41:40 info: [0mGET /jobs?page=1&page_size=10 [32m200[0m 359.143 ms - -[0m
2023-07-25 12:41:40 info: [0mGET /jobs?page=1&page_size=10 [36m304[0m 148.689 ms - -[0m
2023-07-25 12:42:13 info: =================================
2023-07-25 12:42:13 info: ======= ENV: development =======
2023-07-25 12:42:13 info: 🚀 App listening on the port 8000
2023-07-25 12:42:13 info: =================================
2023-07-25 12:42:27 info: =================================
2023-07-25 12:42:27 info: ======= ENV: development =======
2023-07-25 12:42:27 info: 🚀 App listening on the port 8000
2023-07-25 12:42:27 info: =================================
2023-07-25 12:42:30 info: [0mOPTIONS /admins/profile [32m204[0m 6.091 ms - 0[0m
2023-07-25 12:42:31 info: [0mGET /jobs?page=1&page_size=10 [32m200[0m 354.210 ms - -[0m
2023-07-25 12:42:31 info: [0mGET /admins/profile [36m304[0m 795.739 ms - -[0m
2023-07-25 12:42:31 info: [0mGET /jobs?page=1&page_size=10 [36m304[0m 134.029 ms - -[0m
2023-07-25 12:43:12 info: =================================
2023-07-25 12:43:12 info: ======= ENV: development =======
2023-07-25 12:43:12 info: 🚀 App listening on the port 8000
2023-07-25 12:43:12 info: =================================
2023-07-25 12:43:13 info: [0mGET /jobs/getListFeatured [36m304[0m 156.920 ms - -[0m
2023-07-25 12:43:13 info: [0mGET /jobs/getListFeatured [36m304[0m 12.247 ms - -[0m
2023-07-25 12:43:13 info: [0mGET /jobs/getListFeatured [36m304[0m 16.960 ms - -[0m
2023-07-25 12:43:13 info: [0mGET /jobs/getListFeatured [36m304[0m 22.119 ms - -[0m
2023-07-25 12:43:24 info: [0mOPTIONS /admins/profile [32m204[0m 2.082 ms - 0[0m
2023-07-25 12:43:24 info: [0mGET /admins/profile [36m304[0m 234.681 ms - -[0m
2023-07-25 12:43:24 info: [0mGET /jobs/show/3 [32m200[0m 123.874 ms - -[0m
2023-07-25 12:43:25 info: [0mGET /jobs?[object%20Object] [36m304[0m 49.683 ms - -[0m
2023-07-25 12:43:29 info: [0mOPTIONS /jobs/update/3 [32m204[0m 2.714 ms - 0[0m
2023-07-25 12:43:29 info: [0mPUT /jobs/update/3 [32m200[0m 94.455 ms - -[0m
2023-07-25 12:43:29 info: [0mGET /jobs/show/3 [32m200[0m 24.945 ms - -[0m
2023-07-25 12:43:30 info: [0mGET /jobs?[object%20Object] [32m200[0m 79.974 ms - -[0m
2023-07-25 12:43:31 info: [0mGET /jobs/getListFeatured [32m200[0m 23.504 ms - -[0m
2023-07-25 12:43:48 info: =================================
2023-07-25 12:43:48 info: ======= ENV: development =======
2023-07-25 12:43:48 info: 🚀 App listening on the port 8000
2023-07-25 12:43:48 info: =================================
2023-07-25 12:44:02 info: [0mGET /jobs/getListFeatured [32m200[0m 169.203 ms - -[0m
2023-07-25 12:44:48 info: [0mOPTIONS /admins/profile [32m204[0m 1.160 ms - 0[0m
2023-07-25 12:44:48 info: [0mGET /jobs/show/3 [36m304[0m 134.736 ms - -[0m
2023-07-25 12:44:48 info: [0mGET /admins/profile [36m304[0m 238.692 ms - -[0m
2023-07-25 12:44:48 info: [0mGET /jobs?page=1&page_size=10 [32m200[0m 109.103 ms - -[0m
2023-07-25 12:44:48 info: [0mGET /jobs?page=1&page_size=10 [36m304[0m 17.785 ms - -[0m
2023-07-25 12:44:51 info: [0mGET /jobs? [32m200[0m 21.755 ms - -[0m
2023-07-25 12:44:53 info: [0mGET /jobs/show/7 [32m200[0m 56.727 ms - -[0m
2023-07-25 12:44:53 info: [0mGET /admins/profile [36m304[0m 107.005 ms - -[0m
2023-07-25 12:44:53 info: [0mGET /jobs?[object%20Object] [36m304[0m 20.243 ms - -[0m
2023-07-25 12:44:54 info: [0mOPTIONS /admins/profile [32m204[0m 0.219 ms - 0[0m
2023-07-25 12:44:54 info: [0mGET /jobs/show/7 [32m200[0m 20.923 ms - -[0m
2023-07-25 12:44:54 info: [0mGET /jobs? [36m304[0m 41.776 ms - -[0m
2023-07-25 12:44:54 info: [0mGET /admins/profile [36m304[0m 111.599 ms - -[0m
2023-07-25 12:44:55 info: [0mGET /jobs?page=1&page_size=10 [36m304[0m 13.025 ms - -[0m
2023-07-25 12:44:56 info: [0mGET /jobs/show/7 [32m200[0m 17.496 ms - -[0m
2023-07-25 12:44:56 info: [0mGET /admins/profile [36m304[0m 174.984 ms - -[0m
2023-07-25 12:44:56 info: [0mGET /jobs?[object%20Object] [36m304[0m 34.287 ms - -[0m
2023-07-25 12:44:58 info: [0mOPTIONS /jobs/update/7 [32m204[0m 0.166 ms - 0[0m
2023-07-25 12:44:58 info: [0mPUT /jobs/update/7 [32m200[0m 98.008 ms - 16[0m
2023-07-25 12:44:58 info: [0mGET /jobs/show/3 [36m304[0m 6.302 ms - -[0m
2023-07-25 12:44:58 info: [0mGET /jobs/show/7 [36m304[0m 7.339 ms - -[0m
2023-07-25 12:44:58 info: [0mGET /jobs/show/7 [36m304[0m 8.110 ms - -[0m
2023-07-25 12:44:59 info: [0mGET /jobs?[object%20Object] [36m304[0m 83.393 ms - -[0m
2023-07-25 12:45:00 info: [0mGET /jobs/getListFeatured [36m304[0m 12.402 ms - -[0m
2023-07-25 12:45:03 info: [0mGET /jobs/getListFeatured [36m304[0m 5.238 ms - -[0m
2023-07-25 12:45:03 info: [0mGET /jobs/getListFeatured [36m304[0m 6.311 ms - -[0m
2023-07-25 12:45:03 info: [0mGET /jobs/getListFeatured [36m304[0m 7.868 ms - -[0m
2023-07-25 12:45:04 info: [0mGET /jobs/getListFeatured [36m304[0m 12.658 ms - -[0m
2023-07-25 12:45:08 info: [0mOPTIONS /jobs/update/7 [32m204[0m 0.457 ms - 0[0m
2023-07-25 12:45:08 info: [0mPUT /jobs/update/7 [32m200[0m 48.587 ms - 16[0m
2023-07-25 12:45:08 info: [0mGET /jobs/show/3 [36m304[0m 9.400 ms - -[0m
2023-07-25 12:45:08 info: [0mGET /jobs/show/7 [36m304[0m 10.857 ms - -[0m
2023-07-25 12:45:08 info: [0mGET /jobs/show/7 [36m304[0m 8.436 ms - -[0m
2023-07-25 12:45:09 info: [0mGET /jobs?[object%20Object] [36m304[0m 9.412 ms - -[0m
2023-07-25 12:45:41 info: =================================
2023-07-25 12:45:41 info: ======= ENV: development =======
2023-07-25 12:45:41 info: 🚀 App listening on the port 8000
2023-07-25 12:45:41 info: =================================
2023-07-25 12:45:45 info: [0mOPTIONS /jobs/update/7 [32m204[0m 21.548 ms - 0[0m
2023-07-25 12:45:45 info: [0mPUT /jobs/update/7 [32m200[0m 313.981 ms - 16[0m
2023-07-25 12:45:45 info: [0mGET /jobs/show/3 [36m304[0m 45.260 ms - -[0m
2023-07-25 12:45:45 info: [0mGET /jobs/show/7 [36m304[0m 25.229 ms - -[0m
2023-07-25 12:45:45 info: [0mGET /jobs/show/7 [36m304[0m 21.717 ms - -[0m
2023-07-25 12:45:46 info: [0mGET /jobs?[object%20Object] [36m304[0m 29.926 ms - -[0m
2023-07-25 12:46:52 info: =================================
2023-07-25 12:46:52 info: ======= ENV: development =======
2023-07-25 12:46:52 info: 🚀 App listening on the port 8000
2023-07-25 12:46:52 info: =================================
2023-07-25 12:47:16 info: =================================
2023-07-25 12:47:16 info: ======= ENV: development =======
2023-07-25 12:47:16 info: 🚀 App listening on the port 8000
2023-07-25 12:47:16 info: =================================
2023-07-25 12:47:27 info: =================================
2023-07-25 12:47:27 info: ======= ENV: development =======
2023-07-25 12:47:27 info: 🚀 App listening on the port 8000
2023-07-25 12:47:27 info: =================================
2023-07-25 12:47:30 info: [0mOPTIONS /jobs/update/7 [32m204[0m 2.242 ms - 0[0m
2023-07-25 12:47:30 info: [0mPUT /jobs/update/7 [32m200[0m 436.216 ms - -[0m
2023-07-25 12:47:30 info: [0mGET /jobs/show/3 [36m304[0m 62.943 ms - -[0m
2023-07-25 12:47:30 info: [0mGET /jobs/show/7 [32m200[0m 66.089 ms - -[0m
2023-07-25 12:47:30 info: [0mGET /jobs/show/7 [36m304[0m 7.517 ms - -[0m
2023-07-25 12:47:31 info: [0mGET /jobs?[object%20Object] [32m200[0m 89.207 ms - -[0m
2023-07-25 12:47:35 info: [0mGET /jobs/getListFeatured [32m200[0m 33.670 ms - -[0m
2023-07-25 12:47:55 info: [0mOPTIONS /admins/profile [32m204[0m 0.520 ms - 0[0m
2023-07-25 12:47:56 info: [0mGET /jobs/show/7 [36m304[0m 301.568 ms - -[0m
2023-07-25 12:47:56 info: [0mGET /jobs?page=1&page_size=10 [32m200[0m 231.493 ms - -[0m
2023-07-25 12:47:56 info: [0mGET /jobs?page=1&page_size=10 [36m304[0m 26.396 ms - -[0m
2023-07-25 12:47:56 info: [0mGET /admins/profile [36m304[0m 359.262 ms - -[0m
2023-07-25 12:48:00 info: [0mGET /jobs/show/8 [36m304[0m 13.235 ms - -[0m
2023-07-25 12:48:00 info: [0mGET /admins/profile [36m304[0m 77.201 ms - -[0m
2023-07-25 12:48:00 info: [0mGET /jobs?[object%20Object] [36m304[0m 12.279 ms - -[0m
2023-07-25 12:48:02 info: [0mOPTIONS /jobs/update/8 [32m204[0m 0.316 ms - 0[0m
2023-07-25 12:48:02 info: [0mPUT /jobs/update/8 [32m200[0m 109.055 ms - 16[0m
2023-07-25 12:48:03 info: [0mGET /jobs/show/8 [36m304[0m 47.106 ms - -[0m
2023-07-25 12:48:03 info: [0mGET /jobs/show/7 [36m304[0m 61.056 ms - -[0m
2023-07-25 12:48:03 info: [0mGET /jobs/show/3 [36m304[0m 70.210 ms - -[0m
2023-07-25 12:48:03 info: [0mGET /jobs/show/7 [36m304[0m 25.531 ms - -[0m
2023-07-25 12:48:03 info: [0mGET /jobs?[object%20Object] [36m304[0m 24.698 ms - -[0m
2023-07-25 12:48:04 info: [0mGET /jobs/getListFeatured [36m304[0m 28.595 ms - -[0m
2023-07-25 12:50:08 info: =================================
2023-07-25 12:50:08 info: ======= ENV: development =======
2023-07-25 12:50:08 info: 🚀 App listening on the port 8000
2023-07-25 12:50:08 info: =================================
2023-07-25 12:50:33 info: [0mOPTIONS /admins/profile [32m204[0m 8.367 ms - 0[0m
2023-07-25 12:50:35 info: [0mGET /jobs/show/8 [36m304[0m 359.030 ms - -[0m
2023-07-25 12:50:35 info: [0mGET /jobs?[object%20Object] [36m304[0m 1367.841 ms - -[0m
2023-07-25 12:50:35 info: [0mGET /admins/profile [36m304[0m 1633.356 ms - -[0m
2023-07-25 12:50:36 info: [0mGET /jobs?[object%20Object] [36m304[0m 128.080 ms - -[0m
2023-07-25 12:50:49 info: [0mOPTIONS /jobs/update/8 [32m204[0m 0.537 ms - 0[0m
2023-07-25 12:50:49 info: [0mPUT /jobs/update/8 [32m200[0m 311.112 ms - 16[0m
2023-07-25 12:50:49 info: [0mGET /jobs/show/8 [36m304[0m 39.604 ms - -[0m
2023-07-25 12:50:50 info: [0mGET /jobs?[object%20Object] [36m304[0m 72.167 ms - -[0m
2023-07-25 12:51:30 info: =================================
2023-07-25 12:51:30 info: ======= ENV: development =======
2023-07-25 12:51:30 info: 🚀 App listening on the port 8000
2023-07-25 12:51:30 info: =================================
2023-07-25 12:52:39 info: =================================
2023-07-25 12:52:39 info: ======= ENV: development =======
2023-07-25 12:52:39 info: 🚀 App listening on the port 8000
2023-07-25 12:52:39 info: =================================
2023-07-25 12:52:45 info: [0mGET /jobs/getListFeatured [36m304[0m 286.178 ms - -[0m
2023-07-25 12:52:53 info: [0mOPTIONS /jobs/update/8 [32m204[0m 2.053 ms - 0[0m
2023-07-25 12:52:54 info: [0mPUT /jobs/update/8 [32m200[0m 312.153 ms - 16[0m
2023-07-25 12:52:54 info: [0mGET /jobs/show/8 [36m304[0m 60.896 ms - -[0m
2023-07-25 12:52:54 info: [0mGET /jobs?[object%20Object] [36m304[0m 116.684 ms - -[0m
2023-07-25 12:53:20 info: =================================
2023-07-25 12:53:20 info: ======= ENV: development =======
2023-07-25 12:53:20 info: 🚀 App listening on the port 8000
2023-07-25 12:53:20 info: =================================
2023-07-25 12:53:22 info: [0mOPTIONS /jobs/update/8 [32m204[0m 2.162 ms - 0[0m
2023-07-25 12:53:22 info: [0mPUT /jobs/update/8 [32m200[0m 531.152 ms - 16[0m
2023-07-25 12:53:22 info: [0mGET /jobs/show/8 [32m200[0m 64.325 ms - -[0m
2023-07-25 12:53:23 info: [0mGET /jobs?[object%20Object] [36m304[0m 156.623 ms - -[0m
2023-07-25 12:54:26 info: =================================
2023-07-25 12:54:26 info: ======= ENV: development =======
2023-07-25 12:54:26 info: 🚀 App listening on the port 8000
2023-07-25 12:54:26 info: =================================
2023-07-25 12:54:34 info: [0mOPTIONS /jobs/update/8 [32m204[0m 1.766 ms - 0[0m
2023-07-25 12:54:35 info: [0mPUT /jobs/update/8 [32m200[0m 733.844 ms - 16[0m
2023-07-25 12:54:35 info: [0mGET /jobs/show/8 [36m304[0m 67.315 ms - -[0m
2023-07-25 12:54:36 info: [0mGET /jobs?[object%20Object] [36m304[0m 32.541 ms - -[0m
2023-07-25 12:55:32 info: =================================
2023-07-25 12:55:32 info: ======= ENV: development =======
2023-07-25 12:55:32 info: 🚀 App listening on the port 8000
2023-07-25 12:55:32 info: =================================
2023-07-25 12:55:35 info: [0mOPTIONS /jobs/update/8 [32m204[0m 3.765 ms - 0[0m
2023-07-25 12:55:36 info: [0mPUT /jobs/update/8 [32m200[0m 592.491 ms - 16[0m
2023-07-25 12:55:36 info: [0mGET /jobs/show/8 [32m200[0m 42.945 ms - -[0m
2023-07-25 12:55:36 info: [0mGET /jobs?[object%20Object] [36m304[0m 103.484 ms - -[0m
2023-07-25 12:56:12 info: =================================
2023-07-25 12:56:12 info: ======= ENV: development =======
2023-07-25 12:56:12 info: 🚀 App listening on the port 8000
2023-07-25 12:56:12 info: =================================
2023-07-25 12:57:11 info: [0mGET /categories/nav [33m404[0m 21.472 ms - 153[0m
2023-07-25 12:57:11 info: [0mGET /policy/get-list [33m404[0m 12.851 ms - 154[0m
2023-07-25 12:57:11 info: [0mGET /products/getProductByType/isNew [33m404[0m 4.460 ms - 170[0m
2023-07-25 12:57:11 info: [0mGET /questions/get-list [33m404[0m 3.309 ms - 157[0m
2023-07-25 12:57:11 info: [0mGET /products/getProductByType/isSale [33m404[0m 3.892 ms - 171[0m
2023-07-25 12:57:11 info: [0mGET /banners/get-list [33m404[0m 5.652 ms - 155[0m
2023-07-25 12:57:11 info: [0mGET /products/getProductByType/isTopSearch [33m404[0m 16.876 ms - 176[0m
2023-07-25 12:57:11 info: [0mGET /products/getProductByType/isGift [33m404[0m 5.644 ms - 171[0m
2023-07-25 12:57:11 info: [0mGET /brands/get-list-featured [33m404[0m 7.574 ms - 163[0m
2023-07-25 12:57:11 info: [0mGET /posts/get-list-featured [33m404[0m 5.723 ms - 162[0m
2023-07-25 12:57:11 info: [0mGET /categories/get-list-featured [33m404[0m 6.624 ms - 167[0m
2023-07-25 12:57:11 info: [0mGET /magazines/get-list [33m404[0m 6.796 ms - 157[0m
2023-07-25 12:57:11 info: [0mGET /products/getProductByType/isBodyCare [33m404[0m 39.758 ms - 175[0m
2023-07-25 12:58:04 info: =================================
2023-07-25 12:58:04 info: ======= ENV: development =======
2023-07-25 12:58:04 info: 🚀 App listening on the port 8000
2023-07-25 12:58:04 info: =================================
2023-07-25 12:58:37 info: =================================
2023-07-25 12:58:37 info: ======= ENV: development =======
2023-07-25 12:58:37 info: 🚀 App listening on the port 8000
2023-07-25 12:58:37 info: =================================
2023-07-25 12:58:48 info: =================================
2023-07-25 12:58:48 info: ======= ENV: development =======
2023-07-25 12:58:48 info: 🚀 App listening on the port 8000
2023-07-25 12:58:48 info: =================================
2023-07-25 12:59:13 info: =================================
2023-07-25 12:59:13 info: ======= ENV: development =======
2023-07-25 12:59:13 info: 🚀 App listening on the port 8000
2023-07-25 12:59:13 info: =================================
