2023-04-15 12:50:34 info: =================================
2023-04-15 12:50:34 info: ======= ENV: development =======
2023-04-15 12:50:34 info: 🚀 App listening on the port 8000
2023-04-15 12:50:34 info: =================================
2023-04-15 12:50:39 info: [0mOPTIONS /admins/login [32m204[0m 7.147 ms - 0[0m
2023-04-15 12:50:40 info: [0mPOST /admins/login [32m200[0m 431.770 ms - -[0m
2023-04-15 12:50:41 info: [0mOPTIONS /admins/profile [32m204[0m 7.588 ms - 0[0m
2023-04-15 12:50:41 info: [0mGET /admins/profile [36m304[0m 130.639 ms - -[0m
2023-04-15 12:50:55 info: [0mOPTIONS /admins/profile [32m204[0m 4.719 ms - 0[0m
2023-04-15 12:50:55 info: [0mGET /admins/profile [36m304[0m 308.847 ms - -[0m
2023-04-15 12:50:55 info: [0mGET /posts? [36m304[0m 332.758 ms - -[0m
2023-04-15 12:50:56 info: [0mGET /posts?page=1&page_size=10 [36m304[0m 90.994 ms - -[0m
2023-04-15 12:50:57 info: [0mGET /admins/profile [36m304[0m 125.045 ms - -[0m
2023-04-15 12:50:57 info: [0mGET /projects? [36m304[0m 111.344 ms - -[0m
2023-04-15 12:50:57 info: [0mGET /projects?page=1&page_size=10 [36m304[0m 52.695 ms - -[0m
2023-04-15 12:50:58 info: [0mGET /posts? [36m304[0m 19.904 ms - -[0m
2023-04-15 12:50:58 info: [0mGET /admins/profile [36m304[0m 28.639 ms - -[0m
2023-04-15 12:50:58 info: [0mGET /posts?page=1&page_size=10 [36m304[0m 8.794 ms - -[0m
2023-04-15 12:51:00 info: [0mGET /admins/profile [36m304[0m 86.312 ms - -[0m
2023-04-15 12:51:00 info: [0mGET /categories?[object%20Object] [36m304[0m 89.256 ms - -[0m
2023-04-15 12:51:00 info: [0mGET /ceos?[object%20Object] [36m304[0m 97.329 ms - -[0m
2023-04-15 12:51:00 info: [0mGET /posts?[object%20Object] [36m304[0m 89.065 ms - -[0m
2023-04-15 12:51:08 info: [0mOPTIONS /admins/profile [32m204[0m 0.753 ms - 0[0m
2023-04-15 12:51:08 info: [0mGET /admins/profile [36m304[0m 124.646 ms - -[0m
2023-04-15 12:51:08 info: [0mGET /projects? [36m304[0m 84.744 ms - -[0m
2023-04-15 12:51:08 info: [0mGET /projects?page=1&page_size=10 [36m304[0m 90.190 ms - -[0m
2023-04-15 12:51:12 info: [0mGET /projects?[object%20Object] [36m304[0m 149.907 ms - -[0m
2023-04-15 12:51:12 info: [0mGET /admins/profile [36m304[0m 188.066 ms - -[0m
2023-04-15 12:51:31 info: [0mOPTIONS /projects/create [32m204[0m 0.457 ms - 0[0m
2023-04-15 12:51:31 info: [0mPOST /projects/create [32m200[0m 64.816 ms - 2[0m
2023-04-15 12:51:31 info: [0mOPTIONS /admins/profile [32m204[0m 0.207 ms - 0[0m
2023-04-15 12:51:32 info: [0mGET /projects?page=1&page_size=10 [32m200[0m 155.679 ms - 659[0m
2023-04-15 12:51:32 info: [0mGET /admins/profile [36m304[0m 195.076 ms - -[0m
2023-04-15 12:51:32 info: [0mGET /projects?page=1&page_size=10 [32m200[0m 86.897 ms - 659[0m
2023-04-15 12:51:33 info: [0mGET /admins/profile [36m304[0m 29.424 ms - -[0m
2023-04-15 12:51:33 info: [0mGET /projects/show/3 [32m200[0m 38.215 ms - 409[0m
2023-04-15 12:51:34 info: [0mGET /projects?[object%20Object] [32m200[0m 9.979 ms - 659[0m
2023-04-15 12:53:40 info: [0mOPTIONS /admins/profile [32m204[0m 5.560 ms - 0[0m
2023-04-15 12:53:40 info: [0mGET /admins/profile [36m304[0m 178.186 ms - -[0m
2023-04-15 12:53:40 info: [0mGET /projects/show/3 [32m200[0m 359.665 ms - 415[0m
2023-04-15 12:53:40 info: [0mGET /projects? [32m200[0m 280.265 ms - 659[0m
2023-04-15 12:53:40 info: [0mGET /projects?page=1&page_size=10 [36m304[0m 118.202 ms - -[0m
2023-04-15 12:54:13 info: =================================
2023-04-15 12:54:13 info: ======= ENV: development =======
2023-04-15 12:54:13 info: 🚀 App listening on the port 8000
2023-04-15 12:54:13 info: =================================
2023-04-15 12:54:23 info: [0mGET /projects/show/3 [36m304[0m 317.676 ms - -[0m
2023-04-15 12:54:37 info: [0mOPTIONS /admins/profile [32m204[0m 3.609 ms - 0[0m
2023-04-15 12:54:37 info: [0mGET /projects/show/3 [32m200[0m 105.872 ms - 409[0m
2023-04-15 12:54:37 info: [0mGET /admins/profile [36m304[0m 138.648 ms - -[0m
2023-04-15 12:54:37 info: [0mGET /projects?[object%20Object] [36m304[0m 22.858 ms - -[0m
2023-04-15 12:54:51 info: [0mOPTIONS /admins/profile [32m204[0m 1.131 ms - 0[0m
2023-04-15 12:54:51 info: [0mGET /projects/show/3 [32m200[0m 234.898 ms - 415[0m
2023-04-15 12:54:51 info: [0mGET /ceos? [32m200[0m 239.235 ms - 362[0m
2023-04-15 12:54:51 info: [0mGET /admins/profile [36m304[0m 206.404 ms - -[0m
2023-04-15 12:54:51 info: [0mGET /ceos?page=1&page_size=10 [36m304[0m 165.690 ms - -[0m
2023-04-15 12:55:04 info: [0mOPTIONS /admins/profile [32m204[0m 0.453 ms - 0[0m
2023-04-15 12:55:04 info: [0mGET /admins/profile [36m304[0m 165.406 ms - -[0m
2023-04-15 12:55:04 info: [0mGET /ceos?page=1&page_size=10 [36m304[0m 31.586 ms - -[0m
2023-04-15 12:55:04 info: [0mGET /ceos?page=1&page_size=10 [36m304[0m 14.663 ms - -[0m
2023-04-15 12:55:11 info: [0mOPTIONS /admins/profile [32m204[0m 0.832 ms - 0[0m
2023-04-15 12:55:11 info: [0mGET /admins/profile [36m304[0m 97.574 ms - -[0m
2023-04-15 12:55:11 info: [0mGET /ceos?page=1&page_size=10 [36m304[0m 64.945 ms - -[0m
2023-04-15 12:55:12 info: [0mGET /ceos?page=1&page_size=10 [36m304[0m 90.159 ms - -[0m
2023-04-15 12:55:13 info: [0mGET /admins/profile [36m304[0m 125.322 ms - -[0m
2023-04-15 12:55:13 info: [0mGET /projects? [36m304[0m 212.616 ms - -[0m
2023-04-15 12:55:13 info: [0mGET /projects?page=1&page_size=10 [36m304[0m 96.380 ms - -[0m
2023-04-15 12:55:20 info: [0mOPTIONS /admins/profile [32m204[0m 0.876 ms - 0[0m
2023-04-15 12:55:20 info: [0mGET /admins/profile [36m304[0m 68.975 ms - -[0m
2023-04-15 12:55:21 info: [0mGET /projects?page=1&page_size=10 [36m304[0m 100.342 ms - -[0m
2023-04-15 12:55:21 info: [0mGET /projects?page=1&page_size=10 [36m304[0m 60.761 ms - -[0m
2023-04-15 12:55:24 info: [0mGET /projects/show/3 [32m200[0m 42.328 ms - 409[0m
2023-04-15 12:55:24 info: [0mGET /admins/profile [36m304[0m 113.028 ms - -[0m
2023-04-15 12:55:25 info: [0mGET /projects?[object%20Object] [36m304[0m 51.641 ms - -[0m
2023-04-15 12:55:32 info: [0mOPTIONS /admins/profile [32m204[0m 0.708 ms - 0[0m
2023-04-15 12:55:32 info: [0mGET /projects?[object%20Object] [36m304[0m 111.423 ms - -[0m
2023-04-15 12:55:32 info: [0mGET /admins/profile [36m304[0m 181.198 ms - -[0m
2023-04-15 12:55:33 info: [0mGET /projects/show/3 [36m304[0m 143.451 ms - -[0m
2023-04-15 12:55:34 info: [0mGET /projects?[object%20Object] [36m304[0m 115.334 ms - -[0m
2023-04-15 12:56:30 info: [0mGET /projects/show/3 [36m304[0m 123.202 ms - -[0m
2023-04-15 12:56:36 info: [0mOPTIONS /admins/profile [32m204[0m 6.291 ms - 0[0m
2023-04-15 12:56:37 info: [0mGET /projects/show/3 [36m304[0m 104.979 ms - -[0m
2023-04-15 12:56:37 info: [0mGET /admins/profile [36m304[0m 132.736 ms - -[0m
2023-04-15 12:56:37 info: [0mGET /projects?[object%20Object] [36m304[0m 87.178 ms - -[0m
2023-04-15 12:56:54 info: [0mGET /projects/show/3 [36m304[0m 382.091 ms - -[0m
2023-04-15 12:56:54 info: [0mGET /projects/show/3 [36m304[0m 14.946 ms - -[0m
2023-04-15 12:56:54 info: [0mGET /projects?[object%20Object] [36m304[0m 448.243 ms - -[0m
2023-04-15 12:56:54 info: [0mGET /projects?[object%20Object] [36m304[0m 98.110 ms - -[0m
2023-04-15 12:57:07 info: [0mGET /projects/show/3 [36m304[0m 121.323 ms - -[0m
2023-04-15 12:57:07 info: [0mGET /projects/show/3 [36m304[0m 16.932 ms - -[0m
2023-04-15 12:57:07 info: [0mGET /projects?[object%20Object] [36m304[0m 186.471 ms - -[0m
2023-04-15 12:57:13 info: [0mGET /projects/show/3 [36m304[0m 70.280 ms - -[0m
2023-04-15 12:57:13 info: [0mGET /projects/show/3 [36m304[0m 37.122 ms - -[0m
2023-04-15 12:57:13 info: [0mGET /projects?[object%20Object] [36m304[0m 27.571 ms - -[0m
2023-04-15 12:57:24 info: [0mOPTIONS /projects/update/3 [32m204[0m 0.895 ms - 0[0m
2023-04-15 12:57:24 info: [0mPUT /projects/update/3 [32m200[0m 89.436 ms - 2[0m
2023-04-15 12:57:24 info: [0mGET /projects/show/3 [32m200[0m 11.256 ms - 434[0m
2023-04-15 12:57:24 info: [0mGET /projects/show/3 [36m304[0m 5.424 ms - -[0m
2023-04-15 12:57:24 info: [0mGET /projects/show/3 [36m304[0m 5.872 ms - -[0m
2023-04-15 12:57:24 info: [0mGET /projects/show/3 [36m304[0m 6.283 ms - -[0m
2023-04-15 12:57:24 info: [0mGET /projects/show/3 [36m304[0m 6.036 ms - -[0m
2023-04-15 12:57:25 info: [0mGET /projects?[object%20Object] [32m200[0m 37.527 ms - 684[0m
2023-04-15 12:57:38 info: [0mOPTIONS /projects/update/3 [32m204[0m 0.153 ms - 0[0m
2023-04-15 12:57:38 info: [0mPUT /projects/update/3 [32m200[0m 20.960 ms - 2[0m
2023-04-15 12:57:38 info: [0mGET /projects/show/3 [32m200[0m 7.265 ms - 479[0m
2023-04-15 12:57:38 info: [0mGET /projects/show/3 [36m304[0m 4.805 ms - -[0m
2023-04-15 12:57:38 info: [0mGET /projects/show/3 [36m304[0m 7.917 ms - -[0m
2023-04-15 12:57:38 info: [0mGET /projects/show/3 [36m304[0m 9.392 ms - -[0m
2023-04-15 12:57:38 info: [0mGET /projects/show/3 [36m304[0m 4.485 ms - -[0m
2023-04-15 12:57:38 info: [0mGET /projects?[object%20Object] [32m200[0m 7.356 ms - 683[0m
2023-04-15 12:57:43 info: [0mOPTIONS /admins/profile [32m204[0m 0.197 ms - 0[0m
2023-04-15 12:57:43 info: [0mGET /projects?[object%20Object] [36m304[0m 117.497 ms - -[0m
2023-04-15 12:57:43 info: [0mGET /admins/profile [36m304[0m 129.967 ms - -[0m
2023-04-15 12:57:43 info: [0mGET /projects/show/3 [36m304[0m 46.214 ms - -[0m
2023-04-15 12:57:44 info: [0mGET /projects?[object%20Object] [36m304[0m 10.629 ms - -[0m
2023-04-15 12:57:47 info: [0mOPTIONS /folders/get-medias [32m204[0m 0.960 ms - 0[0m
2023-04-15 12:57:47 info: [0mPOST /folders/get-medias [32m200[0m 41.020 ms - 367[0m
2023-04-15 12:57:47 info: [0mGET /folders [32m200[0m 66.925 ms - 293[0m
2023-04-15 12:57:49 info: [0mPOST /folders/get-medias [32m200[0m 4.941 ms - 367[0m
2023-04-15 12:57:49 info: [0mGET /folders [36m304[0m 9.908 ms - -[0m
2023-04-15 12:57:54 info: [0mOPTIONS /projects/update/3 [32m204[0m 0.178 ms - 0[0m
2023-04-15 12:57:54 info: [0mPUT /projects/update/3 [32m200[0m 34.775 ms - 2[0m
2023-04-15 12:57:54 info: [0mGET /projects/show/3 [32m200[0m 46.687 ms - -[0m
2023-04-15 12:57:54 info: [0mGET /projects?[object%20Object] [32m200[0m 7.334 ms - 1015[0m
2023-04-15 12:57:57 info: [0mOPTIONS /admins/profile [32m204[0m 3.333 ms - 0[0m
2023-04-15 12:57:57 info: [0mGET /projects?[object%20Object] [36m304[0m 10.938 ms - -[0m
2023-04-15 12:57:57 info: [0mGET /admins/profile [36m304[0m 30.480 ms - -[0m
2023-04-15 12:57:57 info: [0mGET /projects/show/3 [36m304[0m 16.489 ms - -[0m
2023-04-15 12:57:58 info: [0mGET /projects?[object%20Object] [36m304[0m 15.566 ms - -[0m
