2023-04-02 00:00:33 info: [0mGET /projects/show/1 [0m-[0m - ms - -[0m
2023-04-02 00:00:35 info: [0mGET /projects? [36m304[0m 397.417 ms - -[0m
2023-04-02 00:01:02 info: =================================
2023-04-02 00:01:02 info: ======= ENV: development =======
2023-04-02 00:01:02 info: 🚀 App listening on the port 8000
2023-04-02 00:01:02 info: =================================
2023-04-02 00:01:31 info: [0mGET /projects? [32m200[0m 94.536 ms - 287[0m
2023-04-02 00:01:32 info: [0mGET /projects? [36m304[0m 9.704 ms - -[0m
2023-04-02 00:01:33 info: [0mOPTIONS /projects/create [32m204[0m 0.446 ms - 0[0m
2023-04-02 00:01:33 info: [0mPOST /projects/create [31m500[0m 91.300 ms - 1007[0m
2023-04-02 00:03:24 info: =================================
2023-04-02 00:03:24 info: ======= ENV: development =======
2023-04-02 00:03:24 info: 🚀 App listening on the port 8000
2023-04-02 00:03:24 info: =================================
2023-04-02 00:03:37 info: =================================
2023-04-02 00:03:37 info: ======= ENV: development =======
2023-04-02 00:03:37 info: 🚀 App listening on the port 8000
2023-04-02 00:03:37 info: =================================
2023-04-02 00:04:21 info: =================================
2023-04-02 00:04:21 info: ======= ENV: development =======
2023-04-02 00:04:21 info: 🚀 App listening on the port 8000
2023-04-02 00:04:21 info: =================================
2023-04-02 00:04:23 info: [0mGET /projects/show/1 [0m-[0m - ms - -[0m
2023-04-02 00:04:50 info: =================================
2023-04-02 00:04:50 info: ======= ENV: development =======
2023-04-02 00:04:50 info: 🚀 App listening on the port 8000
2023-04-02 00:04:50 info: =================================
2023-04-02 00:05:22 info: =================================
2023-04-02 00:05:22 info: ======= ENV: development =======
2023-04-02 00:05:22 info: 🚀 App listening on the port 8000
2023-04-02 00:05:22 info: =================================
2023-04-02 00:10:15 info: =================================
2023-04-02 00:10:15 info: ======= ENV: development =======
2023-04-02 00:10:15 info: 🚀 App listening on the port 8000
2023-04-02 00:10:15 info: =================================
2023-04-02 00:10:35 info: [0mGET /projects? [36m304[0m 120.010 ms - -[0m
2023-04-02 00:12:06 info: =================================
2023-04-02 00:12:06 info: ======= ENV: development =======
2023-04-02 00:12:06 info: 🚀 App listening on the port 8000
2023-04-02 00:12:06 info: =================================
2023-04-02 00:12:39 info: [0mGET /projects/show/1 [0m-[0m - ms - -[0m
2023-04-02 00:12:42 info: [0mOPTIONS /projects/create [32m204[0m 1.168 ms - 0[0m
2023-04-02 00:12:42 info: [0mPOST /projects/create [31m500[0m 127.557 ms - 583[0m
2023-04-02 00:13:58 info: [0mOPTIONS /projects/create [32m204[0m 0.445 ms - 0[0m
2023-04-02 00:13:58 info: [0mPOST /projects/create [31m500[0m 54.830 ms - 583[0m
2023-04-02 00:15:15 info: =================================
2023-04-02 00:15:15 info: ======= ENV: development =======
2023-04-02 00:15:15 info: 🚀 App listening on the port 8000
2023-04-02 00:15:15 info: =================================
2023-04-02 00:15:17 info: [0mGET /projects? [36m304[0m 170.902 ms - -[0m
2023-04-02 00:15:24 info: [0mOPTIONS /projects/create [32m204[0m 0.692 ms - 0[0m
2023-04-02 00:15:24 info: [0mPOST /projects/create [31m500[0m 96.200 ms - 583[0m
2023-04-02 00:15:56 info: =================================
2023-04-02 00:15:56 info: ======= ENV: development =======
2023-04-02 00:15:56 info: 🚀 App listening on the port 8000
2023-04-02 00:15:56 info: =================================
2023-04-02 00:16:46 info: =================================
2023-04-02 00:16:46 info: ======= ENV: development =======
2023-04-02 00:16:46 info: 🚀 App listening on the port 8000
2023-04-02 00:16:46 info: =================================
2023-04-02 00:16:59 info: =================================
2023-04-02 00:16:59 info: ======= ENV: development =======
2023-04-02 00:16:59 info: 🚀 App listening on the port 8000
2023-04-02 00:16:59 info: =================================
2023-04-02 00:17:28 info: =================================
2023-04-02 00:17:28 info: ======= ENV: development =======
2023-04-02 00:17:28 info: 🚀 App listening on the port 8000
2023-04-02 00:17:28 info: =================================
2023-04-02 00:18:03 info: [0mGET /projects? [32m200[0m 180.436 ms - 284[0m
2023-04-02 00:18:05 info: [0mOPTIONS /projects/create [32m204[0m 0.402 ms - 0[0m
2023-04-02 00:18:05 info: [0mPOST /projects/create [31m500[0m 109.065 ms - -[0m
2023-04-02 00:20:16 info: =================================
2023-04-02 00:20:16 info: ======= ENV: development =======
2023-04-02 00:20:16 info: 🚀 App listening on the port 8000
2023-04-02 00:20:16 info: =================================
2023-04-02 00:20:39 info: =================================
2023-04-02 00:20:39 info: ======= ENV: development =======
2023-04-02 00:20:39 info: 🚀 App listening on the port 8000
2023-04-02 00:20:39 info: =================================
2023-04-02 00:20:41 info: [0mOPTIONS /projects/create [32m204[0m 2.611 ms - 0[0m
2023-04-02 00:20:41 info: [0mPOST /projects/create [32m200[0m 120.612 ms - 2[0m
2023-04-02 00:20:41 info: [0mGET /projects? [32m200[0m 65.857 ms - 453[0m
2023-04-02 00:21:13 info: =================================
2023-04-02 00:21:13 info: ======= ENV: development =======
2023-04-02 00:21:13 info: 🚀 App listening on the port 8000
2023-04-02 00:21:13 info: =================================
2023-04-02 00:21:29 info: =================================
2023-04-02 00:21:29 info: ======= ENV: development =======
2023-04-02 00:21:29 info: 🚀 App listening on the port 8000
2023-04-02 00:21:29 info: =================================
2023-04-02 00:21:38 info: =================================
2023-04-02 00:21:38 info: ======= ENV: development =======
2023-04-02 00:21:38 info: 🚀 App listening on the port 8000
2023-04-02 00:21:38 info: =================================
2023-04-02 00:21:47 info: =================================
2023-04-02 00:21:47 info: ======= ENV: development =======
2023-04-02 00:21:47 info: 🚀 App listening on the port 8000
2023-04-02 00:21:47 info: =================================
2023-04-02 00:22:51 info: =================================
2023-04-02 00:22:51 info: ======= ENV: development =======
2023-04-02 00:22:51 info: 🚀 App listening on the port 8000
2023-04-02 00:22:51 info: =================================
2023-04-02 00:22:57 info: [0mGET /projects? [32m200[0m 143.941 ms - 284[0m
2023-04-02 00:22:58 info: [0mGET /projects? [36m304[0m 12.647 ms - -[0m
2023-04-02 00:23:01 info: [0mOPTIONS /projects/create [32m204[0m 0.386 ms - 0[0m
2023-04-02 00:23:01 info: [0mPOST /projects/create [32m200[0m 32.476 ms - 2[0m
2023-04-02 00:23:01 info: [0mGET /projects? [32m200[0m 11.112 ms - 454[0m
2023-04-02 00:23:24 info: =================================
2023-04-02 00:23:24 info: ======= ENV: development =======
2023-04-02 00:23:24 info: 🚀 App listening on the port 8000
2023-04-02 00:23:24 info: =================================
2023-04-02 00:23:26 info: [0mGET /projects? [36m304[0m 220.109 ms - -[0m
2023-04-02 00:23:26 info: [0mGET /projects? [36m304[0m 42.676 ms - -[0m
2023-04-02 00:23:28 info: [0mOPTIONS /projects/create [32m204[0m 1.049 ms - 0[0m
2023-04-02 00:23:28 info: [0mPOST /projects/create [32m200[0m 25.626 ms - 2[0m
2023-04-02 00:23:28 info: [0mGET /projects? [32m200[0m 15.895 ms - 623[0m
2023-04-02 00:24:19 info: =================================
2023-04-02 00:24:19 info: ======= ENV: development =======
2023-04-02 00:24:19 info: 🚀 App listening on the port 8000
2023-04-02 00:24:19 info: =================================
2023-04-02 00:24:24 info: [0mGET /projects? [32m200[0m 256.271 ms - 284[0m
2023-04-02 00:24:26 info: [0mGET /projects? [36m304[0m 51.384 ms - -[0m
2023-04-02 00:24:27 info: [0mOPTIONS /projects/create [32m204[0m 0.517 ms - 0[0m
2023-04-02 00:24:27 info: [0mPOST /projects/create [32m200[0m 59.092 ms - 2[0m
2023-04-02 00:24:28 info: [0mGET /projects? [32m200[0m 68.592 ms - 453[0m
2023-04-02 00:24:58 info: =================================
2023-04-02 00:24:58 info: ======= ENV: development =======
2023-04-02 00:24:58 info: 🚀 App listening on the port 8000
2023-04-02 00:24:58 info: =================================
2023-04-02 00:25:04 info: =================================
2023-04-02 00:25:04 info: ======= ENV: development =======
2023-04-02 00:25:04 info: 🚀 App listening on the port 8000
2023-04-02 00:25:04 info: =================================
2023-04-02 00:25:10 info: [0mGET /projects? [32m200[0m 368.694 ms - 284[0m
2023-04-02 00:25:11 info: [0mGET /projects? [36m304[0m 239.794 ms - -[0m
2023-04-02 00:25:15 info: [0mOPTIONS /projects/create [32m204[0m 0.632 ms - 0[0m
2023-04-02 00:25:15 info: [0mPOST /projects/create [32m200[0m 60.722 ms - 2[0m
2023-04-02 00:25:15 info: [0mGET /projects? [32m200[0m 16.460 ms - 456[0m
2023-04-02 00:25:34 info: =================================
2023-04-02 00:25:34 info: ======= ENV: development =======
2023-04-02 00:25:34 info: 🚀 App listening on the port 8000
2023-04-02 00:25:34 info: =================================
2023-04-02 00:25:42 info: [0mGET /projects/show/1 [32m200[0m 171.672 ms - 369[0m
2023-04-02 00:25:45 info: [0mGET /projects/show/1 [36m304[0m 24.014 ms - -[0m
2023-04-02 00:25:52 info: [0mGET /projects/show/1 [36m304[0m 9.472 ms - -[0m
2023-04-02 00:26:19 info: =================================
2023-04-02 00:26:19 info: ======= ENV: development =======
2023-04-02 00:26:19 info: 🚀 App listening on the port 8000
2023-04-02 00:26:19 info: =================================
2023-04-02 00:27:01 info: [0mGET /projects? [36m304[0m 231.841 ms - -[0m
2023-04-02 00:27:02 info: [0mGET /projects? [36m304[0m 9.572 ms - -[0m
2023-04-02 00:27:02 info: [0mGET /projects? [36m304[0m 19.557 ms - -[0m
2023-04-02 00:27:03 info: [0mGET /projects? [36m304[0m 13.713 ms - -[0m
2023-04-02 00:27:03 info: [0mGET /projects? [36m304[0m 50.654 ms - -[0m
2023-04-02 00:27:04 info: [0mGET /projects? [36m304[0m 13.482 ms - -[0m
2023-04-02 00:27:04 info: [0mGET /projects? [36m304[0m 59.034 ms - -[0m
2023-04-02 00:27:05 info: [0mGET /projects? [36m304[0m 37.354 ms - -[0m
2023-04-02 00:27:06 info: [0mGET /projects? [36m304[0m 14.161 ms - -[0m
2023-04-02 00:27:32 info: [0mGET /projects? [36m304[0m 25.345 ms - -[0m
2023-04-02 00:27:35 info: [0mGET /projects/show/1 [36m304[0m 30.180 ms - -[0m
2023-04-02 00:27:35 info: [0mGET /projects? [36m304[0m 7.955 ms - -[0m
2023-04-02 00:27:39 info: [0mGET /projects/show/1 [36m304[0m 15.247 ms - -[0m
2023-04-02 00:27:39 info: [0mGET /projects? [36m304[0m 5.840 ms - -[0m
2023-04-02 00:27:40 info: [0mGET /projects? [36m304[0m 7.583 ms - -[0m
2023-04-02 00:27:48 info: [0mOPTIONS /projects/create [32m204[0m 1.130 ms - 0[0m
2023-04-02 00:27:48 info: [0mPOST /projects/create [32m200[0m 63.809 ms - 2[0m
2023-04-02 00:27:48 info: [0mGET /projects? [32m200[0m 45.253 ms - 623[0m
2023-04-02 00:28:26 info: =================================
2023-04-02 00:28:26 info: ======= ENV: development =======
2023-04-02 00:28:26 info: 🚀 App listening on the port 8000
2023-04-02 00:28:26 info: =================================
2023-04-02 00:28:52 info: =================================
2023-04-02 00:28:52 info: ======= ENV: development =======
2023-04-02 00:28:52 info: 🚀 App listening on the port 8000
2023-04-02 00:28:52 info: =================================
2023-04-02 00:28:54 info: [0mOPTIONS /projects/create [32m204[0m 1.978 ms - 0[0m
2023-04-02 00:28:54 info: [0mPOST /projects/create [32m200[0m 20.174 ms - 2[0m
2023-04-02 00:28:54 info: [0mGET /projects? [36m304[0m 138.251 ms - -[0m
2023-04-02 00:28:59 info: [0mGET /projects? [36m304[0m 11.159 ms - -[0m
2023-04-02 00:29:09 info: [0mOPTIONS /projects/create [32m204[0m 0.280 ms - 0[0m
2023-04-02 00:29:09 info: [0mPOST /projects/create [32m200[0m 2.589 ms - 2[0m
2023-04-02 00:29:10 info: [0mGET /projects? [36m304[0m 48.762 ms - -[0m
2023-04-02 00:30:01 info: [0mGET /projects? [36m304[0m 103.900 ms - -[0m
2023-04-02 00:30:57 info: [0mGET /projects? [36m304[0m 69.836 ms - -[0m
2023-04-02 00:31:08 info: [0mGET /projects? [36m304[0m 25.578 ms - -[0m
2023-04-02 00:31:40 info: [0mGET /projects? [36m304[0m 72.664 ms - -[0m
2023-04-02 00:31:42 info: [0mGET /projects? [36m304[0m 47.149 ms - -[0m
2023-04-02 00:31:52 info: [0mGET /projects? [36m304[0m 16.823 ms - -[0m
2023-04-02 00:31:57 info: [0mGET /projects? [36m304[0m 100.894 ms - -[0m
2023-04-02 00:32:17 info: [0mGET /projects? [36m304[0m 102.632 ms - -[0m
2023-04-02 00:32:24 info: [0mGET /projects? [36m304[0m 58.620 ms - -[0m
2023-04-02 00:32:36 info: [0mGET /projects? [36m304[0m 17.821 ms - -[0m
2023-04-02 00:32:38 info: [0mGET /projects? [36m304[0m 8.074 ms - -[0m
2023-04-02 00:33:53 info: [0mGET /projects? [36m304[0m 32.868 ms - -[0m
2023-04-02 00:34:11 info: [0mGET /projects? [36m304[0m 127.173 ms - -[0m
2023-04-02 00:34:15 info: [0mGET /projects? [36m304[0m 30.876 ms - -[0m
2023-04-02 00:34:19 info: [0mGET /projects? [36m304[0m 121.155 ms - -[0m
2023-04-02 00:35:05 info: [0mGET /projects? [36m304[0m 58.933 ms - -[0m
2023-04-02 00:35:05 info: [0mGET /projects? [36m304[0m 7.120 ms - -[0m
2023-04-02 00:35:14 info: [0mGET /projects? [36m304[0m 24.535 ms - -[0m
2023-04-02 00:35:35 info: [0mGET /projects? [36m304[0m 55.217 ms - -[0m
2023-04-02 00:35:39 info: [0mGET /projects? [36m304[0m 102.745 ms - -[0m
2023-04-02 00:36:14 info: [0mGET /projects? [36m304[0m 141.028 ms - -[0m
2023-04-02 00:36:22 info: [0mGET /projects? [36m304[0m 59.987 ms - -[0m
2023-04-02 00:37:11 info: [0mOPTIONS /projects/create [32m204[0m 2.332 ms - 0[0m
2023-04-02 00:37:11 info: [0mPOST /projects/create [32m200[0m 4.402 ms - 2[0m
2023-04-02 00:37:11 info: [0mGET /projects? [36m304[0m 56.015 ms - -[0m
2023-04-02 00:37:50 info: [0mGET /projects? [36m304[0m 205.912 ms - -[0m
2023-04-02 00:37:56 info: [0mOPTIONS /projects/create [32m204[0m 0.456 ms - 0[0m
2023-04-02 00:37:56 info: [0mPOST /projects/create [32m200[0m 2.809 ms - 2[0m
2023-04-02 00:37:56 info: [0mGET /projects? [36m304[0m 9.461 ms - -[0m
2023-04-02 00:39:13 info: =================================
2023-04-02 00:39:13 info: ======= ENV: development =======
2023-04-02 00:39:13 info: 🚀 App listening on the port 8000
2023-04-02 00:39:13 info: =================================
2023-04-02 00:39:28 info: =================================
2023-04-02 00:39:28 info: ======= ENV: development =======
2023-04-02 00:39:28 info: 🚀 App listening on the port 8000
2023-04-02 00:39:28 info: =================================
2023-04-02 00:42:44 info: =================================
2023-04-02 00:42:44 info: ======= ENV: development =======
2023-04-02 00:42:44 info: 🚀 App listening on the port 8000
2023-04-02 00:42:44 info: =================================
2023-04-02 00:42:45 info: [0mOPTIONS /projects/create [32m204[0m 1.612 ms - 0[0m
2023-04-02 00:42:45 info: [0mPOST /projects/create [32m200[0m 120.919 ms - 2[0m
2023-04-02 00:42:45 info: [0mGET /projects? [32m200[0m 66.595 ms - 450[0m
2023-04-02 00:43:11 info: [0mGET /projects? [36m304[0m 62.600 ms - -[0m
2023-04-02 00:43:17 info: [0mOPTIONS /projects/create [32m204[0m 0.176 ms - 0[0m
2023-04-02 00:43:17 info: [0mPOST /projects/create [32m200[0m 18.660 ms - 2[0m
2023-04-02 00:43:17 info: [0mGET /projects? [36m304[0m 16.802 ms - -[0m
2023-04-02 00:45:21 info: =================================
2023-04-02 00:45:21 info: ======= ENV: development =======
2023-04-02 00:45:21 info: 🚀 App listening on the port 8000
2023-04-02 00:45:21 info: =================================
2023-04-02 00:48:58 info: =================================
2023-04-02 00:48:58 info: ======= ENV: development =======
2023-04-02 00:48:58 info: 🚀 App listening on the port 8000
2023-04-02 00:48:58 info: =================================
2023-04-02 00:49:10 info: =================================
2023-04-02 00:49:10 info: ======= ENV: development =======
2023-04-02 00:49:10 info: 🚀 App listening on the port 8000
2023-04-02 00:49:10 info: =================================
2023-04-02 00:49:18 info: =================================
2023-04-02 00:49:18 info: ======= ENV: development =======
2023-04-02 00:49:18 info: 🚀 App listening on the port 8000
2023-04-02 00:49:18 info: =================================
2023-04-02 00:49:36 info: =================================
2023-04-02 00:49:36 info: ======= ENV: development =======
2023-04-02 00:49:36 info: 🚀 App listening on the port 8000
2023-04-02 00:49:36 info: =================================
2023-04-02 00:49:47 info: =================================
2023-04-02 00:49:47 info: ======= ENV: development =======
2023-04-02 00:49:47 info: 🚀 App listening on the port 8000
2023-04-02 00:49:47 info: =================================
2023-04-02 00:50:01 info: =================================
2023-04-02 00:50:01 info: ======= ENV: development =======
2023-04-02 00:50:01 info: 🚀 App listening on the port 8000
2023-04-02 00:50:01 info: =================================
2023-04-02 00:50:02 info: [0mGET /projects? [36m304[0m 224.498 ms - -[0m
2023-04-02 00:50:03 info: [0mGET /projects? [36m304[0m 139.878 ms - -[0m
2023-04-02 00:50:07 info: [0mGET /projects? [36m304[0m 14.360 ms - -[0m
2023-04-02 00:50:12 info: [0mGET /projects? [36m304[0m 31.911 ms - -[0m
2023-04-02 00:50:16 info: [0mGET /projects? [36m304[0m 27.427 ms - -[0m
2023-04-02 00:50:23 info: [0mOPTIONS /projects/create [32m204[0m 0.817 ms - 0[0m
2023-04-02 00:50:23 info: [0mPOST /projects/create [32m200[0m 48.139 ms - 2[0m
2023-04-02 00:50:23 info: [0mGET /projects? [32m200[0m 24.821 ms - 617[0m
2023-04-02 00:50:42 info: =================================
2023-04-02 00:50:42 info: ======= ENV: development =======
2023-04-02 00:50:42 info: 🚀 App listening on the port 8000
2023-04-02 00:50:42 info: =================================
2023-04-02 00:50:44 info: [0mGET /projects? [36m304[0m 172.596 ms - -[0m
2023-04-02 00:51:11 info: =================================
2023-04-02 00:51:11 info: ======= ENV: development =======
2023-04-02 00:51:11 info: 🚀 App listening on the port 8000
2023-04-02 00:51:11 info: =================================
2023-04-02 00:51:13 info: [0mGET /projects? [36m304[0m 264.217 ms - -[0m
2023-04-02 00:52:12 info: =================================
2023-04-02 00:52:12 info: ======= ENV: development =======
2023-04-02 00:52:12 info: 🚀 App listening on the port 8000
2023-04-02 00:52:12 info: =================================
2023-04-02 00:52:18 info: =================================
2023-04-02 00:52:18 info: ======= ENV: development =======
2023-04-02 00:52:18 info: 🚀 App listening on the port 8000
2023-04-02 00:52:18 info: =================================
2023-04-02 00:52:21 info: [0mGET /projects? [36m304[0m 178.992 ms - -[0m
2023-04-02 00:52:39 info: =================================
2023-04-02 00:52:39 info: ======= ENV: development =======
2023-04-02 00:52:39 info: 🚀 App listening on the port 8000
2023-04-02 00:52:39 info: =================================
2023-04-02 00:52:46 info: =================================
2023-04-02 00:52:46 info: ======= ENV: development =======
2023-04-02 00:52:46 info: 🚀 App listening on the port 8000
2023-04-02 00:52:46 info: =================================
2023-04-02 00:52:49 info: [0mGET /projects? [36m304[0m 231.028 ms - -[0m
2023-04-02 00:53:03 info: [0mGET /projects? [32m200[0m 73.191 ms - 92[0m
2023-04-02 00:53:04 info: [0mGET /projects? [36m304[0m 12.756 ms - -[0m
2023-04-02 00:53:12 info: [0mOPTIONS /projects/create [32m204[0m 0.518 ms - 0[0m
2023-04-02 00:53:12 info: [0mPOST /projects/create [32m200[0m 35.930 ms - 2[0m
2023-04-02 00:53:12 info: [0mGET /projects? [36m304[0m 25.993 ms - -[0m
2023-04-02 00:54:57 info: [0mGET /projects/show/5 [0m-[0m - ms - -[0m
2023-04-02 00:54:57 info: [0mGET /projects/show/5 [0m-[0m - ms - -[0m
2023-04-02 00:54:58 info: [0mGET /projects? [36m304[0m 63.942 ms - -[0m
2023-04-02 00:55:40 info: =================================
2023-04-02 00:55:40 info: ======= ENV: development =======
2023-04-02 00:55:40 info: 🚀 App listening on the port 8000
2023-04-02 00:55:40 info: =================================
2023-04-02 00:56:08 info: =================================
2023-04-02 00:56:08 info: ======= ENV: development =======
2023-04-02 00:56:08 info: 🚀 App listening on the port 8000
2023-04-02 00:56:08 info: =================================
2023-04-02 00:56:13 info: [0mGET /projects? [36m304[0m 153.873 ms - -[0m
2023-04-02 00:56:25 info: [0mGET /projects? [36m304[0m 89.825 ms - -[0m
2023-04-02 00:56:46 info: [0mGET /projects? [36m304[0m 110.203 ms - -[0m
2023-04-02 00:57:11 info: =================================
2023-04-02 00:57:11 info: ======= ENV: development =======
2023-04-02 00:57:11 info: 🚀 App listening on the port 8000
2023-04-02 00:57:11 info: =================================
2023-04-02 00:57:19 info: [0mGET /projects? [36m304[0m 147.684 ms - -[0m
2023-04-02 00:57:34 info: =================================
2023-04-02 00:57:34 info: ======= ENV: development =======
2023-04-02 00:57:34 info: 🚀 App listening on the port 8000
2023-04-02 00:57:34 info: =================================
2023-04-02 00:57:41 info: [0mGET /projects? [36m304[0m 139.612 ms - -[0m
2023-04-02 00:58:07 info: =================================
2023-04-02 00:58:07 info: ======= ENV: development =======
2023-04-02 00:58:07 info: 🚀 App listening on the port 8000
2023-04-02 00:58:07 info: =================================
2023-04-02 00:58:21 info: =================================
2023-04-02 00:58:21 info: ======= ENV: development =======
2023-04-02 00:58:21 info: 🚀 App listening on the port 8000
2023-04-02 00:58:21 info: =================================
2023-04-02 00:58:21 info: [0mGET /projects? [36m304[0m 90.362 ms - -[0m
2023-04-02 00:58:23 info: [0mGET /projects? [36m304[0m 30.709 ms - -[0m
2023-04-02 00:58:37 info: =================================
2023-04-02 00:58:37 info: ======= ENV: development =======
2023-04-02 00:58:37 info: 🚀 App listening on the port 8000
2023-04-02 00:58:37 info: =================================
2023-04-02 00:59:21 info: =================================
2023-04-02 00:59:21 info: ======= ENV: development =======
2023-04-02 00:59:21 info: 🚀 App listening on the port 8000
2023-04-02 00:59:21 info: =================================
2023-04-02 00:59:53 info: =================================
2023-04-02 00:59:53 info: ======= ENV: development =======
2023-04-02 00:59:53 info: 🚀 App listening on the port 8000
2023-04-02 00:59:53 info: =================================
2023-04-02 01:00:07 info: =================================
2023-04-02 01:00:07 info: ======= ENV: development =======
2023-04-02 01:00:07 info: 🚀 App listening on the port 8000
2023-04-02 01:00:07 info: =================================
2023-04-02 01:00:22 info: [0mGET /projects? [32m200[0m 186.910 ms - 284[0m
2023-04-02 01:00:27 info: [0mGET /projects? [36m304[0m 30.401 ms - -[0m
2023-04-02 01:00:28 info: [0mGET /projects? [36m304[0m 24.306 ms - -[0m
2023-04-02 01:00:29 info: [0mGET /projects/show/1 [32m200[0m 30.586 ms - 194[0m
2023-04-02 01:00:30 info: [0mGET /projects? [36m304[0m 10.733 ms - -[0m
2023-04-02 01:01:17 info: [0mGET /projects? [36m304[0m 106.626 ms - -[0m
2023-04-02 01:01:17 info: [0mGET /projects/show/1 [36m304[0m 148.159 ms - -[0m
2023-04-02 01:01:17 info: [0mGET /projects? [36m304[0m 12.901 ms - -[0m
2023-04-02 01:01:24 info: [0mOPTIONS /projects/create [32m204[0m 0.455 ms - 0[0m
2023-04-02 01:01:24 info: [0mPOST /projects/create [32m200[0m 52.430 ms - 2[0m
2023-04-02 01:01:24 info: [0mGET /projects? [32m200[0m 26.569 ms - 457[0m
2023-04-02 01:01:29 info: [0mGET /projects? [36m304[0m 81.560 ms - -[0m
2023-04-02 01:01:31 info: [0mGET /projects? [36m304[0m 12.395 ms - -[0m
2023-04-02 01:02:48 info: =================================
2023-04-02 01:02:48 info: ======= ENV: development =======
2023-04-02 01:02:48 info: 🚀 App listening on the port 8000
2023-04-02 01:02:48 info: =================================
2023-04-02 01:03:06 info: [0mGET /projects? [36m304[0m 141.655 ms - -[0m
2023-04-02 01:03:08 info: [0mGET /projects? [36m304[0m 23.219 ms - -[0m
2023-04-02 01:03:17 info: [0mOPTIONS /projects/create [32m204[0m 0.703 ms - 0[0m
2023-04-02 01:03:17 info: [0mPOST /projects/create [32m200[0m 29.131 ms - 2[0m
2023-04-02 01:03:17 info: [0mGET /projects? [36m304[0m 10.750 ms - -[0m
2023-04-02 01:03:20 info: [0mGET /projects? [36m304[0m 9.347 ms - -[0m
2023-04-02 01:03:22 info: [0mGET /projects? [36m304[0m 18.473 ms - -[0m
2023-04-02 01:04:05 info: [0mGET /projects? [36m304[0m 58.231 ms - -[0m
2023-04-02 01:05:28 info: =================================
2023-04-02 01:05:28 info: ======= ENV: development =======
2023-04-02 01:05:28 info: 🚀 App listening on the port 8000
2023-04-02 01:05:28 info: =================================
2023-04-02 01:06:10 info: =================================
2023-04-02 01:06:10 info: ======= ENV: development =======
2023-04-02 01:06:10 info: 🚀 App listening on the port 8000
2023-04-02 01:06:10 info: =================================
2023-04-02 01:07:20 info: [0mGET /projects? [36m304[0m 186.413 ms - -[0m
2023-04-02 01:09:23 info: =================================
2023-04-02 01:09:23 info: ======= ENV: development =======
2023-04-02 01:09:23 info: 🚀 App listening on the port 8000
2023-04-02 01:09:23 info: =================================
2023-04-02 01:09:27 info: [0mGET /projects? [32m200[0m 170.242 ms - 822[0m
2023-04-02 01:10:49 info: [0mGET /projects/show/1 [36m304[0m 111.086 ms - -[0m
2023-04-02 01:10:50 info: [0mGET /projects? [36m304[0m 53.877 ms - -[0m
2023-04-02 01:10:51 info: [0mGET /projects/show/1 [36m304[0m 30.653 ms - -[0m
2023-04-02 01:10:51 info: [0mGET /projects? [36m304[0m 22.993 ms - -[0m
2023-04-02 01:10:56 info: [0mGET /projects? [36m304[0m 35.839 ms - -[0m
2023-04-02 01:10:58 info: [0mGET /projects/show/3 [32m200[0m 16.355 ms - 173[0m
2023-04-02 01:10:58 info: [0mGET /projects? [36m304[0m 14.999 ms - -[0m
2023-04-02 01:10:59 info: [0mGET /projects? [36m304[0m 9.480 ms - -[0m
2023-04-02 01:10:59 info: [0mGET /projects/show/3 [36m304[0m 24.127 ms - -[0m
2023-04-02 01:11:07 info: [0mGET /projects? [36m304[0m 30.105 ms - -[0m
2023-04-02 01:11:54 info: [0mGET /projects/show/3 [36m304[0m 102.730 ms - -[0m
2023-04-02 01:11:54 info: [0mGET /projects? [36m304[0m 14.113 ms - -[0m
2023-04-02 01:11:57 info: [0mGET /projects/show/3 [36m304[0m 6.779 ms - -[0m
2023-04-02 01:11:57 info: [0mGET /projects? [36m304[0m 31.295 ms - -[0m
2023-04-02 01:13:38 info: =================================
2023-04-02 01:13:38 info: ======= ENV: development =======
2023-04-02 01:13:38 info: 🚀 App listening on the port 8000
2023-04-02 01:13:38 info: =================================
2023-04-02 01:13:47 info: =================================
2023-04-02 01:13:47 info: ======= ENV: development =======
2023-04-02 01:13:47 info: 🚀 App listening on the port 8000
2023-04-02 01:13:47 info: =================================
2023-04-02 01:13:48 info: [0mGET /projects/show/3 [36m304[0m 195.203 ms - -[0m
2023-04-02 01:13:49 info: [0mGET /projects? [36m304[0m 36.412 ms - -[0m
2023-04-02 01:13:53 info: [0mGET /projects/show/3 [36m304[0m 26.707 ms - -[0m
2023-04-02 01:13:53 info: [0mGET /projects? [36m304[0m 17.953 ms - -[0m
2023-04-02 01:14:11 info: [0mGET /projects? [36m304[0m 43.997 ms - -[0m
2023-04-02 01:14:13 info: [0mGET /projects/show/3 [36m304[0m 18.267 ms - -[0m
2023-04-02 01:14:14 info: [0mGET /projects? [36m304[0m 28.508 ms - -[0m
2023-04-02 01:14:35 info: [0mGET /projects/show/3 [36m304[0m 52.460 ms - -[0m
2023-04-02 01:15:14 info: =================================
2023-04-02 01:15:14 info: ======= ENV: development =======
2023-04-02 01:15:14 info: 🚀 App listening on the port 8000
2023-04-02 01:15:14 info: =================================
2023-04-02 01:15:17 info: [0mGET /projects/show/3 [36m304[0m 106.771 ms - -[0m
2023-04-02 01:15:56 info: =================================
2023-04-02 01:15:56 info: ======= ENV: development =======
2023-04-02 01:15:56 info: 🚀 App listening on the port 8000
2023-04-02 01:15:56 info: =================================
2023-04-02 01:16:00 info: [0mGET /projects/show/3 [36m304[0m 91.080 ms - -[0m
2023-04-02 01:16:16 info: =================================
2023-04-02 01:16:16 info: ======= ENV: development =======
2023-04-02 01:16:16 info: 🚀 App listening on the port 8000
2023-04-02 01:16:16 info: =================================
2023-04-02 01:16:23 info: =================================
2023-04-02 01:16:23 info: ======= ENV: development =======
2023-04-02 01:16:23 info: 🚀 App listening on the port 8000
2023-04-02 01:16:23 info: =================================
2023-04-02 01:16:24 info: [0mGET /projects/show/3 [36m304[0m 159.079 ms - -[0m
2023-04-02 01:16:25 info: [0mGET /projects/show/3 [36m304[0m 23.293 ms - -[0m
2023-04-02 01:17:04 info: =================================
2023-04-02 01:17:04 info: ======= ENV: development =======
2023-04-02 01:17:04 info: 🚀 App listening on the port 8000
2023-04-02 01:17:04 info: =================================
2023-04-02 01:17:05 info: [0mGET /projects/show/3 [36m304[0m 112.940 ms - -[0m
2023-04-02 01:17:13 info: [0mGET /projects/show/4 [0m-[0m - ms - -[0m
2023-04-02 01:17:13 info: [0mGET /projects/show/3 [36m304[0m 18.986 ms - -[0m
2023-04-02 01:17:20 info: [0mGET /projects/show/4 [0m-[0m - ms - -[0m
2023-04-02 01:17:20 info: [0mGET /projects/show/3 [36m304[0m 8.630 ms - -[0m
2023-04-02 01:17:21 info: [0mGET /projects/show/3 [36m304[0m 10.089 ms - -[0m
2023-04-02 01:17:38 info: [0mGET /projects/show/4 [0m-[0m - ms - -[0m
2023-04-02 01:17:38 info: [0mGET /projects/show/3 [36m304[0m 45.701 ms - -[0m
2023-04-02 01:17:39 info: [0mGET /projects/show/3 [36m304[0m 29.168 ms - -[0m
2023-04-02 01:18:14 info: =================================
2023-04-02 01:18:14 info: ======= ENV: development =======
2023-04-02 01:18:14 info: 🚀 App listening on the port 8000
2023-04-02 01:18:14 info: =================================
2023-04-02 01:18:14 info: [0mGET /projects/show/1 [36m304[0m 89.575 ms - -[0m
2023-04-02 01:18:16 info: [0mGET /projects/show/1 [36m304[0m 25.727 ms - -[0m
2023-04-02 01:18:18 info: [0mGET /projects/show/3 [36m304[0m 12.304 ms - -[0m
2023-04-02 01:18:19 info: [0mGET /projects/show/3 [36m304[0m 21.221 ms - -[0m
2023-04-02 01:18:44 info: =================================
2023-04-02 01:18:44 info: ======= ENV: development =======
2023-04-02 01:18:44 info: 🚀 App listening on the port 8000
2023-04-02 01:18:44 info: =================================
2023-04-02 01:19:05 info: =================================
2023-04-02 01:19:05 info: ======= ENV: development =======
2023-04-02 01:19:05 info: 🚀 App listening on the port 8000
2023-04-02 01:19:05 info: =================================
2023-04-02 01:19:29 info: =================================
2023-04-02 01:19:29 info: ======= ENV: development =======
2023-04-02 01:19:29 info: 🚀 App listening on the port 8000
2023-04-02 01:19:29 info: =================================
2023-04-02 01:19:57 info: =================================
2023-04-02 01:19:57 info: ======= ENV: development =======
2023-04-02 01:19:57 info: 🚀 App listening on the port 8000
2023-04-02 01:19:57 info: =================================
2023-04-02 01:20:15 info: =================================
2023-04-02 01:20:15 info: ======= ENV: development =======
2023-04-02 01:20:15 info: 🚀 App listening on the port 8000
2023-04-02 01:20:15 info: =================================
2023-04-02 01:20:16 info: [0mGET /projects/show/4 [0m-[0m - ms - -[0m
2023-04-02 01:20:46 info: =================================
2023-04-02 01:20:46 info: ======= ENV: development =======
2023-04-02 01:20:46 info: 🚀 App listening on the port 8000
2023-04-02 01:20:46 info: =================================
2023-04-02 01:21:13 info: =================================
2023-04-02 01:21:13 info: ======= ENV: development =======
2023-04-02 01:21:13 info: 🚀 App listening on the port 8000
2023-04-02 01:21:13 info: =================================
2023-04-02 01:21:17 info: [0mGET /projects/show/4 [0m-[0m - ms - -[0m
2023-04-02 01:21:17 info: [0mGET /projects/show/1 [36m304[0m 43.232 ms - -[0m
2023-04-02 01:21:47 info: [0mGET /projects/show/1 [36m304[0m 83.291 ms - -[0m
2023-04-02 01:21:57 info: =================================
2023-04-02 01:21:57 info: ======= ENV: development =======
2023-04-02 01:21:57 info: 🚀 App listening on the port 8000
2023-04-02 01:21:57 info: =================================
2023-04-02 01:21:58 info: [0mGET /projects/show/1 [32m200[0m 107.665 ms - 211[0m
2023-04-02 01:22:47 info: =================================
2023-04-02 01:22:47 info: ======= ENV: development =======
2023-04-02 01:22:47 info: 🚀 App listening on the port 8000
2023-04-02 01:22:47 info: =================================
2023-04-02 01:22:58 info: =================================
2023-04-02 01:22:58 info: ======= ENV: development =======
2023-04-02 01:22:58 info: 🚀 App listening on the port 8000
2023-04-02 01:22:58 info: =================================
2023-04-02 01:22:59 info: [0mGET /projects/show/1 [36m304[0m 172.413 ms - -[0m
2023-04-02 01:23:00 info: [0mGET /projects/show/1 [36m304[0m 15.510 ms - -[0m
2023-04-02 01:23:02 info: [0mGET /projects/show/1 [36m304[0m 10.647 ms - -[0m
2023-04-02 01:23:21 info: =================================
2023-04-02 01:23:21 info: ======= ENV: development =======
2023-04-02 01:23:21 info: 🚀 App listening on the port 8000
2023-04-02 01:23:21 info: =================================
2023-04-02 01:23:22 info: [0mGET /projects/show/1 [32m200[0m 142.556 ms - 248[0m
2023-04-02 01:23:36 info: =================================
2023-04-02 01:23:36 info: ======= ENV: development =======
2023-04-02 01:23:36 info: 🚀 App listening on the port 8000
2023-04-02 01:23:36 info: =================================
2023-04-02 01:23:37 info: [0mGET /projects/show/1 [32m200[0m 107.263 ms - 194[0m
2023-04-02 01:23:46 info: =================================
2023-04-02 01:23:46 info: ======= ENV: development =======
2023-04-02 01:23:46 info: 🚀 App listening on the port 8000
2023-04-02 01:23:46 info: =================================
2023-04-02 01:23:49 info: [0mGET /projects/show/1 [0m-[0m - ms - -[0m
2023-04-02 01:23:49 info: [0mGET /projects/show/1 [0m-[0m - ms - -[0m
2023-04-02 01:23:50 info: [0mGET /projects/show/1 [0m-[0m - ms - -[0m
2023-04-02 01:23:50 info: [0mGET /projects/show/1 [0m-[0m - ms - -[0m
2023-04-02 01:23:50 info: [0mGET /projects/show/1 [0m-[0m - ms - -[0m
2023-04-02 01:24:02 info: =================================
2023-04-02 01:24:02 info: ======= ENV: development =======
2023-04-02 01:24:02 info: 🚀 App listening on the port 8000
2023-04-02 01:24:02 info: =================================
2023-04-02 01:24:03 info: [0mGET /projects/show/1 [32m200[0m 124.407 ms - 248[0m
2023-04-02 01:24:05 info: [0mGET /projects/show/1 [36m304[0m 19.180 ms - -[0m
2023-04-02 01:24:12 info: [0mGET /projects? [36m304[0m 107.521 ms - -[0m
2023-04-02 01:24:20 info: [0mGET /projects/show/4 [0m-[0m - ms - -[0m
2023-04-02 01:24:21 info: [0mGET /projects? [36m304[0m 44.853 ms - -[0m
2023-04-02 01:24:21 info: [0mGET /projects/show/1 [36m304[0m 34.595 ms - -[0m
2023-04-02 01:24:22 info: [0mGET /projects? [36m304[0m 9.291 ms - -[0m
2023-04-02 01:25:05 info: [0mGET /projects? [36m304[0m 61.751 ms - -[0m
2023-04-02 01:25:09 info: [0mGET /projects? [36m304[0m 234.736 ms - -[0m
2023-04-02 01:25:09 info: [0mGET /projects/show/1 [36m304[0m 15.758 ms - -[0m
2023-04-02 01:25:10 info: [0mGET /projects? [36m304[0m 8.165 ms - -[0m
2023-04-02 01:26:17 info: [0mGET /projects? [36m304[0m 31.433 ms - -[0m
2023-04-02 01:26:28 info: [0mGET /projects? [36m304[0m 82.115 ms - -[0m
2023-04-02 01:26:31 info: [0mGET /projects/show/1 [36m304[0m 43.610 ms - -[0m
2023-04-02 01:26:37 info: [0mGET /projects/show/1 [36m304[0m 37.696 ms - -[0m
2023-04-02 01:26:38 info: [0mGET /projects? [36m304[0m 12.729 ms - -[0m
2023-04-02 01:26:50 info: [0mGET /projects? [36m304[0m 118.234 ms - -[0m
2023-04-02 01:27:00 info: =================================
2023-04-02 01:27:00 info: ======= ENV: development =======
2023-04-02 01:27:00 info: 🚀 App listening on the port 8000
2023-04-02 01:27:00 info: =================================
2023-04-02 01:27:05 info: [0mGET /projects? [36m304[0m 401.992 ms - -[0m
2023-04-02 01:27:05 info: [0mGET /projects/show/3 [32m200[0m 36.166 ms - 198[0m
2023-04-02 01:27:06 info: [0mGET /projects? [36m304[0m 19.510 ms - -[0m
2023-04-02 01:27:08 info: [0mGET /projects/show/3 [36m304[0m 13.507 ms - -[0m
2023-04-02 01:27:08 info: [0mGET /projects? [36m304[0m 11.795 ms - -[0m
2023-04-02 01:28:32 info: =================================
2023-04-02 01:28:32 info: ======= ENV: development =======
2023-04-02 01:28:32 info: 🚀 App listening on the port 8000
2023-04-02 01:28:32 info: =================================
2023-04-02 01:28:50 info: [0mGET /projects? [32m200[0m 204.021 ms - 457[0m
2023-04-02 01:28:52 info: [0mGET /projects? [36m304[0m 13.093 ms - -[0m
2023-04-02 01:29:45 info: =================================
2023-04-02 01:29:45 info: ======= ENV: development =======
2023-04-02 01:29:45 info: 🚀 App listening on the port 8000
2023-04-02 01:29:45 info: =================================
2023-04-02 01:30:08 info: [0mGET /projects? [32m200[0m 204.688 ms - 284[0m
2023-04-02 01:31:28 info: [0mGET /projects? [36m304[0m 150.114 ms - -[0m
2023-04-02 01:31:46 info: =================================
2023-04-02 01:31:46 info: ======= ENV: development =======
2023-04-02 01:31:46 info: 🚀 App listening on the port 8000
2023-04-02 01:31:46 info: =================================
2023-04-02 01:31:49 info: [0mGET /projects? [32m200[0m 188.931 ms - 477[0m
2023-04-02 01:32:01 info: =================================
2023-04-02 01:32:01 info: ======= ENV: development =======
2023-04-02 01:32:01 info: 🚀 App listening on the port 8000
2023-04-02 01:32:01 info: =================================
2023-04-02 01:32:07 info: =================================
2023-04-02 01:32:07 info: ======= ENV: development =======
2023-04-02 01:32:07 info: 🚀 App listening on the port 8000
2023-04-02 01:32:07 info: =================================
2023-04-02 01:32:09 info: [0mGET /projects? [32m200[0m 164.382 ms - 284[0m
2023-04-02 01:32:18 info: =================================
2023-04-02 01:32:18 info: ======= ENV: development =======
2023-04-02 01:32:18 info: 🚀 App listening on the port 8000
2023-04-02 01:32:18 info: =================================
2023-04-02 01:32:20 info: [0mGET /projects? [32m200[0m 136.506 ms - 284[0m
2023-04-02 01:34:17 info: =================================
2023-04-02 01:34:17 info: ======= ENV: development =======
2023-04-02 01:34:17 info: 🚀 App listening on the port 8000
2023-04-02 01:34:17 info: =================================
2023-04-02 01:34:51 info: [0mGET /projects? [36m304[0m 113.723 ms - -[0m
2023-04-02 01:34:53 info: [0mOPTIONS /projects/create [32m204[0m 0.539 ms - 0[0m
2023-04-02 01:34:53 info: [0mPOST /projects/create [32m200[0m 36.588 ms - 2[0m
2023-04-02 01:34:53 info: [0mGET /projects? [32m200[0m 15.507 ms - 478[0m
2023-04-02 01:35:08 info: [0mGET /projects? [36m304[0m 86.972 ms - -[0m
2023-04-02 01:35:20 info: [0mGET /projects? [36m304[0m 75.361 ms - -[0m
2023-04-02 01:35:23 info: [0mOPTIONS /projects/create [32m204[0m 0.170 ms - 0[0m
2023-04-02 01:35:23 info: [0mPOST /projects/create [32m200[0m 13.807 ms - 2[0m
2023-04-02 01:35:23 info: [0mGET /projects? [36m304[0m 8.965 ms - -[0m
2023-04-02 01:35:28 info: [0mGET /projects? [36m304[0m 25.048 ms - -[0m
2023-04-02 01:36:58 info: =================================
2023-04-02 01:36:58 info: ======= ENV: development =======
2023-04-02 01:36:58 info: 🚀 App listening on the port 8000
2023-04-02 01:36:58 info: =================================
2023-04-02 01:37:00 info: [0mGET /projects? [32m200[0m 200.636 ms - 484[0m
2023-04-02 01:37:38 info: [0mGET /projects/ [32m200[0m 53.380 ms - 484[0m
2023-04-02 01:38:13 info: =================================
2023-04-02 01:38:13 info: ======= ENV: development =======
2023-04-02 01:38:13 info: 🚀 App listening on the port 8000
2023-04-02 01:38:13 info: =================================
2023-04-02 01:38:14 info: [0mGET /projects/ [32m200[0m 116.020 ms - -[0m
2023-04-02 01:39:48 info: =================================
2023-04-02 01:39:48 info: ======= ENV: development =======
2023-04-02 01:39:48 info: 🚀 App listening on the port 8000
2023-04-02 01:39:48 info: =================================
2023-04-02 01:39:48 info: [0mGET /projects/ [32m200[0m 128.590 ms - -[0m
2023-04-02 01:39:52 info: [0mGET /projects/ [36m304[0m 29.242 ms - -[0m
2023-04-02 01:39:54 info: [0mGET /projects/ [36m304[0m 6.838 ms - -[0m
2023-04-02 01:41:14 info: =================================
2023-04-02 01:41:14 info: ======= ENV: development =======
2023-04-02 01:41:14 info: 🚀 App listening on the port 8000
2023-04-02 01:41:14 info: =================================
2023-04-02 01:41:19 info: [0mGET /projects/ [32m200[0m 81.869 ms - 720[0m
2023-04-02 01:42:16 info: =================================
2023-04-02 01:42:16 info: ======= ENV: development =======
2023-04-02 01:42:16 info: 🚀 App listening on the port 8000
2023-04-02 01:42:16 info: =================================
2023-04-02 01:42:19 info: [0mGET /projects? [32m200[0m 179.742 ms - -[0m
2023-04-02 01:42:37 info: =================================
2023-04-02 01:42:37 info: ======= ENV: development =======
2023-04-02 01:42:37 info: 🚀 App listening on the port 8000
2023-04-02 01:42:37 info: =================================
2023-04-02 01:42:41 info: [0mGET /projects? [32m200[0m 161.113 ms - 484[0m
2023-04-02 01:45:50 info: =================================
2023-04-02 01:45:50 info: ======= ENV: development =======
2023-04-02 01:45:50 info: 🚀 App listening on the port 8000
2023-04-02 01:45:50 info: =================================
2023-04-02 01:46:27 info: =================================
2023-04-02 01:46:27 info: ======= ENV: development =======
2023-04-02 01:46:27 info: 🚀 App listening on the port 8000
2023-04-02 01:46:27 info: =================================
2023-04-02 01:46:49 info: =================================
2023-04-02 01:46:49 info: ======= ENV: development =======
2023-04-02 01:46:49 info: 🚀 App listening on the port 8000
2023-04-02 01:46:49 info: =================================
2023-04-02 01:46:51 info: [0mGET /projects/show/1 [32m200[0m 134.259 ms - 194[0m
2023-04-02 01:47:10 info: =================================
2023-04-02 01:47:10 info: ======= ENV: development =======
2023-04-02 01:47:10 info: 🚀 App listening on the port 8000
2023-04-02 01:47:10 info: =================================
2023-04-02 01:47:23 info: [0mGET /projects [32m200[0m 106.338 ms - 976[0m
2023-04-02 01:47:54 info: =================================
2023-04-02 01:47:54 info: ======= ENV: development =======
2023-04-02 01:47:54 info: 🚀 App listening on the port 8000
2023-04-02 01:47:54 info: =================================
2023-04-02 01:47:56 info: [0mGET /projects [32m200[0m 78.521 ms - -[0m
2023-04-02 01:50:08 info: =================================
2023-04-02 01:50:08 info: ======= ENV: development =======
2023-04-02 01:50:08 info: 🚀 App listening on the port 8000
2023-04-02 01:50:08 info: =================================
2023-04-02 01:50:10 info: [0mGET /projects [32m200[0m 87.343 ms - -[0m
2023-04-02 01:50:50 info: =================================
2023-04-02 01:50:50 info: ======= ENV: development =======
2023-04-02 01:50:50 info: 🚀 App listening on the port 8000
2023-04-02 01:50:50 info: =================================
2023-04-02 01:50:53 info: [0mGET /projects [32m200[0m 132.543 ms - 813[0m
2023-04-02 01:50:57 info: [0mGET /projects? [32m200[0m 19.926 ms - 813[0m
2023-04-02 01:51:13 info: =================================
2023-04-02 01:51:13 info: ======= ENV: development =======
2023-04-02 01:51:13 info: 🚀 App listening on the port 8000
2023-04-02 01:51:13 info: =================================
2023-04-02 01:51:20 info: [0mGET /projects? [32m200[0m 302.739 ms - 813[0m
2023-04-02 01:51:32 info: =================================
2023-04-02 01:51:32 info: ======= ENV: development =======
2023-04-02 01:51:32 info: 🚀 App listening on the port 8000
2023-04-02 01:51:32 info: =================================
2023-04-02 01:51:53 info: [0mGET /projects? [32m200[0m 40.758 ms - 813[0m
2023-04-02 01:51:55 info: [0mGET /projects/show/1 [36m304[0m 26.047 ms - -[0m
2023-04-02 01:51:55 info: [0mGET /projects? [36m304[0m 8.575 ms - -[0m
2023-04-02 01:52:00 info: [0mGET /projects? [36m304[0m 16.012 ms - -[0m
2023-04-02 01:52:00 info: [0mGET /projects/show/1 [36m304[0m 45.151 ms - -[0m
2023-04-02 01:52:00 info: [0mGET /projects? [36m304[0m 12.305 ms - -[0m
2023-04-02 01:52:05 info: [0mOPTIONS /projects/create [32m204[0m 0.522 ms - 0[0m
2023-04-02 01:52:05 info: [0mPOST /projects/create [32m200[0m 35.851 ms - 2[0m
2023-04-02 01:52:06 info: [0mGET /projects? [32m200[0m 19.624 ms - 982[0m
2023-04-02 01:52:08 info: [0mGET /projects/show/5 [32m200[0m 35.878 ms - 220[0m
2023-04-02 01:52:08 info: [0mGET /projects? [36m304[0m 5.248 ms - -[0m
2023-04-02 01:52:19 info: =================================
2023-04-02 01:52:19 info: ======= ENV: development =======
2023-04-02 01:52:19 info: 🚀 App listening on the port 8000
2023-04-02 01:52:19 info: =================================
2023-04-02 01:52:35 info: [0mGET /projects? [36m304[0m 221.114 ms - -[0m
2023-04-02 01:52:37 info: [0mGET /projects? [36m304[0m 23.655 ms - -[0m
2023-04-02 01:52:48 info: [0mGET /projects? [36m304[0m 37.407 ms - -[0m
2023-04-02 01:52:55 info: [0mGET /projects? [36m304[0m 112.139 ms - -[0m
2023-04-02 01:52:55 info: [0mGET /projects/show/5 [36m304[0m 36.939 ms - -[0m
2023-04-02 01:52:55 info: [0mGET /projects? [36m304[0m 17.768 ms - -[0m
2023-04-02 01:53:25 info: [0mGET /projects? [36m304[0m 67.223 ms - -[0m
2023-04-02 01:53:31 info: [0mGET /projects? [36m304[0m 40.125 ms - -[0m
2023-04-02 01:53:31 info: [0mGET /projects/show/5 [36m304[0m 17.672 ms - -[0m
2023-04-02 01:53:32 info: [0mGET /projects? [36m304[0m 51.598 ms - -[0m
2023-04-02 01:54:40 info: [0mGET /projects? [36m304[0m 51.850 ms - -[0m
2023-04-02 01:54:45 info: [0mGET /projects? [36m304[0m 75.494 ms - -[0m
2023-04-02 01:54:45 info: [0mGET /projects/show/5 [36m304[0m 9.158 ms - -[0m
2023-04-02 01:54:46 info: [0mGET /projects? [36m304[0m 7.505 ms - -[0m
2023-04-02 01:54:58 info: [0mGET /projects/show/5 [36m304[0m 166.493 ms - -[0m
2023-04-02 01:54:58 info: [0mGET /projects? [36m304[0m 174.615 ms - -[0m
2023-04-02 01:55:02 info: [0mGET /projects/show/5 [36m304[0m 30.773 ms - -[0m
2023-04-02 01:55:03 info: [0mGET /projects? [36m304[0m 105.588 ms - -[0m
2023-04-02 01:55:08 info: [0mGET /projects? [36m304[0m 65.604 ms - -[0m
2023-04-02 01:55:08 info: [0mGET /projects/show/5 [36m304[0m 10.950 ms - -[0m
2023-04-02 01:55:09 info: [0mGET /projects? [36m304[0m 8.998 ms - -[0m
2023-04-02 01:55:37 info: [0mGET /projects? [36m304[0m 39.746 ms - -[0m
2023-04-02 01:55:42 info: [0mGET /projects? [36m304[0m 13.816 ms - -[0m
2023-04-02 01:55:46 info: [0mGET /projects? [36m304[0m 31.109 ms - -[0m
2023-04-02 01:56:51 info: [0mGET /projects? [36m304[0m 125.366 ms - -[0m
2023-04-02 01:56:51 info: [0mGET /projects/show/5 [36m304[0m 11.736 ms - -[0m
2023-04-02 01:56:52 info: [0mGET /projects? [36m304[0m 8.726 ms - -[0m
2023-04-02 01:57:24 info: [0mGET /projects? [36m304[0m 77.762 ms - -[0m
2023-04-02 01:58:03 info: =================================
2023-04-02 01:58:03 info: ======= ENV: development =======
2023-04-02 01:58:03 info: 🚀 App listening on the port 8000
2023-04-02 01:58:03 info: =================================
2023-04-02 01:58:16 info: =================================
2023-04-02 01:58:16 info: ======= ENV: development =======
2023-04-02 01:58:16 info: 🚀 App listening on the port 8000
2023-04-02 01:58:16 info: =================================
2023-04-02 01:58:19 info: [0mGET /projects/show/5 [36m304[0m 159.823 ms - -[0m
2023-04-02 01:58:19 info: [0mGET /projects? [36m304[0m 143.428 ms - -[0m
2023-04-02 01:58:21 info: [0mGET /projects/show/1 [36m304[0m 83.034 ms - -[0m
2023-04-02 01:58:59 info: [0mGET /projects/show/1 [36m304[0m 74.747 ms - -[0m
2023-04-02 01:58:59 info: [0mGET /projects/show/1 [36m304[0m 15.147 ms - -[0m
2023-04-02 01:59:18 info: [0mGET /projects/show/1 [36m304[0m 102.915 ms - -[0m
2023-04-02 01:59:18 info: [0mGET /projects/show/1 [36m304[0m 14.388 ms - -[0m
2023-04-02 01:59:46 info: [0mGET /projects/show/5 [36m304[0m 55.074 ms - -[0m
2023-04-02 02:00:34 info: [0mGET /projects/show/5 [36m304[0m 82.092 ms - -[0m
2023-04-02 02:00:48 info: [0mGET /projects/show/5 [36m304[0m 22.534 ms - -[0m
2023-04-02 02:01:06 info: [0mGET /projects/show/5 [36m304[0m 34.111 ms - -[0m
2023-04-02 02:01:27 info: [0mGET /projects? [36m304[0m 101.897 ms - -[0m
2023-04-02 02:01:27 info: [0mGET /projects/show/5 [36m304[0m 123.610 ms - -[0m
2023-04-02 02:01:30 info: [0mGET /projects/show/3 [32m200[0m 13.316 ms - 169[0m
2023-04-02 02:01:39 info: [0mGET /projects/show/3 [36m304[0m 14.654 ms - -[0m
2023-04-02 02:01:39 info: [0mGET /projects? [36m304[0m 26.961 ms - -[0m
2023-04-02 02:01:42 info: [0mGET /projects? [36m304[0m 6.785 ms - -[0m
2023-04-02 02:02:24 info: [0mGET /projects? [36m304[0m 58.263 ms - -[0m
2023-04-02 02:02:29 info: [0mGET /projects? [36m304[0m 9.100 ms - -[0m
2023-04-02 02:02:30 info: [0mGET /projects/show/1 [36m304[0m 29.401 ms - -[0m
2023-04-02 02:02:32 info: [0mGET /projects/show/1 [36m304[0m 7.860 ms - -[0m
2023-04-02 02:02:32 info: [0mGET /projects? [36m304[0m 8.976 ms - -[0m
2023-04-02 02:02:34 info: [0mGET /projects/show/5 [36m304[0m 14.096 ms - -[0m
2023-04-02 02:03:39 info: [0mGET /projects/show/5 [36m304[0m 47.056 ms - -[0m
2023-04-02 02:03:44 info: [0mGET /projects/show/5 [36m304[0m 61.723 ms - -[0m
2023-04-02 02:03:49 info: [0mGET /posts? [0m-[0m - ms - -[0m
2023-04-02 02:03:52 info: [0mGET /projects/show/5 [36m304[0m 18.952 ms - -[0m
2023-04-02 02:05:30 info: [0mGET /projects/show/5 [36m304[0m 80.174 ms - -[0m
2023-04-02 02:05:39 info: [0mGET /projects/show/5 [36m304[0m 40.739 ms - -[0m
2023-04-02 02:05:40 info: [0mGET /projects/show/5 [36m304[0m 32.382 ms - -[0m
2023-04-02 02:09:38 info: [0mGET /projects/show/5 [36m304[0m 70.194 ms - -[0m
