2023-07-13 00:00:49 info: [0mOPTIONS /admins/profile [32m204[0m 15.463 ms - 0[0m
2023-07-13 00:00:49 info: [0mGET /admins/profile [36m304[0m 429.127 ms - -[0m
2023-07-13 00:00:49 info: [0mGET /projects?page=1&page_size=10 [32m200[0m 302.005 ms - -[0m
2023-07-13 00:00:49 info: [0mGET /projects? [32m200[0m 353.491 ms - -[0m
2023-07-13 00:00:50 info: [0mGET /posts/show/14 [32m200[0m 788.348 ms - -[0m
2023-07-13 00:00:57 info: [0mOPTIONS /admins/profile [32m204[0m 1.215 ms - 0[0m
2023-07-13 00:00:57 info: [0mGET /branchs? [32m200[0m 99.301 ms - 778[0m
2023-07-13 00:00:57 info: [0mGET /branchs?page=1&page_size=10 [32m200[0m 53.654 ms - 778[0m
2023-07-13 00:00:57 info: [0mGET /admins/profile [36m304[0m 304.503 ms - -[0m
2023-07-13 00:01:05 info: [0mOPTIONS /admins/profile [32m204[0m 1.341 ms - 0[0m
2023-07-13 00:01:05 info: [0mGET /admins/profile [36m304[0m 255.438 ms - -[0m
2023-07-13 00:01:05 info: [0mGET /banners? [36m304[0m 233.018 ms - -[0m
2023-07-13 00:01:05 info: [0mGET /banners?page=1&page_size=10 [36m304[0m 82.303 ms - -[0m
2023-07-13 00:01:07 info: [0mGET /admins/profile [36m304[0m 75.235 ms - -[0m
2023-07-13 00:01:07 info: [0mGET /services/nav [36m304[0m 77.915 ms - -[0m
2023-07-13 00:01:12 info: [0mOPTIONS /admins/profile [32m204[0m 3.825 ms - 0[0m
2023-07-13 00:01:12 info: [0mGET /admins/profile [36m304[0m 151.260 ms - -[0m
2023-07-13 00:01:12 info: [0mGET /contacts? [32m200[0m 152.142 ms - 392[0m
2023-07-13 00:01:12 info: [0mGET /contacts?page=1&page_size=10 [32m200[0m 29.034 ms - 392[0m
2023-07-13 00:01:21 info: [0mGET /banners/getListBanner [32m200[0m 99.356 ms - 3100[0m
2023-07-13 00:01:21 info: [0mGET /services/nav [32m200[0m 166.147 ms - 1882[0m
2023-07-13 00:01:22 info: [0mGET /posts/getListFeatured [32m200[0m 1442.738 ms - 4011[0m
2023-07-13 00:01:23 info: [0mGET /banners/getListBanner [32m200[0m 40.976 ms - 3100[0m
2023-07-13 00:01:23 info: [0mGET /services/nav [32m200[0m 112.033 ms - 1882[0m
2023-07-13 00:01:23 info: [0mGET /posts/getListFeatured [32m200[0m 170.036 ms - 4011[0m
2023-07-13 00:01:26 info: [0mGET /services/nav [36m304[0m 197.175 ms - -[0m
2023-07-13 00:01:39 info: [0mGET /jobs/getListFeatured [36m304[0m 235.713 ms - -[0m
2023-07-13 00:01:41 info: [0mGET /ceos/getlistCeo [32m200[0m 82.881 ms - 536[0m
2023-07-13 00:01:50 info: [0mGET /services/show/5 [36m304[0m 70.739 ms - -[0m
2023-07-13 00:10:04 info: [0mGET /services/show/undefined [36m304[0m 1628.207 ms - -[0m
2023-07-13 00:10:04 info: [0mGET /services/nav [36m304[0m 2875.286 ms - -[0m
2023-07-13 00:10:06 info: [0mGET /services/show/4 [32m200[0m 58.665 ms - -[0m
