2023-04-04 00:00:01 info: [0mGET /projects?page=1&page_size=10 [36m304[0m 68.956 ms - -[0m
2023-04-04 00:00:01 info: [0mGET /projects? [36m304[0m 36.662 ms - -[0m
2023-04-04 00:00:03 info: [0mGET /projects [36m304[0m 6.763 ms - -[0m
2023-04-04 00:00:04 info: [0mGET /projects?page=1&page_size=10 [36m304[0m 15.011 ms - -[0m
2023-04-04 00:00:04 info: [0mGET /projects?page=1&page_size=10 [36m304[0m 21.350 ms - -[0m
2023-04-04 00:00:05 info: [0mGET /banners? [33m404[0m 3.686 ms - 146[0m
2023-04-04 00:00:05 info: [0mGET /banners?page=1&page_size=10 [33m404[0m 6.382 ms - 146[0m
2023-04-04 00:00:34 info: =================================
2023-04-04 00:00:34 info: ======= ENV: development =======
2023-04-04 00:00:34 info: 🚀 App listening on the port 8000
2023-04-04 00:00:34 info: =================================
2023-04-04 00:00:47 info: =================================
2023-04-04 00:00:47 info: ======= ENV: development =======
2023-04-04 00:00:47 info: 🚀 App listening on the port 8000
2023-04-04 00:00:47 info: =================================
2023-04-04 00:00:58 info: =================================
2023-04-04 00:00:58 info: ======= ENV: development =======
2023-04-04 00:00:58 info: 🚀 App listening on the port 8000
2023-04-04 00:00:58 info: =================================
2023-04-04 00:01:05 info: =================================
2023-04-04 00:01:05 info: ======= ENV: development =======
2023-04-04 00:01:05 info: 🚀 App listening on the port 8000
2023-04-04 00:01:05 info: =================================
2023-04-04 00:01:11 info: =================================
2023-04-04 00:01:11 info: ======= ENV: development =======
2023-04-04 00:01:11 info: 🚀 App listening on the port 8000
2023-04-04 00:01:11 info: =================================
2023-04-04 00:01:38 info: =================================
2023-04-04 00:01:38 info: ======= ENV: development =======
2023-04-04 00:01:38 info: 🚀 App listening on the port 8000
2023-04-04 00:01:38 info: =================================
2023-04-04 00:01:47 info: =================================
2023-04-04 00:01:47 info: ======= ENV: development =======
2023-04-04 00:01:47 info: 🚀 App listening on the port 8000
2023-04-04 00:01:47 info: =================================
2023-04-04 00:02:02 info: =================================
2023-04-04 00:02:02 info: ======= ENV: development =======
2023-04-04 00:02:02 info: 🚀 App listening on the port 8000
2023-04-04 00:02:02 info: =================================
2023-04-04 00:02:11 info: =================================
2023-04-04 00:02:11 info: ======= ENV: development =======
2023-04-04 00:02:11 info: 🚀 App listening on the port 8000
2023-04-04 00:02:11 info: =================================
2023-04-04 00:02:46 info: =================================
2023-04-04 00:02:46 info: ======= ENV: development =======
2023-04-04 00:02:46 info: 🚀 App listening on the port 8000
2023-04-04 00:02:46 info: =================================
2023-04-04 00:02:53 info: =================================
2023-04-04 00:02:53 info: ======= ENV: development =======
2023-04-04 00:02:53 info: 🚀 App listening on the port 8000
2023-04-04 00:02:53 info: =================================
2023-04-04 00:03:39 info: =================================
2023-04-04 00:03:39 info: ======= ENV: development =======
2023-04-04 00:03:39 info: 🚀 App listening on the port 8000
2023-04-04 00:03:39 info: =================================
2023-04-04 00:03:53 info: =================================
2023-04-04 00:03:53 info: ======= ENV: development =======
2023-04-04 00:03:53 info: 🚀 App listening on the port 8000
2023-04-04 00:03:53 info: =================================
2023-04-04 00:04:03 info: =================================
2023-04-04 00:04:03 info: ======= ENV: development =======
2023-04-04 00:04:03 info: 🚀 App listening on the port 8000
2023-04-04 00:04:03 info: =================================
2023-04-04 00:04:16 info: =================================
2023-04-04 00:04:16 info: ======= ENV: development =======
2023-04-04 00:04:16 info: 🚀 App listening on the port 8000
2023-04-04 00:04:16 info: =================================
2023-04-04 00:04:36 info: =================================
2023-04-04 00:04:36 info: ======= ENV: development =======
2023-04-04 00:04:36 info: 🚀 App listening on the port 8000
2023-04-04 00:04:36 info: =================================
2023-04-04 00:04:55 info: =================================
2023-04-04 00:04:55 info: ======= ENV: development =======
2023-04-04 00:04:55 info: 🚀 App listening on the port 8000
2023-04-04 00:04:55 info: =================================
2023-04-04 00:05:06 info: =================================
2023-04-04 00:05:06 info: ======= ENV: development =======
2023-04-04 00:05:06 info: 🚀 App listening on the port 8000
2023-04-04 00:05:06 info: =================================
2023-04-04 00:05:13 info: =================================
2023-04-04 00:05:13 info: ======= ENV: development =======
2023-04-04 00:05:13 info: 🚀 App listening on the port 8000
2023-04-04 00:05:13 info: =================================
2023-04-04 00:05:42 info: =================================
2023-04-04 00:05:42 info: ======= ENV: development =======
2023-04-04 00:05:42 info: 🚀 App listening on the port 8000
2023-04-04 00:05:42 info: =================================
2023-04-04 00:06:10 info: =================================
2023-04-04 00:06:10 info: ======= ENV: development =======
2023-04-04 00:06:10 info: 🚀 App listening on the port 8000
2023-04-04 00:06:10 info: =================================
2023-04-04 00:06:17 info: =================================
2023-04-04 00:06:17 info: ======= ENV: development =======
2023-04-04 00:06:17 info: 🚀 App listening on the port 8000
2023-04-04 00:06:17 info: =================================
2023-04-04 00:06:34 info: =================================
2023-04-04 00:06:34 info: ======= ENV: development =======
2023-04-04 00:06:34 info: 🚀 App listening on the port 8000
2023-04-04 00:06:34 info: =================================
2023-04-04 00:06:43 info: =================================
2023-04-04 00:06:43 info: ======= ENV: development =======
2023-04-04 00:06:43 info: 🚀 App listening on the port 8000
2023-04-04 00:06:43 info: =================================
2023-04-04 00:07:23 info: =================================
2023-04-04 00:07:23 info: ======= ENV: development =======
2023-04-04 00:07:23 info: 🚀 App listening on the port 8000
2023-04-04 00:07:23 info: =================================
2023-04-04 00:08:19 info: =================================
2023-04-04 00:08:19 info: ======= ENV: development =======
2023-04-04 00:08:19 info: 🚀 App listening on the port 8000
2023-04-04 00:08:19 info: =================================
2023-04-04 00:09:02 info: =================================
2023-04-04 00:09:02 info: ======= ENV: development =======
2023-04-04 00:09:02 info: 🚀 App listening on the port 8000
2023-04-04 00:09:02 info: =================================
2023-04-04 00:09:15 info: =================================
2023-04-04 00:09:15 info: ======= ENV: development =======
2023-04-04 00:09:15 info: 🚀 App listening on the port 8000
2023-04-04 00:09:15 info: =================================
2023-04-04 00:09:30 info: =================================
2023-04-04 00:09:30 info: ======= ENV: development =======
2023-04-04 00:09:30 info: 🚀 App listening on the port 8000
2023-04-04 00:09:30 info: =================================
2023-04-04 00:09:47 info: =================================
2023-04-04 00:09:47 info: ======= ENV: development =======
2023-04-04 00:09:47 info: 🚀 App listening on the port 8000
2023-04-04 00:09:47 info: =================================
2023-04-04 00:09:53 info: =================================
2023-04-04 00:09:53 info: ======= ENV: development =======
2023-04-04 00:09:53 info: 🚀 App listening on the port 8000
2023-04-04 00:09:54 info: =================================
2023-04-04 00:10:00 info: =================================
2023-04-04 00:10:00 info: ======= ENV: development =======
2023-04-04 00:10:00 info: 🚀 App listening on the port 8000
2023-04-04 00:10:00 info: =================================
2023-04-04 00:10:14 info: =================================
2023-04-04 00:10:14 info: ======= ENV: development =======
2023-04-04 00:10:14 info: 🚀 App listening on the port 8000
2023-04-04 00:10:14 info: =================================
2023-04-04 00:10:23 info: =================================
2023-04-04 00:10:23 info: ======= ENV: development =======
2023-04-04 00:10:23 info: 🚀 App listening on the port 8000
2023-04-04 00:10:23 info: =================================
2023-04-04 00:10:47 info: =================================
2023-04-04 00:10:48 info: ======= ENV: development =======
2023-04-04 00:10:48 info: 🚀 App listening on the port 8000
2023-04-04 00:10:48 info: =================================
2023-04-04 00:11:21 info: =================================
2023-04-04 00:11:21 info: ======= ENV: development =======
2023-04-04 00:11:21 info: 🚀 App listening on the port 8000
2023-04-04 00:11:21 info: =================================
2023-04-04 00:11:58 info: =================================
2023-04-04 00:11:58 info: ======= ENV: development =======
2023-04-04 00:11:58 info: 🚀 App listening on the port 8000
2023-04-04 00:11:58 info: =================================
2023-04-04 00:12:16 info: =================================
2023-04-04 00:12:16 info: ======= ENV: development =======
2023-04-04 00:12:16 info: 🚀 App listening on the port 8000
2023-04-04 00:12:16 info: =================================
2023-04-04 00:12:29 info: =================================
2023-04-04 00:12:29 info: ======= ENV: development =======
2023-04-04 00:12:29 info: 🚀 App listening on the port 8000
2023-04-04 00:12:29 info: =================================
2023-04-04 00:13:23 info: =================================
2023-04-04 00:13:23 info: ======= ENV: development =======
2023-04-04 00:13:23 info: 🚀 App listening on the port 8000
2023-04-04 00:13:23 info: =================================
2023-04-04 00:13:52 info: =================================
2023-04-04 00:13:52 info: ======= ENV: development =======
2023-04-04 00:13:52 info: 🚀 App listening on the port 8000
2023-04-04 00:13:52 info: =================================
2023-04-04 00:15:35 info: =================================
2023-04-04 00:15:35 info: ======= ENV: development =======
2023-04-04 00:15:35 info: 🚀 App listening on the port 8000
2023-04-04 00:15:35 info: =================================
2023-04-04 00:16:50 info: =================================
2023-04-04 00:16:50 info: ======= ENV: development =======
2023-04-04 00:16:50 info: 🚀 App listening on the port 8000
2023-04-04 00:16:50 info: =================================
2023-04-04 00:17:22 info: =================================
2023-04-04 00:17:22 info: ======= ENV: development =======
2023-04-04 00:17:22 info: 🚀 App listening on the port 8000
2023-04-04 00:17:22 info: =================================
2023-04-04 00:19:33 info: =================================
2023-04-04 00:19:33 info: ======= ENV: development =======
2023-04-04 00:19:33 info: 🚀 App listening on the port 8000
2023-04-04 00:19:33 info: =================================
2023-04-04 00:19:51 info: =================================
2023-04-04 00:19:51 info: ======= ENV: development =======
2023-04-04 00:19:51 info: 🚀 App listening on the port 8000
2023-04-04 00:19:51 info: =================================
2023-04-04 00:20:52 info: =================================
2023-04-04 00:20:52 info: ======= ENV: development =======
2023-04-04 00:20:52 info: 🚀 App listening on the port 8000
2023-04-04 00:20:52 info: =================================
2023-04-04 00:21:14 info: =================================
2023-04-04 00:21:14 info: ======= ENV: development =======
2023-04-04 00:21:14 info: 🚀 App listening on the port 8000
2023-04-04 00:21:14 info: =================================
2023-04-04 00:21:21 info: =================================
2023-04-04 00:21:21 info: ======= ENV: development =======
2023-04-04 00:21:21 info: 🚀 App listening on the port 8000
2023-04-04 00:21:21 info: =================================
2023-04-04 00:21:26 info: =================================
2023-04-04 00:21:26 info: ======= ENV: development =======
2023-04-04 00:21:26 info: 🚀 App listening on the port 8000
2023-04-04 00:21:26 info: =================================
2023-04-04 00:21:32 info: =================================
2023-04-04 00:21:32 info: ======= ENV: development =======
2023-04-04 00:21:32 info: 🚀 App listening on the port 8000
2023-04-04 00:21:32 info: =================================
2023-04-04 00:21:53 info: =================================
2023-04-04 00:21:53 info: ======= ENV: development =======
2023-04-04 00:21:53 info: 🚀 App listening on the port 8000
2023-04-04 00:21:53 info: =================================
2023-04-04 00:23:49 info: =================================
2023-04-04 00:23:49 info: ======= ENV: development =======
2023-04-04 00:23:49 info: 🚀 App listening on the port 8000
2023-04-04 00:23:49 info: =================================
2023-04-04 00:26:12 info: =================================
2023-04-04 00:26:12 info: ======= ENV: development =======
2023-04-04 00:26:12 info: 🚀 App listening on the port 8000
2023-04-04 00:26:12 info: =================================
2023-04-04 00:26:39 info: =================================
2023-04-04 00:26:39 info: ======= ENV: development =======
2023-04-04 00:26:39 info: 🚀 App listening on the port 8000
2023-04-04 00:26:39 info: =================================
2023-04-04 00:26:46 info: =================================
2023-04-04 00:26:46 info: ======= ENV: development =======
2023-04-04 00:26:46 info: 🚀 App listening on the port 8000
2023-04-04 00:26:46 info: =================================
2023-04-04 00:26:58 info: =================================
2023-04-04 00:26:58 info: ======= ENV: development =======
2023-04-04 00:26:58 info: 🚀 App listening on the port 8000
2023-04-04 00:26:58 info: =================================
2023-04-04 00:27:34 info: =================================
2023-04-04 00:27:34 info: ======= ENV: development =======
2023-04-04 00:27:34 info: 🚀 App listening on the port 8000
2023-04-04 00:27:34 info: =================================
2023-04-04 00:28:07 info: =================================
2023-04-04 00:28:07 info: ======= ENV: development =======
2023-04-04 00:28:07 info: 🚀 App listening on the port 8000
2023-04-04 00:28:07 info: =================================
2023-04-04 00:28:17 info: =================================
2023-04-04 00:28:17 info: ======= ENV: development =======
2023-04-04 00:28:17 info: 🚀 App listening on the port 8000
2023-04-04 00:28:17 info: =================================
2023-04-04 00:28:32 info: =================================
2023-04-04 00:28:32 info: ======= ENV: development =======
2023-04-04 00:28:32 info: 🚀 App listening on the port 8000
2023-04-04 00:28:32 info: =================================
2023-04-04 00:29:37 info: =================================
2023-04-04 00:29:37 info: ======= ENV: development =======
2023-04-04 00:29:37 info: 🚀 App listening on the port 8000
2023-04-04 00:29:37 info: =================================
2023-04-04 00:30:03 info: =================================
2023-04-04 00:30:03 info: ======= ENV: development =======
2023-04-04 00:30:03 info: 🚀 App listening on the port 8000
2023-04-04 00:30:03 info: =================================
2023-04-04 00:30:14 info: =================================
2023-04-04 00:30:14 info: ======= ENV: development =======
2023-04-04 00:30:14 info: 🚀 App listening on the port 8000
2023-04-04 00:30:14 info: =================================
2023-04-04 00:30:53 info: =================================
2023-04-04 00:30:53 info: ======= ENV: development =======
2023-04-04 00:30:53 info: 🚀 App listening on the port 8000
2023-04-04 00:30:53 info: =================================
2023-04-04 00:30:59 info: =================================
2023-04-04 00:30:59 info: ======= ENV: development =======
2023-04-04 00:30:59 info: 🚀 App listening on the port 8000
2023-04-04 00:30:59 info: =================================
2023-04-04 00:31:35 info: =================================
2023-04-04 00:31:35 info: ======= ENV: development =======
2023-04-04 00:31:35 info: 🚀 App listening on the port 8000
2023-04-04 00:31:35 info: =================================
2023-04-04 00:32:10 info: =================================
2023-04-04 00:32:10 info: ======= ENV: development =======
2023-04-04 00:32:10 info: 🚀 App listening on the port 8000
2023-04-04 00:32:10 info: =================================
2023-04-04 00:32:20 info: =================================
2023-04-04 00:32:20 info: ======= ENV: development =======
2023-04-04 00:32:20 info: 🚀 App listening on the port 8000
2023-04-04 00:32:20 info: =================================
2023-04-04 00:32:43 info: =================================
2023-04-04 00:32:43 info: ======= ENV: development =======
2023-04-04 00:32:43 info: 🚀 App listening on the port 8000
2023-04-04 00:32:43 info: =================================
2023-04-04 00:32:52 info: =================================
2023-04-04 00:32:52 info: ======= ENV: development =======
2023-04-04 00:32:52 info: 🚀 App listening on the port 8000
2023-04-04 00:32:52 info: =================================
