2023-07-05 10:26:15 info: [0mGET /banners/get-list [33m404[0m 37.265 ms - 155[0m
2023-07-05 10:26:15 info: [0mGET /brands/get-list-featured [33m404[0m 3.914 ms - 163[0m
2023-07-05 10:26:15 info: [0mGET /products/getProductByType/isNew [33m404[0m 1.585 ms - 170[0m
2023-07-05 10:26:15 info: [0mGET /products/getProductByType/isSale [33m404[0m 0.854 ms - 171[0m
2023-07-05 10:26:15 info: [0mGET /products/getProductByType/isTopSearch [33m404[0m 0.771 ms - 176[0m
2023-07-05 10:26:15 info: [0mGET /products/getProductByType/isGift [33m404[0m 1.073 ms - 171[0m
2023-07-05 10:31:22 info: [0mGET /banners/get-list [33m404[0m 36.733 ms - 155[0m
2023-07-05 10:31:22 info: [0mGET /brands/get-list-featured [33m404[0m 3.102 ms - 163[0m
2023-07-05 10:31:22 info: [0mGET /products/getProductByType/isNew [33m404[0m 3.018 ms - 170[0m
2023-07-05 10:31:22 info: [0mGET /products/getProductByType/isSale [33m404[0m 36.553 ms - 171[0m
2023-07-05 10:31:22 info: [0mGET /products/getProductByType/isTopSearch [33m404[0m 2.891 ms - 176[0m
2023-07-05 10:31:22 info: [0mGET /products/getProductByType/isGift [33m404[0m 1.722 ms - 171[0m
2023-07-05 12:19:36 info: [0mGET /posts/getListFeatured [32m200[0m 256.998 ms - 843[0m
2023-07-05 12:19:36 info: [0mGET /banners/getListBanner [32m200[0m 418.513 ms - -[0m
2023-07-05 12:19:36 info: [0mGET /services/nav [32m200[0m 259.974 ms - -[0m
2023-07-05 12:19:39 info: [0mGET /services/nav [36m304[0m 195.410 ms - -[0m
2023-07-05 12:19:42 info: [0mGET /posts/getListFeatured [32m200[0m 36.472 ms - 851[0m
2023-07-05 12:19:42 info: [0mGET /banners/getListBanner [32m200[0m 36.090 ms - -[0m
2023-07-05 12:19:42 info: [0mGET /services/nav [32m200[0m 75.988 ms - -[0m
2023-07-05 12:19:44 info: [0mGET /services/nav [32m200[0m 177.913 ms - -[0m
2023-07-05 12:19:50 info: [0mGET /posts/getListFeatured [32m200[0m 32.514 ms - 843[0m
2023-07-05 12:19:50 info: [0mGET /banners/getListBanner [32m200[0m 22.753 ms - -[0m
2023-07-05 12:19:50 info: [0mGET /services/nav [32m200[0m 39.314 ms - -[0m
2023-07-05 12:19:55 info: [0mGET /services/nav [32m200[0m 213.024 ms - -[0m
2023-07-05 12:22:00 info: [0mGET /posts/getListFeatured [32m200[0m 33.675 ms - 851[0m
2023-07-05 12:22:00 info: [0mGET /banners/getListBanner [32m200[0m 39.854 ms - -[0m
2023-07-05 12:22:00 info: [0mGET /services/nav [32m200[0m 15.536 ms - -[0m
2023-07-05 12:22:01 info: [0mGET /services/nav [32m200[0m 41.293 ms - -[0m
2023-07-05 12:22:05 info: [0mGET /posts/getListFeatured [32m200[0m 30.860 ms - 843[0m
2023-07-05 12:22:05 info: [0mGET /services/nav [32m200[0m 26.325 ms - -[0m
2023-07-05 12:22:05 info: [0mGET /banners/getListBanner [32m200[0m 37.822 ms - -[0m
2023-07-05 12:22:07 info: [0mGET /services/nav [32m200[0m 93.016 ms - -[0m
