2023-05-21 13:20:31 info: =================================
2023-05-21 13:20:31 info: ======= ENV: development =======
2023-05-21 13:20:31 info: 🚀 App listening on the port 8000
2023-05-21 13:20:31 info: =================================
2023-05-21 13:20:33 info: [0mGET /favicon.ico [33m404[0m 13.046 ms - 150[0m
2023-05-21 13:20:43 info: [0mGET /posts [32m200[0m 5.721 ms - 33[0m
2023-05-21 13:21:47 info: =================================
2023-05-21 13:21:47 info: ======= ENV: development =======
2023-05-21 13:21:47 info: 🚀 App listening on the port 8000
2023-05-21 13:21:47 info: =================================
2023-05-21 13:22:04 info: =================================
2023-05-21 13:22:04 info: ======= ENV: development =======
2023-05-21 13:22:04 info: 🚀 App listening on the port 8000
2023-05-21 13:22:04 info: =================================
2023-05-21 13:22:06 error: {"name":"SequelizeAccessDeniedError","parent":{"code":"ER_ACCESS_DENIED_ERROR","errno":1045,"sqlState":"28000","sqlMessage":"Access denied for user 'toannguyen112'@'localhost' (using password: YES)"},"original":{"code":"ER_ACCESS_DENIED_ERROR","errno":1045,"sqlState":"28000","sqlMessage":"Access denied for user 'toannguyen112'@'localhost' (using password: YES)"}}
2023-05-21 13:22:06 info: [0mGET /posts [32m200[0m 143.279 ms - 16[0m
2023-05-21 13:22:07 error: {"name":"SequelizeAccessDeniedError","parent":{"code":"ER_ACCESS_DENIED_ERROR","errno":1045,"sqlState":"28000","sqlMessage":"Access denied for user 'toannguyen112'@'localhost' (using password: YES)"},"original":{"code":"ER_ACCESS_DENIED_ERROR","errno":1045,"sqlState":"28000","sqlMessage":"Access denied for user 'toannguyen112'@'localhost' (using password: YES)"}}
2023-05-21 13:22:07 info: [0mGET /posts [36m304[0m 40.965 ms - -[0m
2023-05-21 13:29:24 error: {"name":"SequelizeAccessDeniedError","parent":{"code":"ER_ACCESS_DENIED_ERROR","errno":1045,"sqlState":"28000","sqlMessage":"Access denied for user 'toannguyen112'@'localhost' (using password: YES)"},"original":{"code":"ER_ACCESS_DENIED_ERROR","errno":1045,"sqlState":"28000","sqlMessage":"Access denied for user 'toannguyen112'@'localhost' (using password: YES)"}}
2023-05-21 13:29:24 info: [0mGET /posts [36m304[0m 80.878 ms - -[0m
2023-05-21 14:39:10 info: =================================
2023-05-21 14:39:10 info: ======= ENV: development =======
2023-05-21 14:39:10 info: 🚀 App listening on the port 8000
2023-05-21 14:39:10 info: =================================
<<<<<<< HEAD
2023-05-21 14:57:27 info: =================================
2023-05-21 14:57:27 info: ======= ENV: development =======
2023-05-21 14:57:27 info: 🚀 App listening on the port 8000
2023-05-21 14:57:27 info: =================================
=======
2023-05-21 17:43:10 info: =================================
2023-05-21 17:43:10 info: ======= ENV: development =======
2023-05-21 17:43:10 info: 🚀 App listening on the port 8000
2023-05-21 17:43:10 info: =================================
2023-05-21 18:26:54 info: =================================
2023-05-21 18:26:54 info: ======= ENV: development =======
2023-05-21 18:26:54 info: 🚀 App listening on the port 8000
2023-05-21 18:26:54 info: =================================
2023-05-21 18:27:07 info: [0mGET /posts [32m200[0m 348.564 ms - 580[0m
2023-05-21 18:33:40 info: =================================
2023-05-21 18:33:40 info: ======= ENV: development =======
2023-05-21 18:33:40 info: 🚀 App listening on the port 8000
2023-05-21 18:33:40 info: =================================
2023-05-21 18:33:50 info: [0mGET /posts [36m304[0m 223.663 ms - -[0m
2023-05-21 18:52:34 info: =================================
2023-05-21 18:52:34 info: ======= ENV: development =======
2023-05-21 18:52:34 info: 🚀 App listening on the port 8000
2023-05-21 18:52:34 info: =================================
2023-05-21 18:52:49 info: [0mGET /posts/getListFeatured [32m200[0m 414.903 ms - 519[0m
2023-05-21 18:52:49 info: [0mGET /services/nav [36m304[0m 606.184 ms - -[0m
2023-05-21 18:52:49 info: [0mGET /banners/getListBanner [32m200[0m 493.519 ms - 902[0m
2023-05-21 18:52:50 info: [0mGET /services/nav [36m304[0m 76.442 ms - -[0m
2023-05-21 18:52:59 info: [0mOPTIONS /admins/login [32m204[0m 4.586 ms - 0[0m
2023-05-21 18:52:59 info: [0mPOST /admins/login [32m200[0m 309.619 ms - 560[0m
2023-05-21 18:53:02 info: [0mOPTIONS /admins/profile [32m204[0m 0.757 ms - 0[0m
2023-05-21 18:53:02 info: [0mGET /admins/profile [32m200[0m 150.895 ms - 268[0m
2023-05-21 18:53:05 info: [0mOPTIONS /folders/get-medias [32m204[0m 0.992 ms - 0[0m
2023-05-21 18:53:05 info: [0mGET /folders [32m200[0m 67.565 ms - 291[0m
2023-05-21 18:53:05 info: [0mPOST /folders/get-medias [32m200[0m 61.469 ms - 31[0m
2023-05-21 18:53:05 info: [0mGET /admins/profile [36m304[0m 89.077 ms - -[0m
2023-05-21 18:53:11 error: [POST] /medias/create >> StatusCode:: 500, Message:: ENOENT: no such file or directory, open 'storage/uploads/files-1684669991364.jpg'
2023-05-21 18:53:11 info: [0mPOST /medias/create [31m500[0m 47.434 ms - 95[0m
2023-05-21 18:54:11 info: [0mOPTIONS /admins/profile [32m204[0m 2.445 ms - 0[0m
2023-05-21 18:54:11 info: [0mOPTIONS /folders/get-medias [32m204[0m 0.179 ms - 0[0m
2023-05-21 18:54:11 info: [0mGET /folders [36m304[0m 357.248 ms - -[0m
2023-05-21 18:54:11 info: [0mPOST /folders/get-medias [32m200[0m 394.395 ms - 31[0m
2023-05-21 18:54:12 info: [0mGET /admins/profile [36m304[0m 678.298 ms - -[0m
2023-05-21 18:54:15 info: [0mPOST /medias/create [32m200[0m 175.689 ms - 31[0m
2023-05-21 18:54:15 info: [0mPOST /folders/get-medias [32m200[0m 25.123 ms - 350[0m
2023-05-21 18:54:22 info: [0mPOST /medias/create [32m200[0m 61.927 ms - 31[0m
2023-05-21 18:54:22 info: [0mOPTIONS /folders/get-medias [32m204[0m 0.296 ms - 0[0m
2023-05-21 18:54:23 info: [0mPOST /folders/get-medias [32m200[0m 42.969 ms - 673[0m
2023-05-21 18:54:26 info: [0mOPTIONS /admins/profile [32m204[0m 4.184 ms - 0[0m
2023-05-21 18:54:26 info: [0mPOST /folders/get-medias [32m200[0m 191.932 ms - 673[0m
2023-05-21 18:54:26 info: [0mGET /folders [36m304[0m 189.547 ms - -[0m
2023-05-21 18:54:26 info: [0mGET /admins/profile [36m304[0m 270.208 ms - -[0m
2023-05-21 18:56:03 info: =================================
2023-05-21 18:56:03 info: ======= ENV: development =======
2023-05-21 18:56:03 info: 🚀 App listening on the port 8000
2023-05-21 18:56:03 info: =================================
2023-05-21 18:56:09 info: [0mOPTIONS /admins/profile [32m204[0m 3.055 ms - 0[0m
2023-05-21 18:56:09 info: [0mOPTIONS /folders/get-medias [32m204[0m 1.589 ms - 0[0m
2023-05-21 18:56:10 info: [0mPOST /folders/get-medias [32m200[0m 695.295 ms - 627[0m
2023-05-21 18:56:10 info: [0mGET /folders [36m304[0m 482.556 ms - -[0m
2023-05-21 18:56:10 info: [0mGET /admins/profile [36m304[0m 1171.600 ms - -[0m
2023-05-21 18:56:17 info: [0mOPTIONS /admins/profile [32m204[0m 2.013 ms - 0[0m
2023-05-21 18:56:17 info: [0mGET /admins/profile [36m304[0m 393.385 ms - -[0m
2023-05-21 18:56:17 info: [0mGET /banners? [32m200[0m 441.142 ms - 963[0m
2023-05-21 18:56:18 info: [0mGET /banners?page=1&page_size=10 [32m200[0m 75.305 ms - 963[0m
2023-05-21 18:56:22 info: [0mOPTIONS /admins/profile [32m204[0m 1.108 ms - 0[0m
2023-05-21 18:56:22 info: [0mGET /banners/show/1 [32m200[0m 151.429 ms - 468[0m
2023-05-21 18:56:22 info: [0mGET /admins/profile [36m304[0m 83.066 ms - -[0m
2023-05-21 18:56:23 info: [0mOPTIONS /folders/get-medias [32m204[0m 0.882 ms - 0[0m
2023-05-21 18:56:24 info: [0mPOST /folders/get-medias [32m200[0m 90.984 ms - 627[0m
2023-05-21 18:56:24 info: [0mGET /folders [36m304[0m 90.283 ms - -[0m
2023-05-21 18:56:27 info: [0mOPTIONS /banners/update/1 [32m204[0m 0.240 ms - 0[0m
2023-05-21 18:56:27 info: [0mPUT /banners/update/1 [32m200[0m 293.694 ms - 27[0m
2023-05-21 18:56:27 info: [0mGET /banners/show/1 [32m200[0m 101.074 ms - 760[0m
2023-05-21 18:56:29 info: [0mOPTIONS /admins/profile [32m204[0m 0.290 ms - 0[0m
2023-05-21 18:56:29 info: [0mGET /banners/show/1 [36m304[0m 46.782 ms - -[0m
2023-05-21 18:56:29 info: [0mGET /admins/profile [36m304[0m 122.787 ms - -[0m
2023-05-21 18:56:29 info: [0mGET /banners?page=1&page_size=10 [32m200[0m 176.744 ms - -[0m
2023-05-21 18:56:29 info: [0mGET /banners?page=1&page_size=10 [36m304[0m 41.975 ms - -[0m
2023-05-21 18:56:33 info: [0mGET /banners/show/1 [36m304[0m 16.947 ms - -[0m
2023-05-21 18:56:33 info: [0mGET /admins/profile [36m304[0m 120.235 ms - -[0m
2023-05-21 18:56:40 info: [0mOPTIONS /admins/profile [32m204[0m 0.361 ms - 0[0m
2023-05-21 18:56:40 info: [0mGET /banners/show/1 [36m304[0m 229.998 ms - -[0m
2023-05-21 18:56:40 info: [0mGET /services/nav [36m304[0m 222.488 ms - -[0m
2023-05-21 18:56:40 info: [0mGET /admins/profile [36m304[0m 251.250 ms - -[0m
>>>>>>> development
2023-05-21 19:49:17 info: =================================
2023-05-21 19:49:17 info: ======= ENV: development =======
2023-05-21 19:49:17 info: 🚀 App listening on the port 8000
2023-05-21 19:49:17 info: =================================
2023-05-21 19:52:51 info: [0mOPTIONS /admins/login [32m204[0m 2.390 ms - 0[0m
2023-05-21 19:52:52 info: [0mPOST /admins/login [32m200[0m 1366.931 ms - 560[0m
2023-05-21 19:52:54 info: [0mOPTIONS /admins/profile [32m204[0m 0.747 ms - 0[0m
2023-05-21 19:52:55 info: [0mGET /admins/profile [36m304[0m 360.029 ms - -[0m
2023-05-21 19:53:00 info: [0mOPTIONS /admins/profile [32m204[0m 1.042 ms - 0[0m
2023-05-21 19:53:00 info: [0mGET /admins/profile [36m304[0m 281.204 ms - -[0m
2023-05-21 19:53:00 info: [0mGET /ceos? [32m200[0m 322.055 ms - 87[0m
2023-05-21 19:53:00 info: [0mGET /ceos?page=1&page_size=10 [32m200[0m 23.113 ms - 87[0m
2023-05-21 19:53:03 info: [0mGET /admins/profile [36m304[0m 100.186 ms - -[0m
2023-05-21 19:53:03 info: [0mGET /banners? [32m200[0m 91.620 ms - 87[0m
2023-05-21 19:53:03 info: [0mGET /banners?page=1&page_size=10 [32m200[0m 74.725 ms - 87[0m
2023-05-21 19:53:06 info: [0mOPTIONS /admins/profile [32m204[0m 0.606 ms - 0[0m
2023-05-21 19:53:06 info: [0mGET /admins/profile [36m304[0m 90.226 ms - -[0m
2023-05-21 19:53:13 info: [0mOPTIONS /banners/create [32m204[0m 15.149 ms - 0[0m
2023-05-21 19:53:14 info: [0mPOST /banners/create [32m200[0m 336.487 ms - 16[0m
2023-05-21 19:53:14 info: [0mOPTIONS /admins/profile [32m204[0m 0.729 ms - 0[0m
2023-05-21 19:53:15 info: [0mGET /banners?page=1&page_size=10 [32m200[0m 119.417 ms - 267[0m
2023-05-21 19:53:15 info: [0mGET /admins/profile [36m304[0m 170.314 ms - -[0m
2023-05-21 19:53:15 info: [0mGET /banners?page=1&page_size=10 [36m304[0m 82.064 ms - -[0m
2023-05-21 19:53:18 info: [0mGET /admins/profile [36m304[0m 49.033 ms - -[0m
2023-05-21 19:53:19 info: [0mGET /banners?page=1&page_size=10 [36m304[0m 40.876 ms - -[0m
2023-05-21 19:53:19 info: [0mGET /banners?page=1&page_size=10 [36m304[0m 31.986 ms - -[0m
2023-05-21 19:53:21 info: [0mOPTIONS /admins/profile [32m204[0m 1.445 ms - 0[0m
2023-05-21 19:53:21 info: [0mGET /admins/profile [36m304[0m 144.464 ms - -[0m
2023-05-21 19:53:22 info: [0mGET /banners?page=1&page_size=10 [36m304[0m 91.316 ms - -[0m
2023-05-21 19:53:22 info: [0mGET /banners?page=1&page_size=10 [36m304[0m 12.796 ms - -[0m
2023-05-21 19:53:25 info: [0mGET /admins/profile [36m304[0m 43.106 ms - -[0m
2023-05-21 19:53:25 info: [0mGET /banners/show/1 [32m200[0m 61.164 ms - 204[0m
2023-05-21 19:53:32 info: [0mOPTIONS /banners/update/1 [32m204[0m 0.619 ms - 0[0m
2023-05-21 19:53:32 info: [0mPUT /banners/update/1 [32m200[0m 101.590 ms - 27[0m
2023-05-21 19:53:32 info: [0mGET /banners/show/1 [32m200[0m 30.756 ms - 192[0m
2023-05-21 19:53:36 info: [0mOPTIONS /admins/profile [32m204[0m 1.927 ms - 0[0m
2023-05-21 19:53:36 info: [0mGET /admins/profile [36m304[0m 141.229 ms - -[0m
2023-05-21 19:53:37 info: [0mGET /banners/show/1 [32m200[0m 12.748 ms - 204[0m
2023-05-21 19:53:44 info: [0mOPTIONS /banners/update/1 [32m204[0m 0.776 ms - 0[0m
2023-05-21 19:53:44 info: [0mPUT /banners/update/1 [32m200[0m 123.651 ms - 27[0m
2023-05-21 19:53:44 info: [0mGET /banners/show/1 [32m200[0m 55.617 ms - 198[0m
2023-05-21 19:53:48 info: [0mOPTIONS /admins/profile [32m204[0m 1.513 ms - 0[0m
2023-05-21 19:53:48 info: [0mGET /admins/profile [36m304[0m 144.002 ms - -[0m
2023-05-21 19:53:49 info: [0mGET /banners/show/1 [32m200[0m 61.377 ms - 204[0m
2023-05-21 19:53:57 info: [0mOPTIONS /banners/update/1 [32m204[0m 3.252 ms - 0[0m
2023-05-21 19:53:57 info: [0mPUT /banners/update/1 [32m200[0m 133.243 ms - 27[0m
2023-05-21 19:53:57 info: [0mGET /banners/show/1 [32m200[0m 36.804 ms - 206[0m
2023-05-21 19:54:36 info: [0mOPTIONS /admins/profile [32m204[0m 0.909 ms - 0[0m
2023-05-21 19:54:36 info: [0mGET /admins/profile [36m304[0m 310.443 ms - -[0m
2023-05-21 19:54:36 info: [0mGET /banners/show/1 [32m200[0m 206.526 ms - 198[0m
2023-05-21 19:54:40 info: [0mGET /admins/profile [36m304[0m 36.966 ms - -[0m
2023-05-21 19:54:41 info: [0mGET /banners/show/1 [32m200[0m 58.501 ms - 192[0m
2023-05-21 19:54:48 info: [0mOPTIONS /admins/profile [32m204[0m 0.690 ms - 0[0m
2023-05-21 19:54:48 info: [0mGET /admins/profile [36m304[0m 116.339 ms - -[0m
2023-05-21 19:54:49 info: [0mGET /banners/show/1 [32m200[0m 47.980 ms - 206[0m
2023-05-21 19:56:55 info: [0mOPTIONS /admins/profile [32m204[0m 19.818 ms - 0[0m
2023-05-21 19:56:55 info: [0mOPTIONS /folders/get-medias [32m204[0m 0.146 ms - 0[0m
2023-05-21 19:56:56 info: [0mPOST /folders/get-medias [32m200[0m 230.724 ms - 31[0m
2023-05-21 19:56:56 info: [0mGET /banners/show/1 [32m200[0m 211.145 ms - 198[0m
2023-05-21 19:56:56 info: [0mGET /admins/profile [36m304[0m 327.310 ms - -[0m
2023-05-21 19:56:56 info: [0mGET /folders [32m200[0m 337.702 ms - 31[0m
2023-05-21 19:57:41 info: [0mOPTIONS /admins/profile [32m204[0m 1.733 ms - 0[0m
2023-05-21 19:57:42 info: [0mGET /roles? [32m200[0m 747.118 ms - 241[0m
2023-05-21 19:57:42 info: [0mGET /admins/profile [36m304[0m 998.318 ms - -[0m
2023-05-21 19:57:42 info: [0mGET /roles?page=1&page_size=10 [32m200[0m 959.418 ms - 241[0m
2023-05-21 19:57:51 info: [0mOPTIONS /admins/profile [32m204[0m 0.726 ms - 0[0m
2023-05-21 19:57:51 info: [0mGET /admins? [32m200[0m 108.911 ms - 432[0m
2023-05-21 19:57:51 info: [0mGET /admins/profile [36m304[0m 278.196 ms - -[0m
2023-05-21 19:57:52 info: [0mGET /admins?page=1&page_size=10 [32m200[0m 71.770 ms - 432[0m
2023-05-21 19:57:54 info: [0mGET /admins/show/1 [32m200[0m 31.350 ms - 125[0m
2023-05-21 19:57:54 info: [0mGET /admins/profile [36m304[0m 46.176 ms - -[0m
2023-05-21 19:57:55 info: [0mGET /roles?[object%20Object] [32m200[0m 19.490 ms - 241[0m
2023-05-21 19:57:58 info: [0mOPTIONS /admins/profile [32m204[0m 0.680 ms - 0[0m
2023-05-21 19:57:59 info: [0mGET /roles? [36m304[0m 140.810 ms - -[0m
2023-05-21 19:57:59 info: [0mGET /admins/show/1 [36m304[0m 203.019 ms - -[0m
2023-05-21 19:57:59 info: [0mGET /admins/profile [36m304[0m 264.682 ms - -[0m
2023-05-21 19:57:59 info: [0mGET /roles?page=1&page_size=10 [36m304[0m 146.780 ms - -[0m
2023-05-21 19:58:00 info: [0mOPTIONS /folders/get-medias [32m204[0m 1.070 ms - 0[0m
2023-05-21 19:58:00 info: [0mPOST /folders/get-medias [32m200[0m 30.489 ms - 31[0m
2023-05-21 19:58:00 info: [0mGET /folders [36m304[0m 48.903 ms - -[0m
2023-05-21 19:58:00 info: [0mGET /admins/profile [36m304[0m 78.454 ms - -[0m
2023-05-21 19:58:01 info: [0mGET /admins/profile [36m304[0m 143.727 ms - -[0m
2023-05-21 19:58:01 info: [0mGET /ceos? [36m304[0m 218.965 ms - -[0m
2023-05-21 19:58:01 info: [0mGET /ceos?page=1&page_size=10 [36m304[0m 76.295 ms - -[0m
2023-05-21 19:58:03 info: [0mGET /admins/profile [36m304[0m 52.495 ms - -[0m
2023-05-21 19:58:03 info: [0mGET /contacts? [32m200[0m 155.009 ms - 87[0m
2023-05-21 19:58:03 info: [0mGET /contacts?page=1&page_size=10 [32m200[0m 45.617 ms - 87[0m
2023-05-21 19:58:05 info: [0mOPTIONS /admins/profile [32m204[0m 0.332 ms - 0[0m
2023-05-21 19:58:05 info: [0mGET /contacts? [36m304[0m 7.165 ms - -[0m
2023-05-21 19:58:05 info: [0mGET /admins/profile [36m304[0m 116.826 ms - -[0m
2023-05-21 19:58:05 info: [0mGET /contacts?page=1&page_size=10 [36m304[0m 27.841 ms - -[0m
2023-05-21 19:58:06 info: [0mGET /admins/profile [36m304[0m 15.343 ms - -[0m
2023-05-21 19:58:07 info: [0mGET /jobs? [32m200[0m 219.843 ms - 87[0m
2023-05-21 19:58:07 info: [0mGET /jobs?page=1&page_size=10 [32m200[0m 38.765 ms - 87[0m
2023-05-21 19:58:08 info: [0mGET /admins/profile [36m304[0m 42.458 ms - -[0m
2023-05-21 19:58:08 info: [0mGET /categories? [32m200[0m 282.069 ms - 87[0m
2023-05-21 19:58:08 info: [0mGET /categories?page=1&page_size=10 [32m200[0m 56.778 ms - 87[0m
2023-05-21 19:58:09 info: [0mGET /admins/profile [36m304[0m 92.487 ms - -[0m
2023-05-21 19:58:09 info: [0mGET /posts? [32m200[0m 185.424 ms - 87[0m
2023-05-21 19:58:09 info: [0mGET /posts?page=1&page_size=10 [32m200[0m 78.686 ms - 87[0m
2023-05-21 19:58:10 info: [0mOPTIONS /admins/profile [32m204[0m 0.169 ms - 0[0m
2023-05-21 19:58:10 info: [0mGET /admins/profile [36m304[0m 60.462 ms - -[0m
2023-05-21 19:58:10 info: [0mGET /projects? [32m200[0m 147.420 ms - 92[0m
2023-05-21 19:58:11 info: [0mGET /projects?page=1&page_size=10 [32m200[0m 34.555 ms - 92[0m
2023-05-21 19:58:13 info: [0mGET /admins/profile [36m304[0m 155.604 ms - -[0m
2023-05-21 19:58:13 info: [0mGET /services/nav [32m200[0m 152.795 ms - 26[0m
2023-05-21 19:58:14 info: [0mGET /admins/profile [36m304[0m 129.417 ms - -[0m
2023-05-21 19:58:14 info: [0mGET /branchs? [32m200[0m 197.100 ms - 87[0m
2023-05-21 19:58:14 info: [0mGET /branchs?page=1&page_size=10 [32m200[0m 70.108 ms - 87[0m
2023-05-21 19:58:16 info: [0mOPTIONS /admins/profile [32m204[0m 0.791 ms - 0[0m
2023-05-21 19:58:16 info: [0mGET /banners? [32m200[0m 139.140 ms - 269[0m
2023-05-21 19:58:16 info: [0mGET /admins/profile [36m304[0m 152.245 ms - -[0m
2023-05-21 19:58:16 info: [0mGET /banners?page=1&page_size=10 [32m200[0m 49.352 ms - 269[0m
2023-05-21 19:58:17 info: [0mGET /services/nav [36m304[0m 15.390 ms - -[0m
2023-05-21 19:58:17 info: [0mGET /admins/profile [36m304[0m 27.044 ms - -[0m
2023-05-21 19:58:18 info: [0mGET /branchs? [36m304[0m 69.799 ms - -[0m
2023-05-21 19:58:18 info: [0mGET /admins/profile [36m304[0m 80.746 ms - -[0m
2023-05-21 19:58:18 info: [0mGET /branchs?page=1&page_size=10 [36m304[0m 29.090 ms - -[0m
2023-05-21 19:58:19 info: [0mGET /admins/profile [36m304[0m 51.795 ms - -[0m
2023-05-21 19:58:19 info: [0mGET /services/nav [36m304[0m 54.061 ms - -[0m
2023-05-21 19:58:23 info: [0mOPTIONS /services/create [32m204[0m 0.937 ms - 0[0m
2023-05-21 19:58:23 info: [0mPOST /services/create [32m200[0m 136.430 ms - 133[0m
2023-05-21 19:58:24 info: [0mGET /services/nav [32m200[0m 329.144 ms - 89[0m
2023-05-21 19:58:28 info: [0mPOST /services/create [32m200[0m 73.128 ms - 133[0m
2023-05-21 19:58:28 info: [0mGET /services/nav [32m200[0m 72.972 ms - 155[0m
2023-05-21 19:58:29 info: [0mGET /services/show/1 [32m200[0m 31.596 ms - 346[0m
2023-05-21 19:58:36 info: [0mOPTIONS /services/create [32m204[0m 0.510 ms - 0[0m
2023-05-21 19:58:36 info: [0mPOST /services/create [32m200[0m 54.318 ms - 133[0m
2023-05-21 19:58:36 info: [0mGET /services/nav [32m200[0m 36.177 ms - 206[0m
2023-05-21 19:58:39 info: [0mGET /services/show/3 [32m200[0m 12.871 ms - 348[0m
2023-05-21 19:58:39 info: [0mGET /services/show/2 [32m200[0m 9.849 ms - 348[0m
2023-05-21 19:58:39 info: [0mGET /services/show/3 [36m304[0m 6.975 ms - -[0m
2023-05-21 19:58:40 info: [0mGET /services/show/1 [36m304[0m 6.809 ms - -[0m
2023-05-21 19:58:41 info: [0mOPTIONS /admins/profile [32m204[0m 0.477 ms - 0[0m
2023-05-21 19:58:41 info: [0mGET /branchs? [36m304[0m 109.867 ms - -[0m
2023-05-21 19:58:41 info: [0mGET /admins/profile [36m304[0m 166.966 ms - -[0m
2023-05-21 19:58:41 info: [0mGET /branchs?page=1&page_size=10 [36m304[0m 28.071 ms - -[0m
2023-05-21 19:58:44 info: [0mGET /admins/profile [36m304[0m 28.684 ms - -[0m
2023-05-21 19:58:46 info: [0mOPTIONS /admins/profile [32m204[0m 4.529 ms - 0[0m
2023-05-21 19:58:46 info: [0mGET /admins/profile [36m304[0m 125.107 ms - -[0m
2023-05-21 19:58:46 info: [0mGET /projects? [36m304[0m 171.122 ms - -[0m
2023-05-21 19:58:46 info: [0mGET /projects?page=1&page_size=10 [36m304[0m 8.050 ms - -[0m
2023-05-21 19:58:48 info: [0mGET /branchs? [36m304[0m 35.209 ms - -[0m
2023-05-21 19:58:48 info: [0mGET /admins/profile [36m304[0m 63.088 ms - -[0m
2023-05-21 19:58:48 info: [0mGET /branchs?page=1&page_size=10 [36m304[0m 16.442 ms - -[0m
2023-05-21 19:58:49 info: [0mGET /admins/profile [36m304[0m 75.720 ms - -[0m
2023-05-21 19:58:49 info: [0mGET /posts? [36m304[0m 71.456 ms - -[0m
2023-05-21 19:58:49 info: [0mGET /posts?page=1&page_size=10 [36m304[0m 65.524 ms - -[0m
2023-05-21 19:58:51 info: [0mGET /categories? [36m304[0m 80.776 ms - -[0m
2023-05-21 19:58:51 info: [0mGET /admins/profile [36m304[0m 125.437 ms - -[0m
2023-05-21 19:58:51 info: [0mGET /categories?page=1&page_size=10 [36m304[0m 24.186 ms - -[0m
2023-05-21 19:58:51 info: [0mOPTIONS /admins/profile [32m204[0m 0.199 ms - 0[0m
2023-05-21 19:58:51 info: [0mGET /admins/profile [36m304[0m 81.765 ms - -[0m
2023-05-21 19:58:51 info: [0mGET /jobs? [36m304[0m 84.390 ms - -[0m
2023-05-21 19:58:52 info: [0mGET /jobs?page=1&page_size=10 [36m304[0m 16.372 ms - -[0m
2023-05-21 19:58:53 info: [0mGET /contacts? [36m304[0m 54.146 ms - -[0m
2023-05-21 19:58:53 info: [0mGET /admins/profile [36m304[0m 98.198 ms - -[0m
2023-05-21 19:58:53 info: [0mGET /contacts?page=1&page_size=10 [36m304[0m 47.404 ms - -[0m
2023-05-21 19:58:54 info: [0mGET /contacts? [36m304[0m 67.914 ms - -[0m
2023-05-21 19:58:54 info: [0mGET /admins/profile [36m304[0m 146.790 ms - -[0m
2023-05-21 19:58:54 info: [0mGET /contacts?page=1&page_size=10 [36m304[0m 49.400 ms - -[0m
2023-05-21 19:58:55 info: [0mGET /ceos? [36m304[0m 16.297 ms - -[0m
2023-05-21 19:58:55 info: [0mGET /admins/profile [36m304[0m 28.311 ms - -[0m
2023-05-21 19:58:55 info: [0mGET /ceos?page=1&page_size=10 [36m304[0m 9.930 ms - -[0m
2023-05-21 19:58:57 info: [0mOPTIONS /admins/profile [32m204[0m 0.329 ms - 0[0m
2023-05-21 19:58:57 info: [0mOPTIONS /folders/get-medias [32m204[0m 4.186 ms - 0[0m
2023-05-21 19:58:57 info: [0mPOST /folders/get-medias [32m200[0m 48.971 ms - 31[0m
2023-05-21 19:58:57 info: [0mGET /folders [36m304[0m 54.207 ms - -[0m
2023-05-21 19:58:57 info: [0mGET /admins/profile [36m304[0m 84.866 ms - -[0m
2023-05-21 19:58:58 info: [0mGET /roles? [36m304[0m 18.181 ms - -[0m
2023-05-21 19:58:58 info: [0mGET /admins/profile [36m304[0m 42.208 ms - -[0m
2023-05-21 19:58:58 info: [0mGET /roles?page=1&page_size=10 [36m304[0m 19.609 ms - -[0m
2023-05-21 19:59:00 info: [0mGET /admins/profile [36m304[0m 118.392 ms - -[0m
2023-05-21 19:59:00 info: [0mGET /admins? [36m304[0m 90.499 ms - -[0m
2023-05-21 19:59:00 info: [0mGET /admins?page=1&page_size=10 [36m304[0m 31.347 ms - -[0m
2023-05-21 19:59:21 info: [0mOPTIONS /admins/profile [32m204[0m 1.871 ms - 0[0m
2023-05-21 19:59:21 info: [0mGET /roles? [36m304[0m 118.287 ms - -[0m
2023-05-21 19:59:21 info: [0mGET /admins/profile [36m304[0m 200.769 ms - -[0m
2023-05-21 19:59:21 info: [0mGET /roles?page=1&page_size=10 [36m304[0m 56.978 ms - -[0m
2023-05-21 19:59:23 info: [0mOPTIONS /folders/get-medias [32m204[0m 0.407 ms - 0[0m
2023-05-21 19:59:23 info: [0mPOST /folders/get-medias [32m200[0m 18.914 ms - 31[0m
2023-05-21 19:59:24 info: [0mGET /admins/profile [36m304[0m 66.893 ms - -[0m
2023-05-21 19:59:24 info: [0mGET /folders [36m304[0m 87.193 ms - -[0m
2023-05-21 19:59:56 info: =================================
2023-05-21 19:59:56 info: ======= ENV: development =======
2023-05-21 19:59:56 info: 🚀 App listening on the port 8000
2023-05-21 19:59:56 info: =================================
2023-05-21 20:00:25 info: [0mOPTIONS /admins/profile [32m204[0m 4.657 ms - 0[0m
2023-05-21 20:00:26 info: [0mGET /admins/profile [33m401[0m 779.489 ms - 39[0m
2023-05-21 20:00:26 info: [0mGET /roles? [36m304[0m 693.737 ms - -[0m
2023-05-21 20:00:26 info: [0mGET /roles?page=1&page_size=10 [36m304[0m 678.368 ms - -[0m
2023-05-21 20:00:29 info: [0mGET /admins/profile [33m401[0m 76.644 ms - 39[0m
2023-05-21 20:00:29 info: [0mGET /banners? [32m200[0m 323.740 ms - 87[0m
2023-05-21 20:00:29 info: [0mGET /banners?page=1&page_size=10 [32m200[0m 194.797 ms - 87[0m
2023-05-21 20:00:31 info: [0mOPTIONS /admins/profile [32m204[0m 1.396 ms - 0[0m
2023-05-21 20:00:31 info: [0mGET /admins/profile [33m401[0m 128.005 ms - 39[0m
2023-05-21 20:00:31 info: [0mGET /services/nav [32m200[0m 230.963 ms - 26[0m
2023-05-21 20:00:34 info: [0mGET /admins/profile [33m401[0m 109.766 ms - 39[0m
2023-05-21 20:00:34 info: [0mGET /categories? [36m304[0m 80.928 ms - -[0m
2023-05-21 20:00:34 info: [0mGET /categories?page=1&page_size=10 [36m304[0m 18.049 ms - -[0m
2023-05-21 20:00:35 info: [0mGET /admins/profile [33m401[0m 93.404 ms - 39[0m
2023-05-21 20:00:35 info: [0mGET /jobs? [36m304[0m 86.600 ms - -[0m
2023-05-21 20:00:35 info: [0mGET /jobs?page=1&page_size=10 [36m304[0m 52.842 ms - -[0m
2023-05-21 20:00:36 info: [0mOPTIONS /admins/profile [32m204[0m 0.213 ms - 0[0m
2023-05-21 20:00:36 info: [0mGET /categories? [36m304[0m 32.828 ms - -[0m
2023-05-21 20:00:36 info: [0mGET /admins/profile [33m401[0m 81.102 ms - 39[0m
2023-05-21 20:00:36 info: [0mGET /categories?page=1&page_size=10 [36m304[0m 8.685 ms - -[0m
2023-05-21 20:00:38 info: [0mGET /admins/profile [33m401[0m 17.966 ms - 39[0m
2023-05-21 20:00:42 info: [0mOPTIONS /admins/profile [32m204[0m 1.072 ms - 0[0m
2023-05-21 20:00:42 info: [0mGET /admins/profile [33m401[0m 60.065 ms - 39[0m
2023-05-21 20:00:42 info: [0mGET /jobs? [36m304[0m 68.424 ms - -[0m
2023-05-21 20:00:42 info: [0mGET /jobs?page=1&page_size=10 [36m304[0m 56.442 ms - -[0m
2023-05-21 20:00:47 info: [0mOPTIONS /admins/profile [32m204[0m 0.833 ms - 0[0m
2023-05-21 20:00:47 info: [0mGET /admins/profile [33m401[0m 84.886 ms - 39[0m
2023-05-21 20:00:47 info: [0mGET /contacts?page=1&page_size=10 [36m304[0m 207.197 ms - -[0m
2023-05-21 20:00:47 info: [0mGET /contacts? [36m304[0m 293.123 ms - -[0m
2023-05-21 20:00:50 info: [0mOPTIONS /folders/get-medias [32m204[0m 3.932 ms - 0[0m
2023-05-21 20:00:50 info: [0mPOST /folders/get-medias [32m200[0m 173.107 ms - 31[0m
2023-05-21 20:00:50 info: [0mGET /admins/profile [33m401[0m 147.684 ms - 39[0m
2023-05-21 20:00:50 info: [0mGET /folders [32m200[0m 170.379 ms - 291[0m
2023-05-21 20:00:51 info: [0mPOST /folders/get-medias [32m200[0m 5.828 ms - 31[0m
2023-05-21 20:00:52 info: [0mPOST /folders/get-medias [32m200[0m 184.937 ms - 31[0m
2023-05-21 20:00:52 info: [0mPOST /folders/get-medias [32m200[0m 3.046 ms - 31[0m
2023-05-21 20:00:59 info: [0mPOST /medias/create [32m200[0m 430.022 ms - 31[0m
2023-05-21 20:00:59 info: [0mOPTIONS /folders/get-medias [32m204[0m 0.189 ms - 0[0m
2023-05-21 20:00:59 info: [0mPOST /folders/get-medias [32m200[0m 55.438 ms - 330[0m
2023-05-21 20:01:06 info: [0mOPTIONS /medias/delete/1 [32m204[0m 0.922 ms - 0[0m
2023-05-21 20:01:06 info: [0mDELETE /medias/delete/1 [32m200[0m 39.971 ms - 30[0m
2023-05-21 20:01:06 info: [0mOPTIONS /folders/get-medias [32m204[0m 0.169 ms - 0[0m
2023-05-21 20:01:06 info: [0mPOST /folders/get-medias [32m200[0m 34.207 ms - 31[0m
