2023-04-12 00:01:23 info: [0mOPTIONS /admins/logout [32m204[0m 1.112 ms - 0[0m
2023-04-12 00:01:23 info: [0mPOST /admins/logout [33m401[0m 2.857 ms - 39[0m
2023-04-12 00:01:23 info: [0mPOST /admins/logout [33m401[0m 1.469 ms - 39[0m
2023-04-12 00:01:28 info: [0mOPTIONS /admins/logout [32m204[0m 0.910 ms - 0[0m
2023-04-12 00:01:28 info: [0mPOST /admins/logout [33m401[0m 3.523 ms - 39[0m
2023-04-12 00:01:35 info: [0mOPTIONS /admins/login [32m204[0m 1.240 ms - 0[0m
2023-04-12 00:01:35 info: [0mPOST /admins/login [32m200[0m 56.913 ms - 560[0m
2023-04-12 00:01:36 info: [0mOPTIONS /admins/profile [32m204[0m 0.204 ms - 0[0m
2023-04-12 00:01:36 info: [0mGET /admins/profile [36m304[0m 55.548 ms - -[0m
2023-04-12 00:08:32 info: [0mOPTIONS /admins/logout [32m204[0m 2.813 ms - 0[0m
2023-04-12 00:08:32 info: [0mPOST /admins/logout [32m200[0m 109.090 ms - 33[0m
2023-04-12 00:08:32 info: [0mPOST /admins/logout [33m401[0m 4.559 ms - 39[0m
2023-04-12 00:08:42 info: [0mOPTIONS /admins/login [32m204[0m 1.747 ms - 0[0m
2023-04-12 00:08:42 info: [0mPOST /admins/login [32m200[0m 29.027 ms - 560[0m
2023-04-12 00:08:42 info: [0mOPTIONS /admins/profile [32m204[0m 1.782 ms - 0[0m
2023-04-12 00:08:42 info: [0mGET /admins/profile [33m401[0m 1.958 ms - 39[0m
2023-04-12 00:09:31 info: [0mOPTIONS /admins/profile [32m204[0m 9.437 ms - 0[0m
2023-04-12 00:09:32 info: [0mGET /admins/profile [36m304[0m 194.714 ms - -[0m
2023-04-12 00:09:38 info: [0mOPTIONS /admins/profile [32m204[0m 0.832 ms - 0[0m
2023-04-12 00:09:38 info: [0mGET /admins/profile [36m304[0m 161.494 ms - -[0m
2023-04-12 00:09:55 info: [0mOPTIONS /admins/profile [32m204[0m 1.028 ms - 0[0m
2023-04-12 00:09:55 info: [0mGET /admins/profile [36m304[0m 117.028 ms - -[0m
2023-04-12 00:09:59 info: [0mGET /admins/profile [36m304[0m 129.782 ms - -[0m
2023-04-12 00:10:01 info: [0mOPTIONS /admins/logout [32m204[0m 1.917 ms - 0[0m
2023-04-12 00:10:01 info: [0mPOST /admins/logout [32m200[0m 20.759 ms - 33[0m
2023-04-12 00:10:06 info: [0mOPTIONS /admins/login [32m204[0m 3.790 ms - 0[0m
2023-04-12 00:10:06 info: [0mPOST /admins/login [32m200[0m 16.572 ms - 560[0m
2023-04-12 00:10:06 info: [0mOPTIONS /admins/profile [32m204[0m 0.156 ms - 0[0m
2023-04-12 00:10:06 info: [0mGET /admins/profile [36m304[0m 38.935 ms - -[0m
2023-04-12 00:10:07 info: [0mOPTIONS /admins/logout [32m204[0m 0.127 ms - 0[0m
2023-04-12 00:10:07 info: [0mPOST /admins/logout [32m200[0m 9.834 ms - 33[0m
2023-04-12 00:11:08 info: [0mOPTIONS /admins/logout [32m204[0m 0.632 ms - 0[0m
2023-04-12 00:11:08 info: [0mPOST /admins/logout [33m401[0m 3.619 ms - 39[0m
2023-04-12 00:11:16 info: [0mOPTIONS /admins/logout [32m204[0m 0.623 ms - 0[0m
2023-04-12 00:11:16 info: [0mPOST /admins/logout [33m401[0m 2.650 ms - 39[0m
2023-04-12 00:11:26 info: [0mOPTIONS /admins/login [32m204[0m 0.546 ms - 0[0m
2023-04-12 00:11:26 info: [0mPOST /admins/login [32m200[0m 48.127 ms - 572[0m
2023-04-12 00:11:27 info: [0mOPTIONS /admins/profile [32m204[0m 0.236 ms - 0[0m
2023-04-12 00:11:27 info: [0mGET /admins/profile [32m200[0m 78.680 ms - 158[0m
2023-04-12 00:11:33 info: [0mOPTIONS /admins/logout [32m204[0m 0.218 ms - 0[0m
2023-04-12 00:11:33 info: [0mPOST /admins/logout [32m200[0m 9.857 ms - 33[0m
2023-04-12 00:11:38 info: [0mOPTIONS /admins/login [32m204[0m 0.652 ms - 0[0m
2023-04-12 00:11:38 info: [0mPOST /admins/login [31m500[0m 18.263 ms - 45[0m
2023-04-12 00:11:42 info: [0mPOST /admins/login [32m200[0m 6.981 ms - 572[0m
2023-04-12 00:11:42 info: [0mOPTIONS /admins/profile [32m204[0m 0.152 ms - 0[0m
2023-04-12 00:11:42 info: [0mGET /admins/profile [36m304[0m 59.555 ms - -[0m
2023-04-12 00:11:44 info: [0mOPTIONS /admins/logout [32m204[0m 0.140 ms - 0[0m
2023-04-12 00:11:44 info: [0mPOST /admins/logout [32m200[0m 6.325 ms - 33[0m
2023-04-12 00:12:06 info: [0mOPTIONS /admins/logout [32m204[0m 0.907 ms - 0[0m
2023-04-12 00:12:06 info: [0mPOST /admins/logout [33m401[0m 2.934 ms - 39[0m
2023-04-12 00:12:07 info: [0mOPTIONS /admins/login [32m204[0m 0.367 ms - 0[0m
2023-04-12 00:12:07 info: [0mPOST /admins/login [32m200[0m 16.593 ms - 560[0m
2023-04-12 00:12:07 info: [0mOPTIONS /admins/profile [32m204[0m 4.032 ms - 0[0m
2023-04-12 00:12:07 info: [0mGET /admins/profile [32m200[0m 48.743 ms - 221[0m
2023-04-12 00:12:15 info: [0mOPTIONS /admins/profile [32m204[0m 1.857 ms - 0[0m
2023-04-12 00:12:16 info: [0mGET /projects? [32m200[0m 226.069 ms - 477[0m
2023-04-12 00:12:16 info: [0mGET /admins/profile [36m304[0m 277.592 ms - -[0m
2023-04-12 00:12:16 info: [0mGET /projects?page=1&page_size=10 [32m200[0m 53.646 ms - 477[0m
2023-04-12 00:12:20 info: [0mGET /posts? [36m304[0m 128.765 ms - -[0m
2023-04-12 00:12:20 info: [0mGET /admins/profile [36m304[0m 146.809 ms - -[0m
2023-04-12 00:12:20 info: [0mGET /posts?page=1&page_size=10 [36m304[0m 18.765 ms - -[0m
2023-04-12 00:12:24 info: [0mOPTIONS /admins/profile [32m204[0m 19.151 ms - 0[0m
2023-04-12 00:12:25 info: [0mGET /categories? [32m200[0m 79.205 ms - 372[0m
2023-04-12 00:12:25 info: [0mGET /admins/profile [36m304[0m 97.354 ms - -[0m
2023-04-12 00:12:25 info: [0mGET /categories?page=1&page_size=10 [32m200[0m 11.598 ms - 372[0m
2023-04-12 00:12:26 info: [0mGET /admins/profile [36m304[0m 40.842 ms - -[0m
2023-04-12 00:12:26 info: [0mGET /projects? [36m304[0m 85.412 ms - -[0m
2023-04-12 00:12:26 info: [0mGET /projects?page=1&page_size=10 [36m304[0m 42.103 ms - -[0m
2023-04-12 00:12:28 info: [0mGET /admins/profile [36m304[0m 99.053 ms - -[0m
2023-04-12 00:12:28 info: [0mGET /ceos? [36m304[0m 104.265 ms - -[0m
2023-04-12 00:12:28 info: [0mGET /ceos?page=1&page_size=10 [36m304[0m 43.104 ms - -[0m
2023-04-12 00:12:30 info: [0mOPTIONS /admins/profile [32m204[0m 0.201 ms - 0[0m
2023-04-12 00:12:30 info: [0mOPTIONS /folders/get-medias [32m204[0m 0.181 ms - 0[0m
2023-04-12 00:12:30 info: [0mPOST /folders/get-medias [32m200[0m 31.122 ms - 31[0m
2023-04-12 00:12:30 info: [0mGET /folders [36m304[0m 36.367 ms - -[0m
2023-04-12 00:12:30 info: [0mGET /admins/profile [36m304[0m 48.457 ms - -[0m
2023-04-12 00:12:33 info: [0mGET /admins/profile [36m304[0m 113.094 ms - -[0m
2023-04-12 00:12:33 info: [0mGET /roles? [36m304[0m 109.055 ms - -[0m
2023-04-12 00:12:33 info: [0mGET /roles?page=1&page_size=10 [36m304[0m 74.937 ms - -[0m
2023-04-12 00:12:35 info: [0mOPTIONS /admins/profile [32m204[0m 1.567 ms - 0[0m
2023-04-12 00:12:35 info: [0mGET /admins/profile [36m304[0m 15.443 ms - -[0m
2023-04-12 00:12:37 info: [0mGET /admins/profile [36m304[0m 147.773 ms - -[0m
2023-04-12 00:12:37 info: [0mGET /projects? [36m304[0m 149.943 ms - -[0m
2023-04-12 00:12:37 info: [0mGET /projects?page=1&page_size=10 [36m304[0m 66.645 ms - -[0m
2023-04-12 00:12:38 info: [0mGET /posts? [36m304[0m 11.661 ms - -[0m
2023-04-12 00:12:38 info: [0mGET /admins/profile [36m304[0m 20.916 ms - -[0m
2023-04-12 00:12:38 info: [0mGET /posts?page=1&page_size=10 [36m304[0m 11.945 ms - -[0m
2023-04-12 00:12:38 info: [0mGET /admins/profile [36m304[0m 30.984 ms - -[0m
2023-04-12 00:12:38 info: [0mGET /categories? [36m304[0m 37.402 ms - -[0m
2023-04-12 00:12:39 info: [0mGET /categories?page=1&page_size=10 [36m304[0m 12.497 ms - -[0m
2023-04-12 00:12:40 info: [0mGET /admins/profile [36m304[0m 144.543 ms - -[0m
2023-04-12 00:12:40 info: [0mGET /jobs? [36m304[0m 213.956 ms - -[0m
2023-04-12 00:12:40 info: [0mGET /jobs?page=1&page_size=10 [36m304[0m 129.906 ms - -[0m
2023-04-12 00:13:23 info: [0mOPTIONS /admins/profile [32m204[0m 1.006 ms - 0[0m
2023-04-12 00:13:23 info: [0mGET /admins/profile [36m304[0m 235.115 ms - -[0m
2023-04-12 00:13:23 info: [0mGET /jobs?page=1&page_size=10 [36m304[0m 105.014 ms - -[0m
2023-04-12 00:13:24 info: [0mGET /jobs?page=1&page_size=10 [36m304[0m 60.403 ms - -[0m
2023-04-12 00:13:43 info: [0mOPTIONS /admins/profile [32m204[0m 11.895 ms - 0[0m
2023-04-12 00:13:43 info: [0mGET /admins/profile [36m304[0m 65.015 ms - -[0m
2023-04-12 00:13:43 info: [0mGET /jobs?page=1&page_size=10 [36m304[0m 45.865 ms - -[0m
2023-04-12 00:13:44 info: [0mGET /jobs?page=1&page_size=10 [36m304[0m 13.483 ms - -[0m
2023-04-12 00:13:49 info: [0mOPTIONS /admins/profile [32m204[0m 0.744 ms - 0[0m
2023-04-12 00:13:49 info: [0mGET /categories? [36m304[0m 96.492 ms - -[0m
2023-04-12 00:13:49 info: [0mGET /admins/profile [36m304[0m 406.171 ms - -[0m
2023-04-12 00:13:49 info: [0mGET /categories?page=1&page_size=10 [36m304[0m 55.494 ms - -[0m
2023-04-12 00:13:50 info: [0mGET /jobs? [36m304[0m 132.233 ms - -[0m
2023-04-12 00:13:50 info: [0mGET /jobs?page=1&page_size=10 [36m304[0m 32.712 ms - -[0m
2023-04-12 00:13:51 info: [0mGET /admins/profile [36m304[0m 218.735 ms - -[0m
2023-04-12 00:13:53 info: [0mGET /admins/profile [36m304[0m 11.064 ms - -[0m
2023-04-12 00:13:53 info: [0mGET /posts? [36m304[0m 12.840 ms - -[0m
2023-04-12 00:13:53 info: [0mGET /posts?page=1&page_size=10 [36m304[0m 14.784 ms - -[0m
2023-04-12 00:13:57 info: [0mOPTIONS /admins/profile [32m204[0m 1.182 ms - 0[0m
2023-04-12 00:13:57 info: [0mGET /admins/profile [36m304[0m 63.536 ms - -[0m
2023-04-12 00:13:57 info: [0mGET /posts?page=1&page_size=10 [36m304[0m 152.696 ms - -[0m
2023-04-12 00:13:57 info: [0mGET /posts?page=1&page_size=10 [36m304[0m 34.680 ms - -[0m
2023-04-12 00:14:27 info: [0mOPTIONS /admins/profile [32m204[0m 30.378 ms - 0[0m
2023-04-12 00:14:27 info: [0mGET /admins/profile [36m304[0m 251.440 ms - -[0m
2023-04-12 00:14:27 info: [0mGET /posts?page=1&page_size=10 [36m304[0m 107.324 ms - -[0m
2023-04-12 00:14:27 info: [0mGET /posts?page=1&page_size=10 [36m304[0m 8.933 ms - -[0m
2023-04-12 00:15:06 info: [0mOPTIONS /admins/profile [32m204[0m 1.312 ms - 0[0m
2023-04-12 00:15:06 info: [0mGET /admins/profile [36m304[0m 181.797 ms - -[0m
2023-04-12 00:15:06 info: [0mGET /posts?page=1&page_size=10 [36m304[0m 33.301 ms - -[0m
2023-04-12 00:15:07 info: [0mGET /posts?page=1&page_size=10 [36m304[0m 83.982 ms - -[0m
2023-04-12 00:15:09 info: [0mGET /admins/profile [36m304[0m 143.101 ms - -[0m
2023-04-12 00:15:09 info: [0mGET /projects? [36m304[0m 150.126 ms - -[0m
2023-04-12 00:15:09 info: [0mGET /projects?page=1&page_size=10 [36m304[0m 51.682 ms - -[0m
2023-04-12 00:15:17 info: [0mOPTIONS /admins/logout [32m204[0m 0.529 ms - 0[0m
2023-04-12 00:15:17 info: [0mPOST /admins/logout [32m200[0m 86.114 ms - 33[0m
2023-04-12 00:15:23 info: [0mOPTIONS /admins/login [32m204[0m 0.572 ms - 0[0m
2023-04-12 00:15:23 info: [0mPOST /admins/login [32m200[0m 30.592 ms - 560[0m
2023-04-12 00:15:24 info: [0mOPTIONS /admins/profile [32m204[0m 0.139 ms - 0[0m
2023-04-12 00:15:24 info: [0mGET /admins/profile [36m304[0m 58.389 ms - -[0m
2023-04-12 00:15:26 info: [0mGET /projects? [36m304[0m 67.617 ms - -[0m
2023-04-12 00:15:26 info: [0mGET /admins/profile [36m304[0m 102.358 ms - -[0m
2023-04-12 00:15:26 info: [0mGET /projects?page=1&page_size=10 [36m304[0m 12.342 ms - -[0m
2023-04-12 00:15:28 info: [0mGET /admins/profile [36m304[0m 35.218 ms - -[0m
2023-04-12 00:15:28 info: [0mGET /posts? [36m304[0m 38.195 ms - -[0m
2023-04-12 00:15:28 info: [0mGET /posts?page=1&page_size=10 [36m304[0m 23.425 ms - -[0m
2023-04-12 00:15:29 info: [0mOPTIONS /admins/profile [32m204[0m 1.201 ms - 0[0m
2023-04-12 00:15:29 info: [0mGET /categories? [32m200[0m 56.453 ms - 356[0m
2023-04-12 00:15:29 info: [0mGET /admins/profile [36m304[0m 61.049 ms - -[0m
2023-04-12 00:15:29 info: [0mGET /categories?page=1&page_size=10 [36m304[0m 11.196 ms - -[0m
2023-04-12 00:15:30 info: [0mGET /jobs? [36m304[0m 40.633 ms - -[0m
2023-04-12 00:15:30 info: [0mGET /admins/profile [36m304[0m 71.502 ms - -[0m
2023-04-12 00:15:30 info: [0mGET /jobs?page=1&page_size=10 [36m304[0m 3.505 ms - -[0m
2023-04-12 00:15:33 info: [0mGET /ceos? [36m304[0m 62.122 ms - -[0m
2023-04-12 00:15:33 info: [0mGET /admins/profile [36m304[0m 88.403 ms - -[0m
2023-04-12 00:15:33 info: [0mGET /ceos?page=1&page_size=10 [36m304[0m 54.528 ms - -[0m
2023-04-12 00:15:36 info: [0mOPTIONS /admins/profile [32m204[0m 1.389 ms - 0[0m
2023-04-12 00:15:37 info: [0mGET /admins/profile [36m304[0m 159.222 ms - -[0m
2023-04-12 00:15:37 info: [0mGET /ceos?page=1&page_size=10 [36m304[0m 10.883 ms - -[0m
2023-04-12 00:15:37 info: [0mGET /ceos?page=1&page_size=10 [36m304[0m 6.010 ms - -[0m
2023-04-12 00:19:14 info: [0mOPTIONS /admins/profile [32m204[0m 6.659 ms - 0[0m
2023-04-12 00:19:15 info: [0mGET /admins/profile [36m304[0m 202.566 ms - -[0m
2023-04-12 00:19:15 info: [0mGET /ceos?page=1&page_size=10 [36m304[0m 47.681 ms - -[0m
2023-04-12 00:19:15 info: [0mGET /ceos?page=1&page_size=10 [36m304[0m 8.287 ms - -[0m
2023-04-12 00:19:22 info: [0mOPTIONS /admins/logout [32m204[0m 2.818 ms - 0[0m
2023-04-12 00:19:22 info: [0mPOST /admins/logout [32m200[0m 14.846 ms - 33[0m
2023-04-12 00:19:41 info: [0mOPTIONS /admins/login [32m204[0m 1.550 ms - 0[0m
2023-04-12 00:19:41 info: [0mPOST /admins/login [32m200[0m 55.819 ms - 560[0m
2023-04-12 00:19:41 info: [0mOPTIONS /admins/profile [32m204[0m 0.227 ms - 0[0m
2023-04-12 00:19:41 info: [0mGET /admins/profile [36m304[0m 59.133 ms - -[0m
2023-04-12 00:22:28 info: [0mOPTIONS /admins/logout [32m204[0m 0.647 ms - 0[0m
2023-04-12 00:22:28 info: [0mPOST /admins/logout [32m200[0m 46.310 ms - 33[0m
2023-04-12 00:22:33 info: [0mOPTIONS /admins/logout [32m204[0m 1.263 ms - 0[0m
2023-04-12 00:22:33 info: [0mPOST /admins/logout [33m401[0m 2.617 ms - 39[0m
2023-04-12 00:22:40 info: [0mOPTIONS /admins/login [32m204[0m 0.667 ms - 0[0m
2023-04-12 00:22:40 info: [0mPOST /admins/login [32m200[0m 56.325 ms - 560[0m
2023-04-12 00:22:40 info: [0mOPTIONS /admins/profile [32m204[0m 0.194 ms - 0[0m
2023-04-12 00:22:41 info: [0mGET /admins/profile [36m304[0m 85.222 ms - -[0m
2023-04-12 00:22:42 info: [0mOPTIONS /admins/logout [32m204[0m 0.174 ms - 0[0m
2023-04-12 00:22:42 info: [0mPOST /admins/logout [32m200[0m 15.323 ms - 33[0m
2023-04-12 00:27:40 info: [0mOPTIONS /admins/login [32m204[0m 0.559 ms - 0[0m
2023-04-12 00:27:40 info: [0mPOST /admins/login [32m200[0m 94.599 ms - 560[0m
2023-04-12 00:27:40 info: [0mOPTIONS /admins/profile [32m204[0m 0.253 ms - 0[0m
2023-04-12 00:27:40 info: [0mGET /admins/profile [36m304[0m 85.678 ms - -[0m
2023-04-12 00:27:45 info: [0mOPTIONS /admins/login [32m204[0m 9.957 ms - 0[0m
2023-04-12 00:27:45 info: [0mPOST /admins/login [32m200[0m 18.417 ms - 744[0m
2023-04-12 00:27:45 info: [0mOPTIONS /admins/profile [32m204[0m 0.235 ms - 0[0m
2023-04-12 00:27:45 info: [0mGET /admins/profile [36m304[0m 49.774 ms - -[0m
2023-04-12 00:28:10 info: [0mOPTIONS /admins/profile [32m204[0m 0.923 ms - 0[0m
2023-04-12 00:28:10 info: [0mGET /admins/profile [36m304[0m 341.672 ms - -[0m
2023-04-12 00:29:25 info: [0mOPTIONS /admins/profile [32m204[0m 0.808 ms - 0[0m
2023-04-12 00:29:25 info: [0mGET /admins/profile [36m304[0m 193.302 ms - -[0m
2023-04-12 00:29:29 info: [0mOPTIONS /admins/logout [32m204[0m 2.513 ms - 0[0m
2023-04-12 00:29:29 info: [0mPOST /admins/logout [32m200[0m 19.084 ms - 33[0m
2023-04-12 00:30:12 info: [0mOPTIONS /admins/logout [32m204[0m 1.918 ms - 0[0m
2023-04-12 00:30:12 info: [0mPOST /admins/logout [33m401[0m 3.721 ms - 39[0m
2023-04-12 00:30:22 info: [0mOPTIONS /admins/login [32m204[0m 0.752 ms - 0[0m
2023-04-12 00:30:22 info: [0mPOST /admins/login [32m200[0m 44.098 ms - 744[0m
2023-04-12 00:30:22 info: [0mOPTIONS /admins/profile [32m204[0m 0.138 ms - 0[0m
2023-04-12 00:30:22 info: [0mGET /admins/profile [36m304[0m 70.096 ms - -[0m
2023-04-12 00:30:27 info: [0mOPTIONS /admins/logout [32m204[0m 0.132 ms - 0[0m
2023-04-12 00:30:27 info: [0mPOST /admins/logout [32m200[0m 39.740 ms - 33[0m
2023-04-12 00:30:28 info: [0mOPTIONS /admins/login [32m204[0m 0.192 ms - 0[0m
2023-04-12 00:30:28 info: [0mPOST /admins/login [32m200[0m 4.376 ms - 744[0m
2023-04-12 00:30:28 info: [0mOPTIONS /admins/profile [32m204[0m 0.110 ms - 0[0m
2023-04-12 00:30:28 info: [0mGET /admins/profile [36m304[0m 22.314 ms - -[0m
2023-04-12 00:30:30 info: [0mPOST /admins/logout [32m200[0m 24.444 ms - 33[0m
2023-04-12 00:31:20 info: [0mOPTIONS /admins/logout [32m204[0m 0.983 ms - 0[0m
2023-04-12 00:31:20 info: [0mPOST /admins/logout [33m401[0m 2.830 ms - 39[0m
2023-04-12 00:31:24 info: [0mPOST /admins/logout [33m401[0m 5.273 ms - 39[0m
2023-04-12 00:31:33 info: [0mOPTIONS /admins/login [32m204[0m 1.452 ms - 0[0m
2023-04-12 00:31:33 info: [0mPOST /admins/login [32m200[0m 39.379 ms - 744[0m
2023-04-12 00:31:33 info: [0mOPTIONS /admins/profile [32m204[0m 0.134 ms - 0[0m
2023-04-12 00:31:33 info: [0mGET /admins/profile [36m304[0m 55.896 ms - -[0m
2023-04-12 00:31:35 info: [0mOPTIONS /admins/logout [32m204[0m 0.127 ms - 0[0m
2023-04-12 00:31:35 info: [0mPOST /admins/logout [32m200[0m 8.221 ms - 33[0m
2023-04-12 00:31:42 info: [0mGET /posts? [36m304[0m 172.972 ms - -[0m
2023-04-12 00:31:42 info: [0mGET /posts?page=1&page_size=10 [36m304[0m 17.248 ms - -[0m
2023-04-12 00:32:00 info: [0mGET /posts?page=1&page_size=10 [36m304[0m 268.119 ms - -[0m
2023-04-12 00:32:00 info: [0mGET /posts?page=1&page_size=10 [36m304[0m 59.163 ms - -[0m
2023-04-12 00:32:03 info: [0mOPTIONS /admins/logout [32m204[0m 17.296 ms - 0[0m
2023-04-12 00:32:03 info: [0mPOST /admins/logout [33m401[0m 5.211 ms - 39[0m
2023-04-12 00:32:12 info: [0mOPTIONS /admins/login [32m204[0m 0.964 ms - 0[0m
2023-04-12 00:32:12 info: [0mPOST /admins/login [32m200[0m 48.094 ms - 744[0m
2023-04-12 00:32:12 info: [0mOPTIONS /admins/profile [32m204[0m 0.549 ms - 0[0m
2023-04-12 00:32:12 info: [0mGET /admins/profile [36m304[0m 105.925 ms - -[0m
2023-04-12 00:32:16 info: [0mOPTIONS /admins/logout [32m204[0m 0.857 ms - 0[0m
2023-04-12 00:32:16 info: [0mPOST /admins/logout [32m200[0m 29.589 ms - 33[0m
2023-04-12 00:35:56 info: [0mOPTIONS /admins/logout [32m204[0m 13.873 ms - 0[0m
2023-04-12 00:35:56 info: [0mPOST /admins/logout [33m401[0m 6.533 ms - 39[0m
2023-04-12 00:36:41 info: [0mOPTIONS /admins/logout [32m204[0m 0.910 ms - 0[0m
2023-04-12 00:36:41 info: [0mPOST /admins/logout [33m401[0m 11.553 ms - 39[0m
2023-04-12 00:47:51 info: [0mOPTIONS /admins/login [32m204[0m 0.684 ms - 0[0m
2023-04-12 00:47:52 info: [0mPOST /admins/login [32m200[0m 126.637 ms - 744[0m
2023-04-12 00:47:53 info: [0mOPTIONS /admins/profile [32m204[0m 0.347 ms - 0[0m
2023-04-12 00:47:53 info: [0mGET /admins/profile [36m304[0m 82.722 ms - -[0m
2023-04-12 00:48:35 info: [0mOPTIONS /admins/profile [32m204[0m 0.727 ms - 0[0m
2023-04-12 00:48:35 info: [0mGET /admins/profile [36m304[0m 104.514 ms - -[0m
2023-04-12 00:48:37 info: [0mOPTIONS /admins/logout [32m204[0m 0.203 ms - 0[0m
2023-04-12 00:48:37 info: [0mPOST /admins/logout [32m200[0m 11.490 ms - 33[0m
2023-04-12 00:49:13 info: [0mOPTIONS /admins/login [32m204[0m 0.601 ms - 0[0m
2023-04-12 00:49:13 info: [0mPOST /admins/login [32m200[0m 41.435 ms - 744[0m
2023-04-12 00:49:13 info: [0mOPTIONS /admins/profile [32m204[0m 0.199 ms - 0[0m
2023-04-12 00:49:13 info: [0mGET /admins/profile [36m304[0m 80.671 ms - -[0m
2023-04-12 00:49:16 info: [0mGET /admins? [32m200[0m 108.789 ms - 795[0m
2023-04-12 00:49:16 info: [0mGET /admins/profile [36m304[0m 133.286 ms - -[0m
2023-04-12 00:49:16 info: [0mGET /admins?page=1&page_size=10 [32m200[0m 20.847 ms - 795[0m
2023-04-12 00:49:20 info: [0mOPTIONS /admins/profile [32m204[0m 1.246 ms - 0[0m
2023-04-12 00:49:20 info: [0mGET /admins/show/2 [36m304[0m 81.952 ms - -[0m
2023-04-12 00:49:20 info: [0mGET /admins/profile [36m304[0m 49.301 ms - -[0m
2023-04-12 00:49:21 info: [0mGET /roles?[object%20Object] [36m304[0m 7.842 ms - -[0m
2023-04-12 00:49:26 info: [0mOPTIONS /admins/update/2 [32m204[0m 0.762 ms - 0[0m
2023-04-12 00:49:26 info: [0mPUT /admins/update/2 [32m200[0m 40.753 ms - 16[0m
2023-04-12 00:49:26 info: [0mGET /admins/show/2 [32m200[0m 6.486 ms - 128[0m
2023-04-12 00:49:27 info: [0mGET /roles?[object%20Object] [36m304[0m 6.459 ms - -[0m
2023-04-12 00:49:31 info: [0mOPTIONS /admins/logout [32m204[0m 0.114 ms - 0[0m
2023-04-12 00:49:31 info: [0mPOST /admins/logout [32m200[0m 9.406 ms - 33[0m
2023-04-12 00:49:31 info: [0mGET /admins/show/2 [36m304[0m 8.019 ms - -[0m
2023-04-12 00:49:35 info: [0mOPTIONS /admins/login [32m204[0m 0.126 ms - 0[0m
2023-04-12 00:49:35 info: [0mPOST /admins/login [31m500[0m 2.473 ms - 49[0m
2023-04-12 00:49:38 info: [0mPOST /admins/login [32m200[0m 4.335 ms - 561[0m
2023-04-12 00:49:38 info: [0mOPTIONS /admins/profile [32m204[0m 0.289 ms - 0[0m
2023-04-12 00:49:38 info: [0mGET /admins/profile [32m200[0m 39.378 ms - 147[0m
2023-04-12 00:49:40 info: [0mGET /admins/profile [36m304[0m 71.203 ms - -[0m
2023-04-12 00:49:41 info: [0mGET /ceos? [36m304[0m 249.551 ms - -[0m
2023-04-12 00:49:41 info: [0mGET /ceos?page=1&page_size=10 [36m304[0m 158.159 ms - -[0m
2023-04-12 00:49:43 info: [0mGET /admins/profile [36m304[0m 55.737 ms - -[0m
2023-04-12 00:49:44 info: [0mOPTIONS /admins/profile [32m204[0m 0.355 ms - 0[0m
2023-04-12 00:49:44 info: [0mOPTIONS /folders/get-medias [32m204[0m 0.110 ms - 0[0m
2023-04-12 00:49:44 info: [0mGET /admins/profile [36m304[0m 25.812 ms - -[0m
2023-04-12 00:49:44 info: [0mPOST /folders/get-medias [32m200[0m 7.898 ms - 31[0m
2023-04-12 00:49:44 info: [0mGET /folders [36m304[0m 32.053 ms - -[0m
2023-04-12 00:49:46 info: [0mOPTIONS /admins/logout [32m204[0m 0.217 ms - 0[0m
2023-04-12 00:49:46 info: [0mPOST /admins/logout [32m200[0m 8.568 ms - 33[0m
2023-04-12 00:49:48 info: [0mOPTIONS /admins/login [32m204[0m 1.290 ms - 0[0m
2023-04-12 00:49:48 info: [0mPOST /admins/login [32m200[0m 6.856 ms - 744[0m
2023-04-12 00:49:48 info: [0mGET /admins/profile [32m200[0m 55.453 ms - 221[0m
2023-04-12 00:49:51 info: [0mOPTIONS /admins/profile [32m204[0m 0.811 ms - 0[0m
2023-04-12 00:49:51 info: [0mGET /projects? [36m304[0m 105.936 ms - -[0m
2023-04-12 00:49:51 info: [0mGET /admins/profile [36m304[0m 128.249 ms - -[0m
2023-04-12 00:49:51 info: [0mGET /projects?page=1&page_size=10 [36m304[0m 61.082 ms - -[0m
2023-04-12 00:49:53 info: [0mGET /admins/profile [36m304[0m 53.166 ms - -[0m
2023-04-12 00:49:57 info: [0mOPTIONS /admins/profile [32m204[0m 1.111 ms - 0[0m
2023-04-12 00:49:57 info: [0mGET /admins/profile [36m304[0m 74.559 ms - -[0m
2023-04-12 00:49:57 info: [0mGET /projects? [36m304[0m 48.781 ms - -[0m
2023-04-12 00:49:57 info: [0mGET /projects?page=1&page_size=10 [36m304[0m 32.507 ms - -[0m
2023-04-12 00:49:58 info: [0mGET /admins/profile [36m304[0m 44.511 ms - -[0m
2023-04-12 00:49:58 info: [0mGET /posts? [36m304[0m 54.441 ms - -[0m
2023-04-12 00:49:58 info: [0mGET /posts?page=1&page_size=10 [36m304[0m 5.827 ms - -[0m
2023-04-12 00:49:59 info: [0mGET /categories? [32m200[0m 55.428 ms - 372[0m
2023-04-12 00:49:59 info: [0mGET /admins/profile [36m304[0m 76.339 ms - -[0m
2023-04-12 00:49:59 info: [0mGET /categories?page=1&page_size=10 [36m304[0m 37.819 ms - -[0m
2023-04-12 00:50:00 info: [0mGET /admins/profile [36m304[0m 25.176 ms - -[0m
2023-04-12 00:50:00 info: [0mGET /jobs? [36m304[0m 64.781 ms - -[0m
2023-04-12 00:50:00 info: [0mGET /jobs?page=1&page_size=10 [36m304[0m 11.775 ms - -[0m
2023-04-12 00:50:01 info: [0mGET /admins/profile [36m304[0m 17.738 ms - -[0m
2023-04-12 00:50:01 info: [0mGET /posts? [36m304[0m 23.654 ms - -[0m
2023-04-12 00:50:01 info: [0mGET /posts?page=1&page_size=10 [36m304[0m 28.673 ms - -[0m
2023-04-12 00:50:25 info: [0mOPTIONS /admins/profile [32m204[0m 0.772 ms - 0[0m
2023-04-12 00:50:25 info: [0mGET /admins/profile [36m304[0m 66.560 ms - -[0m
2023-04-12 00:50:25 info: [0mGET /projects? [36m304[0m 65.384 ms - -[0m
2023-04-12 00:50:25 info: [0mGET /projects?page=1&page_size=10 [36m304[0m 44.939 ms - -[0m
2023-04-12 00:50:27 info: [0mGET /admins/profile [36m304[0m 12.059 ms - -[0m
2023-04-12 00:50:27 info: [0mGET /posts? [36m304[0m 13.095 ms - -[0m
2023-04-12 00:50:27 info: [0mGET /posts?page=1&page_size=10 [36m304[0m 11.064 ms - -[0m
2023-04-12 00:50:27 info: [0mGET /admins/profile [36m304[0m 16.496 ms - -[0m
2023-04-12 00:50:27 info: [0mGET /categories? [36m304[0m 19.752 ms - -[0m
2023-04-12 00:50:27 info: [0mGET /categories?page=1&page_size=10 [36m304[0m 7.534 ms - -[0m
2023-04-12 00:50:28 info: [0mGET /admins/profile [36m304[0m 14.813 ms - -[0m
2023-04-12 00:50:28 info: [0mGET /jobs? [36m304[0m 17.534 ms - -[0m
2023-04-12 00:50:28 info: [0mGET /jobs?page=1&page_size=10 [36m304[0m 4.893 ms - -[0m
2023-04-12 00:50:29 info: [0mGET /admins/profile [36m304[0m 22.910 ms - -[0m
2023-04-12 00:50:29 info: [0mGET /ceos? [36m304[0m 40.624 ms - -[0m
2023-04-12 00:50:30 info: [0mGET /ceos?page=1&page_size=10 [36m304[0m 20.031 ms - -[0m
2023-04-12 00:50:30 info: [0mOPTIONS /folders/get-medias [32m204[0m 0.135 ms - 0[0m
2023-04-12 00:50:30 info: [0mGET /admins/profile [36m304[0m 38.795 ms - -[0m
2023-04-12 00:50:30 info: [0mPOST /folders/get-medias [32m200[0m 18.922 ms - 31[0m
2023-04-12 00:50:30 info: [0mGET /folders [36m304[0m 39.011 ms - -[0m
2023-04-12 00:50:33 info: [0mPOST /folders/get-medias [32m200[0m 3.247 ms - 31[0m
2023-04-12 00:50:34 info: [0mPOST /folders/get-medias [32m200[0m 4.664 ms - 31[0m
2023-04-12 00:50:35 info: [0mPOST /folders/get-medias [32m200[0m 2.726 ms - 31[0m
2023-04-12 00:50:35 info: [0mOPTIONS /folders/get-medias [32m204[0m 0.118 ms - 0[0m
2023-04-12 00:50:35 info: [0mPOST /folders/get-medias [32m200[0m 3.915 ms - 31[0m
2023-04-12 00:50:36 info: [0mPOST /folders/get-medias [32m200[0m 2.287 ms - 31[0m
2023-04-12 00:50:36 info: [0mPOST /folders/get-medias [32m200[0m 2.175 ms - 31[0m
2023-04-12 00:50:37 info: [0mPOST /folders/get-medias [32m200[0m 2.203 ms - 31[0m
2023-04-12 00:50:38 info: [0mPOST /folders/get-medias [32m200[0m 2.251 ms - 31[0m
2023-04-12 00:50:38 info: [0mPOST /folders/get-medias [32m200[0m 13.327 ms - 31[0m
2023-04-12 00:50:39 info: [0mPOST /folders/get-medias [32m200[0m 2.253 ms - 31[0m
2023-04-12 00:50:39 info: [0mPOST /folders/get-medias [32m200[0m 2.507 ms - 31[0m
2023-04-12 00:50:44 info: [0mOPTIONS /admins/profile [32m204[0m 1.074 ms - 0[0m
2023-04-12 00:50:44 info: [0mGET /jobs? [36m304[0m 74.750 ms - -[0m
2023-04-12 00:50:44 info: [0mGET /admins/profile [36m304[0m 88.830 ms - -[0m
2023-04-12 00:50:44 info: [0mGET /jobs?page=1&page_size=10 [36m304[0m 3.880 ms - -[0m
2023-04-12 00:50:45 info: [0mGET /ceos? [36m304[0m 8.253 ms - -[0m
2023-04-12 00:50:45 info: [0mGET /admins/profile [36m304[0m 13.746 ms - -[0m
2023-04-12 00:50:45 info: [0mGET /ceos?page=1&page_size=10 [36m304[0m 11.173 ms - -[0m
2023-04-12 00:50:46 info: [0mGET /admins/profile [36m304[0m 15.127 ms - -[0m
2023-04-12 00:50:46 info: [0mGET /categories? [36m304[0m 19.146 ms - -[0m
2023-04-12 00:50:46 info: [0mGET /categories?page=1&page_size=10 [36m304[0m 12.535 ms - -[0m
2023-04-12 00:50:46 info: [0mGET /admins/profile [36m304[0m 12.368 ms - -[0m
2023-04-12 00:50:46 info: [0mGET /posts? [36m304[0m 15.326 ms - -[0m
2023-04-12 00:50:47 info: [0mGET /posts?page=1&page_size=10 [36m304[0m 7.927 ms - -[0m
2023-04-12 00:50:48 info: [0mGET /admins/profile [36m304[0m 9.735 ms - -[0m
2023-04-12 00:50:48 info: [0mGET /projects? [36m304[0m 12.115 ms - -[0m
2023-04-12 00:50:48 info: [0mGET /projects?page=1&page_size=10 [36m304[0m 11.036 ms - -[0m
2023-04-12 00:50:48 info: [0mGET /posts? [36m304[0m 19.185 ms - -[0m
2023-04-12 00:50:48 info: [0mGET /admins/profile [36m304[0m 29.242 ms - -[0m
2023-04-12 00:50:48 info: [0mGET /posts?page=1&page_size=10 [36m304[0m 6.220 ms - -[0m
2023-04-12 00:50:49 info: [0mGET /posts? [36m304[0m 4.914 ms - -[0m
2023-04-12 00:50:49 info: [0mGET /categories? [36m304[0m 7.545 ms - -[0m
2023-04-12 00:50:49 info: [0mGET /admins/profile [36m304[0m 22.261 ms - -[0m
2023-04-12 00:50:49 info: [0mGET /categories?page=1&page_size=10 [36m304[0m 3.874 ms - -[0m
2023-04-12 00:50:51 info: [0mOPTIONS /admins/profile [32m204[0m 0.152 ms - 0[0m
2023-04-12 00:50:51 info: [0mGET /jobs? [36m304[0m 6.101 ms - -[0m
2023-04-12 00:50:51 info: [0mGET /admins/profile [36m304[0m 6.912 ms - -[0m
2023-04-12 00:50:51 info: [0mGET /jobs?page=1&page_size=10 [36m304[0m 4.480 ms - -[0m
2023-04-12 00:50:51 info: [0mGET /jobs? [36m304[0m 5.061 ms - -[0m
2023-04-12 00:50:53 info: [0mGET /admins/profile [36m304[0m 24.904 ms - -[0m
2023-04-12 00:51:00 info: [0mOPTIONS /jobs/create [32m204[0m 0.990 ms - 0[0m
2023-04-12 00:51:00 info: [0mPOST /jobs/create [31m500[0m 95.869 ms - 16[0m
2023-04-12 00:51:01 info: [0mPOST /jobs/create [31m500[0m 21.687 ms - 16[0m
2023-04-12 00:51:04 info: [0mOPTIONS /admins/profile [32m204[0m 0.278 ms - 0[0m
2023-04-12 00:51:04 info: [0mGET /jobs? [32m200[0m 16.671 ms - 251[0m
2023-04-12 00:51:04 info: [0mGET /admins/profile [36m304[0m 55.520 ms - -[0m
2023-04-12 00:51:04 info: [0mGET /jobs?page=1&page_size=10 [32m200[0m 95.640 ms - 251[0m
2023-04-12 00:51:13 info: [0mOPTIONS /admins/profile [32m204[0m 0.204 ms - 0[0m
2023-04-12 00:51:13 info: [0mGET /admins/profile [36m304[0m 23.558 ms - -[0m
2023-04-12 00:51:17 info: [0mOPTIONS /jobs/create [32m204[0m 1.526 ms - 0[0m
2023-04-12 00:51:17 info: [0mPOST /jobs/create [31m500[0m 13.601 ms - 16[0m
2023-04-12 00:51:47 info: =================================
2023-04-12 00:51:47 info: ======= ENV: development =======
2023-04-12 00:51:47 info: 🚀 App listening on the port 8000
2023-04-12 00:51:47 info: =================================
2023-04-12 00:51:59 info: =================================
2023-04-12 00:51:59 info: ======= ENV: development =======
2023-04-12 00:51:59 info: 🚀 App listening on the port 8000
2023-04-12 00:51:59 info: =================================
2023-04-12 00:52:03 info: [0mOPTIONS /admins/profile [32m204[0m 2.884 ms - 0[0m
2023-04-12 00:52:03 info: [0mGET /admins/profile [36m304[0m 624.019 ms - -[0m
2023-04-12 00:52:10 info: [0mOPTIONS /jobs/create [32m204[0m 0.225 ms - 0[0m
2023-04-12 00:52:10 info: [0mPOST /jobs/create [31m500[0m 169.623 ms - 16[0m
2023-04-12 00:52:47 info: =================================
2023-04-12 00:52:47 info: ======= ENV: development =======
2023-04-12 00:52:47 info: 🚀 App listening on the port 8000
2023-04-12 00:52:47 info: =================================
2023-04-12 00:52:57 info: =================================
2023-04-12 00:52:57 info: ======= ENV: development =======
2023-04-12 00:52:57 info: 🚀 App listening on the port 8000
2023-04-12 00:52:57 info: =================================
2023-04-12 00:52:57 info: [0mOPTIONS /jobs/create [32m204[0m 1.473 ms - 0[0m
2023-04-12 00:52:57 info: [0mPOST /jobs/create [31m500[0m 192.269 ms - -[0m
2023-04-12 00:54:25 info: =================================
2023-04-12 00:54:25 info: ======= ENV: development =======
2023-04-12 00:54:25 info: 🚀 App listening on the port 8000
2023-04-12 00:54:25 info: =================================
2023-04-12 00:55:31 info: [0mOPTIONS /admins/profile [32m204[0m 6.296 ms - 0[0m
2023-04-12 00:55:31 info: [0mGET /admins/profile [0m-[0m - ms - -[0m
2023-04-12 00:55:31 info: [0mGET /jobs?page=1&page_size=10 [0m-[0m - ms - -[0m
2023-04-12 00:55:31 info: [0mGET /jobs?page=1&page_size=10 [0m-[0m - ms - -[0m
2023-04-12 00:55:32 info: [0mGET /admins/profile [32m200[0m 50.536 ms - 221[0m
2023-04-12 00:55:33 info: [0mGET /jobs?page=1&page_size=10 [32m200[0m 28.916 ms - 559[0m
2023-04-12 00:55:33 info: [0mGET /jobs?page=1&page_size=10 [36m304[0m 7.619 ms - -[0m
2023-04-12 00:55:39 info: [0mOPTIONS /admins/profile [32m204[0m 0.311 ms - 0[0m
2023-04-12 00:55:39 info: [0mGET /jobs/show/1 [32m200[0m 22.113 ms - 257[0m
2023-04-12 00:55:39 info: [0mGET /admins/profile [36m304[0m 27.767 ms - -[0m
2023-04-12 00:55:42 info: [0mGET /jobs/show/1 [36m304[0m 7.880 ms - -[0m
2023-04-12 00:55:42 info: [0mGET /admins/profile [36m304[0m 47.433 ms - -[0m
2023-04-12 00:55:42 info: [0mGET /jobs?page=1&page_size=10 [36m304[0m 46.975 ms - -[0m
2023-04-12 00:55:42 info: [0mGET /jobs?page=1&page_size=10 [36m304[0m 11.239 ms - -[0m
2023-04-12 00:55:47 info: [0mOPTIONS /admins/profile [32m204[0m 0.170 ms - 0[0m
2023-04-12 00:55:48 info: [0mGET /jobs?page=1&page_size=10 [36m304[0m 11.896 ms - -[0m
2023-04-12 00:55:48 info: [0mGET /jobs?page=1&page_size=10 [36m304[0m 4.933 ms - -[0m
2023-04-12 00:55:50 info: [0mGET /admins? [32m200[0m 106.261 ms - 784[0m
2023-04-12 00:55:50 info: [0mGET /admins/profile [36m304[0m 160.223 ms - -[0m
2023-04-12 00:55:50 info: [0mGET /admins?page=1&page_size=10 [32m200[0m 10.665 ms - 784[0m
2023-04-12 00:55:52 info: [0mGET /admins/profile [36m304[0m 22.584 ms - -[0m
2023-04-12 00:55:52 info: [0mGET /roles?[object%20Object] [36m304[0m 27.707 ms - -[0m
2023-04-12 00:55:58 info: [0mOPTIONS /admins/profile [32m204[0m 2.934 ms - 0[0m
2023-04-12 00:55:58 info: [0mGET /roles? [36m304[0m 85.050 ms - -[0m
2023-04-12 00:55:58 info: [0mGET /admins/profile [36m304[0m 102.380 ms - -[0m
2023-04-12 00:55:58 info: [0mGET /roles?page=1&page_size=10 [36m304[0m 13.583 ms - -[0m
2023-04-12 00:55:59 info: [0mOPTIONS /folders/get-medias [32m204[0m 0.432 ms - 0[0m
2023-04-12 00:55:59 info: [0mPOST /folders/get-medias [32m200[0m 46.352 ms - 31[0m
2023-04-12 00:55:59 info: [0mGET /admins/profile [36m304[0m 31.105 ms - -[0m
2023-04-12 00:55:59 info: [0mGET /folders [36m304[0m 35.791 ms - -[0m
2023-04-12 00:56:00 info: [0mGET /ceos? [36m304[0m 68.881 ms - -[0m
2023-04-12 00:56:00 info: [0mGET /admins/profile [36m304[0m 84.995 ms - -[0m
2023-04-12 00:56:00 info: [0mGET /jobs? [32m200[0m 27.195 ms - 559[0m
2023-04-12 00:56:00 info: [0mGET /admins/profile [36m304[0m 43.954 ms - -[0m
2023-04-12 00:56:00 info: [0mGET /jobs?page=1&page_size=10 [36m304[0m 10.202 ms - -[0m
2023-04-12 00:56:02 info: [0mGET /projects? [32m200[0m 17.434 ms - 477[0m
2023-04-12 00:56:02 info: [0mGET /admins/profile [36m304[0m 27.357 ms - -[0m
2023-04-12 00:56:02 info: [0mGET /projects?page=1&page_size=10 [36m304[0m 12.632 ms - -[0m
2023-04-12 00:56:03 info: [0mGET /projects? [32m200[0m 20.000 ms - 477[0m
2023-04-12 00:56:04 info: [0mOPTIONS /admins/profile [32m204[0m 0.277 ms - 0[0m
2023-04-12 00:56:04 info: [0mGET /admins/profile [36m304[0m 38.138 ms - -[0m
2023-04-12 00:56:04 info: [0mGET /posts? [32m200[0m 41.475 ms - 472[0m
2023-04-12 00:56:04 info: [0mGET /posts?page=1&page_size=10 [36m304[0m 19.774 ms - -[0m
2023-04-12 00:56:05 info: [0mGET /admins/profile [36m304[0m 30.232 ms - -[0m
2023-04-12 00:56:05 info: [0mGET /projects? [36m304[0m 20.470 ms - -[0m
2023-04-12 00:56:05 info: [0mGET /projects?page=1&page_size=10 [36m304[0m 10.994 ms - -[0m
2023-04-12 00:56:06 info: [0mGET /admins/profile [36m304[0m 11.468 ms - -[0m
2023-04-12 00:56:11 info: [0mOPTIONS /admins/profile [32m204[0m 0.408 ms - 0[0m
2023-04-12 00:56:11 info: [0mGET /admins/profile [36m304[0m 89.849 ms - -[0m
2023-04-12 00:56:11 info: [0mGET /jobs? [36m304[0m 99.760 ms - -[0m
2023-04-12 00:56:11 info: [0mGET /jobs?page=1&page_size=10 [36m304[0m 27.802 ms - -[0m
2023-04-12 00:56:13 info: [0mGET /jobs/show/1 [36m304[0m 10.946 ms - -[0m
2023-04-12 00:56:13 info: [0mGET /admins/profile [36m304[0m 25.356 ms - -[0m
2023-04-12 00:56:45 info: [0mGET /jobs/show/1 [36m304[0m 242.194 ms - -[0m
2023-04-12 00:56:45 info: [0mGET /jobs/show/1 [36m304[0m 19.595 ms - -[0m
2023-04-12 00:56:46 info: [0mGET /posts?[object%20Object] [32m200[0m 127.732 ms - 472[0m
2023-04-12 00:56:49 info: [0mGET /jobs/show/1 [36m304[0m 75.080 ms - -[0m
2023-04-12 00:56:49 info: [0mGET /jobs/show/1 [36m304[0m 88.565 ms - -[0m
2023-04-12 00:56:50 info: [0mGET /jobs?[object%20Object] [32m200[0m 47.193 ms - 559[0m
2023-04-12 00:56:57 info: [0mGET /jobs/show/1 [36m304[0m 24.743 ms - -[0m
2023-04-12 00:56:57 info: [0mGET /jobs/show/1 [36m304[0m 6.803 ms - -[0m
2023-04-12 00:56:57 info: [0mGET /jobs?[object%20Object] [36m304[0m 85.343 ms - -[0m
2023-04-12 00:57:04 info: [0mOPTIONS /admins/profile [32m204[0m 2.175 ms - 0[0m
2023-04-12 00:57:04 info: [0mGET /jobs/show/1 [36m304[0m 147.900 ms - -[0m
2023-04-12 00:57:04 info: [0mGET /projects? [32m200[0m 92.470 ms - 477[0m
2023-04-12 00:57:04 info: [0mGET /projects?page=1&page_size=10 [36m304[0m 76.642 ms - -[0m
2023-04-12 00:57:04 info: [0mGET /admins/profile [36m304[0m 102.269 ms - -[0m
2023-04-12 00:57:04 info: [0mGET /admins/profile [36m304[0m 62.571 ms - -[0m
2023-04-12 00:57:04 info: [0mGET /posts? [32m200[0m 66.839 ms - 472[0m
2023-04-12 00:57:04 info: [0mGET /posts?page=1&page_size=10 [36m304[0m 11.430 ms - -[0m
2023-04-12 00:57:06 info: [0mGET /categories? [36m304[0m 102.045 ms - -[0m
2023-04-12 00:57:06 info: [0mGET /admins/profile [36m304[0m 135.897 ms - -[0m
2023-04-12 00:57:06 info: [0mGET /categories?page=1&page_size=10 [36m304[0m 14.416 ms - -[0m
2023-04-12 00:57:07 info: [0mGET /projects? [32m200[0m 43.928 ms - 477[0m
2023-04-12 00:57:07 info: [0mGET /admins/profile [36m304[0m 53.887 ms - -[0m
2023-04-12 00:57:07 info: [0mGET /projects?page=1&page_size=10 [36m304[0m 8.990 ms - -[0m
2023-04-12 00:57:10 info: [0mOPTIONS /admins/profile [32m204[0m 0.530 ms - 0[0m
2023-04-12 00:57:10 info: [0mGET /admins/profile [36m304[0m 57.587 ms - -[0m
2023-04-12 00:57:12 info: [0mGET /admins/profile [36m304[0m 38.513 ms - -[0m
2023-04-12 00:57:12 info: [0mGET /projects? [36m304[0m 43.847 ms - -[0m
2023-04-12 00:57:12 info: [0mGET /projects?page=1&page_size=10 [36m304[0m 12.374 ms - -[0m
2023-04-12 00:57:13 info: [0mGET /admins/profile [36m304[0m 54.823 ms - -[0m
2023-04-12 00:57:13 info: [0mGET /posts? [36m304[0m 67.294 ms - -[0m
2023-04-12 00:57:13 info: [0mGET /posts?page=1&page_size=10 [36m304[0m 20.358 ms - -[0m
2023-04-12 00:57:14 info: [0mGET /categories? [36m304[0m 5.749 ms - -[0m
2023-04-12 00:57:14 info: [0mGET /admins/profile [36m304[0m 12.123 ms - -[0m
2023-04-12 00:57:14 info: [0mGET /categories?page=1&page_size=10 [36m304[0m 8.899 ms - -[0m
2023-04-12 00:57:15 info: [0mGET /admins/profile [36m304[0m 76.483 ms - -[0m
2023-04-12 00:57:15 info: [0mGET /jobs? [36m304[0m 124.851 ms - -[0m
2023-04-12 00:57:15 info: [0mGET /jobs?page=1&page_size=10 [36m304[0m 44.885 ms - -[0m
2023-04-12 00:57:15 info: [0mOPTIONS /admins/profile [32m204[0m 0.703 ms - 0[0m
2023-04-12 00:57:15 info: [0mGET /admins/profile [36m304[0m 17.332 ms - -[0m
2023-04-12 00:57:15 info: [0mGET /ceos? [32m200[0m 26.410 ms - 362[0m
2023-04-12 00:57:15 info: [0mGET /ceos?page=1&page_size=10 [36m304[0m 13.193 ms - -[0m
2023-04-12 00:57:17 info: [0mOPTIONS /folders/get-medias [32m204[0m 0.193 ms - 0[0m
2023-04-12 00:57:17 info: [0mPOST /folders/get-medias [32m200[0m 27.742 ms - 31[0m
2023-04-12 00:57:17 info: [0mGET /admins/profile [36m304[0m 41.415 ms - -[0m
2023-04-12 00:57:17 info: [0mGET /folders [36m304[0m 42.499 ms - -[0m
2023-04-12 00:57:18 info: [0mGET /roles? [36m304[0m 9.505 ms - -[0m
2023-04-12 00:57:18 info: [0mGET /admins/profile [36m304[0m 17.684 ms - -[0m
2023-04-12 00:57:18 info: [0mGET /roles?page=1&page_size=10 [36m304[0m 8.196 ms - -[0m
2023-04-12 00:57:20 info: [0mGET /admins/profile [36m304[0m 20.072 ms - -[0m
2023-04-12 00:57:20 info: [0mGET /admins? [36m304[0m 29.741 ms - -[0m
2023-04-12 00:57:20 info: [0mGET /admins?page=1&page_size=10 [36m304[0m 5.672 ms - -[0m
2023-04-12 00:57:21 info: [0mOPTIONS /admins/profile [32m204[0m 0.566 ms - 0[0m
2023-04-12 00:57:21 info: [0mGET /admins/profile [36m304[0m 10.426 ms - -[0m
2023-04-12 00:57:21 info: [0mGET /roles?[object%20Object] [36m304[0m 20.122 ms - -[0m
2023-04-12 00:57:23 info: [0mGET /admins/profile [36m304[0m 11.249 ms - -[0m
2023-04-12 00:57:29 info: [0mOPTIONS /admins/profile [32m204[0m 0.896 ms - 0[0m
2023-04-12 00:57:29 info: [0mGET /projects? [32m200[0m 73.207 ms - 477[0m
2023-04-12 00:57:29 info: [0mGET /admins/profile [36m304[0m 68.921 ms - -[0m
2023-04-12 00:57:29 info: [0mGET /projects?page=1&page_size=10 [36m304[0m 18.985 ms - -[0m
2023-04-12 00:57:30 info: [0mGET /categories? [36m304[0m 20.328 ms - -[0m
2023-04-12 00:57:30 info: [0mGET /admins/profile [36m304[0m 26.552 ms - -[0m
2023-04-12 00:57:30 info: [0mGET /categories?page=1&page_size=10 [36m304[0m 7.051 ms - -[0m
2023-04-12 00:57:36 info: [0mOPTIONS /admins/profile [32m204[0m 0.300 ms - 0[0m
2023-04-12 00:57:36 info: [0mGET /categories/show/2 [32m200[0m 9.346 ms - 174[0m
2023-04-12 00:57:36 info: [0mGET /admins/profile [36m304[0m 11.932 ms - -[0m
2023-04-12 00:57:59 info: [0mOPTIONS /admins/profile [32m204[0m 4.064 ms - 0[0m
2023-04-12 00:57:59 info: [0mGET /categories/show/2 [32m200[0m 90.405 ms - 158[0m
2023-04-12 00:57:59 info: [0mGET /projects? [32m200[0m 84.853 ms - 477[0m
2023-04-12 00:57:59 info: [0mGET /projects?page=1&page_size=10 [36m304[0m 23.588 ms - -[0m
2023-04-12 00:57:59 info: [0mGET /admins/profile [36m304[0m 109.544 ms - -[0m
2023-04-12 00:58:00 info: [0mGET /posts? [36m304[0m 32.270 ms - -[0m
2023-04-12 00:58:00 info: [0mGET /admins/profile [36m304[0m 38.916 ms - -[0m
2023-04-12 00:58:00 info: [0mGET /posts?page=1&page_size=10 [36m304[0m 8.600 ms - -[0m
2023-04-12 00:58:03 info: [0mGET /categories? [36m304[0m 10.443 ms - -[0m
2023-04-12 00:58:03 info: [0mGET /admins/profile [36m304[0m 17.593 ms - -[0m
2023-04-12 00:58:03 info: [0mGET /categories?page=1&page_size=10 [36m304[0m 5.580 ms - -[0m
2023-04-12 00:58:11 info: [0mOPTIONS /admins/profile [32m204[0m 0.320 ms - 0[0m
2023-04-12 00:58:11 info: [0mGET /admins/profile [36m304[0m 20.653 ms - -[0m
2023-04-12 00:58:11 info: [0mGET /jobs? [36m304[0m 21.885 ms - -[0m
2023-04-12 00:58:11 info: [0mGET /jobs?page=1&page_size=10 [36m304[0m 7.213 ms - -[0m
2023-04-12 00:58:13 info: [0mGET /admins/profile [36m304[0m 44.070 ms - -[0m
2023-04-12 00:58:13 info: [0mGET /ceos? [32m200[0m 45.801 ms - 362[0m
2023-04-12 00:58:13 info: [0mGET /ceos?page=1&page_size=10 [36m304[0m 16.073 ms - -[0m
2023-04-12 00:58:15 info: [0mGET /projects? [36m304[0m 16.991 ms - -[0m
2023-04-12 00:58:15 info: [0mGET /admins/profile [36m304[0m 25.497 ms - -[0m
2023-04-12 00:58:15 info: [0mGET /projects?page=1&page_size=10 [36m304[0m 10.050 ms - -[0m
2023-04-12 00:58:16 info: [0mGET /admins/profile [36m304[0m 14.865 ms - -[0m
2023-04-12 00:58:16 info: [0mGET /posts? [36m304[0m 29.779 ms - -[0m
2023-04-12 00:58:16 info: [0mGET /posts?page=1&page_size=10 [36m304[0m 6.486 ms - -[0m
2023-04-12 00:58:17 info: [0mOPTIONS /admins/profile [32m204[0m 1.597 ms - 0[0m
2023-04-12 00:58:17 info: [0mGET /categories?[object%20Object] [32m200[0m 17.846 ms - 356[0m
2023-04-12 00:58:17 info: [0mGET /ceos?[object%20Object] [32m200[0m 25.235 ms - 362[0m
2023-04-12 00:58:17 info: [0mGET /posts?[object%20Object] [36m304[0m 29.043 ms - -[0m
2023-04-12 00:58:17 info: [0mGET /admins/profile [36m304[0m 47.026 ms - -[0m
2023-04-12 00:58:20 info: [0mGET /posts?page=1&page_size=10 [32m200[0m 9.488 ms - 472[0m
2023-04-12 00:58:20 info: [0mGET /admins/profile [36m304[0m 9.872 ms - -[0m
2023-04-12 00:58:21 info: [0mGET /posts?page=1&page_size=10 [32m200[0m 5.545 ms - 472[0m
2023-04-12 00:58:53 info: [0mOPTIONS /admins/profile [32m204[0m 1.993 ms - 0[0m
2023-04-12 00:58:53 info: [0mGET /admins/profile [36m304[0m 65.708 ms - -[0m
2023-04-12 00:58:59 info: [0mGET /posts?page=1&page_size=10 [0m-[0m - ms - -[0m
2023-04-12 00:59:00 info: [0mOPTIONS /admins/profile [32m204[0m 0.238 ms - 0[0m
2023-04-12 00:59:00 info: [0mGET /admins/profile [36m304[0m 19.321 ms - -[0m
2023-04-12 00:59:00 info: [0mGET /posts?page=1&page_size=10 [32m200[0m 20.424 ms - 472[0m
2023-04-12 00:59:00 info: [0mGET /posts?page=1&page_size=10 [36m304[0m 18.242 ms - -[0m
2023-04-12 00:59:02 info: [0mGET /categories?[object%20Object] [32m200[0m 102.732 ms - 372[0m
2023-04-12 00:59:02 info: [0mGET /ceos?[object%20Object] [36m304[0m 102.519 ms - -[0m
2023-04-12 00:59:02 info: [0mGET /posts?[object%20Object] [36m304[0m 101.001 ms - -[0m
2023-04-12 00:59:02 info: [0mGET /admins/profile [36m304[0m 186.767 ms - -[0m
2023-04-12 00:59:05 info: [0mGET /categories? [36m304[0m 62.252 ms - -[0m
2023-04-12 00:59:05 info: [0mGET /admins/profile [36m304[0m 82.894 ms - -[0m
2023-04-12 00:59:05 info: [0mGET /categories?page=1&page_size=10 [36m304[0m 32.278 ms - -[0m
2023-04-12 00:59:07 info: [0mOPTIONS /admins/profile [32m204[0m 0.201 ms - 0[0m
2023-04-12 00:59:07 info: [0mGET /admins/profile [36m304[0m 32.464 ms - -[0m
2023-04-12 00:59:07 info: [0mGET /admins? [36m304[0m 99.679 ms - -[0m
2023-04-12 00:59:07 info: [0mGET /admins?page=1&page_size=10 [36m304[0m 42.020 ms - -[0m
2023-04-12 00:59:08 info: [0mGET /admins/profile [36m304[0m 49.892 ms - -[0m
2023-04-12 00:59:08 info: [0mGET /roles? [36m304[0m 47.138 ms - -[0m
2023-04-12 00:59:08 info: [0mGET /roles?page=1&page_size=10 [36m304[0m 12.019 ms - -[0m
2023-04-12 00:59:09 info: [0mOPTIONS /folders/get-medias [32m204[0m 0.197 ms - 0[0m
2023-04-12 00:59:09 info: [0mPOST /folders/get-medias [32m200[0m 9.153 ms - 31[0m
2023-04-12 00:59:09 info: [0mGET /admins/profile [36m304[0m 38.137 ms - -[0m
2023-04-12 00:59:09 info: [0mGET /folders [36m304[0m 36.412 ms - -[0m
2023-04-12 00:59:11 info: [0mGET /ceos? [36m304[0m 52.280 ms - -[0m
2023-04-12 00:59:11 info: [0mGET /admins/profile [36m304[0m 103.296 ms - -[0m
2023-04-12 00:59:11 info: [0mGET /ceos?page=1&page_size=10 [36m304[0m 13.180 ms - -[0m
2023-04-12 00:59:12 info: [0mGET /ceos? [36m304[0m 13.104 ms - -[0m
2023-04-12 00:59:21 info: [0mOPTIONS /admins/profile [32m204[0m 0.647 ms - 0[0m
2023-04-12 00:59:21 info: [0mGET /ceos? [32m200[0m 78.882 ms - 362[0m
2023-04-12 00:59:21 info: [0mGET /admins/profile [36m304[0m 117.787 ms - -[0m
2023-04-12 00:59:21 info: [0mGET /ceos?page=1&page_size=10 [32m200[0m 9.271 ms - 362[0m
2023-04-12 00:59:25 info: [0mGET /projects? [32m200[0m 54.172 ms - 477[0m
2023-04-12 00:59:25 info: [0mGET /admins/profile [36m304[0m 63.143 ms - -[0m
2023-04-12 00:59:25 info: [0mGET /projects?page=1&page_size=10 [32m200[0m 10.394 ms - 477[0m
2023-04-12 00:59:27 info: [0mOPTIONS /admins/profile [32m204[0m 1.217 ms - 0[0m
2023-04-12 00:59:28 info: [0mGET /projects/show/1 [32m200[0m 78.992 ms - 279[0m
2023-04-12 00:59:28 info: [0mGET /admins/profile [36m304[0m 73.083 ms - -[0m
2023-04-12 01:00:11 info: [0mOPTIONS /projects/update/1 [32m204[0m 4.763 ms - 0[0m
2023-04-12 01:00:11 info: [0mPUT /projects/update/1 [32m200[0m 59.710 ms - 2[0m
2023-04-12 01:00:11 info: [0mGET /projects/show/1 [32m200[0m 8.853 ms - -[0m
2023-04-12 01:00:19 info: [0mOPTIONS /admins/profile [32m204[0m 0.139 ms - 0[0m
2023-04-12 01:00:19 info: [0mGET /admins/profile [36m304[0m 13.739 ms - -[0m
2023-04-12 01:00:19 info: [0mGET /projects/show/1 [36m304[0m 6.902 ms - -[0m
2023-04-12 01:01:37 info: [0mOPTIONS /admins/profile [32m204[0m 1.047 ms - 0[0m
2023-04-12 01:01:37 info: [0mGET /admins/profile [36m304[0m 116.607 ms - -[0m
2023-04-12 01:01:37 info: [0mGET /projects/show/1 [36m304[0m 17.929 ms - -[0m
2023-04-12 01:02:06 info: [0mOPTIONS /admins/profile [32m204[0m 0.607 ms - 0[0m
2023-04-12 01:02:07 info: [0mGET /admins/profile [36m304[0m 190.341 ms - -[0m
2023-04-12 01:02:07 info: [0mGET /projects/show/1 [36m304[0m 26.091 ms - -[0m
2023-04-12 01:02:47 info: [0mOPTIONS /admins/profile [32m204[0m 0.843 ms - 0[0m
2023-04-12 01:02:48 info: [0mGET /admins/profile [36m304[0m 135.891 ms - -[0m
2023-04-12 01:02:48 info: [0mGET /projects/show/1 [36m304[0m 12.350 ms - -[0m
2023-04-12 01:03:54 info: [0mOPTIONS /admins/profile [32m204[0m 0.646 ms - 0[0m
2023-04-12 01:03:54 info: [0mGET /admins/profile [36m304[0m 79.628 ms - -[0m
2023-04-12 01:03:54 info: [0mGET /projects/show/1 [36m304[0m 9.625 ms - -[0m
2023-04-12 01:05:31 info: [0mOPTIONS /admins/profile [32m204[0m 1.300 ms - 0[0m
2023-04-12 01:05:32 info: [0mGET /projects/show/1 [36m304[0m 668.842 ms - -[0m
2023-04-12 01:05:32 info: [0mGET /admins/profile [36m304[0m 888.202 ms - -[0m
2023-04-12 01:06:40 info: [0mOPTIONS /admins/profile [32m204[0m 2.895 ms - 0[0m
2023-04-12 01:06:41 info: [0mGET /admins/profile [36m304[0m 220.196 ms - -[0m
2023-04-12 01:06:41 info: [0mGET /projects/show/1 [36m304[0m 16.571 ms - -[0m
2023-04-12 01:09:23 info: [0mOPTIONS /admins/profile [32m204[0m 5.601 ms - 0[0m
2023-04-12 01:09:23 info: [0mGET /admins/profile [36m304[0m 139.251 ms - -[0m
2023-04-12 01:09:24 info: [0mGET /projects/show/1 [36m304[0m 33.316 ms - -[0m
2023-04-12 01:11:10 info: [0mOPTIONS /admins/profile [32m204[0m 0.949 ms - 0[0m
2023-04-12 01:11:11 info: [0mGET /admins/profile [36m304[0m 67.933 ms - -[0m
2023-04-12 01:11:11 info: [0mGET /projects/show/1 [36m304[0m 31.618 ms - -[0m
2023-04-12 01:11:31 info: [0mOPTIONS /admins/profile [32m204[0m 1.012 ms - 0[0m
2023-04-12 01:11:31 info: [0mGET /admins/profile [36m304[0m 71.239 ms - -[0m
2023-04-12 01:11:31 info: [0mGET /projects/show/1 [36m304[0m 27.230 ms - -[0m
2023-04-12 01:13:09 info: [0mOPTIONS /admins/profile [32m204[0m 1.491 ms - 0[0m
2023-04-12 01:13:09 info: [0mGET /admins/profile [36m304[0m 200.579 ms - -[0m
2023-04-12 01:13:09 info: [0mGET /projects/show/1 [36m304[0m 80.952 ms - -[0m
2023-04-12 01:13:57 info: [0mOPTIONS /projects/update/1 [32m204[0m 2.419 ms - 0[0m
2023-04-12 01:13:57 info: [0mPUT /projects/update/1 [32m200[0m 65.578 ms - 2[0m
2023-04-12 01:13:57 info: [0mGET /projects/show/1 [32m200[0m 41.254 ms - -[0m
2023-04-12 01:15:18 info: [0mOPTIONS /admins/profile [32m204[0m 0.656 ms - 0[0m
2023-04-12 01:15:18 info: [0mGET /admins/profile [36m304[0m 147.991 ms - -[0m
2023-04-12 01:15:18 info: [0mGET /projects/show/1 [36m304[0m 25.127 ms - -[0m
2023-04-12 01:16:19 info: [0mOPTIONS /admins/profile [32m204[0m 19.698 ms - 0[0m
2023-04-12 01:16:19 info: [0mGET /projects/show/1 [36m304[0m 96.443 ms - -[0m
2023-04-12 01:16:19 info: [0mGET /admins/profile [36m304[0m 356.715 ms - -[0m
2023-04-12 01:16:38 info: [0mOPTIONS /admins/profile [32m204[0m 0.749 ms - 0[0m
2023-04-12 01:16:39 info: [0mGET /admins/profile [36m304[0m 180.988 ms - -[0m
2023-04-12 01:16:39 info: [0mGET /projects/show/1 [36m304[0m 31.460 ms - -[0m
2023-04-12 01:16:54 info: [0mOPTIONS /admins/profile [32m204[0m 2.090 ms - 0[0m
2023-04-12 01:16:54 info: [0mGET /projects/show/1 [36m304[0m 51.037 ms - -[0m
2023-04-12 01:16:54 info: [0mGET /admins/profile [36m304[0m 216.642 ms - -[0m
2023-04-12 01:17:24 info: [0mOPTIONS /admins/profile [32m204[0m 0.873 ms - 0[0m
2023-04-12 01:17:24 info: [0mGET /admins/profile [36m304[0m 123.721 ms - -[0m
2023-04-12 01:17:24 info: [0mGET /projects/show/1 [36m304[0m 21.894 ms - -[0m
2023-04-12 01:20:23 info: [0mOPTIONS /admins/profile [32m204[0m 1.615 ms - 0[0m
2023-04-12 01:20:23 info: [0mGET /admins/profile [36m304[0m 90.189 ms - -[0m
2023-04-12 01:20:23 info: [0mGET /projects/show/1 [36m304[0m 15.648 ms - -[0m
2023-04-12 01:20:59 info: [0mOPTIONS /admins/profile [32m204[0m 1.814 ms - 0[0m
2023-04-12 01:20:59 info: [0mGET /admins/profile [36m304[0m 138.220 ms - -[0m
2023-04-12 01:20:59 info: [0mGET /projects/show/1 [36m304[0m 140.671 ms - -[0m
2023-04-12 01:22:22 info: [0mOPTIONS /admins/profile [32m204[0m 0.834 ms - 0[0m
2023-04-12 01:22:22 info: [0mGET /admins/profile [36m304[0m 297.790 ms - -[0m
2023-04-12 01:22:22 info: [0mGET /projects/show/1 [36m304[0m 92.177 ms - -[0m
2023-04-12 01:24:27 info: [0mOPTIONS /admins/profile [32m204[0m 0.911 ms - 0[0m
2023-04-12 01:24:28 info: [0mGET /admins/profile [36m304[0m 652.170 ms - -[0m
2023-04-12 01:24:28 info: [0mGET /projects/show/1 [36m304[0m 132.262 ms - -[0m
2023-04-12 01:24:30 info: [0mGET /admins/profile [36m304[0m 11.694 ms - -[0m
2023-04-12 01:24:30 info: [0mGET /projects/show/1 [36m304[0m 15.027 ms - -[0m
2023-04-12 01:24:49 info: [0mOPTIONS /admins/profile [32m204[0m 3.857 ms - 0[0m
2023-04-12 01:24:49 info: [0mGET /admins/profile [36m304[0m 170.428 ms - -[0m
2023-04-12 01:24:49 info: [0mGET /projects/show/1 [36m304[0m 87.379 ms - -[0m
2023-04-12 01:25:45 info: [0mOPTIONS /admins/profile [32m204[0m 5.744 ms - 0[0m
2023-04-12 01:25:46 info: [0mGET /admins/profile [36m304[0m 538.985 ms - -[0m
2023-04-12 01:25:46 info: [0mGET /projects/show/1 [36m304[0m 298.514 ms - -[0m
2023-04-12 01:26:56 info: [0mOPTIONS /admins/profile [32m204[0m 0.911 ms - 0[0m
2023-04-12 01:26:56 info: [0mGET /projects/show/1 [36m304[0m 56.290 ms - -[0m
2023-04-12 01:26:56 info: [0mGET /admins/profile [36m304[0m 261.353 ms - -[0m
