2023-03-24 23:16:15 info: =================================
2023-03-24 23:16:15 info: ======= ENV: development =======
2023-03-24 23:16:15 info: 🚀 App listening on the port 8000
2023-03-24 23:16:15 info: =================================
2023-03-24 23:18:47 info: [0mGET /folders/index [33m404[0m 15.186 ms - 152[0m
2023-03-24 23:37:34 info: =================================
2023-03-24 23:37:34 info: ======= ENV: development =======
2023-03-24 23:37:34 info: 🚀 App listening on the port 8000
2023-03-24 23:37:34 info: =================================
2023-03-24 23:38:13 info: =================================
2023-03-24 23:38:13 info: ======= ENV: development =======
2023-03-24 23:38:13 info: 🚀 App listening on the port 8000
2023-03-24 23:38:13 info: =================================
2023-03-24 23:38:30 info: [0mGET /folders/index [33m404[0m 10.629 ms - 152[0m
2023-03-24 23:39:15 info: 78ms Executed (default): SELECT `folders`.`id`, `folders`.`id` AS `key`, `folders`.`label` AS `label`, `folders`.`icon`, `folders`.`path`, `children`.`id` AS `children.id`, `children`.`parent_id` AS `children.parent_id`, `children`.`label` AS `children.label`, `children`.`icon` AS `children.icon`, `children`.`path` AS `children.path`, `children`.`createdAt` AS `children.createdAt`, `children`.`updatedAt` AS `children.updatedAt`, `children->children`.`id` AS `children.children.id`, `children->children`.`parent_id` AS `children.children.parent_id`, `children->children`.`label` AS `children.children.label`, `children->children`.`icon` AS `children.children.icon`, `children->children`.`path` AS `children.children.path`, `children->children`.`createdAt` AS `children.children.createdAt`, `children->children`.`updatedAt` AS `children.children.updatedAt`, `children->children->children`.`id` AS `children.children.children.id`, `children->children->children`.`parent_id` AS `children.children.children.parent_id`, `children->children->children`.`label` AS `children.children.children.label`, `children->children->children`.`icon` AS `children.children.children.icon`, `children->children->children`.`path` AS `children.children.children.path`, `children->children->children`.`createdAt` AS `children.children.children.createdAt`, `children->children->children`.`updatedAt` AS `children.children.children.updatedAt` FROM `folders` AS `folders` LEFT OUTER JOIN `folders` AS `children` ON `folders`.`id` = `children`.`parent_id` LEFT OUTER JOIN `folders` AS `children->children` ON `children`.`id` = `children->children`.`parent_id` LEFT OUTER JOIN `folders` AS `children->children->children` ON `children->children`.`id` = `children->children->children`.`parent_id` WHERE `folders`.`parent_id` = 0;
2023-03-24 23:46:35 info: =================================
2023-03-24 23:46:35 info: ======= ENV: development =======
2023-03-24 23:46:35 info: 🚀 App listening on the port 8000
2023-03-24 23:46:35 info: =================================
2023-03-24 23:46:42 info: 86ms Executed (default): SELECT `folders`.`id`, `folders`.`id` AS `key`, `folders`.`label` AS `label`, `folders`.`icon`, `folders`.`path`, `children`.`id` AS `children.id`, `children`.`parent_id` AS `children.parent_id`, `children`.`label` AS `children.label`, `children`.`icon` AS `children.icon`, `children`.`path` AS `children.path`, `children`.`createdAt` AS `children.createdAt`, `children`.`updatedAt` AS `children.updatedAt`, `children->children`.`id` AS `children.children.id`, `children->children`.`parent_id` AS `children.children.parent_id`, `children->children`.`label` AS `children.children.label`, `children->children`.`icon` AS `children.children.icon`, `children->children`.`path` AS `children.children.path`, `children->children`.`createdAt` AS `children.children.createdAt`, `children->children`.`updatedAt` AS `children.children.updatedAt`, `children->children->children`.`id` AS `children.children.children.id`, `children->children->children`.`parent_id` AS `children.children.children.parent_id`, `children->children->children`.`label` AS `children.children.children.label`, `children->children->children`.`icon` AS `children.children.children.icon`, `children->children->children`.`path` AS `children.children.children.path`, `children->children->children`.`createdAt` AS `children.children.children.createdAt`, `children->children->children`.`updatedAt` AS `children.children.children.updatedAt` FROM `folders` AS `folders` LEFT OUTER JOIN `folders` AS `children` ON `folders`.`id` = `children`.`parent_id` LEFT OUTER JOIN `folders` AS `children->children` ON `children`.`id` = `children->children`.`parent_id` LEFT OUTER JOIN `folders` AS `children->children->children` ON `children->children`.`id` = `children->children->children`.`parent_id` WHERE `folders`.`parent_id` = 0;
2023-03-24 23:46:50 info: [0mGET /folders [0m-[0m - ms - -[0m
2023-03-24 23:46:50 info: 3ms Executed (default): SELECT `folders`.`id`, `folders`.`id` AS `key`, `folders`.`label` AS `label`, `folders`.`icon`, `folders`.`path`, `children`.`id` AS `children.id`, `children`.`parent_id` AS `children.parent_id`, `children`.`label` AS `children.label`, `children`.`icon` AS `children.icon`, `children`.`path` AS `children.path`, `children`.`createdAt` AS `children.createdAt`, `children`.`updatedAt` AS `children.updatedAt`, `children->children`.`id` AS `children.children.id`, `children->children`.`parent_id` AS `children.children.parent_id`, `children->children`.`label` AS `children.children.label`, `children->children`.`icon` AS `children.children.icon`, `children->children`.`path` AS `children.children.path`, `children->children`.`createdAt` AS `children.children.createdAt`, `children->children`.`updatedAt` AS `children.children.updatedAt`, `children->children->children`.`id` AS `children.children.children.id`, `children->children->children`.`parent_id` AS `children.children.children.parent_id`, `children->children->children`.`label` AS `children.children.children.label`, `children->children->children`.`icon` AS `children.children.children.icon`, `children->children->children`.`path` AS `children.children.children.path`, `children->children->children`.`createdAt` AS `children.children.children.createdAt`, `children->children->children`.`updatedAt` AS `children.children.children.updatedAt` FROM `folders` AS `folders` LEFT OUTER JOIN `folders` AS `children` ON `folders`.`id` = `children`.`parent_id` LEFT OUTER JOIN `folders` AS `children->children` ON `children`.`id` = `children->children`.`parent_id` LEFT OUTER JOIN `folders` AS `children->children->children` ON `children->children`.`id` = `children->children->children`.`parent_id` WHERE `folders`.`parent_id` = 0;
2023-03-24 23:46:52 info: [0mGET /folders [0m-[0m - ms - -[0m
2023-03-24 23:46:52 info: 4ms Executed (default): SELECT `folders`.`id`, `folders`.`id` AS `key`, `folders`.`label` AS `label`, `folders`.`icon`, `folders`.`path`, `children`.`id` AS `children.id`, `children`.`parent_id` AS `children.parent_id`, `children`.`label` AS `children.label`, `children`.`icon` AS `children.icon`, `children`.`path` AS `children.path`, `children`.`createdAt` AS `children.createdAt`, `children`.`updatedAt` AS `children.updatedAt`, `children->children`.`id` AS `children.children.id`, `children->children`.`parent_id` AS `children.children.parent_id`, `children->children`.`label` AS `children.children.label`, `children->children`.`icon` AS `children.children.icon`, `children->children`.`path` AS `children.children.path`, `children->children`.`createdAt` AS `children.children.createdAt`, `children->children`.`updatedAt` AS `children.children.updatedAt`, `children->children->children`.`id` AS `children.children.children.id`, `children->children->children`.`parent_id` AS `children.children.children.parent_id`, `children->children->children`.`label` AS `children.children.children.label`, `children->children->children`.`icon` AS `children.children.children.icon`, `children->children->children`.`path` AS `children.children.children.path`, `children->children->children`.`createdAt` AS `children.children.children.createdAt`, `children->children->children`.`updatedAt` AS `children.children.children.updatedAt` FROM `folders` AS `folders` LEFT OUTER JOIN `folders` AS `children` ON `folders`.`id` = `children`.`parent_id` LEFT OUTER JOIN `folders` AS `children->children` ON `children`.`id` = `children->children`.`parent_id` LEFT OUTER JOIN `folders` AS `children->children->children` ON `children->children`.`id` = `children->children->children`.`parent_id` WHERE `folders`.`parent_id` = 0;
2023-03-24 23:48:09 info: =================================
2023-03-24 23:48:09 info: ======= ENV: development =======
2023-03-24 23:48:09 info: 🚀 App listening on the port 8000
2023-03-24 23:48:09 info: =================================
2023-03-24 23:48:10 info: 26ms Executed (default): SELECT `folders`.`id`, `folders`.`id` AS `key`, `folders`.`label` AS `label`, `folders`.`icon`, `folders`.`path`, `children`.`id` AS `children.id`, `children`.`parent_id` AS `children.parent_id`, `children`.`label` AS `children.label`, `children`.`icon` AS `children.icon`, `children`.`path` AS `children.path`, `children`.`createdAt` AS `children.createdAt`, `children`.`updatedAt` AS `children.updatedAt`, `children->children`.`id` AS `children.children.id`, `children->children`.`parent_id` AS `children.children.parent_id`, `children->children`.`label` AS `children.children.label`, `children->children`.`icon` AS `children.children.icon`, `children->children`.`path` AS `children.children.path`, `children->children`.`createdAt` AS `children.children.createdAt`, `children->children`.`updatedAt` AS `children.children.updatedAt`, `children->children->children`.`id` AS `children.children.children.id`, `children->children->children`.`parent_id` AS `children.children.children.parent_id`, `children->children->children`.`label` AS `children.children.children.label`, `children->children->children`.`icon` AS `children.children.children.icon`, `children->children->children`.`path` AS `children.children.children.path`, `children->children->children`.`createdAt` AS `children.children.children.createdAt`, `children->children->children`.`updatedAt` AS `children.children.children.updatedAt` FROM `folders` AS `folders` LEFT OUTER JOIN `folders` AS `children` ON `folders`.`id` = `children`.`parent_id` LEFT OUTER JOIN `folders` AS `children->children` ON `children`.`id` = `children->children`.`parent_id` LEFT OUTER JOIN `folders` AS `children->children->children` ON `children->children`.`id` = `children->children->children`.`parent_id` WHERE `folders`.`parent_id` = 0;
2023-03-24 23:48:10 info: [0mGET /folders [32m200[0m 130.863 ms - -[0m
2023-03-24 23:48:14 info: 24ms Executed (default): SELECT `folders`.`id`, `folders`.`id` AS `key`, `folders`.`label` AS `label`, `folders`.`icon`, `folders`.`path`, `children`.`id` AS `children.id`, `children`.`parent_id` AS `children.parent_id`, `children`.`label` AS `children.label`, `children`.`icon` AS `children.icon`, `children`.`path` AS `children.path`, `children`.`createdAt` AS `children.createdAt`, `children`.`updatedAt` AS `children.updatedAt`, `children->children`.`id` AS `children.children.id`, `children->children`.`parent_id` AS `children.children.parent_id`, `children->children`.`label` AS `children.children.label`, `children->children`.`icon` AS `children.children.icon`, `children->children`.`path` AS `children.children.path`, `children->children`.`createdAt` AS `children.children.createdAt`, `children->children`.`updatedAt` AS `children.children.updatedAt`, `children->children->children`.`id` AS `children.children.children.id`, `children->children->children`.`parent_id` AS `children.children.children.parent_id`, `children->children->children`.`label` AS `children.children.children.label`, `children->children->children`.`icon` AS `children.children.children.icon`, `children->children->children`.`path` AS `children.children.children.path`, `children->children->children`.`createdAt` AS `children.children.children.createdAt`, `children->children->children`.`updatedAt` AS `children.children.children.updatedAt` FROM `folders` AS `folders` LEFT OUTER JOIN `folders` AS `children` ON `folders`.`id` = `children`.`parent_id` LEFT OUTER JOIN `folders` AS `children->children` ON `children`.`id` = `children->children`.`parent_id` LEFT OUTER JOIN `folders` AS `children->children->children` ON `children->children`.`id` = `children->children->children`.`parent_id` WHERE `folders`.`parent_id` = 0;
2023-03-24 23:48:14 info: [0mGET /folders [36m304[0m 37.727 ms - -[0m
2023-03-24 23:48:29 info: =================================
2023-03-24 23:48:29 info: ======= ENV: development =======
2023-03-24 23:48:29 info: 🚀 App listening on the port 8000
2023-03-24 23:48:29 info: =================================
2023-03-24 23:48:35 info: =================================
2023-03-24 23:48:35 info: ======= ENV: development =======
2023-03-24 23:48:35 info: 🚀 App listening on the port 8000
2023-03-24 23:48:35 info: =================================
2023-03-24 23:48:52 info: =================================
2023-03-24 23:48:52 info: ======= ENV: development =======
2023-03-24 23:48:52 info: 🚀 App listening on the port 8000
2023-03-24 23:48:52 info: =================================
2023-03-24 23:49:19 info: 9ms Executed (default): SELECT `folders`.`id`, `folders`.`id` AS `key`, `folders`.`label` AS `label`, `folders`.`icon`, `folders`.`path`, `children`.`id` AS `children.id`, `children`.`parent_id` AS `children.parent_id`, `children`.`label` AS `children.label`, `children`.`icon` AS `children.icon`, `children`.`path` AS `children.path`, `children`.`createdAt` AS `children.createdAt`, `children`.`updatedAt` AS `children.updatedAt`, `children->children`.`id` AS `children.children.id`, `children->children`.`parent_id` AS `children.children.parent_id`, `children->children`.`label` AS `children.children.label`, `children->children`.`icon` AS `children.children.icon`, `children->children`.`path` AS `children.children.path`, `children->children`.`createdAt` AS `children.children.createdAt`, `children->children`.`updatedAt` AS `children.children.updatedAt`, `children->children->children`.`id` AS `children.children.children.id`, `children->children->children`.`parent_id` AS `children.children.children.parent_id`, `children->children->children`.`label` AS `children.children.children.label`, `children->children->children`.`icon` AS `children.children.children.icon`, `children->children->children`.`path` AS `children.children.children.path`, `children->children->children`.`createdAt` AS `children.children.children.createdAt`, `children->children->children`.`updatedAt` AS `children.children.children.updatedAt` FROM `folders` AS `folders` LEFT OUTER JOIN `folders` AS `children` ON `folders`.`id` = `children`.`parent_id` LEFT OUTER JOIN `folders` AS `children->children` ON `children`.`id` = `children->children`.`parent_id` LEFT OUTER JOIN `folders` AS `children->children->children` ON `children->children`.`id` = `children->children->children`.`parent_id` WHERE `folders`.`parent_id` = 0;
2023-03-24 23:49:19 info: [0mGET /folders [36m304[0m 87.370 ms - -[0m
2023-03-24 23:50:31 info: =================================
2023-03-24 23:50:31 info: ======= ENV: development =======
2023-03-24 23:50:31 info: 🚀 App listening on the port 8000
2023-03-24 23:50:31 info: =================================
2023-03-24 23:52:24 info: =================================
2023-03-24 23:52:24 info: ======= ENV: development =======
2023-03-24 23:52:24 info: 🚀 App listening on the port 8000
2023-03-24 23:52:24 info: =================================
2023-03-24 23:52:30 info: =================================
2023-03-24 23:52:30 info: ======= ENV: development =======
2023-03-24 23:52:30 info: 🚀 App listening on the port 8000
2023-03-24 23:52:30 info: =================================
2023-03-24 23:52:39 info: =================================
2023-03-24 23:52:39 info: ======= ENV: development =======
2023-03-24 23:52:39 info: 🚀 App listening on the port 8000
2023-03-24 23:52:39 info: =================================
2023-03-24 23:52:48 info: =================================
2023-03-24 23:52:48 info: ======= ENV: development =======
2023-03-24 23:52:48 info: 🚀 App listening on the port 8000
2023-03-24 23:52:48 info: =================================
2023-03-24 23:55:21 info: =================================
2023-03-24 23:55:21 info: ======= ENV: development =======
2023-03-24 23:55:21 info: 🚀 App listening on the port 8000
2023-03-24 23:55:21 info: =================================
2023-03-24 23:57:28 info: =================================
2023-03-24 23:57:28 info: ======= ENV: development =======
2023-03-24 23:57:28 info: 🚀 App listening on the port 8000
2023-03-24 23:57:28 info: =================================
2023-03-24 23:57:41 info: =================================
2023-03-24 23:57:41 info: ======= ENV: development =======
2023-03-24 23:57:41 info: 🚀 App listening on the port 8000
2023-03-24 23:57:41 info: =================================
2023-03-24 23:57:48 info: =================================
2023-03-24 23:57:48 info: ======= ENV: development =======
2023-03-24 23:57:48 info: 🚀 App listening on the port 8000
2023-03-24 23:57:48 info: =================================
2023-03-24 23:58:04 info: =================================
2023-03-24 23:58:04 info: ======= ENV: development =======
2023-03-24 23:58:04 info: 🚀 App listening on the port 8000
2023-03-24 23:58:04 info: =================================
2023-03-24 23:58:12 info: =================================
2023-03-24 23:58:12 info: ======= ENV: development =======
2023-03-24 23:58:12 info: 🚀 App listening on the port 8000
2023-03-24 23:58:12 info: =================================
2023-03-24 23:58:26 info: =================================
2023-03-24 23:58:26 info: ======= ENV: development =======
2023-03-24 23:58:26 info: 🚀 App listening on the port 8000
2023-03-24 23:58:26 info: =================================
2023-03-24 23:58:48 info: =================================
2023-03-24 23:58:48 info: ======= ENV: development =======
2023-03-24 23:58:48 info: 🚀 App listening on the port 8000
2023-03-24 23:58:48 info: =================================
