2023-06-16 00:02:05 info: =================================
2023-06-16 00:02:05 info: ======= ENV: development =======
2023-06-16 00:02:05 info: 🚀 App listening on the port 8000
2023-06-16 00:02:05 info: =================================
2023-06-16 00:02:50 info: [0mGET /services/nav [36m304[0m 894.425 ms - -[0m
2023-06-16 00:03:05 info: [0mGET /services/nav [36m304[0m 94.548 ms - -[0m
2023-06-16 00:03:08 info: [0mGET /banners/getListBanner [32m200[0m 118.705 ms - -[0m
2023-06-16 00:04:43 info: =================================
2023-06-16 00:04:43 info: ======= ENV: development =======
2023-06-16 00:04:43 info: 🚀 App listening on the port 8000
2023-06-16 00:04:43 info: =================================
2023-06-16 00:04:44 info: [0mGET /banners/getListBanner [32m200[0m 183.492 ms - -[0m
2023-06-16 00:04:44 info: [0mGET /banners/getListBanner [36m304[0m 27.843 ms - -[0m
2023-06-16 00:05:59 info: [0mGET /banners/getListBanner [32m200[0m 238.751 ms - -[0m
2023-06-16 00:06:07 info: [0mGET /banners/getListBanner [36m304[0m 153.217 ms - -[0m
2023-06-16 00:06:20 info: [0mGET /banners/getListBanner [36m304[0m 49.306 ms - -[0m
2023-06-16 00:06:33 info: [0mGET /services/nav [36m304[0m 362.271 ms - -[0m
2023-06-16 00:06:33 info: [0mGET /banners/getListBanner [36m304[0m 365.058 ms - -[0m
2023-06-16 00:06:33 info: [0mGET /services/nav [36m304[0m 166.334 ms - -[0m
2023-06-16 00:06:33 info: [0mGET /posts/getListFeatured [36m304[0m 394.520 ms - -[0m
2023-06-16 00:06:46 info: [0mGET /banners/getListBanner [36m304[0m 35.715 ms - -[0m
2023-06-16 00:07:03 info: [0mGET /banners/getListBanner [36m304[0m 222.838 ms - -[0m
2023-06-16 00:07:03 info: [0mGET /services/nav [36m304[0m 282.881 ms - -[0m
2023-06-16 00:07:03 info: [0mGET /posts/getListFeatured [36m304[0m 296.902 ms - -[0m
2023-06-16 00:07:03 info: [0mGET /services/nav [36m304[0m 90.907 ms - -[0m
2023-06-16 00:07:55 info: [0mGET /banners/getListBanner [36m304[0m 136.174 ms - -[0m
2023-06-16 00:08:12 info: [0mGET /banners/getListBanner [36m304[0m 212.199 ms - -[0m
2023-06-16 00:08:22 info: [0mGET /banners/getListBanner [36m304[0m 98.497 ms - -[0m
2023-06-16 00:08:30 info: [0mGET /banners/getListBanner [36m304[0m 98.599 ms - -[0m
2023-06-16 00:09:38 info: [0mGET /banners/getListBanner [36m304[0m 103.367 ms - -[0m
2023-06-16 00:09:38 info: [0mGET /posts/getListFeatured [36m304[0m 154.482 ms - -[0m
2023-06-16 00:09:38 info: [0mGET /services/nav [36m304[0m 225.379 ms - -[0m
2023-06-16 00:09:45 info: [0mGET /ceos/getlistCeo [36m304[0m 237.054 ms - -[0m
2023-06-16 00:09:46 info: [0mGET /banners/getListBanner [36m304[0m 39.901 ms - -[0m
2023-06-16 00:09:46 info: [0mGET /posts/getListFeatured [36m304[0m 37.392 ms - -[0m
2023-06-16 00:09:46 info: [0mGET /services/nav [36m304[0m 105.249 ms - -[0m
2023-06-16 00:10:12 info: [0mGET /banners/getListBanner [36m304[0m 109.301 ms - -[0m
2023-06-16 00:10:28 info: [0mGET /services/nav [36m304[0m 313.430 ms - -[0m
2023-06-16 00:10:28 info: [0mGET /banners/getListBanner [36m304[0m 129.583 ms - -[0m
2023-06-16 00:10:28 info: [0mGET /posts/getListFeatured [36m304[0m 187.238 ms - -[0m
2023-06-16 00:10:28 info: [0mGET /services/nav [36m304[0m 73.360 ms - -[0m
2023-06-16 00:11:11 info: [0mGET /banners/getListBanner [36m304[0m 83.625 ms - -[0m
2023-06-16 00:11:14 info: [0mGET /banners/getListBanner [36m304[0m 113.391 ms - -[0m
2023-06-16 00:11:19 info: [0mGET /banners/getListBanner [36m304[0m 148.585 ms - -[0m
2023-06-16 00:21:51 info: =================================
2023-06-16 00:21:51 info: ======= ENV: development =======
2023-06-16 00:21:51 info: 🚀 App listening on the port 8000
2023-06-16 00:21:51 info: =================================
2023-06-16 00:21:57 info: [0mGET /banners/getListBanner [36m304[0m 1889.085 ms - -[0m
2023-06-16 00:21:57 info: [0mGET /posts/getListFeatured [36m304[0m 1918.283 ms - -[0m
2023-06-16 00:21:57 info: [0mGET /services/nav [36m304[0m 2013.552 ms - -[0m
2023-06-16 00:21:58 info: [0mGET /services/nav [36m304[0m 207.895 ms - -[0m
2023-06-16 00:24:52 info: [0mGET /banners/getListBanner [36m304[0m 970.211 ms - -[0m
2023-06-16 00:25:20 info: [0mGET /banners/getListBanner [36m304[0m 108.767 ms - -[0m
2023-06-16 00:25:48 info: [0mGET /banners/getListBanner [36m304[0m 256.470 ms - -[0m
2023-06-16 00:25:58 info: [0mGET /services/nav [36m304[0m 303.301 ms - -[0m
2023-06-16 00:25:58 info: [0mGET /banners/getListBanner [36m304[0m 318.608 ms - -[0m
2023-06-16 00:25:58 info: [0mGET /services/nav [36m304[0m 130.685 ms - -[0m
2023-06-16 00:25:58 info: [0mGET /posts/getListFeatured [36m304[0m 399.315 ms - -[0m
2023-06-16 00:26:18 info: [0mGET /banners/getListBanner [36m304[0m 156.033 ms - -[0m
2023-06-16 00:26:18 info: [0mGET /posts/getListFeatured [36m304[0m 158.803 ms - -[0m
2023-06-16 00:26:18 info: [0mGET /services/nav [36m304[0m 392.093 ms - -[0m
2023-06-16 00:26:18 info: [0mGET /services/nav [36m304[0m 97.473 ms - -[0m
2023-06-16 00:26:53 info: [0mGET /banners/getListBanner [36m304[0m 217.306 ms - -[0m
2023-06-16 00:27:35 info: [0mGET /banners/getListBanner [36m304[0m 48.318 ms - -[0m
2023-06-16 00:27:51 info: [0mGET /banners/getListBanner [36m304[0m 229.106 ms - -[0m
2023-06-16 00:28:06 info: [0mGET /banners/getListBanner [36m304[0m 119.923 ms - -[0m
2023-06-16 00:28:06 info: [0mGET /services/nav [36m304[0m 223.606 ms - -[0m
2023-06-16 00:28:06 info: [0mGET /posts/getListFeatured [36m304[0m 221.798 ms - -[0m
2023-06-16 00:28:06 info: [0mGET /services/nav [36m304[0m 76.115 ms - -[0m
2023-06-16 00:28:31 info: [0mGET /banners/getListBanner [36m304[0m 107.816 ms - -[0m
2023-06-16 00:28:34 info: [0mGET /banners/getListBanner [36m304[0m 69.216 ms - -[0m
2023-06-16 00:28:43 info: [0mGET /banners/getListBanner [36m304[0m 86.451 ms - -[0m
2023-06-16 00:28:48 info: [0mGET /banners/getListBanner [36m304[0m 112.881 ms - -[0m
2023-06-16 00:28:48 info: [0mGET /posts/getListFeatured [36m304[0m 200.480 ms - -[0m
2023-06-16 00:28:48 info: [0mGET /services/nav [36m304[0m 304.110 ms - -[0m
2023-06-16 00:28:48 info: [0mGET /services/nav [36m304[0m 52.411 ms - -[0m
2023-06-16 00:28:58 info: [0mGET /banners/getListBanner [36m304[0m 158.015 ms - -[0m
2023-06-16 00:29:05 info: [0mGET /banners/getListBanner [36m304[0m 142.457 ms - -[0m
2023-06-16 00:29:30 info: [0mGET /banners/getListBanner [36m304[0m 109.859 ms - -[0m
2023-06-16 00:29:48 info: [0mGET /banners/getListBanner [36m304[0m 147.853 ms - -[0m
2023-06-16 00:30:00 info: [0mGET /banners/getListBanner [36m304[0m 84.447 ms - -[0m
2023-06-16 00:30:08 info: [0mGET /banners/getListBanner [36m304[0m 177.455 ms - -[0m
2023-06-16 00:30:17 info: [0mGET /banners/getListBanner [36m304[0m 139.534 ms - -[0m
2023-06-16 00:30:17 info: [0mGET /services/nav [36m304[0m 230.339 ms - -[0m
2023-06-16 00:30:17 info: [0mGET /posts/getListFeatured [36m304[0m 203.444 ms - -[0m
2023-06-16 00:30:17 info: [0mGET /services/nav [36m304[0m 83.796 ms - -[0m
2023-06-16 00:31:02 info: [0mGET /services/nav [36m304[0m 198.938 ms - -[0m
2023-06-16 00:31:02 info: [0mGET /banners/getListBanner [36m304[0m 170.438 ms - -[0m
2023-06-16 00:31:02 info: [0mGET /services/nav [36m304[0m 63.003 ms - -[0m
2023-06-16 00:31:02 info: [0mGET /posts/getListFeatured [36m304[0m 190.938 ms - -[0m
2023-06-16 00:31:19 info: [0mGET /banners/getListBanner [36m304[0m 150.200 ms - -[0m
2023-06-16 00:31:27 info: [0mGET /banners/getListBanner [36m304[0m 493.887 ms - -[0m
2023-06-16 00:31:40 info: [0mGET /banners/getListBanner [36m304[0m 187.472 ms - -[0m
2023-06-16 00:31:40 info: [0mGET /services/nav [36m304[0m 265.132 ms - -[0m
2023-06-16 00:31:40 info: [0mGET /posts/getListFeatured [36m304[0m 135.987 ms - -[0m
2023-06-16 00:31:41 info: [0mGET /services/nav [36m304[0m 87.057 ms - -[0m
2023-06-16 00:32:02 info: [0mGET /banners/getListBanner [36m304[0m 50.388 ms - -[0m
2023-06-16 00:32:16 info: [0mGET /banners/getListBanner [36m304[0m 238.856 ms - -[0m
2023-06-16 00:32:16 info: [0mGET /services/nav [36m304[0m 407.728 ms - -[0m
2023-06-16 00:32:16 info: [0mGET /posts/getListFeatured [36m304[0m 346.328 ms - -[0m
2023-06-16 00:32:16 info: [0mGET /services/nav [36m304[0m 298.204 ms - -[0m
2023-06-16 00:32:38 info: [0mGET /banners/getListBanner [36m304[0m 64.718 ms - -[0m
2023-06-16 00:32:42 info: [0mGET /banners/getListBanner [36m304[0m 47.983 ms - -[0m
2023-06-16 00:32:49 info: [0mGET /banners/getListBanner [36m304[0m 125.668 ms - -[0m
2023-06-16 00:32:49 info: [0mGET /posts/getListFeatured [36m304[0m 132.683 ms - -[0m
2023-06-16 00:32:49 info: [0mGET /services/nav [36m304[0m 245.866 ms - -[0m
2023-06-16 00:32:49 info: [0mGET /services/nav [36m304[0m 71.117 ms - -[0m
2023-06-16 00:33:11 info: [0mGET /banners/getListBanner [36m304[0m 81.351 ms - -[0m
2023-06-16 00:33:20 info: [0mGET /banners/getListBanner [36m304[0m 180.872 ms - -[0m
2023-06-16 00:34:25 info: [0mGET /banners/getListBanner [36m304[0m 169.998 ms - -[0m
2023-06-16 00:34:36 info: [0mGET /banners/getListBanner [36m304[0m 57.184 ms - -[0m
2023-06-16 00:35:44 info: [0mGET /banners/getListBanner [36m304[0m 88.872 ms - -[0m
2023-06-16 00:36:17 info: [0mGET /banners/getListBanner [36m304[0m 46.585 ms - -[0m
2023-06-16 00:36:29 info: [0mGET /services/nav [36m304[0m 956.275 ms - -[0m
2023-06-16 00:36:29 info: [0mGET /banners/getListBanner [36m304[0m 899.504 ms - -[0m
2023-06-16 00:36:30 info: [0mGET /posts/getListFeatured [36m304[0m 1115.099 ms - -[0m
2023-06-16 00:36:30 info: [0mGET /services/nav [36m304[0m 398.619 ms - -[0m
2023-06-16 00:37:03 info: [0mGET /banners/getListBanner [36m304[0m 80.317 ms - -[0m
2023-06-16 00:39:55 info: [0mGET /banners/getListBanner [36m304[0m 147.668 ms - -[0m
2023-06-16 00:40:04 info: [0mGET /banners/getListBanner [36m304[0m 110.365 ms - -[0m
2023-06-16 00:40:21 info: [0mGET /banners/getListBanner [36m304[0m 147.520 ms - -[0m
2023-06-16 00:42:06 info: [0mGET /banners/getListBanner [36m304[0m 445.923 ms - -[0m
2023-06-16 00:42:14 info: [0mGET /services/nav [36m304[0m 731.835 ms - -[0m
2023-06-16 00:42:14 info: [0mGET /banners/getListBanner [36m304[0m 719.985 ms - -[0m
2023-06-16 00:42:15 info: [0mGET /services/nav [36m304[0m 653.731 ms - -[0m
2023-06-16 00:42:15 info: [0mGET /posts/getListFeatured [36m304[0m 1355.142 ms - -[0m
2023-06-16 00:43:36 info: [0mGET /banners/getListBanner [36m304[0m 133.396 ms - -[0m
2023-06-16 00:44:15 info: [0mGET /banners/getListBanner [36m304[0m 79.251 ms - -[0m
2023-06-16 00:52:36 info: [0mGET /banners/getListBanner [36m304[0m 2519.353 ms - -[0m
2023-06-16 00:53:00 info: [0mGET /banners/getListBanner [36m304[0m 556.461 ms - -[0m
2023-06-16 00:53:08 info: [0mGET /banners/getListBanner [36m304[0m 206.863 ms - -[0m
2023-06-16 00:53:21 info: [0mGET /banners/getListBanner [36m304[0m 90.992 ms - -[0m
2023-06-16 00:55:37 info: [0mGET /services/nav [36m304[0m 523.589 ms - -[0m
2023-06-16 00:55:37 info: [0mGET /banners/getListBanner [36m304[0m 431.278 ms - -[0m
2023-06-16 00:55:38 info: [0mGET /services/nav [36m304[0m 144.219 ms - -[0m
2023-06-16 00:55:38 info: [0mGET /posts/getListFeatured [36m304[0m 510.685 ms - -[0m
2023-06-16 00:55:48 info: [0mGET /banners/getListBanner [36m304[0m 44.629 ms - -[0m
2023-06-16 00:55:48 info: [0mGET /services/nav [36m304[0m 199.811 ms - -[0m
2023-06-16 00:55:48 info: [0mGET /services/nav [36m304[0m 73.259 ms - -[0m
2023-06-16 00:55:48 info: [0mGET /posts/getListFeatured [36m304[0m 169.201 ms - -[0m
2023-06-16 00:56:11 info: [0mGET /banners/getListBanner [36m304[0m 211.267 ms - -[0m
2023-06-16 00:56:28 info: [0mGET /banners/getListBanner [36m304[0m 132.186 ms - -[0m
2023-06-16 00:57:21 info: [0mGET /banners/getListBanner [36m304[0m 437.995 ms - -[0m
2023-06-16 00:57:42 info: [0mGET /banners/getListBanner [36m304[0m 137.162 ms - -[0m
2023-06-16 00:57:42 info: [0mGET /posts/getListFeatured [36m304[0m 218.901 ms - -[0m
2023-06-16 00:57:42 info: [0mGET /services/nav [36m304[0m 263.843 ms - -[0m
2023-06-16 00:57:42 info: [0mGET /services/nav [36m304[0m 27.695 ms - -[0m
2023-06-16 00:58:53 info: [0mGET /banners/getListBanner [36m304[0m 190.533 ms - -[0m
2023-06-16 00:59:06 info: [0mGET /banners/getListBanner [36m304[0m 150.612 ms - -[0m
2023-06-16 00:59:42 info: [0mGET /banners/getListBanner [36m304[0m 229.282 ms - -[0m
2023-06-16 00:59:57 info: [0mGET /banners/getListBanner [36m304[0m 130.261 ms - -[0m
2023-06-16 01:00:22 info: [0mGET /banners/getListBanner [36m304[0m 258.134 ms - -[0m
2023-06-16 01:00:48 info: [0mGET /banners/getListBanner [36m304[0m 174.630 ms - -[0m
2023-06-16 01:00:57 info: [0mGET /banners/getListBanner [36m304[0m 80.561 ms - -[0m
2023-06-16 01:02:02 info: [0mGET /banners/getListBanner [36m304[0m 283.710 ms - -[0m
2023-06-16 01:02:19 info: [0mGET /banners/getListBanner [36m304[0m 481.216 ms - -[0m
2023-06-16 01:02:42 info: [0mGET /banners/getListBanner [36m304[0m 185.732 ms - -[0m
2023-06-16 01:03:57 info: [0mGET /services/nav [36m304[0m 295.838 ms - -[0m
2023-06-16 01:03:57 info: [0mGET /banners/getListBanner [36m304[0m 326.201 ms - -[0m
2023-06-16 01:03:57 info: [0mGET /posts/getListFeatured [36m304[0m 316.906 ms - -[0m
2023-06-16 01:03:57 info: [0mGET /services/nav [36m304[0m 221.465 ms - -[0m
2023-06-16 01:04:19 info: [0mGET /banners/getListBanner [36m304[0m 564.825 ms - -[0m
2023-06-16 01:04:32 info: [0mGET /banners/getListBanner [36m304[0m 327.103 ms - -[0m
2023-06-16 01:04:38 info: [0mGET /services/nav [36m304[0m 197.112 ms - -[0m
2023-06-16 01:04:38 info: [0mGET /banners/getListBanner [36m304[0m 258.615 ms - -[0m
2023-06-16 01:04:38 info: [0mGET /services/nav [36m304[0m 134.087 ms - -[0m
2023-06-16 01:04:38 info: [0mGET /posts/getListFeatured [36m304[0m 482.486 ms - -[0m
2023-06-16 01:05:33 info: [0mGET /banners/getListBanner [36m304[0m 160.757 ms - -[0m
2023-06-16 01:05:46 info: [0mGET /banners/getListBanner [36m304[0m 244.728 ms - -[0m
2023-06-16 01:06:10 info: [0mGET /banners/getListBanner [36m304[0m 366.267 ms - -[0m
2023-06-16 01:06:56 info: [0mGET /banners/getListBanner [36m304[0m 374.204 ms - -[0m
2023-06-16 01:07:10 info: [0mGET /banners/getListBanner [36m304[0m 162.985 ms - -[0m
2023-06-16 01:07:10 info: [0mGET /posts/getListFeatured [36m304[0m 172.446 ms - -[0m
2023-06-16 01:07:10 info: [0mGET /services/nav [36m304[0m 397.569 ms - -[0m
2023-06-16 01:07:10 info: [0mGET /services/nav [36m304[0m 88.519 ms - -[0m
2023-06-16 01:07:24 info: [0mGET /banners/getListBanner [36m304[0m 191.812 ms - -[0m
2023-06-16 01:08:04 info: [0mGET /banners/getListBanner [36m304[0m 117.365 ms - -[0m
2023-06-16 01:08:19 info: [0mGET /banners/getListBanner [36m304[0m 125.958 ms - -[0m
2023-06-16 01:08:31 info: [0mGET /banners/getListBanner [36m304[0m 120.777 ms - -[0m
2023-06-16 01:10:36 info: [0mGET /banners/getListBanner [36m304[0m 249.727 ms - -[0m
2023-06-16 01:11:21 info: [0mGET /banners/getListBanner [36m304[0m 133.509 ms - -[0m
2023-06-16 01:11:31 info: [0mGET /services/nav [36m304[0m 360.519 ms - -[0m
2023-06-16 01:11:31 info: [0mGET /banners/getListBanner [36m304[0m 359.280 ms - -[0m
2023-06-16 01:11:31 info: [0mGET /services/nav [36m304[0m 107.556 ms - -[0m
2023-06-16 01:11:31 info: [0mGET /posts/getListFeatured [36m304[0m 467.021 ms - -[0m
2023-06-16 01:12:53 info: [0mGET /banners/getListBanner [36m304[0m 95.083 ms - -[0m
2023-06-16 01:13:01 info: [0mGET /banners/getListBanner [36m304[0m 189.493 ms - -[0m
2023-06-16 01:13:22 info: [0mGET /banners/getListBanner [36m304[0m 226.052 ms - -[0m
2023-06-16 01:14:02 info: [0mGET /banners/getListBanner [36m304[0m 111.616 ms - -[0m
2023-06-16 01:14:18 info: [0mGET /banners/getListBanner [36m304[0m 144.402 ms - -[0m
2023-06-16 01:14:26 info: [0mGET /banners/getListBanner [36m304[0m 228.479 ms - -[0m
2023-06-16 01:14:26 info: [0mGET /services/nav [36m304[0m 407.983 ms - -[0m
2023-06-16 01:14:26 info: [0mGET /posts/getListFeatured [36m304[0m 347.742 ms - -[0m
2023-06-16 01:14:26 info: [0mGET /services/nav [36m304[0m 83.471 ms - -[0m
2023-06-16 01:15:23 info: [0mGET /banners/getListBanner [36m304[0m 211.827 ms - -[0m
2023-06-16 01:15:25 info: [0mGET /banners/getListBanner [36m304[0m 160.093 ms - -[0m
2023-06-16 01:15:39 info: [0mGET /banners/getListBanner [36m304[0m 98.025 ms - -[0m
2023-06-16 01:16:04 info: [0mGET /banners/getListBanner [36m304[0m 217.225 ms - -[0m
2023-06-16 01:16:10 info: [0mGET /banners/getListBanner [36m304[0m 104.659 ms - -[0m
2023-06-16 01:16:57 info: [0mGET /banners/getListBanner [36m304[0m 220.630 ms - -[0m
2023-06-16 01:34:12 info: [0mGET /banners/getListBanner [36m304[0m 853.383 ms - -[0m
2023-06-16 01:34:12 info: [0mGET /posts/getListFeatured [36m304[0m 683.158 ms - -[0m
2023-06-16 01:34:12 info: [0mGET /services/nav [36m304[0m 688.538 ms - -[0m
2023-06-16 01:34:12 info: [0mGET /services/nav [36m304[0m 92.581 ms - -[0m
2023-06-16 01:36:08 info: [0mGET /banners/getListBanner [36m304[0m 157.580 ms - -[0m
2023-06-16 01:36:13 info: [0mGET /banners/getListBanner [36m304[0m 133.398 ms - -[0m
2023-06-16 01:36:25 info: [0mGET /banners/getListBanner [36m304[0m 81.103 ms - -[0m
2023-06-16 01:39:09 info: [0mGET /banners/getListBanner [36m304[0m 33.921 ms - -[0m
2023-06-16 01:39:19 info: [0mGET /banners/getListBanner [36m304[0m 83.845 ms - -[0m
2023-06-16 01:39:31 info: [0mGET /banners/getListBanner [36m304[0m 39.090 ms - -[0m
2023-06-16 01:39:41 info: [0mGET /banners/getListBanner [36m304[0m 226.348 ms - -[0m
2023-06-16 01:40:16 info: [0mGET /banners/getListBanner [36m304[0m 36.157 ms - -[0m
2023-06-16 01:42:35 info: [0mGET /banners/getListBanner [36m304[0m 462.145 ms - -[0m
2023-06-16 01:42:35 info: [0mGET /posts/getListFeatured [36m304[0m 551.686 ms - -[0m
2023-06-16 01:42:35 info: [0mGET /services/nav [36m304[0m 739.845 ms - -[0m
2023-06-16 01:42:35 info: [0mGET /services/nav [36m304[0m 72.289 ms - -[0m
2023-06-16 01:43:55 info: [0mGET /banners/getListBanner [36m304[0m 265.669 ms - -[0m
2023-06-16 01:44:24 info: [0mOPTIONS /admins/login [32m204[0m 7.835 ms - 0[0m
2023-06-16 01:44:25 info: [0mPOST /admins/login [32m200[0m 1204.645 ms - -[0m
2023-06-16 01:44:27 info: [0mOPTIONS /admins/profile [32m204[0m 1.766 ms - 0[0m
2023-06-16 01:44:27 info: [0mGET /banners? [32m200[0m 196.050 ms - -[0m
2023-06-16 01:44:27 info: [0mGET /admins/profile [36m304[0m 260.864 ms - -[0m
2023-06-16 01:44:27 info: [0mGET /banners?page=1&page_size=10 [32m200[0m 14.873 ms - -[0m
2023-06-16 01:45:33 info: [0mOPTIONS /admins/profile [32m204[0m 2.120 ms - 0[0m
2023-06-16 01:45:34 info: [0mGET /admins/profile [36m304[0m 152.748 ms - -[0m
2023-06-16 01:45:34 info: [0mGET /banners/show/1 [36m304[0m 100.945 ms - -[0m
2023-06-16 01:45:39 info: [0mOPTIONS /admins/profile [32m204[0m 0.614 ms - 0[0m
2023-06-16 01:45:39 info: [0mGET /banners/show/1 [36m304[0m 182.135 ms - -[0m
2023-06-16 01:45:39 info: [0mGET /admins/profile [36m304[0m 227.912 ms - -[0m
2023-06-16 01:45:39 info: [0mGET /banners?page=1&page_size=10 [32m200[0m 210.804 ms - -[0m
2023-06-16 01:45:40 info: [0mGET /banners?page=1&page_size=10 [32m200[0m 99.633 ms - -[0m
2023-06-16 01:46:26 info: [0mOPTIONS /admins/profile [32m204[0m 11.486 ms - 0[0m
2023-06-16 01:46:27 info: [0mOPTIONS /folders/get-medias [32m204[0m 1.938 ms - 0[0m
2023-06-16 01:46:27 info: [0mPOST /folders/get-medias [32m200[0m 155.418 ms - -[0m
2023-06-16 01:46:27 info: [0mGET /folders [36m304[0m 225.181 ms - -[0m
2023-06-16 01:46:27 info: [0mGET /admins/profile [36m304[0m 385.063 ms - -[0m
2023-06-16 01:49:29 info: [0mOPTIONS /folders/get-medias [32m204[0m 1.072 ms - 0[0m
2023-06-16 01:49:29 info: [0mGET /folders [36m304[0m 708.358 ms - -[0m
2023-06-16 01:49:29 info: [0mPOST /folders/get-medias [32m200[0m 316.770 ms - -[0m
2023-06-16 01:49:59 info: [0mOPTIONS /folders/get-medias [32m204[0m 2.748 ms - 0[0m
2023-06-16 01:50:00 info: [0mGET /folders [36m304[0m 263.492 ms - -[0m
2023-06-16 01:50:00 info: [0mPOST /folders/get-medias [32m200[0m 160.363 ms - -[0m
2023-06-16 01:50:52 info: [0mOPTIONS /admins/profile [32m204[0m 9.903 ms - 0[0m
2023-06-16 01:50:53 info: [0mGET /banners?page=1&page_size=10 [36m304[0m 739.008 ms - -[0m
2023-06-16 01:50:53 info: [0mGET /banners? [36m304[0m 926.496 ms - -[0m
2023-06-16 01:50:53 info: [0mGET /admins/profile [36m304[0m 1018.646 ms - -[0m
2023-06-16 01:50:55 info: [0mGET /banners/show/1 [36m304[0m 38.272 ms - -[0m
2023-06-16 01:50:55 info: [0mGET /admins/profile [36m304[0m 116.769 ms - -[0m
2023-06-16 01:52:57 info: [0mOPTIONS /folders/get-medias [32m204[0m 12.164 ms - 0[0m
2023-06-16 01:52:57 info: [0mGET /folders [36m304[0m 43.755 ms - -[0m
2023-06-16 01:52:57 info: [0mPOST /folders/get-medias [32m200[0m 55.250 ms - -[0m
2023-06-16 01:54:35 info: [0mOPTIONS /admins/profile [32m204[0m 2.162 ms - 0[0m
2023-06-16 01:54:35 info: [0mGET /banners/show/1 [36m304[0m 230.397 ms - -[0m
2023-06-16 01:54:35 info: [0mGET /banners?page=1&page_size=10 [36m304[0m 305.398 ms - -[0m
2023-06-16 01:54:36 info: [0mGET /admins/profile [36m304[0m 434.279 ms - -[0m
2023-06-16 01:54:36 info: [0mGET /banners?page=1&page_size=10 [36m304[0m 106.318 ms - -[0m
2023-06-16 02:00:53 info: [0mGET /banners/getListBanner [36m304[0m 209.734 ms - -[0m
2023-06-16 02:00:53 info: [0mGET /posts/getListFeatured [36m304[0m 201.163 ms - -[0m
2023-06-16 02:00:53 info: [0mGET /services/nav [36m304[0m 513.107 ms - -[0m
2023-06-16 02:00:53 info: [0mGET /services/nav [36m304[0m 49.209 ms - -[0m
2023-06-16 02:00:55 info: [0mGET /jobs/getListFeatured [36m304[0m 155.122 ms - -[0m
2023-06-16 02:01:27 info: [0mGET /jobs/getListFeatured [36m304[0m 291.986 ms - -[0m
2023-06-16 02:01:46 info: [0mGET /jobs/getListFeatured [36m304[0m 209.460 ms - -[0m
2023-06-16 02:01:50 info: [0mGET /jobs/getListFeatured [36m304[0m 145.645 ms - -[0m
2023-06-16 02:02:03 info: [0mGET /banners/getListBanner [36m304[0m 169.539 ms - -[0m
2023-06-16 02:02:03 info: [0mGET /posts/getListFeatured [36m304[0m 291.783 ms - -[0m
2023-06-16 02:02:03 info: [0mGET /services/nav [36m304[0m 293.871 ms - -[0m
2023-06-16 02:02:53 info: [0mGET /posts/getListFeatured [36m304[0m 130.019 ms - -[0m
2023-06-16 02:02:54 info: [0mGET /services/nav [36m304[0m 331.077 ms - -[0m
2023-06-16 02:03:37 info: [0mGET /jobs/getListFeatured [36m304[0m 438.779 ms - -[0m
2023-06-16 02:03:43 info: [0mGET /categories/getListCategories [32m200[0m 40.142 ms - 218[0m
2023-06-16 02:03:44 info: [0mGET /posts/getPageAll [32m200[0m 355.453 ms - -[0m
2023-06-16 02:04:06 info: [0mGET /categories/getListCategories [36m304[0m 121.573 ms - -[0m
2023-06-16 02:04:06 info: [0mGET /posts/category/oi-song [32m200[0m 294.690 ms - 59[0m
2023-06-16 02:04:09 info: [0mGET /categories/getListCategories [36m304[0m 71.626 ms - -[0m
2023-06-16 02:04:10 info: [0mGET /posts/getPageAll [36m304[0m 183.761 ms - -[0m
2023-06-16 02:04:10 info: [0mGET /categories/getListCategories [36m304[0m 19.293 ms - -[0m
2023-06-16 02:04:11 info: [0mGET /posts/category/cong-nghe [32m200[0m 128.317 ms - -[0m
2023-06-16 02:04:21 info: [0mGET /posts/category/xu-huong [32m200[0m 31.302 ms - -[0m
2023-06-16 02:05:31 info: [0mGET /categories/getListCategories [36m304[0m 149.170 ms - -[0m
2023-06-16 02:05:32 info: [0mGET /posts/category/xu-huong [36m304[0m 276.352 ms - -[0m
2023-06-16 02:05:32 info: [0mGET /services/nav [36m304[0m 394.366 ms - -[0m
2023-06-16 02:05:45 info: [0mGET /categories/getListCategories [36m304[0m 44.809 ms - -[0m
2023-06-16 02:05:45 info: [0mGET /services/nav [36m304[0m 106.581 ms - -[0m
2023-06-16 02:05:45 info: [0mGET /posts/category/xu-huong [36m304[0m 56.508 ms - -[0m
2023-06-16 02:05:57 info: [0mGET /categories/getListCategories [36m304[0m 85.110 ms - -[0m
2023-06-16 02:05:57 info: [0mGET /services/nav [36m304[0m 142.204 ms - -[0m
2023-06-16 02:05:57 info: [0mGET /posts/category/xu-huong [36m304[0m 241.221 ms - -[0m
2023-06-16 02:06:38 info: [0mGET /posts/findByIdClient/8 [32m200[0m 281.831 ms - -[0m
2023-06-16 02:06:44 info: [0mGET /posts/getListFeatured [36m304[0m 206.820 ms - -[0m
2023-06-16 02:06:44 info: [0mGET /services/nav [36m304[0m 200.476 ms - -[0m
2023-06-16 02:06:44 info: [0mGET /banners/getListBanner [36m304[0m 213.066 ms - -[0m
2023-06-16 02:06:46 info: [0mGET /ceos/getlistCeo [36m304[0m 79.637 ms - -[0m
2023-06-16 02:06:48 info: [0mGET /jobs/getListFeatured [36m304[0m 96.982 ms - -[0m
2023-06-16 02:06:51 info: [0mGET /posts/getListFeatured [36m304[0m 75.405 ms - -[0m
2023-06-16 02:06:51 info: [0mGET /services/nav [36m304[0m 222.673 ms - -[0m
2023-06-16 02:06:51 info: [0mGET /banners/getListBanner [36m304[0m 228.969 ms - -[0m
2023-06-16 02:07:15 info: [0mGET /posts/findByIdClient/1 [32m200[0m 150.978 ms - -[0m
2023-06-16 02:07:18 info: [0mGET /banners/getListBanner [36m304[0m 40.315 ms - -[0m
2023-06-16 02:07:18 info: [0mGET /posts/getListFeatured [36m304[0m 107.094 ms - -[0m
2023-06-16 02:07:18 info: [0mGET /services/nav [36m304[0m 132.216 ms - -[0m
2023-06-16 02:07:32 info: [0mGET /categories/getListCategories [36m304[0m 60.026 ms - -[0m
2023-06-16 02:07:32 info: [0mGET /posts/getPageAll [36m304[0m 182.617 ms - -[0m
2023-06-16 02:07:38 info: [0mGET /categories/getListCategories [36m304[0m 38.939 ms - -[0m
2023-06-16 02:07:39 info: [0mGET /posts/category/cong-nghe [36m304[0m 71.368 ms - -[0m
2023-06-16 02:07:49 info: [0mGET /posts/findByIdClient/1 [36m304[0m 201.306 ms - -[0m
2023-06-16 02:07:51 info: [0mGET /categories/getListCategories [36m304[0m 13.533 ms - -[0m
2023-06-16 02:07:51 info: [0mGET /posts/category/cong-nghe [36m304[0m 181.484 ms - -[0m
2023-06-16 02:09:22 info: [0mGET /services/nav [36m304[0m 187.224 ms - -[0m
2023-06-16 02:09:22 info: [0mGET /services/nav [36m304[0m 20.174 ms - -[0m
2023-06-16 02:09:27 info: [0mGET /services/nav [36m304[0m 141.605 ms - -[0m
2023-06-16 02:09:28 info: [0mGET /services/nav [36m304[0m 60.608 ms - -[0m
2023-06-16 02:09:47 info: [0mGET /services/nav [36m304[0m 54.593 ms - -[0m
2023-06-16 02:09:56 info: [0mGET /ceos/getlistCeo [36m304[0m 360.155 ms - -[0m
2023-06-16 02:09:59 info: [0mGET /categories/getListCategories [36m304[0m 88.050 ms - -[0m
2023-06-16 02:09:59 info: [0mGET /posts/getPageAll [36m304[0m 384.938 ms - -[0m
2023-06-16 02:10:02 info: [0mGET /posts/getListFeatured [36m304[0m 96.635 ms - -[0m
2023-06-16 02:10:03 info: [0mGET /banners/getListBanner [36m304[0m 282.346 ms - -[0m
2023-06-16 02:10:03 info: [0mGET /services/nav [36m304[0m 249.169 ms - -[0m
2023-06-16 02:12:06 info: [0mGET /banners/getListBanner [36m304[0m 60.850 ms - -[0m
2023-06-16 02:12:06 info: [0mGET /posts/getListFeatured [36m304[0m 49.184 ms - -[0m
2023-06-16 02:12:06 info: [0mGET /services/nav [36m304[0m 185.750 ms - -[0m
2023-06-16 02:12:33 info: [0mGET /banners/getListBanner [36m304[0m 20.122 ms - -[0m
2023-06-16 02:12:38 info: [0mGET /ceos/getlistCeo [36m304[0m 311.501 ms - -[0m
2023-06-16 02:12:40 info: [0mGET /banners/getListBanner [36m304[0m 187.951 ms - -[0m
2023-06-16 02:12:40 info: [0mGET /posts/getListFeatured [36m304[0m 190.916 ms - -[0m
2023-06-16 02:12:40 info: [0mGET /services/nav [36m304[0m 225.300 ms - -[0m
2023-06-16 02:12:51 info: [0mGET /banners/getListBanner [36m304[0m 143.268 ms - -[0m
2023-06-16 02:12:57 info: [0mGET /services/getListService [32m200[0m 140.509 ms - -[0m
2023-06-16 02:12:57 info: [0mGET /branchs/getListBranch [32m200[0m 264.003 ms - 96[0m
2023-06-16 02:12:57 info: [0mGET /projects/getProjectsClient [36m304[0m 431.835 ms - -[0m
2023-06-16 02:12:58 info: [0mGET /banners/getListBanner [36m304[0m 33.289 ms - -[0m
2023-06-16 02:12:58 info: [0mGET /posts/getListFeatured [36m304[0m 35.418 ms - -[0m
2023-06-16 02:12:58 info: [0mGET /services/nav [36m304[0m 47.268 ms - -[0m
2023-06-16 02:13:09 info: [0mGET /banners/getListBanner [36m304[0m 68.532 ms - -[0m
2023-06-16 02:13:19 info: [0mGET /banners/getListBanner [36m304[0m 51.103 ms - -[0m
2023-06-16 02:13:57 info: [0mGET /banners/getListBanner [36m304[0m 79.292 ms - -[0m
2023-06-16 02:13:57 info: [0mGET /posts/getListFeatured [36m304[0m 206.662 ms - -[0m
2023-06-16 02:13:57 info: [0mGET /services/nav [36m304[0m 225.138 ms - -[0m
2023-06-16 02:15:54 info: [0mGET /services/getListService [36m304[0m 182.870 ms - -[0m
2023-06-16 02:15:54 info: [0mGET /branchs/getListBranch [36m304[0m 290.545 ms - -[0m
2023-06-16 02:15:54 info: [0mGET /projects/getProjectsClient [36m304[0m 406.541 ms - -[0m
2023-06-16 02:15:55 info: [0mGET /jobs/getListFeatured [36m304[0m 125.381 ms - -[0m
2023-06-16 02:15:56 info: [0mGET /ceos/getlistCeo [36m304[0m 268.680 ms - -[0m
2023-06-16 02:16:11 info: [0mGET /banners/getListBanner [36m304[0m 141.567 ms - -[0m
2023-06-16 02:16:11 info: [0mGET /services/nav [36m304[0m 116.873 ms - -[0m
2023-06-16 02:16:11 info: [0mGET /posts/getListFeatured [36m304[0m 138.628 ms - -[0m
2023-06-16 02:17:05 info: [0mGET /services/nav [36m304[0m 193.516 ms - -[0m
2023-06-16 02:17:16 info: [0mGET /services/nav [36m304[0m 243.855 ms - -[0m
2023-06-16 02:17:16 info: [0mGET /banners/getListBanner [36m304[0m 216.122 ms - -[0m
2023-06-16 02:17:16 info: [0mGET /posts/getListFeatured [36m304[0m 223.125 ms - -[0m
2023-06-16 02:17:16 info: [0mGET /services/nav [36m304[0m 68.677 ms - -[0m
2023-06-16 02:17:20 info: [0mGET /services/getListService [36m304[0m 88.515 ms - -[0m
2023-06-16 02:17:20 info: [0mGET /branchs/getListBranch [36m304[0m 135.273 ms - -[0m
2023-06-16 02:17:21 info: [0mGET /projects/getProjectsClient [36m304[0m 416.386 ms - -[0m
2023-06-16 02:17:23 info: [0mGET /jobs/getListFeatured [36m304[0m 83.194 ms - -[0m
2023-06-16 02:17:26 info: [0mGET /ceos/getlistCeo [36m304[0m 117.231 ms - -[0m
2023-06-16 02:17:32 info: [0mGET /branchs/getListBranch [36m304[0m 56.132 ms - -[0m
2023-06-16 02:17:32 info: [0mGET /services/getListService [36m304[0m 72.235 ms - -[0m
2023-06-16 02:17:32 info: [0mGET /projects/getProjectsClient [36m304[0m 307.034 ms - -[0m
2023-06-16 17:52:14 info: =================================
2023-06-16 17:52:14 info: ======= ENV: development =======
2023-06-16 17:52:14 info: 🚀 App listening on the port 8000
2023-06-16 17:52:14 info: =================================
2023-06-16 17:52:22 info: [0mGET /banners/getListBanner [36m304[0m 1037.279 ms - -[0m
2023-06-16 17:52:22 info: [0mGET /services/nav [36m304[0m 1356.939 ms - -[0m
2023-06-16 17:52:22 info: [0mGET /posts/getListFeatured [36m304[0m 1309.731 ms - -[0m
2023-06-16 17:52:23 info: [0mGET /services/nav [36m304[0m 366.355 ms - -[0m
2023-06-16 17:56:19 info: [0mGET /posts/getListFeatured [36m304[0m 1332.058 ms - -[0m
2023-06-16 17:56:19 info: [0mGET /services/nav [36m304[0m 1375.786 ms - -[0m
2023-06-16 17:58:03 info: [0mGET /posts/getListFeatured [36m304[0m 390.570 ms - -[0m
2023-06-16 17:58:03 info: [0mGET /services/nav [36m304[0m 379.627 ms - -[0m
2023-06-16 17:58:11 info: [0mGET /posts/getListFeatured [36m304[0m 26.074 ms - -[0m
2023-06-16 17:58:11 info: [0mGET /services/nav [36m304[0m 128.351 ms - -[0m
2023-06-16 17:58:27 info: [0mGET /posts/getListFeatured [36m304[0m 74.314 ms - -[0m
2023-06-16 17:58:27 info: [0mGET /services/nav [36m304[0m 86.702 ms - -[0m
2023-06-16 17:59:28 info: [0mGET /posts/getListFeatured [36m304[0m 345.956 ms - -[0m
2023-06-16 17:59:28 info: [0mGET /services/nav [36m304[0m 344.856 ms - -[0m
2023-06-16 18:03:48 info: [0mGET /services/nav [36m304[0m 3934.196 ms - -[0m
2023-06-16 18:03:48 info: [0mGET /posts/getListFeatured [36m304[0m 4392.387 ms - -[0m
2023-06-16 18:04:21 info: [0mGET /posts/getListFeatured [36m304[0m 146.861 ms - -[0m
2023-06-16 18:04:21 info: [0mGET /services/nav [36m304[0m 248.885 ms - -[0m
2023-06-16 18:04:25 info: [0mGET /posts/getListFeatured [36m304[0m 222.435 ms - -[0m
2023-06-16 18:04:25 info: [0mGET /services/nav [36m304[0m 302.425 ms - -[0m
2023-06-16 18:04:58 info: [0mGET /posts/getListFeatured [36m304[0m 142.435 ms - -[0m
2023-06-16 18:04:58 info: [0mGET /services/nav [36m304[0m 300.790 ms - -[0m
2023-06-16 18:05:16 info: [0mGET /posts/getListFeatured [36m304[0m 275.643 ms - -[0m
2023-06-16 18:05:16 info: [0mGET /services/nav [36m304[0m 266.178 ms - -[0m
2023-06-16 18:05:43 info: [0mGET /posts/getListFeatured [36m304[0m 80.590 ms - -[0m
2023-06-16 18:05:43 info: [0mGET /services/nav [36m304[0m 141.226 ms - -[0m
2023-06-16 18:05:59 info: [0mGET /services/nav [36m304[0m 283.221 ms - -[0m
2023-06-16 18:05:59 info: [0mGET /posts/getListFeatured [36m304[0m 308.928 ms - -[0m
2023-06-16 20:51:52 info: [0mGET /banners/getListBanner [36m304[0m 679.153 ms - -[0m
2023-06-16 20:51:52 info: [0mGET /posts/getListFeatured [36m304[0m 735.033 ms - -[0m
2023-06-16 20:51:52 info: [0mGET /services/nav [36m304[0m 1118.184 ms - -[0m
2023-06-16 20:51:53 info: [0mGET /services/nav [36m304[0m 285.810 ms - -[0m
2023-06-16 20:55:02 info: [0mGET /services/nav [36m304[0m 514.878 ms - -[0m
2023-06-16 20:55:02 info: [0mGET /banners/getListBanner [36m304[0m 470.466 ms - -[0m
2023-06-16 20:55:02 info: [0mGET /posts/getListFeatured [36m304[0m 474.002 ms - -[0m
2023-06-16 20:55:02 info: [0mGET /services/nav [36m304[0m 222.092 ms - -[0m
2023-06-16 20:55:11 info: [0mGET /categories/getListCategories [36m304[0m 22.392 ms - -[0m
2023-06-16 20:55:11 info: [0mGET /posts/getPageAll [32m200[0m 273.975 ms - -[0m
2023-06-16 20:55:16 info: [0mGET /posts/findByIdClient/6 [32m200[0m 576.488 ms - -[0m
2023-06-16 20:55:19 info: [0mGET /banners/getListBanner [36m304[0m 88.371 ms - -[0m
2023-06-16 20:55:19 info: [0mGET /posts/getListFeatured [36m304[0m 100.644 ms - -[0m
2023-06-16 20:55:20 info: [0mGET /services/nav [36m304[0m 163.604 ms - -[0m
2023-06-16 20:55:23 info: [0mGET /posts/findByIdClient/1 [36m304[0m 125.473 ms - -[0m
2023-06-16 20:56:05 info: [0mGET /services/nav [36m304[0m 122.662 ms - -[0m
2023-06-16 20:56:05 info: [0mGET /posts/findByIdClient/1 [36m304[0m 209.708 ms - -[0m
2023-06-16 20:56:08 info: [0mGET /posts/getListFeatured [36m304[0m 23.253 ms - -[0m
2023-06-16 20:56:08 info: [0mGET /banners/getListBanner [36m304[0m 25.794 ms - -[0m
2023-06-16 20:56:08 info: [0mGET /services/nav [36m304[0m 38.323 ms - -[0m
2023-06-16 20:56:15 info: [0mGET /categories/getListCategories [36m304[0m 14.989 ms - -[0m
2023-06-16 20:56:16 info: [0mGET /posts/getPageAll [36m304[0m 190.712 ms - -[0m
2023-06-16 20:56:25 info: [0mGET /posts/findByIdClient/8 [36m304[0m 76.955 ms - -[0m
2023-06-16 20:56:41 info: [0mOPTIONS /admins/login [32m204[0m 1.748 ms - 0[0m
2023-06-16 20:56:41 info: [0mPOST /admins/login [32m200[0m 492.797 ms - -[0m
2023-06-16 20:56:44 info: [0mOPTIONS /admins/profile [32m204[0m 1.636 ms - 0[0m
2023-06-16 20:56:44 info: [0mGET /banners? [36m304[0m 274.860 ms - -[0m
2023-06-16 20:56:44 info: [0mGET /admins/profile [36m304[0m 348.444 ms - -[0m
2023-06-16 20:56:44 info: [0mGET /banners?page=1&page_size=10 [36m304[0m 55.035 ms - -[0m
2023-06-16 20:56:47 info: [0mGET /admins/profile [36m304[0m 231.322 ms - -[0m
2023-06-16 20:56:47 info: [0mGET /posts? [32m200[0m 258.250 ms - -[0m
2023-06-16 20:56:47 info: [0mGET /posts?page=1&page_size=10 [32m200[0m 126.619 ms - -[0m
2023-06-16 20:56:52 info: [0mOPTIONS /admins/profile [32m204[0m 0.964 ms - 0[0m
2023-06-16 20:56:53 info: [0mGET /admins/profile [36m304[0m 93.786 ms - -[0m
2023-06-16 20:56:53 info: [0mGET /posts/show/7 [32m200[0m 142.717 ms - -[0m
2023-06-16 20:56:53 info: [0mGET /categories?[object%20Object] [32m200[0m 65.985 ms - 592[0m
2023-06-16 20:56:53 info: [0mGET /ceos?[object%20Object] [32m200[0m 65.723 ms - 751[0m
2023-06-16 20:56:53 info: [0mGET /posts?[object%20Object] [32m200[0m 104.742 ms - -[0m
2023-06-16 20:57:01 info: [0mGET /categories/getListCategories [36m304[0m 12.158 ms - -[0m
2023-06-16 20:57:01 info: [0mGET /posts/getPageAll [36m304[0m 151.629 ms - -[0m
2023-06-16 20:57:08 info: [0mGET /posts/findByIdClient/7 [32m200[0m 107.073 ms - -[0m
2023-06-16 20:58:33 info: [0mGET /posts/findByIdClient/7 [36m304[0m 369.276 ms - -[0m
2023-06-16 20:58:50 info: [0mGET /posts/findByIdClient/7 [36m304[0m 148.921 ms - -[0m
2023-06-16 21:03:35 info: [0mGET /services/nav [36m304[0m 833.889 ms - -[0m
2023-06-16 21:03:35 info: [0mGET /posts/findByIdClient/7 [36m304[0m 476.259 ms - -[0m
2023-06-16 21:07:07 info: [0mOPTIONS /admins/profile [32m204[0m 7.323 ms - 0[0m
2023-06-16 21:07:07 info: [0mGET /categories?[object%20Object] [36m304[0m 538.068 ms - -[0m
2023-06-16 21:07:07 info: [0mGET /ceos?[object%20Object] [36m304[0m 552.946 ms - -[0m
2023-06-16 21:07:07 info: [0mGET /posts?[object%20Object] [36m304[0m 549.388 ms - -[0m
2023-06-16 21:07:07 info: [0mGET /admins/profile [36m304[0m 663.134 ms - -[0m
2023-06-16 21:07:18 info: [0mGET /services/nav [36m304[0m 239.610 ms - -[0m
2023-06-16 21:07:19 info: [0mGET /posts/findByIdClient/7 [36m304[0m 139.099 ms - -[0m
2023-06-16 21:08:13 info: [0mOPTIONS /admins/profile [32m204[0m 1.790 ms - 0[0m
2023-06-16 21:08:13 info: [0mGET /categories?[object%20Object] [36m304[0m 70.183 ms - -[0m
2023-06-16 21:08:13 info: [0mGET /admins/profile [36m304[0m 261.879 ms - -[0m
2023-06-16 21:08:14 info: [0mGET /ceos?[object%20Object] [36m304[0m 399.672 ms - -[0m
2023-06-16 21:08:14 info: [0mGET /posts?[object%20Object] [36m304[0m 377.993 ms - -[0m
2023-06-16 21:09:52 info: [0mGET /services/nav [36m304[0m 395.743 ms - -[0m
2023-06-16 21:09:53 info: [0mGET /posts/findByIdClient/7 [36m304[0m 199.721 ms - -[0m
2023-06-16 21:11:29 info: [0mOPTIONS /admins/profile [32m204[0m 1.579 ms - 0[0m
2023-06-16 21:11:29 info: [0mGET /categories?[object%20Object] [36m304[0m 299.683 ms - -[0m
2023-06-16 21:11:29 info: [0mGET /posts?[object%20Object] [36m304[0m 388.907 ms - -[0m
2023-06-16 21:11:29 info: [0mGET /ceos?[object%20Object] [36m304[0m 340.955 ms - -[0m
2023-06-16 21:11:29 info: [0mGET /admins/profile [36m304[0m 426.174 ms - -[0m
2023-06-16 21:11:30 info: [0mGET /posts/show/7 [36m304[0m 83.273 ms - -[0m
2023-06-16 21:11:31 info: [0mGET /categories?[object%20Object] [36m304[0m 13.980 ms - -[0m
2023-06-16 21:11:31 info: [0mGET /posts?[object%20Object] [36m304[0m 33.124 ms - -[0m
2023-06-16 21:11:31 info: [0mGET /ceos?[object%20Object] [36m304[0m 41.221 ms - -[0m
2023-06-16 21:11:35 info: [0mGET /posts/findByIdClient/4 [32m200[0m 51.024 ms - -[0m
2023-06-16 21:11:37 info: [0mGET /posts/findByIdClient/7 [36m304[0m 46.187 ms - -[0m
2023-06-16 21:11:37 info: [0mGET /posts/findByIdClient/4 [36m304[0m 15.320 ms - -[0m
2023-06-16 21:11:48 info: [0mGET /posts/findByIdClient/8 [36m304[0m 81.230 ms - -[0m
2023-06-16 21:11:59 info: [0mGET /posts/getListFeatured [36m304[0m 39.656 ms - -[0m
2023-06-16 21:11:59 info: [0mGET /banners/getListBanner [36m304[0m 180.787 ms - -[0m
2023-06-16 21:11:59 info: [0mGET /services/nav [36m304[0m 222.900 ms - -[0m
2023-06-16 21:12:11 info: [0mGET /categories/getListCategories [36m304[0m 53.487 ms - -[0m
2023-06-16 21:12:11 info: [0mGET /posts/getPageAll [36m304[0m 147.979 ms - -[0m
2023-06-16 21:12:23 info: [0mGET /jobs/getListFeatured [36m304[0m 91.912 ms - -[0m
2023-06-16 21:12:28 info: [0mGET /jobs/find/1 [36m304[0m 136.311 ms - -[0m
2023-06-16 21:14:13 info: [0mGET /jobs/find/1 [36m304[0m 87.719 ms - -[0m
2023-06-16 21:14:14 info: [0mGET /jobs/find/1 [36m304[0m 25.109 ms - -[0m
2023-06-16 21:16:47 info: [0mOPTIONS /banners? [32m204[0m 0.867 ms - 0[0m
2023-06-16 21:16:47 info: [0mOPTIONS /banners?page=1&page_size=10 [32m204[0m 0.148 ms - 0[0m
2023-06-16 21:16:47 info: [0mGET /banners?page=1&page_size=10 [32m200[0m 71.651 ms - -[0m
2023-06-16 21:16:47 info: [0mGET /banners? [32m200[0m 130.823 ms - -[0m
2023-06-16 21:16:52 info: [0mOPTIONS /products? [32m204[0m 0.168 ms - 0[0m
2023-06-16 21:16:52 info: [0mGET /products? [33m404[0m 22.990 ms - 147[0m
2023-06-16 21:16:52 info: [0mOPTIONS /products?page=1&page_size=10 [32m204[0m 1.867 ms - 0[0m
2023-06-16 21:16:52 info: [0mGET /products?page=1&page_size=10 [33m404[0m 2.067 ms - 147[0m
2023-06-16 21:16:53 info: [0mOPTIONS /brands? [32m204[0m 0.436 ms - 0[0m
2023-06-16 21:16:53 info: [0mGET /brands? [33m404[0m 1.406 ms - 145[0m
2023-06-16 21:16:53 info: [0mOPTIONS /brands?page=1&page_size=10 [32m204[0m 0.138 ms - 0[0m
2023-06-16 21:16:53 info: [0mGET /brands?page=1&page_size=10 [33m404[0m 5.675 ms - 145[0m
2023-06-16 21:16:54 info: [0mOPTIONS /banners? [32m204[0m 0.218 ms - 0[0m
2023-06-16 21:16:54 info: [0mOPTIONS /banners?page=1&page_size=10 [32m204[0m 0.159 ms - 0[0m
2023-06-16 21:16:54 info: [0mGET /banners? [36m304[0m 51.642 ms - -[0m
2023-06-16 21:16:54 info: [0mGET /banners?page=1&page_size=10 [36m304[0m 30.729 ms - -[0m
2023-06-16 21:16:56 info: [0mOPTIONS /banners/show/1 [32m204[0m 0.237 ms - 0[0m
2023-06-16 21:16:56 info: [0mGET /banners/show/1 [32m200[0m 27.558 ms - -[0m
2023-06-16 21:16:59 info: [0mGET /banners/show/1 [36m304[0m 27.206 ms - -[0m
2023-06-16 21:16:59 info: [0mGET /banners?page=1&page_size=10 [36m304[0m 21.933 ms - -[0m
2023-06-16 21:16:59 info: [0mGET /banners?page=1&page_size=10 [36m304[0m 10.779 ms - -[0m
2023-06-16 23:09:46 info: =================================
2023-06-16 23:09:46 info: ======= ENV: development =======
2023-06-16 23:09:46 info: 🚀 App listening on the port 8000
2023-06-16 23:09:46 info: =================================
2023-06-16 23:09:47 info: [0mOPTIONS /admins/login [32m204[0m 4.762 ms - 0[0m
2023-06-16 23:09:47 info: [0mPOST /admins/login [32m200[0m 687.128 ms - -[0m
2023-06-16 23:09:49 info: [0mOPTIONS /admins/profile [32m204[0m 1.345 ms - 0[0m
2023-06-16 23:09:49 info: [0mGET /banners? [36m304[0m 379.533 ms - -[0m
2023-06-16 23:09:49 info: [0mGET /admins/profile [36m304[0m 434.472 ms - -[0m
2023-06-16 23:09:49 info: [0mGET /banners?page=1&page_size=10 [36m304[0m 38.081 ms - -[0m
2023-06-16 23:10:11 info: [0mOPTIONS /admins/profile [32m204[0m 1.095 ms - 0[0m
2023-06-16 23:10:11 info: [0mGET /banners/show/1 [36m304[0m 106.146 ms - -[0m
2023-06-16 23:10:11 info: [0mGET /admins/profile [36m304[0m 132.356 ms - -[0m
2023-06-16 23:10:15 info: [0mGET /banners/show/1 [36m304[0m 126.588 ms - -[0m
2023-06-16 23:10:15 info: [0mGET /banners?page=1&page_size=10 [36m304[0m 119.881 ms - -[0m
2023-06-16 23:10:15 info: [0mGET /admins/profile [36m304[0m 140.475 ms - -[0m
2023-06-16 23:10:15 info: [0mGET /banners?page=1&page_size=10 [36m304[0m 74.769 ms - -[0m
2023-06-16 23:10:18 info: [0mOPTIONS /admins/profile [32m204[0m 0.253 ms - 0[0m
2023-06-16 23:10:18 info: [0mGET /banners/show/1 [36m304[0m 23.850 ms - -[0m
2023-06-16 23:10:18 info: [0mGET /admins/profile [36m304[0m 25.994 ms - -[0m
2023-06-16 23:10:20 info: [0mGET /banners/show/1 [36m304[0m 25.916 ms - -[0m
2023-06-16 23:10:20 info: [0mGET /banners?page=1&page_size=10 [36m304[0m 66.353 ms - -[0m
2023-06-16 23:10:20 info: [0mGET /admins/profile [36m304[0m 94.047 ms - -[0m
2023-06-16 23:10:21 info: [0mGET /banners?page=1&page_size=10 [36m304[0m 48.242 ms - -[0m
2023-06-16 23:10:22 info: [0mGET /posts?page=1&page_size=10 [36m304[0m 98.099 ms - -[0m
2023-06-16 23:10:22 info: [0mGET /admins/profile [36m304[0m 256.859 ms - -[0m
2023-06-16 23:10:22 info: [0mGET /posts? [32m200[0m 181.980 ms - -[0m
2023-06-16 23:10:24 info: [0mOPTIONS /admins/profile [32m204[0m 0.177 ms - 0[0m
2023-06-16 23:10:24 info: [0mGET /admins/profile [36m304[0m 20.520 ms - -[0m
2023-06-16 23:10:24 info: [0mGET /posts/show/6 [32m200[0m 45.422 ms - -[0m
2023-06-16 23:10:25 info: [0mGET /categories?[object%20Object] [32m200[0m 36.043 ms - 592[0m
2023-06-16 23:10:25 info: [0mGET /ceos?[object%20Object] [36m304[0m 40.733 ms - -[0m
2023-06-16 23:10:25 info: [0mGET /posts?[object%20Object] [36m304[0m 52.103 ms - -[0m
