2023-06-09 01:10:36 info: =================================
2023-06-09 01:10:36 info: ======= ENV: development =======
2023-06-09 01:10:36 info: 🚀 App listening on the port 8000
2023-06-09 01:10:36 info: =================================
2023-06-09 01:11:02 info: [0mGET /banners/getListBanner [32m200[0m 672.261 ms - -[0m
2023-06-09 01:11:02 info: [0mGET /posts/getListFeatured [32m200[0m 679.786 ms - -[0m
2023-06-09 01:11:02 info: [0mGET /services/nav [32m200[0m 763.022 ms - -[0m
2023-06-09 01:11:02 info: [0mGET /services/nav [36m304[0m 71.031 ms - -[0m
2023-06-09 01:11:04 info: [0mGET /categories/getListCategories [32m200[0m 7.883 ms - 157[0m
2023-06-09 01:11:05 info: [0mGET /posts/getPageAll [32m200[0m 215.678 ms - -[0m
2023-06-09 01:11:09 info: [0mGET /services/nav [36m304[0m 184.136 ms - -[0m
2023-06-09 01:11:22 info: [0mGET /services/nav [36m304[0m 101.915 ms - -[0m
2023-06-09 01:11:48 info: [0mGET /ceos/getlistCeo [32m200[0m 29.697 ms - 693[0m
2023-06-09 01:11:55 info: [0mGET /services/show/4 [32m200[0m 53.182 ms - -[0m
2023-06-09 01:12:04 info: [0mGET /services/nav [36m304[0m 94.233 ms - -[0m
2023-06-09 01:12:07 info: [0mGET /services/nav [36m304[0m 19.375 ms - -[0m
2023-06-09 01:12:07 info: [0mGET /services/show/4 [36m304[0m 7.108 ms - -[0m
2023-06-09 01:13:21 info: [0mGET /categories/getListCategories [36m304[0m 138.580 ms - -[0m
2023-06-09 01:13:21 info: [0mGET /posts/getPageAll [36m304[0m 514.835 ms - -[0m
2023-06-09 01:13:35 info: [0mGET /categories/getListCategories [36m304[0m 243.821 ms - -[0m
2023-06-09 01:13:35 info: [0mGET /services/nav [36m304[0m 270.346 ms - -[0m
2023-06-09 01:13:35 info: [0mGET /posts/getPageAll [36m304[0m 481.853 ms - -[0m
2023-06-09 01:14:12 info: [0mGET /categories/getListCategories [36m304[0m 98.149 ms - -[0m
2023-06-09 01:14:12 info: [0mGET /services/nav [36m304[0m 147.243 ms - -[0m
2023-06-09 01:14:12 info: [0mGET /posts/getPageAll [36m304[0m 247.634 ms - -[0m
2023-06-09 01:14:22 info: [0mGET /services/nav [36m304[0m 104.039 ms - -[0m
2023-06-09 01:14:43 info: [0mGET /banners [32m200[0m 82.496 ms - -[0m
2023-06-09 01:14:48 info: [0mGET /blogs/5-xu-huong-chuyen-oi-so-tai-ong-nam-a-trong-nam-2023/4 [33m404[0m 9.987 ms - 199[0m
2023-06-09 01:15:24 info: [0mGET /posts/findByIdClient/4 [32m200[0m 83.343 ms - -[0m
2023-06-09 01:16:14 info: [0mGET /banners/getListBanner [36m304[0m 160.665 ms - -[0m
2023-06-09 01:16:15 info: [0mGET /posts/getListFeatured [36m304[0m 225.208 ms - -[0m
2023-06-09 01:16:15 info: [0mGET /services/nav [36m304[0m 236.214 ms - -[0m
2023-06-09 01:16:15 info: [0mGET /categories/getListCategories [36m304[0m 34.519 ms - -[0m
2023-06-09 01:16:15 info: [0mGET /posts/getPageAll [36m304[0m 120.027 ms - -[0m
2023-06-09 01:16:20 info: [0mGET /services/nav [36m304[0m 52.695 ms - -[0m
2023-06-09 01:16:42 info: [0mGET /services/nav [36m304[0m 63.739 ms - -[0m
2023-06-09 01:16:50 info: [0mGET /services/nav [36m304[0m 105.367 ms - -[0m
2023-06-09 01:17:32 info: [0mGET /services/nav [36m304[0m 113.191 ms - -[0m
2023-06-09 01:17:39 info: [0mGET /services/nav [36m304[0m 16.835 ms - -[0m
2023-06-09 01:18:33 info: [0mGET /services/nav [36m304[0m 66.089 ms - -[0m
2023-06-09 01:19:01 info: [0mGET /services/nav [36m304[0m 41.894 ms - -[0m
2023-06-09 01:19:13 info: [0mGET /services/nav [36m304[0m 65.854 ms - -[0m
2023-06-09 01:23:08 info: =================================
2023-06-09 01:23:08 info: ======= ENV: development =======
2023-06-09 01:23:08 info: 🚀 App listening on the port 8000
2023-06-09 01:23:08 info: =================================
2023-06-09 01:28:34 info: [0mGET /services/nav [36m304[0m 247.357 ms - -[0m
2023-06-09 01:28:34 info: [0mGET /banners/getListBanner [36m304[0m 359.292 ms - -[0m
2023-06-09 01:28:34 info: [0mGET /posts/getListFeatured [36m304[0m 321.160 ms - -[0m
2023-06-09 01:29:45 info: [0mGET /services/show/4 [36m304[0m 88.022 ms - -[0m
2023-06-09 01:29:49 info: [0mGET /services/nav [0m-[0m - ms - -[0m
2023-06-09 01:29:51 info: [0mGET /services/nav [32m200[0m 24.964 ms - -[0m
2023-06-09 01:29:51 info: [0mGET /services/show/4 [36m304[0m 10.072 ms - -[0m
2023-06-09 01:35:41 info: [0mGET /services/nav [36m304[0m 351.887 ms - -[0m
2023-06-09 01:35:41 info: [0mGET /services/show/4 [36m304[0m 49.072 ms - -[0m
2023-06-09 01:37:54 info: [0mGET /services/nav [36m304[0m 92.230 ms - -[0m
2023-06-09 01:37:54 info: [0mGET /services/show/4 [36m304[0m 15.546 ms - -[0m
2023-06-09 01:39:51 info: [0mGET /banners/getListBanner [36m304[0m 236.028 ms - -[0m
2023-06-09 01:39:51 info: [0mGET /posts/getListFeatured [36m304[0m 242.356 ms - -[0m
2023-06-09 01:39:51 info: [0mGET /services/nav [36m304[0m 253.412 ms - -[0m
2023-06-09 01:39:57 info: [0mGET /ceos/getlistCeo [36m304[0m 73.730 ms - -[0m
2023-06-09 01:40:27 info: [0mGET /jobs/getListFeatured [32m200[0m 154.387 ms - -[0m
2023-06-09 01:40:30 info: [0mGET /services/getListService [32m200[0m 75.092 ms - -[0m
2023-06-09 01:40:31 info: [0mGET /branchs/getListBranch [32m200[0m 226.868 ms - 26[0m
2023-06-09 01:40:31 info: [0mGET /projects/getProjectsClient [32m200[0m 275.363 ms - -[0m
2023-06-09 01:40:34 info: [0mGET /projects/findByIdClient/1 [32m200[0m 326.424 ms - -[0m
2023-06-09 01:40:39 info: [0mGET /categories/getListCategories [36m304[0m 28.734 ms - -[0m
2023-06-09 01:40:39 info: [0mGET /posts/getPageAll [36m304[0m 104.995 ms - -[0m
2023-06-09 01:40:43 info: [0mGET /services/nav [36m304[0m 90.798 ms - -[0m
